#
# There is insufficient memory for the Java Runtime Environment to continue.
# Native memory allocation (mmap) failed to map 134217728 bytes for Failed to commit area from 0x0000000080000000 to 0x0000000088000000 of length 134217728.
# Possible reasons:
#   The system is out of physical RAM or swap space
#   The process is running with CompressedOops enabled, and the Java Heap may be blocking the growth of the native heap
# Possible solutions:
#   Reduce memory load on the system
#   Increase physical memory or swap space
#   Check if swap backing store is full
#   Decrease Java heap size (-Xmx/-Xms)
#   Decrease number of Java threads
#   Decrease Java thread stack sizes (-Xss)
#   Set larger code cache with -XX:ReservedCodeCacheSize=
# This output file may be truncated or incomplete.
#
#  Out of Memory Error (./open/src/hotspot/os/windows/os_windows.cpp:3287), pid=9680, tid=6464
#
# JRE version:  (11.0.16+11) (build )
# Java VM: Java HotSpot(TM) 64-Bit Server VM (11.0.16+11-LTS-199, mixed mode, sharing, tiered, compressed oops, g1 gc, windows-amd64)
# No core dump will be written. Minidumps are not enabled by default on client versions of Windows
#

---------------  S U M M A R Y ------------

Command Line: -Dfile.encoding=windows-1252 -Duser.country=US -Duser.language=en -Duser.variant com.example.simple.calculator.SimpleCalculatorApplication

Host: Intel(R) Xeon(R) Platinum 8370C CPU @ 2.80GHz, 2 cores, 7G,  Windows 10 , 64 bit Build 19041 (10.0.19041.1889)
Time: Wed Nov  2 05:32:35 2022 Coordinated Universal Time elapsed time: 0.024121 seconds (0d 0h 0m 0s)

---------------  T H R E A D  ---------------

Current thread (0x000002272d42c800):  JavaThread "Unknown thread" [_thread_in_vm, id=6464, stack(0x000000d5c5000000,0x000000d5c5100000)]

Stack: [0x000000d5c5000000,0x000000d5c5100000]
Native frames: (J=compiled Java code, j=interpreted, Vv=VM code, C=native code)
V  [jvm.dll+0x62a3ea]
V  [jvm.dll+0x76418f]
V  [jvm.dll+0x765839]
V  [jvm.dll+0x765ec3]
V  [jvm.dll+0x23da98]
V  [jvm.dll+0x62770a]
V  [jvm.dll+0x61c475]
V  [jvm.dll+0x2f2aac]
V  [jvm.dll+0x2f2932]
V  [jvm.dll+0x2f7656]
V  [jvm.dll+0x33a1cf]
V  [jvm.dll+0x339c00]
V  [jvm.dll+0x2d00c8]
V  [jvm.dll+0x2d1236]
V  [jvm.dll+0x73e757]
V  [jvm.dll+0x73ffef]
V  [jvm.dll+0x346ef9]
V  [jvm.dll+0x723f90]
V  [jvm.dll+0x3b5adf]
V  [jvm.dll+0x3b7bf1]
C  [jli.dll+0x5207]
C  [ucrtbase.dll+0x21bb2]
C  [KERNEL32.DLL+0x17034]
C  [ntdll.dll+0x526a1]


---------------  P R O C E S S  ---------------

Threads class SMR info:
_java_thread_list=0x000002272b3269e0, length=0, elements={
}

Java Threads: ( => current thread )

Other Threads:
  0x000002272d442000 GCTaskThread "GC Thread#0" [stack: 0x000000d5c5200000,0x000000d5c5300000] [id=6716]
  0x000002272d473000 ConcurrentGCThread "G1 Main Marker" [stack: 0x000000d5c5300000,0x000000d5c5400000] [id=11296]
  0x000002272d476800 ConcurrentGCThread "G1 Conc#0" [stack: 0x000000d5c5400000,0x000000d5c5500000] [id=4420]

[error occurred during error reporting (printing all threads), id 0xc0000005, EXCEPTION_ACCESS_VIOLATION (0xc0000005) at pc=0x00007ffb22e5f357]

VM state:not at safepoint (not fully initialized)

VM Mutex/Monitor currently owned by a thread:  ([mutex/lock_event])
[0x000002272d427810] Heap_lock - owner thread: 0x000002272d42c800

Heap address: 0x0000000080000000, size: 2048 MB, Compressed Oops mode: Non-zero based: 0x0000000080000000
Narrow klass base: 0x0000000000000000, Narrow klass shift: 0

GC Heap History (0 events):
No events

Deoptimization events (0 events):
No events

Classes redefined (0 events):
No events

Internal exceptions (0 events):
No events

Events (0 events):
No events


Dynamic libraries:
0x00007ff6de430000 - 0x00007ff6de43f000 	C:\Program Files\Java\jdk-11.0.16\bin\java.exe
0x00007ffb6e470000 - 0x00007ffb6e668000 	C:\Windows\SYSTEM32\ntdll.dll
0x00007ffb6e0b0000 - 0x00007ffb6e16d000 	C:\Windows\System32\KERNEL32.DLL
0x00007ffb6be50000 - 0x00007ffb6c122000 	C:\Windows\System32\KERNELBASE.dll
0x00007ffb6bc00000 - 0x00007ffb6bd00000 	C:\Windows\System32\ucrtbase.dll
0x00007ffb624b0000 - 0x00007ffb624c8000 	C:\Program Files\Java\jdk-11.0.16\bin\jli.dll
0x00007ffb6d640000 - 0x00007ffb6d6ee000 	C:\Windows\System32\ADVAPI32.dll
0x00007ffb6e330000 - 0x00007ffb6e3ce000 	C:\Windows\System32\msvcrt.dll
0x00007ffb6d470000 - 0x00007ffb6d50c000 	C:\Windows\System32\sechost.dll
0x00007ffb6e170000 - 0x00007ffb6e295000 	C:\Windows\System32\RPCRT4.dll
0x00007ffb6df10000 - 0x00007ffb6e0ad000 	C:\Windows\System32\USER32.dll
0x00007ffb6bb80000 - 0x00007ffb6bba2000 	C:\Windows\System32\win32u.dll
0x00007ffb6dda0000 - 0x00007ffb6ddcb000 	C:\Windows\System32\GDI32.dll
0x00007ffb6c3c0000 - 0x00007ffb6c4cf000 	C:\Windows\System32\gdi32full.dll
0x00007ffb6bdb0000 - 0x00007ffb6be4d000 	C:\Windows\System32\msvcp_win.dll
0x00007ffb5dd20000 - 0x00007ffb5dd35000 	C:\Program Files\Java\jdk-11.0.16\bin\VCRUNTIME140.dll
0x00007ffb4d860000 - 0x00007ffb4dafa000 	C:\Windows\WinSxS\amd64_microsoft.windows.common-controls_6595b64144ccf1df_6.0.19041.1110_none_60b5254171f9507e\COMCTL32.dll
0x00007ffb63390000 - 0x00007ffb6339a000 	C:\Windows\SYSTEM32\VERSION.dll
0x00007ffb6c5f0000 - 0x00007ffb6c620000 	C:\Windows\System32\IMM32.DLL
0x00007ffb4dfe0000 - 0x00007ffb4e07b000 	C:\Program Files\Java\jdk-11.0.16\bin\msvcp140.dll
0x00007ffb22b80000 - 0x00007ffb23698000 	C:\Program Files\Java\jdk-11.0.16\bin\server\jvm.dll
0x00007ffb6de30000 - 0x00007ffb6de38000 	C:\Windows\System32\PSAPI.DLL
0x00007ffb5d380000 - 0x00007ffb5d389000 	C:\Windows\SYSTEM32\WSOCK32.dll
0x00007ffb6dd30000 - 0x00007ffb6dd9b000 	C:\Windows\System32\WS2_32.dll
0x00007ffb44d00000 - 0x00007ffb44d27000 	C:\Windows\SYSTEM32\WINMM.dll
0x00007ffb69a20000 - 0x00007ffb69a32000 	C:\Windows\SYSTEM32\kernel.appcore.dll
0x00007ffb5d450000 - 0x00007ffb5d460000 	C:\Program Files\Java\jdk-11.0.16\bin\verify.dll
0x00007ffb61780000 - 0x00007ffb61964000 	C:\Windows\SYSTEM32\DBGHELP.DLL
0x00007ffb620b0000 - 0x00007ffb620dc000 	C:\Windows\SYSTEM32\dbgcore.DLL
0x00007ffb6c330000 - 0x00007ffb6c3b2000 	C:\Windows\System32\bcryptPrimitives.dll
0x00007ffb5d420000 - 0x00007ffb5d448000 	C:\Program Files\Java\jdk-11.0.16\bin\java.dll
0x00007ffb5d410000 - 0x00007ffb5d41a000 	C:\Program Files\Java\jdk-11.0.16\bin\jimage.dll
0x00007ffb5cdb0000 - 0x00007ffb5cdc6000 	C:\Program Files\Java\jdk-11.0.16\bin\zip.dll

dbghelp: loaded successfully - version: 4.0.5 - missing functions: none
symbol engine: initialized successfully - sym options: 0x614 - pdb path: .;C:\Program Files\Java\jdk-11.0.16\bin;C:\Windows\SYSTEM32;C:\Windows\WinSxS\amd64_microsoft.windows.common-controls_6595b64144ccf1df_6.0.19041.1110_none_60b5254171f9507e;C:\Program Files\Java\jdk-11.0.16\bin\server

VM Arguments:
jvm_args: -Dfile.encoding=windows-1252 -Duser.country=US -Duser.language=en -Duser.variant 
java_command: com.example.simple.calculator.SimpleCalculatorApplication
java_class_path (initial): C:\Users\sfjbs\simple-calculator\build\classes\java\main;C:\Users\sfjbs\simple-calculator\build\resources\main;C:\Users\sfjbs\.gradle\caches\modules-2\files-2.1\org.springframework.boot\spring-boot-starter-web\2.7.5\bb4099d0466a62c3b11ab9323babca13bb430a2e\spring-boot-starter-web-2.7.5.jar;C:\Users\sfjbs\.gradle\caches\modules-2\files-2.1\com.mysql\mysql-connector-j\8.0.31\3fd5850719d7e82d50705d34cc6a0037fab5731f\mysql-connector-j-8.0.31.jar;C:\Users\sfjbs\.gradle\caches\modules-2\files-2.1\org.springframework.boot\spring-boot-starter-json\2.7.5\9c7df04ff37b2e7471632ddeb4a296c5fb6bddee\spring-boot-starter-json-2.7.5.jar;C:\Users\sfjbs\.gradle\caches\modules-2\files-2.1\org.springframework.boot\spring-boot-starter\2.7.5\c28e1546461803490588085345ba5d2897d232bc\spring-boot-starter-2.7.5.jar;C:\Users\sfjbs\.gradle\caches\modules-2\files-2.1\org.springframework.boot\spring-boot-starter-tomcat\2.7.5\eb7849c52953de44d9712adf45398ccb1a7d4295\spring-boot-starter-tomcat-2.7.5.jar;C:\Users\sfjbs\.gradle\caches\modules-2\files-2.1\org.springframework\spring-webmvc\5.3.23\b163527c275b0374371890c0b76c2a2a09f9804b\spring-webmvc-5.3.23.jar;C:\Users\sfjbs\.gradle\caches\modules-2\files-2.1\org.springframework\spring-web\5.3.23\193f5276092d9cbe3222c63885b47ca7b2cce97\spring-web-5.3.23.jar;C:\Users\sfjbs\.gradle\caches\modules-2\files-2.1\org.springframework.boot\spring-boot-autoconfigure\2.7.5\96646e63a2296d0a3209383e81cdb8c87ab2f913\spring-boot-autoconfigure-2.7.5.jar;C:\Users\sfjbs\.gradle\caches\modules-2\files-2.1\org.springframework.boot\spring-boot\2.7.5\fd04e228e6e21b7ad13c10ae29afd31868d842e5\spring-boot-2.7.5.jar;C:\Users\sfjbs\.gradle\caches\modules-2\files-2.1\org.springframework.boot\spring-boot-starter-logging\2.7.5\61f4c53e35baa31a269bbeb7bb9d5e781448feef\spring-boot-starter-logging-2.7.5.jar;C:\Users\sfjbs\.gradle\caches\modules-2\files-2.1\jakarta.annotation\jakarta.annotation-api\1.3.5\59eb84ee0d616332ff44aba065f3888cf002cd2d\jakarta.ann
Launcher Type: SUN_STANDARD

[Global flags]
     intx CICompilerCount                          = 2                                         {product} {ergonomic}
     uint ConcGCThreads                            = 1                                         {product} {ergonomic}
     uint G1ConcRefinementThreads                  = 2                                         {product} {ergonomic}
   size_t G1HeapRegionSize                         = 1048576                                   {product} {ergonomic}
    uintx GCDrainStackTargetSize                   = 64                                        {product} {ergonomic}
   size_t InitialHeapSize                          = 134217728                                 {product} {ergonomic}
   size_t MarkStackSize                            = 4194304                                   {product} {ergonomic}
   size_t MaxHeapSize                              = 2147483648                                {product} {ergonomic}
   size_t MinHeapDeltaBytes                        = 1048576                                   {product} {ergonomic}
    uintx NonNMethodCodeHeapSize                   = 5825164                                {pd product} {ergonomic}
    uintx NonProfiledCodeHeapSize                  = 122916538                              {pd product} {ergonomic}
    uintx ProfiledCodeHeapSize                     = 122916538                              {pd product} {ergonomic}
    uintx ReservedCodeCacheSize                    = 251658240                              {pd product} {ergonomic}
     bool SegmentedCodeCache                       = true                                      {product} {ergonomic}
     bool UseCompressedClassPointers               = true                                 {lp64_product} {ergonomic}
     bool UseCompressedOops                        = true                                 {lp64_product} {ergonomic}
     bool UseG1GC                                  = true                                      {product} {ergonomic}
     bool UseLargePagesIndividualAllocation        = false                                  {pd product} {ergonomic}

Logging:
Log output configuration:
 #0: stdout all=warning uptime,level,tags
 #1: stderr all=off uptime,level,tags

Environment Variables:
PATH=C:\Program Files\Common Files\Oracle\Java\javapath;C:\Windows\system32;C:\Windows;C:\Windows\System32\Wbem;C:\Windows\System32\WindowsPowerShell\v1.0\;C:\Windows\System32\OpenSSH\;C:\Users\sfjbs\Downloads\micro service-20221021T071039Z-001\micro service\apache-maven-3.8.5-bin\apache-maven-3.8.5\bin;C:\Users\sfjbs\Downloads\micro service-20221021T071039Z-001\micro service\apache-maven-3.8.5-bin\apache-maven-3.8.5\lib;C:\Program Files\Git\cmd;C:\Program Files\Docker\Docker\resources\bin;C:\Users\sfjbs\AppData\Local\Microsoft\WindowsApps;C:\Users\sfjbs\Downloads\micro service-20221021T071039Z-001\micro service\apache-maven-3.8.5-bin\apache-maven-3.8.5\bin;C:\Users\sfjbs\Downloads\micro service-20221021T071039Z-001\micro service\apache-maven-3.8.5-bin\apache-maven-3.8.5\lib;;C:\Program Files\JetBrains\IntelliJ IDEA Community Edition 2022.2.1\bin;
USERNAME=sfjbs
OS=Windows_NT
PROCESSOR_IDENTIFIER=Intel64 Family 6 Model 106 Stepping 6, GenuineIntel



---------------  S Y S T E M  ---------------

OS: Windows 10 , 64 bit Build 19041 (10.0.19041.1889)
Hyper-V role detected

CPU:total 2 (initial active 2) (1 cores per cpu, 2 threads per core) family 6 model 106 stepping 6 microcode 0xffffffff, cmov, cx8, fxsr, mmx, sse, sse2, sse3, ssse3, sse4.1, sse4.2, popcnt, avx, avx2, aes, clmul, erms, rtm, 3dnowpref, lzcnt, ht, tsc, bmi1, bmi2, adx, evex, fma

Memory: 4k page, system-wide physical 8190M (903M free)
TotalPageFile size 10238M (AvailPageFile size 120M)
current process WorkingSet (physical memory assigned to process): 9M, peak: 9M
current process commit charge ("private bytes"): 47M, peak: 175M

vm_info: Java HotSpot(TM) 64-Bit Server VM (11.0.16+11-LTS-199) for windows-amd64 JRE (11.0.16+11-LTS-199), built on Jun 28 2022 08:23:17 by "mach5one" with MS VC++ 15.9 (VS2017)

END.
