#
# There is insufficient memory for the Java Runtime Environment to continue.
# Native memory allocation (malloc) failed to allocate 1048576 bytes for AllocateHeap
# Possible reasons:
#   The system is out of physical RAM or swap space
#   The process is running with CompressedOops enabled, and the Java Heap may be blocking the growth of the native heap
# Possible solutions:
#   Reduce memory load on the system
#   Increase physical memory or swap space
#   Check if swap backing store is full
#   Decrease Java heap size (-Xmx/-Xms)
#   Decrease number of Java threads
#   Decrease Java thread stack sizes (-Xss)
#   Set larger code cache with -XX:ReservedCodeCacheSize=
#   JVM is running with Unscaled Compressed Oops mode in which the Java heap is
#     placed in the first 4GB address space. The Java Heap base address is the
#     maximum limit for the native heap growth. Please use -XX:HeapBaseMinAddress
#     to set the Java Heap base and to place the Java Heap above 4GB virtual address.
# This output file may be truncated or incomplete.
#
#  Out of Memory Error (./open/src/hotspot/share/memory/allocation.cpp:46), pid=12072, tid=6428
#
# JRE version: Java(TM) SE Runtime Environment 18.9 (11.0.16+11) (build 11.0.16+11-LTS-199)
# Java VM: Java HotSpot(TM) 64-Bit Server VM 18.9 (11.0.16+11-LTS-199, mixed mode, tiered, compressed oops, g1 gc, windows-amd64)
# No core dump will be written. Minidumps are not enabled by default on client versions of Windows
#

---------------  S U M M A R Y ------------

Command Line: -Dfile.encoding=windows-1252 -Duser.country=US -Duser.language=en -Duser.variant com.example.simple.calculator.SimpleCalculatorApplication

Host: Intel(R) Xeon(R) Platinum 8370C CPU @ 2.80GHz, 2 cores, 7G,  Windows 10 , 64 bit Build 19041 (10.0.19041.1889)
Time: Wed Nov  2 05:32:01 2022 Coordinated Universal Time elapsed time: 0.326042 seconds (0d 0h 0m 0s)

---------------  T H R E A D  ---------------

Current thread (0x0000020652335800):  VMThread "VM Thread" [stack: 0x0000001ee6100000,0x0000001ee6200000] [id=6428]

Stack: [0x0000001ee6100000,0x0000001ee6200000]
[error occurred during error reporting (printing stack bounds), id 0xc0000005, EXCEPTION_ACCESS_VIOLATION (0xc0000005) at pc=0x000002063c7710e7]

Native frames: (J=compiled Java code, j=interpreted, Vv=VM code, C=native code)
V  [jvm.dll+0x62a3ea]
V  [jvm.dll+0x76418f]
V  [jvm.dll+0x765839]
V  [jvm.dll+0x765e25]
V  [jvm.dll+0x765ddb]
V  [jvm.dll+0x6298d3]
V  [jvm.dll+0x629fe8]
C  [ntdll.dll+0xa241f]
C  [ntdll.dll+0x514a4]
C  [ntdll.dll+0xa0f4e]
C  0x000002063c7710e7

VM_Operation (0x0000001ee5afaea0): CollectForMetadataAllocation, mode: safepoint, requested by thread 0x00000206350bc800


---------------  P R O C E S S  ---------------

Threads class SMR info:
_java_thread_list=0x0000020652e01d20, length=10, elements={
0x00000206350bc800, 0x0000020652338000, 0x0000020652342800, 0x0000020652352800,
0x0000020652355000, 0x0000020652357000, 0x000002065235b800, 0x000002065235c800,
0x000002065236a000, 0x0000020652e24000
}

Java Threads: ( => current thread )
  0x00000206350bc800 JavaThread "main" [_thread_blocked, id=4876, stack(0x0000001ee5a00000,0x0000001ee5b00000)]
  0x0000020652338000 JavaThread "Reference Handler" daemon [_thread_blocked, id=9500, stack(0x0000001ee6200000,0x0000001ee6300000)]
  0x0000020652342800 JavaThread "Finalizer" daemon [_thread_blocked, id=1760, stack(0x0000001ee6300000,0x0000001ee6400000)]
  0x0000020652352800 JavaThread "Signal Dispatcher" daemon [_thread_blocked, id=3792, stack(0x0000001ee6400000,0x0000001ee6500000)]
  0x0000020652355000 JavaThread "Attach Listener" daemon [_thread_blocked, id=11112, stack(0x0000001ee6500000,0x0000001ee6600000)]
  0x0000020652357000 JavaThread "Service Thread" daemon [_thread_blocked, id=6684, stack(0x0000001ee6600000,0x0000001ee6700000)]
  0x000002065235b800 JavaThread "C2 CompilerThread0" daemon [_thread_blocked, id=6464, stack(0x0000001ee6700000,0x0000001ee6800000)]
  0x000002065235c800 JavaThread "C1 CompilerThread0" daemon [_thread_blocked, id=1036, stack(0x0000001ee6800000,0x0000001ee6900000)]
  0x000002065236a000 JavaThread "Sweeper thread" daemon [_thread_blocked, id=6716, stack(0x0000001ee6900000,0x0000001ee6a00000)]
  0x0000020652e24000 JavaThread "Common-Cleaner" daemon [_thread_blocked, id=4420, stack(0x0000001ee6b00000,0x0000001ee6c00000)]

Other Threads:
=>0x0000020652335800 VMThread "VM Thread" [stack: 0x0000001ee6100000,0x0000001ee6200000] [id=6428]
  0x0000020652e2b800 WatcherThread [stack: 0x0000001ee6a00000,0x0000001ee6b00000] [id=11296]
  0x00000206350d2000 GCTaskThread "GC Thread#0" [stack: 0x0000001ee5c00000,0x0000001ee5d00000] [id=6788]
  0x00000206530ca800 GCTaskThread "GC Thread#1" [stack: 0x0000001ee6c00000,0x0000001ee6d00000] [id=9848]
  0x0000020635103800 ConcurrentGCThread "G1 Main Marker" [stack: 0x0000001ee5d00000,0x0000001ee5e00000] [id=12020]
  0x0000020635107000 ConcurrentGCThread "G1 Conc#0" [stack: 0x0000001ee5e00000,0x0000001ee5f00000] [id=11184]
  0x000002063518d800 ConcurrentGCThread "G1 Refine#0" [stack: 0x0000001ee5f00000,0x0000001ee6000000] [id=32]
  0x000002063518e800 ConcurrentGCThread "G1 Young RemSet Sampling" [stack: 0x0000001ee6000000,0x0000001ee6100000] [id=3336]

Threads with active compile tasks:

VM state:at safepoint (normal execution)

VM Mutex/Monitor currently owned by a thread:  ([mutex/lock_event])
[0x00000206350b7810] Threads_lock - owner thread: 0x0000020652335800
[0x00000206350b8e00] Heap_lock - owner thread: 0x00000206350bc800

Heap address: 0x0000000080000000, size: 2048 MB, Compressed Oops mode: 32-bit
Narrow klass base: 0x0000000000000000, Narrow klass shift: 3
Compressed class space size: 1073741824 Address: 0x0000000100000000

Heap:
 garbage-first heap   total 131072K, used 2386K [0x0000000080000000, 0x0000000100000000)
  region size 1024K, 1 young (1024K), 1 survivors (1024K)
 Metaspace       used 5243K, capacity 5316K, committed 5376K, reserved 1064960K
  class space    used 460K, capacity 496K, committed 512K, reserved 1048576K
Heap Regions: E=young(eden), S=young(survivor), O=old, HS=humongous(starts), HC=humongous(continues), CS=collection set, F=free, A=archive, TAMS=top-at-mark-start (previous, next)
|   0|0x0000000080000000, 0x0000000080100000, 0x0000000080100000|100%| O|  |TAMS 0x0000000080000000, 0x0000000080100000| Untracked 
|   1|0x0000000080100000, 0x0000000080154800, 0x0000000080200000| 33%| O|  |TAMS 0x0000000080100000, 0x0000000080154800| Untracked 
|   2|0x0000000080200000, 0x0000000080200000, 0x0000000080300000|  0%| F|  |TAMS 0x0000000080200000, 0x0000000080200000| Untracked 
|   3|0x0000000080300000, 0x0000000080300000, 0x0000000080400000|  0%| F|  |TAMS 0x0000000080300000, 0x0000000080300000| Untracked 
|   4|0x0000000080400000, 0x0000000080400000, 0x0000000080500000|  0%| F|  |TAMS 0x0000000080400000, 0x0000000080400000| Untracked 
|   5|0x0000000080500000, 0x0000000080500000, 0x0000000080600000|  0%| F|  |TAMS 0x0000000080500000, 0x0000000080500000| Untracked 
|   6|0x0000000080600000, 0x0000000080600000, 0x0000000080700000|  0%| F|  |TAMS 0x0000000080600000, 0x0000000080600000| Untracked 
|   7|0x0000000080700000, 0x0000000080700000, 0x0000000080800000|  0%| F|  |TAMS 0x0000000080700000, 0x0000000080700000| Untracked 
|   8|0x0000000080800000, 0x0000000080800000, 0x0000000080900000|  0%| F|  |TAMS 0x0000000080800000, 0x0000000080800000| Untracked 
|   9|0x0000000080900000, 0x0000000080900000, 0x0000000080a00000|  0%| F|  |TAMS 0x0000000080900000, 0x0000000080900000| Untracked 
|  10|0x0000000080a00000, 0x0000000080a00000, 0x0000000080b00000|  0%| F|  |TAMS 0x0000000080a00000, 0x0000000080a00000| Untracked 
|  11|0x0000000080b00000, 0x0000000080b00000, 0x0000000080c00000|  0%| F|  |TAMS 0x0000000080b00000, 0x0000000080b00000| Untracked 
|  12|0x0000000080c00000, 0x0000000080c00000, 0x0000000080d00000|  0%| F|  |TAMS 0x0000000080c00000, 0x0000000080c00000| Untracked 
|  13|0x0000000080d00000, 0x0000000080d00000, 0x0000000080e00000|  0%| F|  |TAMS 0x0000000080d00000, 0x0000000080d00000| Untracked 
|  14|0x0000000080e00000, 0x0000000080e00000, 0x0000000080f00000|  0%| F|  |TAMS 0x0000000080e00000, 0x0000000080e00000| Untracked 
|  15|0x0000000080f00000, 0x0000000080f00000, 0x0000000081000000|  0%| F|  |TAMS 0x0000000080f00000, 0x0000000080f00000| Untracked 
|  16|0x0000000081000000, 0x0000000081000000, 0x0000000081100000|  0%| F|  |TAMS 0x0000000081000000, 0x0000000081000000| Untracked 
|  17|0x0000000081100000, 0x0000000081100000, 0x0000000081200000|  0%| F|  |TAMS 0x0000000081100000, 0x0000000081100000| Untracked 
|  18|0x0000000081200000, 0x0000000081200000, 0x0000000081300000|  0%| F|  |TAMS 0x0000000081200000, 0x0000000081200000| Untracked 
|  19|0x0000000081300000, 0x0000000081300000, 0x0000000081400000|  0%| F|  |TAMS 0x0000000081300000, 0x0000000081300000| Untracked 
|  20|0x0000000081400000, 0x0000000081400000, 0x0000000081500000|  0%| F|  |TAMS 0x0000000081400000, 0x0000000081400000| Untracked 
|  21|0x0000000081500000, 0x0000000081500000, 0x0000000081600000|  0%| F|  |TAMS 0x0000000081500000, 0x0000000081500000| Untracked 
|  22|0x0000000081600000, 0x0000000081600000, 0x0000000081700000|  0%| F|  |TAMS 0x0000000081600000, 0x0000000081600000| Untracked 
|  23|0x0000000081700000, 0x0000000081700000, 0x0000000081800000|  0%| F|  |TAMS 0x0000000081700000, 0x0000000081700000| Untracked 
|  24|0x0000000081800000, 0x0000000081800000, 0x0000000081900000|  0%| F|  |TAMS 0x0000000081800000, 0x0000000081800000| Untracked 
|  25|0x0000000081900000, 0x0000000081900000, 0x0000000081a00000|  0%| F|  |TAMS 0x0000000081900000, 0x0000000081900000| Untracked 
|  26|0x0000000081a00000, 0x0000000081a00000, 0x0000000081b00000|  0%| F|  |TAMS 0x0000000081a00000, 0x0000000081a00000| Untracked 
|  27|0x0000000081b00000, 0x0000000081b00000, 0x0000000081c00000|  0%| F|  |TAMS 0x0000000081b00000, 0x0000000081b00000| Untracked 
|  28|0x0000000081c00000, 0x0000000081c00000, 0x0000000081d00000|  0%| F|  |TAMS 0x0000000081c00000, 0x0000000081c00000| Untracked 
|  29|0x0000000081d00000, 0x0000000081d00000, 0x0000000081e00000|  0%| F|  |TAMS 0x0000000081d00000, 0x0000000081d00000| Untracked 
|  30|0x0000000081e00000, 0x0000000081e00000, 0x0000000081f00000|  0%| F|  |TAMS 0x0000000081e00000, 0x0000000081e00000| Untracked 
|  31|0x0000000081f00000, 0x0000000081f00000, 0x0000000082000000|  0%| F|  |TAMS 0x0000000081f00000, 0x0000000081f00000| Untracked 
|  32|0x0000000082000000, 0x0000000082000000, 0x0000000082100000|  0%| F|  |TAMS 0x0000000082000000, 0x0000000082000000| Untracked 
|  33|0x0000000082100000, 0x0000000082100000, 0x0000000082200000|  0%| F|  |TAMS 0x0000000082100000, 0x0000000082100000| Untracked 
|  34|0x0000000082200000, 0x0000000082200000, 0x0000000082300000|  0%| F|  |TAMS 0x0000000082200000, 0x0000000082200000| Untracked 
|  35|0x0000000082300000, 0x0000000082300000, 0x0000000082400000|  0%| F|  |TAMS 0x0000000082300000, 0x0000000082300000| Untracked 
|  36|0x0000000082400000, 0x0000000082400000, 0x0000000082500000|  0%| F|  |TAMS 0x0000000082400000, 0x0000000082400000| Untracked 
|  37|0x0000000082500000, 0x0000000082500000, 0x0000000082600000|  0%| F|  |TAMS 0x0000000082500000, 0x0000000082500000| Untracked 
|  38|0x0000000082600000, 0x0000000082600000, 0x0000000082700000|  0%| F|  |TAMS 0x0000000082600000, 0x0000000082600000| Untracked 
|  39|0x0000000082700000, 0x0000000082700000, 0x0000000082800000|  0%| F|  |TAMS 0x0000000082700000, 0x0000000082700000| Untracked 
|  40|0x0000000082800000, 0x0000000082800000, 0x0000000082900000|  0%| F|  |TAMS 0x0000000082800000, 0x0000000082800000| Untracked 
|  41|0x0000000082900000, 0x0000000082900000, 0x0000000082a00000|  0%| F|  |TAMS 0x0000000082900000, 0x0000000082900000| Untracked 
|  42|0x0000000082a00000, 0x0000000082a00000, 0x0000000082b00000|  0%| F|  |TAMS 0x0000000082a00000, 0x0000000082a00000| Untracked 
|  43|0x0000000082b00000, 0x0000000082b00000, 0x0000000082c00000|  0%| F|  |TAMS 0x0000000082b00000, 0x0000000082b00000| Untracked 
|  44|0x0000000082c00000, 0x0000000082c00000, 0x0000000082d00000|  0%| F|  |TAMS 0x0000000082c00000, 0x0000000082c00000| Untracked 
|  45|0x0000000082d00000, 0x0000000082d00000, 0x0000000082e00000|  0%| F|  |TAMS 0x0000000082d00000, 0x0000000082d00000| Untracked 
|  46|0x0000000082e00000, 0x0000000082e00000, 0x0000000082f00000|  0%| F|  |TAMS 0x0000000082e00000, 0x0000000082e00000| Untracked 
|  47|0x0000000082f00000, 0x0000000082f00000, 0x0000000083000000|  0%| F|  |TAMS 0x0000000082f00000, 0x0000000082f00000| Untracked 
|  48|0x0000000083000000, 0x0000000083000000, 0x0000000083100000|  0%| F|  |TAMS 0x0000000083000000, 0x0000000083000000| Untracked 
|  49|0x0000000083100000, 0x0000000083100000, 0x0000000083200000|  0%| F|  |TAMS 0x0000000083100000, 0x0000000083100000| Untracked 
|  50|0x0000000083200000, 0x0000000083200000, 0x0000000083300000|  0%| F|  |TAMS 0x0000000083200000, 0x0000000083200000| Untracked 
|  51|0x0000000083300000, 0x0000000083300000, 0x0000000083400000|  0%| F|  |TAMS 0x0000000083300000, 0x0000000083300000| Untracked 
|  52|0x0000000083400000, 0x0000000083400000, 0x0000000083500000|  0%| F|  |TAMS 0x0000000083400000, 0x0000000083400000| Untracked 
|  53|0x0000000083500000, 0x0000000083500000, 0x0000000083600000|  0%| F|  |TAMS 0x0000000083500000, 0x0000000083500000| Untracked 
|  54|0x0000000083600000, 0x0000000083600000, 0x0000000083700000|  0%| F|  |TAMS 0x0000000083600000, 0x0000000083600000| Untracked 
|  55|0x0000000083700000, 0x0000000083700000, 0x0000000083800000|  0%| F|  |TAMS 0x0000000083700000, 0x0000000083700000| Untracked 
|  56|0x0000000083800000, 0x0000000083800000, 0x0000000083900000|  0%| F|  |TAMS 0x0000000083800000, 0x0000000083800000| Untracked 
|  57|0x0000000083900000, 0x0000000083900000, 0x0000000083a00000|  0%| F|  |TAMS 0x0000000083900000, 0x0000000083900000| Untracked 
|  58|0x0000000083a00000, 0x0000000083a00000, 0x0000000083b00000|  0%| F|  |TAMS 0x0000000083a00000, 0x0000000083a00000| Untracked 
|  59|0x0000000083b00000, 0x0000000083b00000, 0x0000000083c00000|  0%| F|  |TAMS 0x0000000083b00000, 0x0000000083b00000| Untracked 
|  60|0x0000000083c00000, 0x0000000083c00000, 0x0000000083d00000|  0%| F|  |TAMS 0x0000000083c00000, 0x0000000083c00000| Untracked 
|  61|0x0000000083d00000, 0x0000000083d00000, 0x0000000083e00000|  0%| F|  |TAMS 0x0000000083d00000, 0x0000000083d00000| Untracked 
|  62|0x0000000083e00000, 0x0000000083e00000, 0x0000000083f00000|  0%| F|  |TAMS 0x0000000083e00000, 0x0000000083e00000| Untracked 
|  63|0x0000000083f00000, 0x0000000083f00000, 0x0000000084000000|  0%| F|  |TAMS 0x0000000083f00000, 0x0000000083f00000| Untracked 
|  64|0x0000000084000000, 0x0000000084000000, 0x0000000084100000|  0%| F|  |TAMS 0x0000000084000000, 0x0000000084000000| Untracked 
|  65|0x0000000084100000, 0x0000000084100000, 0x0000000084200000|  0%| F|  |TAMS 0x0000000084100000, 0x0000000084100000| Untracked 
|  66|0x0000000084200000, 0x0000000084200000, 0x0000000084300000|  0%| F|  |TAMS 0x0000000084200000, 0x0000000084200000| Untracked 
|  67|0x0000000084300000, 0x0000000084300000, 0x0000000084400000|  0%| F|  |TAMS 0x0000000084300000, 0x0000000084300000| Untracked 
|  68|0x0000000084400000, 0x0000000084400000, 0x0000000084500000|  0%| F|  |TAMS 0x0000000084400000, 0x0000000084400000| Untracked 
|  69|0x0000000084500000, 0x0000000084500000, 0x0000000084600000|  0%| F|  |TAMS 0x0000000084500000, 0x0000000084500000| Untracked 
|  70|0x0000000084600000, 0x0000000084600000, 0x0000000084700000|  0%| F|  |TAMS 0x0000000084600000, 0x0000000084600000| Untracked 
|  71|0x0000000084700000, 0x0000000084700000, 0x0000000084800000|  0%| F|  |TAMS 0x0000000084700000, 0x0000000084700000| Untracked 
|  72|0x0000000084800000, 0x0000000084800000, 0x0000000084900000|  0%| F|  |TAMS 0x0000000084800000, 0x0000000084800000| Untracked 
|  73|0x0000000084900000, 0x0000000084900000, 0x0000000084a00000|  0%| F|  |TAMS 0x0000000084900000, 0x0000000084900000| Untracked 
|  74|0x0000000084a00000, 0x0000000084a00000, 0x0000000084b00000|  0%| F|  |TAMS 0x0000000084a00000, 0x0000000084a00000| Untracked 
|  75|0x0000000084b00000, 0x0000000084b00000, 0x0000000084c00000|  0%| F|  |TAMS 0x0000000084b00000, 0x0000000084b00000| Untracked 
|  76|0x0000000084c00000, 0x0000000084c00000, 0x0000000084d00000|  0%| F|  |TAMS 0x0000000084c00000, 0x0000000084c00000| Untracked 
|  77|0x0000000084d00000, 0x0000000084d00000, 0x0000000084e00000|  0%| F|  |TAMS 0x0000000084d00000, 0x0000000084d00000| Untracked 
|  78|0x0000000084e00000, 0x0000000084e00000, 0x0000000084f00000|  0%| F|  |TAMS 0x0000000084e00000, 0x0000000084e00000| Untracked 
|  79|0x0000000084f00000, 0x0000000084f00000, 0x0000000085000000|  0%| F|  |TAMS 0x0000000084f00000, 0x0000000084f00000| Untracked 
|  80|0x0000000085000000, 0x0000000085000000, 0x0000000085100000|  0%| F|  |TAMS 0x0000000085000000, 0x0000000085000000| Untracked 
|  81|0x0000000085100000, 0x0000000085100000, 0x0000000085200000|  0%| F|  |TAMS 0x0000000085100000, 0x0000000085100000| Untracked 
|  82|0x0000000085200000, 0x0000000085200000, 0x0000000085300000|  0%| F|  |TAMS 0x0000000085200000, 0x0000000085200000| Untracked 
|  83|0x0000000085300000, 0x0000000085300000, 0x0000000085400000|  0%| F|  |TAMS 0x0000000085300000, 0x0000000085300000| Untracked 
|  84|0x0000000085400000, 0x0000000085400000, 0x0000000085500000|  0%| F|  |TAMS 0x0000000085400000, 0x0000000085400000| Untracked 
|  85|0x0000000085500000, 0x0000000085500000, 0x0000000085600000|  0%| F|  |TAMS 0x0000000085500000, 0x0000000085500000| Untracked 
|  86|0x0000000085600000, 0x0000000085600000, 0x0000000085700000|  0%| F|  |TAMS 0x0000000085600000, 0x0000000085600000| Untracked 
|  87|0x0000000085700000, 0x0000000085700000, 0x0000000085800000|  0%| F|  |TAMS 0x0000000085700000, 0x0000000085700000| Untracked 
|  88|0x0000000085800000, 0x0000000085800000, 0x0000000085900000|  0%| F|  |TAMS 0x0000000085800000, 0x0000000085800000| Untracked 
|  89|0x0000000085900000, 0x0000000085900000, 0x0000000085a00000|  0%| F|  |TAMS 0x0000000085900000, 0x0000000085900000| Untracked 
|  90|0x0000000085a00000, 0x0000000085a00000, 0x0000000085b00000|  0%| F|  |TAMS 0x0000000085a00000, 0x0000000085a00000| Untracked 
|  91|0x0000000085b00000, 0x0000000085b00000, 0x0000000085c00000|  0%| F|  |TAMS 0x0000000085b00000, 0x0000000085b00000| Untracked 
|  92|0x0000000085c00000, 0x0000000085c00000, 0x0000000085d00000|  0%| F|  |TAMS 0x0000000085c00000, 0x0000000085c00000| Untracked 
|  93|0x0000000085d00000, 0x0000000085d00000, 0x0000000085e00000|  0%| F|  |TAMS 0x0000000085d00000, 0x0000000085d00000| Untracked 
|  94|0x0000000085e00000, 0x0000000085e00000, 0x0000000085f00000|  0%| F|  |TAMS 0x0000000085e00000, 0x0000000085e00000| Untracked 
|  95|0x0000000085f00000, 0x0000000085f00000, 0x0000000086000000|  0%| F|  |TAMS 0x0000000085f00000, 0x0000000085f00000| Untracked 
|  96|0x0000000086000000, 0x0000000086000000, 0x0000000086100000|  0%| F|  |TAMS 0x0000000086000000, 0x0000000086000000| Untracked 
|  97|0x0000000086100000, 0x0000000086100000, 0x0000000086200000|  0%| F|  |TAMS 0x0000000086100000, 0x0000000086100000| Untracked 
|  98|0x0000000086200000, 0x0000000086200000, 0x0000000086300000|  0%| F|  |TAMS 0x0000000086200000, 0x0000000086200000| Untracked 
|  99|0x0000000086300000, 0x0000000086300000, 0x0000000086400000|  0%| F|  |TAMS 0x0000000086300000, 0x0000000086300000| Untracked 
| 100|0x0000000086400000, 0x0000000086400000, 0x0000000086500000|  0%| F|  |TAMS 0x0000000086400000, 0x0000000086400000| Untracked 
| 101|0x0000000086500000, 0x0000000086500000, 0x0000000086600000|  0%| F|  |TAMS 0x0000000086500000, 0x0000000086500000| Untracked 
| 102|0x0000000086600000, 0x0000000086600000, 0x0000000086700000|  0%| F|  |TAMS 0x0000000086600000, 0x0000000086600000| Untracked 
| 103|0x0000000086700000, 0x0000000086700000, 0x0000000086800000|  0%| F|  |TAMS 0x0000000086700000, 0x0000000086700000| Untracked 
| 104|0x0000000086800000, 0x0000000086800000, 0x0000000086900000|  0%| F|  |TAMS 0x0000000086800000, 0x0000000086800000| Untracked 
| 105|0x0000000086900000, 0x0000000086900000, 0x0000000086a00000|  0%| F|  |TAMS 0x0000000086900000, 0x0000000086900000| Untracked 
| 106|0x0000000086a00000, 0x0000000086a00000, 0x0000000086b00000|  0%| F|  |TAMS 0x0000000086a00000, 0x0000000086a00000| Untracked 
| 107|0x0000000086b00000, 0x0000000086b00000, 0x0000000086c00000|  0%| F|  |TAMS 0x0000000086b00000, 0x0000000086b00000| Untracked 
| 108|0x0000000086c00000, 0x0000000086c00000, 0x0000000086d00000|  0%| F|  |TAMS 0x0000000086c00000, 0x0000000086c00000| Untracked 
| 109|0x0000000086d00000, 0x0000000086d00000, 0x0000000086e00000|  0%| F|  |TAMS 0x0000000086d00000, 0x0000000086d00000| Untracked 
| 110|0x0000000086e00000, 0x0000000086e00000, 0x0000000086f00000|  0%| F|  |TAMS 0x0000000086e00000, 0x0000000086e00000| Untracked 
| 111|0x0000000086f00000, 0x0000000086f00000, 0x0000000087000000|  0%| F|  |TAMS 0x0000000086f00000, 0x0000000086f00000| Untracked 
| 112|0x0000000087000000, 0x0000000087000000, 0x0000000087100000|  0%| F|  |TAMS 0x0000000087000000, 0x0000000087000000| Untracked 
| 113|0x0000000087100000, 0x0000000087100000, 0x0000000087200000|  0%| F|  |TAMS 0x0000000087100000, 0x0000000087100000| Untracked 
| 114|0x0000000087200000, 0x0000000087200000, 0x0000000087300000|  0%| F|  |TAMS 0x0000000087200000, 0x0000000087200000| Untracked 
| 115|0x0000000087300000, 0x0000000087300000, 0x0000000087400000|  0%| F|  |TAMS 0x0000000087300000, 0x0000000087300000| Untracked 
| 116|0x0000000087400000, 0x0000000087400000, 0x0000000087500000|  0%| F|  |TAMS 0x0000000087400000, 0x0000000087400000| Untracked 
| 117|0x0000000087500000, 0x0000000087500000, 0x0000000087600000|  0%| F|  |TAMS 0x0000000087500000, 0x0000000087500000| Untracked 
| 118|0x0000000087600000, 0x0000000087600000, 0x0000000087700000|  0%| F|  |TAMS 0x0000000087600000, 0x0000000087600000| Untracked 
| 119|0x0000000087700000, 0x0000000087700000, 0x0000000087800000|  0%| F|  |TAMS 0x0000000087700000, 0x0000000087700000| Untracked 
| 120|0x0000000087800000, 0x0000000087800000, 0x0000000087900000|  0%| F|  |TAMS 0x0000000087800000, 0x0000000087800000| Untracked 
| 121|0x0000000087900000, 0x0000000087900000, 0x0000000087a00000|  0%| F|  |TAMS 0x0000000087900000, 0x0000000087900000| Untracked 
| 122|0x0000000087a00000, 0x0000000087b00000, 0x0000000087b00000|100%| S|CS|TAMS 0x0000000087a00000, 0x0000000087a00000| Complete 
| 123|0x0000000087b00000, 0x0000000087b00000, 0x0000000087c00000|  0%| F|  |TAMS 0x0000000087b00000, 0x0000000087b00000| Untracked 
| 124|0x0000000087c00000, 0x0000000087c00000, 0x0000000087d00000|  0%| F|  |TAMS 0x0000000087c00000, 0x0000000087c00000| Untracked 
| 125|0x0000000087d00000, 0x0000000087d00000, 0x0000000087e00000|  0%| F|  |TAMS 0x0000000087d00000, 0x0000000087d00000| Untracked 
| 126|0x0000000087e00000, 0x0000000087e00000, 0x0000000087f00000|  0%| F|  |TAMS 0x0000000087e00000, 0x0000000087e00000| Untracked 
| 127|0x0000000087f00000, 0x0000000087f00000, 0x0000000088000000|  0%| F|  |TAMS 0x0000000087f00000, 0x0000000087f00000| Untracked 

Card table byte_map: [0x000002064b770000,0x000002064bb70000] _byte_map_base: 0x000002064b370000

Marking Bits (Prev, Next): (CMBitMap*) 0x00000206350fac68, (CMBitMap*) 0x00000206350faca0
 Prev Bits: [0x000002064bf70000, 0x000002064df70000)
 Next Bits: [0x000002064df70000, 0x000002064ff70000)

Polling page: 0x0000020632e60000

Metaspace:

Usage:
  Non-class:      4.71 MB capacity,     4.67 MB (>99%) used,    36.20 KB ( <1%) free+waste,     1.06 KB ( <1%) overhead. 
      Class:    496.00 KB capacity,   460.30 KB ( 93%) used,    34.95 KB (  7%) free+waste,   768 bytes ( <1%) overhead. 
       Both:      5.19 MB capacity,     5.12 MB ( 99%) used,    71.16 KB (  1%) free+waste,     1.81 KB ( <1%) overhead. 

Virtual space:
  Non-class space:       16.00 MB reserved,       4.75 MB ( 30%) committed 
      Class space:        1.00 GB reserved,     512.00 KB ( <1%) committed 
             Both:        1.02 GB reserved,       5.25 MB ( <1%) committed 

Chunk freelists:
   Non-Class:  5.50 KB
       Class:  2.00 KB
        Both:  7.50 KB

CodeHeap 'non-profiled nmethods': size=120064Kb used=67Kb max_used=67Kb free=119996Kb
 bounds [0x0000020644230000, 0x00000206444a0000, 0x000002064b770000]
CodeHeap 'profiled nmethods': size=120000Kb used=386Kb max_used=386Kb free=119613Kb
 bounds [0x000002063cd00000, 0x000002063cf70000, 0x0000020644230000]
CodeHeap 'non-nmethods': size=5696Kb used=1034Kb max_used=1047Kb free=4661Kb
 bounds [0x000002063c770000, 0x000002063c9e0000, 0x000002063cd00000]
 total_blobs=572 nmethods=276 adapters=208
 compilation: enabled
              stopped_count=0, restarted_count=0
 full_count=0

Compilation events (10 events):
Event: 0.313 Thread 0x000002065235c800  272       3       java.lang.Integer::getChars (131 bytes)
Event: 0.314 Thread 0x000002065235c800 nmethod 272 0x000002063cd5e610 code [0x000002063cd5e7e0, 0x000002063cd5ec18]
Event: 0.314 Thread 0x000002065235c800  273       3       java.lang.StringBuilder::append (8 bytes)
Event: 0.314 Thread 0x000002065235c800 nmethod 273 0x000002063cd5ee90 code [0x000002063cd5f040, 0x000002063cd5f188]
Event: 0.314 Thread 0x000002065235c800  275       3       java.lang.StringLatin1::regionMatchesCI (92 bytes)
Event: 0.315 Thread 0x000002065235c800 nmethod 275 0x000002063cd5f210 code [0x000002063cd5f4a0, 0x000002063cd5ff98]
Event: 0.315 Thread 0x000002065235c800  274       3       java.lang.AbstractStringBuilder::append (55 bytes)
Event: 0.315 Thread 0x000002065235c800 nmethod 274 0x000002063cd60490 code [0x000002063cd60660, 0x000002063cd60998]
Event: 0.318 Thread 0x000002065235c800  276       1       java.security.CodeSource::getLocationNoFragString (5 bytes)
Event: 0.318 Thread 0x000002065235c800 nmethod 276 0x0000020644240c90 code [0x0000020644240e20, 0x0000020644240ed8]

GC Heap History (2 events):
Event: 0.319 GC heap before
{Heap before GC invocations=0 (full 0):
 garbage-first heap   total 131072K, used 3072K [0x0000000080000000, 0x0000000100000000)
  region size 1024K, 5 young (5120K), 0 survivors (0K)
 Metaspace       used 5243K, capacity 5316K, committed 5376K, reserved 1062912K
  class space    used 460K, capacity 496K, committed 512K, reserved 1048576K
}
Event: 0.324 GC heap after
{Heap after GC invocations=1 (full 0):
 garbage-first heap   total 131072K, used 2386K [0x0000000080000000, 0x0000000100000000)
  region size 1024K, 1 young (1024K), 1 survivors (1024K)
 Metaspace       used 5243K, capacity 5316K, committed 5376K, reserved 1062912K
  class space    used 460K, capacity 496K, committed 512K, reserved 1048576K
}

Deoptimization events (2 events):
Event: 0.165 Thread 0x00000206350bc800 Uncommon trap: reason=unstable_if action=reinterpret pc=0x0000020644235080 method=java.lang.String.hashCode()I @ 14 c2
Event: 0.168 Thread 0x00000206350bc800 Uncommon trap: reason=unstable_if action=reinterpret pc=0x0000020644231570 method=java.lang.String.isLatin1()Z @ 10 c2

Classes redefined (0 events):
No events

Internal exceptions (0 events):
No events

Events (10 events):
Event: 0.318 loading class jdk/internal/loader/BuiltinClassLoader$5
Event: 0.318 loading class jdk/internal/loader/BuiltinClassLoader$5 done
Event: 0.318 loading class jdk/internal/module/SystemModuleFinders$SystemModuleReader
Event: 0.318 loading class java/lang/module/ModuleReader
Event: 0.319 loading class java/lang/module/ModuleReader done
Event: 0.319 loading class jdk/internal/module/SystemModuleFinders$SystemModuleReader done
Event: 0.319 loading class jdk/internal/module/SystemModuleFinders$SystemImage
Event: 0.319 loading class jdk/internal/module/SystemModuleFinders$SystemImage done
Event: 0.319 loading class jdk/internal/jimage/ImageReaderFactory
Event: 0.319 Executing VM operation: CollectForMetadataAllocation


Dynamic libraries:
0x00007ff6de430000 - 0x00007ff6de43f000 	C:\Program Files\Java\jdk-11.0.16\bin\java.exe
0x00007ffb6e470000 - 0x00007ffb6e668000 	C:\Windows\SYSTEM32\ntdll.dll
0x00007ffb6e0b0000 - 0x00007ffb6e16d000 	C:\Windows\System32\KERNEL32.DLL
0x00007ffb6be50000 - 0x00007ffb6c122000 	C:\Windows\System32\KERNELBASE.dll
0x00007ffb6bc00000 - 0x00007ffb6bd00000 	C:\Windows\System32\ucrtbase.dll
0x00007ffb624b0000 - 0x00007ffb624c8000 	C:\Program Files\Java\jdk-11.0.16\bin\jli.dll
0x00007ffb6d640000 - 0x00007ffb6d6ee000 	C:\Windows\System32\ADVAPI32.dll
0x00007ffb6e330000 - 0x00007ffb6e3ce000 	C:\Windows\System32\msvcrt.dll
0x00007ffb6d470000 - 0x00007ffb6d50c000 	C:\Windows\System32\sechost.dll
0x00007ffb6e170000 - 0x00007ffb6e295000 	C:\Windows\System32\RPCRT4.dll
0x00007ffb6df10000 - 0x00007ffb6e0ad000 	C:\Windows\System32\USER32.dll
0x00007ffb6bb80000 - 0x00007ffb6bba2000 	C:\Windows\System32\win32u.dll
0x00007ffb6dda0000 - 0x00007ffb6ddcb000 	C:\Windows\System32\GDI32.dll
0x00007ffb6c3c0000 - 0x00007ffb6c4cf000 	C:\Windows\System32\gdi32full.dll
0x00007ffb6bdb0000 - 0x00007ffb6be4d000 	C:\Windows\System32\msvcp_win.dll
0x00007ffb5dd20000 - 0x00007ffb5dd35000 	C:\Program Files\Java\jdk-11.0.16\bin\VCRUNTIME140.dll
0x00007ffb4d860000 - 0x00007ffb4dafa000 	C:\Windows\WinSxS\amd64_microsoft.windows.common-controls_6595b64144ccf1df_6.0.19041.1110_none_60b5254171f9507e\COMCTL32.dll
0x00007ffb63390000 - 0x00007ffb6339a000 	C:\Windows\SYSTEM32\VERSION.dll
0x00007ffb6c5f0000 - 0x00007ffb6c620000 	C:\Windows\System32\IMM32.DLL
0x00007ffb4dfe0000 - 0x00007ffb4e07b000 	C:\Program Files\Java\jdk-11.0.16\bin\msvcp140.dll
0x00007ffb22b80000 - 0x00007ffb23698000 	C:\Program Files\Java\jdk-11.0.16\bin\server\jvm.dll
0x00007ffb6de30000 - 0x00007ffb6de38000 	C:\Windows\System32\PSAPI.DLL
0x00007ffb5d380000 - 0x00007ffb5d389000 	C:\Windows\SYSTEM32\WSOCK32.dll
0x00007ffb6dd30000 - 0x00007ffb6dd9b000 	C:\Windows\System32\WS2_32.dll
0x00007ffb44d00000 - 0x00007ffb44d27000 	C:\Windows\SYSTEM32\WINMM.dll
0x00007ffb69a20000 - 0x00007ffb69a32000 	C:\Windows\SYSTEM32\kernel.appcore.dll
0x00007ffb5d450000 - 0x00007ffb5d460000 	C:\Program Files\Java\jdk-11.0.16\bin\verify.dll
0x00007ffb61780000 - 0x00007ffb61964000 	C:\Windows\SYSTEM32\DBGHELP.DLL
0x00007ffb620b0000 - 0x00007ffb620dc000 	C:\Windows\SYSTEM32\dbgcore.DLL
0x00007ffb6c330000 - 0x00007ffb6c3b2000 	C:\Windows\System32\bcryptPrimitives.dll
0x00007ffb5d420000 - 0x00007ffb5d448000 	C:\Program Files\Java\jdk-11.0.16\bin\java.dll
0x00007ffb5d410000 - 0x00007ffb5d41a000 	C:\Program Files\Java\jdk-11.0.16\bin\jimage.dll
0x00007ffb5cdb0000 - 0x00007ffb5cdc6000 	C:\Program Files\Java\jdk-11.0.16\bin\zip.dll
0x00007ffb6c7a0000 - 0x00007ffb6cee3000 	C:\Windows\System32\SHELL32.dll
0x00007ffb69c20000 - 0x00007ffb6a3b1000 	C:\Windows\SYSTEM32\windows.storage.dll
0x00007ffb6cef0000 - 0x00007ffb6d244000 	C:\Windows\System32\combase.dll
0x00007ffb6b420000 - 0x00007ffb6b450000 	C:\Windows\SYSTEM32\Wldp.dll
0x00007ffb6c6f0000 - 0x00007ffb6c79d000 	C:\Windows\System32\SHCORE.dll
0x00007ffb6d260000 - 0x00007ffb6d2b5000 	C:\Windows\System32\shlwapi.dll
0x00007ffb6bac0000 - 0x00007ffb6badf000 	C:\Windows\SYSTEM32\profapi.dll
0x00007ffb5c8d0000 - 0x00007ffb5c8e9000 	C:\Program Files\Java\jdk-11.0.16\bin\net.dll
0x00007ffb63260000 - 0x00007ffb6336d000 	C:\Windows\SYSTEM32\WINHTTP.dll
0x00007ffb6b200000 - 0x00007ffb6b26a000 	C:\Windows\system32\mswsock.dll
0x00007ffb5c8b0000 - 0x00007ffb5c8c2000 	C:\Program Files\Java\jdk-11.0.16\bin\nio.dll

dbghelp: loaded successfully - version: 4.0.5 - missing functions: none
symbol engine: initialized successfully - sym options: 0x614 - pdb path: .;C:\Program Files\Java\jdk-11.0.16\bin;C:\Windows\SYSTEM32;C:\Windows\WinSxS\amd64_microsoft.windows.common-controls_6595b64144ccf1df_6.0.19041.1110_none_60b5254171f9507e;C:\Program Files\Java\jdk-11.0.16\bin\server

VM Arguments:
jvm_args: -Dfile.encoding=windows-1252 -Duser.country=US -Duser.language=en -Duser.variant 
java_command: com.example.simple.calculator.SimpleCalculatorApplication
java_class_path (initial): C:\Users\sfjbs\simple-calculator\build\classes\java\main;C:\Users\sfjbs\simple-calculator\build\resources\main;C:\Users\sfjbs\.gradle\caches\modules-2\files-2.1\org.springframework.boot\spring-boot-starter-web\2.7.5\bb4099d0466a62c3b11ab9323babca13bb430a2e\spring-boot-starter-web-2.7.5.jar;C:\Users\sfjbs\.gradle\caches\modules-2\files-2.1\com.mysql\mysql-connector-j\8.0.31\3fd5850719d7e82d50705d34cc6a0037fab5731f\mysql-connector-j-8.0.31.jar;C:\Users\sfjbs\.gradle\caches\modules-2\files-2.1\org.springframework.boot\spring-boot-starter-json\2.7.5\9c7df04ff37b2e7471632ddeb4a296c5fb6bddee\spring-boot-starter-json-2.7.5.jar;C:\Users\sfjbs\.gradle\caches\modules-2\files-2.1\org.springframework.boot\spring-boot-starter\2.7.5\c28e1546461803490588085345ba5d2897d232bc\spring-boot-starter-2.7.5.jar;C:\Users\sfjbs\.gradle\caches\modules-2\files-2.1\org.springframework.boot\spring-boot-starter-tomcat\2.7.5\eb7849c52953de44d9712adf45398ccb1a7d4295\spring-boot-starter-tomcat-2.7.5.jar;C:\Users\sfjbs\.gradle\caches\modules-2\files-2.1\org.springframework\spring-webmvc\5.3.23\b163527c275b0374371890c0b76c2a2a09f9804b\spring-webmvc-5.3.23.jar;C:\Users\sfjbs\.gradle\caches\modules-2\files-2.1\org.springframework\spring-web\5.3.23\193f5276092d9cbe3222c63885b47ca7b2cce97\spring-web-5.3.23.jar;C:\Users\sfjbs\.gradle\caches\modules-2\files-2.1\org.springframework.boot\spring-boot-autoconfigure\2.7.5\96646e63a2296d0a3209383e81cdb8c87ab2f913\spring-boot-autoconfigure-2.7.5.jar;C:\Users\sfjbs\.gradle\caches\modules-2\files-2.1\org.springframework.boot\spring-boot\2.7.5\fd04e228e6e21b7ad13c10ae29afd31868d842e5\spring-boot-2.7.5.jar;C:\Users\sfjbs\.gradle\caches\modules-2\files-2.1\org.springframework.boot\spring-boot-starter-logging\2.7.5\61f4c53e35baa31a269bbeb7bb9d5e781448feef\spring-boot-starter-logging-2.7.5.jar;C:\Users\sfjbs\.gradle\caches\modules-2\files-2.1\jakarta.annotation\jakarta.annotation-api\1.3.5\59eb84ee0d616332ff44aba065f3888cf002cd2d\jakarta.ann
Launcher Type: SUN_STANDARD

[Global flags]
     intx CICompilerCount                          = 2                                         {product} {ergonomic}
     uint ConcGCThreads                            = 1                                         {product} {ergonomic}
     uint G1ConcRefinementThreads                  = 2                                         {product} {ergonomic}
   size_t G1HeapRegionSize                         = 1048576                                   {product} {ergonomic}
    uintx GCDrainStackTargetSize                   = 64                                        {product} {ergonomic}
   size_t InitialHeapSize                          = 134217728                                 {product} {ergonomic}
   size_t MarkStackSize                            = 4194304                                   {product} {ergonomic}
   size_t MaxHeapSize                              = 2147483648                                {product} {ergonomic}
   size_t MaxNewSize                               = 1287651328                                {product} {ergonomic}
   size_t MinHeapDeltaBytes                        = 1048576                                   {product} {ergonomic}
    uintx NonNMethodCodeHeapSize                   = 5825164                                {pd product} {ergonomic}
    uintx NonProfiledCodeHeapSize                  = 122916538                              {pd product} {ergonomic}
    uintx ProfiledCodeHeapSize                     = 122916538                              {pd product} {ergonomic}
    uintx ReservedCodeCacheSize                    = 251658240                              {pd product} {ergonomic}
     bool SegmentedCodeCache                       = true                                      {product} {ergonomic}
     bool UseCompressedClassPointers               = true                                 {lp64_product} {ergonomic}
     bool UseCompressedOops                        = true                                 {lp64_product} {ergonomic}
     bool UseG1GC                                  = true                                      {product} {ergonomic}
     bool UseLargePagesIndividualAllocation        = false                                  {pd product} {ergonomic}

Logging:
Log output configuration:
 #0: stdout all=warning uptime,level,tags
 #1: stderr all=off uptime,level,tags

Environment Variables:
PATH=C:\Program Files\Common Files\Oracle\Java\javapath;C:\Windows\system32;C:\Windows;C:\Windows\System32\Wbem;C:\Windows\System32\WindowsPowerShell\v1.0\;C:\Windows\System32\OpenSSH\;C:\Users\sfjbs\Downloads\micro service-20221021T071039Z-001\micro service\apache-maven-3.8.5-bin\apache-maven-3.8.5\bin;C:\Users\sfjbs\Downloads\micro service-20221021T071039Z-001\micro service\apache-maven-3.8.5-bin\apache-maven-3.8.5\lib;C:\Program Files\Git\cmd;C:\Program Files\Docker\Docker\resources\bin;C:\Users\sfjbs\AppData\Local\Microsoft\WindowsApps;C:\Users\sfjbs\Downloads\micro service-20221021T071039Z-001\micro service\apache-maven-3.8.5-bin\apache-maven-3.8.5\bin;C:\Users\sfjbs\Downloads\micro service-20221021T071039Z-001\micro service\apache-maven-3.8.5-bin\apache-maven-3.8.5\lib;;C:\Program Files\JetBrains\IntelliJ IDEA Community Edition 2022.2.1\bin;
USERNAME=sfjbs
OS=Windows_NT
PROCESSOR_IDENTIFIER=Intel64 Family 6 Model 106 Stepping 6, GenuineIntel



---------------  S Y S T E M  ---------------

OS: Windows 10 , 64 bit Build 19041 (10.0.19041.1889)
Hyper-V role detected

CPU:total 2 (initial active 2) (1 cores per cpu, 2 threads per core) family 6 model 106 stepping 6 microcode 0xffffffff, cmov, cx8, fxsr, mmx, sse, sse2, sse3, ssse3, sse4.1, sse4.2, popcnt, avx, avx2, aes, clmul, erms, rtm, 3dnowpref, lzcnt, ht, tsc, bmi1, bmi2, adx, evex, fma

Memory: 4k page, system-wide physical 8190M (925M free)
TotalPageFile size 10238M (AvailPageFile size 5M)
current process WorkingSet (physical memory assigned to process): 40M, peak: 40M
current process commit charge ("private bytes"): 193M, peak: 194M

vm_info: Java HotSpot(TM) 64-Bit Server VM (11.0.16+11-LTS-199) for windows-amd64 JRE (11.0.16+11-LTS-199), built on Jun 28 2022 08:23:17 by "mach5one" with MS VC++ 15.9 (VS2017)

END.
