#
# There is insufficient memory for the Java Runtime Environment to continue.
# Native memory allocation (malloc) failed to allocate 1369376 bytes for Chunk::new
# Possible reasons:
#   The system is out of physical RAM or swap space
#   The process is running with CompressedOops enabled, and the Java Heap may be blocking the growth of the native heap
# Possible solutions:
#   Reduce memory load on the system
#   Increase physical memory or swap space
#   Check if swap backing store is full
#   Decrease Java heap size (-Xmx/-Xms)
#   Decrease number of Java threads
#   Decrease Java thread stack sizes (-Xss)
#   Set larger code cache with -XX:ReservedCodeCacheSize=
#   JVM is running with Unscaled Compressed Oops mode in which the Java heap is
#     placed in the first 4GB address space. The Java Heap base address is the
#     maximum limit for the native heap growth. Please use -XX:HeapBaseMinAddress
#     to set the Java Heap base and to place the Java Heap above 4GB virtual address.
# This output file may be truncated or incomplete.
#
#  Out of Memory Error (./open/src/hotspot/share/memory/arena.cpp:197), pid=9020, tid=9292
#
# JRE version: Java(TM) SE Runtime Environment 18.9 (11.0.16+11) (build 11.0.16+11-LTS-199)
# Java VM: Java HotSpot(TM) 64-Bit Server VM 18.9 (11.0.16+11-LTS-199, mixed mode, tiered, compressed oops, g1 gc, windows-amd64)
# No core dump will be written. Minidumps are not enabled by default on client versions of Windows
#

---------------  S U M M A R Y ------------

Command Line: -Dfile.encoding=windows-1252 -Duser.country=US -Duser.language=en -Duser.variant com.example.simple.calculator.SimpleCalculatorApplication

Host: Intel(R) Xeon(R) Platinum 8370C CPU @ 2.80GHz, 2 cores, 7G,  Windows 10 , 64 bit Build 19041 (10.0.19041.1889)
Time: Wed Nov  2 05:10:23 2022 Coordinated Universal Time elapsed time: 4.279490 seconds (0d 0h 0m 4s)

---------------  T H R E A D  ---------------

Current thread (0x0000020e50da9800):  JavaThread "C2 CompilerThread0" daemon [_thread_in_native, id=9292, stack(0x0000007c64b00000,0x0000007c64c00000)]


Current CompileTask:
C2:   4279 2583   !   4       jdk.internal.loader.BuiltinClassLoader::loadClassOrNull (143 bytes)

Stack: [0x0000007c64b00000,0x0000007c64c00000]
Native frames: (J=compiled Java code, j=interpreted, Vv=VM code, C=native code)
V  [jvm.dll+0x62a3ea]
V  [jvm.dll+0x76418f]
V  [jvm.dll+0x765839]
V  [jvm.dll+0x765ec3]
V  [jvm.dll+0x23da98]
V  [jvm.dll+0xb2a1c]
V  [jvm.dll+0xb2fdc]
V  [jvm.dll+0x2ae814]
V  [jvm.dll+0x53d97b]
V  [jvm.dll+0x200877]
V  [jvm.dll+0x1fa5ba]
V  [jvm.dll+0x1f756d]
V  [jvm.dll+0x177c81]
V  [jvm.dll+0x207006]
V  [jvm.dll+0x20519b]
V  [jvm.dll+0x729fa0]
V  [jvm.dll+0x722b74]
V  [jvm.dll+0x629286]
C  [ucrtbase.dll+0x21bb2]
C  [KERNEL32.DLL+0x17034]
C  [ntdll.dll+0x526a1]


---------------  P R O C E S S  ---------------

Threads class SMR info:
_java_thread_list=0x0000020e52d0cc20, length=10, elements={
0x0000020e33abe000, 0x0000020e50d86000, 0x0000020e50d88000, 0x0000020e50da1800,
0x0000020e50da5800, 0x0000020e50da6800, 0x0000020e50da9800, 0x0000020e50dab800,
0x0000020e5176f000, 0x0000020e51867000
}

Java Threads: ( => current thread )
  0x0000020e33abe000 JavaThread "main" [_thread_in_vm, id=4084, stack(0x0000007c63f00000,0x0000007c64000000)]
  0x0000020e50d86000 JavaThread "Reference Handler" daemon [_thread_blocked, id=9156, stack(0x0000007c64600000,0x0000007c64700000)]
  0x0000020e50d88000 JavaThread "Finalizer" daemon [_thread_blocked, id=5008, stack(0x0000007c64700000,0x0000007c64800000)]
  0x0000020e50da1800 JavaThread "Signal Dispatcher" daemon [_thread_blocked, id=1152, stack(0x0000007c64800000,0x0000007c64900000)]
  0x0000020e50da5800 JavaThread "Attach Listener" daemon [_thread_blocked, id=12236, stack(0x0000007c64900000,0x0000007c64a00000)]
  0x0000020e50da6800 JavaThread "Service Thread" daemon [_thread_blocked, id=7452, stack(0x0000007c64a00000,0x0000007c64b00000)]
=>0x0000020e50da9800 JavaThread "C2 CompilerThread0" daemon [_thread_in_native, id=9292, stack(0x0000007c64b00000,0x0000007c64c00000)]
  0x0000020e50dab800 JavaThread "C1 CompilerThread0" daemon [_thread_blocked, id=8860, stack(0x0000007c64c00000,0x0000007c64d00000)]
  0x0000020e5176f000 JavaThread "Sweeper thread" daemon [_thread_blocked, id=10112, stack(0x0000007c64d00000,0x0000007c64e00000)]
  0x0000020e51867000 JavaThread "Common-Cleaner" daemon [_thread_blocked, id=7396, stack(0x0000007c64f00000,0x0000007c65000000)]

Other Threads:
  0x0000020e50d84800 VMThread "VM Thread" [stack: 0x0000007c64500000,0x0000007c64600000] [id=1168]
  0x0000020e51870800 WatcherThread [stack: 0x0000007c64e00000,0x0000007c64f00000] [id=1400]
  0x0000020e33ad3000 GCTaskThread "GC Thread#0" [stack: 0x0000007c64000000,0x0000007c64100000] [id=1932]
  0x0000020e51b68000 GCTaskThread "GC Thread#1" [stack: 0x0000007c65000000,0x0000007c65100000] [id=7292]
  0x0000020e33b05000 ConcurrentGCThread "G1 Main Marker" [stack: 0x0000007c64100000,0x0000007c64200000] [id=9760]
  0x0000020e33b08800 ConcurrentGCThread "G1 Conc#0" [stack: 0x0000007c64200000,0x0000007c64300000] [id=2212]
  0x0000020e33b91000 ConcurrentGCThread "G1 Refine#0" [stack: 0x0000007c64300000,0x0000007c64400000] [id=8788]
  0x0000020e33b93000 ConcurrentGCThread "G1 Young RemSet Sampling" [stack: 0x0000007c64400000,0x0000007c64500000] [id=6192]

Threads with active compile tasks:
C2 CompilerThread0     4297 2583   !   4       jdk.internal.loader.BuiltinClassLoader::loadClassOrNull (143 bytes)

VM state:not at safepoint (normal execution)

VM Mutex/Monitor currently owned by a thread:  ([mutex/lock_event])
[0x0000020e33ab9db0] AdapterHandlerLibrary_lock - owner thread: 0x0000000000000000

Heap address: 0x0000000080000000, size: 2048 MB, Compressed Oops mode: 32-bit
Narrow klass base: 0x0000000000000000, Narrow klass shift: 3
Compressed class space size: 1073741824 Address: 0x0000000100000000

Heap:
 garbage-first heap   total 157696K, used 20598K [0x0000000080000000, 0x0000000100000000)
  region size 1024K, 18 young (18432K), 4 survivors (4096K)
 Metaspace       used 27302K, capacity 27966K, committed 28288K, reserved 1075200K
  class space    used 3099K, capacity 3357K, committed 3456K, reserved 1048576K
Heap Regions: E=young(eden), S=young(survivor), O=old, HS=humongous(starts), HC=humongous(continues), CS=collection set, F=free, A=archive, TAMS=top-at-mark-start (previous, next)
|   0|0x0000000080000000, 0x0000000080100000, 0x0000000080100000|100%| O|  |TAMS 0x0000000080100000, 0x0000000080000000| Untracked 
|   1|0x0000000080100000, 0x0000000080200000, 0x0000000080200000|100%| O|  |TAMS 0x0000000080200000, 0x0000000080100000| Untracked 
|   2|0x0000000080200000, 0x0000000080300000, 0x0000000080300000|100%| O|  |TAMS 0x0000000080300000, 0x0000000080200000| Untracked 
|   3|0x0000000080300000, 0x000000008037d800, 0x0000000080400000| 49%| O|  |TAMS 0x000000008037d800, 0x0000000080300000| Untracked 
|   4|0x0000000080400000, 0x0000000080400000, 0x0000000080500000|  0%| F|  |TAMS 0x0000000080400000, 0x0000000080400000| Untracked 
|   5|0x0000000080500000, 0x0000000080500000, 0x0000000080600000|  0%| F|  |TAMS 0x0000000080500000, 0x0000000080500000| Untracked 
|   6|0x0000000080600000, 0x0000000080600000, 0x0000000080700000|  0%| F|  |TAMS 0x0000000080600000, 0x0000000080600000| Untracked 
|   7|0x0000000080700000, 0x0000000080700000, 0x0000000080800000|  0%| F|  |TAMS 0x0000000080700000, 0x0000000080700000| Untracked 
|   8|0x0000000080800000, 0x0000000080800000, 0x0000000080900000|  0%| F|  |TAMS 0x0000000080800000, 0x0000000080800000| Untracked 
|   9|0x0000000080900000, 0x0000000080900000, 0x0000000080a00000|  0%| F|  |TAMS 0x0000000080900000, 0x0000000080900000| Untracked 
|  10|0x0000000080a00000, 0x0000000080a00000, 0x0000000080b00000|  0%| F|  |TAMS 0x0000000080a00000, 0x0000000080a00000| Untracked 
|  11|0x0000000080b00000, 0x0000000080b00000, 0x0000000080c00000|  0%| F|  |TAMS 0x0000000080b00000, 0x0000000080b00000| Untracked 
|  12|0x0000000080c00000, 0x0000000080c00000, 0x0000000080d00000|  0%| F|  |TAMS 0x0000000080c00000, 0x0000000080c00000| Untracked 
|  13|0x0000000080d00000, 0x0000000080d00000, 0x0000000080e00000|  0%| F|  |TAMS 0x0000000080d00000, 0x0000000080d00000| Untracked 
|  14|0x0000000080e00000, 0x0000000080e00000, 0x0000000080f00000|  0%| F|  |TAMS 0x0000000080e00000, 0x0000000080e00000| Untracked 
|  15|0x0000000080f00000, 0x0000000080f00000, 0x0000000081000000|  0%| F|  |TAMS 0x0000000080f00000, 0x0000000080f00000| Untracked 
|  16|0x0000000081000000, 0x0000000081000000, 0x0000000081100000|  0%| F|  |TAMS 0x0000000081000000, 0x0000000081000000| Untracked 
|  17|0x0000000081100000, 0x0000000081100000, 0x0000000081200000|  0%| F|  |TAMS 0x0000000081100000, 0x0000000081100000| Untracked 
|  18|0x0000000081200000, 0x0000000081200000, 0x0000000081300000|  0%| F|  |TAMS 0x0000000081200000, 0x0000000081200000| Untracked 
|  19|0x0000000081300000, 0x0000000081300000, 0x0000000081400000|  0%| F|  |TAMS 0x0000000081300000, 0x0000000081300000| Untracked 
|  20|0x0000000081400000, 0x0000000081400000, 0x0000000081500000|  0%| F|  |TAMS 0x0000000081400000, 0x0000000081400000| Untracked 
|  21|0x0000000081500000, 0x0000000081500000, 0x0000000081600000|  0%| F|  |TAMS 0x0000000081500000, 0x0000000081500000| Untracked 
|  22|0x0000000081600000, 0x0000000081600000, 0x0000000081700000|  0%| F|  |TAMS 0x0000000081600000, 0x0000000081600000| Untracked 
|  23|0x0000000081700000, 0x0000000081700000, 0x0000000081800000|  0%| F|  |TAMS 0x0000000081700000, 0x0000000081700000| Untracked 
|  24|0x0000000081800000, 0x0000000081800000, 0x0000000081900000|  0%| F|  |TAMS 0x0000000081800000, 0x0000000081800000| Untracked 
|  25|0x0000000081900000, 0x0000000081900000, 0x0000000081a00000|  0%| F|  |TAMS 0x0000000081900000, 0x0000000081900000| Untracked 
|  26|0x0000000081a00000, 0x0000000081a00000, 0x0000000081b00000|  0%| F|  |TAMS 0x0000000081a00000, 0x0000000081a00000| Untracked 
|  27|0x0000000081b00000, 0x0000000081b00000, 0x0000000081c00000|  0%| F|  |TAMS 0x0000000081b00000, 0x0000000081b00000| Untracked 
|  28|0x0000000081c00000, 0x0000000081c00000, 0x0000000081d00000|  0%| F|  |TAMS 0x0000000081c00000, 0x0000000081c00000| Untracked 
|  29|0x0000000081d00000, 0x0000000081d00000, 0x0000000081e00000|  0%| F|  |TAMS 0x0000000081d00000, 0x0000000081d00000| Untracked 
|  30|0x0000000081e00000, 0x0000000081e00000, 0x0000000081f00000|  0%| F|  |TAMS 0x0000000081e00000, 0x0000000081e00000| Untracked 
|  31|0x0000000081f00000, 0x0000000081f00000, 0x0000000082000000|  0%| F|  |TAMS 0x0000000081f00000, 0x0000000081f00000| Untracked 
|  32|0x0000000082000000, 0x0000000082000000, 0x0000000082100000|  0%| F|  |TAMS 0x0000000082000000, 0x0000000082000000| Untracked 
|  33|0x0000000082100000, 0x0000000082100000, 0x0000000082200000|  0%| F|  |TAMS 0x0000000082100000, 0x0000000082100000| Untracked 
|  34|0x0000000082200000, 0x0000000082200000, 0x0000000082300000|  0%| F|  |TAMS 0x0000000082200000, 0x0000000082200000| Untracked 
|  35|0x0000000082300000, 0x0000000082300000, 0x0000000082400000|  0%| F|  |TAMS 0x0000000082300000, 0x0000000082300000| Untracked 
|  36|0x0000000082400000, 0x0000000082400000, 0x0000000082500000|  0%| F|  |TAMS 0x0000000082400000, 0x0000000082400000| Untracked 
|  37|0x0000000082500000, 0x0000000082500000, 0x0000000082600000|  0%| F|  |TAMS 0x0000000082500000, 0x0000000082500000| Untracked 
|  38|0x0000000082600000, 0x0000000082600000, 0x0000000082700000|  0%| F|  |TAMS 0x0000000082600000, 0x0000000082600000| Untracked 
|  39|0x0000000082700000, 0x0000000082700000, 0x0000000082800000|  0%| F|  |TAMS 0x0000000082700000, 0x0000000082700000| Untracked 
|  40|0x0000000082800000, 0x0000000082800000, 0x0000000082900000|  0%| F|  |TAMS 0x0000000082800000, 0x0000000082800000| Untracked 
|  41|0x0000000082900000, 0x0000000082900000, 0x0000000082a00000|  0%| F|  |TAMS 0x0000000082900000, 0x0000000082900000| Untracked 
|  42|0x0000000082a00000, 0x0000000082a00000, 0x0000000082b00000|  0%| F|  |TAMS 0x0000000082a00000, 0x0000000082a00000| Untracked 
|  43|0x0000000082b00000, 0x0000000082b00000, 0x0000000082c00000|  0%| F|  |TAMS 0x0000000082b00000, 0x0000000082b00000| Untracked 
|  44|0x0000000082c00000, 0x0000000082c00000, 0x0000000082d00000|  0%| F|  |TAMS 0x0000000082c00000, 0x0000000082c00000| Untracked 
|  45|0x0000000082d00000, 0x0000000082d00000, 0x0000000082e00000|  0%| F|  |TAMS 0x0000000082d00000, 0x0000000082d00000| Untracked 
|  46|0x0000000082e00000, 0x0000000082e00000, 0x0000000082f00000|  0%| F|  |TAMS 0x0000000082e00000, 0x0000000082e00000| Untracked 
|  47|0x0000000082f00000, 0x0000000082f00000, 0x0000000083000000|  0%| F|  |TAMS 0x0000000082f00000, 0x0000000082f00000| Untracked 
|  48|0x0000000083000000, 0x0000000083000000, 0x0000000083100000|  0%| F|  |TAMS 0x0000000083000000, 0x0000000083000000| Untracked 
|  49|0x0000000083100000, 0x0000000083100000, 0x0000000083200000|  0%| F|  |TAMS 0x0000000083100000, 0x0000000083100000| Untracked 
|  50|0x0000000083200000, 0x0000000083200000, 0x0000000083300000|  0%| F|  |TAMS 0x0000000083200000, 0x0000000083200000| Untracked 
|  51|0x0000000083300000, 0x0000000083300000, 0x0000000083400000|  0%| F|  |TAMS 0x0000000083300000, 0x0000000083300000| Untracked 
|  52|0x0000000083400000, 0x0000000083400000, 0x0000000083500000|  0%| F|  |TAMS 0x0000000083400000, 0x0000000083400000| Untracked 
|  53|0x0000000083500000, 0x0000000083500000, 0x0000000083600000|  0%| F|  |TAMS 0x0000000083500000, 0x0000000083500000| Untracked 
|  54|0x0000000083600000, 0x0000000083600000, 0x0000000083700000|  0%| F|  |TAMS 0x0000000083600000, 0x0000000083600000| Untracked 
|  55|0x0000000083700000, 0x0000000083700000, 0x0000000083800000|  0%| F|  |TAMS 0x0000000083700000, 0x0000000083700000| Untracked 
|  56|0x0000000083800000, 0x0000000083800000, 0x0000000083900000|  0%| F|  |TAMS 0x0000000083800000, 0x0000000083800000| Untracked 
|  57|0x0000000083900000, 0x0000000083900000, 0x0000000083a00000|  0%| F|  |TAMS 0x0000000083900000, 0x0000000083900000| Untracked 
|  58|0x0000000083a00000, 0x0000000083a00000, 0x0000000083b00000|  0%| F|  |TAMS 0x0000000083a00000, 0x0000000083a00000| Untracked 
|  59|0x0000000083b00000, 0x0000000083b00000, 0x0000000083c00000|  0%| F|  |TAMS 0x0000000083b00000, 0x0000000083b00000| Untracked 
|  60|0x0000000083c00000, 0x0000000083c00000, 0x0000000083d00000|  0%| F|  |TAMS 0x0000000083c00000, 0x0000000083c00000| Untracked 
|  61|0x0000000083d00000, 0x0000000083d00000, 0x0000000083e00000|  0%| F|  |TAMS 0x0000000083d00000, 0x0000000083d00000| Untracked 
|  62|0x0000000083e00000, 0x0000000083e00000, 0x0000000083f00000|  0%| F|  |TAMS 0x0000000083e00000, 0x0000000083e00000| Untracked 
|  63|0x0000000083f00000, 0x0000000083f00000, 0x0000000084000000|  0%| F|  |TAMS 0x0000000083f00000, 0x0000000083f00000| Untracked 
|  64|0x0000000084000000, 0x0000000084000000, 0x0000000084100000|  0%| F|  |TAMS 0x0000000084000000, 0x0000000084000000| Untracked 
|  65|0x0000000084100000, 0x0000000084100000, 0x0000000084200000|  0%| F|  |TAMS 0x0000000084100000, 0x0000000084100000| Untracked 
|  66|0x0000000084200000, 0x0000000084200000, 0x0000000084300000|  0%| F|  |TAMS 0x0000000084200000, 0x0000000084200000| Untracked 
|  67|0x0000000084300000, 0x0000000084300000, 0x0000000084400000|  0%| F|  |TAMS 0x0000000084300000, 0x0000000084300000| Untracked 
|  68|0x0000000084400000, 0x0000000084400000, 0x0000000084500000|  0%| F|  |TAMS 0x0000000084400000, 0x0000000084400000| Untracked 
|  69|0x0000000084500000, 0x0000000084500000, 0x0000000084600000|  0%| F|  |TAMS 0x0000000084500000, 0x0000000084500000| Untracked 
|  70|0x0000000084600000, 0x0000000084600000, 0x0000000084700000|  0%| F|  |TAMS 0x0000000084600000, 0x0000000084600000| Untracked 
|  71|0x0000000084700000, 0x0000000084700000, 0x0000000084800000|  0%| F|  |TAMS 0x0000000084700000, 0x0000000084700000| Untracked 
|  72|0x0000000084800000, 0x0000000084800000, 0x0000000084900000|  0%| F|  |TAMS 0x0000000084800000, 0x0000000084800000| Untracked 
|  73|0x0000000084900000, 0x0000000084900000, 0x0000000084a00000|  0%| F|  |TAMS 0x0000000084900000, 0x0000000084900000| Untracked 
|  74|0x0000000084a00000, 0x0000000084a00000, 0x0000000084b00000|  0%| F|  |TAMS 0x0000000084a00000, 0x0000000084a00000| Untracked 
|  75|0x0000000084b00000, 0x0000000084b00000, 0x0000000084c00000|  0%| F|  |TAMS 0x0000000084b00000, 0x0000000084b00000| Untracked 
|  76|0x0000000084c00000, 0x0000000084c00000, 0x0000000084d00000|  0%| F|  |TAMS 0x0000000084c00000, 0x0000000084c00000| Untracked 
|  77|0x0000000084d00000, 0x0000000084d00000, 0x0000000084e00000|  0%| F|  |TAMS 0x0000000084d00000, 0x0000000084d00000| Untracked 
|  78|0x0000000084e00000, 0x0000000084e00000, 0x0000000084f00000|  0%| F|  |TAMS 0x0000000084e00000, 0x0000000084e00000| Untracked 
|  79|0x0000000084f00000, 0x0000000084f00000, 0x0000000085000000|  0%| F|  |TAMS 0x0000000084f00000, 0x0000000084f00000| Untracked 
|  80|0x0000000085000000, 0x0000000085000000, 0x0000000085100000|  0%| F|  |TAMS 0x0000000085000000, 0x0000000085000000| Untracked 
|  81|0x0000000085100000, 0x0000000085100000, 0x0000000085200000|  0%| F|  |TAMS 0x0000000085100000, 0x0000000085100000| Untracked 
|  82|0x0000000085200000, 0x0000000085200000, 0x0000000085300000|  0%| F|  |TAMS 0x0000000085200000, 0x0000000085200000| Untracked 
|  83|0x0000000085300000, 0x0000000085300000, 0x0000000085400000|  0%| F|  |TAMS 0x0000000085300000, 0x0000000085300000| Untracked 
|  84|0x0000000085400000, 0x0000000085400000, 0x0000000085500000|  0%| F|  |TAMS 0x0000000085400000, 0x0000000085400000| Untracked 
|  85|0x0000000085500000, 0x0000000085500000, 0x0000000085600000|  0%| F|  |TAMS 0x0000000085500000, 0x0000000085500000| Untracked 
|  86|0x0000000085600000, 0x0000000085600000, 0x0000000085700000|  0%| F|  |TAMS 0x0000000085600000, 0x0000000085600000| Untracked 
|  87|0x0000000085700000, 0x0000000085700000, 0x0000000085800000|  0%| F|  |TAMS 0x0000000085700000, 0x0000000085700000| Untracked 
|  88|0x0000000085800000, 0x0000000085800000, 0x0000000085900000|  0%| F|  |TAMS 0x0000000085800000, 0x0000000085800000| Untracked 
|  89|0x0000000085900000, 0x0000000085900000, 0x0000000085a00000|  0%| F|  |TAMS 0x0000000085900000, 0x0000000085900000| Untracked 
|  90|0x0000000085a00000, 0x0000000085a00000, 0x0000000085b00000|  0%| F|  |TAMS 0x0000000085a00000, 0x0000000085a00000| Untracked 
|  91|0x0000000085b00000, 0x0000000085b00000, 0x0000000085c00000|  0%| F|  |TAMS 0x0000000085b00000, 0x0000000085b00000| Untracked 
|  92|0x0000000085c00000, 0x0000000085c00000, 0x0000000085d00000|  0%| F|  |TAMS 0x0000000085c00000, 0x0000000085c00000| Untracked 
|  93|0x0000000085d00000, 0x0000000085d00000, 0x0000000085e00000|  0%| F|  |TAMS 0x0000000085d00000, 0x0000000085d00000| Untracked 
|  94|0x0000000085e00000, 0x0000000085e00000, 0x0000000085f00000|  0%| F|  |TAMS 0x0000000085e00000, 0x0000000085e00000| Untracked 
|  95|0x0000000085f00000, 0x0000000085f00000, 0x0000000086000000|  0%| F|  |TAMS 0x0000000085f00000, 0x0000000085f00000| Untracked 
|  96|0x0000000086000000, 0x0000000086000000, 0x0000000086100000|  0%| F|  |TAMS 0x0000000086000000, 0x0000000086000000| Untracked 
|  97|0x0000000086100000, 0x0000000086100000, 0x0000000086200000|  0%| F|  |TAMS 0x0000000086100000, 0x0000000086100000| Untracked 
|  98|0x0000000086200000, 0x0000000086200000, 0x0000000086300000|  0%| F|  |TAMS 0x0000000086200000, 0x0000000086200000| Untracked 
|  99|0x0000000086300000, 0x0000000086300000, 0x0000000086400000|  0%| F|  |TAMS 0x0000000086300000, 0x0000000086300000| Untracked 
| 100|0x0000000086400000, 0x0000000086400000, 0x0000000086500000|  0%| F|  |TAMS 0x0000000086400000, 0x0000000086400000| Untracked 
| 101|0x0000000086500000, 0x0000000086500000, 0x0000000086600000|  0%| F|  |TAMS 0x0000000086500000, 0x0000000086500000| Untracked 
| 102|0x0000000086600000, 0x0000000086600000, 0x0000000086700000|  0%| F|  |TAMS 0x0000000086600000, 0x0000000086600000| Untracked 
| 103|0x0000000086700000, 0x0000000086700000, 0x0000000086800000|  0%| F|  |TAMS 0x0000000086700000, 0x0000000086700000| Untracked 
| 104|0x0000000086800000, 0x0000000086800000, 0x0000000086900000|  0%| F|  |TAMS 0x0000000086800000, 0x0000000086800000| Untracked 
| 105|0x0000000086900000, 0x0000000086900000, 0x0000000086a00000|  0%| F|  |TAMS 0x0000000086900000, 0x0000000086900000| Untracked 
| 106|0x0000000086a00000, 0x0000000086a00000, 0x0000000086b00000|  0%| F|  |TAMS 0x0000000086a00000, 0x0000000086a00000| Untracked 
| 107|0x0000000086b00000, 0x0000000086b00000, 0x0000000086c00000|  0%| F|  |TAMS 0x0000000086b00000, 0x0000000086b00000| Untracked 
| 108|0x0000000086c00000, 0x0000000086c00000, 0x0000000086d00000|  0%| F|  |TAMS 0x0000000086c00000, 0x0000000086c00000| Untracked 
| 109|0x0000000086d00000, 0x0000000086d00000, 0x0000000086e00000|  0%| F|  |TAMS 0x0000000086d00000, 0x0000000086d00000| Untracked 
| 110|0x0000000086e00000, 0x0000000086e00000, 0x0000000086f00000|  0%| F|  |TAMS 0x0000000086e00000, 0x0000000086e00000| Untracked 
| 111|0x0000000086f00000, 0x0000000086f00000, 0x0000000087000000|  0%| F|  |TAMS 0x0000000086f00000, 0x0000000086f00000| Untracked 
| 112|0x0000000087000000, 0x0000000087000000, 0x0000000087100000|  0%| F|  |TAMS 0x0000000087000000, 0x0000000087000000| Untracked 
| 113|0x0000000087100000, 0x0000000087100000, 0x0000000087200000|  0%| F|  |TAMS 0x0000000087100000, 0x0000000087100000| Untracked 
| 114|0x0000000087200000, 0x0000000087200000, 0x0000000087300000|  0%| F|  |TAMS 0x0000000087200000, 0x0000000087200000| Untracked 
| 115|0x0000000087300000, 0x0000000087300000, 0x0000000087400000|  0%| F|  |TAMS 0x0000000087300000, 0x0000000087300000| Untracked 
| 116|0x0000000087400000, 0x0000000087400000, 0x0000000087500000|  0%| F|  |TAMS 0x0000000087400000, 0x0000000087400000| Untracked 
| 117|0x0000000087500000, 0x0000000087500000, 0x0000000087600000|  0%| F|  |TAMS 0x0000000087500000, 0x0000000087500000| Untracked 
| 118|0x0000000087600000, 0x0000000087600000, 0x0000000087700000|  0%| F|  |TAMS 0x0000000087600000, 0x0000000087600000| Untracked 
| 119|0x0000000087700000, 0x00000000877a0020, 0x0000000087800000| 62%| S|CS|TAMS 0x0000000087700000, 0x0000000087700000| Complete 
| 120|0x0000000087800000, 0x0000000087900000, 0x0000000087900000|100%| S|CS|TAMS 0x0000000087800000, 0x0000000087800000| Complete 
| 121|0x0000000087900000, 0x0000000087a00000, 0x0000000087a00000|100%| S|CS|TAMS 0x0000000087900000, 0x0000000087900000| Complete 
| 122|0x0000000087a00000, 0x0000000087b00000, 0x0000000087b00000|100%| S|CS|TAMS 0x0000000087a00000, 0x0000000087a00000| Complete 
| 123|0x0000000087b00000, 0x0000000087b00000, 0x0000000087c00000|  0%| F|  |TAMS 0x0000000087b00000, 0x0000000087b00000| Untracked 
| 124|0x0000000087c00000, 0x0000000087c00000, 0x0000000087d00000|  0%| F|  |TAMS 0x0000000087c00000, 0x0000000087c00000| Untracked 
| 125|0x0000000087d00000, 0x0000000087d00000, 0x0000000087e00000|  0%| F|  |TAMS 0x0000000087d00000, 0x0000000087d00000| Untracked 
| 126|0x0000000087e00000, 0x0000000087e00000, 0x0000000087f00000|  0%| F|  |TAMS 0x0000000087e00000, 0x0000000087e00000| Untracked 
| 127|0x0000000087f00000, 0x0000000087f00000, 0x0000000088000000|  0%| F|  |TAMS 0x0000000087f00000, 0x0000000087f00000| Untracked 
| 128|0x0000000088000000, 0x0000000088000000, 0x0000000088100000|  0%| F|  |TAMS 0x0000000088000000, 0x0000000088000000| Untracked 
| 129|0x0000000088100000, 0x0000000088100000, 0x0000000088200000|  0%| F|  |TAMS 0x0000000088100000, 0x0000000088100000| Untracked 
| 130|0x0000000088200000, 0x0000000088200000, 0x0000000088300000|  0%| F|  |TAMS 0x0000000088200000, 0x0000000088200000| Untracked 
| 131|0x0000000088300000, 0x0000000088300000, 0x0000000088400000|  0%| F|  |TAMS 0x0000000088300000, 0x0000000088300000| Untracked 
| 132|0x0000000088400000, 0x0000000088400000, 0x0000000088500000|  0%| F|  |TAMS 0x0000000088400000, 0x0000000088400000| Untracked 
| 133|0x0000000088500000, 0x0000000088500000, 0x0000000088600000|  0%| F|  |TAMS 0x0000000088500000, 0x0000000088500000| Untracked 
| 134|0x0000000088600000, 0x0000000088600000, 0x0000000088700000|  0%| F|  |TAMS 0x0000000088600000, 0x0000000088600000| Untracked 
| 135|0x0000000088700000, 0x0000000088700000, 0x0000000088800000|  0%| F|  |TAMS 0x0000000088700000, 0x0000000088700000| Untracked 
| 136|0x0000000088800000, 0x0000000088800000, 0x0000000088900000|  0%| F|  |TAMS 0x0000000088800000, 0x0000000088800000| Untracked 
| 137|0x0000000088900000, 0x0000000088900000, 0x0000000088a00000|  0%| F|  |TAMS 0x0000000088900000, 0x0000000088900000| Untracked 
| 138|0x0000000088a00000, 0x0000000088a00000, 0x0000000088b00000|  0%| F|  |TAMS 0x0000000088a00000, 0x0000000088a00000| Untracked 
| 139|0x0000000088b00000, 0x0000000088b00000, 0x0000000088c00000|  0%| F|  |TAMS 0x0000000088b00000, 0x0000000088b00000| Untracked 
| 140|0x0000000088c00000, 0x0000000088d00000, 0x0000000088d00000|100%| E|  |TAMS 0x0000000088c00000, 0x0000000088c00000| Complete 
| 141|0x0000000088d00000, 0x0000000088e00000, 0x0000000088e00000|100%| E|CS|TAMS 0x0000000088d00000, 0x0000000088d00000| Complete 
| 142|0x0000000088e00000, 0x0000000088f00000, 0x0000000088f00000|100%| E|CS|TAMS 0x0000000088e00000, 0x0000000088e00000| Complete 
| 143|0x0000000088f00000, 0x0000000089000000, 0x0000000089000000|100%| E|CS|TAMS 0x0000000088f00000, 0x0000000088f00000| Complete 
| 144|0x0000000089000000, 0x0000000089100000, 0x0000000089100000|100%| E|CS|TAMS 0x0000000089000000, 0x0000000089000000| Complete 
| 145|0x0000000089100000, 0x0000000089200000, 0x0000000089200000|100%| E|CS|TAMS 0x0000000089100000, 0x0000000089100000| Complete 
| 146|0x0000000089200000, 0x0000000089300000, 0x0000000089300000|100%| E|CS|TAMS 0x0000000089200000, 0x0000000089200000| Complete 
| 147|0x0000000089300000, 0x0000000089400000, 0x0000000089400000|100%| E|CS|TAMS 0x0000000089300000, 0x0000000089300000| Complete 
| 148|0x0000000089400000, 0x0000000089500000, 0x0000000089500000|100%| E|CS|TAMS 0x0000000089400000, 0x0000000089400000| Complete 
| 149|0x0000000089500000, 0x0000000089600000, 0x0000000089600000|100%| E|CS|TAMS 0x0000000089500000, 0x0000000089500000| Complete 
| 150|0x0000000089600000, 0x0000000089700000, 0x0000000089700000|100%| E|CS|TAMS 0x0000000089600000, 0x0000000089600000| Complete 
| 151|0x0000000089700000, 0x0000000089800000, 0x0000000089800000|100%| E|CS|TAMS 0x0000000089700000, 0x0000000089700000| Complete 
| 152|0x0000000089800000, 0x0000000089900000, 0x0000000089900000|100%| E|CS|TAMS 0x0000000089800000, 0x0000000089800000| Complete 
| 153|0x0000000089900000, 0x0000000089a00000, 0x0000000089a00000|100%| E|CS|TAMS 0x0000000089900000, 0x0000000089900000| Complete 

Card table byte_map: [0x0000020e4a170000,0x0000020e4a570000] _byte_map_base: 0x0000020e49d70000

Marking Bits (Prev, Next): (CMBitMap*) 0x0000020e33afc400, (CMBitMap*) 0x0000020e33afc3c8
 Prev Bits: [0x0000020e4c970000, 0x0000020e4e970000)
 Next Bits: [0x0000020e4a970000, 0x0000020e4c970000)

Polling page: 0x0000020e319c0000

Metaspace:

Usage:
  Non-class:     24.04 MB capacity,    23.67 MB ( 98%) used,   293.38 KB (  1%) free+waste,    77.50 KB ( <1%) overhead. 
      Class:      3.28 MB capacity,     3.03 MB ( 92%) used,   214.80 KB (  6%) free+waste,    38.19 KB (  1%) overhead. 
       Both:     27.32 MB capacity,    26.71 MB ( 98%) used,   508.18 KB (  2%) free+waste,   115.69 KB ( <1%) overhead. 

Virtual space:
  Non-class space:       26.00 MB reserved,      24.25 MB ( 93%) committed 
      Class space:        1.00 GB reserved,       3.38 MB ( <1%) committed 
             Both:        1.03 GB reserved,      27.63 MB (  3%) committed 

Chunk freelists:
   Non-Class:  3.38 KB
       Class:  0 bytes
        Both:  3.38 KB

CodeHeap 'non-profiled nmethods': size=120064Kb used=989Kb max_used=989Kb free=119075Kb
 bounds [0x0000020e42c30000, 0x0000020e42ea0000, 0x0000020e4a170000]
CodeHeap 'profiled nmethods': size=120000Kb used=5625Kb max_used=5625Kb free=114374Kb
 bounds [0x0000020e3b700000, 0x0000020e3bc80000, 0x0000020e42c30000]
CodeHeap 'non-nmethods': size=5696Kb used=1136Kb max_used=1164Kb free=4559Kb
 bounds [0x0000020e3b170000, 0x0000020e3b3e0000, 0x0000020e3b700000]
 total_blobs=3099 nmethods=2654 adapters=356
 compilation: enabled
              stopped_count=0, restarted_count=0
 full_count=0

Compilation events (10 events):
Event: 4.264 Thread 0x0000020e50dab800 2651       3       java.util.ArrayList::indexOf (11 bytes)
Event: 4.264 Thread 0x0000020e50dab800 nmethod 2651 0x0000020e3bc79410 code [0x0000020e3bc795c0, 0x0000020e3bc79788]
Event: 4.264 Thread 0x0000020e50dab800 2652       3       java.util.ArrayList::contains (14 bytes)
Event: 4.264 Thread 0x0000020e50dab800 nmethod 2652 0x0000020e3bc79810 code [0x0000020e3bc799c0, 0x0000020e3bc79ca8]
Event: 4.270 Thread 0x0000020e50dab800 2653       3       java.lang.reflect.Proxy::<init> (15 bytes)
Event: 4.270 Thread 0x0000020e50dab800 nmethod 2653 0x0000020e3bc79d90 code [0x0000020e3bc79f40, 0x0000020e3bc7a248]
Event: 4.270 Thread 0x0000020e50dab800 2654       3       sun.reflect.annotation.AnnotationInvocationHandler::cloneArray (143 bytes)
Event: 4.272 Thread 0x0000020e50dab800 nmethod 2654 0x0000020e3bc7a390 code [0x0000020e3bc7a660, 0x0000020e3bc7b908]
Event: 4.272 Thread 0x0000020e50dab800 2655       1       org.springframework.beans.factory.config.SmartInstantiationAwareBeanPostProcessor::predictBeanType (2 bytes)
Event: 4.272 Thread 0x0000020e50dab800 nmethod 2655 0x0000020e42d26e10 code [0x0000020e42d26fa0, 0x0000020e42d27058]

GC Heap History (10 events):
Event: 0.938 GC heap before
{Heap before GC invocations=1 (full 0):
 garbage-first heap   total 131072K, used 8148K [0x0000000080000000, 0x0000000100000000)
  region size 1024K, 6 young (6144K), 1 survivors (1024K)
 Metaspace       used 9943K, capacity 10073K, committed 10240K, reserved 1058816K
  class space    used 928K, capacity 976K, committed 1024K, reserved 1048576K
}
Event: 0.943 GC heap after
{Heap after GC invocations=2 (full 0):
 garbage-first heap   total 131072K, used 3653K [0x0000000080000000, 0x0000000100000000)
  region size 1024K, 1 young (1024K), 1 survivors (1024K)
 Metaspace       used 9943K, capacity 10073K, committed 10240K, reserved 1058816K
  class space    used 928K, capacity 976K, committed 1024K, reserved 1048576K
}
Event: 1.643 GC heap before
{Heap before GC invocations=2 (full 0):
 garbage-first heap   total 131072K, used 15941K [0x0000000080000000, 0x0000000100000000)
  region size 1024K, 13 young (13312K), 1 survivors (1024K)
 Metaspace       used 14249K, capacity 14566K, committed 14720K, reserved 1062912K
  class space    used 1451K, capacity 1573K, committed 1664K, reserved 1048576K
}
Event: 1.649 GC heap after
{Heap after GC invocations=3 (full 0):
 garbage-first heap   total 131072K, used 4647K [0x0000000080000000, 0x0000000100000000)
  region size 1024K, 2 young (2048K), 2 survivors (2048K)
 Metaspace       used 14249K, capacity 14566K, committed 14720K, reserved 1062912K
  class space    used 1451K, capacity 1573K, committed 1664K, reserved 1048576K
}
Event: 2.323 GC heap before
{Heap before GC invocations=3 (full 0):
 garbage-first heap   total 131072K, used 21031K [0x0000000080000000, 0x0000000100000000)
  region size 1024K, 19 young (19456K), 2 survivors (2048K)
 Metaspace       used 18335K, capacity 18816K, committed 18944K, reserved 1067008K
  class space    used 2000K, capacity 2193K, committed 2304K, reserved 1048576K
}
Event: 2.332 GC heap after
{Heap after GC invocations=4 (full 0):
 garbage-first heap   total 131072K, used 5616K [0x0000000080000000, 0x0000000100000000)
  region size 1024K, 3 young (3072K), 3 survivors (3072K)
 Metaspace       used 18335K, capacity 18816K, committed 18944K, reserved 1067008K
  class space    used 2000K, capacity 2193K, committed 2304K, reserved 1048576K
}
Event: 2.574 GC heap before
{Heap before GC invocations=4 (full 0):
 garbage-first heap   total 131072K, used 15856K [0x0000000080000000, 0x0000000100000000)
  region size 1024K, 14 young (14336K), 3 survivors (3072K)
 Metaspace       used 20628K, capacity 21075K, committed 21248K, reserved 1069056K
  class space    used 2253K, capacity 2435K, committed 2560K, reserved 1048576K
}
Event: 2.583 GC heap after
{Heap after GC invocations=5 (full 0):
 garbage-first heap   total 157696K, used 5835K [0x0000000080000000, 0x0000000100000000)
  region size 1024K, 3 young (3072K), 3 survivors (3072K)
 Metaspace       used 20628K, capacity 21075K, committed 21248K, reserved 1069056K
  class space    used 2253K, capacity 2435K, committed 2560K, reserved 1048576K
}
Event: 3.787 GC heap before
{Heap before GC invocations=6 (full 0):
 garbage-first heap   total 157696K, used 37579K [0x0000000080000000, 0x0000000100000000)
  region size 1024K, 34 young (34816K), 3 survivors (3072K)
 Metaspace       used 24802K, capacity 25435K, committed 25600K, reserved 1071104K
  class space    used 2783K, capacity 3033K, committed 3072K, reserved 1048576K
}
Event: 3.797 GC heap after
{Heap after GC invocations=7 (full 0):
 garbage-first heap   total 157696K, used 7286K [0x0000000080000000, 0x0000000100000000)
  region size 1024K, 4 young (4096K), 4 survivors (4096K)
 Metaspace       used 24802K, capacity 25435K, committed 25600K, reserved 1071104K
  class space    used 2783K, capacity 3033K, committed 3072K, reserved 1048576K
}

Deoptimization events (10 events):
Event: 3.469 Thread 0x0000020e33abe000 Uncommon trap: reason=unstable_if action=reinterpret pc=0x0000020e42cf5014 method=jdk.internal.jimage.ImageLocation.verify(Ljava/lang/String;Ljava/lang/String;[JLjdk/internal/jimage/ImageStrings;)Z @ 18 c2
Event: 3.529 Thread 0x0000020e33abe000 Uncommon trap: reason=bimorphic_or_optimized_type_check action=maybe_recompile pc=0x0000020e42cb922c method=java.util.HashMap.getNode(ILjava/lang/Object;)Ljava/util/HashMap$Node; @ 126 c2
Event: 3.529 Thread 0x0000020e33abe000 Uncommon trap: reason=bimorphic_or_optimized_type_check action=maybe_recompile pc=0x0000020e42cb922c method=java.util.HashMap.getNode(ILjava/lang/Object;)Ljava/util/HashMap$Node; @ 126 c2
Event: 3.652 Thread 0x0000020e33abe000 Uncommon trap: reason=class_check action=maybe_recompile pc=0x0000020e42c52564 method=java.lang.String.equals(Ljava/lang/Object;)Z @ 8 c2
Event: 3.652 Thread 0x0000020e33abe000 Uncommon trap: reason=class_check action=maybe_recompile pc=0x0000020e42c52564 method=java.lang.String.equals(Ljava/lang/Object;)Z @ 8 c2
Event: 3.652 Thread 0x0000020e33abe000 Uncommon trap: reason=class_check action=maybe_recompile pc=0x0000020e42c52564 method=java.lang.String.equals(Ljava/lang/Object;)Z @ 8 c2
Event: 3.655 Thread 0x0000020e33abe000 Uncommon trap: reason=class_check action=maybe_recompile pc=0x0000020e42c52564 method=java.lang.String.equals(Ljava/lang/Object;)Z @ 8 c2
Event: 3.838 Thread 0x0000020e33abe000 Uncommon trap: reason=unstable_if action=reinterpret pc=0x0000020e42ca771c method=java.util.Arrays.equals([Ljava/lang/Object;[Ljava/lang/Object;)Z @ 44 c2
Event: 4.141 Thread 0x0000020e33abe000 Uncommon trap: reason=unstable_if action=reinterpret pc=0x0000020e42d17d50 method=org.springframework.beans.factory.support.AbstractBeanFactory.getMergedLocalBeanDefinition(Ljava/lang/String;)Lorg/springframework/beans/factory/support/RootBeanDefinition; 
Event: 4.201 Thread 0x0000020e33abe000 Uncommon trap: reason=unstable_if action=reinterpret pc=0x0000020e42d1aa9c method=org.springframework.beans.factory.support.DefaultSingletonBeanRegistry.getSingleton(Ljava/lang/String;Z)Ljava/lang/Object; @ 20 c2

Classes redefined (0 events):
No events

Internal exceptions (10 events):
Event: 4.248 Thread 0x0000020e33abe000 Exception <a 'java/lang/ClassNotFoundException'{0x0000000088ee1a50}: org/springframework/aop/framework/autoproxy/InfrastructureAdvisorAutoProxyCreatorCustomizer> (0x0000000088ee1a50) thrown at [./open/src/hotspot/share/classfile/systemDictionary.cpp, line
Event: 4.250 Thread 0x0000020e33abe000 Exception <a 'java/lang/ClassNotFoundException'{0x0000000088efb798}: org/springframework/beans/factory/config/SmartInstantiationAwareBeanPostProcessorCustomizer> (0x0000000088efb798) thrown at [./open/src/hotspot/share/classfile/systemDictionary.cpp, line
Event: 4.250 Thread 0x0000020e33abe000 Exception <a 'java/lang/ClassNotFoundException'{0x0000000088d0aa20}: org/springframework/beans/factory/config/InstantiationAwareBeanPostProcessorCustomizer> (0x0000000088d0aa20) thrown at [./open/src/hotspot/share/classfile/systemDictionary.cpp, line 226]
Event: 4.252 Thread 0x0000020e33abe000 Exception <a 'java/lang/ClassNotFoundException'{0x0000000088d18060}: org/springframework/beans/factory/config/BeanPostProcessorCustomizer> (0x0000000088d18060) thrown at [./open/src/hotspot/share/classfile/systemDictionary.cpp, line 226]
Event: 4.253 Thread 0x0000020e33abe000 Exception <a 'java/lang/ClassNotFoundException'{0x0000000088d22a20}: org/springframework/beans/factory/BeanFactoryAwareCustomizer> (0x0000000088d22a20) thrown at [./open/src/hotspot/share/classfile/systemDictionary.cpp, line 226]
Event: 4.254 Thread 0x0000020e33abe000 Exception <a 'java/lang/ClassNotFoundException'{0x0000000088d2c710}: org/springframework/beans/factory/AwareCustomizer> (0x0000000088d2c710) thrown at [./open/src/hotspot/share/classfile/systemDictionary.cpp, line 226]
Event: 4.254 Thread 0x0000020e33abe000 Exception <a 'java/lang/ClassNotFoundException'{0x0000000088d34588}: org/springframework/core/OrderedCustomizer> (0x0000000088d34588) thrown at [./open/src/hotspot/share/classfile/systemDictionary.cpp, line 226]
Event: 4.255 Thread 0x0000020e33abe000 Exception <a 'java/lang/ClassNotFoundException'{0x0000000088d3e6f0}: org/springframework/beans/factory/BeanClassLoaderAwareCustomizer> (0x0000000088d3e6f0) thrown at [./open/src/hotspot/share/classfile/systemDictionary.cpp, line 226]
Event: 4.256 Thread 0x0000020e33abe000 Exception <a 'java/lang/ClassNotFoundException'{0x0000000088d47a78}: org/springframework/beans/factory/AwareCustomizer> (0x0000000088d47a78) thrown at [./open/src/hotspot/share/classfile/systemDictionary.cpp, line 226]
Event: 4.256 Thread 0x0000020e33abe000 Exception <a 'java/lang/ClassNotFoundException'{0x0000000088d510d0}: org/springframework/aop/framework/AopInfrastructureBeanCustomizer> (0x0000000088d510d0) thrown at [./open/src/hotspot/share/classfile/systemDictionary.cpp, line 226]

Events (10 events):
Event: 4.276 loading class org/springframework/beans/factory/support/DefaultListableBeanFactory$DependencyObjectProvider$2
Event: 4.276 loading class org/springframework/beans/factory/support/DefaultListableBeanFactory$DependencyObjectProvider$2 done
Event: 4.277 loading class org/springframework/beans/factory/support/DefaultListableBeanFactory$StreamDependencyDescriptor
Event: 4.277 loading class org/springframework/beans/factory/support/DefaultListableBeanFactory$StreamDependencyDescriptor done
Event: 4.277 loading class org/springframework/boot/web/embedded/tomcat/TomcatConnectorCustomizer
Event: 4.277 loading class org/springframework/boot/web/embedded/tomcat/TomcatConnectorCustomizer done
Event: 4.277 loading class org/springframework/boot/web/embedded/tomcat/TomcatContextCustomizer
Event: 4.277 loading class org/springframework/boot/web/embedded/tomcat/TomcatContextCustomizer done
Event: 4.278 loading class org/springframework/boot/web/embedded/tomcat/TomcatProtocolHandlerCustomizer
Event: 4.278 loading class org/springframework/boot/web/embedded/tomcat/TomcatProtocolHandlerCustomizer done


Dynamic libraries:
0x00007ff6de430000 - 0x00007ff6de43f000 	C:\Program Files\Java\jdk-11.0.16\bin\java.exe
0x00007ffb6e470000 - 0x00007ffb6e668000 	C:\Windows\SYSTEM32\ntdll.dll
0x00007ffb6e0b0000 - 0x00007ffb6e16d000 	C:\Windows\System32\KERNEL32.DLL
0x00007ffb6be50000 - 0x00007ffb6c122000 	C:\Windows\System32\KERNELBASE.dll
0x00007ffb6bc00000 - 0x00007ffb6bd00000 	C:\Windows\System32\ucrtbase.dll
0x00007ffb624b0000 - 0x00007ffb624c8000 	C:\Program Files\Java\jdk-11.0.16\bin\jli.dll
0x00007ffb6d640000 - 0x00007ffb6d6ee000 	C:\Windows\System32\ADVAPI32.dll
0x00007ffb6e330000 - 0x00007ffb6e3ce000 	C:\Windows\System32\msvcrt.dll
0x00007ffb6d470000 - 0x00007ffb6d50c000 	C:\Windows\System32\sechost.dll
0x00007ffb6e170000 - 0x00007ffb6e295000 	C:\Windows\System32\RPCRT4.dll
0x00007ffb5dd20000 - 0x00007ffb5dd35000 	C:\Program Files\Java\jdk-11.0.16\bin\VCRUNTIME140.dll
0x00007ffb6df10000 - 0x00007ffb6e0ad000 	C:\Windows\System32\USER32.dll
0x00007ffb6bb80000 - 0x00007ffb6bba2000 	C:\Windows\System32\win32u.dll
0x00007ffb6dda0000 - 0x00007ffb6ddcb000 	C:\Windows\System32\GDI32.dll
0x00007ffb6c3c0000 - 0x00007ffb6c4cf000 	C:\Windows\System32\gdi32full.dll
0x00007ffb4d860000 - 0x00007ffb4dafa000 	C:\Windows\WinSxS\amd64_microsoft.windows.common-controls_6595b64144ccf1df_6.0.19041.1110_none_60b5254171f9507e\COMCTL32.dll
0x00007ffb6bdb0000 - 0x00007ffb6be4d000 	C:\Windows\System32\msvcp_win.dll
0x00007ffb63390000 - 0x00007ffb6339a000 	C:\Windows\SYSTEM32\VERSION.dll
0x00007ffb6c5f0000 - 0x00007ffb6c620000 	C:\Windows\System32\IMM32.DLL
0x00007ffb4dfe0000 - 0x00007ffb4e07b000 	C:\Program Files\Java\jdk-11.0.16\bin\msvcp140.dll
0x00007ffb22b80000 - 0x00007ffb23698000 	C:\Program Files\Java\jdk-11.0.16\bin\server\jvm.dll
0x00007ffb6de30000 - 0x00007ffb6de38000 	C:\Windows\System32\PSAPI.DLL
0x00007ffb5d380000 - 0x00007ffb5d389000 	C:\Windows\SYSTEM32\WSOCK32.dll
0x00007ffb6dd30000 - 0x00007ffb6dd9b000 	C:\Windows\System32\WS2_32.dll
0x00007ffb44d00000 - 0x00007ffb44d27000 	C:\Windows\SYSTEM32\WINMM.dll
0x00007ffb69a20000 - 0x00007ffb69a32000 	C:\Windows\SYSTEM32\kernel.appcore.dll
0x00007ffb5d450000 - 0x00007ffb5d460000 	C:\Program Files\Java\jdk-11.0.16\bin\verify.dll
0x00007ffb61780000 - 0x00007ffb61964000 	C:\Windows\SYSTEM32\DBGHELP.DLL
0x00007ffb620b0000 - 0x00007ffb620dc000 	C:\Windows\SYSTEM32\dbgcore.DLL
0x00007ffb6c330000 - 0x00007ffb6c3b2000 	C:\Windows\System32\bcryptPrimitives.dll
0x00007ffb5d420000 - 0x00007ffb5d448000 	C:\Program Files\Java\jdk-11.0.16\bin\java.dll
0x00007ffb5d410000 - 0x00007ffb5d41a000 	C:\Program Files\Java\jdk-11.0.16\bin\jimage.dll
0x00007ffb5cdb0000 - 0x00007ffb5cdc6000 	C:\Program Files\Java\jdk-11.0.16\bin\zip.dll
0x00007ffb6c7a0000 - 0x00007ffb6cee3000 	C:\Windows\System32\SHELL32.dll
0x00007ffb69c20000 - 0x00007ffb6a3b1000 	C:\Windows\SYSTEM32\windows.storage.dll
0x00007ffb6cef0000 - 0x00007ffb6d244000 	C:\Windows\System32\combase.dll
0x00007ffb6b420000 - 0x00007ffb6b450000 	C:\Windows\SYSTEM32\Wldp.dll
0x00007ffb6c6f0000 - 0x00007ffb6c79d000 	C:\Windows\System32\SHCORE.dll
0x00007ffb6d260000 - 0x00007ffb6d2b5000 	C:\Windows\System32\shlwapi.dll
0x00007ffb6bac0000 - 0x00007ffb6badf000 	C:\Windows\SYSTEM32\profapi.dll
0x00007ffb5c8d0000 - 0x00007ffb5c8e9000 	C:\Program Files\Java\jdk-11.0.16\bin\net.dll
0x00007ffb63260000 - 0x00007ffb6336d000 	C:\Windows\SYSTEM32\WINHTTP.dll
0x00007ffb6b200000 - 0x00007ffb6b26a000 	C:\Windows\system32\mswsock.dll
0x00007ffb5c8b0000 - 0x00007ffb5c8c2000 	C:\Program Files\Java\jdk-11.0.16\bin\nio.dll
0x00007ffb5dd60000 - 0x00007ffb5dd69000 	C:\Program Files\Java\jdk-11.0.16\bin\management.dll
0x00007ffb5dd40000 - 0x00007ffb5dd4b000 	C:\Program Files\Java\jdk-11.0.16\bin\management_ext.dll
0x00007ffb50840000 - 0x00007ffb50857000 	C:\Windows\system32\napinsp.dll
0x00007ffb50540000 - 0x00007ffb5055b000 	C:\Windows\system32\pnrpnsp.dll
0x00007ffb50520000 - 0x00007ffb50535000 	C:\Windows\system32\wshbth.dll
0x00007ffb66230000 - 0x00007ffb6624d000 	C:\Windows\system32\NLAapi.dll
0x00007ffb6af10000 - 0x00007ffb6af4b000 	C:\Windows\SYSTEM32\IPHLPAPI.DLL
0x00007ffb6af50000 - 0x00007ffb6b01a000 	C:\Windows\SYSTEM32\DNSAPI.dll
0x00007ffb6d250000 - 0x00007ffb6d258000 	C:\Windows\System32\NSI.dll
0x00007ffb50500000 - 0x00007ffb50512000 	C:\Windows\System32\winrnr.dll
0x00007ffb63070000 - 0x00007ffb6307a000 	C:\Windows\System32\rasadhlp.dll
0x00007ffb63a00000 - 0x00007ffb63a80000 	C:\Windows\System32\fwpuclnt.dll
0x00007ffb6c130000 - 0x00007ffb6c157000 	C:\Windows\System32\bcrypt.dll

dbghelp: loaded successfully - version: 4.0.5 - missing functions: none
symbol engine: initialized successfully - sym options: 0x614 - pdb path: .;C:\Program Files\Java\jdk-11.0.16\bin;C:\Windows\SYSTEM32;C:\Windows\WinSxS\amd64_microsoft.windows.common-controls_6595b64144ccf1df_6.0.19041.1110_none_60b5254171f9507e;C:\Program Files\Java\jdk-11.0.16\bin\server

VM Arguments:
jvm_args: -Dfile.encoding=windows-1252 -Duser.country=US -Duser.language=en -Duser.variant 
java_command: com.example.simple.calculator.SimpleCalculatorApplication
java_class_path (initial): C:\Users\sfjbs\simple-calculator\build\classes\java\main;C:\Users\sfjbs\simple-calculator\build\resources\main;C:\Users\sfjbs\.gradle\caches\modules-2\files-2.1\org.springframework.boot\spring-boot-starter-web\2.7.5\bb4099d0466a62c3b11ab9323babca13bb430a2e\spring-boot-starter-web-2.7.5.jar;C:\Users\sfjbs\.gradle\caches\modules-2\files-2.1\com.mysql\mysql-connector-j\8.0.31\3fd5850719d7e82d50705d34cc6a0037fab5731f\mysql-connector-j-8.0.31.jar;C:\Users\sfjbs\.gradle\caches\modules-2\files-2.1\org.springframework.boot\spring-boot-starter-json\2.7.5\9c7df04ff37b2e7471632ddeb4a296c5fb6bddee\spring-boot-starter-json-2.7.5.jar;C:\Users\sfjbs\.gradle\caches\modules-2\files-2.1\org.springframework.boot\spring-boot-starter\2.7.5\c28e1546461803490588085345ba5d2897d232bc\spring-boot-starter-2.7.5.jar;C:\Users\sfjbs\.gradle\caches\modules-2\files-2.1\org.springframework.boot\spring-boot-starter-tomcat\2.7.5\eb7849c52953de44d9712adf45398ccb1a7d4295\spring-boot-starter-tomcat-2.7.5.jar;C:\Users\sfjbs\.gradle\caches\modules-2\files-2.1\org.springframework\spring-webmvc\5.3.23\b163527c275b0374371890c0b76c2a2a09f9804b\spring-webmvc-5.3.23.jar;C:\Users\sfjbs\.gradle\caches\modules-2\files-2.1\org.springframework\spring-web\5.3.23\193f5276092d9cbe3222c63885b47ca7b2cce97\spring-web-5.3.23.jar;C:\Users\sfjbs\.gradle\caches\modules-2\files-2.1\org.springframework.boot\spring-boot-autoconfigure\2.7.5\96646e63a2296d0a3209383e81cdb8c87ab2f913\spring-boot-autoconfigure-2.7.5.jar;C:\Users\sfjbs\.gradle\caches\modules-2\files-2.1\org.springframework.boot\spring-boot\2.7.5\fd04e228e6e21b7ad13c10ae29afd31868d842e5\spring-boot-2.7.5.jar;C:\Users\sfjbs\.gradle\caches\modules-2\files-2.1\org.springframework.boot\spring-boot-starter-logging\2.7.5\61f4c53e35baa31a269bbeb7bb9d5e781448feef\spring-boot-starter-logging-2.7.5.jar;C:\Users\sfjbs\.gradle\caches\modules-2\files-2.1\jakarta.annotation\jakarta.annotation-api\1.3.5\59eb84ee0d616332ff44aba065f3888cf002cd2d\jakarta.ann
Launcher Type: SUN_STANDARD

[Global flags]
     intx CICompilerCount                          = 2                                         {product} {ergonomic}
     uint ConcGCThreads                            = 1                                         {product} {ergonomic}
     uint G1ConcRefinementThreads                  = 2                                         {product} {ergonomic}
   size_t G1HeapRegionSize                         = 1048576                                   {product} {ergonomic}
    uintx GCDrainStackTargetSize                   = 64                                        {product} {ergonomic}
   size_t InitialHeapSize                          = 134217728                                 {product} {ergonomic}
   size_t MarkStackSize                            = 4194304                                   {product} {ergonomic}
   size_t MaxHeapSize                              = 2147483648                                {product} {ergonomic}
   size_t MaxNewSize                               = 1287651328                                {product} {ergonomic}
   size_t MinHeapDeltaBytes                        = 1048576                                   {product} {ergonomic}
    uintx NonNMethodCodeHeapSize                   = 5825164                                {pd product} {ergonomic}
    uintx NonProfiledCodeHeapSize                  = 122916538                              {pd product} {ergonomic}
    uintx ProfiledCodeHeapSize                     = 122916538                              {pd product} {ergonomic}
    uintx ReservedCodeCacheSize                    = 251658240                              {pd product} {ergonomic}
     bool SegmentedCodeCache                       = true                                      {product} {ergonomic}
     bool UseCompressedClassPointers               = true                                 {lp64_product} {ergonomic}
     bool UseCompressedOops                        = true                                 {lp64_product} {ergonomic}
     bool UseG1GC                                  = true                                      {product} {ergonomic}
     bool UseLargePagesIndividualAllocation        = false                                  {pd product} {ergonomic}

Logging:
Log output configuration:
 #0: stdout all=warning uptime,level,tags
 #1: stderr all=off uptime,level,tags

Environment Variables:
PATH=C:\Program Files\Common Files\Oracle\Java\javapath;C:\Windows\system32;C:\Windows;C:\Windows\System32\Wbem;C:\Windows\System32\WindowsPowerShell\v1.0\;C:\Windows\System32\OpenSSH\;C:\Users\sfjbs\Downloads\micro service-20221021T071039Z-001\micro service\apache-maven-3.8.5-bin\apache-maven-3.8.5\bin;C:\Users\sfjbs\Downloads\micro service-20221021T071039Z-001\micro service\apache-maven-3.8.5-bin\apache-maven-3.8.5\lib;C:\Program Files\Git\cmd;C:\Program Files\Docker\Docker\resources\bin;C:\Users\sfjbs\AppData\Local\Microsoft\WindowsApps;C:\Users\sfjbs\Downloads\micro service-20221021T071039Z-001\micro service\apache-maven-3.8.5-bin\apache-maven-3.8.5\bin;C:\Users\sfjbs\Downloads\micro service-20221021T071039Z-001\micro service\apache-maven-3.8.5-bin\apache-maven-3.8.5\lib;;C:\Program Files\JetBrains\IntelliJ IDEA Community Edition 2022.2.1\bin;
USERNAME=sfjbs
OS=Windows_NT
PROCESSOR_IDENTIFIER=Intel64 Family 6 Model 106 Stepping 6, GenuineIntel



---------------  S Y S T E M  ---------------

OS: Windows 10 , 64 bit Build 19041 (10.0.19041.1889)
Hyper-V role detected

CPU:total 2 (initial active 2) (1 cores per cpu, 2 threads per core) family 6 model 106 stepping 6 microcode 0xffffffff, cmov, cx8, fxsr, mmx, sse, sse2, sse3, ssse3, sse4.1, sse4.2, popcnt, avx, avx2, aes, clmul, erms, rtm, 3dnowpref, lzcnt, ht, tsc, bmi1, bmi2, adx, evex, fma

Memory: 4k page, system-wide physical 8190M (925M free)
TotalPageFile size 10238M (AvailPageFile size 4M)
current process WorkingSet (physical memory assigned to process): 142M, peak: 142M
current process commit charge ("private bytes"): 273M, peak: 274M

vm_info: Java HotSpot(TM) 64-Bit Server VM (11.0.16+11-LTS-199) for windows-amd64 JRE (11.0.16+11-LTS-199), built on Jun 28 2022 08:23:17 by "mach5one" with MS VC++ 15.9 (VS2017)

END.
