#
# There is insufficient memory for the Java Runtime Environment to continue.
# Native memory allocation (malloc) failed to allocate 302496 bytes for Chunk::new
# Possible reasons:
#   The system is out of physical RAM or swap space
#   The process is running with CompressedOops enabled, and the Java Heap may be blocking the growth of the native heap
# Possible solutions:
#   Reduce memory load on the system
#   Increase physical memory or swap space
#   Check if swap backing store is full
#   Decrease Java heap size (-Xmx/-Xms)
#   Decrease number of Java threads
#   Decrease Java thread stack sizes (-Xss)
#   Set larger code cache with -XX:ReservedCodeCacheSize=
#   JVM is running with Unscaled Compressed Oops mode in which the Java heap is
#     placed in the first 4GB address space. The Java Heap base address is the
#     maximum limit for the native heap growth. Please use -XX:HeapBaseMinAddress
#     to set the Java Heap base and to place the Java Heap above 4GB virtual address.
# This output file may be truncated or incomplete.
#
#  Out of Memory Error (./open/src/hotspot/share/memory/arena.cpp:197), pid=11964, tid=11768
#
# JRE version: Java(TM) SE Runtime Environment 18.9 (11.0.16+11) (build 11.0.16+11-LTS-199)
# Java VM: Java HotSpot(TM) 64-Bit Server VM 18.9 (11.0.16+11-LTS-199, mixed mode, tiered, compressed oops, g1 gc, windows-amd64)
# No core dump will be written. Minidumps are not enabled by default on client versions of Windows
#

---------------  S U M M A R Y ------------

Command Line: -Dclassworlds.conf=C:\Users\sfjbs\Downloads\micro service-20221021T071039Z-001\micro service\apache-maven-3.8.5-bin\apache-maven-3.8.5\bin\m2.conf -Dmaven.home=C:\Users\sfjbs\Downloads\micro service-20221021T071039Z-001\micro service\apache-maven-3.8.5-bin\apache-maven-3.8.5 -Dlibrary.jansi.path=C:\Users\sfjbs\Downloads\micro service-20221021T071039Z-001\micro service\apache-maven-3.8.5-bin\apache-maven-3.8.5\lib\jansi-native -Dmaven.multiModuleProjectDirectory=C:\Users\sfjbs\IdeaProjects\oct31training\usha\Day12\fourth-artemis-demo\artemis-demo-producer org.codehaus.plexus.classworlds.launcher.Launcher spring-boot:run

Host: Intel(R) Xeon(R) Platinum 8272CL CPU @ 2.60GHz, 2 cores, 7G,  Windows 10 , 64 bit Build 19041 (10.0.19041.2251)
Time: Tue Nov 22 03:52:57 2022 Coordinated Universal Time elapsed time: 3.502190 seconds (0d 0h 0m 3s)

---------------  T H R E A D  ---------------

Current thread (0x0000024e5f8ef800):  JavaThread "C2 CompilerThread0" daemon [_thread_in_native, id=11768, stack(0x0000007265c00000,0x0000007265d00000)]


Current CompileTask:
C2:   3502 2169       4       org.apache.maven.model.io.xpp3.MavenXpp3ReaderEx::checkFieldWithDuplicate (75 bytes)

Stack: [0x0000007265c00000,0x0000007265d00000]
Native frames: (J=compiled Java code, j=interpreted, Vv=VM code, C=native code)
V  [jvm.dll+0x62a3ea]
V  [jvm.dll+0x76418f]
V  [jvm.dll+0x765839]
V  [jvm.dll+0x765ec3]
V  [jvm.dll+0x23da98]
V  [jvm.dll+0xb2a1c]
V  [jvm.dll+0xb2fdc]
V  [jvm.dll+0x2ae814]
V  [jvm.dll+0x53d97b]
V  [jvm.dll+0x1f9c2f]
V  [jvm.dll+0x1f756d]
V  [jvm.dll+0x177c81]
V  [jvm.dll+0x207006]
V  [jvm.dll+0x20519b]
V  [jvm.dll+0x729fa0]
V  [jvm.dll+0x722b74]
V  [jvm.dll+0x629286]
C  [ucrtbase.dll+0x21bb2]
C  [KERNEL32.DLL+0x174b4]
C  [ntdll.dll+0x526a1]


---------------  P R O C E S S  ---------------

Threads class SMR info:
_java_thread_list=0x0000024e60391880, length=10, elements={
0x0000024e41e07000, 0x0000024e5f8de000, 0x0000024e5f8d4000, 0x0000024e5f8e9000,
0x0000024e5f8ec000, 0x0000024e5f8ee800, 0x0000024e5f8ef800, 0x0000024e5f8fc800,
0x0000024e5f901800, 0x0000024e603ae800
}

Java Threads: ( => current thread )
  0x0000024e41e07000 JavaThread "main" [_thread_in_Java, id=11128, stack(0x0000007265000000,0x0000007265100000)]
  0x0000024e5f8de000 JavaThread "Reference Handler" daemon [_thread_blocked, id=3784, stack(0x0000007265700000,0x0000007265800000)]
  0x0000024e5f8d4000 JavaThread "Finalizer" daemon [_thread_blocked, id=3816, stack(0x0000007265800000,0x0000007265900000)]
  0x0000024e5f8e9000 JavaThread "Signal Dispatcher" daemon [_thread_blocked, id=9788, stack(0x0000007265900000,0x0000007265a00000)]
  0x0000024e5f8ec000 JavaThread "Attach Listener" daemon [_thread_blocked, id=7752, stack(0x0000007265a00000,0x0000007265b00000)]
  0x0000024e5f8ee800 JavaThread "Service Thread" daemon [_thread_blocked, id=4976, stack(0x0000007265b00000,0x0000007265c00000)]
=>0x0000024e5f8ef800 JavaThread "C2 CompilerThread0" daemon [_thread_in_native, id=11768, stack(0x0000007265c00000,0x0000007265d00000)]
  0x0000024e5f8fc800 JavaThread "C1 CompilerThread0" daemon [_thread_blocked, id=12108, stack(0x0000007265d00000,0x0000007265e00000)]
  0x0000024e5f901800 JavaThread "Sweeper thread" daemon [_thread_blocked, id=456, stack(0x0000007265e00000,0x0000007265f00000)]
  0x0000024e603ae800 JavaThread "Common-Cleaner" daemon [_thread_blocked, id=1356, stack(0x0000007266000000,0x0000007266100000)]

Other Threads:
  0x0000024e5f8cb000 VMThread "VM Thread" [stack: 0x0000007265600000,0x0000007265700000] [id=548]
  0x0000024e603a7800 WatcherThread [stack: 0x0000007265f00000,0x0000007266000000] [id=10848]
  0x0000024e41e1b000 GCTaskThread "GC Thread#0" [stack: 0x0000007265100000,0x0000007265200000] [id=10792]
  0x0000024e606b4800 GCTaskThread "GC Thread#1" [stack: 0x0000007266100000,0x0000007266200000] [id=8116]
  0x0000024e41e4c000 ConcurrentGCThread "G1 Main Marker" [stack: 0x0000007265200000,0x0000007265300000] [id=1544]
  0x0000024e41e4e000 ConcurrentGCThread "G1 Conc#0" [stack: 0x0000007265300000,0x0000007265400000] [id=9420]
  0x0000024e41ed8000 ConcurrentGCThread "G1 Refine#0" [stack: 0x0000007265400000,0x0000007265500000] [id=2436]
  0x0000024e41eda000 ConcurrentGCThread "G1 Young RemSet Sampling" [stack: 0x0000007265500000,0x0000007265600000] [id=7212]

Threads with active compile tasks:
C2 CompilerThread0     3536 2169       4       org.apache.maven.model.io.xpp3.MavenXpp3ReaderEx::checkFieldWithDuplicate (75 bytes)
C1 CompilerThread0     3536 2236       2       org.apache.maven.model.merge.ModelMerger::merge (15 bytes)

VM state:not at safepoint (normal execution)

VM Mutex/Monitor currently owned by a thread: None

Heap address: 0x0000000080000000, size: 2048 MB, Compressed Oops mode: 32-bit
Narrow klass base: 0x0000000000000000, Narrow klass shift: 3
Compressed class space size: 1073741824 Address: 0x0000000100000000

Heap:
 garbage-first heap   total 131072K, used 33073K [0x0000000080000000, 0x0000000100000000)
  region size 1024K, 32 young (32768K), 3 survivors (3072K)
 Metaspace       used 19682K, capacity 19998K, committed 20224K, reserved 1067008K
  class space    used 2116K, capacity 2244K, committed 2304K, reserved 1048576K
Heap Regions: E=young(eden), S=young(survivor), O=old, HS=humongous(starts), HC=humongous(continues), CS=collection set, F=free, A=archive, TAMS=top-at-mark-start (previous, next)
|   0|0x0000000080000000, 0x0000000080100000, 0x0000000080100000|100%| O|  |TAMS 0x0000000080000000, 0x0000000080000000| Untracked 
|   1|0x0000000080100000, 0x0000000080200000, 0x0000000080200000|100%| O|  |TAMS 0x0000000080100000, 0x0000000080100000| Untracked 
|   2|0x0000000080200000, 0x000000008020de00, 0x0000000080300000|  5%| O|  |TAMS 0x0000000080200000, 0x0000000080200000| Untracked 
|   3|0x0000000080300000, 0x0000000080300000, 0x0000000080400000|  0%| F|  |TAMS 0x0000000080300000, 0x0000000080300000| Untracked 
|   4|0x0000000080400000, 0x0000000080400000, 0x0000000080500000|  0%| F|  |TAMS 0x0000000080400000, 0x0000000080400000| Untracked 
|   5|0x0000000080500000, 0x0000000080500000, 0x0000000080600000|  0%| F|  |TAMS 0x0000000080500000, 0x0000000080500000| Untracked 
|   6|0x0000000080600000, 0x0000000080600000, 0x0000000080700000|  0%| F|  |TAMS 0x0000000080600000, 0x0000000080600000| Untracked 
|   7|0x0000000080700000, 0x0000000080700000, 0x0000000080800000|  0%| F|  |TAMS 0x0000000080700000, 0x0000000080700000| Untracked 
|   8|0x0000000080800000, 0x0000000080800000, 0x0000000080900000|  0%| F|  |TAMS 0x0000000080800000, 0x0000000080800000| Untracked 
|   9|0x0000000080900000, 0x0000000080900000, 0x0000000080a00000|  0%| F|  |TAMS 0x0000000080900000, 0x0000000080900000| Untracked 
|  10|0x0000000080a00000, 0x0000000080a00000, 0x0000000080b00000|  0%| F|  |TAMS 0x0000000080a00000, 0x0000000080a00000| Untracked 
|  11|0x0000000080b00000, 0x0000000080b00000, 0x0000000080c00000|  0%| F|  |TAMS 0x0000000080b00000, 0x0000000080b00000| Untracked 
|  12|0x0000000080c00000, 0x0000000080c00000, 0x0000000080d00000|  0%| F|  |TAMS 0x0000000080c00000, 0x0000000080c00000| Untracked 
|  13|0x0000000080d00000, 0x0000000080d00000, 0x0000000080e00000|  0%| F|  |TAMS 0x0000000080d00000, 0x0000000080d00000| Untracked 
|  14|0x0000000080e00000, 0x0000000080e00000, 0x0000000080f00000|  0%| F|  |TAMS 0x0000000080e00000, 0x0000000080e00000| Untracked 
|  15|0x0000000080f00000, 0x0000000080f00000, 0x0000000081000000|  0%| F|  |TAMS 0x0000000080f00000, 0x0000000080f00000| Untracked 
|  16|0x0000000081000000, 0x0000000081000000, 0x0000000081100000|  0%| F|  |TAMS 0x0000000081000000, 0x0000000081000000| Untracked 
|  17|0x0000000081100000, 0x0000000081100000, 0x0000000081200000|  0%| F|  |TAMS 0x0000000081100000, 0x0000000081100000| Untracked 
|  18|0x0000000081200000, 0x0000000081200000, 0x0000000081300000|  0%| F|  |TAMS 0x0000000081200000, 0x0000000081200000| Untracked 
|  19|0x0000000081300000, 0x0000000081300000, 0x0000000081400000|  0%| F|  |TAMS 0x0000000081300000, 0x0000000081300000| Untracked 
|  20|0x0000000081400000, 0x0000000081400000, 0x0000000081500000|  0%| F|  |TAMS 0x0000000081400000, 0x0000000081400000| Untracked 
|  21|0x0000000081500000, 0x0000000081500000, 0x0000000081600000|  0%| F|  |TAMS 0x0000000081500000, 0x0000000081500000| Untracked 
|  22|0x0000000081600000, 0x0000000081600000, 0x0000000081700000|  0%| F|  |TAMS 0x0000000081600000, 0x0000000081600000| Untracked 
|  23|0x0000000081700000, 0x0000000081700000, 0x0000000081800000|  0%| F|  |TAMS 0x0000000081700000, 0x0000000081700000| Untracked 
|  24|0x0000000081800000, 0x0000000081800000, 0x0000000081900000|  0%| F|  |TAMS 0x0000000081800000, 0x0000000081800000| Untracked 
|  25|0x0000000081900000, 0x0000000081900000, 0x0000000081a00000|  0%| F|  |TAMS 0x0000000081900000, 0x0000000081900000| Untracked 
|  26|0x0000000081a00000, 0x0000000081a00000, 0x0000000081b00000|  0%| F|  |TAMS 0x0000000081a00000, 0x0000000081a00000| Untracked 
|  27|0x0000000081b00000, 0x0000000081b00000, 0x0000000081c00000|  0%| F|  |TAMS 0x0000000081b00000, 0x0000000081b00000| Untracked 
|  28|0x0000000081c00000, 0x0000000081c00000, 0x0000000081d00000|  0%| F|  |TAMS 0x0000000081c00000, 0x0000000081c00000| Untracked 
|  29|0x0000000081d00000, 0x0000000081d00000, 0x0000000081e00000|  0%| F|  |TAMS 0x0000000081d00000, 0x0000000081d00000| Untracked 
|  30|0x0000000081e00000, 0x0000000081e00000, 0x0000000081f00000|  0%| F|  |TAMS 0x0000000081e00000, 0x0000000081e00000| Untracked 
|  31|0x0000000081f00000, 0x0000000081f00000, 0x0000000082000000|  0%| F|  |TAMS 0x0000000081f00000, 0x0000000081f00000| Untracked 
|  32|0x0000000082000000, 0x0000000082000000, 0x0000000082100000|  0%| F|  |TAMS 0x0000000082000000, 0x0000000082000000| Untracked 
|  33|0x0000000082100000, 0x0000000082100000, 0x0000000082200000|  0%| F|  |TAMS 0x0000000082100000, 0x0000000082100000| Untracked 
|  34|0x0000000082200000, 0x0000000082200000, 0x0000000082300000|  0%| F|  |TAMS 0x0000000082200000, 0x0000000082200000| Untracked 
|  35|0x0000000082300000, 0x0000000082300000, 0x0000000082400000|  0%| F|  |TAMS 0x0000000082300000, 0x0000000082300000| Untracked 
|  36|0x0000000082400000, 0x0000000082400000, 0x0000000082500000|  0%| F|  |TAMS 0x0000000082400000, 0x0000000082400000| Untracked 
|  37|0x0000000082500000, 0x0000000082500000, 0x0000000082600000|  0%| F|  |TAMS 0x0000000082500000, 0x0000000082500000| Untracked 
|  38|0x0000000082600000, 0x0000000082600000, 0x0000000082700000|  0%| F|  |TAMS 0x0000000082600000, 0x0000000082600000| Untracked 
|  39|0x0000000082700000, 0x0000000082700000, 0x0000000082800000|  0%| F|  |TAMS 0x0000000082700000, 0x0000000082700000| Untracked 
|  40|0x0000000082800000, 0x0000000082800000, 0x0000000082900000|  0%| F|  |TAMS 0x0000000082800000, 0x0000000082800000| Untracked 
|  41|0x0000000082900000, 0x0000000082900000, 0x0000000082a00000|  0%| F|  |TAMS 0x0000000082900000, 0x0000000082900000| Untracked 
|  42|0x0000000082a00000, 0x0000000082a00000, 0x0000000082b00000|  0%| F|  |TAMS 0x0000000082a00000, 0x0000000082a00000| Untracked 
|  43|0x0000000082b00000, 0x0000000082b00000, 0x0000000082c00000|  0%| F|  |TAMS 0x0000000082b00000, 0x0000000082b00000| Untracked 
|  44|0x0000000082c00000, 0x0000000082c00000, 0x0000000082d00000|  0%| F|  |TAMS 0x0000000082c00000, 0x0000000082c00000| Untracked 
|  45|0x0000000082d00000, 0x0000000082d00000, 0x0000000082e00000|  0%| F|  |TAMS 0x0000000082d00000, 0x0000000082d00000| Untracked 
|  46|0x0000000082e00000, 0x0000000082e00000, 0x0000000082f00000|  0%| F|  |TAMS 0x0000000082e00000, 0x0000000082e00000| Untracked 
|  47|0x0000000082f00000, 0x0000000082f00000, 0x0000000083000000|  0%| F|  |TAMS 0x0000000082f00000, 0x0000000082f00000| Untracked 
|  48|0x0000000083000000, 0x0000000083000000, 0x0000000083100000|  0%| F|  |TAMS 0x0000000083000000, 0x0000000083000000| Untracked 
|  49|0x0000000083100000, 0x0000000083100000, 0x0000000083200000|  0%| F|  |TAMS 0x0000000083100000, 0x0000000083100000| Untracked 
|  50|0x0000000083200000, 0x0000000083200000, 0x0000000083300000|  0%| F|  |TAMS 0x0000000083200000, 0x0000000083200000| Untracked 
|  51|0x0000000083300000, 0x0000000083300000, 0x0000000083400000|  0%| F|  |TAMS 0x0000000083300000, 0x0000000083300000| Untracked 
|  52|0x0000000083400000, 0x0000000083400000, 0x0000000083500000|  0%| F|  |TAMS 0x0000000083400000, 0x0000000083400000| Untracked 
|  53|0x0000000083500000, 0x0000000083500000, 0x0000000083600000|  0%| F|  |TAMS 0x0000000083500000, 0x0000000083500000| Untracked 
|  54|0x0000000083600000, 0x0000000083600000, 0x0000000083700000|  0%| F|  |TAMS 0x0000000083600000, 0x0000000083600000| Untracked 
|  55|0x0000000083700000, 0x0000000083700000, 0x0000000083800000|  0%| F|  |TAMS 0x0000000083700000, 0x0000000083700000| Untracked 
|  56|0x0000000083800000, 0x0000000083800000, 0x0000000083900000|  0%| F|  |TAMS 0x0000000083800000, 0x0000000083800000| Untracked 
|  57|0x0000000083900000, 0x0000000083900000, 0x0000000083a00000|  0%| F|  |TAMS 0x0000000083900000, 0x0000000083900000| Untracked 
|  58|0x0000000083a00000, 0x0000000083a00000, 0x0000000083b00000|  0%| F|  |TAMS 0x0000000083a00000, 0x0000000083a00000| Untracked 
|  59|0x0000000083b00000, 0x0000000083b00000, 0x0000000083c00000|  0%| F|  |TAMS 0x0000000083b00000, 0x0000000083b00000| Untracked 
|  60|0x0000000083c00000, 0x0000000083c00000, 0x0000000083d00000|  0%| F|  |TAMS 0x0000000083c00000, 0x0000000083c00000| Untracked 
|  61|0x0000000083d00000, 0x0000000083d00000, 0x0000000083e00000|  0%| F|  |TAMS 0x0000000083d00000, 0x0000000083d00000| Untracked 
|  62|0x0000000083e00000, 0x0000000083e00000, 0x0000000083f00000|  0%| F|  |TAMS 0x0000000083e00000, 0x0000000083e00000| Untracked 
|  63|0x0000000083f00000, 0x0000000083f00000, 0x0000000084000000|  0%| F|  |TAMS 0x0000000083f00000, 0x0000000083f00000| Untracked 
|  64|0x0000000084000000, 0x0000000084000000, 0x0000000084100000|  0%| F|  |TAMS 0x0000000084000000, 0x0000000084000000| Untracked 
|  65|0x0000000084100000, 0x0000000084100000, 0x0000000084200000|  0%| F|  |TAMS 0x0000000084100000, 0x0000000084100000| Untracked 
|  66|0x0000000084200000, 0x0000000084200000, 0x0000000084300000|  0%| F|  |TAMS 0x0000000084200000, 0x0000000084200000| Untracked 
|  67|0x0000000084300000, 0x0000000084300000, 0x0000000084400000|  0%| F|  |TAMS 0x0000000084300000, 0x0000000084300000| Untracked 
|  68|0x0000000084400000, 0x0000000084400000, 0x0000000084500000|  0%| F|  |TAMS 0x0000000084400000, 0x0000000084400000| Untracked 
|  69|0x0000000084500000, 0x0000000084500000, 0x0000000084600000|  0%| F|  |TAMS 0x0000000084500000, 0x0000000084500000| Untracked 
|  70|0x0000000084600000, 0x0000000084600000, 0x0000000084700000|  0%| F|  |TAMS 0x0000000084600000, 0x0000000084600000| Untracked 
|  71|0x0000000084700000, 0x0000000084700000, 0x0000000084800000|  0%| F|  |TAMS 0x0000000084700000, 0x0000000084700000| Untracked 
|  72|0x0000000084800000, 0x0000000084800000, 0x0000000084900000|  0%| F|  |TAMS 0x0000000084800000, 0x0000000084800000| Untracked 
|  73|0x0000000084900000, 0x0000000084900000, 0x0000000084a00000|  0%| F|  |TAMS 0x0000000084900000, 0x0000000084900000| Untracked 
|  74|0x0000000084a00000, 0x0000000084a00000, 0x0000000084b00000|  0%| F|  |TAMS 0x0000000084a00000, 0x0000000084a00000| Untracked 
|  75|0x0000000084b00000, 0x0000000084b00000, 0x0000000084c00000|  0%| F|  |TAMS 0x0000000084b00000, 0x0000000084b00000| Untracked 
|  76|0x0000000084c00000, 0x0000000084c00000, 0x0000000084d00000|  0%| F|  |TAMS 0x0000000084c00000, 0x0000000084c00000| Untracked 
|  77|0x0000000084d00000, 0x0000000084d00000, 0x0000000084e00000|  0%| F|  |TAMS 0x0000000084d00000, 0x0000000084d00000| Untracked 
|  78|0x0000000084e00000, 0x0000000084e00000, 0x0000000084f00000|  0%| F|  |TAMS 0x0000000084e00000, 0x0000000084e00000| Untracked 
|  79|0x0000000084f00000, 0x0000000084f00000, 0x0000000085000000|  0%| F|  |TAMS 0x0000000084f00000, 0x0000000084f00000| Untracked 
|  80|0x0000000085000000, 0x0000000085000000, 0x0000000085100000|  0%| F|  |TAMS 0x0000000085000000, 0x0000000085000000| Untracked 
|  81|0x0000000085100000, 0x0000000085100000, 0x0000000085200000|  0%| F|  |TAMS 0x0000000085100000, 0x0000000085100000| Untracked 
|  82|0x0000000085200000, 0x0000000085200000, 0x0000000085300000|  0%| F|  |TAMS 0x0000000085200000, 0x0000000085200000| Untracked 
|  83|0x0000000085300000, 0x0000000085300000, 0x0000000085400000|  0%| F|  |TAMS 0x0000000085300000, 0x0000000085300000| Untracked 
|  84|0x0000000085400000, 0x0000000085400000, 0x0000000085500000|  0%| F|  |TAMS 0x0000000085400000, 0x0000000085400000| Untracked 
|  85|0x0000000085500000, 0x0000000085500000, 0x0000000085600000|  0%| F|  |TAMS 0x0000000085500000, 0x0000000085500000| Untracked 
|  86|0x0000000085600000, 0x0000000085600000, 0x0000000085700000|  0%| F|  |TAMS 0x0000000085600000, 0x0000000085600000| Untracked 
|  87|0x0000000085700000, 0x0000000085700000, 0x0000000085800000|  0%| F|  |TAMS 0x0000000085700000, 0x0000000085700000| Untracked 
|  88|0x0000000085800000, 0x0000000085800000, 0x0000000085900000|  0%| F|  |TAMS 0x0000000085800000, 0x0000000085800000| Untracked 
|  89|0x0000000085900000, 0x0000000085900000, 0x0000000085a00000|  0%| F|  |TAMS 0x0000000085900000, 0x0000000085900000| Untracked 
|  90|0x0000000085a00000, 0x0000000085a00000, 0x0000000085b00000|  0%| F|  |TAMS 0x0000000085a00000, 0x0000000085a00000| Untracked 
|  91|0x0000000085b00000, 0x0000000085b00000, 0x0000000085c00000|  0%| F|  |TAMS 0x0000000085b00000, 0x0000000085b00000| Untracked 
|  92|0x0000000085c00000, 0x0000000085c00000, 0x0000000085d00000|  0%| F|  |TAMS 0x0000000085c00000, 0x0000000085c00000| Untracked 
|  93|0x0000000085d00000, 0x0000000085d00000, 0x0000000085e00000|  0%| F|  |TAMS 0x0000000085d00000, 0x0000000085d00000| Untracked 
|  94|0x0000000085e00000, 0x0000000085e00000, 0x0000000085f00000|  0%| F|  |TAMS 0x0000000085e00000, 0x0000000085e00000| Untracked 
|  95|0x0000000085f00000, 0x0000000085f00000, 0x0000000086000000|  0%| F|  |TAMS 0x0000000085f00000, 0x0000000085f00000| Untracked 
|  96|0x0000000086000000, 0x0000000086080800, 0x0000000086100000| 50%| E|  |TAMS 0x0000000086000000, 0x0000000086000000| Complete 
|  97|0x0000000086100000, 0x0000000086200000, 0x0000000086200000|100%| E|CS|TAMS 0x0000000086100000, 0x0000000086100000| Complete 
|  98|0x0000000086200000, 0x0000000086300000, 0x0000000086300000|100%| E|CS|TAMS 0x0000000086200000, 0x0000000086200000| Complete 
|  99|0x0000000086300000, 0x0000000086400000, 0x0000000086400000|100%| E|CS|TAMS 0x0000000086300000, 0x0000000086300000| Complete 
| 100|0x0000000086400000, 0x0000000086500000, 0x0000000086500000|100%| E|CS|TAMS 0x0000000086400000, 0x0000000086400000| Complete 
| 101|0x0000000086500000, 0x0000000086600000, 0x0000000086600000|100%| E|CS|TAMS 0x0000000086500000, 0x0000000086500000| Complete 
| 102|0x0000000086600000, 0x0000000086700000, 0x0000000086700000|100%| E|CS|TAMS 0x0000000086600000, 0x0000000086600000| Complete 
| 103|0x0000000086700000, 0x0000000086800000, 0x0000000086800000|100%| E|CS|TAMS 0x0000000086700000, 0x0000000086700000| Complete 
| 104|0x0000000086800000, 0x000000008683e730, 0x0000000086900000| 24%| S|CS|TAMS 0x0000000086800000, 0x0000000086800000| Complete 
| 105|0x0000000086900000, 0x0000000086a00000, 0x0000000086a00000|100%| S|CS|TAMS 0x0000000086900000, 0x0000000086900000| Complete 
| 106|0x0000000086a00000, 0x0000000086b00000, 0x0000000086b00000|100%| S|CS|TAMS 0x0000000086a00000, 0x0000000086a00000| Complete 
| 107|0x0000000086b00000, 0x0000000086c00000, 0x0000000086c00000|100%| E|CS|TAMS 0x0000000086b00000, 0x0000000086b00000| Complete 
| 108|0x0000000086c00000, 0x0000000086d00000, 0x0000000086d00000|100%| E|CS|TAMS 0x0000000086c00000, 0x0000000086c00000| Complete 
| 109|0x0000000086d00000, 0x0000000086e00000, 0x0000000086e00000|100%| E|CS|TAMS 0x0000000086d00000, 0x0000000086d00000| Complete 
| 110|0x0000000086e00000, 0x0000000086f00000, 0x0000000086f00000|100%| E|CS|TAMS 0x0000000086e00000, 0x0000000086e00000| Complete 
| 111|0x0000000086f00000, 0x0000000087000000, 0x0000000087000000|100%| E|CS|TAMS 0x0000000086f00000, 0x0000000086f00000| Complete 
| 112|0x0000000087000000, 0x0000000087100000, 0x0000000087100000|100%| E|CS|TAMS 0x0000000087000000, 0x0000000087000000| Complete 
| 113|0x0000000087100000, 0x0000000087200000, 0x0000000087200000|100%| E|CS|TAMS 0x0000000087100000, 0x0000000087100000| Complete 
| 114|0x0000000087200000, 0x0000000087300000, 0x0000000087300000|100%| E|CS|TAMS 0x0000000087200000, 0x0000000087200000| Complete 
| 115|0x0000000087300000, 0x0000000087400000, 0x0000000087400000|100%| E|CS|TAMS 0x0000000087300000, 0x0000000087300000| Complete 
| 116|0x0000000087400000, 0x0000000087500000, 0x0000000087500000|100%| E|CS|TAMS 0x0000000087400000, 0x0000000087400000| Complete 
| 117|0x0000000087500000, 0x0000000087600000, 0x0000000087600000|100%| E|CS|TAMS 0x0000000087500000, 0x0000000087500000| Complete 
| 118|0x0000000087600000, 0x0000000087700000, 0x0000000087700000|100%| E|CS|TAMS 0x0000000087600000, 0x0000000087600000| Complete 
| 119|0x0000000087700000, 0x0000000087800000, 0x0000000087800000|100%| E|CS|TAMS 0x0000000087700000, 0x0000000087700000| Complete 
| 120|0x0000000087800000, 0x0000000087900000, 0x0000000087900000|100%| E|CS|TAMS 0x0000000087800000, 0x0000000087800000| Complete 
| 121|0x0000000087900000, 0x0000000087a00000, 0x0000000087a00000|100%| E|CS|TAMS 0x0000000087900000, 0x0000000087900000| Complete 
| 122|0x0000000087a00000, 0x0000000087b00000, 0x0000000087b00000|100%| E|CS|TAMS 0x0000000087a00000, 0x0000000087a00000| Complete 
| 123|0x0000000087b00000, 0x0000000087c00000, 0x0000000087c00000|100%| E|CS|TAMS 0x0000000087b00000, 0x0000000087b00000| Complete 
| 124|0x0000000087c00000, 0x0000000087d00000, 0x0000000087d00000|100%| E|CS|TAMS 0x0000000087c00000, 0x0000000087c00000| Complete 
| 125|0x0000000087d00000, 0x0000000087e00000, 0x0000000087e00000|100%| E|CS|TAMS 0x0000000087d00000, 0x0000000087d00000| Complete 
| 126|0x0000000087e00000, 0x0000000087f00000, 0x0000000087f00000|100%| E|CS|TAMS 0x0000000087e00000, 0x0000000087e00000| Complete 
| 127|0x0000000087f00000, 0x0000000088000000, 0x0000000088000000|100%| E|CS|TAMS 0x0000000087f00000, 0x0000000087f00000| Complete 

Card table byte_map: [0x0000024e58cc0000,0x0000024e590c0000] _byte_map_base: 0x0000024e588c0000

Marking Bits (Prev, Next): (CMBitMap*) 0x0000024e41e43078, (CMBitMap*) 0x0000024e41e430b0
 Prev Bits: [0x0000024e594c0000, 0x0000024e5b4c0000)
 Next Bits: [0x0000024e5b4c0000, 0x0000024e5d4c0000)

Polling page: 0x0000024e40420000

Metaspace:

Usage:
  Non-class:     17.34 MB capacity,    17.16 MB ( 99%) used,   163.80 KB ( <1%) free+waste,    21.38 KB ( <1%) overhead. 
      Class:      2.19 MB capacity,     2.07 MB ( 94%) used,   118.79 KB (  5%) free+waste,     8.69 KB ( <1%) overhead. 
       Both:     19.53 MB capacity,    19.22 MB ( 98%) used,   282.59 KB (  1%) free+waste,    30.06 KB ( <1%) overhead. 

Virtual space:
  Non-class space:       18.00 MB reserved,      17.50 MB ( 97%) committed 
      Class space:        1.00 GB reserved,       2.25 MB ( <1%) committed 
             Both:        1.02 GB reserved,      19.75 MB (  2%) committed 

Chunk freelists:
   Non-Class:  4.75 KB
       Class:  3.50 KB
        Both:  8.25 KB

CodeHeap 'non-profiled nmethods': size=120064Kb used=825Kb max_used=825Kb free=119238Kb
 bounds [0x0000024e50f80000, 0x0000024e511f0000, 0x0000024e584c0000]
CodeHeap 'profiled nmethods': size=120000Kb used=4595Kb max_used=4595Kb free=115404Kb
 bounds [0x0000024e49a50000, 0x0000024e49ed0000, 0x0000024e50f80000]
CodeHeap 'non-nmethods': size=5696Kb used=1117Kb max_used=1146Kb free=4578Kb
 bounds [0x0000024e494c0000, 0x0000024e49730000, 0x0000024e49a50000]
 total_blobs=2647 nmethods=2229 adapters=329
 compilation: enabled
              stopped_count=0, restarted_count=0
 full_count=0

Compilation events (10 events):
Event: 3.458 Thread 0x0000024e5f8fc800 nmethod 2167 0x0000024e49e91e90 code [0x0000024e49e92100, 0x0000024e49e92e18]
Event: 3.458 Thread 0x0000024e5f8ef800 nmethod 2166 0x0000024e5104bf10 code [0x0000024e5104c080, 0x0000024e5104c138]
Event: 3.458 Thread 0x0000024e5f8fc800 2168       3       org.apache.maven.model.ModelBase::getProperties (23 bytes)
Event: 3.458 Thread 0x0000024e5f8fc800 nmethod 2168 0x0000024e49e93190 code [0x0000024e49e93340, 0x0000024e49e93608]
Event: 3.458 Thread 0x0000024e5f8ef800 2169       4       org.apache.maven.model.io.xpp3.MavenXpp3ReaderEx::checkFieldWithDuplicate (75 bytes)
Event: 3.458 Thread 0x0000024e5f8fc800 2170       3       org.apache.maven.model.io.xpp3.MavenXpp3ReaderEx::nextTag (64 bytes)
Event: 3.459 Thread 0x0000024e5f8fc800 nmethod 2170 0x0000024e49e93710 code [0x0000024e49e939a0, 0x0000024e49e94518]
Event: 3.461 Thread 0x0000024e5f8fc800 2173 %     3       org.codehaus.plexus.util.xml.pull.MXParser::nextImpl @ 193 (1202 bytes)
Event: 3.466 Thread 0x0000024e5f8fc800 nmethod 2173% 0x0000024e49e94990 code [0x0000024e49e95060, 0x0000024e49e98b98]
Event: 3.466 Thread 0x0000024e5f8fc800 2174       3       org.codehaus.plexus.util.xml.pull.MXParser::nextImpl (1202 bytes)

GC Heap History (8 events):
Event: 0.492 GC heap before
{Heap before GC invocations=0 (full 0):
 garbage-first heap   total 131072K, used 7168K [0x0000000080000000, 0x0000000100000000)
  region size 1024K, 7 young (7168K), 0 survivors (0K)
 Metaspace       used 7782K, capacity 7933K, committed 8064K, reserved 1056768K
  class space    used 680K, capacity 772K, committed 896K, reserved 1048576K
}
Event: 0.497 GC heap after
{Heap after GC invocations=1 (full 0):
 garbage-first heap   total 131072K, used 2056K [0x0000000080000000, 0x0000000100000000)
  region size 1024K, 1 young (1024K), 1 survivors (1024K)
 Metaspace       used 7782K, capacity 7933K, committed 8064K, reserved 1056768K
  class space    used 680K, capacity 772K, committed 896K, reserved 1048576K
}
Event: 0.761 GC heap before
{Heap before GC invocations=1 (full 0):
 garbage-first heap   total 131072K, used 7176K [0x0000000080000000, 0x0000000100000000)
  region size 1024K, 6 young (6144K), 1 survivors (1024K)
 Metaspace       used 10133K, capacity 10280K, committed 10496K, reserved 1058816K
  class space    used 946K, capacity 1024K, committed 1024K, reserved 1048576K
}
Event: 0.766 GC heap after
{Heap after GC invocations=2 (full 0):
 garbage-first heap   total 131072K, used 3087K [0x0000000080000000, 0x0000000100000000)
  region size 1024K, 1 young (1024K), 1 survivors (1024K)
 Metaspace       used 10133K, capacity 10280K, committed 10496K, reserved 1058816K
  class space    used 946K, capacity 1024K, committed 1024K, reserved 1048576K
}
Event: 1.204 GC heap before
{Heap before GC invocations=2 (full 0):
 garbage-first heap   total 131072K, used 16399K [0x0000000080000000, 0x0000000100000000)
  region size 1024K, 14 young (14336K), 1 survivors (1024K)
 Metaspace       used 12392K, capacity 12532K, committed 12672K, reserved 1060864K
  class space    used 1254K, capacity 1348K, committed 1408K, reserved 1048576K
}
Event: 1.209 GC heap after
{Heap after GC invocations=3 (full 0):
 garbage-first heap   total 131072K, used 3692K [0x0000000080000000, 0x0000000100000000)
  region size 1024K, 2 young (2048K), 2 survivors (2048K)
 Metaspace       used 12392K, capacity 12532K, committed 12672K, reserved 1060864K
  class space    used 1254K, capacity 1348K, committed 1408K, reserved 1048576K
}
Event: 1.895 GC heap before
{Heap before GC invocations=3 (full 0):
 garbage-first heap   total 131072K, used 23148K [0x0000000080000000, 0x0000000100000000)
  region size 1024K, 21 young (21504K), 2 survivors (2048K)
 Metaspace       used 14657K, capacity 14873K, committed 14976K, reserved 1062912K
  class space    used 1534K, capacity 1615K, committed 1664K, reserved 1048576K
}
Event: 1.901 GC heap after
{Heap after GC invocations=4 (full 0):
 garbage-first heap   total 131072K, used 4401K [0x0000000080000000, 0x0000000100000000)
  region size 1024K, 3 young (3072K), 3 survivors (3072K)
 Metaspace       used 14657K, capacity 14873K, committed 14976K, reserved 1062912K
  class space    used 1534K, capacity 1615K, committed 1664K, reserved 1048576K
}

Deoptimization events (10 events):
Event: 1.513 Thread 0x0000024e41e07000 Uncommon trap: reason=unstable_if action=reinterpret pc=0x0000024e50fdd2b0 method=java.lang.String.<init>([CIILjava/lang/Void;)V @ 5 c2
Event: 3.008 Thread 0x0000024e41e07000 Uncommon trap: reason=unstable_if action=reinterpret pc=0x0000024e50f9a2dc method=java.lang.String.startsWith(Ljava/lang/String;I)Z @ 1 c2
Event: 3.077 Thread 0x0000024e41e07000 Uncommon trap: reason=unstable_if action=reinterpret pc=0x0000024e5103990c method=org.eclipse.sisu.inject.InjectorBindings.isAssignableFrom(Lcom/google/inject/TypeLiteral;Lcom/google/inject/Binding;)Z @ 14 c2
Event: 3.095 Thread 0x0000024e41e07000 Uncommon trap: reason=unstable_if action=reinterpret pc=0x0000024e50fd3510 method=sun.nio.cs.StreamDecoder.implRead([CII)I @ 36 c2
Event: 3.181 Thread 0x0000024e41e07000 Uncommon trap: reason=null_check action=make_not_entrant pc=0x0000024e5102c674 method=java.net.URL.getURLStreamHandler(Ljava/lang/String;)Ljava/net/URLStreamHandler; @ 7 c2
Event: 3.184 Thread 0x0000024e41e07000 Uncommon trap: reason=unstable_if action=reinterpret pc=0x0000024e510301c0 method=sun.net.util.IPAddressUtil.scan(Ljava/lang/String;JJ[C)I @ 14 c2
Event: 3.240 Thread 0x0000024e41e07000 Uncommon trap: reason=unstable_if action=reinterpret pc=0x0000024e50fa8d18 method=java.lang.AbstractStringBuilder.append(Ljava/lang/String;)Ljava/lang/AbstractStringBuilder; @ 1 c2
Event: 3.240 Thread 0x0000024e41e07000 Uncommon trap: reason=unstable_if action=reinterpret pc=0x0000024e50fa97f8 method=java.lang.AbstractStringBuilder.append(Ljava/lang/String;)Ljava/lang/AbstractStringBuilder; @ 1 c2
Event: 3.251 Thread 0x0000024e41e07000 Uncommon trap: reason=unstable_if action=reinterpret pc=0x0000024e50fde72c method=java.lang.String.replace(CC)Ljava/lang/String; @ 2 c2
Event: 3.460 Thread 0x0000024e41e07000 Uncommon trap: reason=unstable_if action=reinterpret pc=0x0000024e51046bdc method=org.codehaus.plexus.util.xml.pull.MXParser.nextImpl()I @ 1053 c2

Classes redefined (0 events):
No events

Internal exceptions (10 events):
Event: 0.328 Thread 0x0000024e41e07000 Exception <a 'java/lang/NullPointerException'{0x0000000087b23d30}> (0x0000000087b23d30) thrown at [./open/src/hotspot/share/interpreter/linkResolver.cpp, line 1354]
Event: 0.328 Thread 0x0000024e41e07000 Exception <a 'java/lang/NullPointerException'{0x0000000087b24000}> (0x0000000087b24000) thrown at [./open/src/hotspot/share/interpreter/linkResolver.cpp, line 1354]
Event: 0.328 Thread 0x0000024e41e07000 Exception <a 'java/lang/NullPointerException'{0x0000000087b242d0}> (0x0000000087b242d0) thrown at [./open/src/hotspot/share/interpreter/linkResolver.cpp, line 1354]
Event: 1.032 Thread 0x0000024e41e07000 Exception <a 'java/lang/NoClassDefFoundError'{0x00000000878a1678}: javax/enterprise/inject/Typed> (0x00000000878a1678) thrown at [./open/src/hotspot/share/classfile/systemDictionary.cpp, line 215]
Event: 2.549 Thread 0x0000024e41e07000 Exception <a 'java/lang/NoClassDefFoundError'{0x0000000086f0b7b0}: com/google/inject/servlet/ServletModuleTargetVisitor> (0x0000000086f0b7b0) thrown at [./open/src/hotspot/share/classfile/systemDictionary.cpp, line 215]
Event: 2.550 Thread 0x0000024e41e07000 Exception <a 'java/lang/NoClassDefFoundError'{0x0000000086f0b7b0}> (0x0000000086f0b7b0) thrown at [./open/src/hotspot/share/prims/jvm.cpp, line 1309]
Event: 3.014 Thread 0x0000024e41e07000 Exception <a 'java/lang/NoSuchMethodError'{0x0000000086e58ea0}: java.lang.invoke.DirectMethodHandle$Holder.invokeStaticInit(Ljava/lang/Object;IIII)Ljava/lang/Object;> (0x0000000086e58ea0) thrown at [./open/src/hotspot/share/interpreter/linkResolver.cpp, l
Event: 3.181 Thread 0x0000024e41e07000 Implicit null exception at 0x0000024e510295f4 to 0x0000024e5102c664
Event: 3.240 Thread 0x0000024e41e07000 Implicit null exception at 0x0000024e50fa87f4 to 0x0000024e50fa8d00
Event: 3.240 Thread 0x0000024e41e07000 Implicit null exception at 0x0000024e50fa92f4 to 0x0000024e50fa97e0

Events (10 events):
Event: 3.433 loading class org/apache/maven/model/building/DefaultModelBuildingEvent done
Event: 3.435 loading class org/apache/maven/lifecycle/mapping/Lifecycle
Event: 3.435 loading class org/apache/maven/lifecycle/mapping/Lifecycle done
Event: 3.436 loading class org/apache/maven/lifecycle/mapping/LifecycleMojo
Event: 3.436 loading class org/apache/maven/lifecycle/mapping/LifecycleMojo done
Event: 3.440 loading class org/apache/maven/lifecycle/internal/DefaultLifecyclePluginAnalyzer$1
Event: 3.440 loading class org/apache/maven/lifecycle/internal/DefaultLifecyclePluginAnalyzer$1 done
Event: 3.460 Thread 0x0000024e41e07000 Uncommon trap: trap_request=0xffffff4d fr.pc=0x0000024e51046bdc relative=0x00000000000009dc
Event: 3.460 Thread 0x0000024e41e07000 DEOPT PACKING pc=0x0000024e51046bdc sp=0x00000072650fd480
Event: 3.460 Thread 0x0000024e41e07000 DEOPT UNPACKING pc=0x0000024e494c83af sp=0x00000072650fd408 mode 2


Dynamic libraries:
0x00007ff66c760000 - 0x00007ff66c76f000 	C:\Program Files\Java\jdk-11.0.16\bin\java.exe
0x00007fff31d50000 - 0x00007fff31f48000 	C:\Windows\SYSTEM32\ntdll.dll
0x00007fff2fdb0000 - 0x00007fff2fe6f000 	C:\Windows\System32\KERNEL32.DLL
0x00007fff2f730000 - 0x00007fff2fa02000 	C:\Windows\System32\KERNELBASE.dll
0x00007fff2fb70000 - 0x00007fff2fc70000 	C:\Windows\System32\ucrtbase.dll
0x00007fff0cb90000 - 0x00007fff0cba8000 	C:\Program Files\Java\jdk-11.0.16\bin\jli.dll
0x00007fff31600000 - 0x00007fff316ae000 	C:\Windows\System32\ADVAPI32.dll
0x00007fff30800000 - 0x00007fff3089e000 	C:\Windows\System32\msvcrt.dll
0x00007fff2fe70000 - 0x00007fff2ff0c000 	C:\Windows\System32\sechost.dll
0x00007fff0cb70000 - 0x00007fff0cb85000 	C:\Program Files\Java\jdk-11.0.16\bin\VCRUNTIME140.dll
0x00007fff30030000 - 0x00007fff30155000 	C:\Windows\System32\RPCRT4.dll
0x00007fff31a90000 - 0x00007fff31c2d000 	C:\Windows\System32\USER32.dll
0x00007fff13c00000 - 0x00007fff13e9a000 	C:\Windows\WinSxS\amd64_microsoft.windows.common-controls_6595b64144ccf1df_6.0.19041.1110_none_60b5254171f9507e\COMCTL32.dll
0x00007fff2fc70000 - 0x00007fff2fc92000 	C:\Windows\System32\win32u.dll
0x00007fff30180000 - 0x00007fff301ab000 	C:\Windows\System32\GDI32.dll
0x00007fff2f620000 - 0x00007fff2f72f000 	C:\Windows\System32\gdi32full.dll
0x00007fff2f4e0000 - 0x00007fff2f57d000 	C:\Windows\System32\msvcp_win.dll
0x00007fff26620000 - 0x00007fff2662a000 	C:\Windows\SYSTEM32\VERSION.dll
0x00007fff306e0000 - 0x00007fff30712000 	C:\Windows\System32\IMM32.DLL
0x00007fff0cad0000 - 0x00007fff0cb6b000 	C:\Program Files\Java\jdk-11.0.16\bin\msvcp140.dll
0x00007ffefc470000 - 0x00007ffefcf88000 	C:\Program Files\Java\jdk-11.0.16\bin\server\jvm.dll
0x00007fff2fda0000 - 0x00007fff2fda8000 	C:\Windows\System32\PSAPI.DLL
0x00007fff274c0000 - 0x00007fff274c9000 	C:\Windows\SYSTEM32\WSOCK32.dll
0x00007fff305c0000 - 0x00007fff3062b000 	C:\Windows\System32\WS2_32.dll
0x00007fff0ab60000 - 0x00007fff0ab87000 	C:\Windows\SYSTEM32\WINMM.dll
0x00007fff2d210000 - 0x00007fff2d222000 	C:\Windows\SYSTEM32\kernel.appcore.dll
0x00007fff0cac0000 - 0x00007fff0cad0000 	C:\Program Files\Java\jdk-11.0.16\bin\verify.dll
0x00007fff24750000 - 0x00007fff24934000 	C:\Windows\SYSTEM32\DBGHELP.DLL
0x00007fff24720000 - 0x00007fff2474c000 	C:\Windows\SYSTEM32\dbgcore.DLL
0x00007fff2f450000 - 0x00007fff2f4d2000 	C:\Windows\System32\bcryptPrimitives.dll
0x00007fff0ca90000 - 0x00007fff0cab8000 	C:\Program Files\Java\jdk-11.0.16\bin\java.dll
0x00007fff0ca80000 - 0x00007fff0ca8a000 	C:\Program Files\Java\jdk-11.0.16\bin\jimage.dll
0x00007fff0ca60000 - 0x00007fff0ca76000 	C:\Program Files\Java\jdk-11.0.16\bin\zip.dll
0x00007fff30eb0000 - 0x00007fff315f3000 	C:\Windows\System32\SHELL32.dll
0x00007fff2d4f0000 - 0x00007fff2dc82000 	C:\Windows\SYSTEM32\windows.storage.dll
0x00007fff301b0000 - 0x00007fff30504000 	C:\Windows\System32\combase.dll
0x00007fff2ecf0000 - 0x00007fff2ed20000 	C:\Windows\SYSTEM32\Wldp.dll
0x00007fff30630000 - 0x00007fff306dd000 	C:\Windows\System32\SHCORE.dll
0x00007fff31940000 - 0x00007fff31995000 	C:\Windows\System32\shlwapi.dll
0x00007fff2f390000 - 0x00007fff2f3af000 	C:\Windows\SYSTEM32\profapi.dll
0x00007fff0ca40000 - 0x00007fff0ca59000 	C:\Program Files\Java\jdk-11.0.16\bin\net.dll
0x00007fff26920000 - 0x00007fff26a2c000 	C:\Windows\SYSTEM32\WINHTTP.dll
0x00007fff2ead0000 - 0x00007fff2eb3a000 	C:\Windows\system32\mswsock.dll
0x00007fff0ca20000 - 0x00007fff0ca32000 	C:\Program Files\Java\jdk-11.0.16\bin\nio.dll
0x0000000069ac0000 - 0x0000000069ae4000 	C:\Users\sfjbs\Downloads\micro service-20221021T071039Z-001\micro service\apache-maven-3.8.5-bin\apache-maven-3.8.5\lib\jansi-native\Windows\x86_64\jansi.dll

dbghelp: loaded successfully - version: 4.0.5 - missing functions: none
symbol engine: initialized successfully - sym options: 0x614 - pdb path: .;C:\Program Files\Java\jdk-11.0.16\bin;C:\Windows\SYSTEM32;C:\Windows\WinSxS\amd64_microsoft.windows.common-controls_6595b64144ccf1df_6.0.19041.1110_none_60b5254171f9507e;C:\Program Files\Java\jdk-11.0.16\bin\server;C:\Users\sfjbs\Downloads\micro service-20221021T071039Z-001\micro service\apache-maven-3.8.5-bin\apache-maven-3.8.5\lib\jansi-native\Windows\x86_64

VM Arguments:
jvm_args: -Dclassworlds.conf=C:\Users\sfjbs\Downloads\micro service-20221021T071039Z-001\micro service\apache-maven-3.8.5-bin\apache-maven-3.8.5\bin\m2.conf -Dmaven.home=C:\Users\sfjbs\Downloads\micro service-20221021T071039Z-001\micro service\apache-maven-3.8.5-bin\apache-maven-3.8.5 -Dlibrary.jansi.path=C:\Users\sfjbs\Downloads\micro service-20221021T071039Z-001\micro service\apache-maven-3.8.5-bin\apache-maven-3.8.5\lib\jansi-native -Dmaven.multiModuleProjectDirectory=C:\Users\sfjbs\IdeaProjects\oct31training\usha\Day12\fourth-artemis-demo\artemis-demo-producer 
java_command: org.codehaus.plexus.classworlds.launcher.Launcher spring-boot:run
java_class_path (initial): C:\Users\sfjbs\Downloads\micro service-20221021T071039Z-001\micro service\apache-maven-3.8.5-bin\apache-maven-3.8.5\boot\plexus-classworlds-2.6.0.jar
Launcher Type: SUN_STANDARD

[Global flags]
     intx CICompilerCount                          = 2                                         {product} {ergonomic}
     uint ConcGCThreads                            = 1                                         {product} {ergonomic}
     uint G1ConcRefinementThreads                  = 2                                         {product} {ergonomic}
   size_t G1HeapRegionSize                         = 1048576                                   {product} {ergonomic}
    uintx GCDrainStackTargetSize                   = 64                                        {product} {ergonomic}
   size_t InitialHeapSize                          = 134217728                                 {product} {ergonomic}
   size_t MarkStackSize                            = 4194304                                   {product} {ergonomic}
   size_t MaxHeapSize                              = 2147483648                                {product} {ergonomic}
   size_t MaxNewSize                               = 1287651328                                {product} {ergonomic}
   size_t MinHeapDeltaBytes                        = 1048576                                   {product} {ergonomic}
    uintx NonNMethodCodeHeapSize                   = 5825164                                {pd product} {ergonomic}
    uintx NonProfiledCodeHeapSize                  = 122916538                              {pd product} {ergonomic}
    uintx ProfiledCodeHeapSize                     = 122916538                              {pd product} {ergonomic}
    uintx ReservedCodeCacheSize                    = 251658240                              {pd product} {ergonomic}
     bool SegmentedCodeCache                       = true                                      {product} {ergonomic}
     bool UseCompressedClassPointers               = true                                 {lp64_product} {ergonomic}
     bool UseCompressedOops                        = true                                 {lp64_product} {ergonomic}
     bool UseG1GC                                  = true                                      {product} {ergonomic}
     bool UseLargePagesIndividualAllocation        = false                                  {pd product} {ergonomic}

Logging:
Log output configuration:
 #0: stdout all=warning uptime,level,tags
 #1: stderr all=off uptime,level,tags

Environment Variables:
PATH=C:\Program Files\Common Files\Oracle\Java\javapath;C:\Windows\system32;C:\Windows;C:\Windows\System32\Wbem;C:\Windows\System32\WindowsPowerShell\v1.0\;C:\Windows\System32\OpenSSH\;C:\Users\sfjbs\Downloads\micro service-20221021T071039Z-001\micro service\apache-maven-3.8.5-bin\apache-maven-3.8.5\bin;C:\Users\sfjbs\Downloads\micro service-20221021T071039Z-001\micro service\apache-maven-3.8.5-bin\apache-maven-3.8.5\lib;C:\Program Files\Git\cmd;C:\Program Files\Docker\Docker\resources\bin;C:\Users\sfjbs\AppData\Local\Microsoft\WindowsApps;C:\Users\sfjbs\Downloads\micro service-20221021T071039Z-001\micro service\apache-maven-3.8.5-bin\apache-maven-3.8.5\bin;C:\Users\sfjbs\Downloads\micro service-20221021T071039Z-001\micro service\apache-maven-3.8.5-bin\apache-maven-3.8.5\lib;;C:\Program Files\JetBrains\IntelliJ IDEA Community Edition 2022.2.1\bin;
USERNAME=sfjbs
OS=Windows_NT
PROCESSOR_IDENTIFIER=Intel64 Family 6 Model 85 Stepping 7, GenuineIntel



---------------  S Y S T E M  ---------------

OS: Windows 10 , 64 bit Build 19041 (10.0.19041.2251)
Hyper-V role detected

CPU:total 2 (initial active 2) (1 cores per cpu, 2 threads per core) family 6 model 85 stepping 7 microcode 0xffffffff, cmov, cx8, fxsr, mmx, sse, sse2, sse3, ssse3, sse4.1, sse4.2, popcnt, avx, avx2, aes, clmul, erms, rtm, 3dnowpref, lzcnt, ht, tsc, bmi1, bmi2, adx, evex, fma

Memory: 4k page, system-wide physical 8190M (416M free)
TotalPageFile size 10238M (AvailPageFile size 5M)
current process WorkingSet (physical memory assigned to process): 109M, peak: 109M
current process commit charge ("private bytes"): 233M, peak: 235M

vm_info: Java HotSpot(TM) 64-Bit Server VM (11.0.16+11-LTS-199) for windows-amd64 JRE (11.0.16+11-LTS-199), built on Jun 28 2022 08:23:17 by "mach5one" with MS VC++ 15.9 (VS2017)

END.
