#
# There is insufficient memory for the Java Runtime Environment to continue.
# Native memory allocation (mmap) failed to map 134217728 bytes for G1 virtual space
# Possible reasons:
#   The system is out of physical RAM or swap space
#   The process is running with CompressedOops enabled, and the Java Heap may be blocking the growth of the native heap
# Possible solutions:
#   Reduce memory load on the system
#   Increase physical memory or swap space
#   Check if swap backing store is full
#   Decrease Java heap size (-Xmx/-Xms)
#   Decrease number of Java threads
#   Decrease Java thread stack sizes (-Xss)
#   Set larger code cache with -XX:ReservedCodeCacheSize=
#   JVM is running with Unscaled Compressed Oops mode in which the Java heap is
#     placed in the first 4GB address space. The Java Heap base address is the
#     maximum limit for the native heap growth. Please use -XX:HeapBaseMinAddress
#     to set the Java Heap base and to place the Java Heap above 4GB virtual address.
# This output file may be truncated or incomplete.
#
#  Out of Memory Error (os_windows.cpp:3747), pid=2620, tid=5584
#
# JRE version:  (17.0.3+7) (build )
# Java VM: OpenJDK 64-Bit Server VM (17.0.3+7-b469.37, mixed mode, sharing, tiered, compressed oops, compressed class ptrs, g1 gc, windows-amd64)
# No core dump will be written. Minidumps are not enabled by default on client versions of Windows
#

---------------  S U M M A R Y ------------

Command Line: git4idea.http.GitAskPassApp Username for 'https://github.com': 

Host: Intel(R) Xeon(R) Platinum 8370C CPU @ 2.80GHz, 2 cores, 7G,  Windows 10 , 64 bit Build 19041 (10.0.19041.1889)
Time: Wed Nov  2 13:21:56 2022 Coordinated Universal Time elapsed time: 0.024114 seconds (0d 0h 0m 0s)

---------------  T H R E A D  ---------------

Current thread (0x00000165cfeb04a0):  JavaThread "Unknown thread" [_thread_in_vm, id=5584, stack(0x0000005220500000,0x0000005220600000)]

Stack: [0x0000005220500000,0x0000005220600000]
Native frames: (J=compiled Java code, j=interpreted, Vv=VM code, C=native code)
V  [jvm.dll+0x681f8a]
V  [jvm.dll+0x83e374]
V  [jvm.dll+0x83fb1e]
V  [jvm.dll+0x840183]
V  [jvm.dll+0x2492a5]
V  [jvm.dll+0x67ee59]
V  [jvm.dll+0x67355a]
V  [jvm.dll+0x308fab]
V  [jvm.dll+0x310466]
V  [jvm.dll+0x3601de]
V  [jvm.dll+0x36040f]
V  [jvm.dll+0x2df098]
V  [jvm.dll+0x2e0004]
V  [jvm.dll+0x80fc61]
V  [jvm.dll+0x36df61]
V  [jvm.dll+0x7ef17c]
V  [jvm.dll+0x3f10ef]
V  [jvm.dll+0x3f2c31]
C  [jli.dll+0x526b]
C  [ucrtbase.dll+0x21bb2]
C  [KERNEL32.DLL+0x17034]
C  [ntdll.dll+0x526a1]


---------------  P R O C E S S  ---------------

Threads class SMR info:
_java_thread_list=0x00007ff9ff6c6f18, length=0, elements={
}

Java Threads: ( => current thread )

Other Threads:
  0x00000165cff0a620 GCTaskThread "GC Thread#0" [stack: 0x0000005220600000,0x0000005220700000] [id=13344]
  0x00000165cff1b560 ConcurrentGCThread "G1 Main Marker" [stack: 0x0000005220700000,0x0000005220800000] [id=7032]
  0x00000165cff1c710 ConcurrentGCThread "G1 Conc#0" [stack: 0x0000005220800000,0x0000005220900000] [id=13488]

[error occurred during error reporting (printing all threads), id 0xc0000005, EXCEPTION_ACCESS_VIOLATION (0xc0000005) at pc=0x00007ff9fee7fc57]

VM state: not at safepoint (not fully initialized)

VM Mutex/Monitor currently owned by a thread:  ([mutex/lock_event])
[0x00000165cfeabbe0] Heap_lock - owner thread: 0x00000165cfeb04a0

Heap address: 0x0000000080000000, size: 2048 MB, Compressed Oops mode: 32-bit

CDS archive(s) mapped at: [0x0000000000000000-0x0000000000000000-0x0000000000000000), size 0, SharedBaseAddress: 0x0000000800000000, ArchiveRelocationMode: 0.
Narrow klass base: 0x0000000000000000, Narrow klass shift: 0, Narrow klass range: 0x0

GC Precious Log:
<Empty>

Heap:
 garbage-first heap   total 0K, used 0K [0x0000000080000000, 0x0000000100000000)
  region size 1024K, 0 young (0K), 0 survivors (0K)

[error occurred during error reporting (printing heap information), id 0xc0000005, EXCEPTION_ACCESS_VIOLATION (0xc0000005) at pc=0x00007ff9ff26bbd9]

GC Heap History (0 events):
No events

Deoptimization events (0 events):
No events

Classes unloaded (0 events):
No events

Classes redefined (0 events):
No events

Internal exceptions (0 events):
No events

VM Operations (0 events):
No events

Events (1 events):
Event: 0.009 Loaded shared library C:\Program Files\JetBrains\IntelliJ IDEA Community Edition 2022.2.1\jbr\bin\java.dll


Dynamic libraries:
0x00007ff766bc0000 - 0x00007ff766bca000 	C:\Program Files\JetBrains\IntelliJ IDEA Community Edition 2022.2.1\jbr\bin\java.exe
0x00007ffa5a8d0000 - 0x00007ffa5aac8000 	C:\Windows\SYSTEM32\ntdll.dll
0x00007ffa5a080000 - 0x00007ffa5a13d000 	C:\Windows\System32\KERNEL32.DLL
0x00007ffa58320000 - 0x00007ffa585f2000 	C:\Windows\System32\KERNELBASE.dll
0x00007ffa586f0000 - 0x00007ffa587f0000 	C:\Windows\System32\ucrtbase.dll
0x00007ffa49280000 - 0x00007ffa4929b000 	C:\Program Files\JetBrains\IntelliJ IDEA Community Edition 2022.2.1\jbr\bin\VCRUNTIME140.dll
0x00007ffa32720000 - 0x00007ffa32737000 	C:\Program Files\JetBrains\IntelliJ IDEA Community Edition 2022.2.1\jbr\bin\jli.dll
0x00007ffa58e60000 - 0x00007ffa58ffd000 	C:\Windows\System32\USER32.dll
0x00007ffa587f0000 - 0x00007ffa58812000 	C:\Windows\System32\win32u.dll
0x00007ffa5a1f0000 - 0x00007ffa5a21b000 	C:\Windows\System32\GDI32.dll
0x00007ffa58820000 - 0x00007ffa5892f000 	C:\Windows\System32\gdi32full.dll
0x00007ffa58600000 - 0x00007ffa5869d000 	C:\Windows\System32\msvcp_win.dll
0x00007ffa38ee0000 - 0x00007ffa3917a000 	C:\Windows\WinSxS\amd64_microsoft.windows.common-controls_6595b64144ccf1df_6.0.19041.1110_none_60b5254171f9507e\COMCTL32.dll
0x00007ffa5a590000 - 0x00007ffa5a62e000 	C:\Windows\System32\msvcrt.dll
0x00007ffa58e30000 - 0x00007ffa58e60000 	C:\Windows\System32\IMM32.DLL
0x00007ffa4eaf0000 - 0x00007ffa4eafc000 	C:\Program Files\JetBrains\IntelliJ IDEA Community Edition 2022.2.1\jbr\bin\vcruntime140_1.dll
0x00007ffa2c750000 - 0x00007ffa2c7dd000 	C:\Program Files\JetBrains\IntelliJ IDEA Community Edition 2022.2.1\jbr\bin\msvcp140.dll
0x00007ff9feb90000 - 0x00007ff9ff7f8000 	C:\Program Files\JetBrains\IntelliJ IDEA Community Edition 2022.2.1\jbr\bin\server\jvm.dll
0x00007ffa59f10000 - 0x00007ffa59fbe000 	C:\Windows\System32\ADVAPI32.dll
0x00007ffa5a640000 - 0x00007ffa5a6dc000 	C:\Windows\System32\sechost.dll
0x00007ffa589f0000 - 0x00007ffa58b15000 	C:\Windows\System32\RPCRT4.dll
0x00007ffa589e0000 - 0x00007ffa589e8000 	C:\Windows\System32\PSAPI.DLL
0x00007ffa4eb00000 - 0x00007ffa4eb09000 	C:\Windows\SYSTEM32\WSOCK32.dll
0x00007ffa59470000 - 0x00007ffa594db000 	C:\Windows\System32\WS2_32.dll
0x00007ffa31e90000 - 0x00007ffa31eb7000 	C:\Windows\SYSTEM32\WINMM.dll
0x00007ffa4fe40000 - 0x00007ffa4fe4a000 	C:\Windows\SYSTEM32\VERSION.dll
0x00007ffa55e80000 - 0x00007ffa55e92000 	C:\Windows\SYSTEM32\kernel.appcore.dll
0x00007ffa4e870000 - 0x00007ffa4e87a000 	C:\Program Files\JetBrains\IntelliJ IDEA Community Edition 2022.2.1\jbr\bin\jimage.dll
0x00007ffa4b400000 - 0x00007ffa4b5e4000 	C:\Windows\SYSTEM32\DBGHELP.DLL
0x00007ffa4bce0000 - 0x00007ffa4bd0c000 	C:\Windows\SYSTEM32\dbgcore.DLL
0x00007ffa58290000 - 0x00007ffa58312000 	C:\Windows\System32\bcryptPrimitives.dll
0x00007ffa3ccb0000 - 0x00007ffa3ccd5000 	C:\Program Files\JetBrains\IntelliJ IDEA Community Edition 2022.2.1\jbr\bin\java.dll

dbghelp: loaded successfully - version: 4.0.5 - missing functions: none
symbol engine: initialized successfully - sym options: 0x614 - pdb path: .;C:\Program Files\JetBrains\IntelliJ IDEA Community Edition 2022.2.1\jbr\bin;C:\Windows\SYSTEM32;C:\Windows\WinSxS\amd64_microsoft.windows.common-controls_6595b64144ccf1df_6.0.19041.1110_none_60b5254171f9507e;C:\Program Files\JetBrains\IntelliJ IDEA Community Edition 2022.2.1\jbr\bin\server

VM Arguments:
java_command: git4idea.http.GitAskPassApp Username for 'https://github.com': 
java_class_path (initial): C:/Program Files/JetBrains/IntelliJ IDEA Community Edition 2022.2.1/plugins/git4idea/lib/git4idea-rt.jar;C:/Program Files/JetBrains/IntelliJ IDEA Community Edition 2022.2.1/lib/externalProcess-rt.jar;C:/Program Files/JetBrains/IntelliJ IDEA Community Edition 2022.2.1/lib/app.jar;C:/Program Files/JetBrains/IntelliJ IDEA Community Edition 2022.2.1/lib/3rd-party-rt.jar
Launcher Type: SUN_STANDARD

[Global flags]
     intx CICompilerCount                          = 2                                         {product} {ergonomic}
     uint ConcGCThreads                            = 1                                         {product} {ergonomic}
     uint G1ConcRefinementThreads                  = 2                                         {product} {ergonomic}
   size_t G1HeapRegionSize                         = 1048576                                   {product} {ergonomic}
    uintx GCDrainStackTargetSize                   = 64                                        {product} {ergonomic}
   size_t InitialHeapSize                          = 134217728                                 {product} {ergonomic}
   size_t MarkStackSize                            = 4194304                                   {product} {ergonomic}
   size_t MaxHeapSize                              = 2147483648                                {product} {ergonomic}
   size_t MinHeapDeltaBytes                        = 1048576                                   {product} {ergonomic}
   size_t MinHeapSize                              = 8388608                                   {product} {ergonomic}
    uintx NonNMethodCodeHeapSize                   = 5826188                                {pd product} {ergonomic}
    uintx NonProfiledCodeHeapSize                  = 122916026                              {pd product} {ergonomic}
    uintx ProfiledCodeHeapSize                     = 122916026                              {pd product} {ergonomic}
    uintx ReservedCodeCacheSize                    = 251658240                              {pd product} {ergonomic}
     bool SegmentedCodeCache                       = true                                      {product} {ergonomic}
   size_t SoftMaxHeapSize                          = 2147483648                             {manageable} {ergonomic}
     bool UseCompressedClassPointers               = true                           {product lp64_product} {ergonomic}
     bool UseCompressedOops                        = true                           {product lp64_product} {ergonomic}
     bool UseG1GC                                  = true                                      {product} {ergonomic}
     bool UseLargePagesIndividualAllocation        = false                                  {pd product} {ergonomic}

Logging:
Log output configuration:
 #0: stdout all=warning uptime,level,tags
 #1: stderr all=off uptime,level,tags

Environment Variables:
PATH=C:\Program Files\Git\mingw64\libexec\git-core;C:\Program Files\Git\mingw64\libexec\git-core;C:\Program Files\Git\mingw64\bin;C:\Program Files\Git\usr\bin;C:\Users\sfjbs\bin;C:\Program Files\Common Files\Oracle\Java\javapath;C:\Windows\system32;C:\Windows;C:\Windows\System32\Wbem;C:\Windows\System32\WindowsPowerShell\v1.0;C:\Windows\System32\OpenSSH;C:\Users\sfjbs\Downloads\micro service-20221021T071039Z-001\micro service\apache-maven-3.8.5-bin\apache-maven-3.8.5\bin;C:\Users\sfjbs\Downloads\micro service-20221021T071039Z-001\micro service\apache-maven-3.8.5-bin\apache-maven-3.8.5\lib;C:\Program Files\Git\cmd;C:\Program Files\Docker\Docker\resources\bin;C:\Users\sfjbs\AppData\Local\Microsoft\WindowsApps;C:\Users\sfjbs\Downloads\micro service-20221021T071039Z-001\micro service\apache-maven-3.8.5-bin\apache-maven-3.8.5\bin;C:\Users\sfjbs\Downloads\micro service-20221021T071039Z-001\micro service\apache-maven-3.8.5-bin\apache-maven-3.8.5\lib;C:\Program Files\JetBrains\IntelliJ IDEA Community Edition 2022.2.1\bin;C:\Users\sfjbs\AppData\Local\GitHubDesktop\bin
USERNAME=sfjbs
DISPLAY=:0.0
LC_ALL=en_US.UTF-8
OS=Windows_NT
PROCESSOR_IDENTIFIER=Intel64 Family 6 Model 106 Stepping 6, GenuineIntel



---------------  S Y S T E M  ---------------

OS:
 Windows 10 , 64 bit Build 19041 (10.0.19041.1889)
OS uptime: 12 days 2:20 hours
Hyper-V role detected

CPU: total 2 (initial active 2) (1 cores per cpu, 2 threads per core) family 6 model 106 stepping 6 microcode 0xffffffff, cx8, cmov, fxsr, ht, mmx, 3dnowpref, sse, sse2, sse3, ssse3, sse4.1, sse4.2, popcnt, lzcnt, tsc, avx, avx2, aes, erms, clmul, bmi1, bmi2, rtm, adx, avx512f, avx512dq, avx512cd, avx512bw, avx512vl, fma, vzeroupper, clflush, clflushopt, hv

Memory: 4k page, system-wide physical 8190M (854M free)
TotalPageFile size 10238M (AvailPageFile size 20M)
current process WorkingSet (physical memory assigned to process): 10M, peak: 10M
current process commit charge ("private bytes"): 47M, peak: 175M

vm_info: OpenJDK 64-Bit Server VM (17.0.3+7-b469.37) for windows-amd64 JRE (17.0.3+7-b469.37), built on 2022-08-01 by "builduser" with MS VC++ 16.10 / 16.11 (VS2019)

END.
