#
# There is insufficient memory for the Java Runtime Environment to continue.
# Native memory allocation (malloc) failed to allocate 728816 bytes for Chunk::new
# Possible reasons:
#   The system is out of physical RAM or swap space
#   The process is running with CompressedOops enabled, and the Java Heap may be blocking the growth of the native heap
# Possible solutions:
#   Reduce memory load on the system
#   Increase physical memory or swap space
#   Check if swap backing store is full
#   Decrease Java heap size (-Xmx/-Xms)
#   Decrease number of Java threads
#   Decrease Java thread stack sizes (-Xss)
#   Set larger code cache with -XX:ReservedCodeCacheSize=
#   JVM is running with Unscaled Compressed Oops mode in which the Java heap is
#     placed in the first 4GB address space. The Java Heap base address is the
#     maximum limit for the native heap growth. Please use -XX:HeapBaseMinAddress
#     to set the Java Heap base and to place the Java Heap above 4GB virtual address.
# This output file may be truncated or incomplete.
#
#  Out of Memory Error (./open/src/hotspot/share/memory/arena.cpp:197), pid=3592, tid=6356
#
# JRE version: Java(TM) SE Runtime Environment 18.9 (11.0.16+11) (build 11.0.16+11-LTS-199)
# Java VM: Java HotSpot(TM) 64-Bit Server VM 18.9 (11.0.16+11-LTS-199, mixed mode, tiered, compressed oops, g1 gc, windows-amd64)
# No core dump will be written. Minidumps are not enabled by default on client versions of Windows
#

---------------  S U M M A R Y ------------

Command Line: -Dmaven.multiModuleProjectDirectory=C:\Users\sfjbs\MiniProject\Pension-management-system -Dmaven.home=C:\Program Files\JetBrains\IntelliJ IDEA Community Edition 2022.2.1\plugins\maven\lib\maven3 -Dclassworlds.conf=C:\Program Files\JetBrains\IntelliJ IDEA Community Edition 2022.2.1\plugins\maven\lib\maven3\bin\m2.conf -Dmaven.ext.class.path=C:\Program Files\JetBrains\IntelliJ IDEA Community Edition 2022.2.1\plugins\maven\lib\maven-event-listener.jar -javaagent:C:\Program Files\JetBrains\IntelliJ IDEA Community Edition 2022.2.1\lib\idea_rt.jar=60893:C:\Program Files\JetBrains\IntelliJ IDEA Community Edition 2022.2.1\bin -Dfile.encoding=UTF-8 org.codehaus.classworlds.Launcher -Didea.version=2022.2.1 --offline clean install

Host: Intel(R) Xeon(R) Platinum 8370C CPU @ 2.80GHz, 2 cores, 7G,  Windows 10 , 64 bit Build 19041 (10.0.19041.2251)
Time: Sat Nov 12 21:05:57 2022 Coordinated Universal Time elapsed time: 8.583711 seconds (0d 0h 0m 8s)

---------------  T H R E A D  ---------------

Current thread (0x000001f1d909e800):  JavaThread "C2 CompilerThread0" daemon [_thread_in_native, id=6356, stack(0x000000813ab00000,0x000000813ac00000)]


Current CompileTask:
C2:   8583 4000   !   4       org.codehaus.plexus.interpolation.StringSearchInterpolator::interpolate (650 bytes)

Stack: [0x000000813ab00000,0x000000813ac00000]
Native frames: (J=compiled Java code, j=interpreted, Vv=VM code, C=native code)
V  [jvm.dll+0x62a3ea]
V  [jvm.dll+0x76418f]
V  [jvm.dll+0x765839]
V  [jvm.dll+0x765ec3]
V  [jvm.dll+0x23da98]
V  [jvm.dll+0xb2a1c]
V  [jvm.dll+0xb2fdc]
V  [jvm.dll+0x2ae814]
V  [jvm.dll+0x53d97b]
V  [jvm.dll+0x1f9ec9]
V  [jvm.dll+0x1f756d]
V  [jvm.dll+0x177c81]
V  [jvm.dll+0x207006]
V  [jvm.dll+0x20519b]
V  [jvm.dll+0x729fa0]
V  [jvm.dll+0x722b74]
V  [jvm.dll+0x629286]
C  [ucrtbase.dll+0x21bb2]
C  [KERNEL32.DLL+0x174b4]
C  [ntdll.dll+0x526a1]


---------------  P R O C E S S  ---------------

Threads class SMR info:
_java_thread_list=0x000001f1d9bef2b0, length=11, elements={
0x000001f1bb606800, 0x000001f1d907d800, 0x000001f1d9089800, 0x000001f1d9a22800,
0x000001f1d909a800, 0x000001f1d909b800, 0x000001f1d909e800, 0x000001f1d90dc800,
0x000001f1d9a5c800, 0x000001f1d9b4f800, 0x000001f1d9d32000
}

Java Threads: ( => current thread )
  0x000001f1bb606800 JavaThread "main" [_thread_in_native, id=11792, stack(0x0000008139e00000,0x0000008139f00000)]
  0x000001f1d907d800 JavaThread "Reference Handler" daemon [_thread_blocked, id=11700, stack(0x000000813a600000,0x000000813a700000)]
  0x000001f1d9089800 JavaThread "Finalizer" daemon [_thread_blocked, id=11984, stack(0x000000813a700000,0x000000813a800000)]
  0x000001f1d9a22800 JavaThread "Signal Dispatcher" daemon [_thread_blocked, id=12000, stack(0x000000813a800000,0x000000813a900000)]
  0x000001f1d909a800 JavaThread "Attach Listener" daemon [_thread_blocked, id=10668, stack(0x000000813a900000,0x000000813aa00000)]
  0x000001f1d909b800 JavaThread "Service Thread" daemon [_thread_blocked, id=11892, stack(0x000000813aa00000,0x000000813ab00000)]
=>0x000001f1d909e800 JavaThread "C2 CompilerThread0" daemon [_thread_in_native, id=6356, stack(0x000000813ab00000,0x000000813ac00000)]
  0x000001f1d90dc800 JavaThread "C1 CompilerThread0" daemon [_thread_blocked, id=956, stack(0x000000813ac00000,0x000000813ad00000)]
  0x000001f1d9a5c800 JavaThread "Sweeper thread" daemon [_thread_blocked, id=10680, stack(0x000000813ad00000,0x000000813ae00000)]
  0x000001f1d9b4f800 JavaThread "Common-Cleaner" daemon [_thread_blocked, id=10844, stack(0x000000813ae00000,0x000000813af00000)]
  0x000001f1d9d32000 JavaThread "Monitor Ctrl-Break" daemon [_thread_in_native, id=11968, stack(0x000000813af00000,0x000000813b000000)]

Other Threads:
  0x000001f1d907b000 VMThread "VM Thread" [stack: 0x000000813a500000,0x000000813a600000] [id=9840]
  0x000001f1d9d33800 WatcherThread [stack: 0x000000813b000000,0x000000813b100000] [id=8436]
  0x000001f1bb61b800 GCTaskThread "GC Thread#0" [stack: 0x000000813a000000,0x000000813a100000] [id=11860]
  0x000001f1da095800 GCTaskThread "GC Thread#1" [stack: 0x000000813b100000,0x000000813b200000] [id=11460]
  0x000001f1bb64b000 ConcurrentGCThread "G1 Main Marker" [stack: 0x000000813a100000,0x000000813a200000] [id=10188]
  0x000001f1bb64d800 ConcurrentGCThread "G1 Conc#0" [stack: 0x000000813a200000,0x000000813a300000] [id=232]
  0x000001f1bb6d9800 ConcurrentGCThread "G1 Refine#0" [stack: 0x000000813a300000,0x000000813a400000] [id=11752]
  0x000001f1bb6da800 ConcurrentGCThread "G1 Young RemSet Sampling" [stack: 0x000000813a400000,0x000000813a500000] [id=12084]

Threads with active compile tasks:
C2 CompilerThread0     8606 4000   !   4       org.codehaus.plexus.interpolation.StringSearchInterpolator::interpolate (650 bytes)

VM state:not at safepoint (normal execution)

VM Mutex/Monitor currently owned by a thread: None

Heap address: 0x0000000080000000, size: 2048 MB, Compressed Oops mode: 32-bit
Narrow klass base: 0x0000000000000000, Narrow klass shift: 3
Compressed class space size: 1073741824 Address: 0x0000000100000000

Heap:
 garbage-first heap   total 157696K, used 60337K [0x0000000080000000, 0x0000000100000000)
  region size 1024K, 54 young (55296K), 6 survivors (6144K)
 Metaspace       used 23394K, capacity 23855K, committed 23984K, reserved 1071104K
  class space    used 2382K, capacity 2545K, committed 2560K, reserved 1048576K
Heap Regions: E=young(eden), S=young(survivor), O=old, HS=humongous(starts), HC=humongous(continues), CS=collection set, F=free, A=archive, TAMS=top-at-mark-start (previous, next)
|   0|0x0000000080000000, 0x0000000080100000, 0x0000000080100000|100%| O|  |TAMS 0x0000000080100000, 0x0000000080000000| Untracked 
|   1|0x0000000080100000, 0x0000000080200000, 0x0000000080200000|100%| O|  |TAMS 0x0000000080200000, 0x0000000080100000| Untracked 
|   2|0x0000000080200000, 0x0000000080300000, 0x0000000080300000|100%| O|  |TAMS 0x0000000080300000, 0x0000000080200000| Untracked 
|   3|0x0000000080300000, 0x0000000080400000, 0x0000000080400000|100%| O|  |TAMS 0x0000000080345400, 0x0000000080300000| Untracked 
|   4|0x0000000080400000, 0x0000000080500000, 0x0000000080500000|100%| O|  |TAMS 0x0000000080400000, 0x0000000080400000| Untracked 
|   5|0x0000000080500000, 0x00000000805ec600, 0x0000000080600000| 92%| O|  |TAMS 0x0000000080500000, 0x0000000080500000| Untracked 
|   6|0x0000000080600000, 0x0000000080600000, 0x0000000080700000|  0%| F|  |TAMS 0x0000000080600000, 0x0000000080600000| Untracked 
|   7|0x0000000080700000, 0x0000000080700000, 0x0000000080800000|  0%| F|  |TAMS 0x0000000080700000, 0x0000000080700000| Untracked 
|   8|0x0000000080800000, 0x0000000080800000, 0x0000000080900000|  0%| F|  |TAMS 0x0000000080800000, 0x0000000080800000| Untracked 
|   9|0x0000000080900000, 0x0000000080900000, 0x0000000080a00000|  0%| F|  |TAMS 0x0000000080900000, 0x0000000080900000| Untracked 
|  10|0x0000000080a00000, 0x0000000080a00000, 0x0000000080b00000|  0%| F|  |TAMS 0x0000000080a00000, 0x0000000080a00000| Untracked 
|  11|0x0000000080b00000, 0x0000000080b00000, 0x0000000080c00000|  0%| F|  |TAMS 0x0000000080b00000, 0x0000000080b00000| Untracked 
|  12|0x0000000080c00000, 0x0000000080c00000, 0x0000000080d00000|  0%| F|  |TAMS 0x0000000080c00000, 0x0000000080c00000| Untracked 
|  13|0x0000000080d00000, 0x0000000080d00000, 0x0000000080e00000|  0%| F|  |TAMS 0x0000000080d00000, 0x0000000080d00000| Untracked 
|  14|0x0000000080e00000, 0x0000000080e00000, 0x0000000080f00000|  0%| F|  |TAMS 0x0000000080e00000, 0x0000000080e00000| Untracked 
|  15|0x0000000080f00000, 0x0000000080f00000, 0x0000000081000000|  0%| F|  |TAMS 0x0000000080f00000, 0x0000000080f00000| Untracked 
|  16|0x0000000081000000, 0x0000000081000000, 0x0000000081100000|  0%| F|  |TAMS 0x0000000081000000, 0x0000000081000000| Untracked 
|  17|0x0000000081100000, 0x0000000081100000, 0x0000000081200000|  0%| F|  |TAMS 0x0000000081100000, 0x0000000081100000| Untracked 
|  18|0x0000000081200000, 0x0000000081200000, 0x0000000081300000|  0%| F|  |TAMS 0x0000000081200000, 0x0000000081200000| Untracked 
|  19|0x0000000081300000, 0x0000000081300000, 0x0000000081400000|  0%| F|  |TAMS 0x0000000081300000, 0x0000000081300000| Untracked 
|  20|0x0000000081400000, 0x0000000081400000, 0x0000000081500000|  0%| F|  |TAMS 0x0000000081400000, 0x0000000081400000| Untracked 
|  21|0x0000000081500000, 0x0000000081500000, 0x0000000081600000|  0%| F|  |TAMS 0x0000000081500000, 0x0000000081500000| Untracked 
|  22|0x0000000081600000, 0x0000000081600000, 0x0000000081700000|  0%| F|  |TAMS 0x0000000081600000, 0x0000000081600000| Untracked 
|  23|0x0000000081700000, 0x0000000081700000, 0x0000000081800000|  0%| F|  |TAMS 0x0000000081700000, 0x0000000081700000| Untracked 
|  24|0x0000000081800000, 0x0000000081800000, 0x0000000081900000|  0%| F|  |TAMS 0x0000000081800000, 0x0000000081800000| Untracked 
|  25|0x0000000081900000, 0x0000000081900000, 0x0000000081a00000|  0%| F|  |TAMS 0x0000000081900000, 0x0000000081900000| Untracked 
|  26|0x0000000081a00000, 0x0000000081a00000, 0x0000000081b00000|  0%| F|  |TAMS 0x0000000081a00000, 0x0000000081a00000| Untracked 
|  27|0x0000000081b00000, 0x0000000081b00000, 0x0000000081c00000|  0%| F|  |TAMS 0x0000000081b00000, 0x0000000081b00000| Untracked 
|  28|0x0000000081c00000, 0x0000000081c00000, 0x0000000081d00000|  0%| F|  |TAMS 0x0000000081c00000, 0x0000000081c00000| Untracked 
|  29|0x0000000081d00000, 0x0000000081d00000, 0x0000000081e00000|  0%| F|  |TAMS 0x0000000081d00000, 0x0000000081d00000| Untracked 
|  30|0x0000000081e00000, 0x0000000081e00000, 0x0000000081f00000|  0%| F|  |TAMS 0x0000000081e00000, 0x0000000081e00000| Untracked 
|  31|0x0000000081f00000, 0x0000000081f00000, 0x0000000082000000|  0%| F|  |TAMS 0x0000000081f00000, 0x0000000081f00000| Untracked 
|  32|0x0000000082000000, 0x0000000082000000, 0x0000000082100000|  0%| F|  |TAMS 0x0000000082000000, 0x0000000082000000| Untracked 
|  33|0x0000000082100000, 0x0000000082100000, 0x0000000082200000|  0%| F|  |TAMS 0x0000000082100000, 0x0000000082100000| Untracked 
|  34|0x0000000082200000, 0x0000000082200000, 0x0000000082300000|  0%| F|  |TAMS 0x0000000082200000, 0x0000000082200000| Untracked 
|  35|0x0000000082300000, 0x0000000082300000, 0x0000000082400000|  0%| F|  |TAMS 0x0000000082300000, 0x0000000082300000| Untracked 
|  36|0x0000000082400000, 0x0000000082400000, 0x0000000082500000|  0%| F|  |TAMS 0x0000000082400000, 0x0000000082400000| Untracked 
|  37|0x0000000082500000, 0x0000000082500000, 0x0000000082600000|  0%| F|  |TAMS 0x0000000082500000, 0x0000000082500000| Untracked 
|  38|0x0000000082600000, 0x0000000082600000, 0x0000000082700000|  0%| F|  |TAMS 0x0000000082600000, 0x0000000082600000| Untracked 
|  39|0x0000000082700000, 0x0000000082700000, 0x0000000082800000|  0%| F|  |TAMS 0x0000000082700000, 0x0000000082700000| Untracked 
|  40|0x0000000082800000, 0x0000000082800000, 0x0000000082900000|  0%| F|  |TAMS 0x0000000082800000, 0x0000000082800000| Untracked 
|  41|0x0000000082900000, 0x0000000082900000, 0x0000000082a00000|  0%| F|  |TAMS 0x0000000082900000, 0x0000000082900000| Untracked 
|  42|0x0000000082a00000, 0x0000000082a00000, 0x0000000082b00000|  0%| F|  |TAMS 0x0000000082a00000, 0x0000000082a00000| Untracked 
|  43|0x0000000082b00000, 0x0000000082b00000, 0x0000000082c00000|  0%| F|  |TAMS 0x0000000082b00000, 0x0000000082b00000| Untracked 
|  44|0x0000000082c00000, 0x0000000082c00000, 0x0000000082d00000|  0%| F|  |TAMS 0x0000000082c00000, 0x0000000082c00000| Untracked 
|  45|0x0000000082d00000, 0x0000000082d00000, 0x0000000082e00000|  0%| F|  |TAMS 0x0000000082d00000, 0x0000000082d00000| Untracked 
|  46|0x0000000082e00000, 0x0000000082e00000, 0x0000000082f00000|  0%| F|  |TAMS 0x0000000082e00000, 0x0000000082e00000| Untracked 
|  47|0x0000000082f00000, 0x0000000082f00000, 0x0000000083000000|  0%| F|  |TAMS 0x0000000082f00000, 0x0000000082f00000| Untracked 
|  48|0x0000000083000000, 0x0000000083000000, 0x0000000083100000|  0%| F|  |TAMS 0x0000000083000000, 0x0000000083000000| Untracked 
|  49|0x0000000083100000, 0x0000000083100000, 0x0000000083200000|  0%| F|  |TAMS 0x0000000083100000, 0x0000000083100000| Untracked 
|  50|0x0000000083200000, 0x0000000083200000, 0x0000000083300000|  0%| F|  |TAMS 0x0000000083200000, 0x0000000083200000| Untracked 
|  51|0x0000000083300000, 0x0000000083300000, 0x0000000083400000|  0%| F|  |TAMS 0x0000000083300000, 0x0000000083300000| Untracked 
|  52|0x0000000083400000, 0x0000000083400000, 0x0000000083500000|  0%| F|  |TAMS 0x0000000083400000, 0x0000000083400000| Untracked 
|  53|0x0000000083500000, 0x0000000083500000, 0x0000000083600000|  0%| F|  |TAMS 0x0000000083500000, 0x0000000083500000| Untracked 
|  54|0x0000000083600000, 0x0000000083600000, 0x0000000083700000|  0%| F|  |TAMS 0x0000000083600000, 0x0000000083600000| Untracked 
|  55|0x0000000083700000, 0x0000000083700000, 0x0000000083800000|  0%| F|  |TAMS 0x0000000083700000, 0x0000000083700000| Untracked 
|  56|0x0000000083800000, 0x0000000083800000, 0x0000000083900000|  0%| F|  |TAMS 0x0000000083800000, 0x0000000083800000| Untracked 
|  57|0x0000000083900000, 0x0000000083900000, 0x0000000083a00000|  0%| F|  |TAMS 0x0000000083900000, 0x0000000083900000| Untracked 
|  58|0x0000000083a00000, 0x0000000083a00000, 0x0000000083b00000|  0%| F|  |TAMS 0x0000000083a00000, 0x0000000083a00000| Untracked 
|  59|0x0000000083b00000, 0x0000000083b00000, 0x0000000083c00000|  0%| F|  |TAMS 0x0000000083b00000, 0x0000000083b00000| Untracked 
|  60|0x0000000083c00000, 0x0000000083c00000, 0x0000000083d00000|  0%| F|  |TAMS 0x0000000083c00000, 0x0000000083c00000| Untracked 
|  61|0x0000000083d00000, 0x0000000083d00000, 0x0000000083e00000|  0%| F|  |TAMS 0x0000000083d00000, 0x0000000083d00000| Untracked 
|  62|0x0000000083e00000, 0x0000000083e00000, 0x0000000083f00000|  0%| F|  |TAMS 0x0000000083e00000, 0x0000000083e00000| Untracked 
|  63|0x0000000083f00000, 0x0000000083f00000, 0x0000000084000000|  0%| F|  |TAMS 0x0000000083f00000, 0x0000000083f00000| Untracked 
|  64|0x0000000084000000, 0x0000000084000000, 0x0000000084100000|  0%| F|  |TAMS 0x0000000084000000, 0x0000000084000000| Untracked 
|  65|0x0000000084100000, 0x0000000084100000, 0x0000000084200000|  0%| F|  |TAMS 0x0000000084100000, 0x0000000084100000| Untracked 
|  66|0x0000000084200000, 0x0000000084200000, 0x0000000084300000|  0%| F|  |TAMS 0x0000000084200000, 0x0000000084200000| Untracked 
|  67|0x0000000084300000, 0x0000000084300000, 0x0000000084400000|  0%| F|  |TAMS 0x0000000084300000, 0x0000000084300000| Untracked 
|  68|0x0000000084400000, 0x0000000084400000, 0x0000000084500000|  0%| F|  |TAMS 0x0000000084400000, 0x0000000084400000| Untracked 
|  69|0x0000000084500000, 0x0000000084500000, 0x0000000084600000|  0%| F|  |TAMS 0x0000000084500000, 0x0000000084500000| Untracked 
|  70|0x0000000084600000, 0x0000000084600000, 0x0000000084700000|  0%| F|  |TAMS 0x0000000084600000, 0x0000000084600000| Untracked 
|  71|0x0000000084700000, 0x0000000084700000, 0x0000000084800000|  0%| F|  |TAMS 0x0000000084700000, 0x0000000084700000| Untracked 
|  72|0x0000000084800000, 0x0000000084800000, 0x0000000084900000|  0%| F|  |TAMS 0x0000000084800000, 0x0000000084800000| Untracked 
|  73|0x0000000084900000, 0x0000000084900000, 0x0000000084a00000|  0%| F|  |TAMS 0x0000000084900000, 0x0000000084900000| Untracked 
|  74|0x0000000084a00000, 0x0000000084a00000, 0x0000000084b00000|  0%| F|  |TAMS 0x0000000084a00000, 0x0000000084a00000| Untracked 
|  75|0x0000000084b00000, 0x0000000084b00000, 0x0000000084c00000|  0%| F|  |TAMS 0x0000000084b00000, 0x0000000084b00000| Untracked 
|  76|0x0000000084c00000, 0x0000000084c00000, 0x0000000084d00000|  0%| F|  |TAMS 0x0000000084c00000, 0x0000000084c00000| Untracked 
|  77|0x0000000084d00000, 0x0000000084d00000, 0x0000000084e00000|  0%| F|  |TAMS 0x0000000084d00000, 0x0000000084d00000| Untracked 
|  78|0x0000000084e00000, 0x0000000084e00000, 0x0000000084f00000|  0%| F|  |TAMS 0x0000000084e00000, 0x0000000084e00000| Untracked 
|  79|0x0000000084f00000, 0x0000000084f00000, 0x0000000085000000|  0%| F|  |TAMS 0x0000000084f00000, 0x0000000084f00000| Untracked 
|  80|0x0000000085000000, 0x0000000085000000, 0x0000000085100000|  0%| F|  |TAMS 0x0000000085000000, 0x0000000085000000| Untracked 
|  81|0x0000000085100000, 0x0000000085100000, 0x0000000085200000|  0%| F|  |TAMS 0x0000000085100000, 0x0000000085100000| Untracked 
|  82|0x0000000085200000, 0x0000000085200000, 0x0000000085300000|  0%| F|  |TAMS 0x0000000085200000, 0x0000000085200000| Untracked 
|  83|0x0000000085300000, 0x0000000085300000, 0x0000000085400000|  0%| F|  |TAMS 0x0000000085300000, 0x0000000085300000| Untracked 
|  84|0x0000000085400000, 0x0000000085400000, 0x0000000085500000|  0%| F|  |TAMS 0x0000000085400000, 0x0000000085400000| Untracked 
|  85|0x0000000085500000, 0x0000000085500000, 0x0000000085600000|  0%| F|  |TAMS 0x0000000085500000, 0x0000000085500000| Untracked 
|  86|0x0000000085600000, 0x0000000085600000, 0x0000000085700000|  0%| F|  |TAMS 0x0000000085600000, 0x0000000085600000| Untracked 
|  87|0x0000000085700000, 0x0000000085700000, 0x0000000085800000|  0%| F|  |TAMS 0x0000000085700000, 0x0000000085700000| Untracked 
|  88|0x0000000085800000, 0x0000000085800000, 0x0000000085900000|  0%| F|  |TAMS 0x0000000085800000, 0x0000000085800000| Untracked 
|  89|0x0000000085900000, 0x0000000085900000, 0x0000000085a00000|  0%| F|  |TAMS 0x0000000085900000, 0x0000000085900000| Untracked 
|  90|0x0000000085a00000, 0x0000000085a00000, 0x0000000085b00000|  0%| F|  |TAMS 0x0000000085a00000, 0x0000000085a00000| Untracked 
|  91|0x0000000085b00000, 0x0000000085b00000, 0x0000000085c00000|  0%| F|  |TAMS 0x0000000085b00000, 0x0000000085b00000| Untracked 
|  92|0x0000000085c00000, 0x0000000085c00000, 0x0000000085d00000|  0%| F|  |TAMS 0x0000000085c00000, 0x0000000085c00000| Untracked 
|  93|0x0000000085d00000, 0x0000000085d00000, 0x0000000085e00000|  0%| F|  |TAMS 0x0000000085d00000, 0x0000000085d00000| Untracked 
|  94|0x0000000085e00000, 0x0000000085f00000, 0x0000000085f00000|100%| S|CS|TAMS 0x0000000085e00000, 0x0000000085e00000| Complete 
|  95|0x0000000085f00000, 0x0000000086000000, 0x0000000086000000|100%| S|CS|TAMS 0x0000000085f00000, 0x0000000085f00000| Complete 
|  96|0x0000000086000000, 0x0000000086100000, 0x0000000086100000|100%| S|CS|TAMS 0x0000000086000000, 0x0000000086000000| Complete 
|  97|0x0000000086100000, 0x0000000086200000, 0x0000000086200000|100%| S|CS|TAMS 0x0000000086100000, 0x0000000086100000| Complete 
|  98|0x0000000086200000, 0x0000000086300000, 0x0000000086300000|100%| S|CS|TAMS 0x0000000086200000, 0x0000000086200000| Complete 
|  99|0x0000000086300000, 0x0000000086400000, 0x0000000086400000|100%| S|CS|TAMS 0x0000000086300000, 0x0000000086300000| Complete 
| 100|0x0000000086400000, 0x0000000086400000, 0x0000000086500000|  0%| F|  |TAMS 0x0000000086400000, 0x0000000086400000| Untracked 
| 101|0x0000000086500000, 0x0000000086500000, 0x0000000086600000|  0%| F|  |TAMS 0x0000000086500000, 0x0000000086500000| Untracked 
| 102|0x0000000086600000, 0x0000000086600000, 0x0000000086700000|  0%| F|  |TAMS 0x0000000086600000, 0x0000000086600000| Untracked 
| 103|0x0000000086700000, 0x0000000086700000, 0x0000000086800000|  0%| F|  |TAMS 0x0000000086700000, 0x0000000086700000| Untracked 
| 104|0x0000000086800000, 0x0000000086800000, 0x0000000086900000|  0%| F|  |TAMS 0x0000000086800000, 0x0000000086800000| Untracked 
| 105|0x0000000086900000, 0x0000000086900000, 0x0000000086a00000|  0%| F|  |TAMS 0x0000000086900000, 0x0000000086900000| Untracked 
| 106|0x0000000086a00000, 0x0000000086a80800, 0x0000000086b00000| 50%| E|  |TAMS 0x0000000086a00000, 0x0000000086a00000| Complete 
| 107|0x0000000086b00000, 0x0000000086c00000, 0x0000000086c00000|100%| E|CS|TAMS 0x0000000086b00000, 0x0000000086b00000| Complete 
| 108|0x0000000086c00000, 0x0000000086d00000, 0x0000000086d00000|100%| E|CS|TAMS 0x0000000086c00000, 0x0000000086c00000| Complete 
| 109|0x0000000086d00000, 0x0000000086e00000, 0x0000000086e00000|100%| E|CS|TAMS 0x0000000086d00000, 0x0000000086d00000| Complete 
| 110|0x0000000086e00000, 0x0000000086f00000, 0x0000000086f00000|100%| E|CS|TAMS 0x0000000086e00000, 0x0000000086e00000| Complete 
| 111|0x0000000086f00000, 0x0000000087000000, 0x0000000087000000|100%| E|CS|TAMS 0x0000000086f00000, 0x0000000086f00000| Complete 
| 112|0x0000000087000000, 0x0000000087100000, 0x0000000087100000|100%| E|CS|TAMS 0x0000000087000000, 0x0000000087000000| Complete 
| 113|0x0000000087100000, 0x0000000087200000, 0x0000000087200000|100%| E|CS|TAMS 0x0000000087100000, 0x0000000087100000| Complete 
| 114|0x0000000087200000, 0x0000000087300000, 0x0000000087300000|100%| E|CS|TAMS 0x0000000087200000, 0x0000000087200000| Complete 
| 115|0x0000000087300000, 0x0000000087400000, 0x0000000087400000|100%| E|CS|TAMS 0x0000000087300000, 0x0000000087300000| Complete 
| 116|0x0000000087400000, 0x0000000087500000, 0x0000000087500000|100%| E|CS|TAMS 0x0000000087400000, 0x0000000087400000| Complete 
| 117|0x0000000087500000, 0x0000000087600000, 0x0000000087600000|100%| E|CS|TAMS 0x0000000087500000, 0x0000000087500000| Complete 
| 118|0x0000000087600000, 0x0000000087700000, 0x0000000087700000|100%| E|CS|TAMS 0x0000000087600000, 0x0000000087600000| Complete 
| 119|0x0000000087700000, 0x0000000087800000, 0x0000000087800000|100%| E|CS|TAMS 0x0000000087700000, 0x0000000087700000| Complete 
| 120|0x0000000087800000, 0x0000000087900000, 0x0000000087900000|100%| E|CS|TAMS 0x0000000087800000, 0x0000000087800000| Complete 
| 121|0x0000000087900000, 0x0000000087a00000, 0x0000000087a00000|100%| E|CS|TAMS 0x0000000087900000, 0x0000000087900000| Complete 
| 122|0x0000000087a00000, 0x0000000087b00000, 0x0000000087b00000|100%| E|CS|TAMS 0x0000000087a00000, 0x0000000087a00000| Complete 
| 123|0x0000000087b00000, 0x0000000087c00000, 0x0000000087c00000|100%| E|CS|TAMS 0x0000000087b00000, 0x0000000087b00000| Complete 
| 124|0x0000000087c00000, 0x0000000087d00000, 0x0000000087d00000|100%| E|CS|TAMS 0x0000000087c00000, 0x0000000087c00000| Complete 
| 125|0x0000000087d00000, 0x0000000087e00000, 0x0000000087e00000|100%| E|CS|TAMS 0x0000000087d00000, 0x0000000087d00000| Complete 
| 126|0x0000000087e00000, 0x0000000087f00000, 0x0000000087f00000|100%| E|CS|TAMS 0x0000000087e00000, 0x0000000087e00000| Complete 
| 127|0x0000000087f00000, 0x0000000088000000, 0x0000000088000000|100%| E|CS|TAMS 0x0000000087f00000, 0x0000000087f00000| Complete 
| 128|0x0000000088000000, 0x0000000088100000, 0x0000000088100000|100%| E|CS|TAMS 0x0000000088000000, 0x0000000088000000| Complete 
| 129|0x0000000088100000, 0x0000000088200000, 0x0000000088200000|100%| E|CS|TAMS 0x0000000088100000, 0x0000000088100000| Complete 
| 130|0x0000000088200000, 0x0000000088300000, 0x0000000088300000|100%| E|CS|TAMS 0x0000000088200000, 0x0000000088200000| Complete 
| 131|0x0000000088300000, 0x0000000088400000, 0x0000000088400000|100%| E|CS|TAMS 0x0000000088300000, 0x0000000088300000| Complete 
| 132|0x0000000088400000, 0x0000000088500000, 0x0000000088500000|100%| E|CS|TAMS 0x0000000088400000, 0x0000000088400000| Complete 
| 133|0x0000000088500000, 0x0000000088600000, 0x0000000088600000|100%| E|CS|TAMS 0x0000000088500000, 0x0000000088500000| Complete 
| 134|0x0000000088600000, 0x0000000088700000, 0x0000000088700000|100%| E|CS|TAMS 0x0000000088600000, 0x0000000088600000| Complete 
| 135|0x0000000088700000, 0x0000000088800000, 0x0000000088800000|100%| E|CS|TAMS 0x0000000088700000, 0x0000000088700000| Complete 
| 136|0x0000000088800000, 0x0000000088900000, 0x0000000088900000|100%| E|CS|TAMS 0x0000000088800000, 0x0000000088800000| Complete 
| 137|0x0000000088900000, 0x0000000088a00000, 0x0000000088a00000|100%| E|CS|TAMS 0x0000000088900000, 0x0000000088900000| Complete 
| 138|0x0000000088a00000, 0x0000000088b00000, 0x0000000088b00000|100%| E|CS|TAMS 0x0000000088a00000, 0x0000000088a00000| Complete 
| 139|0x0000000088b00000, 0x0000000088c00000, 0x0000000088c00000|100%| E|CS|TAMS 0x0000000088b00000, 0x0000000088b00000| Complete 
| 140|0x0000000088c00000, 0x0000000088d00000, 0x0000000088d00000|100%| E|CS|TAMS 0x0000000088c00000, 0x0000000088c00000| Complete 
| 141|0x0000000088d00000, 0x0000000088e00000, 0x0000000088e00000|100%| E|CS|TAMS 0x0000000088d00000, 0x0000000088d00000| Complete 
| 142|0x0000000088e00000, 0x0000000088f00000, 0x0000000088f00000|100%| E|CS|TAMS 0x0000000088e00000, 0x0000000088e00000| Complete 
| 143|0x0000000088f00000, 0x0000000089000000, 0x0000000089000000|100%| E|CS|TAMS 0x0000000088f00000, 0x0000000088f00000| Complete 
| 144|0x0000000089000000, 0x0000000089100000, 0x0000000089100000|100%| E|CS|TAMS 0x0000000089000000, 0x0000000089000000| Complete 
| 145|0x0000000089100000, 0x0000000089200000, 0x0000000089200000|100%| E|CS|TAMS 0x0000000089100000, 0x0000000089100000| Complete 
| 146|0x0000000089200000, 0x0000000089300000, 0x0000000089300000|100%| E|CS|TAMS 0x0000000089200000, 0x0000000089200000| Complete 
| 147|0x0000000089300000, 0x0000000089400000, 0x0000000089400000|100%| E|CS|TAMS 0x0000000089300000, 0x0000000089300000| Complete 
| 148|0x0000000089400000, 0x0000000089500000, 0x0000000089500000|100%| E|CS|TAMS 0x0000000089400000, 0x0000000089400000| Complete 
| 149|0x0000000089500000, 0x0000000089600000, 0x0000000089600000|100%| E|CS|TAMS 0x0000000089500000, 0x0000000089500000| Complete 
| 150|0x0000000089600000, 0x0000000089700000, 0x0000000089700000|100%| E|CS|TAMS 0x0000000089600000, 0x0000000089600000| Complete 
| 151|0x0000000089700000, 0x0000000089800000, 0x0000000089800000|100%| E|CS|TAMS 0x0000000089700000, 0x0000000089700000| Complete 
| 152|0x0000000089800000, 0x0000000089900000, 0x0000000089900000|100%| E|CS|TAMS 0x0000000089800000, 0x0000000089800000| Complete 
| 153|0x0000000089900000, 0x0000000089a00000, 0x0000000089a00000|100%| E|CS|TAMS 0x0000000089900000, 0x0000000089900000| Complete 

Card table byte_map: [0x000001f1d24c0000,0x000001f1d28c0000] _byte_map_base: 0x000001f1d20c0000

Marking Bits (Prev, Next): (CMBitMap*) 0x000001f1bb642600, (CMBitMap*) 0x000001f1bb6425c8
 Prev Bits: [0x000001f1d4cc0000, 0x000001f1d6cc0000)
 Next Bits: [0x000001f1d2cc0000, 0x000001f1d4cc0000)

Polling page: 0x000001f1b9bb0000

Metaspace:

Usage:
  Non-class:     20.81 MB capacity,    20.52 MB ( 99%) used,   268.66 KB (  1%) free+waste,    29.13 KB ( <1%) overhead. 
      Class:      2.49 MB capacity,     2.33 MB ( 94%) used,   150.82 KB (  6%) free+waste,    11.50 KB ( <1%) overhead. 
       Both:     23.30 MB capacity,    22.85 MB ( 98%) used,   419.48 KB (  2%) free+waste,    40.63 KB ( <1%) overhead. 

Virtual space:
  Non-class space:       22.00 MB reserved,      20.92 MB ( 95%) committed 
      Class space:        1.00 GB reserved,       2.50 MB ( <1%) committed 
             Both:        1.02 GB reserved,      23.42 MB (  2%) committed 

Chunk freelists:
   Non-Class:  6.25 KB
       Class:  1.88 KB
        Both:  8.13 KB

CodeHeap 'non-profiled nmethods': size=120064Kb used=2065Kb max_used=2065Kb free=117998Kb
 bounds [0x000001f1ca780000, 0x000001f1ca9f0000, 0x000001f1d1cc0000]
CodeHeap 'profiled nmethods': size=120000Kb used=9181Kb max_used=9181Kb free=110819Kb
 bounds [0x000001f1c3250000, 0x000001f1c3b50000, 0x000001f1ca780000]
CodeHeap 'non-nmethods': size=5696Kb used=1130Kb max_used=1168Kb free=4565Kb
 bounds [0x000001f1c2cc0000, 0x000001f1c2f30000, 0x000001f1c3250000]
 total_blobs=4448 nmethods=4009 adapters=350
 compilation: enabled
              stopped_count=0, restarted_count=0
 full_count=0

Compilation events (10 events):
Event: 8.531 Thread 0x000001f1d90dc800 4001       3       java.lang.StringBuilder::subSequence (7 bytes)
Event: 8.531 Thread 0x000001f1d90dc800 nmethod 4001 0x000001f1c3b40910 code [0x000001f1c3b40ac0, 0x000001f1c3b40ca8]
Event: 8.532 Thread 0x000001f1d90dc800 4002       1       org.apache.maven.model.MailingList::setSubscribe (6 bytes)
Event: 8.532 Thread 0x000001f1d90dc800 nmethod 4002 0x000001f1ca984290 code [0x000001f1ca984420, 0x000001f1ca984518]
Event: 8.539 Thread 0x000001f1d90dc800 4003   !   3       jdk.internal.reflect.GeneratedMethodAccessor4::invoke (61 bytes)
Event: 8.539 Thread 0x000001f1d90dc800 nmethod 4003 0x000001f1c3b40d90 code [0x000001f1c3b40fa0, 0x000001f1c3b415c8]
Event: 8.544 Thread 0x000001f1d90dc800 4005       3       java.lang.AbstractStringBuilder::substring (40 bytes)
Event: 8.544 Thread 0x000001f1d90dc800 nmethod 4005 0x000001f1c3b41890 code [0x000001f1c3b41a80, 0x000001f1c3b41f88]
Event: 8.547 Thread 0x000001f1d90dc800 4006       3       java.util.regex.Pattern::bitsOrSingle (106 bytes)
Event: 8.548 Thread 0x000001f1d90dc800 nmethod 4006 0x000001f1c3b42110 code [0x000001f1c3b42300, 0x000001f1c3b42918]

GC Heap History (10 events):
Event: 1.440 GC heap before
{Heap before GC invocations=2 (full 0):
 garbage-first heap   total 131072K, used 16675K [0x0000000080000000, 0x0000000100000000)
  region size 1024K, 14 young (14336K), 1 survivors (1024K)
 Metaspace       used 13431K, capacity 13725K, committed 14080K, reserved 1062912K
  class space    used 1353K, capacity 1431K, committed 1536K, reserved 1048576K
}
Event: 1.445 GC heap after
{Heap after GC invocations=3 (full 0):
 garbage-first heap   total 131072K, used 4076K [0x0000000080000000, 0x0000000100000000)
  region size 1024K, 2 young (2048K), 2 survivors (2048K)
 Metaspace       used 13431K, capacity 13725K, committed 14080K, reserved 1062912K
  class space    used 1353K, capacity 1431K, committed 1536K, reserved 1048576K
}
Event: 1.938 GC heap before
{Heap before GC invocations=3 (full 0):
 garbage-first heap   total 131072K, used 22508K [0x0000000080000000, 0x0000000100000000)
  region size 1024K, 20 young (20480K), 2 survivors (2048K)
 Metaspace       used 15062K, capacity 15293K, committed 15488K, reserved 1062912K
  class space    used 1553K, capacity 1629K, committed 1664K, reserved 1048576K
}
Event: 1.946 GC heap after
{Heap after GC invocations=4 (full 0):
 garbage-first heap   total 131072K, used 4820K [0x0000000080000000, 0x0000000100000000)
  region size 1024K, 2 young (2048K), 2 survivors (2048K)
 Metaspace       used 15062K, capacity 15293K, committed 15488K, reserved 1062912K
  class space    used 1553K, capacity 1629K, committed 1664K, reserved 1048576K
}
Event: 2.840 GC heap before
{Heap before GC invocations=4 (full 0):
 garbage-first heap   total 131072K, used 30420K [0x0000000080000000, 0x0000000100000000)
  region size 1024K, 28 young (28672K), 2 survivors (2048K)
 Metaspace       used 19356K, capacity 19655K, committed 19968K, reserved 1067008K
  class space    used 2085K, capacity 2195K, committed 2304K, reserved 1048576K
}
Event: 2.850 GC heap after
{Heap after GC invocations=5 (full 0):
 garbage-first heap   total 157696K, used 6172K [0x0000000080000000, 0x0000000100000000)
  region size 1024K, 3 young (3072K), 3 survivors (3072K)
 Metaspace       used 19356K, capacity 19655K, committed 19968K, reserved 1067008K
  class space    used 2085K, capacity 2195K, committed 2304K, reserved 1048576K
}
Event: 3.969 GC heap before
{Heap before GC invocations=5 (full 0):
 garbage-first heap   total 157696K, used 25628K [0x0000000080000000, 0x0000000100000000)
  region size 1024K, 23 young (23552K), 3 survivors (3072K)
 Metaspace       used 20863K, capacity 21143K, committed 21296K, reserved 1069056K
  class space    used 2207K, capacity 2328K, committed 2432K, reserved 1048576K
}
Event: 3.983 GC heap after
{Heap after GC invocations=6 (full 0):
 garbage-first heap   total 157696K, used 8705K [0x0000000080000000, 0x0000000100000000)
  region size 1024K, 6 young (6144K), 6 survivors (6144K)
 Metaspace       used 20863K, capacity 21143K, committed 21296K, reserved 1069056K
  class space    used 2207K, capacity 2328K, committed 2432K, reserved 1048576K
}
Event: 6.125 GC heap before
{Heap before GC invocations=7 (full 0):
 garbage-first heap   total 157696K, used 57857K [0x0000000080000000, 0x0000000100000000)
  region size 1024K, 54 young (55296K), 6 survivors (6144K)
 Metaspace       used 21676K, capacity 22128K, committed 22320K, reserved 1069056K
  class space    used 2243K, capacity 2398K, committed 2432K, reserved 1048576K
}
Event: 6.148 GC heap after
{Heap after GC invocations=8 (full 0):
 garbage-first heap   total 157696K, used 12209K [0x0000000080000000, 0x0000000100000000)
  region size 1024K, 6 young (6144K), 6 survivors (6144K)
 Metaspace       used 21676K, capacity 22128K, committed 22320K, reserved 1069056K
  class space    used 2243K, capacity 2398K, committed 2432K, reserved 1048576K
}

Deoptimization events (10 events):
Event: 7.114 Thread 0x000001f1bb606800 Uncommon trap: reason=class_check action=maybe_recompile pc=0x000001f1ca83c58c method=com.google.inject.internal.LinkedBindingImpl.acceptTargetVisitor(Lcom/google/inject/spi/BindingTargetVisitor;)Ljava/lang/Object; @ 2 c2
Event: 7.129 Thread 0x000001f1bb606800 Uncommon trap: reason=class_check action=maybe_recompile pc=0x000001f1ca83c58c method=com.google.inject.internal.LinkedBindingImpl.acceptTargetVisitor(Lcom/google/inject/spi/BindingTargetVisitor;)Ljava/lang/Object; @ 2 c2
Event: 7.129 Thread 0x000001f1bb606800 Uncommon trap: reason=class_check action=maybe_recompile pc=0x000001f1ca83c58c method=com.google.inject.internal.LinkedBindingImpl.acceptTargetVisitor(Lcom/google/inject/spi/BindingTargetVisitor;)Ljava/lang/Object; @ 2 c2
Event: 7.140 Thread 0x000001f1bb606800 Uncommon trap: reason=null_check action=make_not_entrant pc=0x000001f1ca920950 method=com.google.inject.internal.InjectorImpl.enterContext()Lcom/google/inject/internal/InternalContext; @ 7 c2
Event: 7.142 Thread 0x000001f1bb606800 Uncommon trap: reason=speculate_null_assert action=make_not_entrant pc=0x000001f1ca8dabe4 method=org.eclipse.sisu.inject.RankedBindings$Itr.hasNext()Z @ 80 c2
Event: 7.182 Thread 0x000001f1bb606800 Uncommon trap: reason=class_check action=maybe_recompile pc=0x000001f1ca85ba04 method=java.util.LinkedHashMap.afterNodeInsertion(Z)V @ 15 c2
Event: 7.185 Thread 0x000001f1bb606800 Uncommon trap: reason=class_check action=maybe_recompile pc=0x000001f1ca85ba04 method=java.util.LinkedHashMap.afterNodeInsertion(Z)V @ 15 c2
Event: 7.186 Thread 0x000001f1bb606800 Uncommon trap: reason=class_check action=maybe_recompile pc=0x000001f1ca85ba04 method=java.util.LinkedHashMap.afterNodeInsertion(Z)V @ 15 c2
Event: 7.186 Thread 0x000001f1bb606800 Uncommon trap: reason=class_check action=maybe_recompile pc=0x000001f1ca85ba04 method=java.util.LinkedHashMap.afterNodeInsertion(Z)V @ 15 c2
Event: 8.450 Thread 0x000001f1bb606800 Uncommon trap: reason=unstable_if action=reinterpret pc=0x000001f1ca873990 method=java.nio.charset.CharsetEncoder.encode(Ljava/nio/CharBuffer;Ljava/nio/ByteBuffer;Z)Ljava/nio/charset/CoderResult; @ 15 c2

Classes redefined (0 events):
No events

Internal exceptions (10 events):
Event: 0.438 Thread 0x000001f1bb606800 Exception <a 'java/lang/NoSuchMethodError'{0x0000000087a1a380}: java.lang.invoke.DirectMethodHandle$Holder.invokeStaticInit(Ljava/lang/Object;IIII)Ljava/lang/Object;> (0x0000000087a1a380) thrown at [./open/src/hotspot/share/interpreter/linkResolver.cpp, l
Event: 0.519 Thread 0x000001f1bb606800 Exception <a 'java/lang/NoSuchMethodError'{0x0000000087ab2670}: java.lang.invoke.DirectMethodHandle$Holder.invokeStaticInit(Ljava/lang/Object;Ljava/lang/Object;IIII)Ljava/lang/Object;> (0x0000000087ab2670) thrown at [./open/src/hotspot/share/interpreter/l
Event: 2.493 Thread 0x000001f1bb606800 Exception <a 'java/lang/NoClassDefFoundError'{0x00000000869be188}: com/google/inject/servlet/ServletModuleTargetVisitor> (0x00000000869be188) thrown at [./open/src/hotspot/share/classfile/systemDictionary.cpp, line 215]
Event: 2.493 Thread 0x000001f1bb606800 Exception <a 'java/lang/NoClassDefFoundError'{0x00000000869be188}> (0x00000000869be188) thrown at [./open/src/hotspot/share/prims/jvm.cpp, line 1309]
Event: 2.493 Thread 0x000001f1bb606800 Exception <a 'java/lang/NoClassDefFoundError'{0x00000000869c12b0}: javax/annotation/Priority> (0x00000000869c12b0) thrown at [./open/src/hotspot/share/classfile/systemDictionary.cpp, line 215]
Event: 2.958 Thread 0x000001f1bb606800 Implicit null exception at 0x000001f1ca7a6174 to 0x000001f1ca7a6680
Event: 2.959 Thread 0x000001f1bb606800 Implicit null exception at 0x000001f1ca7ba6f4 to 0x000001f1ca7babe0
Event: 6.371 Thread 0x000001f1bb606800 Implicit null exception at 0x000001f1ca7ec4d5 to 0x000001f1ca7ec698
Event: 6.372 Thread 0x000001f1bb606800 Implicit null exception at 0x000001f1ca7d04af to 0x000001f1ca7d051d
Event: 7.140 Thread 0x000001f1bb606800 Implicit null exception at 0x000001f1ca92000d to 0x000001f1ca920940

Events (10 events):
Event: 8.454 loading class org/apache/maven/plugin/logging/Log
Event: 8.454 loading class org/apache/maven/plugin/logging/Log done
Event: 8.454 loading class org/apache/maven/plugin/logging/Log
Event: 8.454 loading class org/apache/maven/plugin/logging/Log done
Event: 8.454 loading class org/apache/maven/plugin/logging/Log
Event: 8.454 loading class org/apache/maven/plugin/logging/Log done
Event: 8.457 loading class org/apache/maven/artifact/resolver/filter/CumulativeScopeArtifactFilter
Event: 8.457 loading class org/apache/maven/artifact/resolver/filter/CumulativeScopeArtifactFilter done
Event: 8.457 loading class org/apache/maven/artifact/resolver/filter/AbstractScopeArtifactFilter
Event: 8.457 loading class org/apache/maven/artifact/resolver/filter/AbstractScopeArtifactFilter done


Dynamic libraries:
0x00007ff71d640000 - 0x00007ff71d64f000 	C:\Program Files\Java\jdk-11.0.16\bin\java.exe
0x00007fff28810000 - 0x00007fff28a08000 	C:\Windows\SYSTEM32\ntdll.dll
0x00007fff27fc0000 - 0x00007fff2807f000 	C:\Windows\System32\KERNEL32.DLL
0x00007fff263f0000 - 0x00007fff266c2000 	C:\Windows\System32\KERNELBASE.dll
0x00007fff262f0000 - 0x00007fff263f0000 	C:\Windows\System32\ucrtbase.dll
0x00007fff0c8d0000 - 0x00007fff0c8e8000 	C:\Program Files\Java\jdk-11.0.16\bin\jli.dll
0x00007fff284b0000 - 0x00007fff2855e000 	C:\Windows\System32\ADVAPI32.dll
0x00007fff271a0000 - 0x00007fff2723e000 	C:\Windows\System32\msvcrt.dll
0x00007fff280b0000 - 0x00007fff2814c000 	C:\Windows\System32\sechost.dll
0x00007fff27d40000 - 0x00007fff27e65000 	C:\Windows\System32\RPCRT4.dll
0x00007fff285a0000 - 0x00007fff2873d000 	C:\Windows\System32\USER32.dll
0x00007fff26270000 - 0x00007fff26292000 	C:\Windows\System32\win32u.dll
0x00007fff28080000 - 0x00007fff280ab000 	C:\Windows\System32\GDI32.dll
0x00007fff26160000 - 0x00007fff2626f000 	C:\Windows\System32\gdi32full.dll
0x00007fff26010000 - 0x00007fff260ad000 	C:\Windows\System32\msvcp_win.dll
0x00007fff0c8b0000 - 0x00007fff0c8c5000 	C:\Program Files\Java\jdk-11.0.16\bin\VCRUNTIME140.dll
0x00007fff05b30000 - 0x00007fff05dca000 	C:\Windows\WinSxS\amd64_microsoft.windows.common-controls_6595b64144ccf1df_6.0.19041.1110_none_60b5254171f9507e\COMCTL32.dll
0x00007fff1dcc0000 - 0x00007fff1dcca000 	C:\Windows\SYSTEM32\VERSION.dll
0x00007fff28560000 - 0x00007fff28592000 	C:\Windows\System32\IMM32.DLL
0x00007fff09580000 - 0x00007fff0961b000 	C:\Program Files\Java\jdk-11.0.16\bin\msvcp140.dll
0x00007ffef4b90000 - 0x00007ffef56a8000 	C:\Program Files\Java\jdk-11.0.16\bin\server\jvm.dll
0x00007fff274b0000 - 0x00007fff274b8000 	C:\Windows\System32\PSAPI.DLL
0x00007fff1e900000 - 0x00007fff1e909000 	C:\Windows\SYSTEM32\WSOCK32.dll
0x00007fff27f40000 - 0x00007fff27fab000 	C:\Windows\System32\WS2_32.dll
0x00007fff047d0000 - 0x00007fff047f7000 	C:\Windows\SYSTEM32\WINMM.dll
0x00007fff23db0000 - 0x00007fff23dc2000 	C:\Windows\SYSTEM32\kernel.appcore.dll
0x00007fff217b0000 - 0x00007fff217c0000 	C:\Program Files\Java\jdk-11.0.16\bin\verify.dll
0x00007fff15d80000 - 0x00007fff15f64000 	C:\Windows\SYSTEM32\DBGHELP.DLL
0x00007fff194a0000 - 0x00007fff194cc000 	C:\Windows\SYSTEM32\dbgcore.DLL
0x00007fff25f80000 - 0x00007fff26002000 	C:\Windows\System32\bcryptPrimitives.dll
0x00007fff09550000 - 0x00007fff09578000 	C:\Program Files\Java\jdk-11.0.16\bin\java.dll
0x00007fff0c8a0000 - 0x00007fff0c8aa000 	C:\Program Files\Java\jdk-11.0.16\bin\jimage.dll
0x00007fff16430000 - 0x00007fff1643e000 	C:\Program Files\Java\jdk-11.0.16\bin\instrument.dll
0x00007fff0c660000 - 0x00007fff0c676000 	C:\Program Files\Java\jdk-11.0.16\bin\zip.dll
0x00007fff275f0000 - 0x00007fff27d33000 	C:\Windows\System32\SHELL32.dll
0x00007fff23fb0000 - 0x00007fff24742000 	C:\Windows\SYSTEM32\windows.storage.dll
0x00007fff28150000 - 0x00007fff284a4000 	C:\Windows\System32\combase.dll
0x00007fff257b0000 - 0x00007fff257e0000 	C:\Windows\SYSTEM32\Wldp.dll
0x00007fff270f0000 - 0x00007fff2719d000 	C:\Windows\System32\SHCORE.dll
0x00007fff27450000 - 0x00007fff274a5000 	C:\Windows\System32\shlwapi.dll
0x00007fff25e50000 - 0x00007fff25e6f000 	C:\Windows\SYSTEM32\profapi.dll
0x00007fff09530000 - 0x00007fff09549000 	C:\Program Files\Java\jdk-11.0.16\bin\net.dll
0x00007fff1d940000 - 0x00007fff1da4c000 	C:\Windows\SYSTEM32\WINHTTP.dll
0x00007fff25590000 - 0x00007fff255fa000 	C:\Windows\system32\mswsock.dll
0x00007fff09510000 - 0x00007fff09522000 	C:\Program Files\Java\jdk-11.0.16\bin\nio.dll
0x00007fff0c840000 - 0x00007fff0c85a000 	C:\Program Files\JetBrains\IntelliJ IDEA Community Edition 2022.2.1\bin\breakgen64.dll
0x00007fff257f0000 - 0x00007fff25808000 	C:\Windows\SYSTEM32\CRYPTSP.dll
0x00007fff24ed0000 - 0x00007fff24f04000 	C:\Windows\system32\rsaenh.dll
0x00007fff266d0000 - 0x00007fff266f7000 	C:\Windows\System32\bcrypt.dll
0x00007fff25dd0000 - 0x00007fff25dfe000 	C:\Windows\SYSTEM32\USERENV.dll
0x00007fff25720000 - 0x00007fff2572c000 	C:\Windows\SYSTEM32\CRYPTBASE.dll
0x00007fff252a0000 - 0x00007fff252db000 	C:\Windows\SYSTEM32\IPHLPAPI.DLL
0x00007fff26980000 - 0x00007fff26988000 	C:\Windows\System32\NSI.dll
0x00007fff1e9f0000 - 0x00007fff1ea07000 	C:\Windows\SYSTEM32\dhcpcsvc6.DLL
0x00007fff1e9d0000 - 0x00007fff1e9ed000 	C:\Windows\SYSTEM32\dhcpcsvc.DLL
0x00007fff252e0000 - 0x00007fff253aa000 	C:\Windows\SYSTEM32\DNSAPI.dll
0x00007fff0c830000 - 0x00007fff0c83a000 	C:\Users\sfjbs\AppData\Local\Temp\jansi-1.17.1-17467762273019120658.dll
0x00007fff0c820000 - 0x00007fff0c82a000 	C:\Users\sfjbs\AppData\Local\Temp\jansi-1.17.1-13098262461218666627.dll

dbghelp: loaded successfully - version: 4.0.5 - missing functions: none
symbol engine: initialized successfully - sym options: 0x614 - pdb path: .;C:\Program Files\Java\jdk-11.0.16\bin;C:\Windows\SYSTEM32;C:\Windows\WinSxS\amd64_microsoft.windows.common-controls_6595b64144ccf1df_6.0.19041.1110_none_60b5254171f9507e;C:\Program Files\Java\jdk-11.0.16\bin\server;C:\Program Files\JetBrains\IntelliJ IDEA Community Edition 2022.2.1\bin;C:\Users\sfjbs\AppData\Local\Temp

VM Arguments:
jvm_args: -Dmaven.multiModuleProjectDirectory=C:\Users\sfjbs\MiniProject\Pension-management-system -Dmaven.home=C:\Program Files\JetBrains\IntelliJ IDEA Community Edition 2022.2.1\plugins\maven\lib\maven3 -Dclassworlds.conf=C:\Program Files\JetBrains\IntelliJ IDEA Community Edition 2022.2.1\plugins\maven\lib\maven3\bin\m2.conf -Dmaven.ext.class.path=C:\Program Files\JetBrains\IntelliJ IDEA Community Edition 2022.2.1\plugins\maven\lib\maven-event-listener.jar -javaagent:C:\Program Files\JetBrains\IntelliJ IDEA Community Edition 2022.2.1\lib\idea_rt.jar=60893:C:\Program Files\JetBrains\IntelliJ IDEA Community Edition 2022.2.1\bin -Dfile.encoding=UTF-8 
java_command: org.codehaus.classworlds.Launcher -Didea.version=2022.2.1 --offline clean install
java_class_path (initial): C:\Program Files\JetBrains\IntelliJ IDEA Community Edition 2022.2.1\plugins\maven\lib\maven3\boot\plexus-classworlds-2.6.0.jar;C:\Program Files\JetBrains\IntelliJ IDEA Community Edition 2022.2.1\plugins\maven\lib\maven3\boot\plexus-classworlds.license
Launcher Type: SUN_STANDARD

[Global flags]
     intx CICompilerCount                          = 2                                         {product} {ergonomic}
     uint ConcGCThreads                            = 1                                         {product} {ergonomic}
     uint G1ConcRefinementThreads                  = 2                                         {product} {ergonomic}
   size_t G1HeapRegionSize                         = 1048576                                   {product} {ergonomic}
    uintx GCDrainStackTargetSize                   = 64                                        {product} {ergonomic}
   size_t InitialHeapSize                          = 134217728                                 {product} {ergonomic}
   size_t MarkStackSize                            = 4194304                                   {product} {ergonomic}
   size_t MaxHeapSize                              = 2147483648                                {product} {ergonomic}
   size_t MaxNewSize                               = 1287651328                                {product} {ergonomic}
   size_t MinHeapDeltaBytes                        = 1048576                                   {product} {ergonomic}
    uintx NonNMethodCodeHeapSize                   = 5825164                                {pd product} {ergonomic}
    uintx NonProfiledCodeHeapSize                  = 122916538                              {pd product} {ergonomic}
    uintx ProfiledCodeHeapSize                     = 122916538                              {pd product} {ergonomic}
    uintx ReservedCodeCacheSize                    = 251658240                              {pd product} {ergonomic}
     bool SegmentedCodeCache                       = true                                      {product} {ergonomic}
     bool UseCompressedClassPointers               = true                                 {lp64_product} {ergonomic}
     bool UseCompressedOops                        = true                                 {lp64_product} {ergonomic}
     bool UseG1GC                                  = true                                      {product} {ergonomic}
     bool UseLargePagesIndividualAllocation        = false                                  {pd product} {ergonomic}

Logging:
Log output configuration:
 #0: stdout all=warning uptime,level,tags
 #1: stderr all=off uptime,level,tags

Environment Variables:
PATH=C:\Program Files\Common Files\Oracle\Java\javapath;C:\Windows\system32;C:\Windows;C:\Windows\System32\Wbem;C:\Windows\System32\WindowsPowerShell\v1.0\;C:\Windows\System32\OpenSSH\;C:\Users\sfjbs\Downloads\micro service-20221021T071039Z-001\micro service\apache-maven-3.8.5-bin\apache-maven-3.8.5\bin;C:\Users\sfjbs\Downloads\micro service-20221021T071039Z-001\micro service\apache-maven-3.8.5-bin\apache-maven-3.8.5\lib;C:\Program Files\Git\cmd;C:\Program Files\Docker\Docker\resources\bin;C:\Users\sfjbs\AppData\Local\Microsoft\WindowsApps;C:\Users\sfjbs\Downloads\micro service-20221021T071039Z-001\micro service\apache-maven-3.8.5-bin\apache-maven-3.8.5\bin;C:\Users\sfjbs\Downloads\micro service-20221021T071039Z-001\micro service\apache-maven-3.8.5-bin\apache-maven-3.8.5\lib;;C:\Program Files\JetBrains\IntelliJ IDEA Community Edition 2022.2.1\bin;
USERNAME=sfjbs
OS=Windows_NT
PROCESSOR_IDENTIFIER=Intel64 Family 6 Model 106 Stepping 6, GenuineIntel



---------------  S Y S T E M  ---------------

OS: Windows 10 , 64 bit Build 19041 (10.0.19041.2251)
Hyper-V role detected

CPU:total 2 (initial active 2) (1 cores per cpu, 2 threads per core) family 6 model 106 stepping 6 microcode 0xffffffff, cmov, cx8, fxsr, mmx, sse, sse2, sse3, ssse3, sse4.1, sse4.2, popcnt, avx, avx2, aes, clmul, erms, rtm, 3dnowpref, lzcnt, ht, tsc, bmi1, bmi2, adx, evex, fma

Memory: 4k page, system-wide physical 8190M (488M free)
TotalPageFile size 10238M (AvailPageFile size 4M)
current process WorkingSet (physical memory assigned to process): 162M, peak: 162M
current process commit charge ("private bytes"): 277M, peak: 278M

vm_info: Java HotSpot(TM) 64-Bit Server VM (11.0.16+11-LTS-199) for windows-amd64 JRE (11.0.16+11-LTS-199), built on Jun 28 2022 08:23:17 by "mach5one" with MS VC++ 15.9 (VS2017)

END.
