#
# There is insufficient memory for the Java Runtime Environment to continue.
# Native memory allocation (mmap) failed to map 79691776 bytes for Failed to commit area from 0x0000000089a00000 to 0x000000008e600000 of length 79691776.
# Possible reasons:
#   The system is out of physical RAM or swap space
#   The process is running with CompressedOops enabled, and the Java Heap may be blocking the growth of the native heap
# Possible solutions:
#   Reduce memory load on the system
#   Increase physical memory or swap space
#   Check if swap backing store is full
#   Decrease Java heap size (-Xmx/-Xms)
#   Decrease number of Java threads
#   Decrease Java thread stack sizes (-Xss)
#   Set larger code cache with -XX:ReservedCodeCacheSize=
#   JVM is running with Unscaled Compressed Oops mode in which the Java heap is
#     placed in the first 4GB address space. The Java Heap base address is the
#     maximum limit for the native heap growth. Please use -XX:HeapBaseMinAddress
#     to set the Java Heap base and to place the Java Heap above 4GB virtual address.
# This output file may be truncated or incomplete.
#
#  Out of Memory Error (./open/src/hotspot/os/windows/os_windows.cpp:3287), pid=11464, tid=464
#
# JRE version: Java(TM) SE Runtime Environment 18.9 (11.0.16+11) (build 11.0.16+11-LTS-199)
# Java VM: Java HotSpot(TM) 64-Bit Server VM 18.9 (11.0.16+11-LTS-199, mixed mode, tiered, compressed oops, g1 gc, windows-amd64)
# No core dump will be written. Minidumps are not enabled by default on client versions of Windows
#

---------------  S U M M A R Y ------------

Command Line: -Xverify:none -XX:TieredStopAtLevel=1 com.eureka.app.student.StudentServiceApplication

Host: Intel(R) Xeon(R) Platinum 8272CL CPU @ 2.60GHz, 2 cores, 7G,  Windows 10 , 64 bit Build 19041 (10.0.19041.2251)
Time: Thu Nov 10 07:36:28 2022 Coordinated Universal Time elapsed time: 6.174418 seconds (0d 0h 0m 6s)

---------------  T H R E A D  ---------------

Current thread (0x0000024740ce7000):  VMThread "VM Thread" [stack: 0x000000bd31a00000,0x000000bd31b00000] [id=464]

Stack: [0x000000bd31a00000,0x000000bd31b00000]
[error occurred during error reporting (printing stack bounds), id 0xc0000005, EXCEPTION_ACCESS_VIOLATION (0xc0000005) at pc=0x000002472b0d10e7]

Native frames: (J=compiled Java code, j=interpreted, Vv=VM code, C=native code)
V  [jvm.dll+0x62a3ea]
V  [jvm.dll+0x76418f]
V  [jvm.dll+0x765839]
V  [jvm.dll+0x765e25]
V  [jvm.dll+0x765ddb]
V  [jvm.dll+0x6298d3]
V  [jvm.dll+0x629fe8]
C  [ntdll.dll+0xa241f]
C  [ntdll.dll+0x514a4]
C  [ntdll.dll+0xa0f4e]
C  0x000002472b0d10e7

VM_Operation (0x000000bd314f69c0): G1CollectForAllocation, mode: safepoint, requested by thread 0x0000024723a23800


---------------  P R O C E S S  ---------------

Threads class SMR info:
_java_thread_list=0x00000247433339a0, length=12, elements={
0x0000024723a23800, 0x0000024740ceb000, 0x0000024740cf6000, 0x0000024740d07800,
0x0000024740d0a800, 0x0000024740d0d000, 0x0000024740d11000, 0x0000024740d18000,
0x000002474179c000, 0x0000024742006000, 0x0000024741df8000, 0x0000024741df9000
}

Java Threads: ( => current thread )
  0x0000024723a23800 JavaThread "main" [_thread_blocked, id=5424, stack(0x000000bd31400000,0x000000bd31500000)]
  0x0000024740ceb000 JavaThread "Reference Handler" daemon [_thread_blocked, id=11792, stack(0x000000bd31b00000,0x000000bd31c00000)]
  0x0000024740cf6000 JavaThread "Finalizer" daemon [_thread_blocked, id=9808, stack(0x000000bd31c00000,0x000000bd31d00000)]
  0x0000024740d07800 JavaThread "Signal Dispatcher" daemon [_thread_blocked, id=8064, stack(0x000000bd31d00000,0x000000bd31e00000)]
  0x0000024740d0a800 JavaThread "Attach Listener" daemon [_thread_blocked, id=4336, stack(0x000000bd31e00000,0x000000bd31f00000)]
  0x0000024740d0d000 JavaThread "Service Thread" daemon [_thread_blocked, id=1912, stack(0x000000bd31f00000,0x000000bd32000000)]
  0x0000024740d11000 JavaThread "C1 CompilerThread0" daemon [_thread_blocked, id=1688, stack(0x000000bd32000000,0x000000bd32100000)]
  0x0000024740d18000 JavaThread "Sweeper thread" daemon [_thread_blocked, id=8792, stack(0x000000bd32100000,0x000000bd32200000)]
  0x000002474179c000 JavaThread "Common-Cleaner" daemon [_thread_blocked, id=10584, stack(0x000000bd32300000,0x000000bd32400000)]
  0x0000024742006000 JavaThread "Catalina-utility-1" [_thread_blocked, id=1740, stack(0x000000bd32500000,0x000000bd32600000)]
  0x0000024741df8000 JavaThread "Catalina-utility-2" [_thread_blocked, id=5624, stack(0x000000bd32600000,0x000000bd32700000)]
  0x0000024741df9000 JavaThread "container-0" [_thread_blocked, id=9548, stack(0x000000bd32700000,0x000000bd32800000)]

Other Threads:
=>0x0000024740ce7000 VMThread "VM Thread" [stack: 0x000000bd31a00000,0x000000bd31b00000] [id=464]
  0x0000024741796800 WatcherThread [stack: 0x000000bd32200000,0x000000bd32300000] [id=12940]
  0x0000024723a37800 GCTaskThread "GC Thread#0" [stack: 0x000000bd31500000,0x000000bd31600000] [id=8256]
  0x0000024741b94800 GCTaskThread "GC Thread#1" [stack: 0x000000bd32400000,0x000000bd32500000] [id=6768]
  0x0000024723a68000 ConcurrentGCThread "G1 Main Marker" [stack: 0x000000bd31600000,0x000000bd31700000] [id=5560]
  0x0000024723a69800 ConcurrentGCThread "G1 Conc#0" [stack: 0x000000bd31700000,0x000000bd31800000] [id=9752]
  0x0000024723af4800 ConcurrentGCThread "G1 Refine#0" [stack: 0x000000bd31800000,0x000000bd31900000] [id=8364]
  0x0000024723af5800 ConcurrentGCThread "G1 Young RemSet Sampling" [stack: 0x000000bd31900000,0x000000bd31a00000] [id=2436]

Threads with active compile tasks:
C1 CompilerThread0     6194 3897       1       com.sun.beans.introspect.MethodInfo::isThrow (42 bytes)

VM state:at safepoint (normal execution)

VM Mutex/Monitor currently owned by a thread:  ([mutex/lock_event])
[0x0000024723a1f930] Threads_lock - owner thread: 0x0000024740ce7000
[0x0000024723a1f0c0] Heap_lock - owner thread: 0x0000024723a23800

Heap address: 0x0000000080000000, size: 2048 MB, Compressed Oops mode: 32-bit
Narrow klass base: 0x0000000000000000, Narrow klass shift: 3
Compressed class space size: 1073741824 Address: 0x0000000100000000

Heap:
 garbage-first heap   total 235520K, used 20150K [0x0000000080000000, 0x0000000100000000)
  region size 1024K, 10 young (10240K), 10 survivors (10240K)
 Metaspace       used 34551K, capacity 35777K, committed 35888K, reserved 1081344K
  class space    used 4395K, capacity 4894K, committed 4992K, reserved 1048576K
Heap Regions: E=young(eden), S=young(survivor), O=old, HS=humongous(starts), HC=humongous(continues), CS=collection set, F=free, A=archive, TAMS=top-at-mark-start (previous, next)
|   0|0x0000000080000000, 0x0000000080100000, 0x0000000080100000|100%| O|  |TAMS 0x0000000080100000, 0x0000000080000000| Untracked 
|   1|0x0000000080100000, 0x0000000080200000, 0x0000000080200000|100%| O|  |TAMS 0x0000000080200000, 0x0000000080100000| Untracked 
|   2|0x0000000080200000, 0x0000000080300000, 0x0000000080300000|100%| O|  |TAMS 0x0000000080300000, 0x0000000080200000| Untracked 
|   3|0x0000000080300000, 0x0000000080400000, 0x0000000080400000|100%| O|  |TAMS 0x0000000080400000, 0x0000000080300000| Untracked 
|   4|0x0000000080400000, 0x0000000080500000, 0x0000000080500000|100%| O|  |TAMS 0x0000000080500000, 0x0000000080400000| Untracked 
|   5|0x0000000080500000, 0x0000000080600000, 0x0000000080600000|100%| O|  |TAMS 0x00000000805b6400, 0x0000000080500000| Untracked 
|   6|0x0000000080600000, 0x0000000080700000, 0x0000000080700000|100%| O|  |TAMS 0x0000000080600000, 0x0000000080600000| Untracked 
|   7|0x0000000080700000, 0x0000000080700000, 0x0000000080800000|  0%| F|  |TAMS 0x0000000080700000, 0x0000000080700000| Untracked 
|   8|0x0000000080800000, 0x0000000080800000, 0x0000000080900000|  0%| F|  |TAMS 0x0000000080800000, 0x0000000080800000| Untracked 
|   9|0x0000000080900000, 0x0000000080900000, 0x0000000080a00000|  0%| F|  |TAMS 0x0000000080900000, 0x0000000080900000| Untracked 
|  10|0x0000000080a00000, 0x0000000080a00000, 0x0000000080b00000|  0%| F|  |TAMS 0x0000000080a00000, 0x0000000080a00000| Untracked 
|  11|0x0000000080b00000, 0x0000000080b00000, 0x0000000080c00000|  0%| F|  |TAMS 0x0000000080b00000, 0x0000000080b00000| Untracked 
|  12|0x0000000080c00000, 0x0000000080d00000, 0x0000000080d00000|100%| O|  |TAMS 0x0000000080c00000, 0x0000000080c00000| Untracked 
|  13|0x0000000080d00000, 0x0000000080e00000, 0x0000000080e00000|100%| O|  |TAMS 0x0000000080d00000, 0x0000000080d00000| Untracked 
|  14|0x0000000080e00000, 0x0000000080f00000, 0x0000000080f00000|100%| O|  |TAMS 0x0000000080e00000, 0x0000000080e00000| Untracked 
|  15|0x0000000080f00000, 0x0000000080f2da00, 0x0000000081000000| 17%| O|  |TAMS 0x0000000080f00000, 0x0000000080f00000| Untracked 
|  16|0x0000000081000000, 0x0000000081000000, 0x0000000081100000|  0%| F|  |TAMS 0x0000000081000000, 0x0000000081000000| Untracked 
|  17|0x0000000081100000, 0x0000000081100000, 0x0000000081200000|  0%| F|  |TAMS 0x0000000081100000, 0x0000000081100000| Untracked 
|  18|0x0000000081200000, 0x0000000081200000, 0x0000000081300000|  0%| F|  |TAMS 0x0000000081200000, 0x0000000081200000| Untracked 
|  19|0x0000000081300000, 0x0000000081300000, 0x0000000081400000|  0%| F|  |TAMS 0x0000000081300000, 0x0000000081300000| Untracked 
|  20|0x0000000081400000, 0x0000000081400000, 0x0000000081500000|  0%| F|  |TAMS 0x0000000081400000, 0x0000000081400000| Untracked 
|  21|0x0000000081500000, 0x0000000081500000, 0x0000000081600000|  0%| F|  |TAMS 0x0000000081500000, 0x0000000081500000| Untracked 
|  22|0x0000000081600000, 0x0000000081600000, 0x0000000081700000|  0%| F|  |TAMS 0x0000000081600000, 0x0000000081600000| Untracked 
|  23|0x0000000081700000, 0x0000000081700000, 0x0000000081800000|  0%| F|  |TAMS 0x0000000081700000, 0x0000000081700000| Untracked 
|  24|0x0000000081800000, 0x0000000081800000, 0x0000000081900000|  0%| F|  |TAMS 0x0000000081800000, 0x0000000081800000| Untracked 
|  25|0x0000000081900000, 0x0000000081900000, 0x0000000081a00000|  0%| F|  |TAMS 0x0000000081900000, 0x0000000081900000| Untracked 
|  26|0x0000000081a00000, 0x0000000081a00000, 0x0000000081b00000|  0%| F|  |TAMS 0x0000000081a00000, 0x0000000081a00000| Untracked 
|  27|0x0000000081b00000, 0x0000000081b00000, 0x0000000081c00000|  0%| F|  |TAMS 0x0000000081b00000, 0x0000000081b00000| Untracked 
|  28|0x0000000081c00000, 0x0000000081c00000, 0x0000000081d00000|  0%| F|  |TAMS 0x0000000081c00000, 0x0000000081c00000| Untracked 
|  29|0x0000000081d00000, 0x0000000081d00000, 0x0000000081e00000|  0%| F|  |TAMS 0x0000000081d00000, 0x0000000081d00000| Untracked 
|  30|0x0000000081e00000, 0x0000000081e00000, 0x0000000081f00000|  0%| F|  |TAMS 0x0000000081e00000, 0x0000000081e00000| Untracked 
|  31|0x0000000081f00000, 0x0000000081f00000, 0x0000000082000000|  0%| F|  |TAMS 0x0000000081f00000, 0x0000000081f00000| Untracked 
|  32|0x0000000082000000, 0x0000000082000000, 0x0000000082100000|  0%| F|  |TAMS 0x0000000082000000, 0x0000000082000000| Untracked 
|  33|0x0000000082100000, 0x0000000082100000, 0x0000000082200000|  0%| F|  |TAMS 0x0000000082100000, 0x0000000082100000| Untracked 
|  34|0x0000000082200000, 0x0000000082200000, 0x0000000082300000|  0%| F|  |TAMS 0x0000000082200000, 0x0000000082200000| Untracked 
|  35|0x0000000082300000, 0x0000000082300000, 0x0000000082400000|  0%| F|  |TAMS 0x0000000082300000, 0x0000000082300000| Untracked 
|  36|0x0000000082400000, 0x0000000082400000, 0x0000000082500000|  0%| F|  |TAMS 0x0000000082400000, 0x0000000082400000| Untracked 
|  37|0x0000000082500000, 0x0000000082500000, 0x0000000082600000|  0%| F|  |TAMS 0x0000000082500000, 0x0000000082500000| Untracked 
|  38|0x0000000082600000, 0x0000000082600000, 0x0000000082700000|  0%| F|  |TAMS 0x0000000082600000, 0x0000000082600000| Untracked 
|  39|0x0000000082700000, 0x0000000082700000, 0x0000000082800000|  0%| F|  |TAMS 0x0000000082700000, 0x0000000082700000| Untracked 
|  40|0x0000000082800000, 0x0000000082800000, 0x0000000082900000|  0%| F|  |TAMS 0x0000000082800000, 0x0000000082800000| Untracked 
|  41|0x0000000082900000, 0x0000000082900000, 0x0000000082a00000|  0%| F|  |TAMS 0x0000000082900000, 0x0000000082900000| Untracked 
|  42|0x0000000082a00000, 0x0000000082a00000, 0x0000000082b00000|  0%| F|  |TAMS 0x0000000082a00000, 0x0000000082a00000| Untracked 
|  43|0x0000000082b00000, 0x0000000082b00000, 0x0000000082c00000|  0%| F|  |TAMS 0x0000000082b00000, 0x0000000082b00000| Untracked 
|  44|0x0000000082c00000, 0x0000000082c00000, 0x0000000082d00000|  0%| F|  |TAMS 0x0000000082c00000, 0x0000000082c00000| Untracked 
|  45|0x0000000082d00000, 0x0000000082d00000, 0x0000000082e00000|  0%| F|  |TAMS 0x0000000082d00000, 0x0000000082d00000| Untracked 
|  46|0x0000000082e00000, 0x0000000082e00000, 0x0000000082f00000|  0%| F|  |TAMS 0x0000000082e00000, 0x0000000082e00000| Untracked 
|  47|0x0000000082f00000, 0x0000000082f00000, 0x0000000083000000|  0%| F|  |TAMS 0x0000000082f00000, 0x0000000082f00000| Untracked 
|  48|0x0000000083000000, 0x0000000083000000, 0x0000000083100000|  0%| F|  |TAMS 0x0000000083000000, 0x0000000083000000| Untracked 
|  49|0x0000000083100000, 0x0000000083100000, 0x0000000083200000|  0%| F|  |TAMS 0x0000000083100000, 0x0000000083100000| Untracked 
|  50|0x0000000083200000, 0x0000000083200000, 0x0000000083300000|  0%| F|  |TAMS 0x0000000083200000, 0x0000000083200000| Untracked 
|  51|0x0000000083300000, 0x0000000083300000, 0x0000000083400000|  0%| F|  |TAMS 0x0000000083300000, 0x0000000083300000| Untracked 
|  52|0x0000000083400000, 0x0000000083400000, 0x0000000083500000|  0%| F|  |TAMS 0x0000000083400000, 0x0000000083400000| Untracked 
|  53|0x0000000083500000, 0x0000000083500000, 0x0000000083600000|  0%| F|  |TAMS 0x0000000083500000, 0x0000000083500000| Untracked 
|  54|0x0000000083600000, 0x0000000083600000, 0x0000000083700000|  0%| F|  |TAMS 0x0000000083600000, 0x0000000083600000| Untracked 
|  55|0x0000000083700000, 0x0000000083700000, 0x0000000083800000|  0%| F|  |TAMS 0x0000000083700000, 0x0000000083700000| Untracked 
|  56|0x0000000083800000, 0x0000000083800000, 0x0000000083900000|  0%| F|  |TAMS 0x0000000083800000, 0x0000000083800000| Untracked 
|  57|0x0000000083900000, 0x0000000083980000, 0x0000000083a00000| 50%| S|CS|TAMS 0x0000000083900000, 0x0000000083900000| Complete 
|  58|0x0000000083a00000, 0x0000000083b00000, 0x0000000083b00000|100%| S|CS|TAMS 0x0000000083a00000, 0x0000000083a00000| Complete 
|  59|0x0000000083b00000, 0x0000000083c00000, 0x0000000083c00000|100%| S|CS|TAMS 0x0000000083b00000, 0x0000000083b00000| Complete 
|  60|0x0000000083c00000, 0x0000000083d00000, 0x0000000083d00000|100%| S|CS|TAMS 0x0000000083c00000, 0x0000000083c00000| Complete 
|  61|0x0000000083d00000, 0x0000000083e00000, 0x0000000083e00000|100%| S|CS|TAMS 0x0000000083d00000, 0x0000000083d00000| Complete 
|  62|0x0000000083e00000, 0x0000000083f00000, 0x0000000083f00000|100%| S|CS|TAMS 0x0000000083e00000, 0x0000000083e00000| Complete 
|  63|0x0000000083f00000, 0x0000000084000000, 0x0000000084000000|100%| S|CS|TAMS 0x0000000083f00000, 0x0000000083f00000| Complete 
|  64|0x0000000084000000, 0x0000000084100000, 0x0000000084100000|100%| S|CS|TAMS 0x0000000084000000, 0x0000000084000000| Complete 
|  65|0x0000000084100000, 0x0000000084200000, 0x0000000084200000|100%| S|CS|TAMS 0x0000000084100000, 0x0000000084100000| Complete 
|  66|0x0000000084200000, 0x0000000084300000, 0x0000000084300000|100%| S|CS|TAMS 0x0000000084200000, 0x0000000084200000| Complete 
|  67|0x0000000084300000, 0x0000000084300000, 0x0000000084400000|  0%| F|  |TAMS 0x0000000084300000, 0x0000000084300000| Untracked 
|  68|0x0000000084400000, 0x0000000084400000, 0x0000000084500000|  0%| F|  |TAMS 0x0000000084400000, 0x0000000084400000| Untracked 
|  69|0x0000000084500000, 0x0000000084500000, 0x0000000084600000|  0%| F|  |TAMS 0x0000000084500000, 0x0000000084500000| Untracked 
|  70|0x0000000084600000, 0x0000000084600000, 0x0000000084700000|  0%| F|  |TAMS 0x0000000084600000, 0x0000000084600000| Untracked 
|  71|0x0000000084700000, 0x0000000084700000, 0x0000000084800000|  0%| F|  |TAMS 0x0000000084700000, 0x0000000084700000| Untracked 
|  72|0x0000000084800000, 0x0000000084800000, 0x0000000084900000|  0%| F|  |TAMS 0x0000000084800000, 0x0000000084800000| Untracked 
|  73|0x0000000084900000, 0x0000000084900000, 0x0000000084a00000|  0%| F|  |TAMS 0x0000000084900000, 0x0000000084900000| Untracked 
|  74|0x0000000084a00000, 0x0000000084a00000, 0x0000000084b00000|  0%| F|  |TAMS 0x0000000084a00000, 0x0000000084a00000| Untracked 
|  75|0x0000000084b00000, 0x0000000084b00000, 0x0000000084c00000|  0%| F|  |TAMS 0x0000000084b00000, 0x0000000084b00000| Untracked 
|  76|0x0000000084c00000, 0x0000000084c00000, 0x0000000084d00000|  0%| F|  |TAMS 0x0000000084c00000, 0x0000000084c00000| Untracked 
|  77|0x0000000084d00000, 0x0000000084d00000, 0x0000000084e00000|  0%| F|  |TAMS 0x0000000084d00000, 0x0000000084d00000| Untracked 
|  78|0x0000000084e00000, 0x0000000084e00000, 0x0000000084f00000|  0%| F|  |TAMS 0x0000000084e00000, 0x0000000084e00000| Untracked 
|  79|0x0000000084f00000, 0x0000000084f00000, 0x0000000085000000|  0%| F|  |TAMS 0x0000000084f00000, 0x0000000084f00000| Untracked 
|  80|0x0000000085000000, 0x0000000085000000, 0x0000000085100000|  0%| F|  |TAMS 0x0000000085000000, 0x0000000085000000| Untracked 
|  81|0x0000000085100000, 0x0000000085100000, 0x0000000085200000|  0%| F|  |TAMS 0x0000000085100000, 0x0000000085100000| Untracked 
|  82|0x0000000085200000, 0x0000000085200000, 0x0000000085300000|  0%| F|  |TAMS 0x0000000085200000, 0x0000000085200000| Untracked 
|  83|0x0000000085300000, 0x0000000085300000, 0x0000000085400000|  0%| F|  |TAMS 0x0000000085300000, 0x0000000085300000| Untracked 
|  84|0x0000000085400000, 0x0000000085400000, 0x0000000085500000|  0%| F|  |TAMS 0x0000000085400000, 0x0000000085400000| Untracked 
|  85|0x0000000085500000, 0x0000000085500000, 0x0000000085600000|  0%| F|  |TAMS 0x0000000085500000, 0x0000000085500000| Untracked 
|  86|0x0000000085600000, 0x0000000085600000, 0x0000000085700000|  0%| F|  |TAMS 0x0000000085600000, 0x0000000085600000| Untracked 
|  87|0x0000000085700000, 0x0000000085700000, 0x0000000085800000|  0%| F|  |TAMS 0x0000000085700000, 0x0000000085700000| Untracked 
|  88|0x0000000085800000, 0x0000000085800000, 0x0000000085900000|  0%| F|  |TAMS 0x0000000085800000, 0x0000000085800000| Untracked 
|  89|0x0000000085900000, 0x0000000085900000, 0x0000000085a00000|  0%| F|  |TAMS 0x0000000085900000, 0x0000000085900000| Untracked 
|  90|0x0000000085a00000, 0x0000000085a00000, 0x0000000085b00000|  0%| F|  |TAMS 0x0000000085a00000, 0x0000000085a00000| Untracked 
|  91|0x0000000085b00000, 0x0000000085b00000, 0x0000000085c00000|  0%| F|  |TAMS 0x0000000085b00000, 0x0000000085b00000| Untracked 
|  92|0x0000000085c00000, 0x0000000085c00000, 0x0000000085d00000|  0%| F|  |TAMS 0x0000000085c00000, 0x0000000085c00000| Untracked 
|  93|0x0000000085d00000, 0x0000000085d00000, 0x0000000085e00000|  0%| F|  |TAMS 0x0000000085d00000, 0x0000000085d00000| Untracked 
|  94|0x0000000085e00000, 0x0000000085e00000, 0x0000000085f00000|  0%| F|  |TAMS 0x0000000085e00000, 0x0000000085e00000| Untracked 
|  95|0x0000000085f00000, 0x0000000085f00000, 0x0000000086000000|  0%| F|  |TAMS 0x0000000085f00000, 0x0000000085f00000| Untracked 
|  96|0x0000000086000000, 0x0000000086000000, 0x0000000086100000|  0%| F|  |TAMS 0x0000000086000000, 0x0000000086000000| Untracked 
|  97|0x0000000086100000, 0x0000000086100000, 0x0000000086200000|  0%| F|  |TAMS 0x0000000086100000, 0x0000000086100000| Untracked 
|  98|0x0000000086200000, 0x0000000086200000, 0x0000000086300000|  0%| F|  |TAMS 0x0000000086200000, 0x0000000086200000| Untracked 
|  99|0x0000000086300000, 0x0000000086300000, 0x0000000086400000|  0%| F|  |TAMS 0x0000000086300000, 0x0000000086300000| Untracked 
| 100|0x0000000086400000, 0x0000000086400000, 0x0000000086500000|  0%| F|  |TAMS 0x0000000086400000, 0x0000000086400000| Untracked 
| 101|0x0000000086500000, 0x0000000086500000, 0x0000000086600000|  0%| F|  |TAMS 0x0000000086500000, 0x0000000086500000| Untracked 
| 102|0x0000000086600000, 0x0000000086600000, 0x0000000086700000|  0%| F|  |TAMS 0x0000000086600000, 0x0000000086600000| Untracked 
| 103|0x0000000086700000, 0x0000000086700000, 0x0000000086800000|  0%| F|  |TAMS 0x0000000086700000, 0x0000000086700000| Untracked 
| 104|0x0000000086800000, 0x0000000086800000, 0x0000000086900000|  0%| F|  |TAMS 0x0000000086800000, 0x0000000086800000| Untracked 
| 105|0x0000000086900000, 0x0000000086900000, 0x0000000086a00000|  0%| F|  |TAMS 0x0000000086900000, 0x0000000086900000| Untracked 
| 106|0x0000000086a00000, 0x0000000086a00000, 0x0000000086b00000|  0%| F|  |TAMS 0x0000000086a00000, 0x0000000086a00000| Untracked 
| 107|0x0000000086b00000, 0x0000000086b00000, 0x0000000086c00000|  0%| F|  |TAMS 0x0000000086b00000, 0x0000000086b00000| Untracked 
| 108|0x0000000086c00000, 0x0000000086c00000, 0x0000000086d00000|  0%| F|  |TAMS 0x0000000086c00000, 0x0000000086c00000| Untracked 
| 109|0x0000000086d00000, 0x0000000086d00000, 0x0000000086e00000|  0%| F|  |TAMS 0x0000000086d00000, 0x0000000086d00000| Untracked 
| 110|0x0000000086e00000, 0x0000000086e00000, 0x0000000086f00000|  0%| F|  |TAMS 0x0000000086e00000, 0x0000000086e00000| Untracked 
| 111|0x0000000086f00000, 0x0000000086f00000, 0x0000000087000000|  0%| F|  |TAMS 0x0000000086f00000, 0x0000000086f00000| Untracked 
| 112|0x0000000087000000, 0x0000000087000000, 0x0000000087100000|  0%| F|  |TAMS 0x0000000087000000, 0x0000000087000000| Untracked 
| 113|0x0000000087100000, 0x0000000087100000, 0x0000000087200000|  0%| F|  |TAMS 0x0000000087100000, 0x0000000087100000| Untracked 
| 114|0x0000000087200000, 0x0000000087200000, 0x0000000087300000|  0%| F|  |TAMS 0x0000000087200000, 0x0000000087200000| Untracked 
| 115|0x0000000087300000, 0x0000000087300000, 0x0000000087400000|  0%| F|  |TAMS 0x0000000087300000, 0x0000000087300000| Untracked 
| 116|0x0000000087400000, 0x0000000087400000, 0x0000000087500000|  0%| F|  |TAMS 0x0000000087400000, 0x0000000087400000| Untracked 
| 117|0x0000000087500000, 0x0000000087500000, 0x0000000087600000|  0%| F|  |TAMS 0x0000000087500000, 0x0000000087500000| Untracked 
| 118|0x0000000087600000, 0x0000000087600000, 0x0000000087700000|  0%| F|  |TAMS 0x0000000087600000, 0x0000000087600000| Untracked 
| 119|0x0000000087700000, 0x0000000087700000, 0x0000000087800000|  0%| F|  |TAMS 0x0000000087700000, 0x0000000087700000| Untracked 
| 120|0x0000000087800000, 0x0000000087800000, 0x0000000087900000|  0%| F|  |TAMS 0x0000000087800000, 0x0000000087800000| Untracked 
| 121|0x0000000087900000, 0x0000000087900000, 0x0000000087a00000|  0%| F|  |TAMS 0x0000000087900000, 0x0000000087900000| Untracked 
| 122|0x0000000087a00000, 0x0000000087a00000, 0x0000000087b00000|  0%| F|  |TAMS 0x0000000087a00000, 0x0000000087a00000| Untracked 
| 123|0x0000000087b00000, 0x0000000087b00000, 0x0000000087c00000|  0%| F|  |TAMS 0x0000000087b00000, 0x0000000087b00000| Untracked 
| 124|0x0000000087c00000, 0x0000000087c00000, 0x0000000087d00000|  0%| F|  |TAMS 0x0000000087c00000, 0x0000000087c00000| Untracked 
| 125|0x0000000087d00000, 0x0000000087d00000, 0x0000000087e00000|  0%| F|  |TAMS 0x0000000087d00000, 0x0000000087d00000| Untracked 
| 126|0x0000000087e00000, 0x0000000087e00000, 0x0000000087f00000|  0%| F|  |TAMS 0x0000000087e00000, 0x0000000087e00000| Untracked 
| 127|0x0000000087f00000, 0x0000000087f00000, 0x0000000088000000|  0%| F|  |TAMS 0x0000000087f00000, 0x0000000087f00000| Untracked 
| 128|0x0000000088000000, 0x0000000088000000, 0x0000000088100000|  0%| F|  |TAMS 0x0000000088000000, 0x0000000088000000| Untracked 
| 129|0x0000000088100000, 0x0000000088100000, 0x0000000088200000|  0%| F|  |TAMS 0x0000000088100000, 0x0000000088100000| Untracked 
| 130|0x0000000088200000, 0x0000000088200000, 0x0000000088300000|  0%| F|  |TAMS 0x0000000088200000, 0x0000000088200000| Untracked 
| 131|0x0000000088300000, 0x0000000088300000, 0x0000000088400000|  0%| F|  |TAMS 0x0000000088300000, 0x0000000088300000| Untracked 
| 132|0x0000000088400000, 0x0000000088400000, 0x0000000088500000|  0%| F|  |TAMS 0x0000000088400000, 0x0000000088400000| Untracked 
| 133|0x0000000088500000, 0x0000000088500000, 0x0000000088600000|  0%| F|  |TAMS 0x0000000088500000, 0x0000000088500000| Untracked 
| 134|0x0000000088600000, 0x0000000088600000, 0x0000000088700000|  0%| F|  |TAMS 0x0000000088600000, 0x0000000088600000| Untracked 
| 135|0x0000000088700000, 0x0000000088700000, 0x0000000088800000|  0%| F|  |TAMS 0x0000000088700000, 0x0000000088700000| Untracked 
| 136|0x0000000088800000, 0x0000000088800000, 0x0000000088900000|  0%| F|  |TAMS 0x0000000088800000, 0x0000000088800000| Untracked 
| 137|0x0000000088900000, 0x0000000088900000, 0x0000000088a00000|  0%| F|  |TAMS 0x0000000088900000, 0x0000000088900000| Untracked 
| 138|0x0000000088a00000, 0x0000000088a00000, 0x0000000088b00000|  0%| F|  |TAMS 0x0000000088a00000, 0x0000000088a00000| Untracked 
| 139|0x0000000088b00000, 0x0000000088b00000, 0x0000000088c00000|  0%| F|  |TAMS 0x0000000088b00000, 0x0000000088b00000| Untracked 
| 140|0x0000000088c00000, 0x0000000088c00000, 0x0000000088d00000|  0%| F|  |TAMS 0x0000000088c00000, 0x0000000088c00000| Untracked 
| 141|0x0000000088d00000, 0x0000000088d00000, 0x0000000088e00000|  0%| F|  |TAMS 0x0000000088d00000, 0x0000000088d00000| Untracked 
| 142|0x0000000088e00000, 0x0000000088e00000, 0x0000000088f00000|  0%| F|  |TAMS 0x0000000088e00000, 0x0000000088e00000| Untracked 
| 143|0x0000000088f00000, 0x0000000088f00000, 0x0000000089000000|  0%| F|  |TAMS 0x0000000088f00000, 0x0000000088f00000| Untracked 
| 144|0x0000000089000000, 0x0000000089000000, 0x0000000089100000|  0%| F|  |TAMS 0x0000000089000000, 0x0000000089000000| Untracked 
| 145|0x0000000089100000, 0x0000000089100000, 0x0000000089200000|  0%| F|  |TAMS 0x0000000089100000, 0x0000000089100000| Untracked 
| 146|0x0000000089200000, 0x0000000089200000, 0x0000000089300000|  0%| F|  |TAMS 0x0000000089200000, 0x0000000089200000| Untracked 
| 147|0x0000000089300000, 0x0000000089300000, 0x0000000089400000|  0%| F|  |TAMS 0x0000000089300000, 0x0000000089300000| Untracked 
| 148|0x0000000089400000, 0x0000000089400000, 0x0000000089500000|  0%| F|  |TAMS 0x0000000089400000, 0x0000000089400000| Untracked 
| 149|0x0000000089500000, 0x0000000089500000, 0x0000000089600000|  0%| F|  |TAMS 0x0000000089500000, 0x0000000089500000| Untracked 
| 150|0x0000000089600000, 0x0000000089600000, 0x0000000089700000|  0%| F|  |TAMS 0x0000000089600000, 0x0000000089600000| Untracked 
| 151|0x0000000089700000, 0x0000000089700000, 0x0000000089800000|  0%| F|  |TAMS 0x0000000089700000, 0x0000000089700000| Untracked 
| 152|0x0000000089800000, 0x0000000089800000, 0x0000000089900000|  0%| F|  |TAMS 0x0000000089800000, 0x0000000089800000| Untracked 
| 153|0x0000000089900000, 0x0000000089900000, 0x0000000089a00000|  0%| F|  |TAMS 0x0000000089900000, 0x0000000089900000| Untracked 

Card table byte_map: [0x000002473a0d0000,0x000002473a4d0000] _byte_map_base: 0x0000024739cd0000

Marking Bits (Prev, Next): (CMBitMap*) 0x0000024723a5f700, (CMBitMap*) 0x0000024723a5f6c8
 Prev Bits: [0x000002473c8d0000, 0x000002473e8d0000)
 Next Bits: [0x000002473a8d0000, 0x000002473c8d0000)

Polling page: 0x0000024721850000

Metaspace:

Usage:
  Non-class:     30.16 MB capacity,    29.45 MB ( 98%) used,   589.14 KB (  2%) free+waste,   138.06 KB ( <1%) overhead. 
      Class:      4.78 MB capacity,     4.29 MB ( 90%) used,   426.66 KB (  9%) free+waste,    71.94 KB (  1%) overhead. 
       Both:     34.94 MB capacity,    33.74 MB ( 97%) used,  1015.80 KB (  3%) free+waste,   210.00 KB ( <1%) overhead. 

Virtual space:
  Non-class space:       32.00 MB reserved,      30.17 MB ( 94%) committed 
      Class space:        1.00 GB reserved,       4.88 MB ( <1%) committed 
             Both:        1.03 GB reserved,      35.05 MB (  3%) committed 

Chunk freelists:
   Non-Class:  1.63 KB
       Class:  256 bytes
        Both:  1.88 KB

CodeHeap 'non-profiled nmethods': size=239488Kb used=6148Kb max_used=6148Kb free=233339Kb
 bounds [0x000002472b6f0000, 0x000002472bd00000, 0x000002473a0d0000]
CodeHeap 'non-nmethods': size=6272Kb used=1162Kb max_used=1162Kb free=5109Kb
 bounds [0x000002472b0d0000, 0x000002472b340000, 0x000002472b6f0000]
 total_blobs=4379 nmethods=3896 adapters=409
 compilation: enabled
              stopped_count=0, restarted_count=0
 full_count=0

Compilation events (10 events):
Event: 6.108 Thread 0x0000024740d11000 nmethod 3892 0x000002472bcefd10 code [0x000002472bceff60, 0x000002472bcf0428]
Event: 6.108 Thread 0x0000024740d11000 3893       1       org.springframework.aop.framework.autoproxy.AbstractAutoProxyCreator::shouldSkip (6 bytes)
Event: 6.108 Thread 0x0000024740d11000 nmethod 3893 0x000002472bcf0690 code [0x000002472bcf0820, 0x000002472bcf08e8]
Event: 6.108 Thread 0x0000024740d11000 3894       1       org.springframework.core.ResolvableType::hasGenerics (14 bytes)
Event: 6.109 Thread 0x0000024740d11000 nmethod 3894 0x000002472bcf0990 code [0x000002472bcf0b20, 0x000002472bcf0c08]
Event: 6.119 Thread 0x0000024740d11000 3895       1       java.lang.reflect.Constructor::getParameterCount (6 bytes)
Event: 6.119 Thread 0x0000024740d11000 nmethod 3895 0x000002472bcf0c90 code [0x000002472bcf0e20, 0x000002472bcf0ed8]
Event: 6.120 Thread 0x0000024740d11000 3896       1       org.springframework.context.annotation.CommonAnnotationBeanPostProcessor::postProcessAfterInstantiation (2 bytes)
Event: 6.120 Thread 0x0000024740d11000 nmethod 3896 0x000002472bcf0f90 code [0x000002472bcf1120, 0x000002472bcf11d8]
Event: 6.124 Thread 0x0000024740d11000 3897       1       com.sun.beans.introspect.MethodInfo::isThrow (42 bytes)

GC Heap History (10 events):
Event: 1.417 GC heap after
{Heap after GC invocations=4 (full 0):
 garbage-first heap   total 131072K, used 7401K [0x0000000080000000, 0x0000000100000000)
  region size 1024K, 2 young (2048K), 2 survivors (2048K)
 Metaspace       used 13533K, capacity 13817K, committed 13952K, reserved 1060864K
  class space    used 1447K, capacity 1583K, committed 1664K, reserved 1048576K
}
Event: 2.016 GC heap before
{Heap before GC invocations=4 (full 0):
 garbage-first heap   total 131072K, used 28905K [0x0000000080000000, 0x0000000100000000)
  region size 1024K, 23 young (23552K), 2 survivors (2048K)
 Metaspace       used 18140K, capacity 18702K, committed 18944K, reserved 1067008K
  class space    used 2071K, capacity 2288K, committed 2304K, reserved 1048576K
}
Event: 2.036 GC heap after
{Heap after GC invocations=5 (full 0):
 garbage-first heap   total 157696K, used 8300K [0x0000000080000000, 0x0000000100000000)
  region size 1024K, 3 young (3072K), 3 survivors (3072K)
 Metaspace       used 18140K, capacity 18702K, committed 18944K, reserved 1067008K
  class space    used 2071K, capacity 2288K, committed 2304K, reserved 1048576K
}
Event: 2.506 GC heap before
{Heap before GC invocations=5 (full 0):
 garbage-first heap   total 157696K, used 23660K [0x0000000080000000, 0x0000000100000000)
  region size 1024K, 19 young (19456K), 3 survivors (3072K)
 Metaspace       used 20633K, capacity 21204K, committed 21296K, reserved 1069056K
  class space    used 2429K, capacity 2683K, committed 2688K, reserved 1048576K
}
Event: 2.524 GC heap after
{Heap after GC invocations=6 (full 0):
 garbage-first heap   total 157696K, used 8921K [0x0000000080000000, 0x0000000100000000)
  region size 1024K, 3 young (3072K), 3 survivors (3072K)
 Metaspace       used 20633K, capacity 21204K, committed 21296K, reserved 1069056K
  class space    used 2429K, capacity 2683K, committed 2688K, reserved 1048576K
}
Event: 3.515 GC heap before
{Heap before GC invocations=7 (full 0):
 garbage-first heap   total 157696K, used 57049K [0x0000000080000000, 0x0000000100000000)
  region size 1024K, 50 young (51200K), 3 survivors (3072K)
 Metaspace       used 23287K, capacity 24018K, committed 24240K, reserved 1071104K
  class space    used 2785K, capacity 3058K, committed 3072K, reserved 1048576K
}
Event: 3.531 GC heap after
{Heap after GC invocations=8 (full 0):
 garbage-first heap   total 157696K, used 11502K [0x0000000080000000, 0x0000000100000000)
  region size 1024K, 6 young (6144K), 6 survivors (6144K)
 Metaspace       used 23287K, capacity 24018K, committed 24240K, reserved 1071104K
  class space    used 2785K, capacity 3058K, committed 3072K, reserved 1048576K
}
Event: 4.495 GC heap before
{Heap before GC invocations=8 (full 0):
 garbage-first heap   total 157696K, used 74990K [0x0000000080000000, 0x0000000100000000)
  region size 1024K, 68 young (69632K), 6 survivors (6144K)
 Metaspace       used 28872K, capacity 29798K, committed 30128K, reserved 1075200K
  class space    used 3621K, capacity 3979K, committed 4096K, reserved 1048576K
}
Event: 4.521 GC heap after
{Heap after GC invocations=9 (full 0):
 garbage-first heap   total 157696K, used 14265K [0x0000000080000000, 0x0000000100000000)
  region size 1024K, 7 young (7168K), 7 survivors (7168K)
 Metaspace       used 28872K, capacity 29798K, committed 30128K, reserved 1075200K
  class space    used 3621K, capacity 3979K, committed 4096K, reserved 1048576K
}
Event: 6.124 GC heap before
{Heap before GC invocations=9 (full 0):
 garbage-first heap   total 157696K, used 100281K [0x0000000080000000, 0x0000000100000000)
  region size 1024K, 87 young (89088K), 7 survivors (7168K)
 Metaspace       used 34551K, capacity 35777K, committed 35888K, reserved 1081344K
  class space    used 4395K, capacity 4894K, committed 4992K, reserved 1048576K
}

Deoptimization events (0 events):
No events

Classes redefined (0 events):
No events

Internal exceptions (10 events):
Event: 6.099 Thread 0x0000024723a23800 Exception <a 'java/lang/ClassNotFoundException'{0x000000008444e2e0}: org/springframework/data/util/StreamableCustomizer> (0x000000008444e2e0) thrown at [./open/src/hotspot/share/classfile/systemDictionary.cpp, line 226]
Event: 6.099 Thread 0x0000024723a23800 Exception <a 'java/lang/ClassNotFoundException'{0x00000000844686f0}: java/lang/IterableCustomizer> (0x00000000844686f0) thrown at [./open/src/hotspot/share/classfile/systemDictionary.cpp, line 226]
Event: 6.100 Thread 0x0000024723a23800 Exception <a 'java/lang/ClassNotFoundException'{0x000000008446c900}: java/util/function/SupplierCustomizer> (0x000000008446c900) thrown at [./open/src/hotspot/share/classfile/systemDictionary.cpp, line 226]
Event: 6.105 Thread 0x0000024723a23800 Exception <a 'java/lang/ClassNotFoundException'{0x00000000844b1f18}: java/lang/ObjectCustomizer> (0x00000000844b1f18) thrown at [./open/src/hotspot/share/classfile/systemDictionary.cpp, line 226]
Event: 6.105 Thread 0x0000024723a23800 Exception <a 'java/lang/ClassNotFoundException'{0x00000000844c9090}: org/springframework/data/repository/support/RepositoriesCustomizer> (0x00000000844c9090) thrown at [./open/src/hotspot/share/classfile/systemDictionary.cpp, line 226]
Event: 6.106 Thread 0x0000024723a23800 Exception <a 'java/lang/ClassNotFoundException'{0x00000000844e4f20}: java/lang/IterableCustomizer> (0x00000000844e4f20) thrown at [./open/src/hotspot/share/classfile/systemDictionary.cpp, line 226]
Event: 6.120 Thread 0x0000024723a23800 Exception <a 'java/lang/ClassNotFoundException'{0x00000000843a7e50}: java/lang/ObjectCustomizer> (0x00000000843a7e50) thrown at [./open/src/hotspot/share/classfile/systemDictionary.cpp, line 226]
Event: 6.120 Thread 0x0000024723a23800 Exception <a 'java/lang/ClassNotFoundException'{0x00000000843c3550}: org/springframework/boot/autoconfigure/data/rest/RepositoryRestMvcAutoConfigurationCustomizer> (0x00000000843c3550) thrown at [./open/src/hotspot/share/classfile/systemDictionary.cpp, li
Event: 6.123 Thread 0x0000024723a23800 Exception <a 'java/lang/ClassNotFoundException'{0x00000000843d5db8}: java/lang/ObjectCustomizer> (0x00000000843d5db8) thrown at [./open/src/hotspot/share/classfile/systemDictionary.cpp, line 226]
Event: 6.124 Thread 0x0000024723a23800 Exception <a 'java/lang/ClassNotFoundException'{0x00000000843f0138}: org/springframework/boot/autoconfigure/data/rest/RepositoryRestPropertiesCustomizer> (0x00000000843f0138) thrown at [./open/src/hotspot/share/classfile/systemDictionary.cpp, line 226]

Events (10 events):
Event: 6.123 loading class java/lang/ObjectCustomizer done
Event: 6.123 loading class java/lang/ObjectCustomizer
Event: 6.123 loading class java/lang/ObjectCustomizer done
Event: 6.123 loading class org/springframework/boot/autoconfigure/data/rest/RepositoryRestPropertiesCustomizer
Event: 6.123 loading class org/springframework/boot/autoconfigure/data/rest/RepositoryRestPropertiesCustomizer done
Event: 6.124 loading class org/springframework/boot/autoconfigure/data/rest/RepositoryRestPropertiesCustomizer
Event: 6.124 loading class org/springframework/boot/autoconfigure/data/rest/RepositoryRestPropertiesCustomizer done
Event: 6.124 loading class org/springframework/boot/autoconfigure/data/rest/RepositoryRestPropertiesCustomizer
Event: 6.124 loading class org/springframework/boot/autoconfigure/data/rest/RepositoryRestPropertiesCustomizer done
Event: 6.124 Executing VM operation: G1CollectForAllocation


Dynamic libraries:
0x00007ff698b50000 - 0x00007ff698b5f000 	C:\Program Files\Java\jdk-11.0.16\bin\java.exe
0x00007ff8eb270000 - 0x00007ff8eb468000 	C:\Windows\SYSTEM32\ntdll.dll
0x00007ff8ea3d0000 - 0x00007ff8ea48f000 	C:\Windows\System32\KERNEL32.DLL
0x00007ff8e8d80000 - 0x00007ff8e9052000 	C:\Windows\System32\KERNELBASE.dll
0x00007ff8e8c50000 - 0x00007ff8e8d50000 	C:\Windows\System32\ucrtbase.dll
0x00007ff8bfb20000 - 0x00007ff8bfb38000 	C:\Program Files\Java\jdk-11.0.16\bin\jli.dll
0x00007ff8ea190000 - 0x00007ff8ea23e000 	C:\Windows\System32\ADVAPI32.dll
0x00007ff8ea5c0000 - 0x00007ff8ea65e000 	C:\Windows\System32\msvcrt.dll
0x00007ff8c4040000 - 0x00007ff8c4055000 	C:\Program Files\Java\jdk-11.0.16\bin\VCRUNTIME140.dll
0x00007ff8ea0f0000 - 0x00007ff8ea18c000 	C:\Windows\System32\sechost.dll
0x00007ff8ea490000 - 0x00007ff8ea5b5000 	C:\Windows\System32\RPCRT4.dll
0x00007ff8ea720000 - 0x00007ff8ea8bd000 	C:\Windows\System32\USER32.dll
0x00007ff8e8d50000 - 0x00007ff8e8d72000 	C:\Windows\System32\win32u.dll
0x00007ff8cfd10000 - 0x00007ff8cffaa000 	C:\Windows\WinSxS\amd64_microsoft.windows.common-controls_6595b64144ccf1df_6.0.19041.1110_none_60b5254171f9507e\COMCTL32.dll
0x00007ff8ea2b0000 - 0x00007ff8ea2db000 	C:\Windows\System32\GDI32.dll
0x00007ff8e9060000 - 0x00007ff8e916f000 	C:\Windows\System32\gdi32full.dll
0x00007ff8e89a0000 - 0x00007ff8e8a3d000 	C:\Windows\System32\msvcp_win.dll
0x00007ff8e1d50000 - 0x00007ff8e1d5a000 	C:\Windows\SYSTEM32\VERSION.dll
0x00007ff8ea6c0000 - 0x00007ff8ea6f2000 	C:\Windows\System32\IMM32.DLL
0x00007ff8b5ce0000 - 0x00007ff8b5d7b000 	C:\Program Files\Java\jdk-11.0.16\bin\msvcp140.dll
0x00007ff8a1d80000 - 0x00007ff8a2898000 	C:\Program Files\Java\jdk-11.0.16\bin\server\jvm.dll
0x00007ff8eaba0000 - 0x00007ff8eaba8000 	C:\Windows\System32\PSAPI.DLL
0x00007ff89e760000 - 0x00007ff89e769000 	C:\Windows\SYSTEM32\WSOCK32.dll
0x00007ff8eaa00000 - 0x00007ff8eaa6b000 	C:\Windows\System32\WS2_32.dll
0x00007ff8c84b0000 - 0x00007ff8c84d7000 	C:\Windows\SYSTEM32\WINMM.dll
0x00007ff8e6810000 - 0x00007ff8e6822000 	C:\Windows\SYSTEM32\kernel.appcore.dll
0x00007ff8d02c0000 - 0x00007ff8d02d0000 	C:\Program Files\Java\jdk-11.0.16\bin\verify.dll
0x00007ff8e31f0000 - 0x00007ff8e33d4000 	C:\Windows\SYSTEM32\DBGHELP.DLL
0x00007ff8e31c0000 - 0x00007ff8e31ec000 	C:\Windows\SYSTEM32\dbgcore.DLL
0x00007ff8e91e0000 - 0x00007ff8e9262000 	C:\Windows\System32\bcryptPrimitives.dll
0x00007ff8bf4b0000 - 0x00007ff8bf4d8000 	C:\Program Files\Java\jdk-11.0.16\bin\java.dll
0x00007ff8d0030000 - 0x00007ff8d003a000 	C:\Program Files\Java\jdk-11.0.16\bin\jimage.dll
0x00007ff8bfb00000 - 0x00007ff8bfb16000 	C:\Program Files\Java\jdk-11.0.16\bin\zip.dll
0x00007ff8e99a0000 - 0x00007ff8ea0e3000 	C:\Windows\System32\SHELL32.dll
0x00007ff8e6a10000 - 0x00007ff8e71a2000 	C:\Windows\SYSTEM32\windows.storage.dll
0x00007ff8e93f0000 - 0x00007ff8e9744000 	C:\Windows\System32\combase.dll
0x00007ff8e8210000 - 0x00007ff8e8240000 	C:\Windows\SYSTEM32\Wldp.dll
0x00007ff8eaaf0000 - 0x00007ff8eab9d000 	C:\Windows\System32\SHCORE.dll
0x00007ff8eabb0000 - 0x00007ff8eac05000 	C:\Windows\System32\shlwapi.dll
0x00007ff8e88b0000 - 0x00007ff8e88cf000 	C:\Windows\SYSTEM32\profapi.dll
0x00007ff8bf9c0000 - 0x00007ff8bf9d9000 	C:\Program Files\Java\jdk-11.0.16\bin\net.dll
0x00007ff8e1400000 - 0x00007ff8e150c000 	C:\Windows\SYSTEM32\WINHTTP.dll
0x00007ff8e7ff0000 - 0x00007ff8e805a000 	C:\Windows\system32\mswsock.dll
0x00007ff8bf490000 - 0x00007ff8bf4a2000 	C:\Program Files\Java\jdk-11.0.16\bin\nio.dll
0x00007ff8e7d00000 - 0x00007ff8e7d3b000 	C:\Windows\SYSTEM32\IPHLPAPI.DLL
0x00007ff8ea240000 - 0x00007ff8ea248000 	C:\Windows\System32\NSI.dll
0x00007ff8e3000000 - 0x00007ff8e3017000 	C:\Windows\SYSTEM32\dhcpcsvc6.DLL
0x00007ff8e2fe0000 - 0x00007ff8e2ffd000 	C:\Windows\SYSTEM32\dhcpcsvc.DLL
0x00007ff8e7d90000 - 0x00007ff8e7e5a000 	C:\Windows\SYSTEM32\DNSAPI.dll
0x00007ff8e0910000 - 0x00007ff8e091a000 	C:\Windows\System32\rasadhlp.dll
0x00007ff8e1680000 - 0x00007ff8e1700000 	C:\Windows\System32\fwpuclnt.dll
0x00007ff8e8970000 - 0x00007ff8e8997000 	C:\Windows\System32\bcrypt.dll
0x00007ff8e3980000 - 0x00007ff8e3989000 	C:\Program Files\Java\jdk-11.0.16\bin\management.dll
0x00007ff8e3970000 - 0x00007ff8e397b000 	C:\Program Files\Java\jdk-11.0.16\bin\management_ext.dll
0x00007ff8d0010000 - 0x00007ff8d0027000 	C:\Windows\system32\napinsp.dll
0x00007ff8cfff0000 - 0x00007ff8d000b000 	C:\Windows\system32\pnrpnsp.dll
0x00007ff8cffd0000 - 0x00007ff8cffe5000 	C:\Windows\system32\wshbth.dll
0x00007ff8e3820000 - 0x00007ff8e383d000 	C:\Windows\system32\NLAapi.dll
0x00007ff8cffb0000 - 0x00007ff8cffc2000 	C:\Windows\System32\winrnr.dll
0x00007ff8e8250000 - 0x00007ff8e8268000 	C:\Windows\SYSTEM32\CRYPTSP.dll
0x00007ff8e7930000 - 0x00007ff8e7964000 	C:\Windows\system32\rsaenh.dll
0x00007ff8e8830000 - 0x00007ff8e885e000 	C:\Windows\SYSTEM32\USERENV.dll
0x00007ff8e8180000 - 0x00007ff8e818c000 	C:\Windows\SYSTEM32\CRYPTBASE.dll
0x00007ff8e3960000 - 0x00007ff8e396d000 	C:\Program Files\Java\jdk-11.0.16\bin\sunmscapi.dll
0x00007ff8e8a40000 - 0x00007ff8e8b96000 	C:\Windows\System32\CRYPT32.dll
0x00007ff8e8360000 - 0x00007ff8e8387000 	C:\Windows\SYSTEM32\ncrypt.dll
0x00007ff8e8320000 - 0x00007ff8e835b000 	C:\Windows\SYSTEM32\NTASN1.dll
0x00007ff8e3930000 - 0x00007ff8e3955000 	C:\Program Files\Java\jdk-11.0.16\bin\sunec.dll

dbghelp: loaded successfully - version: 4.0.5 - missing functions: none
symbol engine: initialized successfully - sym options: 0x614 - pdb path: .;C:\Program Files\Java\jdk-11.0.16\bin;C:\Windows\SYSTEM32;C:\Windows\WinSxS\amd64_microsoft.windows.common-controls_6595b64144ccf1df_6.0.19041.1110_none_60b5254171f9507e;C:\Program Files\Java\jdk-11.0.16\bin\server

VM Arguments:
jvm_args: -Xverify:none -XX:TieredStopAtLevel=1 
java_command: com.eureka.app.student.StudentServiceApplication
java_class_path (initial): C:\Users\sfjbs\oct31training\Falguni\Eureka\student-service\target\classes;C:\Users\sfjbs\.m2\repository\org\springframework\boot\spring-boot\2.7.0\spring-boot-2.7.0.jar;C:\Users\sfjbs\.m2\repository\org\springframework\boot\spring-boot-autoconfigure\2.7.0\spring-boot-autoconfigure-2.7.0.jar;C:\Users\sfjbs\.m2\repository\ch\qos\logback\logback-classic\1.2.11\logback-classic-1.2.11.jar;C:\Users\sfjbs\.m2\repository\ch\qos\logback\logback-core\1.2.11\logback-core-1.2.11.jar;C:\Users\sfjbs\.m2\repository\org\apache\logging\log4j\log4j-to-slf4j\2.17.2\log4j-to-slf4j-2.17.2.jar;C:\Users\sfjbs\.m2\repository\org\apache\logging\log4j\log4j-api\2.17.2\log4j-api-2.17.2.jar;C:\Users\sfjbs\.m2\repository\org\slf4j\jul-to-slf4j\1.7.36\jul-to-slf4j-1.7.36.jar;C:\Users\sfjbs\.m2\repository\jakarta\annotation\jakarta.annotation-api\1.3.5\jakarta.annotation-api-1.3.5.jar;C:\Users\sfjbs\.m2\repository\org\yaml\snakeyaml\1.30\snakeyaml-1.30.jar;C:\Users\sfjbs\.m2\repository\org\springframework\boot\spring-boot-actuator-autoconfigure\2.7.0\spring-boot-actuator-autoconfigure-2.7.0.jar;C:\Users\sfjbs\.m2\repository\org\springframework\boot\spring-boot-actuator\2.7.0\spring-boot-actuator-2.7.0.jar;C:\Users\sfjbs\.m2\repository\com\fasterxml\jackson\core\jackson-databind\2.13.3\jackson-databind-2.13.3.jar;C:\Users\sfjbs\.m2\repository\com\fasterxml\jackson\datatype\jackson-datatype-jsr310\2.13.3\jackson-datatype-jsr310-2.13.3.jar;C:\Users\sfjbs\.m2\repository\io\micrometer\micrometer-core\1.9.0\micrometer-core-1.9.0.jar;C:\Users\sfjbs\.m2\repository\org\hdrhistogram\HdrHistogram\2.1.12\HdrHistogram-2.1.12.jar;C:\Users\sfjbs\.m2\repository\org\latencyutils\LatencyUtils\2.0.3\LatencyUtils-2.0.3.jar;C:\Users\sfjbs\.m2\repository\org\springframework\data\spring-data-rest-webmvc\3.7.0\spring-data-rest-webmvc-3.7.0.jar;C:\Users\sfjbs\.m2\repository\org\springframework\data\spring-data-rest-core\3.7.0\spring-data-rest-core-3.7.0.jar;C:\Users\sfjbs\.m2\repository\org\
Launcher Type: SUN_STANDARD

[Global flags]
     bool BytecodeVerificationLocal                = false                                     {product} {command line}
     bool BytecodeVerificationRemote               = false                                     {product} {command line}
     intx CICompilerCount                          = 2                                         {product} {ergonomic}
     uint ConcGCThreads                            = 1                                         {product} {ergonomic}
     uint G1ConcRefinementThreads                  = 2                                         {product} {ergonomic}
   size_t G1HeapRegionSize                         = 1048576                                   {product} {ergonomic}
    uintx GCDrainStackTargetSize                   = 64                                        {product} {ergonomic}
   size_t InitialHeapSize                          = 134217728                                 {product} {ergonomic}
   size_t MarkStackSize                            = 4194304                                   {product} {ergonomic}
   size_t MaxHeapSize                              = 2147483648                                {product} {ergonomic}
   size_t MaxNewSize                               = 1287651328                                {product} {ergonomic}
   size_t MinHeapDeltaBytes                        = 1048576                                   {product} {ergonomic}
    uintx NonNMethodCodeHeapSize                   = 6396312                                {pd product} {ergonomic}
    uintx NonProfiledCodeHeapSize                  = 245261928                              {pd product} {ergonomic}
    uintx ProfiledCodeHeapSize                     = 0                                      {pd product} {ergonomic}
    uintx ReservedCodeCacheSize                    = 251658240                              {pd product} {ergonomic}
     bool SegmentedCodeCache                       = true                                      {product} {ergonomic}
     intx TieredStopAtLevel                        = 1                                         {product} {command line}
     bool UseCompressedClassPointers               = true                                 {lp64_product} {ergonomic}
     bool UseCompressedOops                        = true                                 {lp64_product} {ergonomic}
     bool UseG1GC                                  = true                                      {product} {ergonomic}
     bool UseLargePagesIndividualAllocation        = false                                  {pd product} {ergonomic}

Logging:
Log output configuration:
 #0: stdout all=warning uptime,level,tags
 #1: stderr all=off uptime,level,tags

Environment Variables:
PATH=C:\Program Files\Common Files\Oracle\Java\javapath;C:\Windows\system32;C:\Windows;C:\Windows\System32\Wbem;C:\Windows\System32\WindowsPowerShell\v1.0\;C:\Windows\System32\OpenSSH\;C:\Users\sfjbs\Downloads\micro service-20221021T071039Z-001\micro service\apache-maven-3.8.5-bin\apache-maven-3.8.5\bin;C:\Users\sfjbs\Downloads\micro service-20221021T071039Z-001\micro service\apache-maven-3.8.5-bin\apache-maven-3.8.5\lib;C:\Program Files\Git\cmd;C:\Program Files\Docker\Docker\resources\bin;C:\Users\sfjbs\Downloads\apache-maven-3.8.6-bin\apache-maven-3.8.6\lib;C:\Users\sfjbs\Downloads\apache-maven-3.8.6-bin\apache-maven-3.8.6\bin;C:\Users\sfjbs\AppData\Local\Microsoft\WindowsApps;C:\Users\sfjbs\Downloads\micro service-20221021T071039Z-001\micro service\apache-maven-3.8.5-bin\apache-maven-3.8.5\bin;C:\Users\sfjbs\Downloads\micro service-20221021T071039Z-001\micro service\apache-maven-3.8.5-bin\apache-maven-3.8.5\lib;C:\Program Files\JetBrains\IntelliJ IDEA Community Edition 2022.2.1\bin;;C:\Users\sfjbs\Downloads\apache-maven-3.8.6-bin\apache-maven-3.8.6\lib;C:\Users\sfjbs\Downloads\apache-maven-3.8.6-bin\apache-maven-3.8.6\bin;
USERNAME=sfjbs
OS=Windows_NT
PROCESSOR_IDENTIFIER=Intel64 Family 6 Model 85 Stepping 7, GenuineIntel



---------------  S Y S T E M  ---------------

OS: Windows 10 , 64 bit Build 19041 (10.0.19041.2251)
Hyper-V role detected

CPU:total 2 (initial active 2) (1 cores per cpu, 2 threads per core) family 6 model 85 stepping 7 microcode 0xffffffff, cmov, cx8, fxsr, mmx, sse, sse2, sse3, ssse3, sse4.1, sse4.2, popcnt, avx, avx2, aes, clmul, erms, rtm, 3dnowpref, lzcnt, ht, tsc, bmi1, bmi2, adx, evex, fma

Memory: 4k page, system-wide physical 8190M (321M free)
TotalPageFile size 10238M (AvailPageFile size 16M)
current process WorkingSet (physical memory assigned to process): 196M, peak: 196M
current process commit charge ("private bytes"): 270M, peak: 346M

vm_info: Java HotSpot(TM) 64-Bit Server VM (11.0.16+11-LTS-199) for windows-amd64 JRE (11.0.16+11-LTS-199), built on Jun 28 2022 08:23:17 by "mach5one" with MS VC++ 15.9 (VS2017)

END.
