#
# There is insufficient memory for the Java Runtime Environment to continue.
# Native memory allocation (malloc) failed to allocate 32744 bytes for ChunkPool::allocate
# Possible reasons:
#   The system is out of physical RAM or swap space
#   The process is running with CompressedOops enabled, and the Java Heap may be blocking the growth of the native heap
# Possible solutions:
#   Reduce memory load on the system
#   Increase physical memory or swap space
#   Check if swap backing store is full
#   Decrease Java heap size (-Xmx/-Xms)
#   Decrease number of Java threads
#   Decrease Java thread stack sizes (-Xss)
#   Set larger code cache with -XX:ReservedCodeCacheSize=
#   JVM is running with Unscaled Compressed Oops mode in which the Java heap is
#     placed in the first 4GB address space. The Java Heap base address is the
#     maximum limit for the native heap growth. Please use -XX:HeapBaseMinAddress
#     to set the Java Heap base and to place the Java Heap above 4GB virtual address.
# This output file may be truncated or incomplete.
#
#  Out of Memory Error (./open/src/hotspot/share/memory/arena.cpp:81), pid=4028, tid=10576
#
# JRE version: Java(TM) SE Runtime Environment 18.9 (11.0.16+11) (build 11.0.16+11-LTS-199)
# Java VM: Java HotSpot(TM) 64-Bit Server VM 18.9 (11.0.16+11-LTS-199, mixed mode, tiered, compressed oops, g1 gc, windows-amd64)
# No core dump will be written. Minidumps are not enabled by default on client versions of Windows
#

---------------  S U M M A R Y ------------

Command Line: -Dmaven.multiModuleProjectDirectory=C:\Users\sfjbs\oct31training\Hetik\MiniProject\Pension-Managment-System -Dmaven.home=C:\Program Files\JetBrains\IntelliJ IDEA Community Edition 2022.2.1\plugins\maven\lib\maven3 -Dclassworlds.conf=C:\Program Files\JetBrains\IntelliJ IDEA Community Edition 2022.2.1\plugins\maven\lib\maven3\bin\m2.conf -Dmaven.ext.class.path=C:\Program Files\JetBrains\IntelliJ IDEA Community Edition 2022.2.1\plugins\maven\lib\maven-event-listener.jar -javaagent:C:\Program Files\JetBrains\IntelliJ IDEA Community Edition 2022.2.1\lib\idea_rt.jar=59496:C:\Program Files\JetBrains\IntelliJ IDEA Community Edition 2022.2.1\bin -Dfile.encoding=UTF-8 org.codehaus.classworlds.Launcher -Didea.version=2022.2.1 clean install

Host: Intel(R) Xeon(R) Platinum 8272CL CPU @ 2.60GHz, 2 cores, 7G,  Windows 10 , 64 bit Build 19041 (10.0.19041.2251)
Time: Fri Nov 18 04:49:46 2022 Coordinated Universal Time elapsed time: 12.805817 seconds (0d 0h 0m 12s)

---------------  T H R E A D  ---------------

Current thread (0x000002c9f533d800):  JavaThread "C2 CompilerThread0" daemon [_thread_in_native, id=10576, stack(0x000000e6e8500000,0x000000e6e8600000)]


Current CompileTask:
C2:  12805 4283   !   4       jdk.internal.loader.BuiltinClassLoader::loadClassOrNull (143 bytes)

Stack: [0x000000e6e8500000,0x000000e6e8600000]
Native frames: (J=compiled Java code, j=interpreted, Vv=VM code, C=native code)
V  [jvm.dll+0x62a3ea]
V  [jvm.dll+0x76418f]
V  [jvm.dll+0x765839]
V  [jvm.dll+0x765ec3]
V  [jvm.dll+0x23da98]
V  [jvm.dll+0xb2c7b]
V  [jvm.dll+0xb2fdc]
V  [jvm.dll+0xb2b2b]
V  [jvm.dll+0x60a6ef]
V  [jvm.dll+0x659be3]
V  [jvm.dll+0x18ccfd]
V  [jvm.dll+0x1f85b2]
V  [jvm.dll+0x1f768d]
V  [jvm.dll+0x177c81]
V  [jvm.dll+0x207006]
V  [jvm.dll+0x20519b]
V  [jvm.dll+0x729fa0]
V  [jvm.dll+0x722b74]
V  [jvm.dll+0x629286]
C  [ucrtbase.dll+0x21bb2]
C  [KERNEL32.DLL+0x174b4]
C  [ntdll.dll+0x526a1]


---------------  P R O C E S S  ---------------

Threads class SMR info:
_java_thread_list=0x000002c9f5f14420, length=11, elements={
0x000002c9d78a6000, 0x000002c9f5319800, 0x000002c9f531d000, 0x000002c9f5cc2800,
0x000002c9f533a800, 0x000002c9f533b800, 0x000002c9f533d800, 0x000002c9f537d800,
0x000002c9f5cfe000, 0x000002c9d797e800, 0x000002c9f5f40000
}

Java Threads: ( => current thread )
  0x000002c9d78a6000 JavaThread "main" [_thread_in_Java, id=3972, stack(0x000000e6e7800000,0x000000e6e7900000)]
  0x000002c9f5319800 JavaThread "Reference Handler" daemon [_thread_blocked, id=6512, stack(0x000000e6e8000000,0x000000e6e8100000)]
  0x000002c9f531d000 JavaThread "Finalizer" daemon [_thread_blocked, id=3896, stack(0x000000e6e8100000,0x000000e6e8200000)]
  0x000002c9f5cc2800 JavaThread "Signal Dispatcher" daemon [_thread_blocked, id=3496, stack(0x000000e6e8200000,0x000000e6e8300000)]
  0x000002c9f533a800 JavaThread "Attach Listener" daemon [_thread_blocked, id=6040, stack(0x000000e6e8300000,0x000000e6e8400000)]
  0x000002c9f533b800 JavaThread "Service Thread" daemon [_thread_blocked, id=9156, stack(0x000000e6e8400000,0x000000e6e8500000)]
=>0x000002c9f533d800 JavaThread "C2 CompilerThread0" daemon [_thread_in_native, id=10576, stack(0x000000e6e8500000,0x000000e6e8600000)]
  0x000002c9f537d800 JavaThread "C1 CompilerThread0" daemon [_thread_in_native, id=6764, stack(0x000000e6e8600000,0x000000e6e8700000)]
  0x000002c9f5cfe000 JavaThread "Sweeper thread" daemon [_thread_blocked, id=9712, stack(0x000000e6e8700000,0x000000e6e8800000)]
  0x000002c9d797e800 JavaThread "Common-Cleaner" daemon [_thread_blocked, id=9704, stack(0x000000e6e8800000,0x000000e6e8900000)]
  0x000002c9f5f40000 JavaThread "Monitor Ctrl-Break" daemon [_thread_in_native, id=8404, stack(0x000000e6e8900000,0x000000e6e8a00000)]

Other Threads:
  0x000002c9f5318800 VMThread "VM Thread" [stack: 0x000000e6e7f00000,0x000000e6e8000000] [id=11848]
  0x000002c9f5f46000 WatcherThread [stack: 0x000000e6e8a00000,0x000000e6e8b00000] [id=10708]
  0x000002c9d78bb000 GCTaskThread "GC Thread#0" [stack: 0x000000e6e7a00000,0x000000e6e7b00000] [id=11976]
  0x000002c9f6396800 GCTaskThread "GC Thread#1" [stack: 0x000000e6e8b00000,0x000000e6e8c00000] [id=11600]
  0x000002c9d78eb000 ConcurrentGCThread "G1 Main Marker" [stack: 0x000000e6e7b00000,0x000000e6e7c00000] [id=7912]
  0x000002c9d78ed800 ConcurrentGCThread "G1 Conc#0" [stack: 0x000000e6e7c00000,0x000000e6e7d00000] [id=11220]
  0x000002c9d7974000 ConcurrentGCThread "G1 Refine#0" [stack: 0x000000e6e7d00000,0x000000e6e7e00000] [id=5128]
  0x000002c9d7976800 ConcurrentGCThread "G1 Young RemSet Sampling" [stack: 0x000000e6e7e00000,0x000000e6e7f00000] [id=7672]

Threads with active compile tasks:
C2 CompilerThread0    12841 4283   !   4       jdk.internal.loader.BuiltinClassLoader::loadClassOrNull (143 bytes)
C1 CompilerThread0    12841 4522       2       jdk.nio.zipfs.ZipFileSystem$IndexNode::<init> (109 bytes)

VM state:not at safepoint (normal execution)

VM Mutex/Monitor currently owned by a thread: None

Heap address: 0x0000000080000000, size: 2048 MB, Compressed Oops mode: 32-bit
Narrow klass base: 0x0000000000000000, Narrow klass shift: 3
Compressed class space size: 1073741824 Address: 0x0000000100000000

Heap:
 garbage-first heap   total 157696K, used 43954K [0x0000000080000000, 0x0000000100000000)
  region size 1024K, 34 young (34816K), 6 survivors (6144K)
 Metaspace       used 31293K, capacity 31914K, committed 32000K, reserved 1077248K
  class space    used 3303K, capacity 3502K, committed 3584K, reserved 1048576K
Heap Regions: E=young(eden), S=young(survivor), O=old, HS=humongous(starts), HC=humongous(continues), CS=collection set, F=free, A=archive, TAMS=top-at-mark-start (previous, next)
|   0|0x0000000080000000, 0x0000000080100000, 0x0000000080100000|100%| O|  |TAMS 0x0000000080100000, 0x0000000080000000| Untracked 
|   1|0x0000000080100000, 0x0000000080200000, 0x0000000080200000|100%| O|  |TAMS 0x0000000080200000, 0x0000000080100000| Untracked 
|   2|0x0000000080200000, 0x0000000080300000, 0x0000000080300000|100%| O|  |TAMS 0x0000000080300000, 0x0000000080200000| Untracked 
|   3|0x0000000080300000, 0x0000000080400000, 0x0000000080400000|100%| O|  |TAMS 0x0000000080400000, 0x0000000080300000| Untracked 
|   4|0x0000000080400000, 0x0000000080500000, 0x0000000080500000|100%| O|  |TAMS 0x0000000080500000, 0x0000000080400000| Untracked 
|   5|0x0000000080500000, 0x0000000080600000, 0x0000000080600000|100%| O|  |TAMS 0x0000000080600000, 0x0000000080500000| Untracked 
|   6|0x0000000080600000, 0x0000000080700000, 0x0000000080700000|100%| O|  |TAMS 0x0000000080700000, 0x0000000080600000| Untracked 
|   7|0x0000000080700000, 0x0000000080800000, 0x0000000080800000|100%| O|  |TAMS 0x0000000080713000, 0x0000000080700000| Untracked 
|   8|0x0000000080800000, 0x000000008088a400, 0x0000000080900000| 54%| O|  |TAMS 0x0000000080800000, 0x0000000080800000| Untracked 
|   9|0x0000000080900000, 0x0000000080a00000, 0x0000000080a00000|100%|HS|  |TAMS 0x0000000080900000, 0x0000000080900000| Complete 
|  10|0x0000000080a00000, 0x0000000080b00000, 0x0000000080b00000|100%|HS|  |TAMS 0x0000000080a00000, 0x0000000080a00000| Complete 
|  11|0x0000000080b00000, 0x0000000080b00000, 0x0000000080c00000|  0%| F|  |TAMS 0x0000000080b00000, 0x0000000080b00000| Untracked 
|  12|0x0000000080c00000, 0x0000000080c00000, 0x0000000080d00000|  0%| F|  |TAMS 0x0000000080c00000, 0x0000000080c00000| Untracked 
|  13|0x0000000080d00000, 0x0000000080d00000, 0x0000000080e00000|  0%| F|  |TAMS 0x0000000080d00000, 0x0000000080d00000| Untracked 
|  14|0x0000000080e00000, 0x0000000080e00000, 0x0000000080f00000|  0%| F|  |TAMS 0x0000000080e00000, 0x0000000080e00000| Untracked 
|  15|0x0000000080f00000, 0x0000000080f00000, 0x0000000081000000|  0%| F|  |TAMS 0x0000000080f00000, 0x0000000080f00000| Untracked 
|  16|0x0000000081000000, 0x0000000081000000, 0x0000000081100000|  0%| F|  |TAMS 0x0000000081000000, 0x0000000081000000| Untracked 
|  17|0x0000000081100000, 0x0000000081100000, 0x0000000081200000|  0%| F|  |TAMS 0x0000000081100000, 0x0000000081100000| Untracked 
|  18|0x0000000081200000, 0x0000000081200000, 0x0000000081300000|  0%| F|  |TAMS 0x0000000081200000, 0x0000000081200000| Untracked 
|  19|0x0000000081300000, 0x0000000081300000, 0x0000000081400000|  0%| F|  |TAMS 0x0000000081300000, 0x0000000081300000| Untracked 
|  20|0x0000000081400000, 0x0000000081400000, 0x0000000081500000|  0%| F|  |TAMS 0x0000000081400000, 0x0000000081400000| Untracked 
|  21|0x0000000081500000, 0x0000000081500000, 0x0000000081600000|  0%| F|  |TAMS 0x0000000081500000, 0x0000000081500000| Untracked 
|  22|0x0000000081600000, 0x0000000081600000, 0x0000000081700000|  0%| F|  |TAMS 0x0000000081600000, 0x0000000081600000| Untracked 
|  23|0x0000000081700000, 0x0000000081700000, 0x0000000081800000|  0%| F|  |TAMS 0x0000000081700000, 0x0000000081700000| Untracked 
|  24|0x0000000081800000, 0x0000000081800000, 0x0000000081900000|  0%| F|  |TAMS 0x0000000081800000, 0x0000000081800000| Untracked 
|  25|0x0000000081900000, 0x0000000081900000, 0x0000000081a00000|  0%| F|  |TAMS 0x0000000081900000, 0x0000000081900000| Untracked 
|  26|0x0000000081a00000, 0x0000000081a00000, 0x0000000081b00000|  0%| F|  |TAMS 0x0000000081a00000, 0x0000000081a00000| Untracked 
|  27|0x0000000081b00000, 0x0000000081b00000, 0x0000000081c00000|  0%| F|  |TAMS 0x0000000081b00000, 0x0000000081b00000| Untracked 
|  28|0x0000000081c00000, 0x0000000081c00000, 0x0000000081d00000|  0%| F|  |TAMS 0x0000000081c00000, 0x0000000081c00000| Untracked 
|  29|0x0000000081d00000, 0x0000000081d00000, 0x0000000081e00000|  0%| F|  |TAMS 0x0000000081d00000, 0x0000000081d00000| Untracked 
|  30|0x0000000081e00000, 0x0000000081e00000, 0x0000000081f00000|  0%| F|  |TAMS 0x0000000081e00000, 0x0000000081e00000| Untracked 
|  31|0x0000000081f00000, 0x0000000081f00000, 0x0000000082000000|  0%| F|  |TAMS 0x0000000081f00000, 0x0000000081f00000| Untracked 
|  32|0x0000000082000000, 0x0000000082000000, 0x0000000082100000|  0%| F|  |TAMS 0x0000000082000000, 0x0000000082000000| Untracked 
|  33|0x0000000082100000, 0x0000000082100000, 0x0000000082200000|  0%| F|  |TAMS 0x0000000082100000, 0x0000000082100000| Untracked 
|  34|0x0000000082200000, 0x0000000082200000, 0x0000000082300000|  0%| F|  |TAMS 0x0000000082200000, 0x0000000082200000| Untracked 
|  35|0x0000000082300000, 0x0000000082300000, 0x0000000082400000|  0%| F|  |TAMS 0x0000000082300000, 0x0000000082300000| Untracked 
|  36|0x0000000082400000, 0x0000000082400000, 0x0000000082500000|  0%| F|  |TAMS 0x0000000082400000, 0x0000000082400000| Untracked 
|  37|0x0000000082500000, 0x0000000082500000, 0x0000000082600000|  0%| F|  |TAMS 0x0000000082500000, 0x0000000082500000| Untracked 
|  38|0x0000000082600000, 0x0000000082600000, 0x0000000082700000|  0%| F|  |TAMS 0x0000000082600000, 0x0000000082600000| Untracked 
|  39|0x0000000082700000, 0x0000000082700000, 0x0000000082800000|  0%| F|  |TAMS 0x0000000082700000, 0x0000000082700000| Untracked 
|  40|0x0000000082800000, 0x0000000082800000, 0x0000000082900000|  0%| F|  |TAMS 0x0000000082800000, 0x0000000082800000| Untracked 
|  41|0x0000000082900000, 0x0000000082900000, 0x0000000082a00000|  0%| F|  |TAMS 0x0000000082900000, 0x0000000082900000| Untracked 
|  42|0x0000000082a00000, 0x0000000082a00000, 0x0000000082b00000|  0%| F|  |TAMS 0x0000000082a00000, 0x0000000082a00000| Untracked 
|  43|0x0000000082b00000, 0x0000000082b00000, 0x0000000082c00000|  0%| F|  |TAMS 0x0000000082b00000, 0x0000000082b00000| Untracked 
|  44|0x0000000082c00000, 0x0000000082c00000, 0x0000000082d00000|  0%| F|  |TAMS 0x0000000082c00000, 0x0000000082c00000| Untracked 
|  45|0x0000000082d00000, 0x0000000082d00000, 0x0000000082e00000|  0%| F|  |TAMS 0x0000000082d00000, 0x0000000082d00000| Untracked 
|  46|0x0000000082e00000, 0x0000000082e00000, 0x0000000082f00000|  0%| F|  |TAMS 0x0000000082e00000, 0x0000000082e00000| Untracked 
|  47|0x0000000082f00000, 0x0000000082f00000, 0x0000000083000000|  0%| F|  |TAMS 0x0000000082f00000, 0x0000000082f00000| Untracked 
|  48|0x0000000083000000, 0x0000000083000000, 0x0000000083100000|  0%| F|  |TAMS 0x0000000083000000, 0x0000000083000000| Untracked 
|  49|0x0000000083100000, 0x0000000083100000, 0x0000000083200000|  0%| F|  |TAMS 0x0000000083100000, 0x0000000083100000| Untracked 
|  50|0x0000000083200000, 0x0000000083200000, 0x0000000083300000|  0%| F|  |TAMS 0x0000000083200000, 0x0000000083200000| Untracked 
|  51|0x0000000083300000, 0x0000000083300000, 0x0000000083400000|  0%| F|  |TAMS 0x0000000083300000, 0x0000000083300000| Untracked 
|  52|0x0000000083400000, 0x0000000083400000, 0x0000000083500000|  0%| F|  |TAMS 0x0000000083400000, 0x0000000083400000| Untracked 
|  53|0x0000000083500000, 0x0000000083500000, 0x0000000083600000|  0%| F|  |TAMS 0x0000000083500000, 0x0000000083500000| Untracked 
|  54|0x0000000083600000, 0x0000000083600000, 0x0000000083700000|  0%| F|  |TAMS 0x0000000083600000, 0x0000000083600000| Untracked 
|  55|0x0000000083700000, 0x0000000083700000, 0x0000000083800000|  0%| F|  |TAMS 0x0000000083700000, 0x0000000083700000| Untracked 
|  56|0x0000000083800000, 0x0000000083800000, 0x0000000083900000|  0%| F|  |TAMS 0x0000000083800000, 0x0000000083800000| Untracked 
|  57|0x0000000083900000, 0x0000000083900000, 0x0000000083a00000|  0%| F|  |TAMS 0x0000000083900000, 0x0000000083900000| Untracked 
|  58|0x0000000083a00000, 0x0000000083a00000, 0x0000000083b00000|  0%| F|  |TAMS 0x0000000083a00000, 0x0000000083a00000| Untracked 
|  59|0x0000000083b00000, 0x0000000083b00000, 0x0000000083c00000|  0%| F|  |TAMS 0x0000000083b00000, 0x0000000083b00000| Untracked 
|  60|0x0000000083c00000, 0x0000000083c00000, 0x0000000083d00000|  0%| F|  |TAMS 0x0000000083c00000, 0x0000000083c00000| Untracked 
|  61|0x0000000083d00000, 0x0000000083d00000, 0x0000000083e00000|  0%| F|  |TAMS 0x0000000083d00000, 0x0000000083d00000| Untracked 
|  62|0x0000000083e00000, 0x0000000083e00000, 0x0000000083f00000|  0%| F|  |TAMS 0x0000000083e00000, 0x0000000083e00000| Untracked 
|  63|0x0000000083f00000, 0x0000000083f00000, 0x0000000084000000|  0%| F|  |TAMS 0x0000000083f00000, 0x0000000083f00000| Untracked 
|  64|0x0000000084000000, 0x0000000084000000, 0x0000000084100000|  0%| F|  |TAMS 0x0000000084000000, 0x0000000084000000| Untracked 
|  65|0x0000000084100000, 0x0000000084100000, 0x0000000084200000|  0%| F|  |TAMS 0x0000000084100000, 0x0000000084100000| Untracked 
|  66|0x0000000084200000, 0x0000000084200000, 0x0000000084300000|  0%| F|  |TAMS 0x0000000084200000, 0x0000000084200000| Untracked 
|  67|0x0000000084300000, 0x0000000084300000, 0x0000000084400000|  0%| F|  |TAMS 0x0000000084300000, 0x0000000084300000| Untracked 
|  68|0x0000000084400000, 0x0000000084400000, 0x0000000084500000|  0%| F|  |TAMS 0x0000000084400000, 0x0000000084400000| Untracked 
|  69|0x0000000084500000, 0x0000000084500000, 0x0000000084600000|  0%| F|  |TAMS 0x0000000084500000, 0x0000000084500000| Untracked 
|  70|0x0000000084600000, 0x0000000084600000, 0x0000000084700000|  0%| F|  |TAMS 0x0000000084600000, 0x0000000084600000| Untracked 
|  71|0x0000000084700000, 0x0000000084700000, 0x0000000084800000|  0%| F|  |TAMS 0x0000000084700000, 0x0000000084700000| Untracked 
|  72|0x0000000084800000, 0x0000000084800000, 0x0000000084900000|  0%| F|  |TAMS 0x0000000084800000, 0x0000000084800000| Untracked 
|  73|0x0000000084900000, 0x0000000084900000, 0x0000000084a00000|  0%| F|  |TAMS 0x0000000084900000, 0x0000000084900000| Untracked 
|  74|0x0000000084a00000, 0x0000000084a00000, 0x0000000084b00000|  0%| F|  |TAMS 0x0000000084a00000, 0x0000000084a00000| Untracked 
|  75|0x0000000084b00000, 0x0000000084b00000, 0x0000000084c00000|  0%| F|  |TAMS 0x0000000084b00000, 0x0000000084b00000| Untracked 
|  76|0x0000000084c00000, 0x0000000084c00000, 0x0000000084d00000|  0%| F|  |TAMS 0x0000000084c00000, 0x0000000084c00000| Untracked 
|  77|0x0000000084d00000, 0x0000000084d00000, 0x0000000084e00000|  0%| F|  |TAMS 0x0000000084d00000, 0x0000000084d00000| Untracked 
|  78|0x0000000084e00000, 0x0000000084e00000, 0x0000000084f00000|  0%| F|  |TAMS 0x0000000084e00000, 0x0000000084e00000| Untracked 
|  79|0x0000000084f00000, 0x0000000084f00000, 0x0000000085000000|  0%| F|  |TAMS 0x0000000084f00000, 0x0000000084f00000| Untracked 
|  80|0x0000000085000000, 0x0000000085000000, 0x0000000085100000|  0%| F|  |TAMS 0x0000000085000000, 0x0000000085000000| Untracked 
|  81|0x0000000085100000, 0x0000000085100000, 0x0000000085200000|  0%| F|  |TAMS 0x0000000085100000, 0x0000000085100000| Untracked 
|  82|0x0000000085200000, 0x0000000085200000, 0x0000000085300000|  0%| F|  |TAMS 0x0000000085200000, 0x0000000085200000| Untracked 
|  83|0x0000000085300000, 0x0000000085300000, 0x0000000085400000|  0%| F|  |TAMS 0x0000000085300000, 0x0000000085300000| Untracked 
|  84|0x0000000085400000, 0x0000000085400000, 0x0000000085500000|  0%| F|  |TAMS 0x0000000085400000, 0x0000000085400000| Untracked 
|  85|0x0000000085500000, 0x0000000085500000, 0x0000000085600000|  0%| F|  |TAMS 0x0000000085500000, 0x0000000085500000| Untracked 
|  86|0x0000000085600000, 0x0000000085600000, 0x0000000085700000|  0%| F|  |TAMS 0x0000000085600000, 0x0000000085600000| Untracked 
|  87|0x0000000085700000, 0x0000000085700000, 0x0000000085800000|  0%| F|  |TAMS 0x0000000085700000, 0x0000000085700000| Untracked 
|  88|0x0000000085800000, 0x0000000085800000, 0x0000000085900000|  0%| F|  |TAMS 0x0000000085800000, 0x0000000085800000| Untracked 
|  89|0x0000000085900000, 0x0000000085900000, 0x0000000085a00000|  0%| F|  |TAMS 0x0000000085900000, 0x0000000085900000| Untracked 
|  90|0x0000000085a00000, 0x0000000085a62660, 0x0000000085b00000| 38%| S|CS|TAMS 0x0000000085a00000, 0x0000000085a00000| Complete 
|  91|0x0000000085b00000, 0x0000000085c00000, 0x0000000085c00000|100%| S|CS|TAMS 0x0000000085b00000, 0x0000000085b00000| Complete 
|  92|0x0000000085c00000, 0x0000000085d00000, 0x0000000085d00000|100%| S|CS|TAMS 0x0000000085c00000, 0x0000000085c00000| Complete 
|  93|0x0000000085d00000, 0x0000000085e00000, 0x0000000085e00000|100%| S|CS|TAMS 0x0000000085d00000, 0x0000000085d00000| Complete 
|  94|0x0000000085e00000, 0x0000000085f00000, 0x0000000085f00000|100%| S|CS|TAMS 0x0000000085e00000, 0x0000000085e00000| Complete 
|  95|0x0000000085f00000, 0x0000000086000000, 0x0000000086000000|100%| S|CS|TAMS 0x0000000085f00000, 0x0000000085f00000| Complete 
|  96|0x0000000086000000, 0x0000000086000000, 0x0000000086100000|  0%| F|  |TAMS 0x0000000086000000, 0x0000000086000000| Untracked 
|  97|0x0000000086100000, 0x0000000086100000, 0x0000000086200000|  0%| F|  |TAMS 0x0000000086100000, 0x0000000086100000| Untracked 
|  98|0x0000000086200000, 0x0000000086200000, 0x0000000086300000|  0%| F|  |TAMS 0x0000000086200000, 0x0000000086200000| Untracked 
|  99|0x0000000086300000, 0x0000000086300000, 0x0000000086400000|  0%| F|  |TAMS 0x0000000086300000, 0x0000000086300000| Untracked 
| 100|0x0000000086400000, 0x0000000086400000, 0x0000000086500000|  0%| F|  |TAMS 0x0000000086400000, 0x0000000086400000| Untracked 
| 101|0x0000000086500000, 0x0000000086500000, 0x0000000086600000|  0%| F|  |TAMS 0x0000000086500000, 0x0000000086500000| Untracked 
| 102|0x0000000086600000, 0x0000000086600000, 0x0000000086700000|  0%| F|  |TAMS 0x0000000086600000, 0x0000000086600000| Untracked 
| 103|0x0000000086700000, 0x0000000086700000, 0x0000000086800000|  0%| F|  |TAMS 0x0000000086700000, 0x0000000086700000| Untracked 
| 104|0x0000000086800000, 0x0000000086800000, 0x0000000086900000|  0%| F|  |TAMS 0x0000000086800000, 0x0000000086800000| Untracked 
| 105|0x0000000086900000, 0x0000000086900000, 0x0000000086a00000|  0%| F|  |TAMS 0x0000000086900000, 0x0000000086900000| Untracked 
| 106|0x0000000086a00000, 0x0000000086a00000, 0x0000000086b00000|  0%| F|  |TAMS 0x0000000086a00000, 0x0000000086a00000| Untracked 
| 107|0x0000000086b00000, 0x0000000086b00000, 0x0000000086c00000|  0%| F|  |TAMS 0x0000000086b00000, 0x0000000086b00000| Untracked 
| 108|0x0000000086c00000, 0x0000000086c00000, 0x0000000086d00000|  0%| F|  |TAMS 0x0000000086c00000, 0x0000000086c00000| Untracked 
| 109|0x0000000086d00000, 0x0000000086d00000, 0x0000000086e00000|  0%| F|  |TAMS 0x0000000086d00000, 0x0000000086d00000| Untracked 
| 110|0x0000000086e00000, 0x0000000086e00000, 0x0000000086f00000|  0%| F|  |TAMS 0x0000000086e00000, 0x0000000086e00000| Untracked 
| 111|0x0000000086f00000, 0x0000000086f00000, 0x0000000087000000|  0%| F|  |TAMS 0x0000000086f00000, 0x0000000086f00000| Untracked 
| 112|0x0000000087000000, 0x0000000087000000, 0x0000000087100000|  0%| F|  |TAMS 0x0000000087000000, 0x0000000087000000| Untracked 
| 113|0x0000000087100000, 0x0000000087100000, 0x0000000087200000|  0%| F|  |TAMS 0x0000000087100000, 0x0000000087100000| Untracked 
| 114|0x0000000087200000, 0x0000000087200000, 0x0000000087300000|  0%| F|  |TAMS 0x0000000087200000, 0x0000000087200000| Untracked 
| 115|0x0000000087300000, 0x0000000087300000, 0x0000000087400000|  0%| F|  |TAMS 0x0000000087300000, 0x0000000087300000| Untracked 
| 116|0x0000000087400000, 0x0000000087400000, 0x0000000087500000|  0%| F|  |TAMS 0x0000000087400000, 0x0000000087400000| Untracked 
| 117|0x0000000087500000, 0x0000000087500000, 0x0000000087600000|  0%| F|  |TAMS 0x0000000087500000, 0x0000000087500000| Untracked 
| 118|0x0000000087600000, 0x0000000087600000, 0x0000000087700000|  0%| F|  |TAMS 0x0000000087600000, 0x0000000087600000| Untracked 
| 119|0x0000000087700000, 0x0000000087700000, 0x0000000087800000|  0%| F|  |TAMS 0x0000000087700000, 0x0000000087700000| Untracked 
| 120|0x0000000087800000, 0x0000000087800000, 0x0000000087900000|  0%| F|  |TAMS 0x0000000087800000, 0x0000000087800000| Untracked 
| 121|0x0000000087900000, 0x0000000087900000, 0x0000000087a00000|  0%| F|  |TAMS 0x0000000087900000, 0x0000000087900000| Untracked 
| 122|0x0000000087a00000, 0x0000000087a00000, 0x0000000087b00000|  0%| F|  |TAMS 0x0000000087a00000, 0x0000000087a00000| Untracked 
| 123|0x0000000087b00000, 0x0000000087b00000, 0x0000000087c00000|  0%| F|  |TAMS 0x0000000087b00000, 0x0000000087b00000| Untracked 
| 124|0x0000000087c00000, 0x0000000087c00000, 0x0000000087d00000|  0%| F|  |TAMS 0x0000000087c00000, 0x0000000087c00000| Untracked 
| 125|0x0000000087d00000, 0x0000000087d00000, 0x0000000087e00000|  0%| F|  |TAMS 0x0000000087d00000, 0x0000000087d00000| Untracked 
| 126|0x0000000087e00000, 0x0000000087f00000, 0x0000000087f00000|100%| E|  |TAMS 0x0000000087e00000, 0x0000000087e00000| Complete 
| 127|0x0000000087f00000, 0x0000000088000000, 0x0000000088000000|100%| E|CS|TAMS 0x0000000087f00000, 0x0000000087f00000| Complete 
| 128|0x0000000088000000, 0x0000000088100000, 0x0000000088100000|100%| E|CS|TAMS 0x0000000088000000, 0x0000000088000000| Complete 
| 129|0x0000000088100000, 0x0000000088200000, 0x0000000088200000|100%| E|CS|TAMS 0x0000000088100000, 0x0000000088100000| Complete 
| 130|0x0000000088200000, 0x0000000088300000, 0x0000000088300000|100%| E|CS|TAMS 0x0000000088200000, 0x0000000088200000| Complete 
| 131|0x0000000088300000, 0x0000000088400000, 0x0000000088400000|100%| E|CS|TAMS 0x0000000088300000, 0x0000000088300000| Complete 
| 132|0x0000000088400000, 0x0000000088500000, 0x0000000088500000|100%| E|CS|TAMS 0x0000000088400000, 0x0000000088400000| Complete 
| 133|0x0000000088500000, 0x0000000088600000, 0x0000000088600000|100%| E|CS|TAMS 0x0000000088500000, 0x0000000088500000| Complete 
| 134|0x0000000088600000, 0x0000000088700000, 0x0000000088700000|100%| E|CS|TAMS 0x0000000088600000, 0x0000000088600000| Complete 
| 135|0x0000000088700000, 0x0000000088800000, 0x0000000088800000|100%| E|CS|TAMS 0x0000000088700000, 0x0000000088700000| Complete 
| 136|0x0000000088800000, 0x0000000088900000, 0x0000000088900000|100%| E|CS|TAMS 0x0000000088800000, 0x0000000088800000| Complete 
| 137|0x0000000088900000, 0x0000000088a00000, 0x0000000088a00000|100%| E|CS|TAMS 0x0000000088900000, 0x0000000088900000| Complete 
| 138|0x0000000088a00000, 0x0000000088b00000, 0x0000000088b00000|100%| E|CS|TAMS 0x0000000088a00000, 0x0000000088a00000| Complete 
| 139|0x0000000088b00000, 0x0000000088c00000, 0x0000000088c00000|100%| E|CS|TAMS 0x0000000088b00000, 0x0000000088b00000| Complete 
| 140|0x0000000088c00000, 0x0000000088d00000, 0x0000000088d00000|100%| E|CS|TAMS 0x0000000088c00000, 0x0000000088c00000| Complete 
| 141|0x0000000088d00000, 0x0000000088e00000, 0x0000000088e00000|100%| E|CS|TAMS 0x0000000088d00000, 0x0000000088d00000| Complete 
| 142|0x0000000088e00000, 0x0000000088f00000, 0x0000000088f00000|100%| E|CS|TAMS 0x0000000088e00000, 0x0000000088e00000| Complete 
| 143|0x0000000088f00000, 0x0000000089000000, 0x0000000089000000|100%| E|CS|TAMS 0x0000000088f00000, 0x0000000088f00000| Complete 
| 144|0x0000000089000000, 0x0000000089100000, 0x0000000089100000|100%| E|CS|TAMS 0x0000000089000000, 0x0000000089000000| Complete 
| 145|0x0000000089100000, 0x0000000089200000, 0x0000000089200000|100%| E|CS|TAMS 0x0000000089100000, 0x0000000089100000| Complete 
| 146|0x0000000089200000, 0x0000000089300000, 0x0000000089300000|100%| E|CS|TAMS 0x0000000089200000, 0x0000000089200000| Complete 
| 147|0x0000000089300000, 0x0000000089400000, 0x0000000089400000|100%| E|CS|TAMS 0x0000000089300000, 0x0000000089300000| Complete 
| 148|0x0000000089400000, 0x0000000089500000, 0x0000000089500000|100%| E|CS|TAMS 0x0000000089400000, 0x0000000089400000| Complete 
| 149|0x0000000089500000, 0x0000000089600000, 0x0000000089600000|100%| E|CS|TAMS 0x0000000089500000, 0x0000000089500000| Complete 
| 150|0x0000000089600000, 0x0000000089700000, 0x0000000089700000|100%| E|CS|TAMS 0x0000000089600000, 0x0000000089600000| Complete 
| 151|0x0000000089700000, 0x0000000089800000, 0x0000000089800000|100%| E|CS|TAMS 0x0000000089700000, 0x0000000089700000| Complete 
| 152|0x0000000089800000, 0x0000000089900000, 0x0000000089900000|100%| E|CS|TAMS 0x0000000089800000, 0x0000000089800000| Complete 
| 153|0x0000000089900000, 0x0000000089a00000, 0x0000000089a00000|100%| E|CS|TAMS 0x0000000089900000, 0x0000000089900000| Complete 

Card table byte_map: [0x000002c9ee760000,0x000002c9eeb60000] _byte_map_base: 0x000002c9ee360000

Marking Bits (Prev, Next): (CMBitMap*) 0x000002c9d78e2650, (CMBitMap*) 0x000002c9d78e2618
 Prev Bits: [0x000002c9f0f60000, 0x000002c9f2f60000)
 Next Bits: [0x000002c9eef60000, 0x000002c9f0f60000)

Polling page: 0x000002c9d5ff0000

Metaspace:

Usage:
  Non-class:     27.75 MB capacity,    27.33 MB ( 99%) used,   374.27 KB (  1%) free+waste,    47.19 KB ( <1%) overhead. 
      Class:      3.42 MB capacity,     3.23 MB ( 94%) used,   178.48 KB (  5%) free+waste,    20.50 KB ( <1%) overhead. 
       Both:     31.17 MB capacity,    30.56 MB ( 98%) used,   552.74 KB (  2%) free+waste,    67.69 KB ( <1%) overhead. 

Virtual space:
  Non-class space:       28.00 MB reserved,      27.75 MB (>99%) committed 
      Class space:        1.00 GB reserved,       3.50 MB ( <1%) committed 
             Both:        1.03 GB reserved,      31.25 MB (  3%) committed 

Chunk freelists:
   Non-Class:  512 bytes
       Class:  2.25 KB
        Both:  2.75 KB

CodeHeap 'non-profiled nmethods': size=120064Kb used=2378Kb max_used=2378Kb free=117685Kb
 bounds [0x000002c9e6a20000, 0x000002c9e6c90000, 0x000002c9edf60000]
CodeHeap 'profiled nmethods': size=120000Kb used=10364Kb max_used=10364Kb free=109635Kb
 bounds [0x000002c9df4f0000, 0x000002c9dff10000, 0x000002c9e6a20000]
CodeHeap 'non-nmethods': size=5696Kb used=1150Kb max_used=1173Kb free=4545Kb
 bounds [0x000002c9def60000, 0x000002c9df1d0000, 0x000002c9df4f0000]
 total_blobs=4975 nmethods=4505 adapters=381
 compilation: enabled
              stopped_count=0, restarted_count=0
 full_count=0

Compilation events (10 events):
Event: 12.801 Thread 0x000002c9f537d800 nmethod 4516% 0x000002c9dff0cb90 code [0x000002c9dff0cd40, 0x000002c9dff0cfb8]
Event: 12.801 Thread 0x000002c9f537d800 4517       3       java.util.Arrays::hashCode (44 bytes)
Event: 12.802 Thread 0x000002c9f537d800 nmethod 4517 0x000002c9dff0d110 code [0x000002c9dff0d2c0, 0x000002c9dff0d4b8]
Event: 12.802 Thread 0x000002c9f537d800 4518       2       jdk.nio.zipfs.ZipCoder::isUTF8 (16 bytes)
Event: 12.802 Thread 0x000002c9f537d800 nmethod 4518 0x000002c9dff0d590 code [0x000002c9dff0d720, 0x000002c9dff0d838]
Event: 12.802 Thread 0x000002c9f537d800 4519 %     3       jdk.nio.zipfs.ZipFileSystem::hasDotOrDotDot @ 40 (80 bytes)
Event: 12.802 Thread 0x000002c9f537d800 nmethod 4519% 0x000002c9dff0d910 code [0x000002c9dff0dae0, 0x000002c9dff0df28]
Event: 12.802 Thread 0x000002c9f537d800 4520       3       jdk.nio.zipfs.ZipFileSystem::hasDotOrDotDot (80 bytes)
Event: 12.803 Thread 0x000002c9f537d800 nmethod 4520 0x000002c9dff0e110 code [0x000002c9dff0e2e0, 0x000002c9dff0e6a8]
Event: 12.803 Thread 0x000002c9f537d800 4521 % !   3       jdk.nio.zipfs.ZipFileSystem::checkUTF8 @ 5 (56 bytes)

GC Heap History (10 events):
Event: 2.348 GC heap before
{Heap before GC invocations=3 (full 0):
 garbage-first heap   total 131072K, used 23520K [0x0000000080000000, 0x0000000100000000)
  region size 1024K, 21 young (21504K), 2 survivors (2048K)
 Metaspace       used 15276K, capacity 15525K, committed 15872K, reserved 1062912K
  class space    used 1576K, capacity 1665K, committed 1792K, reserved 1048576K
}
Event: 2.354 GC heap after
{Heap after GC invocations=4 (full 0):
 garbage-first heap   total 131072K, used 4585K [0x0000000080000000, 0x0000000100000000)
  region size 1024K, 2 young (2048K), 2 survivors (2048K)
 Metaspace       used 15276K, capacity 15525K, committed 15872K, reserved 1062912K
  class space    used 1576K, capacity 1665K, committed 1792K, reserved 1048576K
}
Event: 4.099 GC heap before
{Heap before GC invocations=4 (full 0):
 garbage-first heap   total 131072K, used 39401K [0x0000000080000000, 0x0000000100000000)
  region size 1024K, 36 young (36864K), 2 survivors (2048K)
 Metaspace       used 20628K, capacity 20910K, committed 20992K, reserved 1069056K
  class space    used 2201K, capacity 2293K, committed 2304K, reserved 1048576K
}
Event: 4.119 GC heap after
{Heap after GC invocations=5 (full 0):
 garbage-first heap   total 157696K, used 7788K [0x0000000080000000, 0x0000000100000000)
  region size 1024K, 5 young (5120K), 5 survivors (5120K)
 Metaspace       used 20628K, capacity 20910K, committed 20992K, reserved 1069056K
  class space    used 2201K, capacity 2293K, committed 2304K, reserved 1048576K
}
Event: 5.567 GC heap before
{Heap before GC invocations=5 (full 0):
 garbage-first heap   total 157696K, used 17004K [0x0000000080000000, 0x0000000100000000)
  region size 1024K, 15 young (15360K), 5 survivors (5120K)
 Metaspace       used 20836K, capacity 21111K, committed 21248K, reserved 1069056K
  class space    used 2203K, capacity 2296K, committed 2304K, reserved 1048576K
}
Event: 5.586 GC heap after
{Heap after GC invocations=6 (full 0):
 garbage-first heap   total 157696K, used 9073K [0x0000000080000000, 0x0000000100000000)
  region size 1024K, 2 young (2048K), 2 survivors (2048K)
 Metaspace       used 20836K, capacity 21111K, committed 21248K, reserved 1069056K
  class space    used 2203K, capacity 2296K, committed 2304K, reserved 1048576K
}
Event: 7.802 GC heap before
{Heap before GC invocations=7 (full 0):
 garbage-first heap   total 157696K, used 50033K [0x0000000080000000, 0x0000000100000000)
  region size 1024K, 42 young (43008K), 2 survivors (2048K)
 Metaspace       used 21601K, capacity 22058K, committed 22144K, reserved 1069056K
  class space    used 2242K, capacity 2396K, committed 2432K, reserved 1048576K
}
Event: 7.814 GC heap after
{Heap after GC invocations=8 (full 0):
 garbage-first heap   total 157696K, used 11979K [0x0000000080000000, 0x0000000100000000)
  region size 1024K, 5 young (5120K), 5 survivors (5120K)
 Metaspace       used 21601K, capacity 22058K, committed 22144K, reserved 1069056K
  class space    used 2242K, capacity 2396K, committed 2432K, reserved 1048576K
}
Event: 10.869 GC heap before
{Heap before GC invocations=8 (full 0):
 garbage-first heap   total 157696K, used 66251K [0x0000000080000000, 0x0000000100000000)
  region size 1024K, 58 young (59392K), 5 survivors (5120K)
 Metaspace       used 23383K, capacity 23854K, committed 24064K, reserved 1071104K
  class space    used 2383K, capacity 2545K, committed 2560K, reserved 1048576K
}
Event: 10.884 GC heap after
{Heap after GC invocations=9 (full 0):
 garbage-first heap   total 157696K, used 14258K [0x0000000080000000, 0x0000000100000000)
  region size 1024K, 6 young (6144K), 6 survivors (6144K)
 Metaspace       used 23383K, capacity 23854K, committed 24064K, reserved 1071104K
  class space    used 2383K, capacity 2545K, committed 2560K, reserved 1048576K
}

Deoptimization events (10 events):
Event: 11.802 Thread 0x000002c9d78a6000 Uncommon trap: reason=intrinsic_or_type_checked_inlining action=make_not_entrant pc=0x000002c9e6c54ec0 method=java.util.ArrayList.toArray([Ljava/lang/Object;)[Ljava/lang/Object; @ 36 c2
Event: 12.278 Thread 0x000002c9d78a6000 Uncommon trap: reason=unstable_if action=reinterpret pc=0x000002c9e6c5e4cc method=sun.nio.fs.WindowsPathParser.isSlash(C)Z @ 9 c2
Event: 12.373 Thread 0x000002c9d78a6000 Uncommon trap: reason=class_check action=maybe_recompile pc=0x000002c9e6a58eac method=jdk.internal.loader.URLClassPath.getLoader(I)Ljdk/internal/loader/URLClassPath$Loader; @ 88 c2
Event: 12.440 Thread 0x000002c9d78a6000 Uncommon trap: reason=unstable_if action=reinterpret pc=0x000002c9e6c5aae8 method=java.util.zip.InflaterInputStream.read([BII)I @ 41 c2
Event: 12.475 Thread 0x000002c9d78a6000 Uncommon trap: reason=class_check action=maybe_recompile pc=0x000002c9e6a58eac method=jdk.internal.loader.URLClassPath.getLoader(I)Ljdk/internal/loader/URLClassPath$Loader; @ 88 c2
Event: 12.481 Thread 0x000002c9d78a6000 Uncommon trap: reason=bimorphic_or_optimized_type_check action=maybe_recompile pc=0x000002c9e6bcf378 method=java.util.regex.Matcher.match(II)Z @ 121 c2
Event: 12.499 Thread 0x000002c9d78a6000 Uncommon trap: reason=unstable_if action=reinterpret pc=0x000002c9e6b52bbc method=java.lang.CharacterDataLatin1.digit(II)I @ 7 c2
Event: 12.511 Thread 0x000002c9d78a6000 Uncommon trap: reason=unstable_if action=reinterpret pc=0x000002c9e6bf5638 method=java.lang.CharacterDataLatin1.digit(II)I @ 7 c2
Event: 12.639 Thread 0x000002c9d78a6000 Uncommon trap: reason=bimorphic_or_optimized_type_check action=maybe_recompile pc=0x000002c9e6bcf378 method=java.util.regex.Matcher.match(II)Z @ 121 c2
Event: 12.639 Thread 0x000002c9d78a6000 Uncommon trap: reason=bimorphic_or_optimized_type_check action=maybe_recompile pc=0x000002c9e6bcf378 method=java.util.regex.Matcher.match(II)Z @ 121 c2

Classes redefined (0 events):
No events

Internal exceptions (10 events):
Event: 12.279 Thread 0x000002c9d78a6000 Exception <a 'sun/nio/fs/WindowsException'{0x00000000886a2e98}> (0x00000000886a2e98) thrown at [./open/src/hotspot/share/prims/jni.cpp, line 611]
Event: 12.598 Thread 0x000002c9d78a6000 Exception <a 'sun/nio/fs/WindowsException'{0x0000000088014a78}> (0x0000000088014a78) thrown at [./open/src/hotspot/share/prims/jni.cpp, line 611]
Event: 12.598 Thread 0x000002c9d78a6000 Exception <a 'sun/nio/fs/WindowsException'{0x0000000088014e08}> (0x0000000088014e08) thrown at [./open/src/hotspot/share/prims/jni.cpp, line 611]
Event: 12.598 Thread 0x000002c9d78a6000 Exception <a 'sun/nio/fs/WindowsException'{0x0000000088015f48}> (0x0000000088015f48) thrown at [./open/src/hotspot/share/prims/jni.cpp, line 611]
Event: 12.598 Thread 0x000002c9d78a6000 Exception <a 'sun/nio/fs/WindowsException'{0x0000000088016368}> (0x0000000088016368) thrown at [./open/src/hotspot/share/prims/jni.cpp, line 611]
Event: 12.599 Thread 0x000002c9d78a6000 Exception <a 'sun/nio/fs/WindowsException'{0x0000000088017558}> (0x0000000088017558) thrown at [./open/src/hotspot/share/prims/jni.cpp, line 611]
Event: 12.599 Thread 0x000002c9d78a6000 Exception <a 'sun/nio/fs/WindowsException'{0x0000000088017900}> (0x0000000088017900) thrown at [./open/src/hotspot/share/prims/jni.cpp, line 611]
Event: 12.664 Thread 0x000002c9d78a6000 Exception <a 'java/lang/NoSuchMethodError'{0x00000000880e1898}: java.lang.invoke.DirectMethodHandle$Holder.invokeSpecial(Ljava/lang/Object;Ljava/lang/Object;Ljava/lang/Object;Ljava/lang/Object;)I> (0x00000000880e1898) thrown at [./open/src/hotspot/share/i
Event: 12.746 Thread 0x000002c9d78a6000 Exception <a 'sun/nio/fs/WindowsException'{0x0000000087e204a8}> (0x0000000087e204a8) thrown at [./open/src/hotspot/share/prims/jni.cpp, line 611]
Event: 12.746 Thread 0x000002c9d78a6000 Exception <a 'sun/nio/fs/WindowsException'{0x0000000087e208c0}> (0x0000000087e208c0) thrown at [./open/src/hotspot/share/prims/jni.cpp, line 611]

Events (10 events):
Event: 12.786 loading class java/nio/file/FileTreeWalker$EventType
Event: 12.786 loading class java/nio/file/FileTreeWalker$EventType done
Event: 12.787 loading class java/nio/file/Files$3
Event: 12.787 loading class java/nio/file/Files$3 done
Event: 12.787 loading class java/nio/file/FileVisitResult
Event: 12.787 loading class java/nio/file/FileVisitResult done
Event: 12.802 Thread 0x000002c9d78a6000 DEOPT PACKING pc=0x000002c9dff09e9e sp=0x000000e6e78fccf0
Event: 12.802 Thread 0x000002c9d78a6000 DEOPT UNPACKING pc=0x000002c9def87c0e sp=0x000000e6e78fc168 mode 0
Event: 12.803 Thread 0x000002c9d78a6000 DEOPT PACKING pc=0x000002c9dff0a38c sp=0x000000e6e78fcd90
Event: 12.803 Thread 0x000002c9d78a6000 DEOPT UNPACKING pc=0x000002c9def87c0e sp=0x000000e6e78fc248 mode 0


Dynamic libraries:
0x00007ff7c7390000 - 0x00007ff7c739f000 	C:\Program Files\Java\jdk-11.0.16\bin\java.exe
0x00007ffa26390000 - 0x00007ffa26588000 	C:\Windows\SYSTEM32\ntdll.dll
0x00007ffa261d0000 - 0x00007ffa2628f000 	C:\Windows\System32\KERNEL32.DLL
0x00007ffa23c40000 - 0x00007ffa23f12000 	C:\Windows\System32\KERNELBASE.dll
0x00007ffa23f20000 - 0x00007ffa24020000 	C:\Windows\System32\ucrtbase.dll
0x00007ffa053a0000 - 0x00007ffa053b8000 	C:\Program Files\Java\jdk-11.0.16\bin\jli.dll
0x00007ffa24d70000 - 0x00007ffa24e1e000 	C:\Windows\System32\ADVAPI32.dll
0x00007ffa25540000 - 0x00007ffa255de000 	C:\Windows\System32\msvcrt.dll
0x00007ffa24b40000 - 0x00007ffa24bdc000 	C:\Windows\System32\sechost.dll
0x00007ffa25130000 - 0x00007ffa25255000 	C:\Windows\System32\RPCRT4.dll
0x00007ffa24f80000 - 0x00007ffa2511d000 	C:\Windows\System32\USER32.dll
0x00007ffa24170000 - 0x00007ffa24192000 	C:\Windows\System32\win32u.dll
0x00007ffa248e0000 - 0x00007ffa2490b000 	C:\Windows\System32\GDI32.dll
0x00007ffa242a0000 - 0x00007ffa243af000 	C:\Windows\System32\gdi32full.dll
0x00007ffa240d0000 - 0x00007ffa2416d000 	C:\Windows\System32\msvcp_win.dll
0x00007ffa009d0000 - 0x00007ffa009e5000 	C:\Program Files\Java\jdk-11.0.16\bin\VCRUNTIME140.dll
0x00007ffa06350000 - 0x00007ffa065ea000 	C:\Windows\WinSxS\amd64_microsoft.windows.common-controls_6595b64144ccf1df_6.0.19041.1110_none_60b5254171f9507e\COMCTL32.dll
0x00007ffa1be40000 - 0x00007ffa1be4a000 	C:\Windows\SYSTEM32\VERSION.dll
0x00007ffa262b0000 - 0x00007ffa262e2000 	C:\Windows\System32\IMM32.DLL
0x00007ff9f6440000 - 0x00007ff9f64db000 	C:\Program Files\Java\jdk-11.0.16\bin\msvcp140.dll
0x00007ff9f01f0000 - 0x00007ff9f0d08000 	C:\Program Files\Java\jdk-11.0.16\bin\server\jvm.dll
0x00007ffa25260000 - 0x00007ffa25268000 	C:\Windows\System32\PSAPI.DLL
0x00007ffa1f300000 - 0x00007ffa1f309000 	C:\Windows\SYSTEM32\WSOCK32.dll
0x00007ffa24f10000 - 0x00007ffa24f7b000 	C:\Windows\System32\WS2_32.dll
0x00007ffa03e50000 - 0x00007ffa03e77000 	C:\Windows\SYSTEM32\WINMM.dll
0x00007ffa21930000 - 0x00007ffa21942000 	C:\Windows\SYSTEM32\kernel.appcore.dll
0x00007ffa07670000 - 0x00007ffa07680000 	C:\Program Files\Java\jdk-11.0.16\bin\verify.dll
0x00007ffa15f50000 - 0x00007ffa16134000 	C:\Windows\SYSTEM32\DBGHELP.DLL
0x00007ffa17100000 - 0x00007ffa1712c000 	C:\Windows\SYSTEM32\dbgcore.DLL
0x00007ffa241a0000 - 0x00007ffa24222000 	C:\Windows\System32\bcryptPrimitives.dll
0x00007ffa001b0000 - 0x00007ffa001d8000 	C:\Program Files\Java\jdk-11.0.16\bin\java.dll
0x00007ffa06ee0000 - 0x00007ffa06eea000 	C:\Program Files\Java\jdk-11.0.16\bin\jimage.dll
0x00007ffa0f190000 - 0x00007ffa0f19e000 	C:\Program Files\Java\jdk-11.0.16\bin\instrument.dll
0x00007ff9ff690000 - 0x00007ff9ff6a6000 	C:\Program Files\Java\jdk-11.0.16\bin\zip.dll
0x00007ffa25a80000 - 0x00007ffa261c3000 	C:\Windows\System32\SHELL32.dll
0x00007ffa21b30000 - 0x00007ffa222c2000 	C:\Windows\SYSTEM32\windows.storage.dll
0x00007ffa255e0000 - 0x00007ffa25934000 	C:\Windows\System32\combase.dll
0x00007ffa23330000 - 0x00007ffa23360000 	C:\Windows\SYSTEM32\Wldp.dll
0x00007ffa249c0000 - 0x00007ffa24a6d000 	C:\Windows\System32\SHCORE.dll
0x00007ffa24e20000 - 0x00007ffa24e75000 	C:\Windows\System32\shlwapi.dll
0x00007ffa239d0000 - 0x00007ffa239ef000 	C:\Windows\SYSTEM32\profapi.dll
0x00007ff9ff670000 - 0x00007ff9ff689000 	C:\Program Files\Java\jdk-11.0.16\bin\net.dll
0x00007ffa1b540000 - 0x00007ffa1b64c000 	C:\Windows\SYSTEM32\WINHTTP.dll
0x00007ffa23110000 - 0x00007ffa2317a000 	C:\Windows\system32\mswsock.dll
0x00007ff9fcc80000 - 0x00007ff9fcc92000 	C:\Program Files\Java\jdk-11.0.16\bin\nio.dll
0x00007ffa0c210000 - 0x00007ffa0c22a000 	C:\Program Files\JetBrains\IntelliJ IDEA Community Edition 2022.2.1\bin\breakgen64.dll
0x00007ffa23370000 - 0x00007ffa23388000 	C:\Windows\SYSTEM32\CRYPTSP.dll
0x00007ffa22a50000 - 0x00007ffa22a84000 	C:\Windows\system32\rsaenh.dll
0x00007ffa243b0000 - 0x00007ffa243d7000 	C:\Windows\System32\bcrypt.dll
0x00007ffa23990000 - 0x00007ffa239be000 	C:\Windows\SYSTEM32\USERENV.dll
0x00007ffa232a0000 - 0x00007ffa232ac000 	C:\Windows\SYSTEM32\CRYPTBASE.dll
0x00007ffa22e20000 - 0x00007ffa22e5b000 	C:\Windows\SYSTEM32\IPHLPAPI.DLL
0x00007ffa25120000 - 0x00007ffa25128000 	C:\Windows\System32\NSI.dll
0x00007ffa1c4d0000 - 0x00007ffa1c4e7000 	C:\Windows\SYSTEM32\dhcpcsvc6.DLL
0x00007ffa1c4b0000 - 0x00007ffa1c4cd000 	C:\Windows\SYSTEM32\dhcpcsvc.DLL
0x00007ffa22e70000 - 0x00007ffa22f3a000 	C:\Windows\SYSTEM32\DNSAPI.dll
0x00007ffa0f160000 - 0x00007ffa0f16a000 	C:\Users\sfjbs\AppData\Local\Temp\jansi-1.17.1-14173264596808790419.dll
0x00007ffa0c200000 - 0x00007ffa0c20a000 	C:\Users\sfjbs\AppData\Local\Temp\jansi-1.17.1-9935545562842751483.dll

dbghelp: loaded successfully - version: 4.0.5 - missing functions: none
symbol engine: initialized successfully - sym options: 0x614 - pdb path: .;C:\Program Files\Java\jdk-11.0.16\bin;C:\Windows\SYSTEM32;C:\Windows\WinSxS\amd64_microsoft.windows.common-controls_6595b64144ccf1df_6.0.19041.1110_none_60b5254171f9507e;C:\Program Files\Java\jdk-11.0.16\bin\server;C:\Program Files\JetBrains\IntelliJ IDEA Community Edition 2022.2.1\bin;C:\Users\sfjbs\AppData\Local\Temp

VM Arguments:
jvm_args: -Dmaven.multiModuleProjectDirectory=C:\Users\sfjbs\oct31training\Hetik\MiniProject\Pension-Managment-System -Dmaven.home=C:\Program Files\JetBrains\IntelliJ IDEA Community Edition 2022.2.1\plugins\maven\lib\maven3 -Dclassworlds.conf=C:\Program Files\JetBrains\IntelliJ IDEA Community Edition 2022.2.1\plugins\maven\lib\maven3\bin\m2.conf -Dmaven.ext.class.path=C:\Program Files\JetBrains\IntelliJ IDEA Community Edition 2022.2.1\plugins\maven\lib\maven-event-listener.jar -javaagent:C:\Program Files\JetBrains\IntelliJ IDEA Community Edition 2022.2.1\lib\idea_rt.jar=59496:C:\Program Files\JetBrains\IntelliJ IDEA Community Edition 2022.2.1\bin -Dfile.encoding=UTF-8 
java_command: org.codehaus.classworlds.Launcher -Didea.version=2022.2.1 clean install
java_class_path (initial): C:\Program Files\JetBrains\IntelliJ IDEA Community Edition 2022.2.1\plugins\maven\lib\maven3\boot\plexus-classworlds-2.6.0.jar;C:\Program Files\JetBrains\IntelliJ IDEA Community Edition 2022.2.1\plugins\maven\lib\maven3\boot\plexus-classworlds.license
Launcher Type: SUN_STANDARD

[Global flags]
     intx CICompilerCount                          = 2                                         {product} {ergonomic}
     uint ConcGCThreads                            = 1                                         {product} {ergonomic}
     uint G1ConcRefinementThreads                  = 2                                         {product} {ergonomic}
   size_t G1HeapRegionSize                         = 1048576                                   {product} {ergonomic}
    uintx GCDrainStackTargetSize                   = 64                                        {product} {ergonomic}
   size_t InitialHeapSize                          = 134217728                                 {product} {ergonomic}
   size_t MarkStackSize                            = 4194304                                   {product} {ergonomic}
   size_t MaxHeapSize                              = 2147483648                                {product} {ergonomic}
   size_t MaxNewSize                               = 1287651328                                {product} {ergonomic}
   size_t MinHeapDeltaBytes                        = 1048576                                   {product} {ergonomic}
    uintx NonNMethodCodeHeapSize                   = 5825164                                {pd product} {ergonomic}
    uintx NonProfiledCodeHeapSize                  = 122916538                              {pd product} {ergonomic}
    uintx ProfiledCodeHeapSize                     = 122916538                              {pd product} {ergonomic}
    uintx ReservedCodeCacheSize                    = 251658240                              {pd product} {ergonomic}
     bool SegmentedCodeCache                       = true                                      {product} {ergonomic}
     bool UseCompressedClassPointers               = true                                 {lp64_product} {ergonomic}
     bool UseCompressedOops                        = true                                 {lp64_product} {ergonomic}
     bool UseG1GC                                  = true                                      {product} {ergonomic}
     bool UseLargePagesIndividualAllocation        = false                                  {pd product} {ergonomic}

Logging:
Log output configuration:
 #0: stdout all=warning uptime,level,tags
 #1: stderr all=off uptime,level,tags

Environment Variables:
PATH=C:\Program Files\Common Files\Oracle\Java\javapath;C:\Windows\system32;C:\Windows;C:\Windows\System32\Wbem;C:\Windows\System32\WindowsPowerShell\v1.0\;C:\Windows\System32\OpenSSH\;C:\Users\sfjbs\Downloads\micro service-20221021T071039Z-001\micro service\apache-maven-3.8.5-bin\apache-maven-3.8.5\bin;C:\Users\sfjbs\Downloads\micro service-20221021T071039Z-001\micro service\apache-maven-3.8.5-bin\apache-maven-3.8.5\lib;C:\Program Files\Git\cmd;C:\Program Files\Docker\Docker\resources\bin;C:\Users\sfjbs\AppData\Local\Microsoft\WindowsApps;C:\Users\sfjbs\Downloads\micro service-20221021T071039Z-001\micro service\apache-maven-3.8.5-bin\apache-maven-3.8.5\bin;C:\Users\sfjbs\Downloads\micro service-20221021T071039Z-001\micro service\apache-maven-3.8.5-bin\apache-maven-3.8.5\lib;;C:\Program Files\JetBrains\IntelliJ IDEA Community Edition 2022.2.1\bin;
USERNAME=sfjbs
OS=Windows_NT
PROCESSOR_IDENTIFIER=Intel64 Family 6 Model 85 Stepping 7, GenuineIntel



---------------  S Y S T E M  ---------------

OS: Windows 10 , 64 bit Build 19041 (10.0.19041.2251)
Hyper-V role detected

CPU:total 2 (initial active 2) (1 cores per cpu, 2 threads per core) family 6 model 85 stepping 7 microcode 0xffffffff, cmov, cx8, fxsr, mmx, sse, sse2, sse3, ssse3, sse4.1, sse4.2, popcnt, avx, avx2, aes, clmul, erms, rtm, 3dnowpref, lzcnt, ht, tsc, bmi1, bmi2, adx, evex, fma

Memory: 4k page, system-wide physical 8190M (433M free)
TotalPageFile size 10238M (AvailPageFile size 3M)
current process WorkingSet (physical memory assigned to process): 201M, peak: 201M
current process commit charge ("private bytes"): 301M, peak: 301M

vm_info: Java HotSpot(TM) 64-Bit Server VM (11.0.16+11-LTS-199) for windows-amd64 JRE (11.0.16+11-LTS-199), built on Jun 28 2022 08:23:17 by "mach5one" with MS VC++ 15.9 (VS2017)

END.
