#
# There is insufficient memory for the Java Runtime Environment to continue.
# Native memory allocation (malloc) failed to allocate 1484656 bytes for Chunk::new
# Possible reasons:
#   The system is out of physical RAM or swap space
#   The process is running with CompressedOops enabled, and the Java Heap may be blocking the growth of the native heap
# Possible solutions:
#   Reduce memory load on the system
#   Increase physical memory or swap space
#   Check if swap backing store is full
#   Decrease Java heap size (-Xmx/-Xms)
#   Decrease number of Java threads
#   Decrease Java thread stack sizes (-Xss)
#   Set larger code cache with -XX:ReservedCodeCacheSize=
#   JVM is running with Unscaled Compressed Oops mode in which the Java heap is
#     placed in the first 4GB address space. The Java Heap base address is the
#     maximum limit for the native heap growth. Please use -XX:HeapBaseMinAddress
#     to set the Java Heap base and to place the Java Heap above 4GB virtual address.
# This output file may be truncated or incomplete.
#
#  Out of Memory Error (./open/src/hotspot/share/memory/arena.cpp:197), pid=1332, tid=8144
#
# JRE version: Java(TM) SE Runtime Environment 18.9 (11.0.16+11) (build 11.0.16+11-LTS-199)
# Java VM: Java HotSpot(TM) 64-Bit Server VM 18.9 (11.0.16+11-LTS-199, mixed mode, tiered, compressed oops, g1 gc, windows-amd64)
# No core dump will be written. Minidumps are not enabled by default on client versions of Windows
#

---------------  S U M M A R Y ------------

Command Line: -ea -javaagent:C:\Users\sfjbs\AppData\Local\JetBrains\IdeaIC2022.2\testAgent\intellij-coverage-agent-1.0.673.jar=C:\Users\sfjbs\AppData\Local\Temp\coverage8args -Didea.new.sampling.coverage=true -Dcoverage.ignore.private.constructor.util.class=true -Didea.test.cyclic.buffer.size=1048576 -javaagent:C:\Program Files\JetBrains\IntelliJ IDEA Community Edition 2022.2.1\lib\idea_rt.jar=54059:C:\Program Files\JetBrains\IntelliJ IDEA Community Edition 2022.2.1\bin -Dfile.encoding=UTF-8 com.intellij.rt.junit.JUnitStarter -ideVersion5 -junit5 com.example.Pension.Managment.System.PensionManagmentSystemApplicationTests

Host: Intel(R) Xeon(R) Platinum 8272CL CPU @ 2.60GHz, 2 cores, 7G,  Windows 10 , 64 bit Build 19041 (10.0.19041.2251)
Time: Fri Nov 18 07:09:10 2022 Coordinated Universal Time elapsed time: 7.970213 seconds (0d 0h 0m 7s)

---------------  T H R E A D  ---------------

Current thread (0x000001b16bee4800):  JavaThread "C2 CompilerThread0" daemon [_thread_in_native, id=8144, stack(0x0000001f19700000,0x0000001f19800000)]


Current CompileTask:
C2:   7970 3377       4       org.springframework.beans.factory.support.AbstractBeanFactory::isTypeMatch (607 bytes)

Stack: [0x0000001f19700000,0x0000001f19800000]
Native frames: (J=compiled Java code, j=interpreted, Vv=VM code, C=native code)
V  [jvm.dll+0x62a3ea]
V  [jvm.dll+0x76418f]
V  [jvm.dll+0x765839]
V  [jvm.dll+0x765ec3]
V  [jvm.dll+0x23da98]
V  [jvm.dll+0xb2a1c]
V  [jvm.dll+0xb2fdc]
V  [jvm.dll+0x341442]
V  [jvm.dll+0x30ec83]
V  [jvm.dll+0x30dfca]
V  [jvm.dll+0x1f84a5]
V  [jvm.dll+0x1f768d]
V  [jvm.dll+0x177c81]
V  [jvm.dll+0x207006]
V  [jvm.dll+0x20519b]
V  [jvm.dll+0x729fa0]
V  [jvm.dll+0x722b74]
V  [jvm.dll+0x629286]
C  [ucrtbase.dll+0x21bb2]
C  [KERNEL32.DLL+0x174b4]
C  [ntdll.dll+0x526a1]


---------------  P R O C E S S  ---------------

Threads class SMR info:
_java_thread_list=0x000001b16f0ead60, length=11, elements={
0x000001b14ea68800, 0x000001b16bed1800, 0x000001b16bed3000, 0x000001b16becd800,
0x000001b16c752800, 0x000001b16c753800, 0x000001b16bee4800, 0x000001b16bee6800,
0x000001b16bee9000, 0x000001b16be5a000, 0x000001b16caa5000
}

Java Threads: ( => current thread )
  0x000001b14ea68800 JavaThread "main" [_thread_in_Java, id=9112, stack(0x0000001f18a00000,0x0000001f18b00000)]
  0x000001b16bed1800 JavaThread "Reference Handler" daemon [_thread_blocked, id=6076, stack(0x0000001f19200000,0x0000001f19300000)]
  0x000001b16bed3000 JavaThread "Finalizer" daemon [_thread_blocked, id=10608, stack(0x0000001f19300000,0x0000001f19400000)]
  0x000001b16becd800 JavaThread "Signal Dispatcher" daemon [_thread_blocked, id=1680, stack(0x0000001f19400000,0x0000001f19500000)]
  0x000001b16c752800 JavaThread "Attach Listener" daemon [_thread_blocked, id=5040, stack(0x0000001f19500000,0x0000001f19600000)]
  0x000001b16c753800 JavaThread "Service Thread" daemon [_thread_blocked, id=8268, stack(0x0000001f19600000,0x0000001f19700000)]
=>0x000001b16bee4800 JavaThread "C2 CompilerThread0" daemon [_thread_in_native, id=8144, stack(0x0000001f19700000,0x0000001f19800000)]
  0x000001b16bee6800 JavaThread "C1 CompilerThread0" daemon [_thread_blocked, id=4400, stack(0x0000001f19800000,0x0000001f19900000)]
  0x000001b16bee9000 JavaThread "Sweeper thread" daemon [_thread_blocked, id=6620, stack(0x0000001f19900000,0x0000001f19a00000)]
  0x000001b16be5a000 JavaThread "Common-Cleaner" daemon [_thread_blocked, id=8016, stack(0x0000001f19a00000,0x0000001f19b00000)]
  0x000001b16caa5000 JavaThread "Monitor Ctrl-Break" daemon [_thread_in_native, id=11724, stack(0x0000001f19b00000,0x0000001f19c00000)]

Other Threads:
  0x000001b16bebe000 VMThread "VM Thread" [stack: 0x0000001f19100000,0x0000001f19200000] [id=10492]
  0x000001b16caaa000 WatcherThread [stack: 0x0000001f19c00000,0x0000001f19d00000] [id=7792]
  0x000001b14ea7d800 GCTaskThread "GC Thread#0" [stack: 0x0000001f18c00000,0x0000001f18d00000] [id=6052]
  0x000001b16cc77000 GCTaskThread "GC Thread#1" [stack: 0x0000001f19d00000,0x0000001f19e00000] [id=5800]
  0x000001b14eaaf800 ConcurrentGCThread "G1 Main Marker" [stack: 0x0000001f18d00000,0x0000001f18e00000] [id=6256]
  0x000001b14eab2000 ConcurrentGCThread "G1 Conc#0" [stack: 0x0000001f18e00000,0x0000001f18f00000] [id=4920]
  0x000001b14eb39800 ConcurrentGCThread "G1 Refine#0" [stack: 0x0000001f18f00000,0x0000001f19000000] [id=3900]
  0x000001b16ca53000 ConcurrentGCThread "G1 Refine#1" [stack: 0x0000001f19e00000,0x0000001f19f00000] [id=11068]
  0x000001b14eb3a800 ConcurrentGCThread "G1 Young RemSet Sampling" [stack: 0x0000001f19000000,0x0000001f19100000] [id=12160]

Threads with active compile tasks:
C2 CompilerThread0     8003 3377       4       org.springframework.beans.factory.support.AbstractBeanFactory::isTypeMatch (607 bytes)

VM state:not at safepoint (normal execution)

VM Mutex/Monitor currently owned by a thread: None

Heap address: 0x0000000080000000, size: 2048 MB, Compressed Oops mode: 32-bit
Narrow klass base: 0x0000000000000000, Narrow klass shift: 3
Compressed class space size: 1073741824 Address: 0x0000000100000000

Heap:
 garbage-first heap   total 157696K, used 32220K [0x0000000080000000, 0x0000000100000000)
  region size 1024K, 25 young (25600K), 8 survivors (8192K)
 Metaspace       used 35707K, capacity 36913K, committed 37040K, reserved 1081344K
  class space    used 4284K, capacity 4754K, committed 4784K, reserved 1048576K
Heap Regions: E=young(eden), S=young(survivor), O=old, HS=humongous(starts), HC=humongous(continues), CS=collection set, F=free, A=archive, TAMS=top-at-mark-start (previous, next)
|   0|0x0000000080000000, 0x0000000080100000, 0x0000000080100000|100%| O|  |TAMS 0x0000000080100000, 0x0000000080000000| Untracked 
|   1|0x0000000080100000, 0x0000000080200000, 0x0000000080200000|100%| O|  |TAMS 0x0000000080200000, 0x0000000080100000| Untracked 
|   2|0x0000000080200000, 0x0000000080300000, 0x0000000080300000|100%| O|  |TAMS 0x0000000080300000, 0x0000000080200000| Untracked 
|   3|0x0000000080300000, 0x0000000080400000, 0x0000000080400000|100%|HS|  |TAMS 0x0000000080400000, 0x0000000080300000| Complete 
|   4|0x0000000080400000, 0x0000000080500000, 0x0000000080500000|100%| O|  |TAMS 0x0000000080500000, 0x0000000080400000| Untracked 
|   5|0x0000000080500000, 0x0000000080600000, 0x0000000080600000|100%| O|  |TAMS 0x0000000080600000, 0x0000000080500000| Untracked 
|   6|0x0000000080600000, 0x0000000080700000, 0x0000000080700000|100%| O|  |TAMS 0x0000000080700000, 0x0000000080600000| Untracked 
|   7|0x0000000080700000, 0x0000000080786400, 0x0000000080800000| 52%| O|  |TAMS 0x0000000080786400, 0x0000000080700000| Untracked 
|   8|0x0000000080800000, 0x0000000080800000, 0x0000000080900000|  0%| F|  |TAMS 0x0000000080800000, 0x0000000080800000| Untracked 
|   9|0x0000000080900000, 0x0000000080900000, 0x0000000080a00000|  0%| F|  |TAMS 0x0000000080900000, 0x0000000080900000| Untracked 
|  10|0x0000000080a00000, 0x0000000080a00000, 0x0000000080b00000|  0%| F|  |TAMS 0x0000000080a00000, 0x0000000080a00000| Untracked 
|  11|0x0000000080b00000, 0x0000000080b00000, 0x0000000080c00000|  0%| F|  |TAMS 0x0000000080b00000, 0x0000000080b00000| Untracked 
|  12|0x0000000080c00000, 0x0000000080c00000, 0x0000000080d00000|  0%| F|  |TAMS 0x0000000080c00000, 0x0000000080c00000| Untracked 
|  13|0x0000000080d00000, 0x0000000080d00000, 0x0000000080e00000|  0%| F|  |TAMS 0x0000000080d00000, 0x0000000080d00000| Untracked 
|  14|0x0000000080e00000, 0x0000000080e00000, 0x0000000080f00000|  0%| F|  |TAMS 0x0000000080e00000, 0x0000000080e00000| Untracked 
|  15|0x0000000080f00000, 0x0000000080f00000, 0x0000000081000000|  0%| F|  |TAMS 0x0000000080f00000, 0x0000000080f00000| Untracked 
|  16|0x0000000081000000, 0x0000000081000000, 0x0000000081100000|  0%| F|  |TAMS 0x0000000081000000, 0x0000000081000000| Untracked 
|  17|0x0000000081100000, 0x0000000081100000, 0x0000000081200000|  0%| F|  |TAMS 0x0000000081100000, 0x0000000081100000| Untracked 
|  18|0x0000000081200000, 0x0000000081200000, 0x0000000081300000|  0%| F|  |TAMS 0x0000000081200000, 0x0000000081200000| Untracked 
|  19|0x0000000081300000, 0x0000000081300000, 0x0000000081400000|  0%| F|  |TAMS 0x0000000081300000, 0x0000000081300000| Untracked 
|  20|0x0000000081400000, 0x0000000081400000, 0x0000000081500000|  0%| F|  |TAMS 0x0000000081400000, 0x0000000081400000| Untracked 
|  21|0x0000000081500000, 0x0000000081500000, 0x0000000081600000|  0%| F|  |TAMS 0x0000000081500000, 0x0000000081500000| Untracked 
|  22|0x0000000081600000, 0x0000000081600000, 0x0000000081700000|  0%| F|  |TAMS 0x0000000081600000, 0x0000000081600000| Untracked 
|  23|0x0000000081700000, 0x0000000081700000, 0x0000000081800000|  0%| F|  |TAMS 0x0000000081700000, 0x0000000081700000| Untracked 
|  24|0x0000000081800000, 0x0000000081800000, 0x0000000081900000|  0%| F|  |TAMS 0x0000000081800000, 0x0000000081800000| Untracked 
|  25|0x0000000081900000, 0x0000000081900000, 0x0000000081a00000|  0%| F|  |TAMS 0x0000000081900000, 0x0000000081900000| Untracked 
|  26|0x0000000081a00000, 0x0000000081a00000, 0x0000000081b00000|  0%| F|  |TAMS 0x0000000081a00000, 0x0000000081a00000| Untracked 
|  27|0x0000000081b00000, 0x0000000081b00000, 0x0000000081c00000|  0%| F|  |TAMS 0x0000000081b00000, 0x0000000081b00000| Untracked 
|  28|0x0000000081c00000, 0x0000000081c00000, 0x0000000081d00000|  0%| F|  |TAMS 0x0000000081c00000, 0x0000000081c00000| Untracked 
|  29|0x0000000081d00000, 0x0000000081d00000, 0x0000000081e00000|  0%| F|  |TAMS 0x0000000081d00000, 0x0000000081d00000| Untracked 
|  30|0x0000000081e00000, 0x0000000081e00000, 0x0000000081f00000|  0%| F|  |TAMS 0x0000000081e00000, 0x0000000081e00000| Untracked 
|  31|0x0000000081f00000, 0x0000000081f00000, 0x0000000082000000|  0%| F|  |TAMS 0x0000000081f00000, 0x0000000081f00000| Untracked 
|  32|0x0000000082000000, 0x0000000082000000, 0x0000000082100000|  0%| F|  |TAMS 0x0000000082000000, 0x0000000082000000| Untracked 
|  33|0x0000000082100000, 0x0000000082100000, 0x0000000082200000|  0%| F|  |TAMS 0x0000000082100000, 0x0000000082100000| Untracked 
|  34|0x0000000082200000, 0x0000000082200000, 0x0000000082300000|  0%| F|  |TAMS 0x0000000082200000, 0x0000000082200000| Untracked 
|  35|0x0000000082300000, 0x0000000082300000, 0x0000000082400000|  0%| F|  |TAMS 0x0000000082300000, 0x0000000082300000| Untracked 
|  36|0x0000000082400000, 0x0000000082400000, 0x0000000082500000|  0%| F|  |TAMS 0x0000000082400000, 0x0000000082400000| Untracked 
|  37|0x0000000082500000, 0x0000000082500000, 0x0000000082600000|  0%| F|  |TAMS 0x0000000082500000, 0x0000000082500000| Untracked 
|  38|0x0000000082600000, 0x0000000082600000, 0x0000000082700000|  0%| F|  |TAMS 0x0000000082600000, 0x0000000082600000| Untracked 
|  39|0x0000000082700000, 0x0000000082700000, 0x0000000082800000|  0%| F|  |TAMS 0x0000000082700000, 0x0000000082700000| Untracked 
|  40|0x0000000082800000, 0x0000000082800000, 0x0000000082900000|  0%| F|  |TAMS 0x0000000082800000, 0x0000000082800000| Untracked 
|  41|0x0000000082900000, 0x0000000082900000, 0x0000000082a00000|  0%| F|  |TAMS 0x0000000082900000, 0x0000000082900000| Untracked 
|  42|0x0000000082a00000, 0x0000000082a00000, 0x0000000082b00000|  0%| F|  |TAMS 0x0000000082a00000, 0x0000000082a00000| Untracked 
|  43|0x0000000082b00000, 0x0000000082b00000, 0x0000000082c00000|  0%| F|  |TAMS 0x0000000082b00000, 0x0000000082b00000| Untracked 
|  44|0x0000000082c00000, 0x0000000082c00000, 0x0000000082d00000|  0%| F|  |TAMS 0x0000000082c00000, 0x0000000082c00000| Untracked 
|  45|0x0000000082d00000, 0x0000000082d00000, 0x0000000082e00000|  0%| F|  |TAMS 0x0000000082d00000, 0x0000000082d00000| Untracked 
|  46|0x0000000082e00000, 0x0000000082e00000, 0x0000000082f00000|  0%| F|  |TAMS 0x0000000082e00000, 0x0000000082e00000| Untracked 
|  47|0x0000000082f00000, 0x0000000082f00000, 0x0000000083000000|  0%| F|  |TAMS 0x0000000082f00000, 0x0000000082f00000| Untracked 
|  48|0x0000000083000000, 0x0000000083000000, 0x0000000083100000|  0%| F|  |TAMS 0x0000000083000000, 0x0000000083000000| Untracked 
|  49|0x0000000083100000, 0x0000000083100000, 0x0000000083200000|  0%| F|  |TAMS 0x0000000083100000, 0x0000000083100000| Untracked 
|  50|0x0000000083200000, 0x0000000083200000, 0x0000000083300000|  0%| F|  |TAMS 0x0000000083200000, 0x0000000083200000| Untracked 
|  51|0x0000000083300000, 0x0000000083300000, 0x0000000083400000|  0%| F|  |TAMS 0x0000000083300000, 0x0000000083300000| Untracked 
|  52|0x0000000083400000, 0x0000000083400000, 0x0000000083500000|  0%| F|  |TAMS 0x0000000083400000, 0x0000000083400000| Untracked 
|  53|0x0000000083500000, 0x0000000083500000, 0x0000000083600000|  0%| F|  |TAMS 0x0000000083500000, 0x0000000083500000| Untracked 
|  54|0x0000000083600000, 0x0000000083600000, 0x0000000083700000|  0%| F|  |TAMS 0x0000000083600000, 0x0000000083600000| Untracked 
|  55|0x0000000083700000, 0x0000000083700000, 0x0000000083800000|  0%| F|  |TAMS 0x0000000083700000, 0x0000000083700000| Untracked 
|  56|0x0000000083800000, 0x0000000083800000, 0x0000000083900000|  0%| F|  |TAMS 0x0000000083800000, 0x0000000083800000| Untracked 
|  57|0x0000000083900000, 0x0000000083900000, 0x0000000083a00000|  0%| F|  |TAMS 0x0000000083900000, 0x0000000083900000| Untracked 
|  58|0x0000000083a00000, 0x0000000083a00000, 0x0000000083b00000|  0%| F|  |TAMS 0x0000000083a00000, 0x0000000083a00000| Untracked 
|  59|0x0000000083b00000, 0x0000000083b00000, 0x0000000083c00000|  0%| F|  |TAMS 0x0000000083b00000, 0x0000000083b00000| Untracked 
|  60|0x0000000083c00000, 0x0000000083c00000, 0x0000000083d00000|  0%| F|  |TAMS 0x0000000083c00000, 0x0000000083c00000| Untracked 
|  61|0x0000000083d00000, 0x0000000083d00000, 0x0000000083e00000|  0%| F|  |TAMS 0x0000000083d00000, 0x0000000083d00000| Untracked 
|  62|0x0000000083e00000, 0x0000000083e00000, 0x0000000083f00000|  0%| F|  |TAMS 0x0000000083e00000, 0x0000000083e00000| Untracked 
|  63|0x0000000083f00000, 0x0000000083f00000, 0x0000000084000000|  0%| F|  |TAMS 0x0000000083f00000, 0x0000000083f00000| Untracked 
|  64|0x0000000084000000, 0x0000000084000000, 0x0000000084100000|  0%| F|  |TAMS 0x0000000084000000, 0x0000000084000000| Untracked 
|  65|0x0000000084100000, 0x0000000084100000, 0x0000000084200000|  0%| F|  |TAMS 0x0000000084100000, 0x0000000084100000| Untracked 
|  66|0x0000000084200000, 0x0000000084200000, 0x0000000084300000|  0%| F|  |TAMS 0x0000000084200000, 0x0000000084200000| Untracked 
|  67|0x0000000084300000, 0x0000000084300000, 0x0000000084400000|  0%| F|  |TAMS 0x0000000084300000, 0x0000000084300000| Untracked 
|  68|0x0000000084400000, 0x0000000084400000, 0x0000000084500000|  0%| F|  |TAMS 0x0000000084400000, 0x0000000084400000| Untracked 
|  69|0x0000000084500000, 0x0000000084500000, 0x0000000084600000|  0%| F|  |TAMS 0x0000000084500000, 0x0000000084500000| Untracked 
|  70|0x0000000084600000, 0x0000000084600000, 0x0000000084700000|  0%| F|  |TAMS 0x0000000084600000, 0x0000000084600000| Untracked 
|  71|0x0000000084700000, 0x0000000084700000, 0x0000000084800000|  0%| F|  |TAMS 0x0000000084700000, 0x0000000084700000| Untracked 
|  72|0x0000000084800000, 0x0000000084800000, 0x0000000084900000|  0%| F|  |TAMS 0x0000000084800000, 0x0000000084800000| Untracked 
|  73|0x0000000084900000, 0x0000000084900000, 0x0000000084a00000|  0%| F|  |TAMS 0x0000000084900000, 0x0000000084900000| Untracked 
|  74|0x0000000084a00000, 0x0000000084a00000, 0x0000000084b00000|  0%| F|  |TAMS 0x0000000084a00000, 0x0000000084a00000| Untracked 
|  75|0x0000000084b00000, 0x0000000084b00000, 0x0000000084c00000|  0%| F|  |TAMS 0x0000000084b00000, 0x0000000084b00000| Untracked 
|  76|0x0000000084c00000, 0x0000000084c00000, 0x0000000084d00000|  0%| F|  |TAMS 0x0000000084c00000, 0x0000000084c00000| Untracked 
|  77|0x0000000084d00000, 0x0000000084d00000, 0x0000000084e00000|  0%| F|  |TAMS 0x0000000084d00000, 0x0000000084d00000| Untracked 
|  78|0x0000000084e00000, 0x0000000084e00000, 0x0000000084f00000|  0%| F|  |TAMS 0x0000000084e00000, 0x0000000084e00000| Untracked 
|  79|0x0000000084f00000, 0x0000000084f00000, 0x0000000085000000|  0%| F|  |TAMS 0x0000000084f00000, 0x0000000084f00000| Untracked 
|  80|0x0000000085000000, 0x0000000085000000, 0x0000000085100000|  0%| F|  |TAMS 0x0000000085000000, 0x0000000085000000| Untracked 
|  81|0x0000000085100000, 0x0000000085100000, 0x0000000085200000|  0%| F|  |TAMS 0x0000000085100000, 0x0000000085100000| Untracked 
|  82|0x0000000085200000, 0x0000000085200000, 0x0000000085300000|  0%| F|  |TAMS 0x0000000085200000, 0x0000000085200000| Untracked 
|  83|0x0000000085300000, 0x0000000085300000, 0x0000000085400000|  0%| F|  |TAMS 0x0000000085300000, 0x0000000085300000| Untracked 
|  84|0x0000000085400000, 0x0000000085400000, 0x0000000085500000|  0%| F|  |TAMS 0x0000000085400000, 0x0000000085400000| Untracked 
|  85|0x0000000085500000, 0x0000000085500000, 0x0000000085600000|  0%| F|  |TAMS 0x0000000085500000, 0x0000000085500000| Untracked 
|  86|0x0000000085600000, 0x0000000085600000, 0x0000000085700000|  0%| F|  |TAMS 0x0000000085600000, 0x0000000085600000| Untracked 
|  87|0x0000000085700000, 0x0000000085700000, 0x0000000085800000|  0%| F|  |TAMS 0x0000000085700000, 0x0000000085700000| Untracked 
|  88|0x0000000085800000, 0x0000000085800000, 0x0000000085900000|  0%| F|  |TAMS 0x0000000085800000, 0x0000000085800000| Untracked 
|  89|0x0000000085900000, 0x0000000085900000, 0x0000000085a00000|  0%| F|  |TAMS 0x0000000085900000, 0x0000000085900000| Untracked 
|  90|0x0000000085a00000, 0x0000000085a00000, 0x0000000085b00000|  0%| F|  |TAMS 0x0000000085a00000, 0x0000000085a00000| Untracked 
|  91|0x0000000085b00000, 0x0000000085b00000, 0x0000000085c00000|  0%| F|  |TAMS 0x0000000085b00000, 0x0000000085b00000| Untracked 
|  92|0x0000000085c00000, 0x0000000085c00000, 0x0000000085d00000|  0%| F|  |TAMS 0x0000000085c00000, 0x0000000085c00000| Untracked 
|  93|0x0000000085d00000, 0x0000000085d00000, 0x0000000085e00000|  0%| F|  |TAMS 0x0000000085d00000, 0x0000000085d00000| Untracked 
|  94|0x0000000085e00000, 0x0000000085e00000, 0x0000000085f00000|  0%| F|  |TAMS 0x0000000085e00000, 0x0000000085e00000| Untracked 
|  95|0x0000000085f00000, 0x0000000085f00000, 0x0000000086000000|  0%| F|  |TAMS 0x0000000085f00000, 0x0000000085f00000| Untracked 
|  96|0x0000000086000000, 0x0000000086000000, 0x0000000086100000|  0%| F|  |TAMS 0x0000000086000000, 0x0000000086000000| Untracked 
|  97|0x0000000086100000, 0x0000000086100000, 0x0000000086200000|  0%| F|  |TAMS 0x0000000086100000, 0x0000000086100000| Untracked 
|  98|0x0000000086200000, 0x0000000086200000, 0x0000000086300000|  0%| F|  |TAMS 0x0000000086200000, 0x0000000086200000| Untracked 
|  99|0x0000000086300000, 0x0000000086300000, 0x0000000086400000|  0%| F|  |TAMS 0x0000000086300000, 0x0000000086300000| Untracked 
| 100|0x0000000086400000, 0x0000000086400000, 0x0000000086500000|  0%| F|  |TAMS 0x0000000086400000, 0x0000000086400000| Untracked 
| 101|0x0000000086500000, 0x0000000086500000, 0x0000000086600000|  0%| F|  |TAMS 0x0000000086500000, 0x0000000086500000| Untracked 
| 102|0x0000000086600000, 0x0000000086600000, 0x0000000086700000|  0%| F|  |TAMS 0x0000000086600000, 0x0000000086600000| Untracked 
| 103|0x0000000086700000, 0x0000000086700000, 0x0000000086800000|  0%| F|  |TAMS 0x0000000086700000, 0x0000000086700000| Untracked 
| 104|0x0000000086800000, 0x0000000086800000, 0x0000000086900000|  0%| F|  |TAMS 0x0000000086800000, 0x0000000086800000| Untracked 
| 105|0x0000000086900000, 0x0000000086900000, 0x0000000086a00000|  0%| F|  |TAMS 0x0000000086900000, 0x0000000086900000| Untracked 
| 106|0x0000000086a00000, 0x0000000086a00000, 0x0000000086b00000|  0%| F|  |TAMS 0x0000000086a00000, 0x0000000086a00000| Untracked 
| 107|0x0000000086b00000, 0x0000000086b00000, 0x0000000086c00000|  0%| F|  |TAMS 0x0000000086b00000, 0x0000000086b00000| Untracked 
| 108|0x0000000086c00000, 0x0000000086c00000, 0x0000000086d00000|  0%| F|  |TAMS 0x0000000086c00000, 0x0000000086c00000| Untracked 
| 109|0x0000000086d00000, 0x0000000086df0e90, 0x0000000086e00000| 94%| S|CS|TAMS 0x0000000086d00000, 0x0000000086d00000| Complete 
| 110|0x0000000086e00000, 0x0000000086f00000, 0x0000000086f00000|100%| S|CS|TAMS 0x0000000086e00000, 0x0000000086e00000| Complete 
| 111|0x0000000086f00000, 0x0000000087000000, 0x0000000087000000|100%| S|CS|TAMS 0x0000000086f00000, 0x0000000086f00000| Complete 
| 112|0x0000000087000000, 0x0000000087100000, 0x0000000087100000|100%| S|CS|TAMS 0x0000000087000000, 0x0000000087000000| Complete 
| 113|0x0000000087100000, 0x0000000087200000, 0x0000000087200000|100%| S|CS|TAMS 0x0000000087100000, 0x0000000087100000| Complete 
| 114|0x0000000087200000, 0x0000000087300000, 0x0000000087300000|100%| S|CS|TAMS 0x0000000087200000, 0x0000000087200000| Complete 
| 115|0x0000000087300000, 0x0000000087400000, 0x0000000087400000|100%| S|CS|TAMS 0x0000000087300000, 0x0000000087300000| Complete 
| 116|0x0000000087400000, 0x0000000087500000, 0x0000000087500000|100%| S|CS|TAMS 0x0000000087400000, 0x0000000087400000| Complete 
| 117|0x0000000087500000, 0x0000000087500000, 0x0000000087600000|  0%| F|  |TAMS 0x0000000087500000, 0x0000000087500000| Untracked 
| 118|0x0000000087600000, 0x0000000087600000, 0x0000000087700000|  0%| F|  |TAMS 0x0000000087600000, 0x0000000087600000| Untracked 
| 119|0x0000000087700000, 0x0000000087700000, 0x0000000087800000|  0%| F|  |TAMS 0x0000000087700000, 0x0000000087700000| Untracked 
| 120|0x0000000087800000, 0x0000000087800000, 0x0000000087900000|  0%| F|  |TAMS 0x0000000087800000, 0x0000000087800000| Untracked 
| 121|0x0000000087900000, 0x0000000087900000, 0x0000000087a00000|  0%| F|  |TAMS 0x0000000087900000, 0x0000000087900000| Untracked 
| 122|0x0000000087a00000, 0x0000000087a00000, 0x0000000087b00000|  0%| F|  |TAMS 0x0000000087a00000, 0x0000000087a00000| Untracked 
| 123|0x0000000087b00000, 0x0000000087b00000, 0x0000000087c00000|  0%| F|  |TAMS 0x0000000087b00000, 0x0000000087b00000| Untracked 
| 124|0x0000000087c00000, 0x0000000087c00000, 0x0000000087d00000|  0%| F|  |TAMS 0x0000000087c00000, 0x0000000087c00000| Untracked 
| 125|0x0000000087d00000, 0x0000000087d00000, 0x0000000087e00000|  0%| F|  |TAMS 0x0000000087d00000, 0x0000000087d00000| Untracked 
| 126|0x0000000087e00000, 0x0000000087e00000, 0x0000000087f00000|  0%| F|  |TAMS 0x0000000087e00000, 0x0000000087e00000| Untracked 
| 127|0x0000000087f00000, 0x0000000087f00000, 0x0000000088000000|  0%| F|  |TAMS 0x0000000087f00000, 0x0000000087f00000| Untracked 
| 128|0x0000000088000000, 0x0000000088000000, 0x0000000088100000|  0%| F|  |TAMS 0x0000000088000000, 0x0000000088000000| Untracked 
| 129|0x0000000088100000, 0x0000000088100000, 0x0000000088200000|  0%| F|  |TAMS 0x0000000088100000, 0x0000000088100000| Untracked 
| 130|0x0000000088200000, 0x0000000088200000, 0x0000000088300000|  0%| F|  |TAMS 0x0000000088200000, 0x0000000088200000| Untracked 
| 131|0x0000000088300000, 0x0000000088300000, 0x0000000088400000|  0%| F|  |TAMS 0x0000000088300000, 0x0000000088300000| Untracked 
| 132|0x0000000088400000, 0x0000000088400000, 0x0000000088500000|  0%| F|  |TAMS 0x0000000088400000, 0x0000000088400000| Untracked 
| 133|0x0000000088500000, 0x0000000088500000, 0x0000000088600000|  0%| F|  |TAMS 0x0000000088500000, 0x0000000088500000| Untracked 
| 134|0x0000000088600000, 0x0000000088600000, 0x0000000088700000|  0%| F|  |TAMS 0x0000000088600000, 0x0000000088600000| Untracked 
| 135|0x0000000088700000, 0x0000000088700000, 0x0000000088800000|  0%| F|  |TAMS 0x0000000088700000, 0x0000000088700000| Untracked 
| 136|0x0000000088800000, 0x0000000088800000, 0x0000000088900000|  0%| F|  |TAMS 0x0000000088800000, 0x0000000088800000| Untracked 
| 137|0x0000000088900000, 0x0000000088980c10, 0x0000000088a00000| 50%| E|  |TAMS 0x0000000088900000, 0x0000000088900000| Complete 
| 138|0x0000000088a00000, 0x0000000088b00000, 0x0000000088b00000|100%| E|CS|TAMS 0x0000000088a00000, 0x0000000088a00000| Complete 
| 139|0x0000000088b00000, 0x0000000088c00000, 0x0000000088c00000|100%| E|CS|TAMS 0x0000000088b00000, 0x0000000088b00000| Complete 
| 140|0x0000000088c00000, 0x0000000088d00000, 0x0000000088d00000|100%| E|CS|TAMS 0x0000000088c00000, 0x0000000088c00000| Complete 
| 141|0x0000000088d00000, 0x0000000088e00000, 0x0000000088e00000|100%| E|CS|TAMS 0x0000000088d00000, 0x0000000088d00000| Complete 
| 142|0x0000000088e00000, 0x0000000088f00000, 0x0000000088f00000|100%| E|CS|TAMS 0x0000000088e00000, 0x0000000088e00000| Complete 
| 143|0x0000000088f00000, 0x0000000089000000, 0x0000000089000000|100%| E|CS|TAMS 0x0000000088f00000, 0x0000000088f00000| Complete 
| 144|0x0000000089000000, 0x0000000089100000, 0x0000000089100000|100%| E|CS|TAMS 0x0000000089000000, 0x0000000089000000| Complete 
| 145|0x0000000089100000, 0x0000000089200000, 0x0000000089200000|100%| E|CS|TAMS 0x0000000089100000, 0x0000000089100000| Complete 
| 146|0x0000000089200000, 0x0000000089300000, 0x0000000089300000|100%| E|CS|TAMS 0x0000000089200000, 0x0000000089200000| Complete 
| 147|0x0000000089300000, 0x0000000089400000, 0x0000000089400000|100%| E|CS|TAMS 0x0000000089300000, 0x0000000089300000| Complete 
| 148|0x0000000089400000, 0x0000000089500000, 0x0000000089500000|100%| E|CS|TAMS 0x0000000089400000, 0x0000000089400000| Complete 
| 149|0x0000000089500000, 0x0000000089600000, 0x0000000089600000|100%| E|CS|TAMS 0x0000000089500000, 0x0000000089500000| Complete 
| 150|0x0000000089600000, 0x0000000089700000, 0x0000000089700000|100%| E|CS|TAMS 0x0000000089600000, 0x0000000089600000| Complete 
| 151|0x0000000089700000, 0x0000000089800000, 0x0000000089800000|100%| E|CS|TAMS 0x0000000089700000, 0x0000000089700000| Complete 
| 152|0x0000000089800000, 0x0000000089900000, 0x0000000089900000|100%| E|CS|TAMS 0x0000000089800000, 0x0000000089800000| Complete 
| 153|0x0000000089900000, 0x0000000089a00000, 0x0000000089a00000|100%| E|CS|TAMS 0x0000000089900000, 0x0000000089900000| Complete 

Card table byte_map: [0x000001b165510000,0x000001b165910000] _byte_map_base: 0x000001b165110000

Marking Bits (Prev, Next): (CMBitMap*) 0x000001b14ea873e8, (CMBitMap*) 0x000001b14ea87420
 Prev Bits: [0x000001b165d10000, 0x000001b167d10000)
 Next Bits: [0x000001b167d10000, 0x000001b169d10000)

Polling page: 0x000001b14e240000

Metaspace:

Usage:
  Non-class:     31.41 MB capacity,    30.69 MB ( 98%) used,   599.41 KB (  2%) free+waste,   136.25 KB ( <1%) overhead. 
      Class:      4.64 MB capacity,     4.18 MB ( 90%) used,   400.63 KB (  8%) free+waste,    69.06 KB (  1%) overhead. 
       Both:     36.05 MB capacity,    34.87 MB ( 97%) used,  1000.04 KB (  3%) free+waste,   205.31 KB ( <1%) overhead. 

Virtual space:
  Non-class space:       32.00 MB reserved,      31.50 MB ( 98%) committed 
      Class space:        1.00 GB reserved,       4.67 MB ( <1%) committed 
             Both:        1.03 GB reserved,      36.17 MB (  3%) committed 

Chunk freelists:
   Non-Class:  4.13 KB
       Class:  1.75 KB
        Both:  5.88 KB

CodeHeap 'non-profiled nmethods': size=120064Kb used=1519Kb max_used=1519Kb free=118544Kb
 bounds [0x000001b15dbd0000, 0x000001b15de40000, 0x000001b165110000]
CodeHeap 'profiled nmethods': size=120000Kb used=7504Kb max_used=7504Kb free=112495Kb
 bounds [0x000001b1566a0000, 0x000001b156e00000, 0x000001b15dbd0000]
CodeHeap 'non-nmethods': size=5696Kb used=1143Kb max_used=1191Kb free=4552Kb
 bounds [0x000001b156110000, 0x000001b156380000, 0x000001b1566a0000]
 total_blobs=3863 nmethods=3406 adapters=368
 compilation: enabled
              stopped_count=0, restarted_count=0
 full_count=0

Compilation events (10 events):
Event: 7.954 Thread 0x000001b16bee6800 3404       3       jdk.internal.reflect.ReflectionFactory::copyField (10 bytes)
Event: 7.954 Thread 0x000001b16bee6800 nmethod 3404 0x000001b156de5510 code [0x000001b156de56e0, 0x000001b156de59e8]
Event: 7.954 Thread 0x000001b16bee6800 3405       3       java.lang.reflect.Field::<init> (44 bytes)
Event: 7.954 Thread 0x000001b16bee6800 nmethod 3405 0x000001b156de5b90 code [0x000001b156de5d40, 0x000001b156de60f8]
Event: 7.955 Thread 0x000001b16bee6800 3406       3       java.lang.reflect.Method::getGenericExceptionTypes (5 bytes)
Event: 7.959 Thread 0x000001b16bee6800 nmethod 3406 0x000001b156de6210 code [0x000001b156de64c0, 0x000001b156de7578]
Event: 7.959 Thread 0x000001b16bee6800 3407   !   3       com.sun.beans.util.Cache::removeStaleEntries (163 bytes)
Event: 7.961 Thread 0x000001b16bee6800 nmethod 3407 0x000001b156de7b10 code [0x000001b156de7d80, 0x000001b156de8f48]
Event: 7.961 Thread 0x000001b16bee6800 3408       3       java.beans.PropertyDescriptor::setPropertyType (9 bytes)
Event: 7.961 Thread 0x000001b16bee6800 nmethod 3408 0x000001b156de9710 code [0x000001b156de98e0, 0x000001b156de9c68]

GC Heap History (10 events):
Event: 1.778 GC heap before
{Heap before GC invocations=3 (full 0):
 garbage-first heap   total 131072K, used 20631K [0x0000000080000000, 0x0000000100000000)
  region size 1024K, 14 young (14336K), 2 survivors (2048K)
 Metaspace       used 12743K, capacity 13119K, committed 13312K, reserved 1060864K
  class space    used 1283K, capacity 1425K, committed 1536K, reserved 1048576K
}
Event: 1.782 GC heap after
{Heap after GC invocations=4 (full 0):
 garbage-first heap   total 131072K, used 8767K [0x0000000080000000, 0x0000000100000000)
  region size 1024K, 2 young (2048K), 2 survivors (2048K)
 Metaspace       used 12743K, capacity 13119K, committed 13312K, reserved 1060864K
  class space    used 1283K, capacity 1425K, committed 1536K, reserved 1048576K
}
Event: 2.794 GC heap before
{Heap before GC invocations=4 (full 0):
 garbage-first heap   total 131072K, used 40511K [0x0000000080000000, 0x0000000100000000)
  region size 1024K, 33 young (33792K), 2 survivors (2048K)
 Metaspace       used 17333K, capacity 17943K, committed 18048K, reserved 1064960K
  class space    used 1858K, capacity 2084K, committed 2176K, reserved 1048576K
}
Event: 2.803 GC heap after
{Heap after GC invocations=5 (full 0):
 garbage-first heap   total 157696K, used 9817K [0x0000000080000000, 0x0000000100000000)
  region size 1024K, 3 young (3072K), 3 survivors (3072K)
 Metaspace       used 17333K, capacity 17943K, committed 18048K, reserved 1064960K
  class space    used 1858K, capacity 2084K, committed 2176K, reserved 1048576K
}
Event: 3.533 GC heap before
{Heap before GC invocations=5 (full 0):
 garbage-first heap   total 157696K, used 29273K [0x0000000080000000, 0x0000000100000000)
  region size 1024K, 23 young (23552K), 3 survivors (3072K)
 Metaspace       used 20558K, capacity 21202K, committed 21296K, reserved 1069056K
  class space    used 2285K, capacity 2564K, committed 2608K, reserved 1048576K
}
Event: 3.543 GC heap after
{Heap after GC invocations=6 (full 0):
 garbage-first heap   total 157696K, used 10777K [0x0000000080000000, 0x0000000100000000)
  region size 1024K, 3 young (3072K), 3 survivors (3072K)
 Metaspace       used 20558K, capacity 21202K, committed 21296K, reserved 1069056K
  class space    used 2285K, capacity 2564K, committed 2608K, reserved 1048576K
}
Event: 6.147 GC heap before
{Heap before GC invocations=7 (full 0):
 garbage-first heap   total 157696K, used 101913K [0x0000000080000000, 0x0000000100000000)
  region size 1024K, 92 young (94208K), 3 survivors (3072K)
 Metaspace       used 31082K, capacity 32079K, committed 32304K, reserved 1077248K
  class space    used 3612K, capacity 4046K, committed 4144K, reserved 1048576K
}
Event: 6.170 GC heap after
{Heap after GC invocations=8 (full 0):
 garbage-first heap   total 157696K, used 13786K [0x0000000080000000, 0x0000000100000000)
  region size 1024K, 6 young (6144K), 6 survivors (6144K)
 Metaspace       used 31082K, capacity 32079K, committed 32304K, reserved 1077248K
  class space    used 3612K, capacity 4046K, committed 4144K, reserved 1048576K
}
Event: 7.472 GC heap before
{Heap before GC invocations=8 (full 0):
 garbage-first heap   total 157696K, used 50650K [0x0000000080000000, 0x0000000100000000)
  region size 1024K, 43 young (44032K), 6 survivors (6144K)
 Metaspace       used 34620K, capacity 35764K, committed 35888K, reserved 1081344K
  class space    used 4102K, capacity 4562K, committed 4656K, reserved 1048576K
}
Event: 7.494 GC heap after
{Heap after GC invocations=9 (full 0):
 garbage-first heap   total 157696K, used 15836K [0x0000000080000000, 0x0000000100000000)
  region size 1024K, 8 young (8192K), 8 survivors (8192K)
 Metaspace       used 34620K, capacity 35764K, committed 35888K, reserved 1081344K
  class space    used 4102K, capacity 4562K, committed 4656K, reserved 1048576K
}

Deoptimization events (10 events):
Event: 6.673 Thread 0x000001b14ea68800 Uncommon trap: reason=class_check action=maybe_recompile pc=0x000001b15dceef20 method=org.springframework.util.ConcurrentReferenceHashMap$Segment.findInChain(Lorg/springframework/util/ConcurrentReferenceHashMap$Reference;Ljava/lang/Object;I)Lorg/springfra
Event: 6.673 Thread 0x000001b14ea68800 Uncommon trap: reason=class_check action=maybe_recompile pc=0x000001b15dcf0dbc method=org.springframework.util.ConcurrentReferenceHashMap.get(Ljava/lang/Object;)Ljava/lang/Object; @ 14 c2
Event: 6.673 Thread 0x000001b14ea68800 Uncommon trap: reason=class_check action=maybe_recompile pc=0x000001b15dceef20 method=org.springframework.util.ConcurrentReferenceHashMap$Segment.findInChain(Lorg/springframework/util/ConcurrentReferenceHashMap$Reference;Ljava/lang/Object;I)Lorg/springfra
Event: 6.673 Thread 0x000001b14ea68800 Uncommon trap: reason=class_check action=maybe_recompile pc=0x000001b15dcf0dbc method=org.springframework.util.ConcurrentReferenceHashMap.get(Ljava/lang/Object;)Ljava/lang/Object; @ 14 c2
Event: 6.975 Thread 0x000001b14ea68800 Uncommon trap: reason=unstable_if action=reinterpret pc=0x000001b15dd15ff4 method=org.springframework.core.ResolvableType$1.isAssignableFrom(Ljava/lang/Class;)Z @ 15 c2
Event: 7.180 Thread 0x000001b14ea68800 Uncommon trap: reason=unstable_if action=reinterpret pc=0x000001b15dd0dc5c method=org.springframework.beans.factory.support.AbstractBeanFactory.getBeanPostProcessorCache()Lorg/springframework/beans/factory/support/AbstractBeanFactory$BeanPostProcessorCach
Event: 7.273 Thread 0x000001b14ea68800 Uncommon trap: reason=unstable_if action=reinterpret pc=0x000001b15dd111e4 method=org.springframework.beans.factory.support.AbstractBeanFactory.hasInstantiationAwareBeanPostProcessors()Z @ 12 c2
Event: 7.429 Thread 0x000001b14ea68800 Uncommon trap: reason=unstable_if action=reinterpret pc=0x000001b15dd1d2b4 method=org.springframework.util.ConcurrentReferenceHashMap$Segment.findInChain(Lorg/springframework/util/ConcurrentReferenceHashMap$Reference;Ljava/lang/Object;I)Lorg/springframewo
Event: 7.568 Thread 0x000001b14ea68800 Uncommon trap: reason=unstable_if action=reinterpret pc=0x000001b15dd2faf8 method=org.springframework.beans.factory.support.AbstractAutowireCapableBeanFactory.predictBeanType(Ljava/lang/String;Lorg/springframework/beans/factory/support/RootBeanDefinition;
Event: 7.586 Thread 0x000001b14ea68800 Uncommon trap: reason=unstable_if action=reinterpret pc=0x000001b15dd10048 method=org.springframework.beans.factory.support.DefaultSingletonBeanRegistry.getSingleton(Ljava/lang/String;Z)Ljava/lang/Object; @ 20 c2

Classes redefined (0 events):
No events

Internal exceptions (10 events):
Event: 7.863 Thread 0x000001b14ea68800 Exception <a 'java/lang/ClassNotFoundException'{0x0000000088d19af0}: org/springframework/aop/support/AbstractBeanFactoryPointcutAdvisorCustomizer> (0x0000000088d19af0) thrown at [./open/src/hotspot/share/classfile/systemDictionary.cpp, line 226]
Event: 7.869 Thread 0x000001b14ea68800 Exception <a 'java/lang/ClassNotFoundException'{0x0000000088d3b370}: org/springframework/transaction/interceptor/BeanFactoryTransactionAttributeSourceAdvisorCustomizer> (0x0000000088d3b370) thrown at [./open/src/hotspot/share/classfile/systemDictionary.cp
Event: 7.871 Thread 0x000001b14ea68800 Exception <a 'java/lang/ClassNotFoundException'{0x0000000088d59b38}: org/springframework/beans/factory/BeanFactoryAwareCustomizer> (0x0000000088d59b38) thrown at [./open/src/hotspot/share/classfile/systemDictionary.cpp, line 226]
Event: 7.872 Thread 0x000001b14ea68800 Exception <a 'java/lang/ClassNotFoundException'{0x0000000088d6e680}: org/springframework/beans/factory/AwareCustomizer> (0x0000000088d6e680) thrown at [./open/src/hotspot/share/classfile/systemDictionary.cpp, line 226]
Event: 7.872 Thread 0x000001b14ea68800 Exception <a 'java/lang/ClassNotFoundException'{0x0000000088d82128}: org/springframework/aop/PointcutAdvisorCustomizer> (0x0000000088d82128) thrown at [./open/src/hotspot/share/classfile/systemDictionary.cpp, line 226]
Event: 7.875 Thread 0x000001b14ea68800 Exception <a 'java/lang/ClassNotFoundException'{0x0000000088d95610}: org/springframework/aop/AdvisorCustomizer> (0x0000000088d95610) thrown at [./open/src/hotspot/share/classfile/systemDictionary.cpp, line 226]
Event: 7.876 Thread 0x000001b14ea68800 Exception <a 'java/lang/ClassNotFoundException'{0x0000000088da9948}: org/springframework/core/OrderedCustomizer> (0x0000000088da9948) thrown at [./open/src/hotspot/share/classfile/systemDictionary.cpp, line 226]
Event: 7.951 Thread 0x000001b14ea68800 Exception <a 'java/lang/NoSuchMethodError'{0x0000000088bce4e0}: java.lang.invoke.DirectMethodHandle$Holder.invokeSpecialIFC(Ljava/lang/Object;Ljava/lang/Object;Ljava/lang/Object;)Ljava/lang/Object;> (0x0000000088bce4e0) thrown at [./open/src/hotspot/share
Event: 7.955 Thread 0x000001b14ea68800 Exception <a 'java/lang/ClassNotFoundException'{0x0000000088a00958}: java/lang/ObjectCustomizer> (0x0000000088a00958) thrown at [./open/src/hotspot/share/classfile/systemDictionary.cpp, line 226]
Event: 7.962 Thread 0x000001b14ea68800 Exception <a 'java/lang/ClassNotFoundException'{0x0000000088a245e0}: org/springframework/data/web/config/ProjectingArgumentResolverRegistrar$ProjectingArgumentResolverBeanPostProcessorCustomizer> (0x0000000088a245e0) thrown at [./open/src/hotspot/share/cl

Events (10 events):
Event: 7.955 loading class java/lang/ObjectCustomizer done
Event: 7.955 loading class java/lang/ObjectCustomizer
Event: 7.955 loading class java/lang/ObjectCustomizer done
Event: 7.961 loading class org/springframework/data/web/config/ProjectingArgumentResolverRegistrar$ProjectingArgumentResolverBeanPostProcessorCustomizer
Event: 7.961 loading class org/springframework/data/web/config/ProjectingArgumentResolverRegistrar$ProjectingArgumentResolverBeanPostProcessorCustomizer done
Event: 7.961 loading class org/springframework/data/web/config/ProjectingArgumentResolverRegistrar$ProjectingArgumentResolverBeanPostProcessorCustomizer
Event: 7.961 loading class org/springframework/data/web/config/ProjectingArgumentResolverRegistrar$ProjectingArgumentResolverBeanPostProcessorCustomizer done
Event: 7.962 loading class org/springframework/data/web/config/ProjectingArgumentResolverRegistrar$ProjectingArgumentResolverBeanPostProcessorCustomizer
Event: 7.962 loading class org/springframework/data/web/config/ProjectingArgumentResolverRegistrar$ProjectingArgumentResolverBeanPostProcessorCustomizer done
Event: 7.962 loading class com/sun/beans/finder/MethodFinder


Dynamic libraries:
0x00007ff667da0000 - 0x00007ff667daf000 	C:\Program Files\Java\jdk-11.0.16\bin\java.exe
0x00007ffc47830000 - 0x00007ffc47a28000 	C:\Windows\SYSTEM32\ntdll.dll
0x00007ffc46330000 - 0x00007ffc463ef000 	C:\Windows\System32\KERNEL32.DLL
0x00007ffc455a0000 - 0x00007ffc45872000 	C:\Windows\System32\KERNELBASE.dll
0x00007ffc45170000 - 0x00007ffc45270000 	C:\Windows\System32\ucrtbase.dll
0x00007ffc2aa10000 - 0x00007ffc2aa28000 	C:\Program Files\Java\jdk-11.0.16\bin\jli.dll
0x00007ffc46250000 - 0x00007ffc462fe000 	C:\Windows\System32\ADVAPI32.dll
0x00007ffc45fc0000 - 0x00007ffc4605e000 	C:\Windows\System32\msvcrt.dll
0x00007ffc46e80000 - 0x00007ffc46f1c000 	C:\Windows\System32\sechost.dll
0x00007ffc47550000 - 0x00007ffc47675000 	C:\Windows\System32\RPCRT4.dll
0x00007ffc46cc0000 - 0x00007ffc46e5d000 	C:\Windows\System32\USER32.dll
0x00007ffc45140000 - 0x00007ffc45162000 	C:\Windows\System32\win32u.dll
0x00007ffc46300000 - 0x00007ffc4632b000 	C:\Windows\System32\GDI32.dll
0x00007ffc45270000 - 0x00007ffc4537f000 	C:\Windows\System32\gdi32full.dll
0x00007ffc44f30000 - 0x00007ffc44fcd000 	C:\Windows\System32\msvcp_win.dll
0x00007ffc28b90000 - 0x00007ffc28ba5000 	C:\Program Files\Java\jdk-11.0.16\bin\VCRUNTIME140.dll
0x00007ffc24700000 - 0x00007ffc2499a000 	C:\Windows\WinSxS\amd64_microsoft.windows.common-controls_6595b64144ccf1df_6.0.19041.1110_none_60b5254171f9507e\COMCTL32.dll
0x00007ffc3d150000 - 0x00007ffc3d15a000 	C:\Windows\SYSTEM32\VERSION.dll
0x00007ffc47680000 - 0x00007ffc476b2000 	C:\Windows\System32\IMM32.DLL
0x00007ffc28af0000 - 0x00007ffc28b8b000 	C:\Program Files\Java\jdk-11.0.16\bin\msvcp140.dll
0x00007ffbe3450000 - 0x00007ffbe3f68000 	C:\Program Files\Java\jdk-11.0.16\bin\server\jvm.dll
0x00007ffc47540000 - 0x00007ffc47548000 	C:\Windows\System32\PSAPI.DLL
0x00007ffc285f0000 - 0x00007ffc285f9000 	C:\Windows\SYSTEM32\WSOCK32.dll
0x00007ffc45cf0000 - 0x00007ffc45d5b000 	C:\Windows\System32\WS2_32.dll
0x00007ffc22390000 - 0x00007ffc223b7000 	C:\Windows\SYSTEM32\WINMM.dll
0x00007ffc42cf0000 - 0x00007ffc42d02000 	C:\Windows\SYSTEM32\kernel.appcore.dll
0x00007ffc28ae0000 - 0x00007ffc28af0000 	C:\Program Files\Java\jdk-11.0.16\bin\verify.dll
0x00007ffc36260000 - 0x00007ffc36444000 	C:\Windows\SYSTEM32\DBGHELP.DLL
0x00007ffc37190000 - 0x00007ffc371bc000 	C:\Windows\SYSTEM32\dbgcore.DLL
0x00007ffc454e0000 - 0x00007ffc45562000 	C:\Windows\System32\bcryptPrimitives.dll
0x00007ffc28ab0000 - 0x00007ffc28ad8000 	C:\Program Files\Java\jdk-11.0.16\bin\java.dll
0x00007ffc28aa0000 - 0x00007ffc28aaa000 	C:\Program Files\Java\jdk-11.0.16\bin\jimage.dll
0x00007ffc29220000 - 0x00007ffc2922e000 	C:\Program Files\Java\jdk-11.0.16\bin\instrument.dll
0x00007ffc28a80000 - 0x00007ffc28a96000 	C:\Program Files\Java\jdk-11.0.16\bin\zip.dll
0x00007ffc46570000 - 0x00007ffc46cb3000 	C:\Windows\System32\SHELL32.dll
0x00007ffc42fd0000 - 0x00007ffc43762000 	C:\Windows\SYSTEM32\windows.storage.dll
0x00007ffc46f20000 - 0x00007ffc47274000 	C:\Windows\System32\combase.dll
0x00007ffc447d0000 - 0x00007ffc44800000 	C:\Windows\SYSTEM32\Wldp.dll
0x00007ffc45d60000 - 0x00007ffc45e0d000 	C:\Windows\System32\SHCORE.dll
0x00007ffc46060000 - 0x00007ffc460b5000 	C:\Windows\System32\shlwapi.dll
0x00007ffc44e70000 - 0x00007ffc44e8f000 	C:\Windows\SYSTEM32\profapi.dll
0x00007ffc29180000 - 0x00007ffc29199000 	C:\Program Files\Java\jdk-11.0.16\bin\net.dll
0x00007ffc3d6e0000 - 0x00007ffc3d7ec000 	C:\Windows\SYSTEM32\WINHTTP.dll
0x00007ffc445b0000 - 0x00007ffc4461a000 	C:\Windows\system32\mswsock.dll
0x00007ffc29160000 - 0x00007ffc29172000 	C:\Program Files\Java\jdk-11.0.16\bin\nio.dll
0x00007ffc28e70000 - 0x00007ffc28e8a000 	C:\Program Files\JetBrains\IntelliJ IDEA Community Edition 2022.2.1\bin\breakgen64.dll
0x00007ffc29940000 - 0x00007ffc29949000 	C:\Program Files\Java\jdk-11.0.16\bin\management.dll
0x00007ffc294c0000 - 0x00007ffc294cb000 	C:\Program Files\Java\jdk-11.0.16\bin\management_ext.dll
0x00007ffc29810000 - 0x00007ffc29827000 	C:\Windows\system32\napinsp.dll
0x00007ffc297f0000 - 0x00007ffc2980b000 	C:\Windows\system32\pnrpnsp.dll
0x00007ffc297d0000 - 0x00007ffc297e5000 	C:\Windows\system32\wshbth.dll
0x00007ffc40760000 - 0x00007ffc4077d000 	C:\Windows\system32\NLAapi.dll
0x00007ffc442c0000 - 0x00007ffc442fb000 	C:\Windows\SYSTEM32\IPHLPAPI.DLL
0x00007ffc44300000 - 0x00007ffc443ca000 	C:\Windows\SYSTEM32\DNSAPI.dll
0x00007ffc45fb0000 - 0x00007ffc45fb8000 	C:\Windows\System32\NSI.dll
0x00007ffc297b0000 - 0x00007ffc297c2000 	C:\Windows\System32\winrnr.dll
0x00007ffc3c260000 - 0x00007ffc3c26a000 	C:\Windows\System32\rasadhlp.dll
0x00007ffc3ca50000 - 0x00007ffc3cad0000 	C:\Windows\System32\fwpuclnt.dll
0x00007ffc45570000 - 0x00007ffc45597000 	C:\Windows\System32\bcrypt.dll

dbghelp: loaded successfully - version: 4.0.5 - missing functions: none
symbol engine: initialized successfully - sym options: 0x614 - pdb path: .;C:\Program Files\Java\jdk-11.0.16\bin;C:\Windows\SYSTEM32;C:\Windows\WinSxS\amd64_microsoft.windows.common-controls_6595b64144ccf1df_6.0.19041.1110_none_60b5254171f9507e;C:\Program Files\Java\jdk-11.0.16\bin\server;C:\Program Files\JetBrains\IntelliJ IDEA Community Edition 2022.2.1\bin

VM Arguments:
jvm_args: -ea -javaagent:C:\Users\sfjbs\AppData\Local\JetBrains\IdeaIC2022.2\testAgent\intellij-coverage-agent-1.0.673.jar=C:\Users\sfjbs\AppData\Local\Temp\coverage8args -Didea.new.sampling.coverage=true -Dcoverage.ignore.private.constructor.util.class=true -Didea.test.cyclic.buffer.size=1048576 -javaagent:C:\Program Files\JetBrains\IntelliJ IDEA Community Edition 2022.2.1\lib\idea_rt.jar=54059:C:\Program Files\JetBrains\IntelliJ IDEA Community Edition 2022.2.1\bin -Dfile.encoding=UTF-8 
java_command: com.intellij.rt.junit.JUnitStarter -ideVersion5 -junit5 com.example.Pension.Managment.System.PensionManagmentSystemApplicationTests
java_class_path (initial): C:\Users\sfjbs\.m2\repository\org\junit\platform\junit-platform-launcher\1.8.2\junit-platform-launcher-1.8.2.jar;C:\Program Files\JetBrains\IntelliJ IDEA Community Edition 2022.2.1\lib\idea_rt.jar;C:\Program Files\JetBrains\IntelliJ IDEA Community Edition 2022.2.1\plugins\junit\lib\junit5-rt.jar;C:\Program Files\JetBrains\IntelliJ IDEA Community Edition 2022.2.1\plugins\junit\lib\junit-rt.jar;C:\Users\sfjbs\oct31training\Hetik\MiniProject\Pension-Managment-System\target\test-classes;C:\Users\sfjbs\oct31training\Hetik\MiniProject\Pension-Managment-System\target\classes;C:\Users\sfjbs\.m2\repository\org\springframework\boot\spring-boot-starter-web\2.7.5\spring-boot-starter-web-2.7.5.jar;C:\Users\sfjbs\.m2\repository\org\springframework\boot\spring-boot-starter\2.7.5\spring-boot-starter-2.7.5.jar;C:\Users\sfjbs\.m2\repository\org\springframework\boot\spring-boot\2.7.5\spring-boot-2.7.5.jar;C:\Users\sfjbs\.m2\repository\org\springframework\boot\spring-boot-autoconfigure\2.7.5\spring-boot-autoconfigure-2.7.5.jar;C:\Users\sfjbs\.m2\repository\org\springframework\boot\spring-boot-starter-logging\2.7.5\spring-boot-starter-logging-2.7.5.jar;C:\Users\sfjbs\.m2\repository\ch\qos\logback\logback-classic\1.2.11\logback-classic-1.2.11.jar;C:\Users\sfjbs\.m2\repository\ch\qos\logback\logback-core\1.2.11\logback-core-1.2.11.jar;C:\Users\sfjbs\.m2\repository\org\apache\logging\log4j\log4j-to-slf4j\2.17.2\log4j-to-slf4j-2.17.2.jar;C:\Users\sfjbs\.m2\repository\org\apache\logging\log4j\log4j-api\2.17.2\log4j-api-2.17.2.jar;C:\Users\sfjbs\.m2\repository\org\slf4j\jul-to-slf4j\1.7.36\jul-to-slf4j-1.7.36.jar;C:\Users\sfjbs\.m2\repository\jakarta\annotation\jakarta.annotation-api\1.3.5\jakarta.annotation-api-1.3.5.jar;C:\Users\sfjbs\.m2\repository\org\yaml\snakeyaml\1.30\snakeyaml-1.30.jar;C:\Users\sfjbs\.m2\repository\org\springframework\boot\spring-boot-starter-json\2.7.5\spring-boot-starter-json-2.7.5.jar;C:\Users\sfjbs\.m2\repository\com\fasterxml\jackson\
Launcher Type: SUN_STANDARD

[Global flags]
     intx CICompilerCount                          = 2                                         {product} {ergonomic}
     uint ConcGCThreads                            = 1                                         {product} {ergonomic}
     uint G1ConcRefinementThreads                  = 2                                         {product} {ergonomic}
   size_t G1HeapRegionSize                         = 1048576                                   {product} {ergonomic}
    uintx GCDrainStackTargetSize                   = 64                                        {product} {ergonomic}
   size_t InitialHeapSize                          = 134217728                                 {product} {ergonomic}
   size_t MarkStackSize                            = 4194304                                   {product} {ergonomic}
   size_t MaxHeapSize                              = 2147483648                                {product} {ergonomic}
   size_t MaxNewSize                               = 1287651328                                {product} {ergonomic}
   size_t MinHeapDeltaBytes                        = 1048576                                   {product} {ergonomic}
    uintx NonNMethodCodeHeapSize                   = 5825164                                {pd product} {ergonomic}
    uintx NonProfiledCodeHeapSize                  = 122916538                              {pd product} {ergonomic}
    uintx ProfiledCodeHeapSize                     = 122916538                              {pd product} {ergonomic}
    uintx ReservedCodeCacheSize                    = 251658240                              {pd product} {ergonomic}
     bool SegmentedCodeCache                       = true                                      {product} {ergonomic}
     bool UseCompressedClassPointers               = true                                 {lp64_product} {ergonomic}
     bool UseCompressedOops                        = true                                 {lp64_product} {ergonomic}
     bool UseG1GC                                  = true                                      {product} {ergonomic}
     bool UseLargePagesIndividualAllocation        = false                                  {pd product} {ergonomic}

Logging:
Log output configuration:
 #0: stdout all=warning uptime,level,tags
 #1: stderr all=off uptime,level,tags

Environment Variables:
PATH=C:\Program Files\Common Files\Oracle\Java\javapath;C:\Windows\system32;C:\Windows;C:\Windows\System32\Wbem;C:\Windows\System32\WindowsPowerShell\v1.0\;C:\Windows\System32\OpenSSH\;C:\Users\sfjbs\Downloads\micro service-20221021T071039Z-001\micro service\apache-maven-3.8.5-bin\apache-maven-3.8.5\bin;C:\Users\sfjbs\Downloads\micro service-20221021T071039Z-001\micro service\apache-maven-3.8.5-bin\apache-maven-3.8.5\lib;C:\Program Files\Git\cmd;C:\Program Files\Docker\Docker\resources\bin;C:\Users\sfjbs\AppData\Local\Microsoft\WindowsApps;C:\Users\sfjbs\Downloads\micro service-20221021T071039Z-001\micro service\apache-maven-3.8.5-bin\apache-maven-3.8.5\bin;C:\Users\sfjbs\Downloads\micro service-20221021T071039Z-001\micro service\apache-maven-3.8.5-bin\apache-maven-3.8.5\lib;;C:\Program Files\JetBrains\IntelliJ IDEA Community Edition 2022.2.1\bin;
USERNAME=sfjbs
OS=Windows_NT
PROCESSOR_IDENTIFIER=Intel64 Family 6 Model 85 Stepping 7, GenuineIntel



---------------  S Y S T E M  ---------------

OS: Windows 10 , 64 bit Build 19041 (10.0.19041.2251)
Hyper-V role detected

CPU:total 2 (initial active 2) (1 cores per cpu, 2 threads per core) family 6 model 85 stepping 7 microcode 0xffffffff, cmov, cx8, fxsr, mmx, sse, sse2, sse3, ssse3, sse4.1, sse4.2, popcnt, avx, avx2, aes, clmul, erms, rtm, 3dnowpref, lzcnt, ht, tsc, bmi1, bmi2, adx, evex, fma

Memory: 4k page, system-wide physical 8190M (559M free)
TotalPageFile size 10238M (AvailPageFile size 6M)
current process WorkingSet (physical memory assigned to process): 232M, peak: 234M
current process commit charge ("private bytes"): 311M, peak: 313M

vm_info: Java HotSpot(TM) 64-Bit Server VM (11.0.16+11-LTS-199) for windows-amd64 JRE (11.0.16+11-LTS-199), built on Jun 28 2022 08:23:17 by "mach5one" with MS VC++ 15.9 (VS2017)

END.
