#
# There is insufficient memory for the Java Runtime Environment to continue.
# Native memory allocation (malloc) failed to allocate 1359376 bytes for Chunk::new
# Possible reasons:
#   The system is out of physical RAM or swap space
#   The process is running with CompressedOops enabled, and the Java Heap may be blocking the growth of the native heap
# Possible solutions:
#   Reduce memory load on the system
#   Increase physical memory or swap space
#   Check if swap backing store is full
#   Decrease Java heap size (-Xmx/-Xms)
#   Decrease number of Java threads
#   Decrease Java thread stack sizes (-Xss)
#   Set larger code cache with -XX:ReservedCodeCacheSize=
#   JVM is running with Unscaled Compressed Oops mode in which the Java heap is
#     placed in the first 4GB address space. The Java Heap base address is the
#     maximum limit for the native heap growth. Please use -XX:HeapBaseMinAddress
#     to set the Java Heap base and to place the Java Heap above 4GB virtual address.
# This output file may be truncated or incomplete.
#
#  Out of Memory Error (./open/src/hotspot/share/memory/arena.cpp:197), pid=14248, tid=3980
#
# JRE version: Java(TM) SE Runtime Environment 18.9 (11.0.16+11) (build 11.0.16+11-LTS-199)
# Java VM: Java HotSpot(TM) 64-Bit Server VM 18.9 (11.0.16+11-LTS-199, mixed mode, tiered, compressed oops, g1 gc, windows-amd64)
# No core dump will be written. Minidumps are not enabled by default on client versions of Windows
#

---------------  S U M M A R Y ------------

Command Line: -Dclassworlds.conf=C:\Users\sfjbs\Downloads\micro service-20221021T071039Z-001\micro service\apache-maven-3.8.5-bin\apache-maven-3.8.5\bin\m2.conf -Dmaven.home=C:\Users\sfjbs\Downloads\micro service-20221021T071039Z-001\micro service\apache-maven-3.8.5-bin\apache-maven-3.8.5 -Dlibrary.jansi.path=C:\Users\sfjbs\Downloads\micro service-20221021T071039Z-001\micro service\apache-maven-3.8.5-bin\apache-maven-3.8.5\lib\jansi-native -Dmaven.multiModuleProjectDirectory=C:\Users\sfjbs\IdeaProjects\oct31training\Mrudal\DAy4\spring-boot-app org.codehaus.plexus.classworlds.launcher.Launcher clean install

Host: Intel(R) Xeon(R) Platinum 8370C CPU @ 2.80GHz, 2 cores, 7G,  Windows 10 , 64 bit Build 19041 (10.0.19041.1889)
Time: Wed Nov  9 05:28:46 2022 Coordinated Universal Time elapsed time: 3.085976 seconds (0d 0h 0m 3s)

---------------  T H R E A D  ---------------

Current thread (0x0000020dcb58f000):  JavaThread "C2 CompilerThread0" daemon [_thread_in_native, id=3980, stack(0x000000a3c9500000,0x000000a3c9600000)]


Current CompileTask:
C2:   3086 1829   !   4       java.net.URL::<init> (543 bytes)

Stack: [0x000000a3c9500000,0x000000a3c9600000]
Native frames: (J=compiled Java code, j=interpreted, Vv=VM code, C=native code)
V  [jvm.dll+0x62a3ea]
V  [jvm.dll+0x76418f]
V  [jvm.dll+0x765839]
V  [jvm.dll+0x765ec3]
V  [jvm.dll+0x23da98]
V  [jvm.dll+0xb2a1c]
V  [jvm.dll+0xb2fdc]
V  [jvm.dll+0x341442]
V  [jvm.dll+0x30ec83]
V  [jvm.dll+0x30dfca]
V  [jvm.dll+0x1f84a5]
V  [jvm.dll+0x1f768d]
V  [jvm.dll+0x177c81]
V  [jvm.dll+0x207006]
V  [jvm.dll+0x20519b]
V  [jvm.dll+0x729fa0]
V  [jvm.dll+0x722b74]
V  [jvm.dll+0x629286]
C  [ucrtbase.dll+0x21bb2]
C  [KERNEL32.DLL+0x17034]
C  [ntdll.dll+0x526a1]


---------------  P R O C E S S  ---------------

Threads class SMR info:
_java_thread_list=0x0000020dcbf2fea0, length=10, elements={
0x0000020dae11b000, 0x0000020dcb57c800, 0x0000020dcb57e000, 0x0000020dcbe12800,
0x0000020dcb58c000, 0x0000020dcb58e000, 0x0000020dcb58f000, 0x0000020dcb593000,
0x0000020dcbe47000, 0x0000020dcbf62000
}

Java Threads: ( => current thread )
  0x0000020dae11b000 JavaThread "main" [_thread_in_vm, id=13476, stack(0x000000a3c8900000,0x000000a3c8a00000)]
  0x0000020dcb57c800 JavaThread "Reference Handler" daemon [_thread_blocked, id=11364, stack(0x000000a3c9000000,0x000000a3c9100000)]
  0x0000020dcb57e000 JavaThread "Finalizer" daemon [_thread_blocked, id=13432, stack(0x000000a3c9100000,0x000000a3c9200000)]
  0x0000020dcbe12800 JavaThread "Signal Dispatcher" daemon [_thread_blocked, id=12032, stack(0x000000a3c9200000,0x000000a3c9300000)]
  0x0000020dcb58c000 JavaThread "Attach Listener" daemon [_thread_blocked, id=7576, stack(0x000000a3c9300000,0x000000a3c9400000)]
  0x0000020dcb58e000 JavaThread "Service Thread" daemon [_thread_blocked, id=8256, stack(0x000000a3c9400000,0x000000a3c9500000)]
=>0x0000020dcb58f000 JavaThread "C2 CompilerThread0" daemon [_thread_in_native, id=3980, stack(0x000000a3c9500000,0x000000a3c9600000)]
  0x0000020dcb593000 JavaThread "C1 CompilerThread0" daemon [_thread_blocked, id=13564, stack(0x000000a3c9600000,0x000000a3c9700000)]
  0x0000020dcbe47000 JavaThread "Sweeper thread" daemon [_thread_blocked, id=8536, stack(0x000000a3c9700000,0x000000a3c9800000)]
  0x0000020dcbf62000 JavaThread "Common-Cleaner" daemon [_thread_blocked, id=4624, stack(0x000000a3c9900000,0x000000a3c9a00000)]

Other Threads:
  0x0000020dcb569000 VMThread "VM Thread" [stack: 0x000000a3c8f00000,0x000000a3c9000000] [id=7152]
  0x0000020dcbf5a000 WatcherThread [stack: 0x000000a3c9800000,0x000000a3c9900000] [id=12880]
  0x0000020dae130000 GCTaskThread "GC Thread#0" [stack: 0x000000a3c8a00000,0x000000a3c8b00000] [id=13332]
  0x0000020dcc563000 GCTaskThread "GC Thread#1" [stack: 0x000000a3c9a00000,0x000000a3c9b00000] [id=9528]
  0x0000020dae15b800 ConcurrentGCThread "G1 Main Marker" [stack: 0x000000a3c8b00000,0x000000a3c8c00000] [id=13504]
  0x0000020dae15e000 ConcurrentGCThread "G1 Conc#0" [stack: 0x000000a3c8c00000,0x000000a3c8d00000] [id=1732]
  0x0000020dae1e3800 ConcurrentGCThread "G1 Refine#0" [stack: 0x000000a3c8d00000,0x000000a3c8e00000] [id=4552]
  0x0000020dae1e5800 ConcurrentGCThread "G1 Young RemSet Sampling" [stack: 0x000000a3c8e00000,0x000000a3c8f00000] [id=10808]

Threads with active compile tasks:
C2 CompilerThread0     3114 1829   !   4       java.net.URL::<init> (543 bytes)

VM state:not at safepoint (normal execution)

VM Mutex/Monitor currently owned by a thread:  ([mutex/lock_event])
[0x0000020dae117880] CompiledIC_lock - owner thread: 0x0000020dae11b000

Heap address: 0x0000000080000000, size: 2048 MB, Compressed Oops mode: 32-bit
Narrow klass base: 0x0000000000000000, Narrow klass shift: 3
Compressed class space size: 1073741824 Address: 0x0000000100000000

Heap:
 garbage-first heap   total 131072K, used 22727K [0x0000000080000000, 0x0000000100000000)
  region size 1024K, 22 young (22528K), 3 survivors (3072K)
 Metaspace       used 17951K, capacity 18268K, committed 18560K, reserved 1064960K
  class space    used 1960K, capacity 2077K, committed 2176K, reserved 1048576K
Heap Regions: E=young(eden), S=young(survivor), O=old, HS=humongous(starts), HC=humongous(continues), CS=collection set, F=free, A=archive, TAMS=top-at-mark-start (previous, next)
|   0|0x0000000080000000, 0x0000000080100000, 0x0000000080100000|100%| O|  |TAMS 0x0000000080000000, 0x0000000080000000| Untracked 
|   1|0x0000000080100000, 0x0000000080200000, 0x0000000080200000|100%| O|  |TAMS 0x0000000080100000, 0x0000000080100000| Untracked 
|   2|0x0000000080200000, 0x0000000080212e00, 0x0000000080300000|  7%| O|  |TAMS 0x0000000080200000, 0x0000000080200000| Untracked 
|   3|0x0000000080300000, 0x0000000080300000, 0x0000000080400000|  0%| F|  |TAMS 0x0000000080300000, 0x0000000080300000| Untracked 
|   4|0x0000000080400000, 0x0000000080400000, 0x0000000080500000|  0%| F|  |TAMS 0x0000000080400000, 0x0000000080400000| Untracked 
|   5|0x0000000080500000, 0x0000000080500000, 0x0000000080600000|  0%| F|  |TAMS 0x0000000080500000, 0x0000000080500000| Untracked 
|   6|0x0000000080600000, 0x0000000080600000, 0x0000000080700000|  0%| F|  |TAMS 0x0000000080600000, 0x0000000080600000| Untracked 
|   7|0x0000000080700000, 0x0000000080700000, 0x0000000080800000|  0%| F|  |TAMS 0x0000000080700000, 0x0000000080700000| Untracked 
|   8|0x0000000080800000, 0x0000000080800000, 0x0000000080900000|  0%| F|  |TAMS 0x0000000080800000, 0x0000000080800000| Untracked 
|   9|0x0000000080900000, 0x0000000080900000, 0x0000000080a00000|  0%| F|  |TAMS 0x0000000080900000, 0x0000000080900000| Untracked 
|  10|0x0000000080a00000, 0x0000000080a00000, 0x0000000080b00000|  0%| F|  |TAMS 0x0000000080a00000, 0x0000000080a00000| Untracked 
|  11|0x0000000080b00000, 0x0000000080b00000, 0x0000000080c00000|  0%| F|  |TAMS 0x0000000080b00000, 0x0000000080b00000| Untracked 
|  12|0x0000000080c00000, 0x0000000080c00000, 0x0000000080d00000|  0%| F|  |TAMS 0x0000000080c00000, 0x0000000080c00000| Untracked 
|  13|0x0000000080d00000, 0x0000000080d00000, 0x0000000080e00000|  0%| F|  |TAMS 0x0000000080d00000, 0x0000000080d00000| Untracked 
|  14|0x0000000080e00000, 0x0000000080e00000, 0x0000000080f00000|  0%| F|  |TAMS 0x0000000080e00000, 0x0000000080e00000| Untracked 
|  15|0x0000000080f00000, 0x0000000080f00000, 0x0000000081000000|  0%| F|  |TAMS 0x0000000080f00000, 0x0000000080f00000| Untracked 
|  16|0x0000000081000000, 0x0000000081000000, 0x0000000081100000|  0%| F|  |TAMS 0x0000000081000000, 0x0000000081000000| Untracked 
|  17|0x0000000081100000, 0x0000000081100000, 0x0000000081200000|  0%| F|  |TAMS 0x0000000081100000, 0x0000000081100000| Untracked 
|  18|0x0000000081200000, 0x0000000081200000, 0x0000000081300000|  0%| F|  |TAMS 0x0000000081200000, 0x0000000081200000| Untracked 
|  19|0x0000000081300000, 0x0000000081300000, 0x0000000081400000|  0%| F|  |TAMS 0x0000000081300000, 0x0000000081300000| Untracked 
|  20|0x0000000081400000, 0x0000000081400000, 0x0000000081500000|  0%| F|  |TAMS 0x0000000081400000, 0x0000000081400000| Untracked 
|  21|0x0000000081500000, 0x0000000081500000, 0x0000000081600000|  0%| F|  |TAMS 0x0000000081500000, 0x0000000081500000| Untracked 
|  22|0x0000000081600000, 0x0000000081600000, 0x0000000081700000|  0%| F|  |TAMS 0x0000000081600000, 0x0000000081600000| Untracked 
|  23|0x0000000081700000, 0x0000000081700000, 0x0000000081800000|  0%| F|  |TAMS 0x0000000081700000, 0x0000000081700000| Untracked 
|  24|0x0000000081800000, 0x0000000081800000, 0x0000000081900000|  0%| F|  |TAMS 0x0000000081800000, 0x0000000081800000| Untracked 
|  25|0x0000000081900000, 0x0000000081900000, 0x0000000081a00000|  0%| F|  |TAMS 0x0000000081900000, 0x0000000081900000| Untracked 
|  26|0x0000000081a00000, 0x0000000081a00000, 0x0000000081b00000|  0%| F|  |TAMS 0x0000000081a00000, 0x0000000081a00000| Untracked 
|  27|0x0000000081b00000, 0x0000000081b00000, 0x0000000081c00000|  0%| F|  |TAMS 0x0000000081b00000, 0x0000000081b00000| Untracked 
|  28|0x0000000081c00000, 0x0000000081c00000, 0x0000000081d00000|  0%| F|  |TAMS 0x0000000081c00000, 0x0000000081c00000| Untracked 
|  29|0x0000000081d00000, 0x0000000081d00000, 0x0000000081e00000|  0%| F|  |TAMS 0x0000000081d00000, 0x0000000081d00000| Untracked 
|  30|0x0000000081e00000, 0x0000000081e00000, 0x0000000081f00000|  0%| F|  |TAMS 0x0000000081e00000, 0x0000000081e00000| Untracked 
|  31|0x0000000081f00000, 0x0000000081f00000, 0x0000000082000000|  0%| F|  |TAMS 0x0000000081f00000, 0x0000000081f00000| Untracked 
|  32|0x0000000082000000, 0x0000000082000000, 0x0000000082100000|  0%| F|  |TAMS 0x0000000082000000, 0x0000000082000000| Untracked 
|  33|0x0000000082100000, 0x0000000082100000, 0x0000000082200000|  0%| F|  |TAMS 0x0000000082100000, 0x0000000082100000| Untracked 
|  34|0x0000000082200000, 0x0000000082200000, 0x0000000082300000|  0%| F|  |TAMS 0x0000000082200000, 0x0000000082200000| Untracked 
|  35|0x0000000082300000, 0x0000000082300000, 0x0000000082400000|  0%| F|  |TAMS 0x0000000082300000, 0x0000000082300000| Untracked 
|  36|0x0000000082400000, 0x0000000082400000, 0x0000000082500000|  0%| F|  |TAMS 0x0000000082400000, 0x0000000082400000| Untracked 
|  37|0x0000000082500000, 0x0000000082500000, 0x0000000082600000|  0%| F|  |TAMS 0x0000000082500000, 0x0000000082500000| Untracked 
|  38|0x0000000082600000, 0x0000000082600000, 0x0000000082700000|  0%| F|  |TAMS 0x0000000082600000, 0x0000000082600000| Untracked 
|  39|0x0000000082700000, 0x0000000082700000, 0x0000000082800000|  0%| F|  |TAMS 0x0000000082700000, 0x0000000082700000| Untracked 
|  40|0x0000000082800000, 0x0000000082800000, 0x0000000082900000|  0%| F|  |TAMS 0x0000000082800000, 0x0000000082800000| Untracked 
|  41|0x0000000082900000, 0x0000000082900000, 0x0000000082a00000|  0%| F|  |TAMS 0x0000000082900000, 0x0000000082900000| Untracked 
|  42|0x0000000082a00000, 0x0000000082a00000, 0x0000000082b00000|  0%| F|  |TAMS 0x0000000082a00000, 0x0000000082a00000| Untracked 
|  43|0x0000000082b00000, 0x0000000082b00000, 0x0000000082c00000|  0%| F|  |TAMS 0x0000000082b00000, 0x0000000082b00000| Untracked 
|  44|0x0000000082c00000, 0x0000000082c00000, 0x0000000082d00000|  0%| F|  |TAMS 0x0000000082c00000, 0x0000000082c00000| Untracked 
|  45|0x0000000082d00000, 0x0000000082d00000, 0x0000000082e00000|  0%| F|  |TAMS 0x0000000082d00000, 0x0000000082d00000| Untracked 
|  46|0x0000000082e00000, 0x0000000082e00000, 0x0000000082f00000|  0%| F|  |TAMS 0x0000000082e00000, 0x0000000082e00000| Untracked 
|  47|0x0000000082f00000, 0x0000000082f00000, 0x0000000083000000|  0%| F|  |TAMS 0x0000000082f00000, 0x0000000082f00000| Untracked 
|  48|0x0000000083000000, 0x0000000083000000, 0x0000000083100000|  0%| F|  |TAMS 0x0000000083000000, 0x0000000083000000| Untracked 
|  49|0x0000000083100000, 0x0000000083100000, 0x0000000083200000|  0%| F|  |TAMS 0x0000000083100000, 0x0000000083100000| Untracked 
|  50|0x0000000083200000, 0x0000000083200000, 0x0000000083300000|  0%| F|  |TAMS 0x0000000083200000, 0x0000000083200000| Untracked 
|  51|0x0000000083300000, 0x0000000083300000, 0x0000000083400000|  0%| F|  |TAMS 0x0000000083300000, 0x0000000083300000| Untracked 
|  52|0x0000000083400000, 0x0000000083400000, 0x0000000083500000|  0%| F|  |TAMS 0x0000000083400000, 0x0000000083400000| Untracked 
|  53|0x0000000083500000, 0x0000000083500000, 0x0000000083600000|  0%| F|  |TAMS 0x0000000083500000, 0x0000000083500000| Untracked 
|  54|0x0000000083600000, 0x0000000083600000, 0x0000000083700000|  0%| F|  |TAMS 0x0000000083600000, 0x0000000083600000| Untracked 
|  55|0x0000000083700000, 0x0000000083700000, 0x0000000083800000|  0%| F|  |TAMS 0x0000000083700000, 0x0000000083700000| Untracked 
|  56|0x0000000083800000, 0x0000000083800000, 0x0000000083900000|  0%| F|  |TAMS 0x0000000083800000, 0x0000000083800000| Untracked 
|  57|0x0000000083900000, 0x0000000083900000, 0x0000000083a00000|  0%| F|  |TAMS 0x0000000083900000, 0x0000000083900000| Untracked 
|  58|0x0000000083a00000, 0x0000000083a00000, 0x0000000083b00000|  0%| F|  |TAMS 0x0000000083a00000, 0x0000000083a00000| Untracked 
|  59|0x0000000083b00000, 0x0000000083b00000, 0x0000000083c00000|  0%| F|  |TAMS 0x0000000083b00000, 0x0000000083b00000| Untracked 
|  60|0x0000000083c00000, 0x0000000083c00000, 0x0000000083d00000|  0%| F|  |TAMS 0x0000000083c00000, 0x0000000083c00000| Untracked 
|  61|0x0000000083d00000, 0x0000000083d00000, 0x0000000083e00000|  0%| F|  |TAMS 0x0000000083d00000, 0x0000000083d00000| Untracked 
|  62|0x0000000083e00000, 0x0000000083e00000, 0x0000000083f00000|  0%| F|  |TAMS 0x0000000083e00000, 0x0000000083e00000| Untracked 
|  63|0x0000000083f00000, 0x0000000083f00000, 0x0000000084000000|  0%| F|  |TAMS 0x0000000083f00000, 0x0000000083f00000| Untracked 
|  64|0x0000000084000000, 0x0000000084000000, 0x0000000084100000|  0%| F|  |TAMS 0x0000000084000000, 0x0000000084000000| Untracked 
|  65|0x0000000084100000, 0x0000000084100000, 0x0000000084200000|  0%| F|  |TAMS 0x0000000084100000, 0x0000000084100000| Untracked 
|  66|0x0000000084200000, 0x0000000084200000, 0x0000000084300000|  0%| F|  |TAMS 0x0000000084200000, 0x0000000084200000| Untracked 
|  67|0x0000000084300000, 0x0000000084300000, 0x0000000084400000|  0%| F|  |TAMS 0x0000000084300000, 0x0000000084300000| Untracked 
|  68|0x0000000084400000, 0x0000000084400000, 0x0000000084500000|  0%| F|  |TAMS 0x0000000084400000, 0x0000000084400000| Untracked 
|  69|0x0000000084500000, 0x0000000084500000, 0x0000000084600000|  0%| F|  |TAMS 0x0000000084500000, 0x0000000084500000| Untracked 
|  70|0x0000000084600000, 0x0000000084600000, 0x0000000084700000|  0%| F|  |TAMS 0x0000000084600000, 0x0000000084600000| Untracked 
|  71|0x0000000084700000, 0x0000000084700000, 0x0000000084800000|  0%| F|  |TAMS 0x0000000084700000, 0x0000000084700000| Untracked 
|  72|0x0000000084800000, 0x0000000084800000, 0x0000000084900000|  0%| F|  |TAMS 0x0000000084800000, 0x0000000084800000| Untracked 
|  73|0x0000000084900000, 0x0000000084900000, 0x0000000084a00000|  0%| F|  |TAMS 0x0000000084900000, 0x0000000084900000| Untracked 
|  74|0x0000000084a00000, 0x0000000084a00000, 0x0000000084b00000|  0%| F|  |TAMS 0x0000000084a00000, 0x0000000084a00000| Untracked 
|  75|0x0000000084b00000, 0x0000000084b00000, 0x0000000084c00000|  0%| F|  |TAMS 0x0000000084b00000, 0x0000000084b00000| Untracked 
|  76|0x0000000084c00000, 0x0000000084c00000, 0x0000000084d00000|  0%| F|  |TAMS 0x0000000084c00000, 0x0000000084c00000| Untracked 
|  77|0x0000000084d00000, 0x0000000084d00000, 0x0000000084e00000|  0%| F|  |TAMS 0x0000000084d00000, 0x0000000084d00000| Untracked 
|  78|0x0000000084e00000, 0x0000000084e00000, 0x0000000084f00000|  0%| F|  |TAMS 0x0000000084e00000, 0x0000000084e00000| Untracked 
|  79|0x0000000084f00000, 0x0000000084f00000, 0x0000000085000000|  0%| F|  |TAMS 0x0000000084f00000, 0x0000000084f00000| Untracked 
|  80|0x0000000085000000, 0x0000000085000000, 0x0000000085100000|  0%| F|  |TAMS 0x0000000085000000, 0x0000000085000000| Untracked 
|  81|0x0000000085100000, 0x0000000085100000, 0x0000000085200000|  0%| F|  |TAMS 0x0000000085100000, 0x0000000085100000| Untracked 
|  82|0x0000000085200000, 0x0000000085200000, 0x0000000085300000|  0%| F|  |TAMS 0x0000000085200000, 0x0000000085200000| Untracked 
|  83|0x0000000085300000, 0x0000000085300000, 0x0000000085400000|  0%| F|  |TAMS 0x0000000085300000, 0x0000000085300000| Untracked 
|  84|0x0000000085400000, 0x0000000085400000, 0x0000000085500000|  0%| F|  |TAMS 0x0000000085400000, 0x0000000085400000| Untracked 
|  85|0x0000000085500000, 0x0000000085500000, 0x0000000085600000|  0%| F|  |TAMS 0x0000000085500000, 0x0000000085500000| Untracked 
|  86|0x0000000085600000, 0x0000000085600000, 0x0000000085700000|  0%| F|  |TAMS 0x0000000085600000, 0x0000000085600000| Untracked 
|  87|0x0000000085700000, 0x0000000085700000, 0x0000000085800000|  0%| F|  |TAMS 0x0000000085700000, 0x0000000085700000| Untracked 
|  88|0x0000000085800000, 0x0000000085800000, 0x0000000085900000|  0%| F|  |TAMS 0x0000000085800000, 0x0000000085800000| Untracked 
|  89|0x0000000085900000, 0x0000000085900000, 0x0000000085a00000|  0%| F|  |TAMS 0x0000000085900000, 0x0000000085900000| Untracked 
|  90|0x0000000085a00000, 0x0000000085a00000, 0x0000000085b00000|  0%| F|  |TAMS 0x0000000085a00000, 0x0000000085a00000| Untracked 
|  91|0x0000000085b00000, 0x0000000085b00000, 0x0000000085c00000|  0%| F|  |TAMS 0x0000000085b00000, 0x0000000085b00000| Untracked 
|  92|0x0000000085c00000, 0x0000000085c00000, 0x0000000085d00000|  0%| F|  |TAMS 0x0000000085c00000, 0x0000000085c00000| Untracked 
|  93|0x0000000085d00000, 0x0000000085d00000, 0x0000000085e00000|  0%| F|  |TAMS 0x0000000085d00000, 0x0000000085d00000| Untracked 
|  94|0x0000000085e00000, 0x0000000085e00000, 0x0000000085f00000|  0%| F|  |TAMS 0x0000000085e00000, 0x0000000085e00000| Untracked 
|  95|0x0000000085f00000, 0x0000000085f00000, 0x0000000086000000|  0%| F|  |TAMS 0x0000000085f00000, 0x0000000085f00000| Untracked 
|  96|0x0000000086000000, 0x0000000086000000, 0x0000000086100000|  0%| F|  |TAMS 0x0000000086000000, 0x0000000086000000| Untracked 
|  97|0x0000000086100000, 0x0000000086100000, 0x0000000086200000|  0%| F|  |TAMS 0x0000000086100000, 0x0000000086100000| Untracked 
|  98|0x0000000086200000, 0x0000000086200000, 0x0000000086300000|  0%| F|  |TAMS 0x0000000086200000, 0x0000000086200000| Untracked 
|  99|0x0000000086300000, 0x0000000086300000, 0x0000000086400000|  0%| F|  |TAMS 0x0000000086300000, 0x0000000086300000| Untracked 
| 100|0x0000000086400000, 0x0000000086400000, 0x0000000086500000|  0%| F|  |TAMS 0x0000000086400000, 0x0000000086400000| Untracked 
| 101|0x0000000086500000, 0x0000000086500000, 0x0000000086600000|  0%| F|  |TAMS 0x0000000086500000, 0x0000000086500000| Untracked 
| 102|0x0000000086600000, 0x0000000086600000, 0x0000000086700000|  0%| F|  |TAMS 0x0000000086600000, 0x0000000086600000| Untracked 
| 103|0x0000000086700000, 0x0000000086700000, 0x0000000086800000|  0%| F|  |TAMS 0x0000000086700000, 0x0000000086700000| Untracked 
| 104|0x0000000086800000, 0x0000000086800000, 0x0000000086900000|  0%| F|  |TAMS 0x0000000086800000, 0x0000000086800000| Untracked 
| 105|0x0000000086900000, 0x000000008691f0a8, 0x0000000086a00000| 12%| S|CS|TAMS 0x0000000086900000, 0x0000000086900000| Complete 
| 106|0x0000000086a00000, 0x0000000086b00000, 0x0000000086b00000|100%| S|CS|TAMS 0x0000000086a00000, 0x0000000086a00000| Complete 
| 107|0x0000000086b00000, 0x0000000086c00000, 0x0000000086c00000|100%| S|CS|TAMS 0x0000000086b00000, 0x0000000086b00000| Complete 
| 108|0x0000000086c00000, 0x0000000086c00000, 0x0000000086d00000|  0%| F|  |TAMS 0x0000000086c00000, 0x0000000086c00000| Untracked 
| 109|0x0000000086d00000, 0x0000000086e00000, 0x0000000086e00000|100%| E|  |TAMS 0x0000000086d00000, 0x0000000086d00000| Complete 
| 110|0x0000000086e00000, 0x0000000086f00000, 0x0000000086f00000|100%| E|CS|TAMS 0x0000000086e00000, 0x0000000086e00000| Complete 
| 111|0x0000000086f00000, 0x0000000087000000, 0x0000000087000000|100%| E|CS|TAMS 0x0000000086f00000, 0x0000000086f00000| Complete 
| 112|0x0000000087000000, 0x0000000087100000, 0x0000000087100000|100%| E|CS|TAMS 0x0000000087000000, 0x0000000087000000| Complete 
| 113|0x0000000087100000, 0x0000000087200000, 0x0000000087200000|100%| E|CS|TAMS 0x0000000087100000, 0x0000000087100000| Complete 
| 114|0x0000000087200000, 0x0000000087300000, 0x0000000087300000|100%| E|CS|TAMS 0x0000000087200000, 0x0000000087200000| Complete 
| 115|0x0000000087300000, 0x0000000087400000, 0x0000000087400000|100%| E|CS|TAMS 0x0000000087300000, 0x0000000087300000| Complete 
| 116|0x0000000087400000, 0x0000000087500000, 0x0000000087500000|100%| E|CS|TAMS 0x0000000087400000, 0x0000000087400000| Complete 
| 117|0x0000000087500000, 0x0000000087600000, 0x0000000087600000|100%| E|CS|TAMS 0x0000000087500000, 0x0000000087500000| Complete 
| 118|0x0000000087600000, 0x0000000087700000, 0x0000000087700000|100%| E|CS|TAMS 0x0000000087600000, 0x0000000087600000| Complete 
| 119|0x0000000087700000, 0x0000000087800000, 0x0000000087800000|100%| E|CS|TAMS 0x0000000087700000, 0x0000000087700000| Complete 
| 120|0x0000000087800000, 0x0000000087900000, 0x0000000087900000|100%| E|CS|TAMS 0x0000000087800000, 0x0000000087800000| Complete 
| 121|0x0000000087900000, 0x0000000087a00000, 0x0000000087a00000|100%| E|CS|TAMS 0x0000000087900000, 0x0000000087900000| Complete 
| 122|0x0000000087a00000, 0x0000000087b00000, 0x0000000087b00000|100%| E|CS|TAMS 0x0000000087a00000, 0x0000000087a00000| Complete 
| 123|0x0000000087b00000, 0x0000000087c00000, 0x0000000087c00000|100%| E|CS|TAMS 0x0000000087b00000, 0x0000000087b00000| Complete 
| 124|0x0000000087c00000, 0x0000000087d00000, 0x0000000087d00000|100%| E|CS|TAMS 0x0000000087c00000, 0x0000000087c00000| Complete 
| 125|0x0000000087d00000, 0x0000000087e00000, 0x0000000087e00000|100%| E|CS|TAMS 0x0000000087d00000, 0x0000000087d00000| Complete 
| 126|0x0000000087e00000, 0x0000000087f00000, 0x0000000087f00000|100%| E|CS|TAMS 0x0000000087e00000, 0x0000000087e00000| Complete 
| 127|0x0000000087f00000, 0x0000000088000000, 0x0000000088000000|100%| E|CS|TAMS 0x0000000087f00000, 0x0000000087f00000| Complete 

Card table byte_map: [0x0000020dc4bd0000,0x0000020dc4fd0000] _byte_map_base: 0x0000020dc47d0000

Marking Bits (Prev, Next): (CMBitMap*) 0x0000020dac15e8c8, (CMBitMap*) 0x0000020dac15e900
 Prev Bits: [0x0000020dc53d0000, 0x0000020dc73d0000)
 Next Bits: [0x0000020dc73d0000, 0x0000020dc93d0000)

Polling page: 0x0000020dac030000

Metaspace:

Usage:
  Non-class:     15.81 MB capacity,    15.62 MB ( 99%) used,   180.98 KB (  1%) free+waste,    18.94 KB ( <1%) overhead. 
      Class:      2.03 MB capacity,     1.91 MB ( 94%) used,   108.38 KB (  5%) free+waste,     7.94 KB ( <1%) overhead. 
       Both:     17.84 MB capacity,    17.53 MB ( 98%) used,   289.35 KB (  2%) free+waste,    26.88 KB ( <1%) overhead. 

Virtual space:
  Non-class space:       16.00 MB reserved,      16.00 MB (100%) committed 
      Class space:        1.00 GB reserved,       2.13 MB ( <1%) committed 
             Both:        1.02 GB reserved,      18.13 MB (  2%) committed 

Chunk freelists:
   Non-Class:  128 bytes
       Class:  384 bytes
        Both:  512 bytes

CodeHeap 'non-profiled nmethods': size=120064Kb used=695Kb max_used=695Kb free=119368Kb
 bounds [0x0000020dbd290000, 0x0000020dbd500000, 0x0000020dc47d0000]
CodeHeap 'profiled nmethods': size=120000Kb used=4020Kb max_used=4020Kb free=115979Kb
 bounds [0x0000020db5d60000, 0x0000020db6150000, 0x0000020dbd290000]
CodeHeap 'non-nmethods': size=5696Kb used=1113Kb max_used=1121Kb free=4582Kb
 bounds [0x0000020db57d0000, 0x0000020db5a40000, 0x0000020db5d60000]
 total_blobs=2384 nmethods=1974 adapters=321
 compilation: enabled
              stopped_count=0, restarted_count=0
 full_count=0

Compilation events (10 events):
Event: 2.981 Thread 0x0000020dcb593000 1886       3       sun.reflect.generics.parser.SignatureParser::parseClassTypeSignature (118 bytes)
Event: 2.983 Thread 0x0000020dcb593000 nmethod 1886 0x0000020db6112b90 code [0x0000020db6112fa0, 0x0000020db6114938]
Event: 2.983 Thread 0x0000020dcb593000 1887       3       com.google.common.cache.LocalCache$Segment::cleanUp (21 bytes)
Event: 2.984 Thread 0x0000020dcb593000 nmethod 1887 0x0000020db6115290 code [0x0000020db6115480, 0x0000020db6115948]
Event: 2.984 Thread 0x0000020dcb593000 1888       3       java.util.concurrent.ConcurrentLinkedQueue::poll (84 bytes)
Event: 2.985 Thread 0x0000020dcb593000 nmethod 1888 0x0000020db6115b10 code [0x0000020db6115d60, 0x0000020db6116928]
Event: 2.985 Thread 0x0000020dcb593000 1889       3       com.google.inject.spi.InjectionPoint::hierarchyFor (44 bytes)
Event: 2.986 Thread 0x0000020dcb593000 nmethod 1889 0x0000020db6116c10 code [0x0000020db6116f00, 0x0000020db61180a8]
Event: 2.987 Thread 0x0000020dcb593000 1890       3       com.google.common.util.concurrent.AbstractFuture::get (167 bytes)
Event: 2.988 Thread 0x0000020dcb593000 nmethod 1890 0x0000020db6118790 code [0x0000020db6118a80, 0x0000020db6119ba8]

GC Heap History (8 events):
Event: 0.684 GC heap before
{Heap before GC invocations=0 (full 0):
 garbage-first heap   total 131072K, used 6144K [0x0000000080000000, 0x0000000100000000)
  region size 1024K, 7 young (7168K), 0 survivors (0K)
 Metaspace       used 7794K, capacity 7933K, committed 8064K, reserved 1056768K
  class space    used 680K, capacity 772K, committed 896K, reserved 1048576K
}
Event: 0.694 GC heap after
{Heap after GC invocations=1 (full 0):
 garbage-first heap   total 131072K, used 2119K [0x0000000080000000, 0x0000000100000000)
  region size 1024K, 1 young (1024K), 1 survivors (1024K)
 Metaspace       used 7794K, capacity 7933K, committed 8064K, reserved 1056768K
  class space    used 680K, capacity 772K, committed 896K, reserved 1048576K
}
Event: 0.994 GC heap before
{Heap before GC invocations=1 (full 0):
 garbage-first heap   total 131072K, used 7239K [0x0000000080000000, 0x0000000100000000)
  region size 1024K, 6 young (6144K), 1 survivors (1024K)
 Metaspace       used 10271K, capacity 10440K, committed 10624K, reserved 1058816K
  class space    used 962K, capacity 1056K, committed 1152K, reserved 1048576K
}
Event: 0.999 GC heap after
{Heap after GC invocations=2 (full 0):
 garbage-first heap   total 131072K, used 3092K [0x0000000080000000, 0x0000000100000000)
  region size 1024K, 1 young (1024K), 1 survivors (1024K)
 Metaspace       used 10271K, capacity 10440K, committed 10624K, reserved 1058816K
  class space    used 962K, capacity 1056K, committed 1152K, reserved 1048576K
}
Event: 1.493 GC heap before
{Heap before GC invocations=2 (full 0):
 garbage-first heap   total 131072K, used 16404K [0x0000000080000000, 0x0000000100000000)
  region size 1024K, 14 young (14336K), 1 survivors (1024K)
 Metaspace       used 12412K, capacity 12596K, committed 12672K, reserved 1060864K
  class space    used 1254K, capacity 1348K, committed 1408K, reserved 1048576K
}
Event: 1.497 GC heap after
{Heap after GC invocations=3 (full 0):
 garbage-first heap   total 131072K, used 3614K [0x0000000080000000, 0x0000000100000000)
  region size 1024K, 2 young (2048K), 2 survivors (2048K)
 Metaspace       used 12412K, capacity 12596K, committed 12672K, reserved 1060864K
  class space    used 1254K, capacity 1348K, committed 1408K, reserved 1048576K
}
Event: 2.187 GC heap before
{Heap before GC invocations=3 (full 0):
 garbage-first heap   total 131072K, used 22046K [0x0000000080000000, 0x0000000100000000)
  region size 1024K, 20 young (20480K), 2 survivors (2048K)
 Metaspace       used 14455K, capacity 14649K, committed 14976K, reserved 1062912K
  class space    used 1510K, capacity 1583K, committed 1664K, reserved 1048576K
}
Event: 2.193 GC heap after
{Heap after GC invocations=4 (full 0):
 garbage-first heap   total 131072K, used 4295K [0x0000000080000000, 0x0000000100000000)
  region size 1024K, 3 young (3072K), 3 survivors (3072K)
 Metaspace       used 14455K, capacity 14649K, committed 14976K, reserved 1062912K
  class space    used 1510K, capacity 1583K, committed 1664K, reserved 1048576K
}

Deoptimization events (10 events):
Event: 0.785 Thread 0x0000020dae11b000 Uncommon trap: reason=unstable_if action=reinterpret pc=0x0000020dbd2977b4 method=java.lang.StringLatin1.canEncode(I)Z @ 4 c2
Event: 1.259 Thread 0x0000020dae11b000 Uncommon trap: reason=unstable_if action=reinterpret pc=0x0000020dbd2cc35c method=java.util.HashMap.putVal(ILjava/lang/Object;Ljava/lang/Object;ZZ)Ljava/lang/Object; @ 181 c2
Event: 1.339 Thread 0x0000020dae11b000 Uncommon trap: reason=unstable_if action=reinterpret pc=0x0000020dbd2d54bc method=sun.nio.cs.StreamDecoder.implRead([CII)I @ 71 c2
Event: 1.505 Thread 0x0000020dae11b000 Uncommon trap: reason=unstable_if action=reinterpret pc=0x0000020dbd2da9f0 method=sun.nio.cs.StreamDecoder.implRead([CII)I @ 197 c2
Event: 1.509 Thread 0x0000020dae11b000 Uncommon trap: reason=unstable_if action=reinterpret pc=0x0000020dbd2de0cc method=sun.nio.cs.StreamDecoder.read0()I @ 39 c2
Event: 1.636 Thread 0x0000020dae11b000 Uncommon trap: reason=bimorphic_or_optimized_type_check action=maybe_recompile pc=0x0000020dbd2ccfcc method=java.util.HashMap.getNode(ILjava/lang/Object;)Ljava/util/HashMap$Node; @ 126 c2
Event: 1.636 Thread 0x0000020dae11b000 Uncommon trap: reason=bimorphic_or_optimized_type_check action=maybe_recompile pc=0x0000020dbd2ccfcc method=java.util.HashMap.getNode(ILjava/lang/Object;)Ljava/util/HashMap$Node; @ 126 c2
Event: 1.676 Thread 0x0000020dae11b000 Uncommon trap: reason=unstable_if action=reinterpret pc=0x0000020dbd2f019c method=java.util.HashMap.getNode(ILjava/lang/Object;)Ljava/util/HashMap$Node; @ 129 c2
Event: 1.676 Thread 0x0000020dae11b000 Uncommon trap: reason=unstable_if action=reinterpret pc=0x0000020dbd2ccee8 method=java.util.HashMap.getNode(ILjava/lang/Object;)Ljava/util/HashMap$Node; @ 129 c2
Event: 1.833 Thread 0x0000020dae11b000 Uncommon trap: reason=unstable_if action=reinterpret pc=0x0000020dbd2f24b0 method=java.lang.String.<init>([CIILjava/lang/Void;)V @ 5 c2

Classes redefined (0 events):
No events

Internal exceptions (10 events):
Event: 0.450 Thread 0x0000020dae11b000 Exception <a 'java/lang/NullPointerException'{0x0000000087cfecb8}> (0x0000000087cfecb8) thrown at [./open/src/hotspot/share/interpreter/linkResolver.cpp, line 1354]
Event: 0.450 Thread 0x0000020dae11b000 Exception <a 'java/lang/NullPointerException'{0x0000000087cfef88}> (0x0000000087cfef88) thrown at [./open/src/hotspot/share/interpreter/linkResolver.cpp, line 1354]
Event: 0.454 Thread 0x0000020dae11b000 Exception <a 'java/lang/NullPointerException'{0x0000000087b06860}> (0x0000000087b06860) thrown at [./open/src/hotspot/share/interpreter/linkResolver.cpp, line 1354]
Event: 0.457 Thread 0x0000020dae11b000 Exception <a 'java/lang/NullPointerException'{0x0000000087b1dcb8}> (0x0000000087b1dcb8) thrown at [./open/src/hotspot/share/interpreter/linkResolver.cpp, line 1354]
Event: 0.457 Thread 0x0000020dae11b000 Exception <a 'java/lang/NullPointerException'{0x0000000087b1df88}> (0x0000000087b1df88) thrown at [./open/src/hotspot/share/interpreter/linkResolver.cpp, line 1354]
Event: 0.457 Thread 0x0000020dae11b000 Exception <a 'java/lang/NullPointerException'{0x0000000087b1e258}> (0x0000000087b1e258) thrown at [./open/src/hotspot/share/interpreter/linkResolver.cpp, line 1354]
Event: 0.457 Thread 0x0000020dae11b000 Exception <a 'java/lang/NullPointerException'{0x0000000087b1e528}> (0x0000000087b1e528) thrown at [./open/src/hotspot/share/interpreter/linkResolver.cpp, line 1354]
Event: 1.254 Thread 0x0000020dae11b000 Exception <a 'java/lang/NoClassDefFoundError'{0x00000000878184b8}: javax/enterprise/inject/Typed> (0x00000000878184b8) thrown at [./open/src/hotspot/share/classfile/systemDictionary.cpp, line 215]
Event: 2.863 Thread 0x0000020dae11b000 Exception <a 'java/lang/NoClassDefFoundError'{0x0000000086e28d70}: com/google/inject/servlet/ServletModuleTargetVisitor> (0x0000000086e28d70) thrown at [./open/src/hotspot/share/classfile/systemDictionary.cpp, line 215]
Event: 2.863 Thread 0x0000020dae11b000 Exception <a 'java/lang/NoClassDefFoundError'{0x0000000086e28d70}> (0x0000000086e28d70) thrown at [./open/src/hotspot/share/prims/jvm.cpp, line 1309]

Events (10 events):
Event: 2.976 loading class java/util/concurrent/ExecutorService
Event: 2.976 loading class java/util/concurrent/ExecutorService done
Event: 2.976 loading class java/util/concurrent/AbstractExecutorService done
Event: 2.976 loading class java/util/concurrent/ThreadPoolExecutor done
Event: 2.976 loading class java/util/concurrent/ThreadPoolExecutor$AbortPolicy
Event: 2.976 loading class java/util/concurrent/RejectedExecutionHandler
Event: 2.976 loading class java/util/concurrent/RejectedExecutionHandler done
Event: 2.976 loading class java/util/concurrent/ThreadPoolExecutor$AbortPolicy done
Event: 2.976 loading class org/apache/maven/artifact/resolver/DefaultArtifactResolver$DaemonThreadCreator
Event: 2.976 loading class org/apache/maven/artifact/resolver/DefaultArtifactResolver$DaemonThreadCreator done


Dynamic libraries:
0x00007ff716700000 - 0x00007ff71670f000 	C:\Program Files\Java\jdk-11.0.16\bin\java.exe
0x00007ffd10ef0000 - 0x00007ffd110e8000 	C:\Windows\SYSTEM32\ntdll.dll
0x00007ffd10180000 - 0x00007ffd1023d000 	C:\Windows\System32\KERNEL32.DLL
0x00007ffd0e890000 - 0x00007ffd0eb62000 	C:\Windows\System32\KERNELBASE.dll
0x00007ffd0e6d0000 - 0x00007ffd0e7d0000 	C:\Windows\System32\ucrtbase.dll
0x00007ffcffd60000 - 0x00007ffcffd78000 	C:\Program Files\Java\jdk-11.0.16\bin\jli.dll
0x00007ffd0f090000 - 0x00007ffd0f13e000 	C:\Windows\System32\ADVAPI32.dll
0x00007ffd10e10000 - 0x00007ffd10eae000 	C:\Windows\System32\msvcrt.dll
0x00007ffd0f240000 - 0x00007ffd0f2dc000 	C:\Windows\System32\sechost.dll
0x00007ffd0f420000 - 0x00007ffd0f545000 	C:\Windows\System32\RPCRT4.dll
0x00007ffd10710000 - 0x00007ffd108ad000 	C:\Windows\System32\USER32.dll
0x00007ffd0ef20000 - 0x00007ffd0ef42000 	C:\Windows\System32\win32u.dll
0x00007ffd108b0000 - 0x00007ffd108db000 	C:\Windows\System32\GDI32.dll
0x00007ffd0ec00000 - 0x00007ffd0ed0f000 	C:\Windows\System32\gdi32full.dll
0x00007ffd0e630000 - 0x00007ffd0e6cd000 	C:\Windows\System32\msvcp_win.dll
0x00007ffcefd00000 - 0x00007ffcefd15000 	C:\Program Files\Java\jdk-11.0.16\bin\VCRUNTIME140.dll
0x00007ffcf01d0000 - 0x00007ffcf046a000 	C:\Windows\WinSxS\amd64_microsoft.windows.common-controls_6595b64144ccf1df_6.0.19041.1110_none_60b5254171f9507e\COMCTL32.dll
0x00007ffd07490000 - 0x00007ffd0749a000 	C:\Windows\SYSTEM32\VERSION.dll
0x00007ffd10240000 - 0x00007ffd10270000 	C:\Windows\System32\IMM32.DLL
0x00007ffcdb310000 - 0x00007ffcdb3ab000 	C:\Program Files\Java\jdk-11.0.16\bin\msvcp140.dll
0x00007ffcd59b0000 - 0x00007ffcd64c8000 	C:\Program Files\Java\jdk-11.0.16\bin\server\jvm.dll
0x00007ffd0f020000 - 0x00007ffd0f028000 	C:\Windows\System32\PSAPI.DLL
0x00007ffcffd10000 - 0x00007ffcffd19000 	C:\Windows\SYSTEM32\WSOCK32.dll
0x00007ffd104c0000 - 0x00007ffd1052b000 	C:\Windows\System32\WS2_32.dll
0x00007ffceb720000 - 0x00007ffceb747000 	C:\Windows\SYSTEM32\WINMM.dll
0x00007ffd0c4a0000 - 0x00007ffd0c4b2000 	C:\Windows\SYSTEM32\kernel.appcore.dll
0x00007ffcffd50000 - 0x00007ffcffd60000 	C:\Program Files\Java\jdk-11.0.16\bin\verify.dll
0x00007ffd03a50000 - 0x00007ffd03c34000 	C:\Windows\SYSTEM32\DBGHELP.DLL
0x00007ffd04e00000 - 0x00007ffd04e2c000 	C:\Windows\SYSTEM32\dbgcore.DLL
0x00007ffd0eb70000 - 0x00007ffd0ebf2000 	C:\Windows\System32\bcryptPrimitives.dll
0x00007ffcea320000 - 0x00007ffcea348000 	C:\Program Files\Java\jdk-11.0.16\bin\java.dll
0x00007ffcefeb0000 - 0x00007ffcefeba000 	C:\Program Files\Java\jdk-11.0.16\bin\jimage.dll
0x00007ffcefce0000 - 0x00007ffcefcf6000 	C:\Program Files\Java\jdk-11.0.16\bin\zip.dll
0x00007ffd0f550000 - 0x00007ffd0fc93000 	C:\Windows\System32\SHELL32.dll
0x00007ffd0c6a0000 - 0x00007ffd0ce31000 	C:\Windows\SYSTEM32\windows.storage.dll
0x00007ffd10a00000 - 0x00007ffd10d54000 	C:\Windows\System32\combase.dll
0x00007ffd0dea0000 - 0x00007ffd0ded0000 	C:\Windows\SYSTEM32\Wldp.dll
0x00007ffd10d60000 - 0x00007ffd10e0d000 	C:\Windows\System32\SHCORE.dll
0x00007ffd0f140000 - 0x00007ffd0f195000 	C:\Windows\System32\shlwapi.dll
0x00007ffd0e540000 - 0x00007ffd0e55f000 	C:\Windows\SYSTEM32\profapi.dll
0x00007ffce9950000 - 0x00007ffce9969000 	C:\Program Files\Java\jdk-11.0.16\bin\net.dll
0x00007ffd05c40000 - 0x00007ffd05d4d000 	C:\Windows\SYSTEM32\WINHTTP.dll
0x00007ffd0dc80000 - 0x00007ffd0dcea000 	C:\Windows\system32\mswsock.dll
0x00007ffce9560000 - 0x00007ffce9572000 	C:\Program Files\Java\jdk-11.0.16\bin\nio.dll
0x0000000069ac0000 - 0x0000000069ae4000 	C:\Users\sfjbs\Downloads\micro service-20221021T071039Z-001\micro service\apache-maven-3.8.5-bin\apache-maven-3.8.5\lib\jansi-native\Windows\x86_64\jansi.dll

dbghelp: loaded successfully - version: 4.0.5 - missing functions: none
symbol engine: initialized successfully - sym options: 0x614 - pdb path: .;C:\Program Files\Java\jdk-11.0.16\bin;C:\Windows\SYSTEM32;C:\Windows\WinSxS\amd64_microsoft.windows.common-controls_6595b64144ccf1df_6.0.19041.1110_none_60b5254171f9507e;C:\Program Files\Java\jdk-11.0.16\bin\server;C:\Users\sfjbs\Downloads\micro service-20221021T071039Z-001\micro service\apache-maven-3.8.5-bin\apache-maven-3.8.5\lib\jansi-native\Windows\x86_64

VM Arguments:
jvm_args: -Dclassworlds.conf=C:\Users\sfjbs\Downloads\micro service-20221021T071039Z-001\micro service\apache-maven-3.8.5-bin\apache-maven-3.8.5\bin\m2.conf -Dmaven.home=C:\Users\sfjbs\Downloads\micro service-20221021T071039Z-001\micro service\apache-maven-3.8.5-bin\apache-maven-3.8.5 -Dlibrary.jansi.path=C:\Users\sfjbs\Downloads\micro service-20221021T071039Z-001\micro service\apache-maven-3.8.5-bin\apache-maven-3.8.5\lib\jansi-native -Dmaven.multiModuleProjectDirectory=C:\Users\sfjbs\IdeaProjects\oct31training\Mrudal\DAy4\spring-boot-app 
java_command: org.codehaus.plexus.classworlds.launcher.Launcher clean install
java_class_path (initial): C:\Users\sfjbs\Downloads\micro service-20221021T071039Z-001\micro service\apache-maven-3.8.5-bin\apache-maven-3.8.5\boot\plexus-classworlds-2.6.0.jar
Launcher Type: SUN_STANDARD

[Global flags]
     intx CICompilerCount                          = 2                                         {product} {ergonomic}
     uint ConcGCThreads                            = 1                                         {product} {ergonomic}
     uint G1ConcRefinementThreads                  = 2                                         {product} {ergonomic}
   size_t G1HeapRegionSize                         = 1048576                                   {product} {ergonomic}
    uintx GCDrainStackTargetSize                   = 64                                        {product} {ergonomic}
   size_t InitialHeapSize                          = 134217728                                 {product} {ergonomic}
   size_t MarkStackSize                            = 4194304                                   {product} {ergonomic}
   size_t MaxHeapSize                              = 2147483648                                {product} {ergonomic}
   size_t MaxNewSize                               = 1287651328                                {product} {ergonomic}
   size_t MinHeapDeltaBytes                        = 1048576                                   {product} {ergonomic}
    uintx NonNMethodCodeHeapSize                   = 5825164                                {pd product} {ergonomic}
    uintx NonProfiledCodeHeapSize                  = 122916538                              {pd product} {ergonomic}
    uintx ProfiledCodeHeapSize                     = 122916538                              {pd product} {ergonomic}
    uintx ReservedCodeCacheSize                    = 251658240                              {pd product} {ergonomic}
     bool SegmentedCodeCache                       = true                                      {product} {ergonomic}
     bool UseCompressedClassPointers               = true                                 {lp64_product} {ergonomic}
     bool UseCompressedOops                        = true                                 {lp64_product} {ergonomic}
     bool UseG1GC                                  = true                                      {product} {ergonomic}
     bool UseLargePagesIndividualAllocation        = false                                  {pd product} {ergonomic}

Logging:
Log output configuration:
 #0: stdout all=warning uptime,level,tags
 #1: stderr all=off uptime,level,tags

Environment Variables:
PATH=C:\Program Files\Common Files\Oracle\Java\javapath;C:\Windows\system32;C:\Windows;C:\Windows\System32\Wbem;C:\Windows\System32\WindowsPowerShell\v1.0\;C:\Windows\System32\OpenSSH\;C:\Users\sfjbs\Downloads\micro service-20221021T071039Z-001\micro service\apache-maven-3.8.5-bin\apache-maven-3.8.5\bin;C:\Users\sfjbs\Downloads\micro service-20221021T071039Z-001\micro service\apache-maven-3.8.5-bin\apache-maven-3.8.5\lib;C:\Program Files\Git\cmd;C:\Program Files\Docker\Docker\resources\bin;C:\Users\sfjbs\AppData\Local\Microsoft\WindowsApps;C:\Users\sfjbs\Downloads\micro service-20221021T071039Z-001\micro service\apache-maven-3.8.5-bin\apache-maven-3.8.5\bin;C:\Users\sfjbs\Downloads\micro service-20221021T071039Z-001\micro service\apache-maven-3.8.5-bin\apache-maven-3.8.5\lib;;C:\Program Files\JetBrains\IntelliJ IDEA Community Edition 2022.2.1\bin;
USERNAME=sfjbs
OS=Windows_NT
PROCESSOR_IDENTIFIER=Intel64 Family 6 Model 106 Stepping 6, GenuineIntel



---------------  S Y S T E M  ---------------

OS: Windows 10 , 64 bit Build 19041 (10.0.19041.1889)
Hyper-V role detected

CPU:total 2 (initial active 2) (1 cores per cpu, 2 threads per core) family 6 model 106 stepping 6 microcode 0xffffffff, cmov, cx8, fxsr, mmx, sse, sse2, sse3, ssse3, sse4.1, sse4.2, popcnt, avx, avx2, aes, clmul, erms, rtm, 3dnowpref, lzcnt, ht, tsc, bmi1, bmi2, adx, evex, fma

Memory: 4k page, system-wide physical 8190M (1059M free)
TotalPageFile size 10238M (AvailPageFile size 4M)
current process WorkingSet (physical memory assigned to process): 91M, peak: 91M
current process commit charge ("private bytes"): 224M, peak: 225M

vm_info: Java HotSpot(TM) 64-Bit Server VM (11.0.16+11-LTS-199) for windows-amd64 JRE (11.0.16+11-LTS-199), built on Jun 28 2022 08:23:17 by "mach5one" with MS VC++ 15.9 (VS2017)

END.
