#
# There is insufficient memory for the Java Runtime Environment to continue.
# Native memory allocation (malloc) failed to allocate 969456 bytes for Chunk::new
# Possible reasons:
#   The system is out of physical RAM or swap space
#   The process is running with CompressedOops enabled, and the Java Heap may be blocking the growth of the native heap
# Possible solutions:
#   Reduce memory load on the system
#   Increase physical memory or swap space
#   Check if swap backing store is full
#   Decrease Java heap size (-Xmx/-Xms)
#   Decrease number of Java threads
#   Decrease Java thread stack sizes (-Xss)
#   Set larger code cache with -XX:ReservedCodeCacheSize=
#   JVM is running with Unscaled Compressed Oops mode in which the Java heap is
#     placed in the first 4GB address space. The Java Heap base address is the
#     maximum limit for the native heap growth. Please use -XX:HeapBaseMinAddress
#     to set the Java Heap base and to place the Java Heap above 4GB virtual address.
# This output file may be truncated or incomplete.
#
#  Out of Memory Error (./open/src/hotspot/share/memory/arena.cpp:197), pid=9608, tid=2776
#
# JRE version: Java(TM) SE Runtime Environment 18.9 (11.0.16+11) (build 11.0.16+11-LTS-199)
# Java VM: Java HotSpot(TM) 64-Bit Server VM 18.9 (11.0.16+11-LTS-199, mixed mode, tiered, compressed oops, g1 gc, windows-amd64)
# No core dump will be written. Minidumps are not enabled by default on client versions of Windows
#

---------------  S U M M A R Y ------------

Command Line: -Dclassworlds.conf=C:\Users\sfjbs\Downloads\micro service-20221021T071039Z-001\micro service\apache-maven-3.8.5-bin\apache-maven-3.8.5\bin\m2.conf -Dmaven.home=C:\Users\sfjbs\Downloads\micro service-20221021T071039Z-001\micro service\apache-maven-3.8.5-bin\apache-maven-3.8.5 -Dlibrary.jansi.path=C:\Users\sfjbs\Downloads\micro service-20221021T071039Z-001\micro service\apache-maven-3.8.5-bin\apache-maven-3.8.5\lib\jansi-native -Dmaven.multiModuleProjectDirectory=C:\Users\sfjbs\IdeaProjects\oct31training\usha\Day12\fourth-artemis-demo\artemis-demo-consumer org.codehaus.plexus.classworlds.launcher.Launcher spring-boot:run

Host: Intel(R) Xeon(R) Platinum 8272CL CPU @ 2.60GHz, 2 cores, 7G,  Windows 10 , 64 bit Build 19041 (10.0.19041.2251)
Time: Mon Nov 21 14:30:49 2022 Coordinated Universal Time elapsed time: 10.187119 seconds (0d 0h 0m 10s)

---------------  T H R E A D  ---------------

Current thread (0x0000027078a5f000):  JavaThread "C2 CompilerThread0" daemon [_thread_in_native, id=2776, stack(0x000000d202f00000,0x000000d203000000)]


Current CompileTask:
C2:  10187 5002 % !   4       java.util.jar.Attributes::read @ 155 (354 bytes)

Stack: [0x000000d202f00000,0x000000d203000000]
Native frames: (J=compiled Java code, j=interpreted, Vv=VM code, C=native code)
V  [jvm.dll+0x62a3ea]
V  [jvm.dll+0x76418f]
V  [jvm.dll+0x765839]
V  [jvm.dll+0x765ec3]
V  [jvm.dll+0x23da98]
V  [jvm.dll+0xb2a1c]
V  [jvm.dll+0xb2fdc]
V  [jvm.dll+0x341487]
V  [jvm.dll+0x18cc31]
V  [jvm.dll+0x1f85b2]
V  [jvm.dll+0x1f768d]
V  [jvm.dll+0x177c81]
V  [jvm.dll+0x207006]
V  [jvm.dll+0x20519b]
V  [jvm.dll+0x729fa0]
V  [jvm.dll+0x722b74]
V  [jvm.dll+0x629286]
C  [ucrtbase.dll+0x21bb2]
C  [KERNEL32.DLL+0x174b4]
C  [ntdll.dll+0x526a1]


---------------  P R O C E S S  ---------------

Threads class SMR info:
_java_thread_list=0x0000027079455560, length=10, elements={
0x0000027069fc6000, 0x0000027078a4d000, 0x0000027078a4e000, 0x0000027078a49000,
0x0000027078a5c800, 0x0000027078a5e800, 0x0000027078a5f000, 0x0000027078a9a000,
0x0000027078a9b000, 0x00000270794b3800
}

Java Threads: ( => current thread )
  0x0000027069fc6000 JavaThread "main" [_thread_in_native, id=1352, stack(0x000000d202200000,0x000000d202300000)]
  0x0000027078a4d000 JavaThread "Reference Handler" daemon [_thread_blocked, id=7672, stack(0x000000d202a00000,0x000000d202b00000)]
  0x0000027078a4e000 JavaThread "Finalizer" daemon [_thread_blocked, id=3928, stack(0x000000d202b00000,0x000000d202c00000)]
  0x0000027078a49000 JavaThread "Signal Dispatcher" daemon [_thread_blocked, id=6220, stack(0x000000d202c00000,0x000000d202d00000)]
  0x0000027078a5c800 JavaThread "Attach Listener" daemon [_thread_blocked, id=636, stack(0x000000d202d00000,0x000000d202e00000)]
  0x0000027078a5e800 JavaThread "Service Thread" daemon [_thread_blocked, id=5740, stack(0x000000d202e00000,0x000000d202f00000)]
=>0x0000027078a5f000 JavaThread "C2 CompilerThread0" daemon [_thread_in_native, id=2776, stack(0x000000d202f00000,0x000000d203000000)]
  0x0000027078a9a000 JavaThread "C1 CompilerThread0" daemon [_thread_blocked, id=5996, stack(0x000000d203000000,0x000000d203100000)]
  0x0000027078a9b000 JavaThread "Sweeper thread" daemon [_thread_blocked, id=6156, stack(0x000000d203100000,0x000000d203200000)]
  0x00000270794b3800 JavaThread "Common-Cleaner" daemon [_thread_blocked, id=9424, stack(0x000000d203300000,0x000000d203400000)]

Other Threads:
  0x0000027078a39000 VMThread "VM Thread" [stack: 0x000000d202900000,0x000000d202a00000] [id=968]
  0x00000270794ad800 WatcherThread [stack: 0x000000d203200000,0x000000d203300000] [id=7576]
  0x0000027069fda000 GCTaskThread "GC Thread#0" [stack: 0x000000d202400000,0x000000d202500000] [id=11052]
  0x0000027079ad3800 GCTaskThread "GC Thread#1" [stack: 0x000000d203400000,0x000000d203500000] [id=7028]
  0x000002706a00b800 ConcurrentGCThread "G1 Main Marker" [stack: 0x000000d202500000,0x000000d202600000] [id=10008]
  0x000002706a00e000 ConcurrentGCThread "G1 Conc#0" [stack: 0x000000d202600000,0x000000d202700000] [id=11092]
  0x000002706a094000 ConcurrentGCThread "G1 Refine#0" [stack: 0x000000d202700000,0x000000d202800000] [id=7728]
  0x000002706a096000 ConcurrentGCThread "G1 Young RemSet Sampling" [stack: 0x000000d202800000,0x000000d202900000] [id=3724]

Threads with active compile tasks:
C2 CompilerThread0    10244 5002 % !   4       java.util.jar.Attributes::read @ 155 (354 bytes)

VM state:not at safepoint (normal execution)

VM Mutex/Monitor currently owned by a thread: None

Heap address: 0x0000000080000000, size: 2048 MB, Compressed Oops mode: 32-bit
Narrow klass base: 0x0000000000000000, Narrow klass shift: 3
Compressed class space size: 1073741824 Address: 0x0000000100000000

Heap:
 garbage-first heap   total 157696K, used 74470K [0x0000000080000000, 0x0000000100000000)
  region size 1024K, 58 young (59392K), 10 survivors (10240K)
 Metaspace       used 32553K, capacity 33178K, committed 33536K, reserved 1079296K
  class space    used 3454K, capacity 3715K, committed 3840K, reserved 1048576K
Heap Regions: E=young(eden), S=young(survivor), O=old, HS=humongous(starts), HC=humongous(continues), CS=collection set, F=free, A=archive, TAMS=top-at-mark-start (previous, next)
|   0|0x0000000080000000, 0x0000000080100000, 0x0000000080100000|100%| O|  |TAMS 0x0000000080100000, 0x0000000080000000| Untracked 
|   1|0x0000000080100000, 0x0000000080200000, 0x0000000080200000|100%| O|  |TAMS 0x0000000080200000, 0x0000000080100000| Untracked 
|   2|0x0000000080200000, 0x0000000080300000, 0x0000000080300000|100%| O|  |TAMS 0x00000000802ff000, 0x0000000080200000| Untracked 
|   3|0x0000000080300000, 0x0000000080300000, 0x0000000080400000|  0%| F|  |TAMS 0x0000000080300000, 0x0000000080300000| Untracked 
|   4|0x0000000080400000, 0x0000000080400000, 0x0000000080500000|  0%| F|  |TAMS 0x0000000080400000, 0x0000000080400000| Untracked 
|   5|0x0000000080500000, 0x0000000080500000, 0x0000000080600000|  0%| F|  |TAMS 0x0000000080500000, 0x0000000080500000| Untracked 
|   6|0x0000000080600000, 0x0000000080600000, 0x0000000080700000|  0%| F|  |TAMS 0x0000000080600000, 0x0000000080600000| Untracked 
|   7|0x0000000080700000, 0x0000000080700000, 0x0000000080800000|  0%| F|  |TAMS 0x0000000080700000, 0x0000000080700000| Untracked 
|   8|0x0000000080800000, 0x0000000080800000, 0x0000000080900000|  0%| F|  |TAMS 0x0000000080800000, 0x0000000080800000| Untracked 
|   9|0x0000000080900000, 0x0000000080900000, 0x0000000080a00000|  0%| F|  |TAMS 0x0000000080900000, 0x0000000080900000| Untracked 
|  10|0x0000000080a00000, 0x0000000080a00000, 0x0000000080b00000|  0%| F|  |TAMS 0x0000000080a00000, 0x0000000080a00000| Untracked 
|  11|0x0000000080b00000, 0x0000000080b00000, 0x0000000080c00000|  0%| F|  |TAMS 0x0000000080b00000, 0x0000000080b00000| Untracked 
|  12|0x0000000080c00000, 0x0000000080c00000, 0x0000000080d00000|  0%| F|  |TAMS 0x0000000080c00000, 0x0000000080c00000| Untracked 
|  13|0x0000000080d00000, 0x0000000080d00000, 0x0000000080e00000|  0%| F|  |TAMS 0x0000000080d00000, 0x0000000080d00000| Untracked 
|  14|0x0000000080e00000, 0x0000000080e00000, 0x0000000080f00000|  0%| F|  |TAMS 0x0000000080e00000, 0x0000000080e00000| Untracked 
|  15|0x0000000080f00000, 0x0000000080f00000, 0x0000000081000000|  0%| F|  |TAMS 0x0000000080f00000, 0x0000000080f00000| Untracked 
|  16|0x0000000081000000, 0x0000000081000000, 0x0000000081100000|  0%| F|  |TAMS 0x0000000081000000, 0x0000000081000000| Untracked 
|  17|0x0000000081100000, 0x0000000081100000, 0x0000000081200000|  0%| F|  |TAMS 0x0000000081100000, 0x0000000081100000| Untracked 
|  18|0x0000000081200000, 0x0000000081200000, 0x0000000081300000|  0%| F|  |TAMS 0x0000000081200000, 0x0000000081200000| Untracked 
|  19|0x0000000081300000, 0x0000000081300000, 0x0000000081400000|  0%| F|  |TAMS 0x0000000081300000, 0x0000000081300000| Untracked 
|  20|0x0000000081400000, 0x0000000081400000, 0x0000000081500000|  0%| F|  |TAMS 0x0000000081400000, 0x0000000081400000| Untracked 
|  21|0x0000000081500000, 0x0000000081500000, 0x0000000081600000|  0%| F|  |TAMS 0x0000000081500000, 0x0000000081500000| Untracked 
|  22|0x0000000081600000, 0x0000000081600000, 0x0000000081700000|  0%| F|  |TAMS 0x0000000081600000, 0x0000000081600000| Untracked 
|  23|0x0000000081700000, 0x0000000081700000, 0x0000000081800000|  0%| F|  |TAMS 0x0000000081700000, 0x0000000081700000| Untracked 
|  24|0x0000000081800000, 0x0000000081800000, 0x0000000081900000|  0%| F|  |TAMS 0x0000000081800000, 0x0000000081800000| Untracked 
|  25|0x0000000081900000, 0x0000000081900000, 0x0000000081a00000|  0%| F|  |TAMS 0x0000000081900000, 0x0000000081900000| Untracked 
|  26|0x0000000081a00000, 0x0000000081a00000, 0x0000000081b00000|  0%| F|  |TAMS 0x0000000081a00000, 0x0000000081a00000| Untracked 
|  27|0x0000000081b00000, 0x0000000081b00000, 0x0000000081c00000|  0%| F|  |TAMS 0x0000000081b00000, 0x0000000081b00000| Untracked 
|  28|0x0000000081c00000, 0x0000000081c00000, 0x0000000081d00000|  0%| F|  |TAMS 0x0000000081c00000, 0x0000000081c00000| Untracked 
|  29|0x0000000081d00000, 0x0000000081d00000, 0x0000000081e00000|  0%| F|  |TAMS 0x0000000081d00000, 0x0000000081d00000| Untracked 
|  30|0x0000000081e00000, 0x0000000081e00000, 0x0000000081f00000|  0%| F|  |TAMS 0x0000000081e00000, 0x0000000081e00000| Untracked 
|  31|0x0000000081f00000, 0x0000000081f00000, 0x0000000082000000|  0%| F|  |TAMS 0x0000000081f00000, 0x0000000081f00000| Untracked 
|  32|0x0000000082000000, 0x0000000082000000, 0x0000000082100000|  0%| F|  |TAMS 0x0000000082000000, 0x0000000082000000| Untracked 
|  33|0x0000000082100000, 0x0000000082100000, 0x0000000082200000|  0%| F|  |TAMS 0x0000000082100000, 0x0000000082100000| Untracked 
|  34|0x0000000082200000, 0x0000000082200000, 0x0000000082300000|  0%| F|  |TAMS 0x0000000082200000, 0x0000000082200000| Untracked 
|  35|0x0000000082300000, 0x0000000082300000, 0x0000000082400000|  0%| F|  |TAMS 0x0000000082300000, 0x0000000082300000| Untracked 
|  36|0x0000000082400000, 0x0000000082400000, 0x0000000082500000|  0%| F|  |TAMS 0x0000000082400000, 0x0000000082400000| Untracked 
|  37|0x0000000082500000, 0x0000000082500000, 0x0000000082600000|  0%| F|  |TAMS 0x0000000082500000, 0x0000000082500000| Untracked 
|  38|0x0000000082600000, 0x0000000082600000, 0x0000000082700000|  0%| F|  |TAMS 0x0000000082600000, 0x0000000082600000| Untracked 
|  39|0x0000000082700000, 0x0000000082700000, 0x0000000082800000|  0%| F|  |TAMS 0x0000000082700000, 0x0000000082700000| Untracked 
|  40|0x0000000082800000, 0x0000000082800000, 0x0000000082900000|  0%| F|  |TAMS 0x0000000082800000, 0x0000000082800000| Untracked 
|  41|0x0000000082900000, 0x0000000082900000, 0x0000000082a00000|  0%| F|  |TAMS 0x0000000082900000, 0x0000000082900000| Untracked 
|  42|0x0000000082a00000, 0x0000000082a00000, 0x0000000082b00000|  0%| F|  |TAMS 0x0000000082a00000, 0x0000000082a00000| Untracked 
|  43|0x0000000082b00000, 0x0000000082b00000, 0x0000000082c00000|  0%| F|  |TAMS 0x0000000082b00000, 0x0000000082b00000| Untracked 
|  44|0x0000000082c00000, 0x0000000082c00000, 0x0000000082d00000|  0%| F|  |TAMS 0x0000000082c00000, 0x0000000082c00000| Untracked 
|  45|0x0000000082d00000, 0x0000000082d00000, 0x0000000082e00000|  0%| F|  |TAMS 0x0000000082d00000, 0x0000000082d00000| Untracked 
|  46|0x0000000082e00000, 0x0000000082e00000, 0x0000000082f00000|  0%| F|  |TAMS 0x0000000082e00000, 0x0000000082e00000| Untracked 
|  47|0x0000000082f00000, 0x0000000082f00000, 0x0000000083000000|  0%| F|  |TAMS 0x0000000082f00000, 0x0000000082f00000| Untracked 
|  48|0x0000000083000000, 0x0000000083000000, 0x0000000083100000|  0%| F|  |TAMS 0x0000000083000000, 0x0000000083000000| Untracked 
|  49|0x0000000083100000, 0x0000000083100000, 0x0000000083200000|  0%| F|  |TAMS 0x0000000083100000, 0x0000000083100000| Untracked 
|  50|0x0000000083200000, 0x0000000083200000, 0x0000000083300000|  0%| F|  |TAMS 0x0000000083200000, 0x0000000083200000| Untracked 
|  51|0x0000000083300000, 0x0000000083400000, 0x0000000083400000|100%| O|  |TAMS 0x0000000083300000, 0x0000000083300000| Untracked 
|  52|0x0000000083400000, 0x0000000083500000, 0x0000000083500000|100%| O|  |TAMS 0x0000000083400000, 0x0000000083400000| Untracked 
|  53|0x0000000083500000, 0x0000000083600000, 0x0000000083600000|100%| O|  |TAMS 0x0000000083500000, 0x0000000083500000| Untracked 
|  54|0x0000000083600000, 0x0000000083700000, 0x0000000083700000|100%| O|  |TAMS 0x0000000083600000, 0x0000000083600000| Untracked 
|  55|0x0000000083700000, 0x0000000083800000, 0x0000000083800000|100%| O|  |TAMS 0x0000000083700000, 0x0000000083700000| Untracked 
|  56|0x0000000083800000, 0x0000000083900000, 0x0000000083900000|100%| O|  |TAMS 0x0000000083800000, 0x0000000083800000| Untracked 
|  57|0x0000000083900000, 0x0000000083a00000, 0x0000000083a00000|100%| O|  |TAMS 0x0000000083900000, 0x0000000083900000| Untracked 
|  58|0x0000000083a00000, 0x0000000083b00000, 0x0000000083b00000|100%| O|  |TAMS 0x0000000083a00000, 0x0000000083a00000| Untracked 
|  59|0x0000000083b00000, 0x0000000083c00000, 0x0000000083c00000|100%| O|  |TAMS 0x0000000083b00000, 0x0000000083b00000| Untracked 
|  60|0x0000000083c00000, 0x0000000083d00000, 0x0000000083d00000|100%| O|  |TAMS 0x0000000083c00000, 0x0000000083c00000| Untracked 
|  61|0x0000000083d00000, 0x0000000083e00000, 0x0000000083e00000|100%| O|  |TAMS 0x0000000083d00000, 0x0000000083d00000| Untracked 
|  62|0x0000000083e00000, 0x0000000083f00000, 0x0000000083f00000|100%| O|  |TAMS 0x0000000083e00000, 0x0000000083e00000| Untracked 
|  63|0x0000000083f00000, 0x0000000083fb9a00, 0x0000000084000000| 72%| O|  |TAMS 0x0000000083f00000, 0x0000000083f00000| Untracked 
|  64|0x0000000084000000, 0x0000000084000000, 0x0000000084100000|  0%| F|  |TAMS 0x0000000084000000, 0x0000000084000000| Untracked 
|  65|0x0000000084100000, 0x0000000084100000, 0x0000000084200000|  0%| F|  |TAMS 0x0000000084100000, 0x0000000084100000| Untracked 
|  66|0x0000000084200000, 0x0000000084200000, 0x0000000084300000|  0%| F|  |TAMS 0x0000000084200000, 0x0000000084200000| Untracked 
|  67|0x0000000084300000, 0x0000000084300000, 0x0000000084400000|  0%| F|  |TAMS 0x0000000084300000, 0x0000000084300000| Untracked 
|  68|0x0000000084400000, 0x0000000084400000, 0x0000000084500000|  0%| F|  |TAMS 0x0000000084400000, 0x0000000084400000| Untracked 
|  69|0x0000000084500000, 0x0000000084500000, 0x0000000084600000|  0%| F|  |TAMS 0x0000000084500000, 0x0000000084500000| Untracked 
|  70|0x0000000084600000, 0x0000000084700000, 0x0000000084700000|100%| S|CS|TAMS 0x0000000084600000, 0x0000000084600000| Complete 
|  71|0x0000000084700000, 0x0000000084800000, 0x0000000084800000|100%| S|CS|TAMS 0x0000000084700000, 0x0000000084700000| Complete 
|  72|0x0000000084800000, 0x0000000084900000, 0x0000000084900000|100%| S|CS|TAMS 0x0000000084800000, 0x0000000084800000| Complete 
|  73|0x0000000084900000, 0x0000000084a00000, 0x0000000084a00000|100%| S|CS|TAMS 0x0000000084900000, 0x0000000084900000| Complete 
|  74|0x0000000084a00000, 0x0000000084b00000, 0x0000000084b00000|100%| S|CS|TAMS 0x0000000084a00000, 0x0000000084a00000| Complete 
|  75|0x0000000084b00000, 0x0000000084c00000, 0x0000000084c00000|100%| S|CS|TAMS 0x0000000084b00000, 0x0000000084b00000| Complete 
|  76|0x0000000084c00000, 0x0000000084d00000, 0x0000000084d00000|100%| S|CS|TAMS 0x0000000084c00000, 0x0000000084c00000| Complete 
|  77|0x0000000084d00000, 0x0000000084e00000, 0x0000000084e00000|100%| S|CS|TAMS 0x0000000084d00000, 0x0000000084d00000| Complete 
|  78|0x0000000084e00000, 0x0000000084f00000, 0x0000000084f00000|100%| S|CS|TAMS 0x0000000084e00000, 0x0000000084e00000| Complete 
|  79|0x0000000084f00000, 0x0000000085000000, 0x0000000085000000|100%| S|CS|TAMS 0x0000000084f00000, 0x0000000084f00000| Complete 
|  80|0x0000000085000000, 0x0000000085000000, 0x0000000085100000|  0%| F|  |TAMS 0x0000000085000000, 0x0000000085000000| Untracked 
|  81|0x0000000085100000, 0x0000000085100000, 0x0000000085200000|  0%| F|  |TAMS 0x0000000085100000, 0x0000000085100000| Untracked 
|  82|0x0000000085200000, 0x0000000085200000, 0x0000000085300000|  0%| F|  |TAMS 0x0000000085200000, 0x0000000085200000| Untracked 
|  83|0x0000000085300000, 0x0000000085300000, 0x0000000085400000|  0%| F|  |TAMS 0x0000000085300000, 0x0000000085300000| Untracked 
|  84|0x0000000085400000, 0x0000000085400000, 0x0000000085500000|  0%| F|  |TAMS 0x0000000085400000, 0x0000000085400000| Untracked 
|  85|0x0000000085500000, 0x0000000085500000, 0x0000000085600000|  0%| F|  |TAMS 0x0000000085500000, 0x0000000085500000| Untracked 
|  86|0x0000000085600000, 0x0000000085600000, 0x0000000085700000|  0%| F|  |TAMS 0x0000000085600000, 0x0000000085600000| Untracked 
|  87|0x0000000085700000, 0x0000000085700000, 0x0000000085800000|  0%| F|  |TAMS 0x0000000085700000, 0x0000000085700000| Untracked 
|  88|0x0000000085800000, 0x0000000085800000, 0x0000000085900000|  0%| F|  |TAMS 0x0000000085800000, 0x0000000085800000| Untracked 
|  89|0x0000000085900000, 0x0000000085900000, 0x0000000085a00000|  0%| F|  |TAMS 0x0000000085900000, 0x0000000085900000| Untracked 
|  90|0x0000000085a00000, 0x0000000085a00000, 0x0000000085b00000|  0%| F|  |TAMS 0x0000000085a00000, 0x0000000085a00000| Untracked 
|  91|0x0000000085b00000, 0x0000000085b00000, 0x0000000085c00000|  0%| F|  |TAMS 0x0000000085b00000, 0x0000000085b00000| Untracked 
|  92|0x0000000085c00000, 0x0000000085c00000, 0x0000000085d00000|  0%| F|  |TAMS 0x0000000085c00000, 0x0000000085c00000| Untracked 
|  93|0x0000000085d00000, 0x0000000085d00000, 0x0000000085e00000|  0%| F|  |TAMS 0x0000000085d00000, 0x0000000085d00000| Untracked 
|  94|0x0000000085e00000, 0x0000000085e00000, 0x0000000085f00000|  0%| F|  |TAMS 0x0000000085e00000, 0x0000000085e00000| Untracked 
|  95|0x0000000085f00000, 0x0000000085f00000, 0x0000000086000000|  0%| F|  |TAMS 0x0000000085f00000, 0x0000000085f00000| Untracked 
|  96|0x0000000086000000, 0x0000000086000000, 0x0000000086100000|  0%| F|  |TAMS 0x0000000086000000, 0x0000000086000000| Untracked 
|  97|0x0000000086100000, 0x0000000086100000, 0x0000000086200000|  0%| F|  |TAMS 0x0000000086100000, 0x0000000086100000| Untracked 
|  98|0x0000000086200000, 0x0000000086200000, 0x0000000086300000|  0%| F|  |TAMS 0x0000000086200000, 0x0000000086200000| Untracked 
|  99|0x0000000086300000, 0x0000000086300000, 0x0000000086400000|  0%| F|  |TAMS 0x0000000086300000, 0x0000000086300000| Untracked 
| 100|0x0000000086400000, 0x0000000086400000, 0x0000000086500000|  0%| F|  |TAMS 0x0000000086400000, 0x0000000086400000| Untracked 
| 101|0x0000000086500000, 0x0000000086500000, 0x0000000086600000|  0%| F|  |TAMS 0x0000000086500000, 0x0000000086500000| Untracked 
| 102|0x0000000086600000, 0x0000000086600000, 0x0000000086700000|  0%| F|  |TAMS 0x0000000086600000, 0x0000000086600000| Untracked 
| 103|0x0000000086700000, 0x0000000086700000, 0x0000000086800000|  0%| F|  |TAMS 0x0000000086700000, 0x0000000086700000| Untracked 
| 104|0x0000000086800000, 0x0000000086800000, 0x0000000086900000|  0%| F|  |TAMS 0x0000000086800000, 0x0000000086800000| Untracked 
| 105|0x0000000086900000, 0x0000000086900000, 0x0000000086a00000|  0%| F|  |TAMS 0x0000000086900000, 0x0000000086900000| Untracked 
| 106|0x0000000086a00000, 0x0000000086b00000, 0x0000000086b00000|100%| E|  |TAMS 0x0000000086a00000, 0x0000000086a00000| Complete 
| 107|0x0000000086b00000, 0x0000000086c00000, 0x0000000086c00000|100%| E|CS|TAMS 0x0000000086b00000, 0x0000000086b00000| Complete 
| 108|0x0000000086c00000, 0x0000000086d00000, 0x0000000086d00000|100%| E|CS|TAMS 0x0000000086c00000, 0x0000000086c00000| Complete 
| 109|0x0000000086d00000, 0x0000000086e00000, 0x0000000086e00000|100%| E|CS|TAMS 0x0000000086d00000, 0x0000000086d00000| Complete 
| 110|0x0000000086e00000, 0x0000000086f00000, 0x0000000086f00000|100%| E|CS|TAMS 0x0000000086e00000, 0x0000000086e00000| Complete 
| 111|0x0000000086f00000, 0x0000000087000000, 0x0000000087000000|100%| E|CS|TAMS 0x0000000086f00000, 0x0000000086f00000| Complete 
| 112|0x0000000087000000, 0x0000000087100000, 0x0000000087100000|100%| E|CS|TAMS 0x0000000087000000, 0x0000000087000000| Complete 
| 113|0x0000000087100000, 0x0000000087200000, 0x0000000087200000|100%| E|CS|TAMS 0x0000000087100000, 0x0000000087100000| Complete 
| 114|0x0000000087200000, 0x0000000087300000, 0x0000000087300000|100%| E|CS|TAMS 0x0000000087200000, 0x0000000087200000| Complete 
| 115|0x0000000087300000, 0x0000000087400000, 0x0000000087400000|100%| E|CS|TAMS 0x0000000087300000, 0x0000000087300000| Complete 
| 116|0x0000000087400000, 0x0000000087500000, 0x0000000087500000|100%| E|CS|TAMS 0x0000000087400000, 0x0000000087400000| Complete 
| 117|0x0000000087500000, 0x0000000087600000, 0x0000000087600000|100%| E|CS|TAMS 0x0000000087500000, 0x0000000087500000| Complete 
| 118|0x0000000087600000, 0x0000000087700000, 0x0000000087700000|100%| E|CS|TAMS 0x0000000087600000, 0x0000000087600000| Complete 
| 119|0x0000000087700000, 0x0000000087800000, 0x0000000087800000|100%| E|CS|TAMS 0x0000000087700000, 0x0000000087700000| Complete 
| 120|0x0000000087800000, 0x0000000087900000, 0x0000000087900000|100%| E|CS|TAMS 0x0000000087800000, 0x0000000087800000| Complete 
| 121|0x0000000087900000, 0x0000000087a00000, 0x0000000087a00000|100%| E|CS|TAMS 0x0000000087900000, 0x0000000087900000| Complete 
| 122|0x0000000087a00000, 0x0000000087b00000, 0x0000000087b00000|100%| E|CS|TAMS 0x0000000087a00000, 0x0000000087a00000| Complete 
| 123|0x0000000087b00000, 0x0000000087c00000, 0x0000000087c00000|100%| E|CS|TAMS 0x0000000087b00000, 0x0000000087b00000| Complete 
| 124|0x0000000087c00000, 0x0000000087d00000, 0x0000000087d00000|100%| E|CS|TAMS 0x0000000087c00000, 0x0000000087c00000| Complete 
| 125|0x0000000087d00000, 0x0000000087e00000, 0x0000000087e00000|100%| E|CS|TAMS 0x0000000087d00000, 0x0000000087d00000| Complete 
| 126|0x0000000087e00000, 0x0000000087f00000, 0x0000000087f00000|100%| E|CS|TAMS 0x0000000087e00000, 0x0000000087e00000| Complete 
| 127|0x0000000087f00000, 0x0000000088000000, 0x0000000088000000|100%| E|CS|TAMS 0x0000000087f00000, 0x0000000087f00000| Complete 
| 128|0x0000000088000000, 0x0000000088100000, 0x0000000088100000|100%| E|CS|TAMS 0x0000000088000000, 0x0000000088000000| Complete 
| 129|0x0000000088100000, 0x0000000088200000, 0x0000000088200000|100%| E|CS|TAMS 0x0000000088100000, 0x0000000088100000| Complete 
| 130|0x0000000088200000, 0x0000000088300000, 0x0000000088300000|100%| E|CS|TAMS 0x0000000088200000, 0x0000000088200000| Complete 
| 131|0x0000000088300000, 0x0000000088400000, 0x0000000088400000|100%| E|CS|TAMS 0x0000000088300000, 0x0000000088300000| Complete 
| 132|0x0000000088400000, 0x0000000088500000, 0x0000000088500000|100%| E|CS|TAMS 0x0000000088400000, 0x0000000088400000| Complete 
| 133|0x0000000088500000, 0x0000000088600000, 0x0000000088600000|100%| E|CS|TAMS 0x0000000088500000, 0x0000000088500000| Complete 
| 134|0x0000000088600000, 0x0000000088700000, 0x0000000088700000|100%| E|CS|TAMS 0x0000000088600000, 0x0000000088600000| Complete 
| 135|0x0000000088700000, 0x0000000088800000, 0x0000000088800000|100%| E|CS|TAMS 0x0000000088700000, 0x0000000088700000| Complete 
| 136|0x0000000088800000, 0x0000000088900000, 0x0000000088900000|100%| E|CS|TAMS 0x0000000088800000, 0x0000000088800000| Complete 
| 137|0x0000000088900000, 0x0000000088a00000, 0x0000000088a00000|100%| E|CS|TAMS 0x0000000088900000, 0x0000000088900000| Complete 
| 138|0x0000000088a00000, 0x0000000088b00000, 0x0000000088b00000|100%| E|CS|TAMS 0x0000000088a00000, 0x0000000088a00000| Complete 
| 139|0x0000000088b00000, 0x0000000088c00000, 0x0000000088c00000|100%| E|CS|TAMS 0x0000000088b00000, 0x0000000088b00000| Complete 
| 140|0x0000000088c00000, 0x0000000088d00000, 0x0000000088d00000|100%| E|CS|TAMS 0x0000000088c00000, 0x0000000088c00000| Complete 
| 141|0x0000000088d00000, 0x0000000088e00000, 0x0000000088e00000|100%| E|CS|TAMS 0x0000000088d00000, 0x0000000088d00000| Complete 
| 142|0x0000000088e00000, 0x0000000088f00000, 0x0000000088f00000|100%| E|CS|TAMS 0x0000000088e00000, 0x0000000088e00000| Complete 
| 143|0x0000000088f00000, 0x0000000089000000, 0x0000000089000000|100%| E|CS|TAMS 0x0000000088f00000, 0x0000000088f00000| Complete 
| 144|0x0000000089000000, 0x0000000089100000, 0x0000000089100000|100%| E|CS|TAMS 0x0000000089000000, 0x0000000089000000| Complete 
| 145|0x0000000089100000, 0x0000000089200000, 0x0000000089200000|100%| E|CS|TAMS 0x0000000089100000, 0x0000000089100000| Complete 
| 146|0x0000000089200000, 0x0000000089300000, 0x0000000089300000|100%| E|CS|TAMS 0x0000000089200000, 0x0000000089200000| Complete 
| 147|0x0000000089300000, 0x0000000089400000, 0x0000000089400000|100%| E|CS|TAMS 0x0000000089300000, 0x0000000089300000| Complete 
| 148|0x0000000089400000, 0x0000000089500000, 0x0000000089500000|100%| E|CS|TAMS 0x0000000089400000, 0x0000000089400000| Complete 
| 149|0x0000000089500000, 0x0000000089600000, 0x0000000089600000|100%| E|CS|TAMS 0x0000000089500000, 0x0000000089500000| Complete 
| 150|0x0000000089600000, 0x0000000089700000, 0x0000000089700000|100%| E|CS|TAMS 0x0000000089600000, 0x0000000089600000| Complete 
| 151|0x0000000089700000, 0x0000000089800000, 0x0000000089800000|100%| E|CS|TAMS 0x0000000089700000, 0x0000000089700000| Complete 
| 152|0x0000000089800000, 0x0000000089900000, 0x0000000089900000|100%| E|CS|TAMS 0x0000000089800000, 0x0000000089800000| Complete 
| 153|0x0000000089900000, 0x0000000089a00000, 0x0000000089a00000|100%| E|CS|TAMS 0x0000000089900000, 0x0000000089900000| Complete 

Card table byte_map: [0x0000027071e80000,0x0000027072280000] _byte_map_base: 0x0000027071a80000

Marking Bits (Prev, Next): (CMBitMap*) 0x000002706a002e60, (CMBitMap*) 0x000002706a002e28
 Prev Bits: [0x0000027074680000, 0x0000027076680000)
 Next Bits: [0x0000027072680000, 0x0000027074680000)

Polling page: 0x0000027068660000

Metaspace:

Usage:
  Non-class:     28.77 MB capacity,    28.42 MB ( 99%) used,   310.07 KB (  1%) free+waste,    54.00 KB ( <1%) overhead. 
      Class:      3.63 MB capacity,     3.37 MB ( 93%) used,   236.07 KB (  6%) free+waste,    24.13 KB ( <1%) overhead. 
       Both:     32.40 MB capacity,    31.79 MB ( 98%) used,   546.14 KB (  2%) free+waste,    78.13 KB ( <1%) overhead. 

Virtual space:
  Non-class space:       30.00 MB reserved,      29.00 MB ( 97%) committed 
      Class space:        1.00 GB reserved,       3.75 MB ( <1%) committed 
             Both:        1.03 GB reserved,      32.75 MB (  3%) committed 

Chunk freelists:
   Non-Class:  5.13 KB
       Class:  0 bytes
        Both:  5.13 KB

CodeHeap 'non-profiled nmethods': size=120064Kb used=2339Kb max_used=2339Kb free=117724Kb
 bounds [0x0000027007ac0000, 0x0000027007d30000, 0x000002700f000000]
CodeHeap 'profiled nmethods': size=120000Kb used=11460Kb max_used=11460Kb free=108539Kb
 bounds [0x0000027000590000, 0x00000270010d0000, 0x0000027007ac0000]
CodeHeap 'non-nmethods': size=5696Kb used=1152Kb max_used=1195Kb free=4543Kb
 bounds [0x0000027000000000, 0x0000027000270000, 0x0000027000590000]
 total_blobs=5495 nmethods=5022 adapters=384
 compilation: enabled
              stopped_count=0, restarted_count=0
 full_count=0

Compilation events (10 events):
Event: 9.963 Thread 0x0000027078a9a000 5045       2       java.lang.ProcessEnvironment$CheckedEntry::getKey (5 bytes)
Event: 9.963 Thread 0x0000027078a9a000 nmethod 5045 0x00000270010bed10 code [0x00000270010beec0, 0x00000270010bf008]
Event: 9.963 Thread 0x0000027078a9a000 5046       2       java.lang.ProcessEnvironment$EntryComparator::compare (13 bytes)
Event: 9.963 Thread 0x0000027078a9a000 nmethod 5046 0x00000270010bf110 code [0x00000270010bf2e0, 0x00000270010bf568]
Event: 10.009 Thread 0x0000027078a5f000 nmethod 4977 0x0000027007cfc710 code [0x0000027007cfcb40, 0x0000027007d04870]
Event: 10.009 Thread 0x0000027078a5f000 4983       4       java.io.InputStreamReader::read (11 bytes)
Event: 10.010 Thread 0x0000027078a5f000 nmethod 4983 0x0000027007d08410 code [0x0000027007d085a0, 0x0000027007d08648]
Event: 10.010 Thread 0x0000027078a5f000 5002 % !   4       java.util.jar.Attributes::read @ 155 (354 bytes)
Event: 10.020 Thread 0x0000027078a9a000 5055       3       sun.invoke.util.VerifyType::isNullConversion (157 bytes)
Event: 10.022 Thread 0x0000027078a9a000 nmethod 5055 0x00000270010bf690 code [0x00000270010bf980, 0x00000270010c0e68]

GC Heap History (10 events):
Event: 1.414 GC heap before
{Heap before GC invocations=2 (full 0):
 garbage-first heap   total 131072K, used 14378K [0x0000000080000000, 0x0000000100000000)
  region size 1024K, 13 young (13312K), 2 survivors (2048K)
 Metaspace       used 12530K, capacity 12692K, committed 12928K, reserved 1060864K
  class space    used 1272K, capacity 1380K, committed 1408K, reserved 1048576K
}
Event: 1.422 GC heap after
{Heap after GC invocations=3 (full 0):
 garbage-first heap   total 131072K, used 3607K [0x0000000080000000, 0x0000000100000000)
  region size 1024K, 1 young (1024K), 1 survivors (1024K)
 Metaspace       used 12530K, capacity 12692K, committed 12928K, reserved 1060864K
  class space    used 1272K, capacity 1380K, committed 1408K, reserved 1048576K
}
Event: 1.909 GC heap before
{Heap before GC invocations=3 (full 0):
 garbage-first heap   total 131072K, used 19991K [0x0000000080000000, 0x0000000100000000)
  region size 1024K, 18 young (18432K), 1 survivors (1024K)
 Metaspace       used 14550K, capacity 14745K, committed 14976K, reserved 1062912K
  class space    used 1520K, capacity 1615K, committed 1664K, reserved 1048576K
}
Event: 1.915 GC heap after
{Heap after GC invocations=4 (full 0):
 garbage-first heap   total 131072K, used 4221K [0x0000000080000000, 0x0000000100000000)
  region size 1024K, 2 young (2048K), 2 survivors (2048K)
 Metaspace       used 14550K, capacity 14745K, committed 14976K, reserved 1062912K
  class space    used 1520K, capacity 1615K, committed 1664K, reserved 1048576K
}
Event: 3.011 GC heap before
{Heap before GC invocations=4 (full 0):
 garbage-first heap   total 131072K, used 32893K [0x0000000080000000, 0x0000000100000000)
  region size 1024K, 30 young (30720K), 2 survivors (2048K)
 Metaspace       used 19673K, capacity 19966K, committed 20224K, reserved 1067008K
  class space    used 2114K, capacity 2212K, committed 2304K, reserved 1048576K
}
Event: 3.024 GC heap after
{Heap after GC invocations=5 (full 0):
 garbage-first heap   total 157696K, used 6658K [0x0000000080000000, 0x0000000100000000)
  region size 1024K, 4 young (4096K), 4 survivors (4096K)
 Metaspace       used 19673K, capacity 19966K, committed 20224K, reserved 1067008K
  class space    used 2114K, capacity 2212K, committed 2304K, reserved 1048576K
}
Event: 5.154 GC heap before
{Heap before GC invocations=5 (full 0):
 garbage-first heap   total 157696K, used 62978K [0x0000000080000000, 0x0000000100000000)
  region size 1024K, 60 young (61440K), 4 survivors (4096K)
 Metaspace       used 20936K, capacity 21203K, committed 21248K, reserved 1069056K
  class space    used 2177K, capacity 2282K, committed 2304K, reserved 1048576K
}
Event: 5.190 GC heap after
{Heap after GC invocations=6 (full 0):
 garbage-first heap   total 157696K, used 11260K [0x0000000080000000, 0x0000000100000000)
  region size 1024K, 8 young (8192K), 8 survivors (8192K)
 Metaspace       used 20936K, capacity 21203K, committed 21248K, reserved 1069056K
  class space    used 2177K, capacity 2282K, committed 2304K, reserved 1048576K
}
Event: 8.191 GC heap before
{Heap before GC invocations=7 (full 0):
 garbage-first heap   total 157696K, used 126972K [0x0000000080000000, 0x0000000100000000)
  region size 1024K, 74 young (75776K), 8 survivors (8192K)
 Metaspace       used 30570K, capacity 31171K, committed 31488K, reserved 1077248K
  class space    used 3258K, capacity 3470K, committed 3584K, reserved 1048576K
}
Event: 8.258 GC heap after
{Heap after GC invocations=8 (full 0):
 garbage-first heap   total 157696K, used 26342K [0x0000000080000000, 0x0000000100000000)
  region size 1024K, 10 young (10240K), 10 survivors (10240K)
 Metaspace       used 30570K, capacity 31171K, committed 31488K, reserved 1077248K
  class space    used 3258K, capacity 3470K, committed 3584K, reserved 1048576K
}

Deoptimization events (10 events):
Event: 9.068 Thread 0x0000027069fc6000 Uncommon trap: reason=unstable_if action=reinterpret pc=0x0000027007c4cdd4 method=org.apache.maven.model.merge.ModelMerger.mergeConfigurationContainer_Configuration(Lorg/apache/maven/model/ConfigurationContainer;Lorg/apache/maven/model/ConfigurationContai
Event: 9.272 Thread 0x0000027069fc6000 Uncommon trap: reason=unstable_if action=reinterpret pc=0x0000027007cc47a4 method=java.util.regex.Pattern.closure(Ljava/util/regex/Pattern$Node;)Ljava/util/regex/Pattern$Node; @ 6 c2
Event: 9.272 Thread 0x0000027069fc6000 Uncommon trap: reason=unstable_if action=reinterpret pc=0x0000027007cc1d10 method=java.util.regex.Pattern.compile()V @ 340 c2
Event: 9.848 Thread 0x0000027069fc6000 Uncommon trap: reason=unstable_if action=reinterpret pc=0x0000027007ce32d8 method=java.lang.ThreadLocal$ThreadLocalMap.getEntry(Ljava/lang/ThreadLocal;)Ljava/lang/ThreadLocal$ThreadLocalMap$Entry; @ 29 c2
Event: 9.848 Thread 0x0000027069fc6000 Uncommon trap: reason=unstable_if action=reinterpret pc=0x0000027007c4c538 method=java.lang.ThreadLocal$ThreadLocalMap.getEntry(Ljava/lang/ThreadLocal;)Ljava/lang/ThreadLocal$ThreadLocalMap$Entry; @ 29 c2
Event: 9.853 Thread 0x0000027069fc6000 Uncommon trap: reason=unstable_if action=reinterpret pc=0x0000027007b76720 method=com.google.inject.internal.MoreTypes.canonicalize(Ljava/lang/reflect/Type;)Ljava/lang/reflect/Type; @ 16 c2
Event: 9.853 Thread 0x0000027069fc6000 Uncommon trap: reason=class_check action=maybe_recompile pc=0x0000027007bb0a74 method=com.google.inject.internal.MoreTypes.getRawType(Ljava/lang/reflect/Type;)Ljava/lang/Class; @ 13 c2
Event: 9.858 Thread 0x0000027069fc6000 Uncommon trap: reason=class_check action=maybe_recompile pc=0x0000027007bb0a74 method=com.google.inject.internal.MoreTypes.getRawType(Ljava/lang/reflect/Type;)Ljava/lang/Class; @ 13 c2
Event: 9.861 Thread 0x0000027069fc6000 Uncommon trap: reason=class_check action=maybe_recompile pc=0x0000027007bb0a74 method=com.google.inject.internal.MoreTypes.getRawType(Ljava/lang/reflect/Type;)Ljava/lang/Class; @ 13 c2
Event: 9.953 Thread 0x0000027069fc6000 Uncommon trap: reason=class_check action=maybe_recompile pc=0x0000027007b75804 method=java.util.LinkedHashMap.afterNodeInsertion(Z)V @ 15 c2

Classes redefined (0 events):
No events

Internal exceptions (10 events):
Event: 8.324 Thread 0x0000027069fc6000 Exception <a 'sun/nio/fs/WindowsException'{0x000000008985a8a0}> (0x000000008985a8a0) thrown at [./open/src/hotspot/share/prims/jni.cpp, line 611]
Event: 8.324 Thread 0x0000027069fc6000 Exception <a 'sun/nio/fs/WindowsException'{0x000000008985ae00}> (0x000000008985ae00) thrown at [./open/src/hotspot/share/prims/jni.cpp, line 611]
Event: 8.491 Thread 0x0000027069fc6000 Exception <a 'sun/nio/fs/WindowsException'{0x000000008957cbf0}> (0x000000008957cbf0) thrown at [./open/src/hotspot/share/prims/jni.cpp, line 611]
Event: 9.812 Thread 0x0000027069fc6000 Exception <a 'java/lang/NoClassDefFoundError'{0x00000000870d9900}: org/sonatype/aether/graph/Dependency> (0x00000000870d9900) thrown at [./open/src/hotspot/share/classfile/systemDictionary.cpp, line 215]
Event: 10.003 Thread 0x0000027069fc6000 Exception <a 'java/lang/NoSuchMethodError'{0x0000000086a63330}: java.lang.invoke.DirectMethodHandle$Holder.invokeStatic(Ljava/lang/Object;J)V> (0x0000000086a63330) thrown at [./open/src/hotspot/share/interpreter/linkResolver.cpp, line 772]
Event: 10.004 Thread 0x0000027069fc6000 Exception <a 'java/lang/NoSuchMethodError'{0x0000000086a68540}: java.lang.invoke.DirectMethodHandle$Holder.invokeStatic(Ljava/lang/Object;J)Ljava/lang/Object;> (0x0000000086a68540) thrown at [./open/src/hotspot/share/interpreter/linkResolver.cpp, line 772
Event: 10.005 Thread 0x0000027069fc6000 Exception <a 'java/lang/NoSuchMethodError'{0x0000000086a6e618}: java.lang.invoke.Invokers$Holder.linkToTargetMethod(JLjava/lang/Object;)Ljava/lang/Object;> (0x0000000086a6e618) thrown at [./open/src/hotspot/share/interpreter/linkResolver.cpp, line 772]
Event: 10.007 Thread 0x0000027069fc6000 Exception <a 'java/lang/NoSuchMethodError'{0x0000000086a76b90}: java.lang.invoke.DirectMethodHandle$Holder.invokeStaticInit(Ljava/lang/Object;Ljava/lang/Object;JLjava/lang/Object;)Ljava/lang/Object;> (0x0000000086a76b90) thrown at [./open/src/hotspot/shar
Event: 10.020 Thread 0x0000027069fc6000 Exception <a 'java/lang/NoSuchMethodError'{0x0000000086a7cab0}: java.lang.invoke.DirectMethodHandle$Holder.invokeStatic(Ljava/lang/Object;Ljava/lang/Object;J)Ljava/lang/Object;> (0x0000000086a7cab0) thrown at [./open/src/hotspot/share/interpreter/linkReso
Event: 10.020 Thread 0x0000027069fc6000 Exception <a 'java/lang/NoSuchMethodError'{0x0000000086a83350}: java.lang.invoke.Invokers$Holder.linkToTargetMethod(Ljava/lang/Object;JLjava/lang/Object;)Ljava/lang/Object;> (0x0000000086a83350) thrown at [./open/src/hotspot/share/interpreter/linkResolver

Events (10 events):
Event: 10.026 loading class org/springframework/boot/loader/tools/SignalUtils
Event: 10.026 loading class org/springframework/boot/loader/tools/SignalUtils done
Event: 10.027 loading class sun/misc/Signal
Event: 10.027 loading class sun/misc/Signal done
Event: 10.027 loading class sun/misc/SignalHandler
Event: 10.027 loading class sun/misc/SignalHandler done
Event: 10.027 loading class sun/misc/Signal$InternalMiscHandler
Event: 10.027 loading class sun/misc/Signal$InternalMiscHandler done
Event: 10.027 loading class sun/misc/Signal$SunMiscHandler
Event: 10.027 loading class sun/misc/Signal$SunMiscHandler done


Dynamic libraries:
0x00007ff66c760000 - 0x00007ff66c76f000 	C:\Program Files\Java\jdk-11.0.16\bin\java.exe
0x00007fff31d50000 - 0x00007fff31f48000 	C:\Windows\SYSTEM32\ntdll.dll
0x00007fff2fdb0000 - 0x00007fff2fe6f000 	C:\Windows\System32\KERNEL32.DLL
0x00007fff2f730000 - 0x00007fff2fa02000 	C:\Windows\System32\KERNELBASE.dll
0x00007fff2fb70000 - 0x00007fff2fc70000 	C:\Windows\System32\ucrtbase.dll
0x00007fff0cb90000 - 0x00007fff0cba8000 	C:\Program Files\Java\jdk-11.0.16\bin\jli.dll
0x00007fff31600000 - 0x00007fff316ae000 	C:\Windows\System32\ADVAPI32.dll
0x00007fff30800000 - 0x00007fff3089e000 	C:\Windows\System32\msvcrt.dll
0x00007fff2fe70000 - 0x00007fff2ff0c000 	C:\Windows\System32\sechost.dll
0x00007fff30030000 - 0x00007fff30155000 	C:\Windows\System32\RPCRT4.dll
0x00007fff31a90000 - 0x00007fff31c2d000 	C:\Windows\System32\USER32.dll
0x00007fff2fc70000 - 0x00007fff2fc92000 	C:\Windows\System32\win32u.dll
0x00007fff30180000 - 0x00007fff301ab000 	C:\Windows\System32\GDI32.dll
0x00007fff2f620000 - 0x00007fff2f72f000 	C:\Windows\System32\gdi32full.dll
0x00007fff2f4e0000 - 0x00007fff2f57d000 	C:\Windows\System32\msvcp_win.dll
0x00007fff0cb70000 - 0x00007fff0cb85000 	C:\Program Files\Java\jdk-11.0.16\bin\VCRUNTIME140.dll
0x00007fff13c00000 - 0x00007fff13e9a000 	C:\Windows\WinSxS\amd64_microsoft.windows.common-controls_6595b64144ccf1df_6.0.19041.1110_none_60b5254171f9507e\COMCTL32.dll
0x00007fff26620000 - 0x00007fff2662a000 	C:\Windows\SYSTEM32\VERSION.dll
0x00007fff306e0000 - 0x00007fff30712000 	C:\Windows\System32\IMM32.DLL
0x00007fff0cad0000 - 0x00007fff0cb6b000 	C:\Program Files\Java\jdk-11.0.16\bin\msvcp140.dll
0x00007ffefc470000 - 0x00007ffefcf88000 	C:\Program Files\Java\jdk-11.0.16\bin\server\jvm.dll
0x00007fff2fda0000 - 0x00007fff2fda8000 	C:\Windows\System32\PSAPI.DLL
0x00007fff274c0000 - 0x00007fff274c9000 	C:\Windows\SYSTEM32\WSOCK32.dll
0x00007fff305c0000 - 0x00007fff3062b000 	C:\Windows\System32\WS2_32.dll
0x00007fff0ab60000 - 0x00007fff0ab87000 	C:\Windows\SYSTEM32\WINMM.dll
0x00007fff2d210000 - 0x00007fff2d222000 	C:\Windows\SYSTEM32\kernel.appcore.dll
0x00007fff0cac0000 - 0x00007fff0cad0000 	C:\Program Files\Java\jdk-11.0.16\bin\verify.dll
0x00007fff24750000 - 0x00007fff24934000 	C:\Windows\SYSTEM32\DBGHELP.DLL
0x00007fff24720000 - 0x00007fff2474c000 	C:\Windows\SYSTEM32\dbgcore.DLL
0x00007fff2f450000 - 0x00007fff2f4d2000 	C:\Windows\System32\bcryptPrimitives.dll
0x00007fff0ca90000 - 0x00007fff0cab8000 	C:\Program Files\Java\jdk-11.0.16\bin\java.dll
0x00007fff0ca80000 - 0x00007fff0ca8a000 	C:\Program Files\Java\jdk-11.0.16\bin\jimage.dll
0x00007fff0ca60000 - 0x00007fff0ca76000 	C:\Program Files\Java\jdk-11.0.16\bin\zip.dll
0x00007fff30eb0000 - 0x00007fff315f3000 	C:\Windows\System32\SHELL32.dll
0x00007fff2d4f0000 - 0x00007fff2dc82000 	C:\Windows\SYSTEM32\windows.storage.dll
0x00007fff301b0000 - 0x00007fff30504000 	C:\Windows\System32\combase.dll
0x00007fff2ecf0000 - 0x00007fff2ed20000 	C:\Windows\SYSTEM32\Wldp.dll
0x00007fff30630000 - 0x00007fff306dd000 	C:\Windows\System32\SHCORE.dll
0x00007fff31940000 - 0x00007fff31995000 	C:\Windows\System32\shlwapi.dll
0x00007fff2f390000 - 0x00007fff2f3af000 	C:\Windows\SYSTEM32\profapi.dll
0x00007fff0ca40000 - 0x00007fff0ca59000 	C:\Program Files\Java\jdk-11.0.16\bin\net.dll
0x00007fff26920000 - 0x00007fff26a2c000 	C:\Windows\SYSTEM32\WINHTTP.dll
0x00007fff2ead0000 - 0x00007fff2eb3a000 	C:\Windows\system32\mswsock.dll
0x00007fff0ca20000 - 0x00007fff0ca32000 	C:\Program Files\Java\jdk-11.0.16\bin\nio.dll
0x0000000069ac0000 - 0x0000000069ae4000 	C:\Users\sfjbs\Downloads\micro service-20221021T071039Z-001\micro service\apache-maven-3.8.5-bin\apache-maven-3.8.5\lib\jansi-native\Windows\x86_64\jansi.dll

dbghelp: loaded successfully - version: 4.0.5 - missing functions: none
symbol engine: initialized successfully - sym options: 0x614 - pdb path: .;C:\Program Files\Java\jdk-11.0.16\bin;C:\Windows\SYSTEM32;C:\Windows\WinSxS\amd64_microsoft.windows.common-controls_6595b64144ccf1df_6.0.19041.1110_none_60b5254171f9507e;C:\Program Files\Java\jdk-11.0.16\bin\server;C:\Users\sfjbs\Downloads\micro service-20221021T071039Z-001\micro service\apache-maven-3.8.5-bin\apache-maven-3.8.5\lib\jansi-native\Windows\x86_64

VM Arguments:
jvm_args: -Dclassworlds.conf=C:\Users\sfjbs\Downloads\micro service-20221021T071039Z-001\micro service\apache-maven-3.8.5-bin\apache-maven-3.8.5\bin\m2.conf -Dmaven.home=C:\Users\sfjbs\Downloads\micro service-20221021T071039Z-001\micro service\apache-maven-3.8.5-bin\apache-maven-3.8.5 -Dlibrary.jansi.path=C:\Users\sfjbs\Downloads\micro service-20221021T071039Z-001\micro service\apache-maven-3.8.5-bin\apache-maven-3.8.5\lib\jansi-native -Dmaven.multiModuleProjectDirectory=C:\Users\sfjbs\IdeaProjects\oct31training\usha\Day12\fourth-artemis-demo\artemis-demo-consumer 
java_command: org.codehaus.plexus.classworlds.launcher.Launcher spring-boot:run
java_class_path (initial): C:\Users\sfjbs\Downloads\micro service-20221021T071039Z-001\micro service\apache-maven-3.8.5-bin\apache-maven-3.8.5\boot\plexus-classworlds-2.6.0.jar
Launcher Type: SUN_STANDARD

[Global flags]
     intx CICompilerCount                          = 2                                         {product} {ergonomic}
     uint ConcGCThreads                            = 1                                         {product} {ergonomic}
     uint G1ConcRefinementThreads                  = 2                                         {product} {ergonomic}
   size_t G1HeapRegionSize                         = 1048576                                   {product} {ergonomic}
    uintx GCDrainStackTargetSize                   = 64                                        {product} {ergonomic}
   size_t InitialHeapSize                          = 134217728                                 {product} {ergonomic}
   size_t MarkStackSize                            = 4194304                                   {product} {ergonomic}
   size_t MaxHeapSize                              = 2147483648                                {product} {ergonomic}
   size_t MaxNewSize                               = 1287651328                                {product} {ergonomic}
   size_t MinHeapDeltaBytes                        = 1048576                                   {product} {ergonomic}
    uintx NonNMethodCodeHeapSize                   = 5825164                                {pd product} {ergonomic}
    uintx NonProfiledCodeHeapSize                  = 122916538                              {pd product} {ergonomic}
    uintx ProfiledCodeHeapSize                     = 122916538                              {pd product} {ergonomic}
    uintx ReservedCodeCacheSize                    = 251658240                              {pd product} {ergonomic}
     bool SegmentedCodeCache                       = true                                      {product} {ergonomic}
     bool UseCompressedClassPointers               = true                                 {lp64_product} {ergonomic}
     bool UseCompressedOops                        = true                                 {lp64_product} {ergonomic}
     bool UseG1GC                                  = true                                      {product} {ergonomic}
     bool UseLargePagesIndividualAllocation        = false                                  {pd product} {ergonomic}

Logging:
Log output configuration:
 #0: stdout all=warning uptime,level,tags
 #1: stderr all=off uptime,level,tags

Environment Variables:
PATH=C:\Program Files\Common Files\Oracle\Java\javapath;C:\Windows\system32;C:\Windows;C:\Windows\System32\Wbem;C:\Windows\System32\WindowsPowerShell\v1.0\;C:\Windows\System32\OpenSSH\;C:\Users\sfjbs\Downloads\micro service-20221021T071039Z-001\micro service\apache-maven-3.8.5-bin\apache-maven-3.8.5\bin;C:\Users\sfjbs\Downloads\micro service-20221021T071039Z-001\micro service\apache-maven-3.8.5-bin\apache-maven-3.8.5\lib;C:\Program Files\Git\cmd;C:\Program Files\Docker\Docker\resources\bin;C:\Users\sfjbs\AppData\Local\Microsoft\WindowsApps;C:\Users\sfjbs\Downloads\micro service-20221021T071039Z-001\micro service\apache-maven-3.8.5-bin\apache-maven-3.8.5\bin;C:\Users\sfjbs\Downloads\micro service-20221021T071039Z-001\micro service\apache-maven-3.8.5-bin\apache-maven-3.8.5\lib;;C:\Program Files\JetBrains\IntelliJ IDEA Community Edition 2022.2.1\bin;
USERNAME=sfjbs
OS=Windows_NT
PROCESSOR_IDENTIFIER=Intel64 Family 6 Model 85 Stepping 7, GenuineIntel



---------------  S Y S T E M  ---------------

OS: Windows 10 , 64 bit Build 19041 (10.0.19041.2251)
Hyper-V role detected

CPU:total 2 (initial active 2) (1 cores per cpu, 2 threads per core) family 6 model 85 stepping 7 microcode 0xffffffff, cmov, cx8, fxsr, mmx, sse, sse2, sse3, ssse3, sse4.1, sse4.2, popcnt, avx, avx2, aes, clmul, erms, rtm, 3dnowpref, lzcnt, ht, tsc, bmi1, bmi2, adx, evex, fma

Memory: 4k page, system-wide physical 8190M (1076M free)
TotalPageFile size 10238M (AvailPageFile size 11M)
current process WorkingSet (physical memory assigned to process): 268M, peak: 269M
current process commit charge ("private bytes"): 301M, peak: 302M

vm_info: Java HotSpot(TM) 64-Bit Server VM (11.0.16+11-LTS-199) for windows-amd64 JRE (11.0.16+11-LTS-199), built on Jun 28 2022 08:23:17 by "mach5one" with MS VC++ 15.9 (VS2017)

END.
