#
# There is insufficient memory for the Java Runtime Environment to continue.
# Native memory allocation (mmap) failed to map 27262976 bytes for Failed to commit area from 0x0000000088000000 to 0x0000000089a00000 of length 27262976.
# Possible reasons:
#   The system is out of physical RAM or swap space
#   The process is running with CompressedOops enabled, and the Java Heap may be blocking the growth of the native heap
# Possible solutions:
#   Reduce memory load on the system
#   Increase physical memory or swap space
#   Check if swap backing store is full
#   Decrease Java heap size (-Xmx/-Xms)
#   Decrease number of Java threads
#   Decrease Java thread stack sizes (-Xss)
#   Set larger code cache with -XX:ReservedCodeCacheSize=
#   JVM is running with Unscaled Compressed Oops mode in which the Java heap is
#     placed in the first 4GB address space. The Java Heap base address is the
#     maximum limit for the native heap growth. Please use -XX:HeapBaseMinAddress
#     to set the Java Heap base and to place the Java Heap above 4GB virtual address.
# This output file may be truncated or incomplete.
#
#  Out of Memory Error (./open/src/hotspot/os/windows/os_windows.cpp:3287), pid=9156, tid=9180
#
# JRE version: Java(TM) SE Runtime Environment 18.9 (11.0.16+11) (build 11.0.16+11-LTS-199)
# Java VM: Java HotSpot(TM) 64-Bit Server VM 18.9 (11.0.16+11-LTS-199, mixed mode, tiered, compressed oops, g1 gc, windows-amd64)
# No core dump will be written. Minidumps are not enabled by default on client versions of Windows
#

---------------  S U M M A R Y ------------

Command Line: -Dclassworlds.conf=C:\Users\sfjbs\Downloads\micro service-20221021T071039Z-001\micro service\apache-maven-3.8.5-bin\apache-maven-3.8.5\bin\m2.conf -Dmaven.home=C:\Users\sfjbs\Downloads\micro service-20221021T071039Z-001\micro service\apache-maven-3.8.5-bin\apache-maven-3.8.5 -Dlibrary.jansi.path=C:\Users\sfjbs\Downloads\micro service-20221021T071039Z-001\micro service\apache-maven-3.8.5-bin\apache-maven-3.8.5\lib\jansi-native -Dmaven.multiModuleProjectDirectory=C:\Users\sfjbs\oct31training\SanikaDalvi\Day8\eureka-app\gateway-service org.codehaus.plexus.classworlds.launcher.Launcher spring-boot:run

Host: Intel(R) Xeon(R) Platinum 8272CL CPU @ 2.60GHz, 2 cores, 7G,  Windows 10 , 64 bit Build 19041 (10.0.19041.1889)
Time: Thu Nov 10 05:24:15 2022 Coordinated Universal Time elapsed time: 3.802453 seconds (0d 0h 0m 3s)

---------------  T H R E A D  ---------------

Current thread (0x000001d0eedad800):  VMThread "VM Thread" [stack: 0x0000001ded400000,0x0000001ded500000] [id=9180]

Stack: [0x0000001ded400000,0x0000001ded500000]
[error occurred during error reporting (printing stack bounds), id 0xc0000005, EXCEPTION_ACCESS_VIOLATION (0xc0000005) at pc=0x000001d0d89910e7]

Native frames: (J=compiled Java code, j=interpreted, Vv=VM code, C=native code)
V  [jvm.dll+0x62a3ea]
V  [jvm.dll+0x76418f]
V  [jvm.dll+0x765839]
V  [jvm.dll+0x765e25]
V  [jvm.dll+0x765ddb]
V  [jvm.dll+0x6298d3]
V  [jvm.dll+0x629fe8]
C  [ntdll.dll+0xa241f]
C  [ntdll.dll+0x514a4]
C  [ntdll.dll+0xa0f4e]
C  0x000001d0d89910e7

VM_Operation (0x0000001decefd900): G1CollectForAllocation, mode: safepoint, requested by thread 0x000001d0d12c6000


---------------  P R O C E S S  ---------------

Threads class SMR info:
_java_thread_list=0x000001d0ef887810, length=10, elements={
0x000001d0d12c6000, 0x000001d0eedb0800, 0x000001d0eedba000, 0x000001d0eedcb800,
0x000001d0eedcf000, 0x000001d0eedd0800, 0x000001d0eedd2800, 0x000001d0eedda000,
0x000001d0eede3800, 0x000001d0ef8a8000
}

Java Threads: ( => current thread )
  0x000001d0d12c6000 JavaThread "main" [_thread_blocked, id=12208, stack(0x0000001dece00000,0x0000001decf00000)]
  0x000001d0eedb0800 JavaThread "Reference Handler" daemon [_thread_blocked, id=6800, stack(0x0000001ded500000,0x0000001ded600000)]
  0x000001d0eedba000 JavaThread "Finalizer" daemon [_thread_blocked, id=9680, stack(0x0000001ded600000,0x0000001ded700000)]
  0x000001d0eedcb800 JavaThread "Signal Dispatcher" daemon [_thread_blocked, id=7824, stack(0x0000001ded700000,0x0000001ded800000)]
  0x000001d0eedcf000 JavaThread "Attach Listener" daemon [_thread_blocked, id=6672, stack(0x0000001ded800000,0x0000001ded900000)]
  0x000001d0eedd0800 JavaThread "Service Thread" daemon [_thread_blocked, id=6944, stack(0x0000001ded900000,0x0000001deda00000)]
  0x000001d0eedd2800 JavaThread "C2 CompilerThread0" daemon [_thread_blocked, id=4196, stack(0x0000001deda00000,0x0000001dedb00000)]
  0x000001d0eedda000 JavaThread "C1 CompilerThread0" daemon [_thread_blocked, id=5840, stack(0x0000001dedb00000,0x0000001dedc00000)]
  0x000001d0eede3800 JavaThread "Sweeper thread" daemon [_thread_blocked, id=8900, stack(0x0000001dedc00000,0x0000001dedd00000)]
  0x000001d0ef8a8000 JavaThread "Common-Cleaner" daemon [_thread_blocked, id=7616, stack(0x0000001dede00000,0x0000001dedf00000)]

Other Threads:
=>0x000001d0eedad800 VMThread "VM Thread" [stack: 0x0000001ded400000,0x0000001ded500000] [id=9180]
  0x000001d0ef8a1800 WatcherThread [stack: 0x0000001dedd00000,0x0000001dede00000] [id=3604]
  0x000001d0d12db800 GCTaskThread "GC Thread#0" [stack: 0x0000001decf00000,0x0000001ded000000] [id=10860]
  0x000001d0efcc8000 GCTaskThread "GC Thread#1" [stack: 0x0000001dedf00000,0x0000001dee000000] [id=9528]
  0x000001d0d130c000 ConcurrentGCThread "G1 Main Marker" [stack: 0x0000001ded000000,0x0000001ded100000] [id=6016]
  0x000001d0d130e800 ConcurrentGCThread "G1 Conc#0" [stack: 0x0000001ded100000,0x0000001ded200000] [id=5944]
  0x000001d0d1396000 ConcurrentGCThread "G1 Refine#0" [stack: 0x0000001ded200000,0x0000001ded300000] [id=8256]
  0x000001d0d1398800 ConcurrentGCThread "G1 Young RemSet Sampling" [stack: 0x0000001ded300000,0x0000001ded400000] [id=3720]

Threads with active compile tasks:

VM state:at safepoint (normal execution)

VM Mutex/Monitor currently owned by a thread:  ([mutex/lock_event])
[0x000001d0d12c0e40] Threads_lock - owner thread: 0x000001d0eedad800
[0x000001d0d12c1c50] Heap_lock - owner thread: 0x000001d0d12c6000

Heap address: 0x0000000080000000, size: 2048 MB, Compressed Oops mode: 32-bit
Narrow klass base: 0x0000000000000000, Narrow klass shift: 3
Compressed class space size: 1073741824 Address: 0x0000000100000000

Heap:
 garbage-first heap   total 157696K, used 6904K [0x0000000080000000, 0x0000000100000000)
  region size 1024K, 5 young (5120K), 5 survivors (5120K)
 Metaspace       used 19776K, capacity 20135K, committed 20224K, reserved 1067008K
  class space    used 2117K, capacity 2247K, committed 2304K, reserved 1048576K
Heap Regions: E=young(eden), S=young(survivor), O=old, HS=humongous(starts), HC=humongous(continues), CS=collection set, F=free, A=archive, TAMS=top-at-mark-start (previous, next)
|   0|0x0000000080000000, 0x0000000080100000, 0x0000000080100000|100%| O|  |TAMS 0x0000000080000000, 0x0000000080000000| Untracked 
|   1|0x0000000080100000, 0x0000000080200000, 0x0000000080200000|100%| O|  |TAMS 0x0000000080100000, 0x0000000080100000| Untracked 
|   2|0x0000000080200000, 0x0000000080204200, 0x0000000080300000|  1%| O|  |TAMS 0x0000000080200000, 0x0000000080200000| Untracked 
|   3|0x0000000080300000, 0x0000000080300000, 0x0000000080400000|  0%| F|  |TAMS 0x0000000080300000, 0x0000000080300000| Untracked 
|   4|0x0000000080400000, 0x0000000080400000, 0x0000000080500000|  0%| F|  |TAMS 0x0000000080400000, 0x0000000080400000| Untracked 
|   5|0x0000000080500000, 0x0000000080500000, 0x0000000080600000|  0%| F|  |TAMS 0x0000000080500000, 0x0000000080500000| Untracked 
|   6|0x0000000080600000, 0x0000000080600000, 0x0000000080700000|  0%| F|  |TAMS 0x0000000080600000, 0x0000000080600000| Untracked 
|   7|0x0000000080700000, 0x0000000080700000, 0x0000000080800000|  0%| F|  |TAMS 0x0000000080700000, 0x0000000080700000| Untracked 
|   8|0x0000000080800000, 0x0000000080800000, 0x0000000080900000|  0%| F|  |TAMS 0x0000000080800000, 0x0000000080800000| Untracked 
|   9|0x0000000080900000, 0x0000000080900000, 0x0000000080a00000|  0%| F|  |TAMS 0x0000000080900000, 0x0000000080900000| Untracked 
|  10|0x0000000080a00000, 0x0000000080a00000, 0x0000000080b00000|  0%| F|  |TAMS 0x0000000080a00000, 0x0000000080a00000| Untracked 
|  11|0x0000000080b00000, 0x0000000080b00000, 0x0000000080c00000|  0%| F|  |TAMS 0x0000000080b00000, 0x0000000080b00000| Untracked 
|  12|0x0000000080c00000, 0x0000000080c00000, 0x0000000080d00000|  0%| F|  |TAMS 0x0000000080c00000, 0x0000000080c00000| Untracked 
|  13|0x0000000080d00000, 0x0000000080d00000, 0x0000000080e00000|  0%| F|  |TAMS 0x0000000080d00000, 0x0000000080d00000| Untracked 
|  14|0x0000000080e00000, 0x0000000080e00000, 0x0000000080f00000|  0%| F|  |TAMS 0x0000000080e00000, 0x0000000080e00000| Untracked 
|  15|0x0000000080f00000, 0x0000000080f00000, 0x0000000081000000|  0%| F|  |TAMS 0x0000000080f00000, 0x0000000080f00000| Untracked 
|  16|0x0000000081000000, 0x0000000081000000, 0x0000000081100000|  0%| F|  |TAMS 0x0000000081000000, 0x0000000081000000| Untracked 
|  17|0x0000000081100000, 0x0000000081100000, 0x0000000081200000|  0%| F|  |TAMS 0x0000000081100000, 0x0000000081100000| Untracked 
|  18|0x0000000081200000, 0x0000000081200000, 0x0000000081300000|  0%| F|  |TAMS 0x0000000081200000, 0x0000000081200000| Untracked 
|  19|0x0000000081300000, 0x0000000081300000, 0x0000000081400000|  0%| F|  |TAMS 0x0000000081300000, 0x0000000081300000| Untracked 
|  20|0x0000000081400000, 0x0000000081400000, 0x0000000081500000|  0%| F|  |TAMS 0x0000000081400000, 0x0000000081400000| Untracked 
|  21|0x0000000081500000, 0x0000000081500000, 0x0000000081600000|  0%| F|  |TAMS 0x0000000081500000, 0x0000000081500000| Untracked 
|  22|0x0000000081600000, 0x0000000081600000, 0x0000000081700000|  0%| F|  |TAMS 0x0000000081600000, 0x0000000081600000| Untracked 
|  23|0x0000000081700000, 0x0000000081700000, 0x0000000081800000|  0%| F|  |TAMS 0x0000000081700000, 0x0000000081700000| Untracked 
|  24|0x0000000081800000, 0x0000000081800000, 0x0000000081900000|  0%| F|  |TAMS 0x0000000081800000, 0x0000000081800000| Untracked 
|  25|0x0000000081900000, 0x0000000081900000, 0x0000000081a00000|  0%| F|  |TAMS 0x0000000081900000, 0x0000000081900000| Untracked 
|  26|0x0000000081a00000, 0x0000000081a00000, 0x0000000081b00000|  0%| F|  |TAMS 0x0000000081a00000, 0x0000000081a00000| Untracked 
|  27|0x0000000081b00000, 0x0000000081b00000, 0x0000000081c00000|  0%| F|  |TAMS 0x0000000081b00000, 0x0000000081b00000| Untracked 
|  28|0x0000000081c00000, 0x0000000081c00000, 0x0000000081d00000|  0%| F|  |TAMS 0x0000000081c00000, 0x0000000081c00000| Untracked 
|  29|0x0000000081d00000, 0x0000000081d00000, 0x0000000081e00000|  0%| F|  |TAMS 0x0000000081d00000, 0x0000000081d00000| Untracked 
|  30|0x0000000081e00000, 0x0000000081e00000, 0x0000000081f00000|  0%| F|  |TAMS 0x0000000081e00000, 0x0000000081e00000| Untracked 
|  31|0x0000000081f00000, 0x0000000081f00000, 0x0000000082000000|  0%| F|  |TAMS 0x0000000081f00000, 0x0000000081f00000| Untracked 
|  32|0x0000000082000000, 0x0000000082000000, 0x0000000082100000|  0%| F|  |TAMS 0x0000000082000000, 0x0000000082000000| Untracked 
|  33|0x0000000082100000, 0x0000000082100000, 0x0000000082200000|  0%| F|  |TAMS 0x0000000082100000, 0x0000000082100000| Untracked 
|  34|0x0000000082200000, 0x0000000082200000, 0x0000000082300000|  0%| F|  |TAMS 0x0000000082200000, 0x0000000082200000| Untracked 
|  35|0x0000000082300000, 0x0000000082300000, 0x0000000082400000|  0%| F|  |TAMS 0x0000000082300000, 0x0000000082300000| Untracked 
|  36|0x0000000082400000, 0x0000000082400000, 0x0000000082500000|  0%| F|  |TAMS 0x0000000082400000, 0x0000000082400000| Untracked 
|  37|0x0000000082500000, 0x0000000082500000, 0x0000000082600000|  0%| F|  |TAMS 0x0000000082500000, 0x0000000082500000| Untracked 
|  38|0x0000000082600000, 0x0000000082600000, 0x0000000082700000|  0%| F|  |TAMS 0x0000000082600000, 0x0000000082600000| Untracked 
|  39|0x0000000082700000, 0x0000000082700000, 0x0000000082800000|  0%| F|  |TAMS 0x0000000082700000, 0x0000000082700000| Untracked 
|  40|0x0000000082800000, 0x0000000082800000, 0x0000000082900000|  0%| F|  |TAMS 0x0000000082800000, 0x0000000082800000| Untracked 
|  41|0x0000000082900000, 0x0000000082900000, 0x0000000082a00000|  0%| F|  |TAMS 0x0000000082900000, 0x0000000082900000| Untracked 
|  42|0x0000000082a00000, 0x0000000082a00000, 0x0000000082b00000|  0%| F|  |TAMS 0x0000000082a00000, 0x0000000082a00000| Untracked 
|  43|0x0000000082b00000, 0x0000000082b00000, 0x0000000082c00000|  0%| F|  |TAMS 0x0000000082b00000, 0x0000000082b00000| Untracked 
|  44|0x0000000082c00000, 0x0000000082c00000, 0x0000000082d00000|  0%| F|  |TAMS 0x0000000082c00000, 0x0000000082c00000| Untracked 
|  45|0x0000000082d00000, 0x0000000082d00000, 0x0000000082e00000|  0%| F|  |TAMS 0x0000000082d00000, 0x0000000082d00000| Untracked 
|  46|0x0000000082e00000, 0x0000000082e00000, 0x0000000082f00000|  0%| F|  |TAMS 0x0000000082e00000, 0x0000000082e00000| Untracked 
|  47|0x0000000082f00000, 0x0000000082f00000, 0x0000000083000000|  0%| F|  |TAMS 0x0000000082f00000, 0x0000000082f00000| Untracked 
|  48|0x0000000083000000, 0x0000000083000000, 0x0000000083100000|  0%| F|  |TAMS 0x0000000083000000, 0x0000000083000000| Untracked 
|  49|0x0000000083100000, 0x0000000083100000, 0x0000000083200000|  0%| F|  |TAMS 0x0000000083100000, 0x0000000083100000| Untracked 
|  50|0x0000000083200000, 0x0000000083200000, 0x0000000083300000|  0%| F|  |TAMS 0x0000000083200000, 0x0000000083200000| Untracked 
|  51|0x0000000083300000, 0x0000000083300000, 0x0000000083400000|  0%| F|  |TAMS 0x0000000083300000, 0x0000000083300000| Untracked 
|  52|0x0000000083400000, 0x0000000083400000, 0x0000000083500000|  0%| F|  |TAMS 0x0000000083400000, 0x0000000083400000| Untracked 
|  53|0x0000000083500000, 0x0000000083500000, 0x0000000083600000|  0%| F|  |TAMS 0x0000000083500000, 0x0000000083500000| Untracked 
|  54|0x0000000083600000, 0x0000000083600000, 0x0000000083700000|  0%| F|  |TAMS 0x0000000083600000, 0x0000000083600000| Untracked 
|  55|0x0000000083700000, 0x0000000083700000, 0x0000000083800000|  0%| F|  |TAMS 0x0000000083700000, 0x0000000083700000| Untracked 
|  56|0x0000000083800000, 0x0000000083800000, 0x0000000083900000|  0%| F|  |TAMS 0x0000000083800000, 0x0000000083800000| Untracked 
|  57|0x0000000083900000, 0x0000000083900000, 0x0000000083a00000|  0%| F|  |TAMS 0x0000000083900000, 0x0000000083900000| Untracked 
|  58|0x0000000083a00000, 0x0000000083a00000, 0x0000000083b00000|  0%| F|  |TAMS 0x0000000083a00000, 0x0000000083a00000| Untracked 
|  59|0x0000000083b00000, 0x0000000083b00000, 0x0000000083c00000|  0%| F|  |TAMS 0x0000000083b00000, 0x0000000083b00000| Untracked 
|  60|0x0000000083c00000, 0x0000000083c00000, 0x0000000083d00000|  0%| F|  |TAMS 0x0000000083c00000, 0x0000000083c00000| Untracked 
|  61|0x0000000083d00000, 0x0000000083d00000, 0x0000000083e00000|  0%| F|  |TAMS 0x0000000083d00000, 0x0000000083d00000| Untracked 
|  62|0x0000000083e00000, 0x0000000083e00000, 0x0000000083f00000|  0%| F|  |TAMS 0x0000000083e00000, 0x0000000083e00000| Untracked 
|  63|0x0000000083f00000, 0x0000000083f00000, 0x0000000084000000|  0%| F|  |TAMS 0x0000000083f00000, 0x0000000083f00000| Untracked 
|  64|0x0000000084000000, 0x0000000084000000, 0x0000000084100000|  0%| F|  |TAMS 0x0000000084000000, 0x0000000084000000| Untracked 
|  65|0x0000000084100000, 0x0000000084100000, 0x0000000084200000|  0%| F|  |TAMS 0x0000000084100000, 0x0000000084100000| Untracked 
|  66|0x0000000084200000, 0x0000000084200000, 0x0000000084300000|  0%| F|  |TAMS 0x0000000084200000, 0x0000000084200000| Untracked 
|  67|0x0000000084300000, 0x0000000084300000, 0x0000000084400000|  0%| F|  |TAMS 0x0000000084300000, 0x0000000084300000| Untracked 
|  68|0x0000000084400000, 0x0000000084400000, 0x0000000084500000|  0%| F|  |TAMS 0x0000000084400000, 0x0000000084400000| Untracked 
|  69|0x0000000084500000, 0x0000000084500000, 0x0000000084600000|  0%| F|  |TAMS 0x0000000084500000, 0x0000000084500000| Untracked 
|  70|0x0000000084600000, 0x0000000084600000, 0x0000000084700000|  0%| F|  |TAMS 0x0000000084600000, 0x0000000084600000| Untracked 
|  71|0x0000000084700000, 0x0000000084700000, 0x0000000084800000|  0%| F|  |TAMS 0x0000000084700000, 0x0000000084700000| Untracked 
|  72|0x0000000084800000, 0x0000000084800000, 0x0000000084900000|  0%| F|  |TAMS 0x0000000084800000, 0x0000000084800000| Untracked 
|  73|0x0000000084900000, 0x0000000084900000, 0x0000000084a00000|  0%| F|  |TAMS 0x0000000084900000, 0x0000000084900000| Untracked 
|  74|0x0000000084a00000, 0x0000000084a00000, 0x0000000084b00000|  0%| F|  |TAMS 0x0000000084a00000, 0x0000000084a00000| Untracked 
|  75|0x0000000084b00000, 0x0000000084b00000, 0x0000000084c00000|  0%| F|  |TAMS 0x0000000084b00000, 0x0000000084b00000| Untracked 
|  76|0x0000000084c00000, 0x0000000084c00000, 0x0000000084d00000|  0%| F|  |TAMS 0x0000000084c00000, 0x0000000084c00000| Untracked 
|  77|0x0000000084d00000, 0x0000000084d00000, 0x0000000084e00000|  0%| F|  |TAMS 0x0000000084d00000, 0x0000000084d00000| Untracked 
|  78|0x0000000084e00000, 0x0000000084e00000, 0x0000000084f00000|  0%| F|  |TAMS 0x0000000084e00000, 0x0000000084e00000| Untracked 
|  79|0x0000000084f00000, 0x0000000084f00000, 0x0000000085000000|  0%| F|  |TAMS 0x0000000084f00000, 0x0000000084f00000| Untracked 
|  80|0x0000000085000000, 0x0000000085000000, 0x0000000085100000|  0%| F|  |TAMS 0x0000000085000000, 0x0000000085000000| Untracked 
|  81|0x0000000085100000, 0x0000000085100000, 0x0000000085200000|  0%| F|  |TAMS 0x0000000085100000, 0x0000000085100000| Untracked 
|  82|0x0000000085200000, 0x0000000085200000, 0x0000000085300000|  0%| F|  |TAMS 0x0000000085200000, 0x0000000085200000| Untracked 
|  83|0x0000000085300000, 0x0000000085300000, 0x0000000085400000|  0%| F|  |TAMS 0x0000000085300000, 0x0000000085300000| Untracked 
|  84|0x0000000085400000, 0x0000000085400000, 0x0000000085500000|  0%| F|  |TAMS 0x0000000085400000, 0x0000000085400000| Untracked 
|  85|0x0000000085500000, 0x0000000085500000, 0x0000000085600000|  0%| F|  |TAMS 0x0000000085500000, 0x0000000085500000| Untracked 
|  86|0x0000000085600000, 0x0000000085600000, 0x0000000085700000|  0%| F|  |TAMS 0x0000000085600000, 0x0000000085600000| Untracked 
|  87|0x0000000085700000, 0x0000000085700000, 0x0000000085800000|  0%| F|  |TAMS 0x0000000085700000, 0x0000000085700000| Untracked 
|  88|0x0000000085800000, 0x00000000858ba160, 0x0000000085900000| 72%| S|CS|TAMS 0x0000000085800000, 0x0000000085800000| Complete 
|  89|0x0000000085900000, 0x0000000085a00000, 0x0000000085a00000|100%| S|CS|TAMS 0x0000000085900000, 0x0000000085900000| Complete 
|  90|0x0000000085a00000, 0x0000000085b00000, 0x0000000085b00000|100%| S|CS|TAMS 0x0000000085a00000, 0x0000000085a00000| Complete 
|  91|0x0000000085b00000, 0x0000000085c00000, 0x0000000085c00000|100%| S|CS|TAMS 0x0000000085b00000, 0x0000000085b00000| Complete 
|  92|0x0000000085c00000, 0x0000000085d00000, 0x0000000085d00000|100%| S|CS|TAMS 0x0000000085c00000, 0x0000000085c00000| Complete 
|  93|0x0000000085d00000, 0x0000000085d00000, 0x0000000085e00000|  0%| F|  |TAMS 0x0000000085d00000, 0x0000000085d00000| Untracked 
|  94|0x0000000085e00000, 0x0000000085e00000, 0x0000000085f00000|  0%| F|  |TAMS 0x0000000085e00000, 0x0000000085e00000| Untracked 
|  95|0x0000000085f00000, 0x0000000085f00000, 0x0000000086000000|  0%| F|  |TAMS 0x0000000085f00000, 0x0000000085f00000| Untracked 
|  96|0x0000000086000000, 0x0000000086000000, 0x0000000086100000|  0%| F|  |TAMS 0x0000000086000000, 0x0000000086000000| Untracked 
|  97|0x0000000086100000, 0x0000000086100000, 0x0000000086200000|  0%| F|  |TAMS 0x0000000086100000, 0x0000000086100000| Untracked 
|  98|0x0000000086200000, 0x0000000086200000, 0x0000000086300000|  0%| F|  |TAMS 0x0000000086200000, 0x0000000086200000| Untracked 
|  99|0x0000000086300000, 0x0000000086300000, 0x0000000086400000|  0%| F|  |TAMS 0x0000000086300000, 0x0000000086300000| Untracked 
| 100|0x0000000086400000, 0x0000000086400000, 0x0000000086500000|  0%| F|  |TAMS 0x0000000086400000, 0x0000000086400000| Untracked 
| 101|0x0000000086500000, 0x0000000086500000, 0x0000000086600000|  0%| F|  |TAMS 0x0000000086500000, 0x0000000086500000| Untracked 
| 102|0x0000000086600000, 0x0000000086600000, 0x0000000086700000|  0%| F|  |TAMS 0x0000000086600000, 0x0000000086600000| Untracked 
| 103|0x0000000086700000, 0x0000000086700000, 0x0000000086800000|  0%| F|  |TAMS 0x0000000086700000, 0x0000000086700000| Untracked 
| 104|0x0000000086800000, 0x0000000086800000, 0x0000000086900000|  0%| F|  |TAMS 0x0000000086800000, 0x0000000086800000| Untracked 
| 105|0x0000000086900000, 0x0000000086900000, 0x0000000086a00000|  0%| F|  |TAMS 0x0000000086900000, 0x0000000086900000| Untracked 
| 106|0x0000000086a00000, 0x0000000086a00000, 0x0000000086b00000|  0%| F|  |TAMS 0x0000000086a00000, 0x0000000086a00000| Untracked 
| 107|0x0000000086b00000, 0x0000000086b00000, 0x0000000086c00000|  0%| F|  |TAMS 0x0000000086b00000, 0x0000000086b00000| Untracked 
| 108|0x0000000086c00000, 0x0000000086c00000, 0x0000000086d00000|  0%| F|  |TAMS 0x0000000086c00000, 0x0000000086c00000| Untracked 
| 109|0x0000000086d00000, 0x0000000086d00000, 0x0000000086e00000|  0%| F|  |TAMS 0x0000000086d00000, 0x0000000086d00000| Untracked 
| 110|0x0000000086e00000, 0x0000000086e00000, 0x0000000086f00000|  0%| F|  |TAMS 0x0000000086e00000, 0x0000000086e00000| Untracked 
| 111|0x0000000086f00000, 0x0000000086f00000, 0x0000000087000000|  0%| F|  |TAMS 0x0000000086f00000, 0x0000000086f00000| Untracked 
| 112|0x0000000087000000, 0x0000000087000000, 0x0000000087100000|  0%| F|  |TAMS 0x0000000087000000, 0x0000000087000000| Untracked 
| 113|0x0000000087100000, 0x0000000087100000, 0x0000000087200000|  0%| F|  |TAMS 0x0000000087100000, 0x0000000087100000| Untracked 
| 114|0x0000000087200000, 0x0000000087200000, 0x0000000087300000|  0%| F|  |TAMS 0x0000000087200000, 0x0000000087200000| Untracked 
| 115|0x0000000087300000, 0x0000000087300000, 0x0000000087400000|  0%| F|  |TAMS 0x0000000087300000, 0x0000000087300000| Untracked 
| 116|0x0000000087400000, 0x0000000087400000, 0x0000000087500000|  0%| F|  |TAMS 0x0000000087400000, 0x0000000087400000| Untracked 
| 117|0x0000000087500000, 0x0000000087500000, 0x0000000087600000|  0%| F|  |TAMS 0x0000000087500000, 0x0000000087500000| Untracked 
| 118|0x0000000087600000, 0x0000000087600000, 0x0000000087700000|  0%| F|  |TAMS 0x0000000087600000, 0x0000000087600000| Untracked 
| 119|0x0000000087700000, 0x0000000087700000, 0x0000000087800000|  0%| F|  |TAMS 0x0000000087700000, 0x0000000087700000| Untracked 
| 120|0x0000000087800000, 0x0000000087800000, 0x0000000087900000|  0%| F|  |TAMS 0x0000000087800000, 0x0000000087800000| Untracked 
| 121|0x0000000087900000, 0x0000000087900000, 0x0000000087a00000|  0%| F|  |TAMS 0x0000000087900000, 0x0000000087900000| Untracked 
| 122|0x0000000087a00000, 0x0000000087a00000, 0x0000000087b00000|  0%| F|  |TAMS 0x0000000087a00000, 0x0000000087a00000| Untracked 
| 123|0x0000000087b00000, 0x0000000087b00000, 0x0000000087c00000|  0%| F|  |TAMS 0x0000000087b00000, 0x0000000087b00000| Untracked 
| 124|0x0000000087c00000, 0x0000000087c00000, 0x0000000087d00000|  0%| F|  |TAMS 0x0000000087c00000, 0x0000000087c00000| Untracked 
| 125|0x0000000087d00000, 0x0000000087d00000, 0x0000000087e00000|  0%| F|  |TAMS 0x0000000087d00000, 0x0000000087d00000| Untracked 
| 126|0x0000000087e00000, 0x0000000087e00000, 0x0000000087f00000|  0%| F|  |TAMS 0x0000000087e00000, 0x0000000087e00000| Untracked 
| 127|0x0000000087f00000, 0x0000000087f00000, 0x0000000088000000|  0%| F|  |TAMS 0x0000000087f00000, 0x0000000087f00000| Untracked 

Card table byte_map: [0x000001d0e81a0000,0x000001d0e85a0000] _byte_map_base: 0x000001d0e7da0000

Marking Bits (Prev, Next): (CMBitMap*) 0x000001d0d13034a8, (CMBitMap*) 0x000001d0d13034e0
 Prev Bits: [0x000001d0e89a0000, 0x000001d0ea9a0000)
 Next Bits: [0x000001d0ea9a0000, 0x000001d0ec9a0000)

Polling page: 0x000001d0cfa00000

Metaspace:

Usage:
  Non-class:     17.47 MB capacity,    17.25 MB ( 99%) used,   206.67 KB (  1%) free+waste,    21.88 KB ( <1%) overhead. 
      Class:      2.19 MB capacity,     2.07 MB ( 94%) used,   120.59 KB (  5%) free+waste,     8.88 KB ( <1%) overhead. 
       Both:     19.66 MB capacity,    19.31 MB ( 98%) used,   327.26 KB (  2%) free+waste,    30.75 KB ( <1%) overhead. 

Virtual space:
  Non-class space:       18.00 MB reserved,      17.50 MB ( 97%) committed 
      Class space:        1.00 GB reserved,       2.25 MB ( <1%) committed 
             Both:        1.02 GB reserved,      19.75 MB (  2%) committed 

Chunk freelists:
   Non-Class:  4.00 KB
       Class:  3.13 KB
        Both:  7.13 KB

CodeHeap 'non-profiled nmethods': size=120064Kb used=893Kb max_used=893Kb free=119170Kb
 bounds [0x000001d0e0450000, 0x000001d0e06c0000, 0x000001d0e7990000]
CodeHeap 'profiled nmethods': size=120000Kb used=4943Kb max_used=4943Kb free=115056Kb
 bounds [0x000001d0d8f20000, 0x000001d0d9400000, 0x000001d0e0450000]
CodeHeap 'non-nmethods': size=5696Kb used=1117Kb max_used=1152Kb free=4578Kb
 bounds [0x000001d0d8990000, 0x000001d0d8c00000, 0x000001d0d8f20000]
 total_blobs=2772 nmethods=2354 adapters=329
 compilation: enabled
              stopped_count=0, restarted_count=0
 full_count=0

Compilation events (10 events):
Event: 3.762 Thread 0x000001d0eedda000 2352       3       org.apache.maven.model.merge.MavenModelMerger::mergePlugin_Executions (235 bytes)
Event: 3.764 Thread 0x000001d0eedda000 nmethod 2352 0x000001d0d93ed210 code [0x000001d0d93ed6a0, 0x000001d0d93f0048]
Event: 3.764 Thread 0x000001d0eedda000 2353       3       org.apache.maven.model.PluginContainer::getLocation (118 bytes)
Event: 3.765 Thread 0x000001d0eedda000 nmethod 2353 0x000001d0d93f0d10 code [0x000001d0d93f0f40, 0x000001d0d93f19a8]
Event: 3.766 Thread 0x000001d0eedda000 2354       3       org.apache.maven.model.validation.DefaultModelValidator::validateStringNotEmpty (66 bytes)
Event: 3.767 Thread 0x000001d0eedda000 nmethod 2354 0x000001d0d93f1b90 code [0x000001d0d93f1e00, 0x000001d0d93f2808]
Event: 3.767 Thread 0x000001d0eedda000 2356       3       org.eclipse.aether.internal.impl.DefaultRepositorySystem::invalidSession (30 bytes)
Event: 3.767 Thread 0x000001d0eedda000 nmethod 2356 0x000001d0d93f2c10 code [0x000001d0d93f2e80, 0x000001d0d93f37c8]
Event: 3.767 Thread 0x000001d0eedda000 2355       3       org.eclipse.aether.artifact.DefaultArtifact::emptify (11 bytes)
Event: 3.768 Thread 0x000001d0eedda000 nmethod 2355 0x000001d0d93f3b10 code [0x000001d0d93f3ca0, 0x000001d0d93f3dd8]

GC Heap History (9 events):
Event: 0.584 GC heap before
{Heap before GC invocations=0 (full 0):
 garbage-first heap   total 131072K, used 6144K [0x0000000080000000, 0x0000000100000000)
  region size 1024K, 7 young (7168K), 0 survivors (0K)
 Metaspace       used 7785K, capacity 7933K, committed 8064K, reserved 1056768K
  class space    used 680K, capacity 772K, committed 896K, reserved 1048576K
}
Event: 0.590 GC heap after
{Heap after GC invocations=1 (full 0):
 garbage-first heap   total 131072K, used 2104K [0x0000000080000000, 0x0000000100000000)
  region size 1024K, 1 young (1024K), 1 survivors (1024K)
 Metaspace       used 7785K, capacity 7933K, committed 8064K, reserved 1056768K
  class space    used 680K, capacity 772K, committed 896K, reserved 1048576K
}
Event: 0.868 GC heap before
{Heap before GC invocations=1 (full 0):
 garbage-first heap   total 131072K, used 7224K [0x0000000080000000, 0x0000000100000000)
  region size 1024K, 6 young (6144K), 1 survivors (1024K)
 Metaspace       used 10231K, capacity 10440K, committed 10624K, reserved 1058816K
  class space    used 958K, capacity 1056K, committed 1152K, reserved 1048576K
}
Event: 0.872 GC heap after
{Heap after GC invocations=2 (full 0):
 garbage-first heap   total 131072K, used 3021K [0x0000000080000000, 0x0000000100000000)
  region size 1024K, 1 young (1024K), 1 survivors (1024K)
 Metaspace       used 10231K, capacity 10440K, committed 10624K, reserved 1058816K
  class space    used 958K, capacity 1056K, committed 1152K, reserved 1048576K
}
Event: 1.242 GC heap before
{Heap before GC invocations=2 (full 0):
 garbage-first heap   total 131072K, used 16333K [0x0000000080000000, 0x0000000100000000)
  region size 1024K, 14 young (14336K), 1 survivors (1024K)
 Metaspace       used 12386K, capacity 12532K, committed 12672K, reserved 1060864K
  class space    used 1254K, capacity 1348K, committed 1408K, reserved 1048576K
}
Event: 1.247 GC heap after
{Heap after GC invocations=3 (full 0):
 garbage-first heap   total 131072K, used 3563K [0x0000000080000000, 0x0000000100000000)
  region size 1024K, 2 young (2048K), 2 survivors (2048K)
 Metaspace       used 12386K, capacity 12532K, committed 12672K, reserved 1060864K
  class space    used 1254K, capacity 1348K, committed 1408K, reserved 1048576K
}
Event: 1.951 GC heap before
{Heap before GC invocations=3 (full 0):
 garbage-first heap   total 131072K, used 21995K [0x0000000080000000, 0x0000000100000000)
  region size 1024K, 20 young (20480K), 2 survivors (2048K)
 Metaspace       used 14446K, capacity 14649K, committed 14976K, reserved 1062912K
  class space    used 1509K, capacity 1583K, committed 1664K, reserved 1048576K
}
Event: 1.958 GC heap after
{Heap after GC invocations=4 (full 0):
 garbage-first heap   total 131072K, used 4361K [0x0000000080000000, 0x0000000100000000)
  region size 1024K, 3 young (3072K), 3 survivors (3072K)
 Metaspace       used 14446K, capacity 14649K, committed 14976K, reserved 1062912K
  class space    used 1509K, capacity 1583K, committed 1664K, reserved 1048576K
}
Event: 3.770 GC heap before
{Heap before GC invocations=4 (full 0):
 garbage-first heap   total 131072K, used 37129K [0x0000000080000000, 0x0000000100000000)
  region size 1024K, 35 young (35840K), 3 survivors (3072K)
 Metaspace       used 19776K, capacity 20135K, committed 20224K, reserved 1067008K
  class space    used 2117K, capacity 2247K, committed 2304K, reserved 1048576K
}

Deoptimization events (10 events):
Event: 2.910 Thread 0x000001d0d12c6000 Uncommon trap: reason=unstable_if action=reinterpret pc=0x000001d0e04a76f8 method=sun.nio.cs.StreamDecoder.implRead([CII)I @ 36 c2
Event: 2.924 Thread 0x000001d0d12c6000 Uncommon trap: reason=unstable_if action=reinterpret pc=0x000001d0e049b6c0 method=org.codehaus.plexus.util.xml.pull.MXParser.nextImpl()I @ 1046 c2
Event: 3.031 Thread 0x000001d0d12c6000 Uncommon trap: reason=unstable_if action=reinterpret pc=0x000001d0e04b0098 method=java.lang.AbstractStringBuilder.append(Ljava/lang/String;)Ljava/lang/AbstractStringBuilder; @ 1 c2
Event: 3.031 Thread 0x000001d0d12c6000 Uncommon trap: reason=unstable_if action=reinterpret pc=0x000001d0e0478df8 method=java.lang.AbstractStringBuilder.append(Ljava/lang/String;)Ljava/lang/AbstractStringBuilder; @ 1 c2
Event: 3.040 Thread 0x000001d0d12c6000 Uncommon trap: reason=unstable_if action=reinterpret pc=0x000001d0e04ae62c method=java.lang.String.replace(CC)Ljava/lang/String; @ 2 c2
Event: 3.342 Thread 0x000001d0d12c6000 Uncommon trap: reason=unstable_if action=reinterpret pc=0x000001d0e04976b4 method=sun.nio.cs.UTF_8$Decoder.decodeArrayLoop(Ljava/nio/ByteBuffer;Ljava/nio/CharBuffer;)Ljava/nio/charset/CoderResult; @ 84 c2
Event: 3.357 Thread 0x000001d0d12c6000 Uncommon trap: reason=unstable_if action=reinterpret pc=0x000001d0e0510edc method=org.codehaus.plexus.util.xml.pull.MXParser.isWhitespace()Z @ 20 c2
Event: 3.357 Thread 0x000001d0d12c6000 Uncommon trap: reason=unstable_if action=reinterpret pc=0x000001d0e0515418 method=java.lang.StringUTF16.compress([CII)[B @ 13 c2
Event: 3.359 Thread 0x000001d0d12c6000 Uncommon trap: reason=unstable_if action=reinterpret pc=0x000001d0e04d2e44 method=java.lang.String.indexOf(Ljava/lang/String;)I @ 8 c2
Event: 3.512 Thread 0x000001d0d12c6000 Uncommon trap: reason=unstable_if action=reinterpret pc=0x000001d0e050fc80 method=org.codehaus.plexus.util.xml.pull.MXParser.nextImpl()I @ 835 c2

Classes redefined (0 events):
No events

Internal exceptions (10 events):
Event: 0.353 Thread 0x000001d0d12c6000 Exception <a 'java/lang/NullPointerException'{0x0000000087b1ed08}> (0x0000000087b1ed08) thrown at [./open/src/hotspot/share/interpreter/linkResolver.cpp, line 1354]
Event: 0.353 Thread 0x000001d0d12c6000 Exception <a 'java/lang/NullPointerException'{0x0000000087b1efd8}> (0x0000000087b1efd8) thrown at [./open/src/hotspot/share/interpreter/linkResolver.cpp, line 1354]
Event: 0.353 Thread 0x000001d0d12c6000 Exception <a 'java/lang/NullPointerException'{0x0000000087b1f2a8}> (0x0000000087b1f2a8) thrown at [./open/src/hotspot/share/interpreter/linkResolver.cpp, line 1354]
Event: 0.353 Thread 0x000001d0d12c6000 Exception <a 'java/lang/NullPointerException'{0x0000000087b1f578}> (0x0000000087b1f578) thrown at [./open/src/hotspot/share/interpreter/linkResolver.cpp, line 1354]
Event: 1.080 Thread 0x000001d0d12c6000 Exception <a 'java/lang/NoClassDefFoundError'{0x000000008782a590}: javax/enterprise/inject/Typed> (0x000000008782a590) thrown at [./open/src/hotspot/share/classfile/systemDictionary.cpp, line 215]
Event: 2.641 Thread 0x000001d0d12c6000 Exception <a 'java/lang/NoClassDefFoundError'{0x0000000086e38638}: com/google/inject/servlet/ServletModuleTargetVisitor> (0x0000000086e38638) thrown at [./open/src/hotspot/share/classfile/systemDictionary.cpp, line 215]
Event: 2.641 Thread 0x000001d0d12c6000 Exception <a 'java/lang/NoClassDefFoundError'{0x0000000086e38638}> (0x0000000086e38638) thrown at [./open/src/hotspot/share/prims/jvm.cpp, line 1309]
Event: 2.794 Thread 0x000001d0d12c6000 Exception <a 'java/lang/NoSuchMethodError'{0x0000000086d864a8}: java.lang.invoke.DirectMethodHandle$Holder.invokeStaticInit(Ljava/lang/Object;IIII)Ljava/lang/Object;> (0x0000000086d864a8) thrown at [./open/src/hotspot/share/interpreter/linkResolver.cpp, l
Event: 3.031 Thread 0x000001d0d12c6000 Implicit null exception at 0x000001d0e04afb74 to 0x000001d0e04b0080
Event: 3.031 Thread 0x000001d0d12c6000 Implicit null exception at 0x000001d0e04788f4 to 0x000001d0e0478de0

Events (10 events):
Event: 3.357 Thread 0x000001d0d12c6000 DEOPT UNPACKING pc=0x000001d0d89983af sp=0x0000001decefd440 mode 2
Event: 3.359 Thread 0x000001d0d12c6000 Uncommon trap: trap_request=0xffffff4d fr.pc=0x000001d0e04d2e44 relative=0x00000000000001c4
Event: 3.359 Thread 0x000001d0d12c6000 DEOPT PACKING pc=0x000001d0e04d2e44 sp=0x0000001decefd7c0
Event: 3.359 Thread 0x000001d0d12c6000 DEOPT UNPACKING pc=0x000001d0d89983af sp=0x0000001decefd758 mode 2
Event: 3.493 Thread 0x000001d0d12c6000 DEOPT PACKING pc=0x000001d0d93a8477 sp=0x0000001decefd560
Event: 3.493 Thread 0x000001d0d12c6000 DEOPT UNPACKING pc=0x000001d0d89b7c0e sp=0x0000001decefcae8 mode 0
Event: 3.512 Thread 0x000001d0d12c6000 Uncommon trap: trap_request=0xffffff4d fr.pc=0x000001d0e050fc80 relative=0x0000000000000920
Event: 3.512 Thread 0x000001d0d12c6000 DEOPT PACKING pc=0x000001d0e050fc80 sp=0x0000001decefd6f0
Event: 3.512 Thread 0x000001d0d12c6000 DEOPT UNPACKING pc=0x000001d0d89983af sp=0x0000001decefd668 mode 2
Event: 3.770 Executing VM operation: G1CollectForAllocation


Dynamic libraries:
0x00007ff713740000 - 0x00007ff71374f000 	C:\Program Files\Java\jdk-11.0.16\bin\java.exe
0x00007ff8c9970000 - 0x00007ff8c9b68000 	C:\Windows\SYSTEM32\ntdll.dll
0x00007ff8c9870000 - 0x00007ff8c992d000 	C:\Windows\System32\KERNEL32.DLL
0x00007ff8c7630000 - 0x00007ff8c7902000 	C:\Windows\System32\KERNELBASE.dll
0x00007ff8c7480000 - 0x00007ff8c7580000 	C:\Windows\System32\ucrtbase.dll
0x00007ff8ac4d0000 - 0x00007ff8ac4e8000 	C:\Program Files\Java\jdk-11.0.16\bin\jli.dll
0x00007ff8c9630000 - 0x00007ff8c96de000 	C:\Windows\System32\ADVAPI32.dll
0x00007ff8ac4f0000 - 0x00007ff8ac505000 	C:\Program Files\Java\jdk-11.0.16\bin\VCRUNTIME140.dll
0x00007ff8c9230000 - 0x00007ff8c92ce000 	C:\Windows\System32\msvcrt.dll
0x00007ff8c8c70000 - 0x00007ff8c8d0c000 	C:\Windows\System32\sechost.dll
0x00007ff8c79d0000 - 0x00007ff8c7af5000 	C:\Windows\System32\RPCRT4.dll
0x00007ff8c8490000 - 0x00007ff8c862d000 	C:\Windows\System32\USER32.dll
0x00007ff8c79a0000 - 0x00007ff8c79c2000 	C:\Windows\System32\win32u.dll
0x00007ff8c8bd0000 - 0x00007ff8c8bfb000 	C:\Windows\System32\GDI32.dll
0x00007ff8c7370000 - 0x00007ff8c747f000 	C:\Windows\System32\gdi32full.dll
0x00007ff8c7280000 - 0x00007ff8c731d000 	C:\Windows\System32\msvcp_win.dll
0x00007ff8a6500000 - 0x00007ff8a679a000 	C:\Windows\WinSxS\amd64_microsoft.windows.common-controls_6595b64144ccf1df_6.0.19041.1110_none_60b5254171f9507e\COMCTL32.dll
0x00007ff8bf420000 - 0x00007ff8bf42a000 	C:\Windows\SYSTEM32\VERSION.dll
0x00007ff8c8320000 - 0x00007ff8c8350000 	C:\Windows\System32\IMM32.DLL
0x00007ff8a6fd0000 - 0x00007ff8a706b000 	C:\Program Files\Java\jdk-11.0.16\bin\msvcp140.dll
0x00007ff8980a0000 - 0x00007ff898bb8000 	C:\Program Files\Java\jdk-11.0.16\bin\server\jvm.dll
0x00007ff8c9860000 - 0x00007ff8c9868000 	C:\Windows\System32\PSAPI.DLL
0x00007ff8be0a0000 - 0x00007ff8be0a9000 	C:\Windows\SYSTEM32\WSOCK32.dll
0x00007ff8c8c00000 - 0x00007ff8c8c6b000 	C:\Windows\System32\WS2_32.dll
0x00007ff8a95f0000 - 0x00007ff8a9617000 	C:\Windows\SYSTEM32\WINMM.dll
0x00007ff8c4f20000 - 0x00007ff8c4f32000 	C:\Windows\SYSTEM32\kernel.appcore.dll
0x00007ff8ac7b0000 - 0x00007ff8ac7c0000 	C:\Program Files\Java\jdk-11.0.16\bin\verify.dll
0x00007ff8b9050000 - 0x00007ff8b9234000 	C:\Windows\SYSTEM32\DBGHELP.DLL
0x00007ff8b93b0000 - 0x00007ff8b93dc000 	C:\Windows\SYSTEM32\dbgcore.DLL
0x00007ff8c7910000 - 0x00007ff8c7992000 	C:\Windows\System32\bcryptPrimitives.dll
0x00007ff8ac1b0000 - 0x00007ff8ac1d8000 	C:\Program Files\Java\jdk-11.0.16\bin\java.dll
0x00007ff8ac730000 - 0x00007ff8ac73a000 	C:\Program Files\Java\jdk-11.0.16\bin\jimage.dll
0x00007ff8ac190000 - 0x00007ff8ac1a6000 	C:\Program Files\Java\jdk-11.0.16\bin\zip.dll
0x00007ff8c7b00000 - 0x00007ff8c8243000 	C:\Windows\System32\SHELL32.dll
0x00007ff8c5120000 - 0x00007ff8c58b1000 	C:\Windows\SYSTEM32\windows.storage.dll
0x00007ff8c92d0000 - 0x00007ff8c9624000 	C:\Windows\System32\combase.dll
0x00007ff8c6920000 - 0x00007ff8c6950000 	C:\Windows\SYSTEM32\Wldp.dll
0x00007ff8c8e00000 - 0x00007ff8c8ead000 	C:\Windows\System32\SHCORE.dll
0x00007ff8c8430000 - 0x00007ff8c8485000 	C:\Windows\System32\shlwapi.dll
0x00007ff8c6fc0000 - 0x00007ff8c6fdf000 	C:\Windows\SYSTEM32\profapi.dll
0x00007ff8ac170000 - 0x00007ff8ac189000 	C:\Program Files\Java\jdk-11.0.16\bin\net.dll
0x00007ff8becd0000 - 0x00007ff8beddd000 	C:\Windows\SYSTEM32\WINHTTP.dll
0x00007ff8c6700000 - 0x00007ff8c676a000 	C:\Windows\system32\mswsock.dll
0x00007ff8ac150000 - 0x00007ff8ac162000 	C:\Program Files\Java\jdk-11.0.16\bin\nio.dll
0x0000000069ac0000 - 0x0000000069ae4000 	C:\Users\sfjbs\Downloads\micro service-20221021T071039Z-001\micro service\apache-maven-3.8.5-bin\apache-maven-3.8.5\lib\jansi-native\Windows\x86_64\jansi.dll

dbghelp: loaded successfully - version: 4.0.5 - missing functions: none
symbol engine: initialized successfully - sym options: 0x614 - pdb path: .;C:\Program Files\Java\jdk-11.0.16\bin;C:\Windows\SYSTEM32;C:\Windows\WinSxS\amd64_microsoft.windows.common-controls_6595b64144ccf1df_6.0.19041.1110_none_60b5254171f9507e;C:\Program Files\Java\jdk-11.0.16\bin\server;C:\Users\sfjbs\Downloads\micro service-20221021T071039Z-001\micro service\apache-maven-3.8.5-bin\apache-maven-3.8.5\lib\jansi-native\Windows\x86_64

VM Arguments:
jvm_args: -Dclassworlds.conf=C:\Users\sfjbs\Downloads\micro service-20221021T071039Z-001\micro service\apache-maven-3.8.5-bin\apache-maven-3.8.5\bin\m2.conf -Dmaven.home=C:\Users\sfjbs\Downloads\micro service-20221021T071039Z-001\micro service\apache-maven-3.8.5-bin\apache-maven-3.8.5 -Dlibrary.jansi.path=C:\Users\sfjbs\Downloads\micro service-20221021T071039Z-001\micro service\apache-maven-3.8.5-bin\apache-maven-3.8.5\lib\jansi-native -Dmaven.multiModuleProjectDirectory=C:\Users\sfjbs\oct31training\SanikaDalvi\Day8\eureka-app\gateway-service 
java_command: org.codehaus.plexus.classworlds.launcher.Launcher spring-boot:run
java_class_path (initial): C:\Users\sfjbs\Downloads\micro service-20221021T071039Z-001\micro service\apache-maven-3.8.5-bin\apache-maven-3.8.5\boot\plexus-classworlds-2.6.0.jar
Launcher Type: SUN_STANDARD

[Global flags]
     intx CICompilerCount                          = 2                                         {product} {ergonomic}
     uint ConcGCThreads                            = 1                                         {product} {ergonomic}
     uint G1ConcRefinementThreads                  = 2                                         {product} {ergonomic}
   size_t G1HeapRegionSize                         = 1048576                                   {product} {ergonomic}
    uintx GCDrainStackTargetSize                   = 64                                        {product} {ergonomic}
   size_t InitialHeapSize                          = 134217728                                 {product} {ergonomic}
   size_t MarkStackSize                            = 4194304                                   {product} {ergonomic}
   size_t MaxHeapSize                              = 2147483648                                {product} {ergonomic}
   size_t MaxNewSize                               = 1287651328                                {product} {ergonomic}
   size_t MinHeapDeltaBytes                        = 1048576                                   {product} {ergonomic}
    uintx NonNMethodCodeHeapSize                   = 5825164                                {pd product} {ergonomic}
    uintx NonProfiledCodeHeapSize                  = 122916538                              {pd product} {ergonomic}
    uintx ProfiledCodeHeapSize                     = 122916538                              {pd product} {ergonomic}
    uintx ReservedCodeCacheSize                    = 251658240                              {pd product} {ergonomic}
     bool SegmentedCodeCache                       = true                                      {product} {ergonomic}
     bool UseCompressedClassPointers               = true                                 {lp64_product} {ergonomic}
     bool UseCompressedOops                        = true                                 {lp64_product} {ergonomic}
     bool UseG1GC                                  = true                                      {product} {ergonomic}
     bool UseLargePagesIndividualAllocation        = false                                  {pd product} {ergonomic}

Logging:
Log output configuration:
 #0: stdout all=warning uptime,level,tags
 #1: stderr all=off uptime,level,tags

Environment Variables:
PATH=C:\Program Files\Common Files\Oracle\Java\javapath;C:\Windows\system32;C:\Windows;C:\Windows\System32\Wbem;C:\Windows\System32\WindowsPowerShell\v1.0\;C:\Windows\System32\OpenSSH\;C:\Users\sfjbs\Downloads\micro service-20221021T071039Z-001\micro service\apache-maven-3.8.5-bin\apache-maven-3.8.5\bin;C:\Users\sfjbs\Downloads\micro service-20221021T071039Z-001\micro service\apache-maven-3.8.5-bin\apache-maven-3.8.5\lib;C:\Program Files\Git\cmd;C:\Program Files\Docker\Docker\resources\bin;C:\Users\sfjbs\AppData\Local\Microsoft\WindowsApps;C:\Users\sfjbs\Downloads\micro service-20221021T071039Z-001\micro service\apache-maven-3.8.5-bin\apache-maven-3.8.5\bin;C:\Users\sfjbs\Downloads\micro service-20221021T071039Z-001\micro service\apache-maven-3.8.5-bin\apache-maven-3.8.5\lib;;C:\Program Files\JetBrains\IntelliJ IDEA Community Edition 2022.2.1\bin;
USERNAME=sfjbs
OS=Windows_NT
PROCESSOR_IDENTIFIER=Intel64 Family 6 Model 85 Stepping 7, GenuineIntel



---------------  S Y S T E M  ---------------

OS: Windows 10 , 64 bit Build 19041 (10.0.19041.1889)
Hyper-V role detected

CPU:total 2 (initial active 2) (1 cores per cpu, 2 threads per core) family 6 model 85 stepping 7 microcode 0xffffffff, cmov, cx8, fxsr, mmx, sse, sse2, sse3, ssse3, sse4.1, sse4.2, popcnt, avx, avx2, aes, clmul, erms, rtm, 3dnowpref, lzcnt, ht, tsc, bmi1, bmi2, adx, evex, fma

Memory: 4k page, system-wide physical 8190M (537M free)
TotalPageFile size 10238M (AvailPageFile size 26M)
current process WorkingSet (physical memory assigned to process): 119M, peak: 119M
current process commit charge ("private bytes"): 235M, peak: 261M

vm_info: Java HotSpot(TM) 64-Bit Server VM (11.0.16+11-LTS-199) for windows-amd64 JRE (11.0.16+11-LTS-199), built on Jun 28 2022 08:23:17 by "mach5one" with MS VC++ 15.9 (VS2017)

END.
