#
# There is insufficient memory for the Java Runtime Environment to continue.
# Native memory allocation (malloc) failed to allocate 656016 bytes for Chunk::new
# Possible reasons:
#   The system is out of physical RAM or swap space
#   The process is running with CompressedOops enabled, and the Java Heap may be blocking the growth of the native heap
# Possible solutions:
#   Reduce memory load on the system
#   Increase physical memory or swap space
#   Check if swap backing store is full
#   Decrease Java heap size (-Xmx/-Xms)
#   Decrease number of Java threads
#   Decrease Java thread stack sizes (-Xss)
#   Set larger code cache with -XX:ReservedCodeCacheSize=
#   JVM is running with Unscaled Compressed Oops mode in which the Java heap is
#     placed in the first 4GB address space. The Java Heap base address is the
#     maximum limit for the native heap growth. Please use -XX:HeapBaseMinAddress
#     to set the Java Heap base and to place the Java Heap above 4GB virtual address.
# This output file may be truncated or incomplete.
#
#  Out of Memory Error (./open/src/hotspot/share/memory/arena.cpp:197), pid=10200, tid=2692
#
# JRE version: Java(TM) SE Runtime Environment 18.9 (11.0.16+11) (build 11.0.16+11-LTS-199)
# Java VM: Java HotSpot(TM) 64-Bit Server VM 18.9 (11.0.16+11-LTS-199, mixed mode, tiered, compressed oops, g1 gc, windows-amd64)
# No core dump will be written. Minidumps are not enabled by default on client versions of Windows
#

---------------  S U M M A R Y ------------

Command Line: -javaagent:C:\Program Files\JetBrains\IntelliJ IDEA Community Edition 2022.2.1\lib\idea_rt.jar=52725:C:\Program Files\JetBrains\IntelliJ IDEA Community Edition 2022.2.1\bin -Dfile.encoding=UTF-8 com.rama.rest.CallerApplication

Host: Intel(R) Xeon(R) Platinum 8272CL CPU @ 2.60GHz, 2 cores, 7G,  Windows 10 , 64 bit Build 19041 (10.0.19041.1889)
Time: Wed Nov  9 15:21:15 2022 Coordinated Universal Time elapsed time: 3.338839 seconds (0d 0h 0m 3s)

---------------  T H R E A D  ---------------

Current thread (0x0000028d243d8000):  JavaThread "C2 CompilerThread0" daemon [_thread_in_native, id=2692, stack(0x000000f95b600000,0x000000f95b700000)]


Current CompileTask:
C2:   3338 1894       4       java.util.HashSet::add (20 bytes)

Stack: [0x000000f95b600000,0x000000f95b700000]
Native frames: (J=compiled Java code, j=interpreted, Vv=VM code, C=native code)
V  [jvm.dll+0x62a3ea]
V  [jvm.dll+0x76418f]
V  [jvm.dll+0x765839]
V  [jvm.dll+0x765ec3]
V  [jvm.dll+0x23da98]
V  [jvm.dll+0xb2a1c]
V  [jvm.dll+0xb2fdc]
V  [jvm.dll+0x341487]
V  [jvm.dll+0x30ec83]
V  [jvm.dll+0x30dfca]
V  [jvm.dll+0x1f84a5]
V  [jvm.dll+0x1f768d]
V  [jvm.dll+0x177c81]
V  [jvm.dll+0x207006]
V  [jvm.dll+0x20519b]
V  [jvm.dll+0x729fa0]
V  [jvm.dll+0x722b74]
V  [jvm.dll+0x629286]
C  [ucrtbase.dll+0x21bb2]
C  [KERNEL32.DLL+0x17034]
C  [ntdll.dll+0x526a1]


---------------  P R O C E S S  ---------------

Threads class SMR info:
_java_thread_list=0x0000028d266ce0a0, length=11, elements={
0x0000028d06f60000, 0x0000028d243b8000, 0x0000028d243b9800, 0x0000028d243d3000,
0x0000028d243d5800, 0x0000028d243d6800, 0x0000028d243d8000, 0x0000028d24c83000,
0x0000028d24c88000, 0x0000028d24d8c000, 0x0000028d2520b800
}

Java Threads: ( => current thread )
  0x0000028d06f60000 JavaThread "main" [_thread_in_vm, id=11428, stack(0x000000f95aa00000,0x000000f95ab00000)]
  0x0000028d243b8000 JavaThread "Reference Handler" daemon [_thread_blocked, id=3760, stack(0x000000f95b100000,0x000000f95b200000)]
  0x0000028d243b9800 JavaThread "Finalizer" daemon [_thread_blocked, id=8748, stack(0x000000f95b200000,0x000000f95b300000)]
  0x0000028d243d3000 JavaThread "Signal Dispatcher" daemon [_thread_blocked, id=10160, stack(0x000000f95b300000,0x000000f95b400000)]
  0x0000028d243d5800 JavaThread "Attach Listener" daemon [_thread_blocked, id=3420, stack(0x000000f95b400000,0x000000f95b500000)]
  0x0000028d243d6800 JavaThread "Service Thread" daemon [_thread_blocked, id=7184, stack(0x000000f95b500000,0x000000f95b600000)]
=>0x0000028d243d8000 JavaThread "C2 CompilerThread0" daemon [_thread_in_native, id=2692, stack(0x000000f95b600000,0x000000f95b700000)]
  0x0000028d24c83000 JavaThread "C1 CompilerThread0" daemon [_thread_blocked, id=2908, stack(0x000000f95b700000,0x000000f95b800000)]
  0x0000028d24c88000 JavaThread "Sweeper thread" daemon [_thread_blocked, id=616, stack(0x000000f95b800000,0x000000f95b900000)]
  0x0000028d24d8c000 JavaThread "Common-Cleaner" daemon [_thread_blocked, id=10088, stack(0x000000f95b900000,0x000000f95ba00000)]
  0x0000028d2520b800 JavaThread "Monitor Ctrl-Break" daemon [_thread_in_native, id=9736, stack(0x000000f95ba00000,0x000000f95bb00000)]

Other Threads:
  0x0000028d243b2000 VMThread "VM Thread" [stack: 0x000000f95b000000,0x000000f95b100000] [id=6616]
  0x0000028d2520c800 WatcherThread [stack: 0x000000f95bb00000,0x000000f95bc00000] [id=5744]
  0x0000028d06f74800 GCTaskThread "GC Thread#0" [stack: 0x000000f95ab00000,0x000000f95ac00000] [id=5532]
  0x0000028d252cb000 GCTaskThread "GC Thread#1" [stack: 0x000000f95bc00000,0x000000f95bd00000] [id=10036]
  0x0000028d06fa5800 ConcurrentGCThread "G1 Main Marker" [stack: 0x000000f95ac00000,0x000000f95ad00000] [id=9848]
  0x0000028d06fa7800 ConcurrentGCThread "G1 Conc#0" [stack: 0x000000f95ad00000,0x000000f95ae00000] [id=8932]
  0x0000028d07030000 ConcurrentGCThread "G1 Refine#0" [stack: 0x000000f95ae00000,0x000000f95af00000] [id=1048]
  0x0000028d07031000 ConcurrentGCThread "G1 Young RemSet Sampling" [stack: 0x000000f95af00000,0x000000f95b000000] [id=7076]

Threads with active compile tasks:
C2 CompilerThread0     3365 1894       4       java.util.HashSet::add (20 bytes)

VM state:not at safepoint (normal execution)

VM Mutex/Monitor currently owned by a thread: None

Heap address: 0x0000000080000000, size: 2048 MB, Compressed Oops mode: 32-bit
Narrow klass base: 0x0000000000000000, Narrow klass shift: 3
Compressed class space size: 1073741824 Address: 0x0000000100000000

Heap:
 garbage-first heap   total 157696K, used 22823K [0x0000000080000000, 0x0000000100000000)
  region size 1024K, 19 young (19456K), 3 survivors (3072K)
 Metaspace       used 23585K, capacity 24144K, committed 24448K, reserved 1071104K
  class space    used 2640K, capacity 2884K, committed 2944K, reserved 1048576K
Heap Regions: E=young(eden), S=young(survivor), O=old, HS=humongous(starts), HC=humongous(continues), CS=collection set, F=free, A=archive, TAMS=top-at-mark-start (previous, next)
|   0|0x0000000080000000, 0x0000000080100000, 0x0000000080100000|100%| O|  |TAMS 0x0000000080100000, 0x0000000080000000| Untracked 
|   1|0x0000000080100000, 0x0000000080200000, 0x0000000080200000|100%| O|  |TAMS 0x0000000080200000, 0x0000000080100000| Untracked 
|   2|0x0000000080200000, 0x0000000080300000, 0x0000000080300000|100%| O|  |TAMS 0x0000000080300000, 0x0000000080200000| Untracked 
|   3|0x0000000080300000, 0x0000000080400000, 0x0000000080400000|100%| O|  |TAMS 0x0000000080400000, 0x0000000080300000| Untracked 
|   4|0x0000000080400000, 0x00000000804f1800, 0x0000000080500000| 94%| O|  |TAMS 0x00000000804f1800, 0x0000000080400000| Untracked 
|   5|0x0000000080500000, 0x0000000080500000, 0x0000000080600000|  0%| F|  |TAMS 0x0000000080500000, 0x0000000080500000| Untracked 
|   6|0x0000000080600000, 0x0000000080600000, 0x0000000080700000|  0%| F|  |TAMS 0x0000000080600000, 0x0000000080600000| Untracked 
|   7|0x0000000080700000, 0x0000000080700000, 0x0000000080800000|  0%| F|  |TAMS 0x0000000080700000, 0x0000000080700000| Untracked 
|   8|0x0000000080800000, 0x0000000080800000, 0x0000000080900000|  0%| F|  |TAMS 0x0000000080800000, 0x0000000080800000| Untracked 
|   9|0x0000000080900000, 0x0000000080900000, 0x0000000080a00000|  0%| F|  |TAMS 0x0000000080900000, 0x0000000080900000| Untracked 
|  10|0x0000000080a00000, 0x0000000080a00000, 0x0000000080b00000|  0%| F|  |TAMS 0x0000000080a00000, 0x0000000080a00000| Untracked 
|  11|0x0000000080b00000, 0x0000000080b00000, 0x0000000080c00000|  0%| F|  |TAMS 0x0000000080b00000, 0x0000000080b00000| Untracked 
|  12|0x0000000080c00000, 0x0000000080c00000, 0x0000000080d00000|  0%| F|  |TAMS 0x0000000080c00000, 0x0000000080c00000| Untracked 
|  13|0x0000000080d00000, 0x0000000080d00000, 0x0000000080e00000|  0%| F|  |TAMS 0x0000000080d00000, 0x0000000080d00000| Untracked 
|  14|0x0000000080e00000, 0x0000000080e00000, 0x0000000080f00000|  0%| F|  |TAMS 0x0000000080e00000, 0x0000000080e00000| Untracked 
|  15|0x0000000080f00000, 0x0000000080f00000, 0x0000000081000000|  0%| F|  |TAMS 0x0000000080f00000, 0x0000000080f00000| Untracked 
|  16|0x0000000081000000, 0x0000000081000000, 0x0000000081100000|  0%| F|  |TAMS 0x0000000081000000, 0x0000000081000000| Untracked 
|  17|0x0000000081100000, 0x0000000081100000, 0x0000000081200000|  0%| F|  |TAMS 0x0000000081100000, 0x0000000081100000| Untracked 
|  18|0x0000000081200000, 0x0000000081200000, 0x0000000081300000|  0%| F|  |TAMS 0x0000000081200000, 0x0000000081200000| Untracked 
|  19|0x0000000081300000, 0x0000000081300000, 0x0000000081400000|  0%| F|  |TAMS 0x0000000081300000, 0x0000000081300000| Untracked 
|  20|0x0000000081400000, 0x0000000081400000, 0x0000000081500000|  0%| F|  |TAMS 0x0000000081400000, 0x0000000081400000| Untracked 
|  21|0x0000000081500000, 0x0000000081500000, 0x0000000081600000|  0%| F|  |TAMS 0x0000000081500000, 0x0000000081500000| Untracked 
|  22|0x0000000081600000, 0x0000000081600000, 0x0000000081700000|  0%| F|  |TAMS 0x0000000081600000, 0x0000000081600000| Untracked 
|  23|0x0000000081700000, 0x0000000081700000, 0x0000000081800000|  0%| F|  |TAMS 0x0000000081700000, 0x0000000081700000| Untracked 
|  24|0x0000000081800000, 0x0000000081800000, 0x0000000081900000|  0%| F|  |TAMS 0x0000000081800000, 0x0000000081800000| Untracked 
|  25|0x0000000081900000, 0x0000000081900000, 0x0000000081a00000|  0%| F|  |TAMS 0x0000000081900000, 0x0000000081900000| Untracked 
|  26|0x0000000081a00000, 0x0000000081a00000, 0x0000000081b00000|  0%| F|  |TAMS 0x0000000081a00000, 0x0000000081a00000| Untracked 
|  27|0x0000000081b00000, 0x0000000081b00000, 0x0000000081c00000|  0%| F|  |TAMS 0x0000000081b00000, 0x0000000081b00000| Untracked 
|  28|0x0000000081c00000, 0x0000000081c00000, 0x0000000081d00000|  0%| F|  |TAMS 0x0000000081c00000, 0x0000000081c00000| Untracked 
|  29|0x0000000081d00000, 0x0000000081d00000, 0x0000000081e00000|  0%| F|  |TAMS 0x0000000081d00000, 0x0000000081d00000| Untracked 
|  30|0x0000000081e00000, 0x0000000081e00000, 0x0000000081f00000|  0%| F|  |TAMS 0x0000000081e00000, 0x0000000081e00000| Untracked 
|  31|0x0000000081f00000, 0x0000000081f00000, 0x0000000082000000|  0%| F|  |TAMS 0x0000000081f00000, 0x0000000081f00000| Untracked 
|  32|0x0000000082000000, 0x0000000082000000, 0x0000000082100000|  0%| F|  |TAMS 0x0000000082000000, 0x0000000082000000| Untracked 
|  33|0x0000000082100000, 0x0000000082100000, 0x0000000082200000|  0%| F|  |TAMS 0x0000000082100000, 0x0000000082100000| Untracked 
|  34|0x0000000082200000, 0x0000000082200000, 0x0000000082300000|  0%| F|  |TAMS 0x0000000082200000, 0x0000000082200000| Untracked 
|  35|0x0000000082300000, 0x0000000082300000, 0x0000000082400000|  0%| F|  |TAMS 0x0000000082300000, 0x0000000082300000| Untracked 
|  36|0x0000000082400000, 0x0000000082400000, 0x0000000082500000|  0%| F|  |TAMS 0x0000000082400000, 0x0000000082400000| Untracked 
|  37|0x0000000082500000, 0x0000000082500000, 0x0000000082600000|  0%| F|  |TAMS 0x0000000082500000, 0x0000000082500000| Untracked 
|  38|0x0000000082600000, 0x0000000082600000, 0x0000000082700000|  0%| F|  |TAMS 0x0000000082600000, 0x0000000082600000| Untracked 
|  39|0x0000000082700000, 0x0000000082700000, 0x0000000082800000|  0%| F|  |TAMS 0x0000000082700000, 0x0000000082700000| Untracked 
|  40|0x0000000082800000, 0x0000000082800000, 0x0000000082900000|  0%| F|  |TAMS 0x0000000082800000, 0x0000000082800000| Untracked 
|  41|0x0000000082900000, 0x0000000082900000, 0x0000000082a00000|  0%| F|  |TAMS 0x0000000082900000, 0x0000000082900000| Untracked 
|  42|0x0000000082a00000, 0x0000000082a00000, 0x0000000082b00000|  0%| F|  |TAMS 0x0000000082a00000, 0x0000000082a00000| Untracked 
|  43|0x0000000082b00000, 0x0000000082b00000, 0x0000000082c00000|  0%| F|  |TAMS 0x0000000082b00000, 0x0000000082b00000| Untracked 
|  44|0x0000000082c00000, 0x0000000082c00000, 0x0000000082d00000|  0%| F|  |TAMS 0x0000000082c00000, 0x0000000082c00000| Untracked 
|  45|0x0000000082d00000, 0x0000000082d00000, 0x0000000082e00000|  0%| F|  |TAMS 0x0000000082d00000, 0x0000000082d00000| Untracked 
|  46|0x0000000082e00000, 0x0000000082e00000, 0x0000000082f00000|  0%| F|  |TAMS 0x0000000082e00000, 0x0000000082e00000| Untracked 
|  47|0x0000000082f00000, 0x0000000082f00000, 0x0000000083000000|  0%| F|  |TAMS 0x0000000082f00000, 0x0000000082f00000| Untracked 
|  48|0x0000000083000000, 0x0000000083000000, 0x0000000083100000|  0%| F|  |TAMS 0x0000000083000000, 0x0000000083000000| Untracked 
|  49|0x0000000083100000, 0x0000000083100000, 0x0000000083200000|  0%| F|  |TAMS 0x0000000083100000, 0x0000000083100000| Untracked 
|  50|0x0000000083200000, 0x0000000083200000, 0x0000000083300000|  0%| F|  |TAMS 0x0000000083200000, 0x0000000083200000| Untracked 
|  51|0x0000000083300000, 0x0000000083300000, 0x0000000083400000|  0%| F|  |TAMS 0x0000000083300000, 0x0000000083300000| Untracked 
|  52|0x0000000083400000, 0x0000000083400000, 0x0000000083500000|  0%| F|  |TAMS 0x0000000083400000, 0x0000000083400000| Untracked 
|  53|0x0000000083500000, 0x0000000083500000, 0x0000000083600000|  0%| F|  |TAMS 0x0000000083500000, 0x0000000083500000| Untracked 
|  54|0x0000000083600000, 0x0000000083600000, 0x0000000083700000|  0%| F|  |TAMS 0x0000000083600000, 0x0000000083600000| Untracked 
|  55|0x0000000083700000, 0x0000000083700000, 0x0000000083800000|  0%| F|  |TAMS 0x0000000083700000, 0x0000000083700000| Untracked 
|  56|0x0000000083800000, 0x0000000083800000, 0x0000000083900000|  0%| F|  |TAMS 0x0000000083800000, 0x0000000083800000| Untracked 
|  57|0x0000000083900000, 0x0000000083900000, 0x0000000083a00000|  0%| F|  |TAMS 0x0000000083900000, 0x0000000083900000| Untracked 
|  58|0x0000000083a00000, 0x0000000083a00000, 0x0000000083b00000|  0%| F|  |TAMS 0x0000000083a00000, 0x0000000083a00000| Untracked 
|  59|0x0000000083b00000, 0x0000000083b00000, 0x0000000083c00000|  0%| F|  |TAMS 0x0000000083b00000, 0x0000000083b00000| Untracked 
|  60|0x0000000083c00000, 0x0000000083c00000, 0x0000000083d00000|  0%| F|  |TAMS 0x0000000083c00000, 0x0000000083c00000| Untracked 
|  61|0x0000000083d00000, 0x0000000083d00000, 0x0000000083e00000|  0%| F|  |TAMS 0x0000000083d00000, 0x0000000083d00000| Untracked 
|  62|0x0000000083e00000, 0x0000000083e00000, 0x0000000083f00000|  0%| F|  |TAMS 0x0000000083e00000, 0x0000000083e00000| Untracked 
|  63|0x0000000083f00000, 0x0000000083f00000, 0x0000000084000000|  0%| F|  |TAMS 0x0000000083f00000, 0x0000000083f00000| Untracked 
|  64|0x0000000084000000, 0x0000000084000000, 0x0000000084100000|  0%| F|  |TAMS 0x0000000084000000, 0x0000000084000000| Untracked 
|  65|0x0000000084100000, 0x0000000084100000, 0x0000000084200000|  0%| F|  |TAMS 0x0000000084100000, 0x0000000084100000| Untracked 
|  66|0x0000000084200000, 0x0000000084200000, 0x0000000084300000|  0%| F|  |TAMS 0x0000000084200000, 0x0000000084200000| Untracked 
|  67|0x0000000084300000, 0x0000000084300000, 0x0000000084400000|  0%| F|  |TAMS 0x0000000084300000, 0x0000000084300000| Untracked 
|  68|0x0000000084400000, 0x0000000084400000, 0x0000000084500000|  0%| F|  |TAMS 0x0000000084400000, 0x0000000084400000| Untracked 
|  69|0x0000000084500000, 0x0000000084500000, 0x0000000084600000|  0%| F|  |TAMS 0x0000000084500000, 0x0000000084500000| Untracked 
|  70|0x0000000084600000, 0x0000000084600000, 0x0000000084700000|  0%| F|  |TAMS 0x0000000084600000, 0x0000000084600000| Untracked 
|  71|0x0000000084700000, 0x0000000084700000, 0x0000000084800000|  0%| F|  |TAMS 0x0000000084700000, 0x0000000084700000| Untracked 
|  72|0x0000000084800000, 0x0000000084800000, 0x0000000084900000|  0%| F|  |TAMS 0x0000000084800000, 0x0000000084800000| Untracked 
|  73|0x0000000084900000, 0x0000000084900000, 0x0000000084a00000|  0%| F|  |TAMS 0x0000000084900000, 0x0000000084900000| Untracked 
|  74|0x0000000084a00000, 0x0000000084a00000, 0x0000000084b00000|  0%| F|  |TAMS 0x0000000084a00000, 0x0000000084a00000| Untracked 
|  75|0x0000000084b00000, 0x0000000084b00000, 0x0000000084c00000|  0%| F|  |TAMS 0x0000000084b00000, 0x0000000084b00000| Untracked 
|  76|0x0000000084c00000, 0x0000000084c00000, 0x0000000084d00000|  0%| F|  |TAMS 0x0000000084c00000, 0x0000000084c00000| Untracked 
|  77|0x0000000084d00000, 0x0000000084d00000, 0x0000000084e00000|  0%| F|  |TAMS 0x0000000084d00000, 0x0000000084d00000| Untracked 
|  78|0x0000000084e00000, 0x0000000084e00000, 0x0000000084f00000|  0%| F|  |TAMS 0x0000000084e00000, 0x0000000084e00000| Untracked 
|  79|0x0000000084f00000, 0x0000000084f00000, 0x0000000085000000|  0%| F|  |TAMS 0x0000000084f00000, 0x0000000084f00000| Untracked 
|  80|0x0000000085000000, 0x0000000085000000, 0x0000000085100000|  0%| F|  |TAMS 0x0000000085000000, 0x0000000085000000| Untracked 
|  81|0x0000000085100000, 0x0000000085100000, 0x0000000085200000|  0%| F|  |TAMS 0x0000000085100000, 0x0000000085100000| Untracked 
|  82|0x0000000085200000, 0x0000000085200000, 0x0000000085300000|  0%| F|  |TAMS 0x0000000085200000, 0x0000000085200000| Untracked 
|  83|0x0000000085300000, 0x0000000085300000, 0x0000000085400000|  0%| F|  |TAMS 0x0000000085300000, 0x0000000085300000| Untracked 
|  84|0x0000000085400000, 0x0000000085400000, 0x0000000085500000|  0%| F|  |TAMS 0x0000000085400000, 0x0000000085400000| Untracked 
|  85|0x0000000085500000, 0x0000000085500000, 0x0000000085600000|  0%| F|  |TAMS 0x0000000085500000, 0x0000000085500000| Untracked 
|  86|0x0000000085600000, 0x0000000085600000, 0x0000000085700000|  0%| F|  |TAMS 0x0000000085600000, 0x0000000085600000| Untracked 
|  87|0x0000000085700000, 0x0000000085700000, 0x0000000085800000|  0%| F|  |TAMS 0x0000000085700000, 0x0000000085700000| Untracked 
|  88|0x0000000085800000, 0x0000000085800000, 0x0000000085900000|  0%| F|  |TAMS 0x0000000085800000, 0x0000000085800000| Untracked 
|  89|0x0000000085900000, 0x0000000085900000, 0x0000000085a00000|  0%| F|  |TAMS 0x0000000085900000, 0x0000000085900000| Untracked 
|  90|0x0000000085a00000, 0x0000000085a00000, 0x0000000085b00000|  0%| F|  |TAMS 0x0000000085a00000, 0x0000000085a00000| Untracked 
|  91|0x0000000085b00000, 0x0000000085b00000, 0x0000000085c00000|  0%| F|  |TAMS 0x0000000085b00000, 0x0000000085b00000| Untracked 
|  92|0x0000000085c00000, 0x0000000085c00000, 0x0000000085d00000|  0%| F|  |TAMS 0x0000000085c00000, 0x0000000085c00000| Untracked 
|  93|0x0000000085d00000, 0x0000000085d00000, 0x0000000085e00000|  0%| F|  |TAMS 0x0000000085d00000, 0x0000000085d00000| Untracked 
|  94|0x0000000085e00000, 0x0000000085e00000, 0x0000000085f00000|  0%| F|  |TAMS 0x0000000085e00000, 0x0000000085e00000| Untracked 
|  95|0x0000000085f00000, 0x0000000085f00000, 0x0000000086000000|  0%| F|  |TAMS 0x0000000085f00000, 0x0000000085f00000| Untracked 
|  96|0x0000000086000000, 0x0000000086000000, 0x0000000086100000|  0%| F|  |TAMS 0x0000000086000000, 0x0000000086000000| Untracked 
|  97|0x0000000086100000, 0x0000000086100000, 0x0000000086200000|  0%| F|  |TAMS 0x0000000086100000, 0x0000000086100000| Untracked 
|  98|0x0000000086200000, 0x0000000086200000, 0x0000000086300000|  0%| F|  |TAMS 0x0000000086200000, 0x0000000086200000| Untracked 
|  99|0x0000000086300000, 0x0000000086300000, 0x0000000086400000|  0%| F|  |TAMS 0x0000000086300000, 0x0000000086300000| Untracked 
| 100|0x0000000086400000, 0x0000000086400000, 0x0000000086500000|  0%| F|  |TAMS 0x0000000086400000, 0x0000000086400000| Untracked 
| 101|0x0000000086500000, 0x0000000086500000, 0x0000000086600000|  0%| F|  |TAMS 0x0000000086500000, 0x0000000086500000| Untracked 
| 102|0x0000000086600000, 0x0000000086600000, 0x0000000086700000|  0%| F|  |TAMS 0x0000000086600000, 0x0000000086600000| Untracked 
| 103|0x0000000086700000, 0x0000000086700000, 0x0000000086800000|  0%| F|  |TAMS 0x0000000086700000, 0x0000000086700000| Untracked 
| 104|0x0000000086800000, 0x0000000086800000, 0x0000000086900000|  0%| F|  |TAMS 0x0000000086800000, 0x0000000086800000| Untracked 
| 105|0x0000000086900000, 0x0000000086900000, 0x0000000086a00000|  0%| F|  |TAMS 0x0000000086900000, 0x0000000086900000| Untracked 
| 106|0x0000000086a00000, 0x0000000086a00000, 0x0000000086b00000|  0%| F|  |TAMS 0x0000000086a00000, 0x0000000086a00000| Untracked 
| 107|0x0000000086b00000, 0x0000000086b00000, 0x0000000086c00000|  0%| F|  |TAMS 0x0000000086b00000, 0x0000000086b00000| Untracked 
| 108|0x0000000086c00000, 0x0000000086c00000, 0x0000000086d00000|  0%| F|  |TAMS 0x0000000086c00000, 0x0000000086c00000| Untracked 
| 109|0x0000000086d00000, 0x0000000086d00000, 0x0000000086e00000|  0%| F|  |TAMS 0x0000000086d00000, 0x0000000086d00000| Untracked 
| 110|0x0000000086e00000, 0x0000000086e00000, 0x0000000086f00000|  0%| F|  |TAMS 0x0000000086e00000, 0x0000000086e00000| Untracked 
| 111|0x0000000086f00000, 0x0000000086f58430, 0x0000000087000000| 34%| S|CS|TAMS 0x0000000086f00000, 0x0000000086f00000| Complete 
| 112|0x0000000087000000, 0x0000000087100000, 0x0000000087100000|100%| S|CS|TAMS 0x0000000087000000, 0x0000000087000000| Complete 
| 113|0x0000000087100000, 0x0000000087200000, 0x0000000087200000|100%| S|CS|TAMS 0x0000000087100000, 0x0000000087100000| Complete 
| 114|0x0000000087200000, 0x0000000087200000, 0x0000000087300000|  0%| F|  |TAMS 0x0000000087200000, 0x0000000087200000| Untracked 
| 115|0x0000000087300000, 0x0000000087300000, 0x0000000087400000|  0%| F|  |TAMS 0x0000000087300000, 0x0000000087300000| Untracked 
| 116|0x0000000087400000, 0x0000000087400000, 0x0000000087500000|  0%| F|  |TAMS 0x0000000087400000, 0x0000000087400000| Untracked 
| 117|0x0000000087500000, 0x0000000087500000, 0x0000000087600000|  0%| F|  |TAMS 0x0000000087500000, 0x0000000087500000| Untracked 
| 118|0x0000000087600000, 0x0000000087600000, 0x0000000087700000|  0%| F|  |TAMS 0x0000000087600000, 0x0000000087600000| Untracked 
| 119|0x0000000087700000, 0x0000000087700000, 0x0000000087800000|  0%| F|  |TAMS 0x0000000087700000, 0x0000000087700000| Untracked 
| 120|0x0000000087800000, 0x0000000087800000, 0x0000000087900000|  0%| F|  |TAMS 0x0000000087800000, 0x0000000087800000| Untracked 
| 121|0x0000000087900000, 0x0000000087900000, 0x0000000087a00000|  0%| F|  |TAMS 0x0000000087900000, 0x0000000087900000| Untracked 
| 122|0x0000000087a00000, 0x0000000087a00000, 0x0000000087b00000|  0%| F|  |TAMS 0x0000000087a00000, 0x0000000087a00000| Untracked 
| 123|0x0000000087b00000, 0x0000000087b00000, 0x0000000087c00000|  0%| F|  |TAMS 0x0000000087b00000, 0x0000000087b00000| Untracked 
| 124|0x0000000087c00000, 0x0000000087c00000, 0x0000000087d00000|  0%| F|  |TAMS 0x0000000087c00000, 0x0000000087c00000| Untracked 
| 125|0x0000000087d00000, 0x0000000087d00000, 0x0000000087e00000|  0%| F|  |TAMS 0x0000000087d00000, 0x0000000087d00000| Untracked 
| 126|0x0000000087e00000, 0x0000000087e00000, 0x0000000087f00000|  0%| F|  |TAMS 0x0000000087e00000, 0x0000000087e00000| Untracked 
| 127|0x0000000087f00000, 0x0000000087f00000, 0x0000000088000000|  0%| F|  |TAMS 0x0000000087f00000, 0x0000000087f00000| Untracked 
| 128|0x0000000088000000, 0x0000000088000000, 0x0000000088100000|  0%| F|  |TAMS 0x0000000088000000, 0x0000000088000000| Untracked 
| 129|0x0000000088100000, 0x0000000088100000, 0x0000000088200000|  0%| F|  |TAMS 0x0000000088100000, 0x0000000088100000| Untracked 
| 130|0x0000000088200000, 0x0000000088200000, 0x0000000088300000|  0%| F|  |TAMS 0x0000000088200000, 0x0000000088200000| Untracked 
| 131|0x0000000088300000, 0x0000000088300000, 0x0000000088400000|  0%| F|  |TAMS 0x0000000088300000, 0x0000000088300000| Untracked 
| 132|0x0000000088400000, 0x0000000088400000, 0x0000000088500000|  0%| F|  |TAMS 0x0000000088400000, 0x0000000088400000| Untracked 
| 133|0x0000000088500000, 0x0000000088500000, 0x0000000088600000|  0%| F|  |TAMS 0x0000000088500000, 0x0000000088500000| Untracked 
| 134|0x0000000088600000, 0x0000000088600000, 0x0000000088700000|  0%| F|  |TAMS 0x0000000088600000, 0x0000000088600000| Untracked 
| 135|0x0000000088700000, 0x0000000088700000, 0x0000000088800000|  0%| F|  |TAMS 0x0000000088700000, 0x0000000088700000| Untracked 
| 136|0x0000000088800000, 0x0000000088800000, 0x0000000088900000|  0%| F|  |TAMS 0x0000000088800000, 0x0000000088800000| Untracked 
| 137|0x0000000088900000, 0x0000000088900000, 0x0000000088a00000|  0%| F|  |TAMS 0x0000000088900000, 0x0000000088900000| Untracked 
| 138|0x0000000088a00000, 0x0000000088b00000, 0x0000000088b00000|100%| E|  |TAMS 0x0000000088a00000, 0x0000000088a00000| Complete 
| 139|0x0000000088b00000, 0x0000000088c00000, 0x0000000088c00000|100%| E|CS|TAMS 0x0000000088b00000, 0x0000000088b00000| Complete 
| 140|0x0000000088c00000, 0x0000000088d00000, 0x0000000088d00000|100%| E|CS|TAMS 0x0000000088c00000, 0x0000000088c00000| Complete 
| 141|0x0000000088d00000, 0x0000000088e00000, 0x0000000088e00000|100%| E|CS|TAMS 0x0000000088d00000, 0x0000000088d00000| Complete 
| 142|0x0000000088e00000, 0x0000000088f00000, 0x0000000088f00000|100%| E|CS|TAMS 0x0000000088e00000, 0x0000000088e00000| Complete 
| 143|0x0000000088f00000, 0x0000000089000000, 0x0000000089000000|100%| E|CS|TAMS 0x0000000088f00000, 0x0000000088f00000| Complete 
| 144|0x0000000089000000, 0x0000000089100000, 0x0000000089100000|100%| E|CS|TAMS 0x0000000089000000, 0x0000000089000000| Complete 
| 145|0x0000000089100000, 0x0000000089200000, 0x0000000089200000|100%| E|CS|TAMS 0x0000000089100000, 0x0000000089100000| Complete 
| 146|0x0000000089200000, 0x0000000089300000, 0x0000000089300000|100%| E|CS|TAMS 0x0000000089200000, 0x0000000089200000| Complete 
| 147|0x0000000089300000, 0x0000000089400000, 0x0000000089400000|100%| E|CS|TAMS 0x0000000089300000, 0x0000000089300000| Complete 
| 148|0x0000000089400000, 0x0000000089500000, 0x0000000089500000|100%| E|CS|TAMS 0x0000000089400000, 0x0000000089400000| Complete 
| 149|0x0000000089500000, 0x0000000089600000, 0x0000000089600000|100%| E|CS|TAMS 0x0000000089500000, 0x0000000089500000| Complete 
| 150|0x0000000089600000, 0x0000000089700000, 0x0000000089700000|100%| E|CS|TAMS 0x0000000089600000, 0x0000000089600000| Complete 
| 151|0x0000000089700000, 0x0000000089800000, 0x0000000089800000|100%| E|CS|TAMS 0x0000000089700000, 0x0000000089700000| Complete 
| 152|0x0000000089800000, 0x0000000089900000, 0x0000000089900000|100%| E|CS|TAMS 0x0000000089800000, 0x0000000089800000| Complete 
| 153|0x0000000089900000, 0x0000000089a00000, 0x0000000089a00000|100%| E|CS|TAMS 0x0000000089900000, 0x0000000089900000| Complete 

Card table byte_map: [0x0000028d1da10000,0x0000028d1de10000] _byte_map_base: 0x0000028d1d610000

Marking Bits (Prev, Next): (CMBitMap*) 0x0000028d06f9cb50, (CMBitMap*) 0x0000028d06f9cb18
 Prev Bits: [0x0000028d20210000, 0x0000028d22210000)
 Next Bits: [0x0000028d1e210000, 0x0000028d20210000)

Polling page: 0x0000028d04e80000

Metaspace:

Usage:
  Non-class:     20.77 MB capacity,    20.47 MB ( 99%) used,   247.56 KB (  1%) free+waste,    62.81 KB ( <1%) overhead. 
      Class:      2.82 MB capacity,     2.58 MB ( 92%) used,   211.63 KB (  7%) free+waste,    31.88 KB (  1%) overhead. 
       Both:     23.59 MB capacity,    23.05 MB ( 98%) used,   459.19 KB (  2%) free+waste,    94.69 KB ( <1%) overhead. 

Virtual space:
  Non-class space:       22.00 MB reserved,      21.00 MB ( 95%) committed 
      Class space:        1.00 GB reserved,       2.88 MB ( <1%) committed 
             Both:        1.02 GB reserved,      23.88 MB (  2%) committed 

Chunk freelists:
   Non-Class:  5.63 KB
       Class:  3.25 KB
        Both:  8.88 KB

CodeHeap 'non-profiled nmethods': size=120064Kb used=707Kb max_used=707Kb free=119356Kb
 bounds [0x0000028d160d0000, 0x0000028d16340000, 0x0000028d1d610000]
CodeHeap 'profiled nmethods': size=120000Kb used=3750Kb max_used=3750Kb free=116249Kb
 bounds [0x0000028d0eba0000, 0x0000028d0ef50000, 0x0000028d160d0000]
CodeHeap 'non-nmethods': size=5696Kb used=1131Kb max_used=1165Kb free=4564Kb
 bounds [0x0000028d0e610000, 0x0000028d0e880000, 0x0000028d0eba0000]
 total_blobs=2356 nmethods=1919 adapters=348
 compilation: enabled
              stopped_count=0, restarted_count=0
 full_count=0

Compilation events (10 events):
Event: 3.313 Thread 0x0000028d24c83000 nmethod 1895 0x0000028d0ef3ad90 code [0x0000028d0ef3b000, 0x0000028d0ef3bb58]
Event: 3.327 Thread 0x0000028d24c83000 1897       3       java.util.concurrent.locks.AbstractQueuedSynchronizer::compareAndSetState (10 bytes)
Event: 3.328 Thread 0x0000028d24c83000 nmethod 1897 0x0000028d0ef3c010 code [0x0000028d0ef3c220, 0x0000028d0ef3c838]
Event: 3.328 Thread 0x0000028d24c83000 1898       3       org.springframework.util.ConcurrentReferenceHashMap$ReferenceManager::createReference (43 bytes)
Event: 3.328 Thread 0x0000028d24c83000 nmethod 1898 0x0000028d0ef3ca90 code [0x0000028d0ef3cc80, 0x0000028d0ef3d1e8]
Event: 3.328 Thread 0x0000028d24c83000 1899       3       sun.reflect.generics.parser.SignatureParser::parseFieldTypeSignature (73 bytes)
Event: 3.329 Thread 0x0000028d24c83000 nmethod 1899 0x0000028d0ef3d410 code [0x0000028d0ef3d660, 0x0000028d0ef3dcc8]
Event: 3.335 Thread 0x0000028d24c83000 1900       1       java.lang.reflect.Method::getSharedExceptionTypes (5 bytes)
Event: 3.335 Thread 0x0000028d24c83000 nmethod 1900 0x0000028d16180310 code [0x0000028d161804a0, 0x0000028d16180558]
Event: 3.336 Thread 0x0000028d24c83000 1901       3       java.lang.reflect.Proxy$ProxyBuilder::addElementTypes (33 bytes)

GC Heap History (10 events):
Event: 0.641 GC heap before
{Heap before GC invocations=0 (full 0):
 garbage-first heap   total 131072K, used 6144K [0x0000000080000000, 0x0000000100000000)
  region size 1024K, 7 young (7168K), 0 survivors (0K)
 Metaspace       used 7172K, capacity 7283K, committed 7296K, reserved 1056768K
  class space    used 627K, capacity 638K, committed 640K, reserved 1048576K
}
Event: 0.647 GC heap after
{Heap after GC invocations=1 (full 0):
 garbage-first heap   total 131072K, used 3919K [0x0000000080000000, 0x0000000100000000)
  region size 1024K, 1 young (1024K), 1 survivors (1024K)
 Metaspace       used 7172K, capacity 7283K, committed 7296K, reserved 1056768K
  class space    used 627K, capacity 638K, committed 640K, reserved 1048576K
}
Event: 1.013 GC heap before
{Heap before GC invocations=1 (full 0):
 garbage-first heap   total 131072K, used 9039K [0x0000000080000000, 0x0000000100000000)
  region size 1024K, 6 young (6144K), 1 survivors (1024K)
 Metaspace       used 9763K, capacity 9955K, committed 10240K, reserved 1058816K
  class space    used 888K, capacity 953K, committed 1024K, reserved 1048576K
}
Event: 1.018 GC heap after
{Heap after GC invocations=2 (full 0):
 garbage-first heap   total 131072K, used 5120K [0x0000000080000000, 0x0000000100000000)
  region size 1024K, 1 young (1024K), 1 survivors (1024K)
 Metaspace       used 9763K, capacity 9955K, committed 10240K, reserved 1058816K
  class space    used 888K, capacity 953K, committed 1024K, reserved 1048576K
}
Event: 1.615 GC heap before
{Heap before GC invocations=2 (full 0):
 garbage-first heap   total 131072K, used 16384K [0x0000000080000000, 0x0000000100000000)
  region size 1024K, 12 young (12288K), 1 survivors (1024K)
 Metaspace       used 13851K, capacity 14130K, committed 14336K, reserved 1062912K
  class space    used 1376K, capacity 1503K, committed 1536K, reserved 1048576K
}
Event: 1.621 GC heap after
{Heap after GC invocations=3 (full 0):
 garbage-first heap   total 131072K, used 5996K [0x0000000080000000, 0x0000000100000000)
  region size 1024K, 2 young (2048K), 2 survivors (2048K)
 Metaspace       used 13851K, capacity 14130K, committed 14336K, reserved 1062912K
  class space    used 1376K, capacity 1503K, committed 1536K, reserved 1048576K
}
Event: 2.255 GC heap before
{Heap before GC invocations=3 (full 0):
 garbage-first heap   total 131072K, used 22380K [0x0000000080000000, 0x0000000100000000)
  region size 1024K, 18 young (18432K), 2 survivors (2048K)
 Metaspace       used 17729K, capacity 18182K, committed 18304K, reserved 1064960K
  class space    used 1916K, capacity 2124K, committed 2176K, reserved 1048576K
}
Event: 2.264 GC heap after
{Heap after GC invocations=4 (full 0):
 garbage-first heap   total 131072K, used 7036K [0x0000000080000000, 0x0000000100000000)
  region size 1024K, 2 young (2048K), 2 survivors (2048K)
 Metaspace       used 17729K, capacity 18182K, committed 18304K, reserved 1064960K
  class space    used 1916K, capacity 2124K, committed 2176K, reserved 1048576K
}
Event: 2.760 GC heap before
{Heap before GC invocations=4 (full 0):
 garbage-first heap   total 131072K, used 19324K [0x0000000080000000, 0x0000000100000000)
  region size 1024K, 16 young (16384K), 2 survivors (2048K)
 Metaspace       used 20666K, capacity 21127K, committed 21248K, reserved 1069056K
  class space    used 2226K, capacity 2446K, committed 2560K, reserved 1048576K
}
Event: 2.768 GC heap after
{Heap after GC invocations=5 (full 0):
 garbage-first heap   total 157696K, used 7463K [0x0000000080000000, 0x0000000100000000)
  region size 1024K, 3 young (3072K), 3 survivors (3072K)
 Metaspace       used 20666K, capacity 21127K, committed 21248K, reserved 1069056K
  class space    used 2226K, capacity 2446K, committed 2560K, reserved 1048576K
}

Deoptimization events (10 events):
Event: 2.305 Thread 0x0000028d06f60000 Uncommon trap: reason=unstable_if action=reinterpret pc=0x0000028d16114034 method=java.util.concurrent.ConcurrentHashMap.get(Ljava/lang/Object;)Ljava/lang/Object; @ 86 c2
Event: 2.564 Thread 0x0000028d06f60000 Uncommon trap: reason=unstable_if action=reinterpret pc=0x0000028d1610c3a0 method=java.util.HashMap.hash(Ljava/lang/Object;)I @ 1 c2
Event: 2.589 Thread 0x0000028d06f60000 Uncommon trap: reason=unstable_if action=reinterpret pc=0x0000028d1612e97c method=java.util.concurrent.ConcurrentHashMap.addCount(JI)V @ 34 c2
Event: 2.590 Thread 0x0000028d25d53000 Uncommon trap: reason=unstable_if action=reinterpret pc=0x0000028d16130208 method=java.util.concurrent.ConcurrentHashMap.addCount(JI)V @ 7 c2
Event: 2.610 Thread 0x0000028d06f60000 Uncommon trap: reason=unstable_if action=reinterpret pc=0x0000028d16118b7c method=java.util.HashMap.putVal(ILjava/lang/Object;Ljava/lang/Object;ZZ)Ljava/lang/Object; @ 181 c2
Event: 2.611 Thread 0x0000028d06f60000 Uncommon trap: reason=unstable_if action=reinterpret pc=0x0000028d16148e94 method=java.util.HashMap.getNode(ILjava/lang/Object;)Ljava/util/HashMap$Node; @ 129 c2
Event: 3.113 Thread 0x0000028d25d53000 Uncommon trap: reason=unstable_if action=reinterpret pc=0x0000028d1613217c method=jdk.internal.org.objectweb.asm.Type.getArgumentsAndReturnSizes(Ljava/lang/String;)I @ 47 c2
Event: 3.114 Thread 0x0000028d25d53000 Uncommon trap: reason=unstable_if action=reinterpret pc=0x0000028d16153ac0 method=jdk.internal.org.objectweb.asm.Frame.push(Ljdk/internal/org/objectweb/asm/ClassWriter;Ljava/lang/String;)V @ 18 c2
Event: 3.288 Thread 0x0000028d06f60000 Uncommon trap: reason=unstable_if action=reinterpret pc=0x0000028d161077d8 method=java.io.WinNTFileSystem.normalize(Ljava/lang/String;)Ljava/lang/String; @ 128 c2
Event: 3.288 Thread 0x0000028d06f60000 Uncommon trap: reason=unstable_if action=reinterpret pc=0x0000028d161019ec method=java.util.zip.ZipFile$Source.getEntryPos([BZ)I @ 156 c2

Classes redefined (0 events):
No events

Internal exceptions (10 events):
Event: 3.225 Thread 0x0000028d06f60000 Exception <a 'java/lang/ClassNotFoundException'{0x0000000088d80f78}: org/springframework/core/OrderedCustomizer> (0x0000000088d80f78) thrown at [./open/src/hotspot/share/classfile/systemDictionary.cpp, line 226]
Event: 3.226 Thread 0x0000028d06f60000 Exception <a 'java/lang/ClassNotFoundException'{0x0000000088d90e88}: org/springframework/context/ResourceLoaderAwareCustomizer> (0x0000000088d90e88) thrown at [./open/src/hotspot/share/classfile/systemDictionary.cpp, line 226]
Event: 3.227 Thread 0x0000028d06f60000 Exception <a 'java/lang/ClassNotFoundException'{0x0000000088da0150}: org/springframework/beans/factory/AwareCustomizer> (0x0000000088da0150) thrown at [./open/src/hotspot/share/classfile/systemDictionary.cpp, line 226]
Event: 3.227 Thread 0x0000028d06f60000 Exception <a 'java/lang/ClassNotFoundException'{0x0000000088dafab0}: org/springframework/context/ApplicationStartupAwareCustomizer> (0x0000000088dafab0) thrown at [./open/src/hotspot/share/classfile/systemDictionary.cpp, line 226]
Event: 3.228 Thread 0x0000028d06f60000 Exception <a 'java/lang/ClassNotFoundException'{0x0000000088dbf260}: org/springframework/beans/factory/AwareCustomizer> (0x0000000088dbf260) thrown at [./open/src/hotspot/share/classfile/systemDictionary.cpp, line 226]
Event: 3.229 Thread 0x0000028d06f60000 Exception <a 'java/lang/ClassNotFoundException'{0x0000000088dcf008}: org/springframework/beans/factory/BeanClassLoaderAwareCustomizer> (0x0000000088dcf008) thrown at [./open/src/hotspot/share/classfile/systemDictionary.cpp, line 226]
Event: 3.229 Thread 0x0000028d06f60000 Exception <a 'java/lang/ClassNotFoundException'{0x0000000088dde2e8}: org/springframework/beans/factory/AwareCustomizer> (0x0000000088dde2e8) thrown at [./open/src/hotspot/share/classfile/systemDictionary.cpp, line 226]
Event: 3.230 Thread 0x0000028d06f60000 Exception <a 'java/lang/ClassNotFoundException'{0x0000000088ded010}: org/springframework/context/EnvironmentAwareCustomizer> (0x0000000088ded010) thrown at [./open/src/hotspot/share/classfile/systemDictionary.cpp, line 226]
Event: 3.231 Thread 0x0000028d06f60000 Exception <a 'java/lang/ClassNotFoundException'{0x0000000088dfc268}: org/springframework/beans/factory/AwareCustomizer> (0x0000000088dfc268) thrown at [./open/src/hotspot/share/classfile/systemDictionary.cpp, line 226]
Event: 3.286 Thread 0x0000028d06f60000 Exception <a 'java/lang/NoSuchMethodError'{0x0000000088b19e48}: java.lang.invoke.DirectMethodHandle$Holder.invokeVirtual(Ljava/lang/Object;Ljava/lang/Object;Ljava/lang/Object;)Ljava/lang/Object;> (0x0000000088b19e48) thrown at [./open/src/hotspot/share/in

Events (10 events):
Event: 3.330 loading class org/springframework/test/context/BootstrapWith
Event: 3.330 loading class org/springframework/test/context/BootstrapWith done
Event: 3.330 loading class org/springframework/test/context/TestContextBootstrapper
Event: 3.330 loading class org/springframework/test/context/TestContextBootstrapper done
Event: 3.331 loading class org/springframework/boot/test/context/SpringBootTestContextBootstrapper
Event: 3.331 loading class org/springframework/boot/test/context/SpringBootTestContextBootstrapper done
Event: 3.332 loading class org/springframework/test/context/support/DefaultTestContextBootstrapper
Event: 3.332 loading class org/springframework/test/context/support/DefaultTestContextBootstrapper done
Event: 3.334 loading class org/springframework/test/context/support/AbstractTestContextBootstrapper
Event: 3.334 loading class org/springframework/test/context/support/AbstractTestContextBootstrapper done


Dynamic libraries:
0x00007ff7f1570000 - 0x00007ff7f157f000 	C:\Program Files\Java\jdk-11.0.16\bin\java.exe
0x00007ffbae070000 - 0x00007ffbae268000 	C:\Windows\SYSTEM32\ntdll.dll
0x00007ffbad8c0000 - 0x00007ffbad97d000 	C:\Windows\System32\KERNEL32.DLL
0x00007ffbabc20000 - 0x00007ffbabef2000 	C:\Windows\System32\KERNELBASE.dll
0x00007ffbabfa0000 - 0x00007ffbac0a0000 	C:\Windows\System32\ucrtbase.dll
0x00007ffb87bc0000 - 0x00007ffb87bd8000 	C:\Program Files\Java\jdk-11.0.16\bin\jli.dll
0x00007ffbac990000 - 0x00007ffbaca3e000 	C:\Windows\System32\ADVAPI32.dll
0x00007ffbad790000 - 0x00007ffbad82e000 	C:\Windows\System32\msvcrt.dll
0x00007ffbad1c0000 - 0x00007ffbad25c000 	C:\Windows\System32\sechost.dll
0x00007ffbade50000 - 0x00007ffbadf75000 	C:\Windows\System32\RPCRT4.dll
0x00007ffbadb00000 - 0x00007ffbadc9d000 	C:\Windows\System32\USER32.dll
0x00007ffbac0a0000 - 0x00007ffbac0c2000 	C:\Windows\System32\win32u.dll
0x00007ffb8d850000 - 0x00007ffb8daea000 	C:\Windows\WinSxS\amd64_microsoft.windows.common-controls_6595b64144ccf1df_6.0.19041.1110_none_60b5254171f9507e\COMCTL32.dll
0x00007ffbac8b0000 - 0x00007ffbac8db000 	C:\Windows\System32\GDI32.dll
0x00007ffbab810000 - 0x00007ffbab91f000 	C:\Windows\System32\gdi32full.dll
0x00007ffbabb80000 - 0x00007ffbabc1d000 	C:\Windows\System32\msvcp_win.dll
0x00007ffba3670000 - 0x00007ffba367a000 	C:\Windows\SYSTEM32\VERSION.dll
0x00007ffb87ba0000 - 0x00007ffb87bb5000 	C:\Program Files\Java\jdk-11.0.16\bin\VCRUNTIME140.dll
0x00007ffbac8e0000 - 0x00007ffbac910000 	C:\Windows\System32\IMM32.DLL
0x00007ffb6a450000 - 0x00007ffb6a4eb000 	C:\Program Files\Java\jdk-11.0.16\bin\msvcp140.dll
0x00007ffb582c0000 - 0x00007ffb58dd8000 	C:\Program Files\Java\jdk-11.0.16\bin\server\jvm.dll
0x00007ffbac8a0000 - 0x00007ffbac8a8000 	C:\Windows\System32\PSAPI.DLL
0x00007ffb84880000 - 0x00007ffb848a7000 	C:\Windows\SYSTEM32\WINMM.dll
0x00007ffba2c90000 - 0x00007ffba2c99000 	C:\Windows\SYSTEM32\WSOCK32.dll
0x00007ffbad070000 - 0x00007ffbad0db000 	C:\Windows\System32\WS2_32.dll
0x00007ffba9620000 - 0x00007ffba9632000 	C:\Windows\SYSTEM32\kernel.appcore.dll
0x00007ffb8c690000 - 0x00007ffb8c6a0000 	C:\Program Files\Java\jdk-11.0.16\bin\verify.dll
0x00007ffb9eec0000 - 0x00007ffb9f0a4000 	C:\Windows\SYSTEM32\DBGHELP.DLL
0x00007ffba1cd0000 - 0x00007ffba1cfc000 	C:\Windows\SYSTEM32\dbgcore.DLL
0x00007ffbab780000 - 0x00007ffbab802000 	C:\Windows\System32\bcryptPrimitives.dll
0x00007ffb87860000 - 0x00007ffb87888000 	C:\Program Files\Java\jdk-11.0.16\bin\java.dll
0x00007ffb88cd0000 - 0x00007ffb88cda000 	C:\Program Files\Java\jdk-11.0.16\bin\jimage.dll
0x00007ffb8d7f0000 - 0x00007ffb8d7fe000 	C:\Program Files\Java\jdk-11.0.16\bin\instrument.dll
0x00007ffb87940000 - 0x00007ffb87956000 	C:\Program Files\Java\jdk-11.0.16\bin\zip.dll
0x00007ffbac0d0000 - 0x00007ffbac813000 	C:\Windows\System32\SHELL32.dll
0x00007ffba9820000 - 0x00007ffba9fb1000 	C:\Windows\SYSTEM32\windows.storage.dll
0x00007ffbacc30000 - 0x00007ffbacf84000 	C:\Windows\System32\combase.dll
0x00007ffbab020000 - 0x00007ffbab050000 	C:\Windows\SYSTEM32\Wldp.dll
0x00007ffbacb80000 - 0x00007ffbacc2d000 	C:\Windows\System32\SHCORE.dll
0x00007ffbad980000 - 0x00007ffbad9d5000 	C:\Windows\System32\shlwapi.dll
0x00007ffbab6c0000 - 0x00007ffbab6df000 	C:\Windows\SYSTEM32\profapi.dll
0x00007ffb872e0000 - 0x00007ffb872f9000 	C:\Program Files\Java\jdk-11.0.16\bin\net.dll
0x00007ffba3920000 - 0x00007ffba3a2d000 	C:\Windows\SYSTEM32\WINHTTP.dll
0x00007ffbaae00000 - 0x00007ffbaae6a000 	C:\Windows\system32\mswsock.dll
0x00007ffb872c0000 - 0x00007ffb872d2000 	C:\Program Files\Java\jdk-11.0.16\bin\nio.dll
0x00007ffb87d00000 - 0x00007ffb87d1a000 	C:\Program Files\JetBrains\IntelliJ IDEA Community Edition 2022.2.1\bin\breakgen64.dll
0x00007ffb8c780000 - 0x00007ffb8c789000 	C:\Program Files\Java\jdk-11.0.16\bin\management.dll
0x00007ffb88b10000 - 0x00007ffb88b1b000 	C:\Program Files\Java\jdk-11.0.16\bin\management_ext.dll
0x00007ffb965b0000 - 0x00007ffb965c7000 	C:\Windows\system32\napinsp.dll
0x00007ffb96590000 - 0x00007ffb965ab000 	C:\Windows\system32\pnrpnsp.dll
0x00007ffb96570000 - 0x00007ffb96585000 	C:\Windows\system32\wshbth.dll
0x00007ffba4f80000 - 0x00007ffba4f9d000 	C:\Windows\system32\NLAapi.dll
0x00007ffbaab10000 - 0x00007ffbaab4b000 	C:\Windows\SYSTEM32\IPHLPAPI.DLL
0x00007ffbaab50000 - 0x00007ffbaac1a000 	C:\Windows\SYSTEM32\DNSAPI.dll
0x00007ffbacb70000 - 0x00007ffbacb78000 	C:\Windows\System32\NSI.dll
0x00007ffb96550000 - 0x00007ffb96562000 	C:\Windows\System32\winrnr.dll
0x00007ffba25e0000 - 0x00007ffba25ea000 	C:\Windows\System32\rasadhlp.dll
0x00007ffba3240000 - 0x00007ffba32c0000 	C:\Windows\System32\fwpuclnt.dll
0x00007ffbabf00000 - 0x00007ffbabf27000 	C:\Windows\System32\bcrypt.dll

dbghelp: loaded successfully - version: 4.0.5 - missing functions: none
symbol engine: initialized successfully - sym options: 0x614 - pdb path: .;C:\Program Files\Java\jdk-11.0.16\bin;C:\Windows\SYSTEM32;C:\Windows\WinSxS\amd64_microsoft.windows.common-controls_6595b64144ccf1df_6.0.19041.1110_none_60b5254171f9507e;C:\Program Files\Java\jdk-11.0.16\bin\server;C:\Program Files\JetBrains\IntelliJ IDEA Community Edition 2022.2.1\bin

VM Arguments:
jvm_args: -javaagent:C:\Program Files\JetBrains\IntelliJ IDEA Community Edition 2022.2.1\lib\idea_rt.jar=52725:C:\Program Files\JetBrains\IntelliJ IDEA Community Edition 2022.2.1\bin -Dfile.encoding=UTF-8 
java_command: com.rama.rest.CallerApplication
java_class_path (initial): C:\Users\sfjbs\IdeaProjects\oct31training1\Manognya\Day8\spring-rest-communication\spring-caller\target\test-classes;C:\Users\sfjbs\IdeaProjects\oct31training1\Manognya\Day8\spring-rest-communication\spring-caller\target\classes;C:\Users\sfjbs\.m2\repository\org\springframework\boot\spring-boot-starter\2.6.7\spring-boot-starter-2.6.7.jar;C:\Users\sfjbs\.m2\repository\org\springframework\boot\spring-boot\2.6.7\spring-boot-2.6.7.jar;C:\Users\sfjbs\.m2\repository\org\springframework\spring-context\5.3.19\spring-context-5.3.19.jar;C:\Users\sfjbs\.m2\repository\org\springframework\boot\spring-boot-autoconfigure\2.6.7\spring-boot-autoconfigure-2.6.7.jar;C:\Users\sfjbs\.m2\repository\org\springframework\boot\spring-boot-starter-logging\2.6.7\spring-boot-starter-logging-2.6.7.jar;C:\Users\sfjbs\.m2\repository\ch\qos\logback\logback-classic\1.2.11\logback-classic-1.2.11.jar;C:\Users\sfjbs\.m2\repository\ch\qos\logback\logback-core\1.2.11\logback-core-1.2.11.jar;C:\Users\sfjbs\.m2\repository\org\apache\logging\log4j\log4j-to-slf4j\2.17.2\log4j-to-slf4j-2.17.2.jar;C:\Users\sfjbs\.m2\repository\org\apache\logging\log4j\log4j-api\2.17.2\log4j-api-2.17.2.jar;C:\Users\sfjbs\.m2\repository\org\slf4j\jul-to-slf4j\1.7.36\jul-to-slf4j-1.7.36.jar;C:\Users\sfjbs\.m2\repository\jakarta\annotation\jakarta.annotation-api\1.3.5\jakarta.annotation-api-1.3.5.jar;C:\Users\sfjbs\.m2\repository\org\springframework\spring-core\5.3.19\spring-core-5.3.19.jar;C:\Users\sfjbs\.m2\repository\org\springframework\spring-jcl\5.3.19\spring-jcl-5.3.19.jar;C:\Users\sfjbs\.m2\repository\org\yaml\snakeyaml\1.29\snakeyaml-1.29.jar;C:\Users\sfjbs\.m2\repository\org\springframework\boot\spring-boot-starter-web\2.6.7\spring-boot-starter-web-2.6.7.jar;C:\Users\sfjbs\.m2\repository\org\springframework\boot\spring-boot-starter-json\2.6.7\spring-boot-starter-json-2.6.7.jar;C:\Users\sfjbs\.m2\repository\com\fasterxml\jackson\core\jackson-databind\2.13.2.1\jackson-databind-2.13.2.1.jar;C:\Us
Launcher Type: SUN_STANDARD

[Global flags]
     intx CICompilerCount                          = 2                                         {product} {ergonomic}
     uint ConcGCThreads                            = 1                                         {product} {ergonomic}
     uint G1ConcRefinementThreads                  = 2                                         {product} {ergonomic}
   size_t G1HeapRegionSize                         = 1048576                                   {product} {ergonomic}
    uintx GCDrainStackTargetSize                   = 64                                        {product} {ergonomic}
   size_t InitialHeapSize                          = 134217728                                 {product} {ergonomic}
   size_t MarkStackSize                            = 4194304                                   {product} {ergonomic}
   size_t MaxHeapSize                              = 2147483648                                {product} {ergonomic}
   size_t MaxNewSize                               = 1287651328                                {product} {ergonomic}
   size_t MinHeapDeltaBytes                        = 1048576                                   {product} {ergonomic}
    uintx NonNMethodCodeHeapSize                   = 5825164                                {pd product} {ergonomic}
    uintx NonProfiledCodeHeapSize                  = 122916538                              {pd product} {ergonomic}
    uintx ProfiledCodeHeapSize                     = 122916538                              {pd product} {ergonomic}
    uintx ReservedCodeCacheSize                    = 251658240                              {pd product} {ergonomic}
     bool SegmentedCodeCache                       = true                                      {product} {ergonomic}
     bool UseCompressedClassPointers               = true                                 {lp64_product} {ergonomic}
     bool UseCompressedOops                        = true                                 {lp64_product} {ergonomic}
     bool UseG1GC                                  = true                                      {product} {ergonomic}
     bool UseLargePagesIndividualAllocation        = false                                  {pd product} {ergonomic}

Logging:
Log output configuration:
 #0: stdout all=warning uptime,level,tags
 #1: stderr all=off uptime,level,tags

Environment Variables:
PATH=C:\Program Files\Common Files\Oracle\Java\javapath;C:\Windows\system32;C:\Windows;C:\Windows\System32\Wbem;C:\Windows\System32\WindowsPowerShell\v1.0\;C:\Windows\System32\OpenSSH\;C:\Users\sfjbs\Downloads\micro service-20221021T071039Z-001\micro service\apache-maven-3.8.5-bin\apache-maven-3.8.5\bin;C:\Users\sfjbs\Downloads\micro service-20221021T071039Z-001\micro service\apache-maven-3.8.5-bin\apache-maven-3.8.5\lib;C:\Program Files\Git\cmd;C:\Program Files\Docker\Docker\resources\bin;C:\Users\sfjbs\AppData\Local\Microsoft\WindowsApps;C:\Users\sfjbs\Downloads\micro service-20221021T071039Z-001\micro service\apache-maven-3.8.5-bin\apache-maven-3.8.5\bin;C:\Users\sfjbs\Downloads\micro service-20221021T071039Z-001\micro service\apache-maven-3.8.5-bin\apache-maven-3.8.5\lib;;C:\Program Files\JetBrains\IntelliJ IDEA Community Edition 2022.2.1\bin;
USERNAME=sfjbs
OS=Windows_NT
PROCESSOR_IDENTIFIER=Intel64 Family 6 Model 85 Stepping 7, GenuineIntel



---------------  S Y S T E M  ---------------

OS: Windows 10 , 64 bit Build 19041 (10.0.19041.1889)
Hyper-V role detected

CPU:total 2 (initial active 2) (1 cores per cpu, 2 threads per core) family 6 model 85 stepping 7 microcode 0xffffffff, cmov, cx8, fxsr, mmx, sse, sse2, sse3, ssse3, sse4.1, sse4.2, popcnt, avx, avx2, aes, clmul, erms, rtm, 3dnowpref, lzcnt, ht, tsc, bmi1, bmi2, adx, evex, fma

Memory: 4k page, system-wide physical 8190M (994M free)
TotalPageFile size 10238M (AvailPageFile size 4M)
current process WorkingSet (physical memory assigned to process): 121M, peak: 121M
current process commit charge ("private bytes"): 263M, peak: 264M

vm_info: Java HotSpot(TM) 64-Bit Server VM (11.0.16+11-LTS-199) for windows-amd64 JRE (11.0.16+11-LTS-199), built on Jun 28 2022 08:23:17 by "mach5one" with MS VC++ 15.9 (VS2017)

END.
