#
# There is insufficient memory for the Java Runtime Environment to continue.
# Native memory allocation (mmap) failed to map 32505856 bytes for Failed to commit area from 0x0000000088000000 to 0x0000000089f00000 of length 32505856.
# Possible reasons:
#   The system is out of physical RAM or swap space
#   The process is running with CompressedOops enabled, and the Java Heap may be blocking the growth of the native heap
# Possible solutions:
#   Reduce memory load on the system
#   Increase physical memory or swap space
#   Check if swap backing store is full
#   Decrease Java heap size (-Xmx/-Xms)
#   Decrease number of Java threads
#   Decrease Java thread stack sizes (-Xss)
#   Set larger code cache with -XX:ReservedCodeCacheSize=
#   JVM is running with Unscaled Compressed Oops mode in which the Java heap is
#     placed in the first 4GB address space. The Java Heap base address is the
#     maximum limit for the native heap growth. Please use -XX:HeapBaseMinAddress
#     to set the Java Heap base and to place the Java Heap above 4GB virtual address.
# This output file may be truncated or incomplete.
#
#  Out of Memory Error (./open/src/hotspot/os/windows/os_windows.cpp:3287), pid=8252, tid=4768
#
# JRE version: Java(TM) SE Runtime Environment 18.9 (11.0.16+11) (build 11.0.16+11-LTS-199)
# Java VM: Java HotSpot(TM) 64-Bit Server VM 18.9 (11.0.16+11-LTS-199, mixed mode, tiered, compressed oops, g1 gc, windows-amd64)
# No core dump will be written. Minidumps are not enabled by default on client versions of Windows
#

---------------  S U M M A R Y ------------

Command Line: -Xverify:none -XX:TieredStopAtLevel=1 com.rama.artemis.ArtemisProducerApp

Host: Intel(R) Xeon(R) Platinum 8272CL CPU @ 2.60GHz, 2 cores, 7G,  Windows 10 , 64 bit Build 19041 (10.0.19041.2251)
Time: Sat Nov 19 14:53:18 2022 Coordinated Universal Time elapsed time: 1.883329 seconds (0d 0h 0m 1s)

---------------  T H R E A D  ---------------

Current thread (0x000002183e09d800):  VMThread "VM Thread" [stack: 0x000000af61200000,0x000000af61300000] [id=4768]

Stack: [0x000000af61200000,0x000000af61300000]
[error occurred during error reporting (printing stack bounds), id 0xc0000005, EXCEPTION_ACCESS_VIOLATION (0xc0000005) at pc=0x0000021827ce10e7]

Native frames: (J=compiled Java code, j=interpreted, Vv=VM code, C=native code)
V  [jvm.dll+0x62a3ea]
V  [jvm.dll+0x76418f]
V  [jvm.dll+0x765839]
V  [jvm.dll+0x765e25]
V  [jvm.dll+0x765ddb]
V  [jvm.dll+0x6298d3]
V  [jvm.dll+0x629fe8]
C  [ntdll.dll+0xa241f]
C  [ntdll.dll+0x514a4]
C  [ntdll.dll+0xa0f4e]
C  0x0000021827ce10e7

VM_Operation (0x000000af60bfcca0): CollectForMetadataAllocation, mode: safepoint, requested by thread 0x000002181ee1b800


---------------  P R O C E S S  ---------------

Threads class SMR info:
_java_thread_list=0x00000218404d14c0, length=9, elements={
0x000002181ee1b800, 0x000002183e0a0000, 0x000002183e0ac000, 0x000002183e0c0000,
0x000002183e0c4800, 0x000002183e0c7800, 0x000002183e0ca800, 0x000002183e0cc000,
0x000002183eb3d800
}

Java Threads: ( => current thread )
  0x000002181ee1b800 JavaThread "main" [_thread_blocked, id=1728, stack(0x000000af60b00000,0x000000af60c00000)]
  0x000002183e0a0000 JavaThread "Reference Handler" daemon [_thread_blocked, id=5252, stack(0x000000af61300000,0x000000af61400000)]
  0x000002183e0ac000 JavaThread "Finalizer" daemon [_thread_blocked, id=8020, stack(0x000000af61400000,0x000000af61500000)]
  0x000002183e0c0000 JavaThread "Signal Dispatcher" daemon [_thread_blocked, id=8100, stack(0x000000af61500000,0x000000af61600000)]
  0x000002183e0c4800 JavaThread "Attach Listener" daemon [_thread_blocked, id=5168, stack(0x000000af61600000,0x000000af61700000)]
  0x000002183e0c7800 JavaThread "Service Thread" daemon [_thread_blocked, id=5680, stack(0x000000af61700000,0x000000af61800000)]
  0x000002183e0ca800 JavaThread "C1 CompilerThread0" daemon [_thread_blocked, id=4712, stack(0x000000af61800000,0x000000af61900000)]
  0x000002183e0cc000 JavaThread "Sweeper thread" daemon [_thread_blocked, id=11896, stack(0x000000af61900000,0x000000af61a00000)]
  0x000002183eb3d800 JavaThread "Common-Cleaner" daemon [_thread_blocked, id=6628, stack(0x000000af61b00000,0x000000af61c00000)]

Other Threads:
=>0x000002183e09d800 VMThread "VM Thread" [stack: 0x000000af61200000,0x000000af61300000] [id=4768]
  0x000002183eb3c000 WatcherThread [stack: 0x000000af61a00000,0x000000af61b00000] [id=12020]
  0x000002181ee31000 GCTaskThread "GC Thread#0" [stack: 0x000000af60d00000,0x000000af60e00000] [id=9348]
  0x000002183eefd800 GCTaskThread "GC Thread#1" [stack: 0x000000af61c00000,0x000000af61d00000] [id=8956]
  0x000002181ee60000 ConcurrentGCThread "G1 Main Marker" [stack: 0x000000af60e00000,0x000000af60f00000] [id=9288]
  0x000002181ee62800 ConcurrentGCThread "G1 Conc#0" [stack: 0x000000af60f00000,0x000000af61000000] [id=9408]
  0x000002181eeeb800 ConcurrentGCThread "G1 Refine#0" [stack: 0x000000af61000000,0x000000af61100000] [id=4100]
  0x000002181eeec800 ConcurrentGCThread "G1 Young RemSet Sampling" [stack: 0x000000af61100000,0x000000af61200000] [id=6984]

Threads with active compile tasks:

VM state:at safepoint (normal execution)

VM Mutex/Monitor currently owned by a thread:  ([mutex/lock_event])
[0x000002181ee16920] Threads_lock - owner thread: 0x000002183e09d800
[0x000002181ee173d0] Heap_lock - owner thread: 0x000002181ee1b800

Heap address: 0x0000000080000000, size: 2048 MB, Compressed Oops mode: 32-bit
Narrow klass base: 0x0000000000000000, Narrow klass shift: 3
Compressed class space size: 1073741824 Address: 0x0000000100000000

Heap:
 garbage-first heap   total 162816K, used 7527K [0x0000000080000000, 0x0000000100000000)
  region size 1024K, 4 young (4096K), 4 survivors (4096K)
 Metaspace       used 20647K, capacity 21171K, committed 21296K, reserved 1069056K
  class space    used 2407K, capacity 2646K, committed 2688K, reserved 1048576K
Heap Regions: E=young(eden), S=young(survivor), O=old, HS=humongous(starts), HC=humongous(continues), CS=collection set, F=free, A=archive, TAMS=top-at-mark-start (previous, next)
|   0|0x0000000080000000, 0x0000000080100000, 0x0000000080100000|100%| O|  |TAMS 0x0000000080000000, 0x0000000080100000| Untracked 
|   1|0x0000000080100000, 0x0000000080200000, 0x0000000080200000|100%| O|  |TAMS 0x0000000080100000, 0x0000000080200000| Untracked 
|   2|0x0000000080200000, 0x0000000080300000, 0x0000000080300000|100%| O|  |TAMS 0x0000000080200000, 0x0000000080300000| Untracked 
|   3|0x0000000080300000, 0x00000000803f4600, 0x0000000080400000| 95%| O|  |TAMS 0x0000000080300000, 0x00000000803f4600| Untracked 
|   4|0x0000000080400000, 0x0000000080400000, 0x0000000080500000|  0%| F|  |TAMS 0x0000000080400000, 0x0000000080400000| Untracked 
|   5|0x0000000080500000, 0x0000000080500000, 0x0000000080600000|  0%| F|  |TAMS 0x0000000080500000, 0x0000000080500000| Untracked 
|   6|0x0000000080600000, 0x0000000080600000, 0x0000000080700000|  0%| F|  |TAMS 0x0000000080600000, 0x0000000080600000| Untracked 
|   7|0x0000000080700000, 0x0000000080700000, 0x0000000080800000|  0%| F|  |TAMS 0x0000000080700000, 0x0000000080700000| Untracked 
|   8|0x0000000080800000, 0x0000000080800000, 0x0000000080900000|  0%| F|  |TAMS 0x0000000080800000, 0x0000000080800000| Untracked 
|   9|0x0000000080900000, 0x0000000080900000, 0x0000000080a00000|  0%| F|  |TAMS 0x0000000080900000, 0x0000000080900000| Untracked 
|  10|0x0000000080a00000, 0x0000000080a00000, 0x0000000080b00000|  0%| F|  |TAMS 0x0000000080a00000, 0x0000000080a00000| Untracked 
|  11|0x0000000080b00000, 0x0000000080b00000, 0x0000000080c00000|  0%| F|  |TAMS 0x0000000080b00000, 0x0000000080b00000| Untracked 
|  12|0x0000000080c00000, 0x0000000080c00000, 0x0000000080d00000|  0%| F|  |TAMS 0x0000000080c00000, 0x0000000080c00000| Untracked 
|  13|0x0000000080d00000, 0x0000000080d00000, 0x0000000080e00000|  0%| F|  |TAMS 0x0000000080d00000, 0x0000000080d00000| Untracked 
|  14|0x0000000080e00000, 0x0000000080e00000, 0x0000000080f00000|  0%| F|  |TAMS 0x0000000080e00000, 0x0000000080e00000| Untracked 
|  15|0x0000000080f00000, 0x0000000080f00000, 0x0000000081000000|  0%| F|  |TAMS 0x0000000080f00000, 0x0000000080f00000| Untracked 
|  16|0x0000000081000000, 0x0000000081000000, 0x0000000081100000|  0%| F|  |TAMS 0x0000000081000000, 0x0000000081000000| Untracked 
|  17|0x0000000081100000, 0x0000000081100000, 0x0000000081200000|  0%| F|  |TAMS 0x0000000081100000, 0x0000000081100000| Untracked 
|  18|0x0000000081200000, 0x0000000081200000, 0x0000000081300000|  0%| F|  |TAMS 0x0000000081200000, 0x0000000081200000| Untracked 
|  19|0x0000000081300000, 0x0000000081300000, 0x0000000081400000|  0%| F|  |TAMS 0x0000000081300000, 0x0000000081300000| Untracked 
|  20|0x0000000081400000, 0x0000000081400000, 0x0000000081500000|  0%| F|  |TAMS 0x0000000081400000, 0x0000000081400000| Untracked 
|  21|0x0000000081500000, 0x0000000081500000, 0x0000000081600000|  0%| F|  |TAMS 0x0000000081500000, 0x0000000081500000| Untracked 
|  22|0x0000000081600000, 0x0000000081600000, 0x0000000081700000|  0%| F|  |TAMS 0x0000000081600000, 0x0000000081600000| Untracked 
|  23|0x0000000081700000, 0x0000000081700000, 0x0000000081800000|  0%| F|  |TAMS 0x0000000081700000, 0x0000000081700000| Untracked 
|  24|0x0000000081800000, 0x0000000081800000, 0x0000000081900000|  0%| F|  |TAMS 0x0000000081800000, 0x0000000081800000| Untracked 
|  25|0x0000000081900000, 0x0000000081900000, 0x0000000081a00000|  0%| F|  |TAMS 0x0000000081900000, 0x0000000081900000| Untracked 
|  26|0x0000000081a00000, 0x0000000081a00000, 0x0000000081b00000|  0%| F|  |TAMS 0x0000000081a00000, 0x0000000081a00000| Untracked 
|  27|0x0000000081b00000, 0x0000000081b00000, 0x0000000081c00000|  0%| F|  |TAMS 0x0000000081b00000, 0x0000000081b00000| Untracked 
|  28|0x0000000081c00000, 0x0000000081c00000, 0x0000000081d00000|  0%| F|  |TAMS 0x0000000081c00000, 0x0000000081c00000| Untracked 
|  29|0x0000000081d00000, 0x0000000081d00000, 0x0000000081e00000|  0%| F|  |TAMS 0x0000000081d00000, 0x0000000081d00000| Untracked 
|  30|0x0000000081e00000, 0x0000000081e00000, 0x0000000081f00000|  0%| F|  |TAMS 0x0000000081e00000, 0x0000000081e00000| Untracked 
|  31|0x0000000081f00000, 0x0000000081f00000, 0x0000000082000000|  0%| F|  |TAMS 0x0000000081f00000, 0x0000000081f00000| Untracked 
|  32|0x0000000082000000, 0x0000000082000000, 0x0000000082100000|  0%| F|  |TAMS 0x0000000082000000, 0x0000000082000000| Untracked 
|  33|0x0000000082100000, 0x0000000082100000, 0x0000000082200000|  0%| F|  |TAMS 0x0000000082100000, 0x0000000082100000| Untracked 
|  34|0x0000000082200000, 0x0000000082200000, 0x0000000082300000|  0%| F|  |TAMS 0x0000000082200000, 0x0000000082200000| Untracked 
|  35|0x0000000082300000, 0x0000000082300000, 0x0000000082400000|  0%| F|  |TAMS 0x0000000082300000, 0x0000000082300000| Untracked 
|  36|0x0000000082400000, 0x0000000082400000, 0x0000000082500000|  0%| F|  |TAMS 0x0000000082400000, 0x0000000082400000| Untracked 
|  37|0x0000000082500000, 0x0000000082500000, 0x0000000082600000|  0%| F|  |TAMS 0x0000000082500000, 0x0000000082500000| Untracked 
|  38|0x0000000082600000, 0x0000000082600000, 0x0000000082700000|  0%| F|  |TAMS 0x0000000082600000, 0x0000000082600000| Untracked 
|  39|0x0000000082700000, 0x0000000082700000, 0x0000000082800000|  0%| F|  |TAMS 0x0000000082700000, 0x0000000082700000| Untracked 
|  40|0x0000000082800000, 0x0000000082800000, 0x0000000082900000|  0%| F|  |TAMS 0x0000000082800000, 0x0000000082800000| Untracked 
|  41|0x0000000082900000, 0x0000000082900000, 0x0000000082a00000|  0%| F|  |TAMS 0x0000000082900000, 0x0000000082900000| Untracked 
|  42|0x0000000082a00000, 0x0000000082a00000, 0x0000000082b00000|  0%| F|  |TAMS 0x0000000082a00000, 0x0000000082a00000| Untracked 
|  43|0x0000000082b00000, 0x0000000082b00000, 0x0000000082c00000|  0%| F|  |TAMS 0x0000000082b00000, 0x0000000082b00000| Untracked 
|  44|0x0000000082c00000, 0x0000000082c00000, 0x0000000082d00000|  0%| F|  |TAMS 0x0000000082c00000, 0x0000000082c00000| Untracked 
|  45|0x0000000082d00000, 0x0000000082d00000, 0x0000000082e00000|  0%| F|  |TAMS 0x0000000082d00000, 0x0000000082d00000| Untracked 
|  46|0x0000000082e00000, 0x0000000082e00000, 0x0000000082f00000|  0%| F|  |TAMS 0x0000000082e00000, 0x0000000082e00000| Untracked 
|  47|0x0000000082f00000, 0x0000000082f00000, 0x0000000083000000|  0%| F|  |TAMS 0x0000000082f00000, 0x0000000082f00000| Untracked 
|  48|0x0000000083000000, 0x0000000083000000, 0x0000000083100000|  0%| F|  |TAMS 0x0000000083000000, 0x0000000083000000| Untracked 
|  49|0x0000000083100000, 0x0000000083100000, 0x0000000083200000|  0%| F|  |TAMS 0x0000000083100000, 0x0000000083100000| Untracked 
|  50|0x0000000083200000, 0x0000000083200000, 0x0000000083300000|  0%| F|  |TAMS 0x0000000083200000, 0x0000000083200000| Untracked 
|  51|0x0000000083300000, 0x0000000083300000, 0x0000000083400000|  0%| F|  |TAMS 0x0000000083300000, 0x0000000083300000| Untracked 
|  52|0x0000000083400000, 0x0000000083400000, 0x0000000083500000|  0%| F|  |TAMS 0x0000000083400000, 0x0000000083400000| Untracked 
|  53|0x0000000083500000, 0x0000000083500000, 0x0000000083600000|  0%| F|  |TAMS 0x0000000083500000, 0x0000000083500000| Untracked 
|  54|0x0000000083600000, 0x0000000083600000, 0x0000000083700000|  0%| F|  |TAMS 0x0000000083600000, 0x0000000083600000| Untracked 
|  55|0x0000000083700000, 0x0000000083700000, 0x0000000083800000|  0%| F|  |TAMS 0x0000000083700000, 0x0000000083700000| Untracked 
|  56|0x0000000083800000, 0x0000000083800000, 0x0000000083900000|  0%| F|  |TAMS 0x0000000083800000, 0x0000000083800000| Untracked 
|  57|0x0000000083900000, 0x0000000083900000, 0x0000000083a00000|  0%| F|  |TAMS 0x0000000083900000, 0x0000000083900000| Untracked 
|  58|0x0000000083a00000, 0x0000000083a00000, 0x0000000083b00000|  0%| F|  |TAMS 0x0000000083a00000, 0x0000000083a00000| Untracked 
|  59|0x0000000083b00000, 0x0000000083b00000, 0x0000000083c00000|  0%| F|  |TAMS 0x0000000083b00000, 0x0000000083b00000| Untracked 
|  60|0x0000000083c00000, 0x0000000083c00000, 0x0000000083d00000|  0%| F|  |TAMS 0x0000000083c00000, 0x0000000083c00000| Untracked 
|  61|0x0000000083d00000, 0x0000000083d00000, 0x0000000083e00000|  0%| F|  |TAMS 0x0000000083d00000, 0x0000000083d00000| Untracked 
|  62|0x0000000083e00000, 0x0000000083e00000, 0x0000000083f00000|  0%| F|  |TAMS 0x0000000083e00000, 0x0000000083e00000| Untracked 
|  63|0x0000000083f00000, 0x0000000083f00000, 0x0000000084000000|  0%| F|  |TAMS 0x0000000083f00000, 0x0000000083f00000| Untracked 
|  64|0x0000000084000000, 0x0000000084000000, 0x0000000084100000|  0%| F|  |TAMS 0x0000000084000000, 0x0000000084000000| Untracked 
|  65|0x0000000084100000, 0x0000000084100000, 0x0000000084200000|  0%| F|  |TAMS 0x0000000084100000, 0x0000000084100000| Untracked 
|  66|0x0000000084200000, 0x0000000084200000, 0x0000000084300000|  0%| F|  |TAMS 0x0000000084200000, 0x0000000084200000| Untracked 
|  67|0x0000000084300000, 0x0000000084300000, 0x0000000084400000|  0%| F|  |TAMS 0x0000000084300000, 0x0000000084300000| Untracked 
|  68|0x0000000084400000, 0x0000000084400000, 0x0000000084500000|  0%| F|  |TAMS 0x0000000084400000, 0x0000000084400000| Untracked 
|  69|0x0000000084500000, 0x0000000084500000, 0x0000000084600000|  0%| F|  |TAMS 0x0000000084500000, 0x0000000084500000| Untracked 
|  70|0x0000000084600000, 0x0000000084600000, 0x0000000084700000|  0%| F|  |TAMS 0x0000000084600000, 0x0000000084600000| Untracked 
|  71|0x0000000084700000, 0x0000000084700000, 0x0000000084800000|  0%| F|  |TAMS 0x0000000084700000, 0x0000000084700000| Untracked 
|  72|0x0000000084800000, 0x0000000084800000, 0x0000000084900000|  0%| F|  |TAMS 0x0000000084800000, 0x0000000084800000| Untracked 
|  73|0x0000000084900000, 0x0000000084900000, 0x0000000084a00000|  0%| F|  |TAMS 0x0000000084900000, 0x0000000084900000| Untracked 
|  74|0x0000000084a00000, 0x0000000084a00000, 0x0000000084b00000|  0%| F|  |TAMS 0x0000000084a00000, 0x0000000084a00000| Untracked 
|  75|0x0000000084b00000, 0x0000000084b00000, 0x0000000084c00000|  0%| F|  |TAMS 0x0000000084b00000, 0x0000000084b00000| Untracked 
|  76|0x0000000084c00000, 0x0000000084c00000, 0x0000000084d00000|  0%| F|  |TAMS 0x0000000084c00000, 0x0000000084c00000| Untracked 
|  77|0x0000000084d00000, 0x0000000084d00000, 0x0000000084e00000|  0%| F|  |TAMS 0x0000000084d00000, 0x0000000084d00000| Untracked 
|  78|0x0000000084e00000, 0x0000000084e00000, 0x0000000084f00000|  0%| F|  |TAMS 0x0000000084e00000, 0x0000000084e00000| Untracked 
|  79|0x0000000084f00000, 0x0000000084f00000, 0x0000000085000000|  0%| F|  |TAMS 0x0000000084f00000, 0x0000000084f00000| Untracked 
|  80|0x0000000085000000, 0x0000000085000000, 0x0000000085100000|  0%| F|  |TAMS 0x0000000085000000, 0x0000000085000000| Untracked 
|  81|0x0000000085100000, 0x0000000085100000, 0x0000000085200000|  0%| F|  |TAMS 0x0000000085100000, 0x0000000085100000| Untracked 
|  82|0x0000000085200000, 0x0000000085200000, 0x0000000085300000|  0%| F|  |TAMS 0x0000000085200000, 0x0000000085200000| Untracked 
|  83|0x0000000085300000, 0x0000000085300000, 0x0000000085400000|  0%| F|  |TAMS 0x0000000085300000, 0x0000000085300000| Untracked 
|  84|0x0000000085400000, 0x0000000085400000, 0x0000000085500000|  0%| F|  |TAMS 0x0000000085400000, 0x0000000085400000| Untracked 
|  85|0x0000000085500000, 0x0000000085500000, 0x0000000085600000|  0%| F|  |TAMS 0x0000000085500000, 0x0000000085500000| Untracked 
|  86|0x0000000085600000, 0x0000000085600000, 0x0000000085700000|  0%| F|  |TAMS 0x0000000085600000, 0x0000000085600000| Untracked 
|  87|0x0000000085700000, 0x0000000085700000, 0x0000000085800000|  0%| F|  |TAMS 0x0000000085700000, 0x0000000085700000| Untracked 
|  88|0x0000000085800000, 0x0000000085800000, 0x0000000085900000|  0%| F|  |TAMS 0x0000000085800000, 0x0000000085800000| Untracked 
|  89|0x0000000085900000, 0x0000000085900000, 0x0000000085a00000|  0%| F|  |TAMS 0x0000000085900000, 0x0000000085900000| Untracked 
|  90|0x0000000085a00000, 0x0000000085a00000, 0x0000000085b00000|  0%| F|  |TAMS 0x0000000085a00000, 0x0000000085a00000| Untracked 
|  91|0x0000000085b00000, 0x0000000085b00000, 0x0000000085c00000|  0%| F|  |TAMS 0x0000000085b00000, 0x0000000085b00000| Untracked 
|  92|0x0000000085c00000, 0x0000000085c00000, 0x0000000085d00000|  0%| F|  |TAMS 0x0000000085c00000, 0x0000000085c00000| Untracked 
|  93|0x0000000085d00000, 0x0000000085d00000, 0x0000000085e00000|  0%| F|  |TAMS 0x0000000085d00000, 0x0000000085d00000| Untracked 
|  94|0x0000000085e00000, 0x0000000085e00000, 0x0000000085f00000|  0%| F|  |TAMS 0x0000000085e00000, 0x0000000085e00000| Untracked 
|  95|0x0000000085f00000, 0x0000000085f00000, 0x0000000086000000|  0%| F|  |TAMS 0x0000000085f00000, 0x0000000085f00000| Untracked 
|  96|0x0000000086000000, 0x0000000086000000, 0x0000000086100000|  0%| F|  |TAMS 0x0000000086000000, 0x0000000086000000| Untracked 
|  97|0x0000000086100000, 0x0000000086100000, 0x0000000086200000|  0%| F|  |TAMS 0x0000000086100000, 0x0000000086100000| Untracked 
|  98|0x0000000086200000, 0x0000000086200000, 0x0000000086300000|  0%| F|  |TAMS 0x0000000086200000, 0x0000000086200000| Untracked 
|  99|0x0000000086300000, 0x0000000086300000, 0x0000000086400000|  0%| F|  |TAMS 0x0000000086300000, 0x0000000086300000| Untracked 
| 100|0x0000000086400000, 0x00000000864656d0, 0x0000000086500000| 39%| S|CS|TAMS 0x0000000086400000, 0x0000000086400000| Complete 
| 101|0x0000000086500000, 0x0000000086600000, 0x0000000086600000|100%| S|CS|TAMS 0x0000000086500000, 0x0000000086500000| Complete 
| 102|0x0000000086600000, 0x0000000086700000, 0x0000000086700000|100%| S|CS|TAMS 0x0000000086600000, 0x0000000086600000| Complete 
| 103|0x0000000086700000, 0x0000000086800000, 0x0000000086800000|100%| S|CS|TAMS 0x0000000086700000, 0x0000000086700000| Complete 
| 104|0x0000000086800000, 0x0000000086800000, 0x0000000086900000|  0%| F|  |TAMS 0x0000000086800000, 0x0000000086800000| Untracked 
| 105|0x0000000086900000, 0x0000000086900000, 0x0000000086a00000|  0%| F|  |TAMS 0x0000000086900000, 0x0000000086900000| Untracked 
| 106|0x0000000086a00000, 0x0000000086a00000, 0x0000000086b00000|  0%| F|  |TAMS 0x0000000086a00000, 0x0000000086a00000| Untracked 
| 107|0x0000000086b00000, 0x0000000086b00000, 0x0000000086c00000|  0%| F|  |TAMS 0x0000000086b00000, 0x0000000086b00000| Untracked 
| 108|0x0000000086c00000, 0x0000000086c00000, 0x0000000086d00000|  0%| F|  |TAMS 0x0000000086c00000, 0x0000000086c00000| Untracked 
| 109|0x0000000086d00000, 0x0000000086d00000, 0x0000000086e00000|  0%| F|  |TAMS 0x0000000086d00000, 0x0000000086d00000| Untracked 
| 110|0x0000000086e00000, 0x0000000086e00000, 0x0000000086f00000|  0%| F|  |TAMS 0x0000000086e00000, 0x0000000086e00000| Untracked 
| 111|0x0000000086f00000, 0x0000000086f00000, 0x0000000087000000|  0%| F|  |TAMS 0x0000000086f00000, 0x0000000086f00000| Untracked 
| 112|0x0000000087000000, 0x0000000087000000, 0x0000000087100000|  0%| F|  |TAMS 0x0000000087000000, 0x0000000087000000| Untracked 
| 113|0x0000000087100000, 0x0000000087100000, 0x0000000087200000|  0%| F|  |TAMS 0x0000000087100000, 0x0000000087100000| Untracked 
| 114|0x0000000087200000, 0x0000000087200000, 0x0000000087300000|  0%| F|  |TAMS 0x0000000087200000, 0x0000000087200000| Untracked 
| 115|0x0000000087300000, 0x0000000087300000, 0x0000000087400000|  0%| F|  |TAMS 0x0000000087300000, 0x0000000087300000| Untracked 
| 116|0x0000000087400000, 0x0000000087400000, 0x0000000087500000|  0%| F|  |TAMS 0x0000000087400000, 0x0000000087400000| Untracked 
| 117|0x0000000087500000, 0x0000000087500000, 0x0000000087600000|  0%| F|  |TAMS 0x0000000087500000, 0x0000000087500000| Untracked 
| 118|0x0000000087600000, 0x0000000087600000, 0x0000000087700000|  0%| F|  |TAMS 0x0000000087600000, 0x0000000087600000| Untracked 
| 119|0x0000000087700000, 0x0000000087700000, 0x0000000087800000|  0%| F|  |TAMS 0x0000000087700000, 0x0000000087700000| Untracked 
| 120|0x0000000087800000, 0x0000000087800000, 0x0000000087900000|  0%| F|  |TAMS 0x0000000087800000, 0x0000000087800000| Untracked 
| 121|0x0000000087900000, 0x0000000087900000, 0x0000000087a00000|  0%| F|  |TAMS 0x0000000087900000, 0x0000000087900000| Untracked 
| 122|0x0000000087a00000, 0x0000000087a00000, 0x0000000087b00000|  0%| F|  |TAMS 0x0000000087a00000, 0x0000000087a00000| Untracked 
| 123|0x0000000087b00000, 0x0000000087b00000, 0x0000000087c00000|  0%| F|  |TAMS 0x0000000087b00000, 0x0000000087b00000| Untracked 
| 124|0x0000000087c00000, 0x0000000087c00000, 0x0000000087d00000|  0%| F|  |TAMS 0x0000000087c00000, 0x0000000087c00000| Untracked 
| 125|0x0000000087d00000, 0x0000000087d00000, 0x0000000087e00000|  0%| F|  |TAMS 0x0000000087d00000, 0x0000000087d00000| Untracked 
| 126|0x0000000087e00000, 0x0000000087e00000, 0x0000000087f00000|  0%| F|  |TAMS 0x0000000087e00000, 0x0000000087e00000| Untracked 
| 127|0x0000000087f00000, 0x0000000087f00000, 0x0000000088000000|  0%| F|  |TAMS 0x0000000087f00000, 0x0000000087f00000| Untracked 

Card table byte_map: [0x00000218374e0000,0x00000218378e0000] _byte_map_base: 0x00000218370e0000

Marking Bits (Prev, Next): (CMBitMap*) 0x000002181ee575c8, (CMBitMap*) 0x000002181ee57600
 Prev Bits: [0x0000021837ce0000, 0x0000021839ce0000)
 Next Bits: [0x0000021839ce0000, 0x000002183bce0000)

Polling page: 0x000002181ec50000

Metaspace:

Usage:
  Non-class:     18.09 MB capacity,    17.81 MB ( 98%) used,   224.03 KB (  1%) free+waste,    61.13 KB ( <1%) overhead. 
      Class:      2.58 MB capacity,     2.35 MB ( 91%) used,   206.37 KB (  8%) free+waste,    32.31 KB (  1%) overhead. 
       Both:     20.67 MB capacity,    20.16 MB ( 98%) used,   430.40 KB (  2%) free+waste,    93.44 KB ( <1%) overhead. 

Virtual space:
  Non-class space:       20.00 MB reserved,      18.17 MB ( 91%) committed 
      Class space:        1.00 GB reserved,       2.63 MB ( <1%) committed 
             Both:        1.02 GB reserved,      20.80 MB (  2%) committed 

Chunk freelists:
   Non-Class:  4.38 KB
       Class:  1.25 KB
        Both:  5.63 KB

CodeHeap 'non-profiled nmethods': size=239488Kb used=2484Kb max_used=2484Kb free=237003Kb
 bounds [0x0000021828300000, 0x0000021828570000, 0x0000021836ce0000]
CodeHeap 'non-nmethods': size=6272Kb used=1124Kb max_used=1124Kb free=5147Kb
 bounds [0x0000021827ce0000, 0x0000021827f50000, 0x0000021828300000]
 total_blobs=2217 nmethods=1795 adapters=348
 compilation: enabled
              stopped_count=0, restarted_count=0
 full_count=0

Compilation events (10 events):
Event: 1.845 Thread 0x000002183e0ca800 1790       1       java.lang.String::compareTo (9 bytes)
Event: 1.845 Thread 0x000002183e0ca800 nmethod 1790 0x000002182856bc10 code [0x000002182856bda0, 0x000002182856bea8]
Event: 1.845 Thread 0x000002183e0ca800 1791       1       java.util.TreeMap::setColor (10 bytes)
Event: 1.845 Thread 0x000002183e0ca800 nmethod 1791 0x000002182856bf90 code [0x000002182856c120, 0x000002182856c1d8]
Event: 1.845 Thread 0x000002183e0ca800 1792       1       java.util.TreeMap::leftOf (13 bytes)
Event: 1.846 Thread 0x000002183e0ca800 nmethod 1792 0x000002182856c290 code [0x000002182856c420, 0x000002182856c4d8]
Event: 1.846 Thread 0x000002183e0ca800 1794       1       java.util.HashSet::<init> (18 bytes)
Event: 1.846 Thread 0x000002183e0ca800 nmethod 1794 0x000002182856c590 code [0x000002182856c740, 0x000002182856c8e8]
Event: 1.846 Thread 0x000002183e0ca800 1793       1       java.util.LinkedHashSet::<init> (10 bytes)
Event: 1.846 Thread 0x000002183e0ca800 nmethod 1793 0x000002182856ca10 code [0x000002182856cbe0, 0x000002182856cda8]

GC Heap History (9 events):
Event: 0.482 GC heap before
{Heap before GC invocations=0 (full 0):
 garbage-first heap   total 131072K, used 6144K [0x0000000080000000, 0x0000000100000000)
  region size 1024K, 7 young (7168K), 0 survivors (0K)
 Metaspace       used 7629K, capacity 7743K, committed 7936K, reserved 1056768K
  class space    used 678K, capacity 729K, committed 768K, reserved 1048576K
}
Event: 0.495 GC heap after
{Heap after GC invocations=1 (full 0):
 garbage-first heap   total 131072K, used 3756K [0x0000000080000000, 0x0000000100000000)
  region size 1024K, 1 young (1024K), 1 survivors (1024K)
 Metaspace       used 7629K, capacity 7743K, committed 7936K, reserved 1056768K
  class space    used 678K, capacity 729K, committed 768K, reserved 1048576K
}
Event: 0.750 GC heap before
{Heap before GC invocations=1 (full 0):
 garbage-first heap   total 131072K, used 8876K [0x0000000080000000, 0x0000000100000000)
  region size 1024K, 6 young (6144K), 1 survivors (1024K)
 Metaspace       used 9536K, capacity 9625K, committed 9728K, reserved 1058816K
  class space    used 923K, capacity 956K, committed 1024K, reserved 1048576K
}
Event: 0.754 GC heap after
{Heap after GC invocations=2 (full 0):
 garbage-first heap   total 131072K, used 4131K [0x0000000080000000, 0x0000000100000000)
  region size 1024K, 1 young (1024K), 1 survivors (1024K)
 Metaspace       used 9536K, capacity 9625K, committed 9728K, reserved 1058816K
  class space    used 923K, capacity 956K, committed 1024K, reserved 1048576K
}
Event: 1.110 GC heap before
{Heap before GC invocations=2 (full 0):
 garbage-first heap   total 131072K, used 15395K [0x0000000080000000, 0x0000000100000000)
  region size 1024K, 12 young (12288K), 1 survivors (1024K)
 Metaspace       used 13565K, capacity 13875K, committed 13952K, reserved 1060864K
  class space    used 1459K, capacity 1601K, committed 1664K, reserved 1048576K
}
Event: 1.116 GC heap after
{Heap after GC invocations=3 (full 0):
 garbage-first heap   total 131072K, used 5127K [0x0000000080000000, 0x0000000100000000)
  region size 1024K, 2 young (2048K), 2 survivors (2048K)
 Metaspace       used 13565K, capacity 13875K, committed 13952K, reserved 1060864K
  class space    used 1459K, capacity 1601K, committed 1664K, reserved 1048576K
}
Event: 1.471 GC heap before
{Heap before GC invocations=3 (full 0):
 garbage-first heap   total 131072K, used 21511K [0x0000000080000000, 0x0000000100000000)
  region size 1024K, 19 young (19456K), 2 survivors (2048K)
 Metaspace       used 17494K, capacity 17949K, committed 18176K, reserved 1064960K
  class space    used 1984K, capacity 2205K, committed 2304K, reserved 1048576K
}
Event: 1.478 GC heap after
{Heap after GC invocations=4 (full 0):
 garbage-first heap   total 131072K, used 6085K [0x0000000080000000, 0x0000000100000000)
  region size 1024K, 3 young (3072K), 3 survivors (3072K)
 Metaspace       used 17494K, capacity 17949K, committed 18176K, reserved 1064960K
  class space    used 1984K, capacity 2205K, committed 2304K, reserved 1048576K
}
Event: 1.862 GC heap before
{Heap before GC invocations=4 (full 0):
 garbage-first heap   total 131072K, used 25541K [0x0000000080000000, 0x0000000100000000)
  region size 1024K, 24 young (24576K), 3 survivors (3072K)
 Metaspace       used 20647K, capacity 21171K, committed 21296K, reserved 1069056K
  class space    used 2407K, capacity 2646K, committed 2688K, reserved 1048576K
}

Deoptimization events (0 events):
No events

Classes redefined (0 events):
No events

Internal exceptions (10 events):
Event: 1.618 Thread 0x000002181ee1b800 Exception <a 'java/lang/ClassNotFoundException'{0x000000008766d618}: org/springframework/context/ResourceLoaderAwareCustomizer> (0x000000008766d618) thrown at [./open/src/hotspot/share/classfile/systemDictionary.cpp, line 226]
Event: 1.619 Thread 0x000002181ee1b800 Exception <a 'java/lang/ClassNotFoundException'{0x0000000087679070}: org/springframework/beans/factory/AwareCustomizer> (0x0000000087679070) thrown at [./open/src/hotspot/share/classfile/systemDictionary.cpp, line 226]
Event: 1.620 Thread 0x000002181ee1b800 Exception <a 'java/lang/ClassNotFoundException'{0x0000000087684b00}: org/springframework/context/ApplicationStartupAwareCustomizer> (0x0000000087684b00) thrown at [./open/src/hotspot/share/classfile/systemDictionary.cpp, line 226]
Event: 1.620 Thread 0x000002181ee1b800 Exception <a 'java/lang/ClassNotFoundException'{0x00000000876907d0}: org/springframework/beans/factory/AwareCustomizer> (0x00000000876907d0) thrown at [./open/src/hotspot/share/classfile/systemDictionary.cpp, line 226]
Event: 1.621 Thread 0x000002181ee1b800 Exception <a 'java/lang/ClassNotFoundException'{0x000000008769c348}: org/springframework/beans/factory/BeanClassLoaderAwareCustomizer> (0x000000008769c348) thrown at [./open/src/hotspot/share/classfile/systemDictionary.cpp, line 226]
Event: 1.621 Thread 0x000002181ee1b800 Exception <a 'java/lang/ClassNotFoundException'{0x00000000876a7db8}: org/springframework/beans/factory/AwareCustomizer> (0x00000000876a7db8) thrown at [./open/src/hotspot/share/classfile/systemDictionary.cpp, line 226]
Event: 1.621 Thread 0x000002181ee1b800 Exception <a 'java/lang/ClassNotFoundException'{0x00000000876b2dc0}: org/springframework/context/EnvironmentAwareCustomizer> (0x00000000876b2dc0) thrown at [./open/src/hotspot/share/classfile/systemDictionary.cpp, line 226]
Event: 1.622 Thread 0x000002181ee1b800 Exception <a 'java/lang/ClassNotFoundException'{0x00000000876be7a8}: org/springframework/beans/factory/AwareCustomizer> (0x00000000876be7a8) thrown at [./open/src/hotspot/share/classfile/systemDictionary.cpp, line 226]
Event: 1.642 Thread 0x000002181ee1b800 Exception <a 'java/lang/NoSuchMethodError'{0x00000000875af340}: java.lang.invoke.DirectMethodHandle$Holder.invokeVirtual(Ljava/lang/Object;Ljava/lang/Object;Ljava/lang/Object;)Ljava/lang/Object;> (0x00000000875af340) thrown at [./open/src/hotspot/share/in
Event: 1.854 Thread 0x000002181ee1b800 Exception <a 'java/lang/IncompatibleClassChangeError'{0x00000000869d1cb8}: Found class java.lang.Object, but interface was expected> (0x00000000869d1cb8) thrown at [./open/src/hotspot/share/interpreter/linkResolver.cpp, line 838]

Events (10 events):
Event: 1.853 loading class org/springframework/boot/autoconfigure/AutoConfigurationImportEvent done
Event: 1.853 loading class org/springframework/boot/autoconfigure/AutoConfigurationImportSelector$AutoConfigurationEntry
Event: 1.853 loading class org/springframework/boot/autoconfigure/AutoConfigurationImportSelector$AutoConfigurationEntry done
Event: 1.854 loading class java/util/HashMap$KeySpliterator
Event: 1.854 loading class java/util/HashMap$KeySpliterator done
Event: 1.854 loading class org/springframework/boot/autoconfigure/AutoConfigurationImportSelector$AutoConfigurationEntry
Event: 1.854 loading class org/springframework/boot/autoconfigure/AutoConfigurationImportSelector$AutoConfigurationEntry done
Event: 1.861 loading class org/springframework/boot/autoconfigure/AutoConfigurationSorter
Event: 1.861 loading class org/springframework/boot/autoconfigure/AutoConfigurationSorter done
Event: 1.862 Executing VM operation: CollectForMetadataAllocation


Dynamic libraries:
0x00007ff7b8930000 - 0x00007ff7b893f000 	C:\Program Files\Java\jdk-11.0.16\bin\java.exe
0x00007ffa63dd0000 - 0x00007ffa63fc8000 	C:\Windows\SYSTEM32\ntdll.dll
0x00007ffa63570000 - 0x00007ffa6362f000 	C:\Windows\System32\KERNEL32.DLL
0x00007ffa614d0000 - 0x00007ffa617a2000 	C:\Windows\System32\KERNELBASE.dll
0x00007ffa61a10000 - 0x00007ffa61b10000 	C:\Windows\System32\ucrtbase.dll
0x00007ffa5b0e0000 - 0x00007ffa5b0f8000 	C:\Program Files\Java\jdk-11.0.16\bin\jli.dll
0x00007ffa634c0000 - 0x00007ffa6356e000 	C:\Windows\System32\ADVAPI32.dll
0x00007ffa62b70000 - 0x00007ffa62c0e000 	C:\Windows\System32\msvcrt.dll
0x00007ffa62e80000 - 0x00007ffa62f1c000 	C:\Windows\System32\sechost.dll
0x00007ffa628f0000 - 0x00007ffa62a15000 	C:\Windows\System32\RPCRT4.dll
0x00007ffa62c10000 - 0x00007ffa62dad000 	C:\Windows\System32\USER32.dll
0x00007ffa61880000 - 0x00007ffa618a2000 	C:\Windows\System32\win32u.dll
0x00007ffa61e80000 - 0x00007ffa61eab000 	C:\Windows\System32\GDI32.dll
0x00007ffa61b60000 - 0x00007ffa61c6f000 	C:\Windows\System32\gdi32full.dll
0x00007ffa617e0000 - 0x00007ffa6187d000 	C:\Windows\System32\msvcp_win.dll
0x00007ffa46930000 - 0x00007ffa46945000 	C:\Program Files\Java\jdk-11.0.16\bin\VCRUNTIME140.dll
0x00007ffa414b0000 - 0x00007ffa4174a000 	C:\Windows\WinSxS\amd64_microsoft.windows.common-controls_6595b64144ccf1df_6.0.19041.1110_none_60b5254171f9507e\COMCTL32.dll
0x00007ffa598a0000 - 0x00007ffa598aa000 	C:\Windows\SYSTEM32\VERSION.dll
0x00007ffa61eb0000 - 0x00007ffa61ee2000 	C:\Windows\System32\IMM32.DLL
0x00007ffa46820000 - 0x00007ffa468bb000 	C:\Program Files\Java\jdk-11.0.16\bin\msvcp140.dll
0x00007ffa30400000 - 0x00007ffa30f18000 	C:\Program Files\Java\jdk-11.0.16\bin\server\jvm.dll
0x00007ffa62e60000 - 0x00007ffa62e68000 	C:\Windows\System32\PSAPI.DLL
0x00007ffa47110000 - 0x00007ffa47119000 	C:\Windows\SYSTEM32\WSOCK32.dll
0x00007ffa62a80000 - 0x00007ffa62aeb000 	C:\Windows\System32\WS2_32.dll
0x00007ffa40200000 - 0x00007ffa40227000 	C:\Windows\SYSTEM32\WINMM.dll
0x00007ffa5f370000 - 0x00007ffa5f382000 	C:\Windows\SYSTEM32\kernel.appcore.dll
0x00007ffa5ce70000 - 0x00007ffa5ce80000 	C:\Program Files\Java\jdk-11.0.16\bin\verify.dll
0x00007ffa548d0000 - 0x00007ffa54ab4000 	C:\Windows\SYSTEM32\DBGHELP.DLL
0x00007ffa545e0000 - 0x00007ffa5460c000 	C:\Windows\SYSTEM32\dbgcore.DLL
0x00007ffa61c70000 - 0x00007ffa61cf2000 	C:\Windows\System32\bcryptPrimitives.dll
0x00007ffa45250000 - 0x00007ffa45278000 	C:\Program Files\Java\jdk-11.0.16\bin\java.dll
0x00007ffa5ce40000 - 0x00007ffa5ce4a000 	C:\Program Files\Java\jdk-11.0.16\bin\jimage.dll
0x00007ffa44c20000 - 0x00007ffa44c36000 	C:\Program Files\Java\jdk-11.0.16\bin\zip.dll
0x00007ffa63630000 - 0x00007ffa63d73000 	C:\Windows\System32\SHELL32.dll
0x00007ffa5f570000 - 0x00007ffa5fd02000 	C:\Windows\SYSTEM32\windows.storage.dll
0x00007ffa61f10000 - 0x00007ffa62264000 	C:\Windows\System32\combase.dll
0x00007ffa60d70000 - 0x00007ffa60da0000 	C:\Windows\SYSTEM32\Wldp.dll
0x00007ffa62630000 - 0x00007ffa626dd000 	C:\Windows\System32\SHCORE.dll
0x00007ffa62ff0000 - 0x00007ffa63045000 	C:\Windows\System32\shlwapi.dll
0x00007ffa61410000 - 0x00007ffa6142f000 	C:\Windows\SYSTEM32\profapi.dll
0x00007ffa44790000 - 0x00007ffa447a9000 	C:\Program Files\Java\jdk-11.0.16\bin\net.dll
0x00007ffa59150000 - 0x00007ffa5925c000 	C:\Windows\SYSTEM32\WINHTTP.dll
0x00007ffa60b50000 - 0x00007ffa60bba000 	C:\Windows\system32\mswsock.dll
0x00007ffa44690000 - 0x00007ffa446a2000 	C:\Program Files\Java\jdk-11.0.16\bin\nio.dll
0x00007ffa469a0000 - 0x00007ffa469a9000 	C:\Program Files\Java\jdk-11.0.16\bin\management.dll
0x00007ffa46920000 - 0x00007ffa4692b000 	C:\Program Files\Java\jdk-11.0.16\bin\management_ext.dll
0x00007ffa49760000 - 0x00007ffa49777000 	C:\Windows\system32\napinsp.dll
0x00007ffa47960000 - 0x00007ffa4797b000 	C:\Windows\system32\pnrpnsp.dll
0x00007ffa47940000 - 0x00007ffa47955000 	C:\Windows\system32\wshbth.dll
0x00007ffa5ce20000 - 0x00007ffa5ce3d000 	C:\Windows\system32\NLAapi.dll
0x00007ffa60860000 - 0x00007ffa6089b000 	C:\Windows\SYSTEM32\IPHLPAPI.DLL
0x00007ffa608b0000 - 0x00007ffa6097a000 	C:\Windows\SYSTEM32\DNSAPI.dll
0x00007ffa63d80000 - 0x00007ffa63d88000 	C:\Windows\System32\NSI.dll
0x00007ffa47920000 - 0x00007ffa47932000 	C:\Windows\System32\winrnr.dll
0x00007ffa58460000 - 0x00007ffa5846a000 	C:\Windows\System32\rasadhlp.dll
0x00007ffa59040000 - 0x00007ffa590c0000 	C:\Windows\System32\fwpuclnt.dll
0x00007ffa617b0000 - 0x00007ffa617d7000 	C:\Windows\System32\bcrypt.dll

dbghelp: loaded successfully - version: 4.0.5 - missing functions: none
symbol engine: initialized successfully - sym options: 0x614 - pdb path: .;C:\Program Files\Java\jdk-11.0.16\bin;C:\Windows\SYSTEM32;C:\Windows\WinSxS\amd64_microsoft.windows.common-controls_6595b64144ccf1df_6.0.19041.1110_none_60b5254171f9507e;C:\Program Files\Java\jdk-11.0.16\bin\server

VM Arguments:
jvm_args: -Xverify:none -XX:TieredStopAtLevel=1 
java_command: com.rama.artemis.ArtemisProducerApp
java_class_path (initial): C:\Users\sfjbs\IdeaProjects\oct31training1\Manognya\Day12\fourth-artemis-demo\artemis-demo-producer\target\classes;C:\Users\sfjbs\.m2\repository\org\springframework\boot\spring-boot\2.7.0\spring-boot-2.7.0.jar;C:\Users\sfjbs\.m2\repository\org\springframework\spring-context\5.3.20\spring-context-5.3.20.jar;C:\Users\sfjbs\.m2\repository\org\springframework\boot\spring-boot-autoconfigure\2.7.0\spring-boot-autoconfigure-2.7.0.jar;C:\Users\sfjbs\.m2\repository\jakarta\annotation\jakarta.annotation-api\1.3.5\jakarta.annotation-api-1.3.5.jar;C:\Users\sfjbs\.m2\repository\org\springframework\spring-core\5.3.20\spring-core-5.3.20.jar;C:\Users\sfjbs\.m2\repository\org\springframework\spring-jcl\5.3.20\spring-jcl-5.3.20.jar;C:\Users\sfjbs\.m2\repository\org\yaml\snakeyaml\1.30\snakeyaml-1.30.jar;C:\Users\sfjbs\.m2\repository\org\springframework\spring-jms\5.3.20\spring-jms-5.3.20.jar;C:\Users\sfjbs\.m2\repository\org\springframework\spring-beans\5.3.20\spring-beans-5.3.20.jar;C:\Users\sfjbs\.m2\repository\org\springframework\spring-messaging\5.3.20\spring-messaging-5.3.20.jar;C:\Users\sfjbs\.m2\repository\org\springframework\spring-tx\5.3.20\spring-tx-5.3.20.jar;C:\Users\sfjbs\.m2\repository\org\apache\activemq\activemq-broker\5.16.5\activemq-broker-5.16.5.jar;C:\Users\sfjbs\.m2\repository\org\apache\activemq\activemq-client\5.16.5\activemq-client-5.16.5.jar;C:\Users\sfjbs\.m2\repository\org\fusesource\hawtbuf\hawtbuf\1.11\hawtbuf-1.11.jar;C:\Users\sfjbs\.m2\repository\org\apache\activemq\activemq-openwire-legacy\5.16.5\activemq-openwire-legacy-5.16.5.jar;C:\Users\sfjbs\.m2\repository\com\fasterxml\jackson\core\jackson-databind\2.13.3\jackson-databind-2.13.3.jar;C:\Users\sfjbs\.m2\repository\com\fasterxml\jackson\core\jackson-annotations\2.13.3\jackson-annotations-2.13.3.jar;C:\Users\sfjbs\.m2\repository\com\fasterxml\jackson\core\jackson-core\2.13.3\jackson-core-2.13.3.jar;C:\Users\sfjbs\.m2\repository\jakarta\jms\jakarta.jms-api\2.0.3\jakarta.jm
Launcher Type: SUN_STANDARD

[Global flags]
     bool BytecodeVerificationLocal                = false                                     {product} {command line}
     bool BytecodeVerificationRemote               = false                                     {product} {command line}
     intx CICompilerCount                          = 2                                         {product} {ergonomic}
     uint ConcGCThreads                            = 1                                         {product} {ergonomic}
     uint G1ConcRefinementThreads                  = 2                                         {product} {ergonomic}
   size_t G1HeapRegionSize                         = 1048576                                   {product} {ergonomic}
    uintx GCDrainStackTargetSize                   = 64                                        {product} {ergonomic}
   size_t InitialHeapSize                          = 134217728                                 {product} {ergonomic}
   size_t MarkStackSize                            = 4194304                                   {product} {ergonomic}
   size_t MaxHeapSize                              = 2147483648                                {product} {ergonomic}
   size_t MaxNewSize                               = 1287651328                                {product} {ergonomic}
   size_t MinHeapDeltaBytes                        = 1048576                                   {product} {ergonomic}
    uintx NonNMethodCodeHeapSize                   = 6396312                                {pd product} {ergonomic}
    uintx NonProfiledCodeHeapSize                  = 245261928                              {pd product} {ergonomic}
    uintx ProfiledCodeHeapSize                     = 0                                      {pd product} {ergonomic}
    uintx ReservedCodeCacheSize                    = 251658240                              {pd product} {ergonomic}
     bool SegmentedCodeCache                       = true                                      {product} {ergonomic}
     intx TieredStopAtLevel                        = 1                                         {product} {command line}
     bool UseCompressedClassPointers               = true                                 {lp64_product} {ergonomic}
     bool UseCompressedOops                        = true                                 {lp64_product} {ergonomic}
     bool UseG1GC                                  = true                                      {product} {ergonomic}
     bool UseLargePagesIndividualAllocation        = false                                  {pd product} {ergonomic}

Logging:
Log output configuration:
 #0: stdout all=warning uptime,level,tags
 #1: stderr all=off uptime,level,tags

Environment Variables:
PATH=C:\Program Files\Common Files\Oracle\Java\javapath;C:\Windows\system32;C:\Windows;C:\Windows\System32\Wbem;C:\Windows\System32\WindowsPowerShell\v1.0\;C:\Windows\System32\OpenSSH\;C:\Users\sfjbs\Downloads\micro service-20221021T071039Z-001\micro service\apache-maven-3.8.5-bin\apache-maven-3.8.5\bin;C:\Users\sfjbs\Downloads\micro service-20221021T071039Z-001\micro service\apache-maven-3.8.5-bin\apache-maven-3.8.5\lib;C:\Program Files\Git\cmd;C:\Program Files\Docker\Docker\resources\bin;C:\Users\sfjbs\AppData\Local\Microsoft\WindowsApps;C:\Users\sfjbs\Downloads\micro service-20221021T071039Z-001\micro service\apache-maven-3.8.5-bin\apache-maven-3.8.5\bin;C:\Users\sfjbs\Downloads\micro service-20221021T071039Z-001\micro service\apache-maven-3.8.5-bin\apache-maven-3.8.5\lib;;C:\Program Files\JetBrains\IntelliJ IDEA Community Edition 2022.2.1\bin;
USERNAME=sfjbs
OS=Windows_NT
PROCESSOR_IDENTIFIER=Intel64 Family 6 Model 85 Stepping 7, GenuineIntel



---------------  S Y S T E M  ---------------

OS: Windows 10 , 64 bit Build 19041 (10.0.19041.2251)
Hyper-V role detected

CPU:total 2 (initial active 2) (1 cores per cpu, 2 threads per core) family 6 model 85 stepping 7 microcode 0xffffffff, cmov, cx8, fxsr, mmx, sse, sse2, sse3, ssse3, sse4.1, sse4.2, popcnt, avx, avx2, aes, clmul, erms, rtm, 3dnowpref, lzcnt, ht, tsc, bmi1, bmi2, adx, evex, fma

Memory: 4k page, system-wide physical 8190M (316M free)
TotalPageFile size 10238M (AvailPageFile size 1M)
current process WorkingSet (physical memory assigned to process): 89M, peak: 89M
current process commit charge ("private bytes"): 215M, peak: 246M

vm_info: Java HotSpot(TM) 64-Bit Server VM (11.0.16+11-LTS-199) for windows-amd64 JRE (11.0.16+11-LTS-199), built on Jun 28 2022 08:23:17 by "mach5one" with MS VC++ 15.9 (VS2017)

END.
