#
# There is insufficient memory for the Java Runtime Environment to continue.
# Native memory allocation (malloc) failed to allocate 32744 bytes for ChunkPool::allocate
# Possible reasons:
#   The system is out of physical RAM or swap space
#   The process is running with CompressedOops enabled, and the Java Heap may be blocking the growth of the native heap
# Possible solutions:
#   Reduce memory load on the system
#   Increase physical memory or swap space
#   Check if swap backing store is full
#   Decrease Java heap size (-Xmx/-Xms)
#   Decrease number of Java threads
#   Decrease Java thread stack sizes (-Xss)
#   Set larger code cache with -XX:ReservedCodeCacheSize=
#   JVM is running with Unscaled Compressed Oops mode in which the Java heap is
#     placed in the first 4GB address space. The Java Heap base address is the
#     maximum limit for the native heap growth. Please use -XX:HeapBaseMinAddress
#     to set the Java Heap base and to place the Java Heap above 4GB virtual address.
# This output file may be truncated or incomplete.
#
#  Out of Memory Error (./open/src/hotspot/share/memory/arena.cpp:81), pid=1464, tid=6276
#
# JRE version: Java(TM) SE Runtime Environment 18.9 (11.0.16+11) (build 11.0.16+11-LTS-199)
# Java VM: Java HotSpot(TM) 64-Bit Server VM 18.9 (11.0.16+11-LTS-199, mixed mode, tiered, compressed oops, g1 gc, windows-amd64)
# No core dump will be written. Minidumps are not enabled by default on client versions of Windows
#

---------------  S U M M A R Y ------------

Command Line: -Dclassworlds.conf=C:\Users\sfjbs\Downloads\micro service-20221021T071039Z-001\micro service\apache-maven-3.8.5-bin\apache-maven-3.8.5\bin\m2.conf -Dmaven.home=C:\Users\sfjbs\Downloads\micro service-20221021T071039Z-001\micro service\apache-maven-3.8.5-bin\apache-maven-3.8.5 -Dlibrary.jansi.path=C:\Users\sfjbs\Downloads\micro service-20221021T071039Z-001\micro service\apache-maven-3.8.5-bin\apache-maven-3.8.5\lib\jansi-native -Dmaven.multiModuleProjectDirectory=C:\Users\sfjbs\IdeaProjects\oct31training1\Manognya\miniproject\pension-management-system org.codehaus.plexus.classworlds.launcher.Launcher dockerfile:build

Host: Intel(R) Xeon(R) Platinum 8272CL CPU @ 2.60GHz, 2 cores, 7G,  Windows 10 , 64 bit Build 19041 (10.0.19041.2251)
Time: Mon Nov 14 14:24:49 2022 Coordinated Universal Time elapsed time: 52.778956 seconds (0d 0h 0m 52s)

---------------  T H R E A D  ---------------

Current thread (0x00000227e5818800):  JavaThread "C2 CompilerThread0" daemon [_thread_in_native, id=6276, stack(0x00000044adc00000,0x00000044add00000)]


Current CompileTask:
C2:  52779 4889       4       java.io.InputStream::read (9 bytes)

Stack: [0x00000044adc00000,0x00000044add00000]
Native frames: (J=compiled Java code, j=interpreted, Vv=VM code, C=native code)
V  [jvm.dll+0x62a3ea]
V  [jvm.dll+0x76418f]
V  [jvm.dll+0x765839]
V  [jvm.dll+0x765ec3]
V  [jvm.dll+0x23da98]
V  [jvm.dll+0xb2c7b]
V  [jvm.dll+0xb2fdc]
V  [jvm.dll+0x608fc7]
V  [jvm.dll+0x608de4]
V  [jvm.dll+0xac976]
V  [jvm.dll+0x645d68]
V  [jvm.dll+0x63e8cf]
V  [jvm.dll+0x63df5b]
V  [jvm.dll+0x63be15]
V  [jvm.dll+0x17a57c]
V  [jvm.dll+0x2ad876]
V  [jvm.dll+0x646b18]
V  [jvm.dll+0x63e8cf]
V  [jvm.dll+0x63df5b]
V  [jvm.dll+0x63be15]
V  [jvm.dll+0x17a57c]
V  [jvm.dll+0x2ad876]
V  [jvm.dll+0x646b18]
V  [jvm.dll+0x63e8cf]
V  [jvm.dll+0x63df5b]
V  [jvm.dll+0x63be15]
V  [jvm.dll+0x17a57c]
V  [jvm.dll+0x2ad876]
V  [jvm.dll+0x646b18]
V  [jvm.dll+0x63e8cf]
V  [jvm.dll+0x63df5b]
V  [jvm.dll+0x63be15]
V  [jvm.dll+0x17a57c]
V  [jvm.dll+0x2ad876]
V  [jvm.dll+0x646b18]
V  [jvm.dll+0x63e8cf]
V  [jvm.dll+0x63df5b]
V  [jvm.dll+0x63be15]
V  [jvm.dll+0x17a57c]
V  [jvm.dll+0x17b109]
V  [jvm.dll+0x2ad876]
V  [jvm.dll+0x646b18]
V  [jvm.dll+0x63e8cf]
V  [jvm.dll+0x63df5b]
V  [jvm.dll+0x63be15]
V  [jvm.dll+0x17a57c]
V  [jvm.dll+0x2ad876]
V  [jvm.dll+0x646b18]
V  [jvm.dll+0x63e8cf]
V  [jvm.dll+0x63df5b]
V  [jvm.dll+0x63be15]
V  [jvm.dll+0x17a57c]
V  [jvm.dll+0x2ad876]
V  [jvm.dll+0x646b18]
V  [jvm.dll+0x63e8cf]
V  [jvm.dll+0x63df5b]
V  [jvm.dll+0x63be15]
V  [jvm.dll+0x17a57c]
V  [jvm.dll+0x17b109]
V  [jvm.dll+0x17b04e]
V  [jvm.dll+0x2ad876]
V  [jvm.dll+0x646b18]
V  [jvm.dll+0x63e8cf]
V  [jvm.dll+0x63df5b]
V  [jvm.dll+0x63be15]
V  [jvm.dll+0x17a57c]
V  [jvm.dll+0x1f7313]
V  [jvm.dll+0x177c81]
V  [jvm.dll+0x207006]
V  [jvm.dll+0x20519b]
V  [jvm.dll+0x729fa0]
V  [jvm.dll+0x722b74]
V  [jvm.dll+0x629286]
C  [ucrtbase.dll+0x21bb2]
C  [KERNEL32.DLL+0x174b4]
C  [ntdll.dll+0x526a1]


---------------  P R O C E S S  ---------------

Threads class SMR info:
_java_thread_list=0x00000227e73458c0, length=12, elements={
0x00000227c7d26800, 0x00000227e57fd800, 0x00000227e57f6000, 0x00000227e5809800,
0x00000227e580d800, 0x00000227e580f800, 0x00000227e5818800, 0x00000227e5822800,
0x00000227e5833000, 0x00000227e62fd800, 0x00000227e7750800, 0x00000227e90fb800
}

Java Threads: ( => current thread )
  0x00000227c7d26800 JavaThread "main" [_thread_blocked, id=6408, stack(0x00000044ad000000,0x00000044ad100000)]
  0x00000227e57fd800 JavaThread "Reference Handler" daemon [_thread_blocked, id=10392, stack(0x00000044ad700000,0x00000044ad800000)]
  0x00000227e57f6000 JavaThread "Finalizer" daemon [_thread_blocked, id=12140, stack(0x00000044ad800000,0x00000044ad900000)]
  0x00000227e5809800 JavaThread "Signal Dispatcher" daemon [_thread_blocked, id=6384, stack(0x00000044ad900000,0x00000044ada00000)]
  0x00000227e580d800 JavaThread "Attach Listener" daemon [_thread_blocked, id=9268, stack(0x00000044ada00000,0x00000044adb00000)]
  0x00000227e580f800 JavaThread "Service Thread" daemon [_thread_blocked, id=3752, stack(0x00000044adb00000,0x00000044adc00000)]
=>0x00000227e5818800 JavaThread "C2 CompilerThread0" daemon [_thread_in_native, id=6276, stack(0x00000044adc00000,0x00000044add00000)]
  0x00000227e5822800 JavaThread "C1 CompilerThread0" daemon [_thread_blocked, id=8012, stack(0x00000044add00000,0x00000044ade00000)]
  0x00000227e5833000 JavaThread "Sweeper thread" daemon [_thread_blocked, id=7204, stack(0x00000044ade00000,0x00000044adf00000)]
  0x00000227e62fd800 JavaThread "Common-Cleaner" daemon [_thread_blocked, id=4788, stack(0x00000044ae000000,0x00000044ae100000)]
  0x00000227e7750800 JavaThread "jersey-client-async-executor-0" [_thread_blocked, id=6208, stack(0x00000044ae200000,0x00000044ae300000)]
  0x00000227e90fb800 JavaThread "jersey-client-async-executor-0" [_thread_in_native, id=8364, stack(0x00000044ae300000,0x00000044ae400000)]

Other Threads:
  0x00000227e57eb800 VMThread "VM Thread" [stack: 0x00000044ad600000,0x00000044ad700000] [id=9236]
  0x00000227e62f7000 WatcherThread [stack: 0x00000044adf00000,0x00000044ae000000] [id=6604]
  0x00000227c7d3b800 GCTaskThread "GC Thread#0" [stack: 0x00000044ad100000,0x00000044ad200000] [id=8116]
  0x00000227e6393800 GCTaskThread "GC Thread#1" [stack: 0x00000044ae100000,0x00000044ae200000] [id=10128]
  0x00000227c7d6c000 ConcurrentGCThread "G1 Main Marker" [stack: 0x00000044ad200000,0x00000044ad300000] [id=4548]
  0x00000227c7d6e800 ConcurrentGCThread "G1 Conc#0" [stack: 0x00000044ad300000,0x00000044ad400000] [id=10340]
  0x00000227c7df9800 ConcurrentGCThread "G1 Refine#0" [stack: 0x00000044ad400000,0x00000044ad500000] [id=7132]
  0x00000227c7dfb800 ConcurrentGCThread "G1 Young RemSet Sampling" [stack: 0x00000044ad500000,0x00000044ad600000] [id=11640]

Threads with active compile tasks:
C2 CompilerThread0    52842 4889       4       java.io.InputStream::read (9 bytes)

VM state:not at safepoint (normal execution)

VM Mutex/Monitor currently owned by a thread: None

Heap address: 0x0000000080000000, size: 2048 MB, Compressed Oops mode: 32-bit
Narrow klass base: 0x0000000000000000, Narrow klass shift: 3
Compressed class space size: 1073741824 Address: 0x0000000100000000

Heap:
 garbage-first heap   total 157696K, used 39630K [0x0000000080000000, 0x0000000100000000)
  region size 1024K, 27 young (27648K), 7 survivors (7168K)
 Metaspace       used 38424K, capacity 38935K, committed 39116K, reserved 1083392K
  class space    used 4314K, capacity 4494K, committed 4556K, reserved 1048576K
Heap Regions: E=young(eden), S=young(survivor), O=old, HS=humongous(starts), HC=humongous(continues), CS=collection set, F=free, A=archive, TAMS=top-at-mark-start (previous, next)
|   0|0x0000000080000000, 0x0000000080100000, 0x0000000080100000|100%| O|  |TAMS 0x0000000080100000, 0x0000000080000000| Untracked 
|   1|0x0000000080100000, 0x0000000080200000, 0x0000000080200000|100%| O|  |TAMS 0x0000000080200000, 0x0000000080100000| Untracked 
|   2|0x0000000080200000, 0x0000000080300000, 0x0000000080300000|100%| O|  |TAMS 0x0000000080300000, 0x0000000080200000| Untracked 
|   3|0x0000000080300000, 0x0000000080400000, 0x0000000080400000|100%| O|  |TAMS 0x0000000080400000, 0x0000000080300000| Untracked 
|   4|0x0000000080400000, 0x0000000080500000, 0x0000000080500000|100%| O|  |TAMS 0x0000000080500000, 0x0000000080400000| Untracked 
|   5|0x0000000080500000, 0x0000000080600000, 0x0000000080600000|100%|HS|  |TAMS 0x0000000080600000, 0x0000000080500000| Complete 
|   6|0x0000000080600000, 0x0000000080700000, 0x0000000080700000|100%| O|  |TAMS 0x0000000080700000, 0x0000000080600000| Untracked 
|   7|0x0000000080700000, 0x0000000080800000, 0x0000000080800000|100%| O|  |TAMS 0x0000000080800000, 0x0000000080700000| Untracked 
|   8|0x0000000080800000, 0x0000000080900000, 0x0000000080900000|100%| O|  |TAMS 0x0000000080900000, 0x0000000080800000| Untracked 
|   9|0x0000000080900000, 0x0000000080a00000, 0x0000000080a00000|100%| O|  |TAMS 0x0000000080a00000, 0x0000000080900000| Untracked 
|  10|0x0000000080a00000, 0x0000000080b00000, 0x0000000080b00000|100%| O|  |TAMS 0x0000000080b00000, 0x0000000080a00000| Untracked 
|  11|0x0000000080b00000, 0x0000000080c00000, 0x0000000080c00000|100%| O|  |TAMS 0x0000000080c00000, 0x0000000080b00000| Untracked 
|  12|0x0000000080c00000, 0x0000000080cb3a00, 0x0000000080d00000| 70%| O|  |TAMS 0x0000000080cb3a00, 0x0000000080c00000| Untracked 
|  13|0x0000000080d00000, 0x0000000080d00000, 0x0000000080e00000|  0%| F|  |TAMS 0x0000000080d00000, 0x0000000080d00000| Untracked 
|  14|0x0000000080e00000, 0x0000000080e00000, 0x0000000080f00000|  0%| F|  |TAMS 0x0000000080e00000, 0x0000000080e00000| Untracked 
|  15|0x0000000080f00000, 0x0000000080f00000, 0x0000000081000000|  0%| F|  |TAMS 0x0000000080f00000, 0x0000000080f00000| Untracked 
|  16|0x0000000081000000, 0x0000000081000000, 0x0000000081100000|  0%| F|  |TAMS 0x0000000081000000, 0x0000000081000000| Untracked 
|  17|0x0000000081100000, 0x0000000081100000, 0x0000000081200000|  0%| F|  |TAMS 0x0000000081100000, 0x0000000081100000| Untracked 
|  18|0x0000000081200000, 0x0000000081200000, 0x0000000081300000|  0%| F|  |TAMS 0x0000000081200000, 0x0000000081200000| Untracked 
|  19|0x0000000081300000, 0x0000000081300000, 0x0000000081400000|  0%| F|  |TAMS 0x0000000081300000, 0x0000000081300000| Untracked 
|  20|0x0000000081400000, 0x0000000081400000, 0x0000000081500000|  0%| F|  |TAMS 0x0000000081400000, 0x0000000081400000| Untracked 
|  21|0x0000000081500000, 0x0000000081500000, 0x0000000081600000|  0%| F|  |TAMS 0x0000000081500000, 0x0000000081500000| Untracked 
|  22|0x0000000081600000, 0x0000000081600000, 0x0000000081700000|  0%| F|  |TAMS 0x0000000081600000, 0x0000000081600000| Untracked 
|  23|0x0000000081700000, 0x0000000081700000, 0x0000000081800000|  0%| F|  |TAMS 0x0000000081700000, 0x0000000081700000| Untracked 
|  24|0x0000000081800000, 0x0000000081800000, 0x0000000081900000|  0%| F|  |TAMS 0x0000000081800000, 0x0000000081800000| Untracked 
|  25|0x0000000081900000, 0x0000000081900000, 0x0000000081a00000|  0%| F|  |TAMS 0x0000000081900000, 0x0000000081900000| Untracked 
|  26|0x0000000081a00000, 0x0000000081a00000, 0x0000000081b00000|  0%| F|  |TAMS 0x0000000081a00000, 0x0000000081a00000| Untracked 
|  27|0x0000000081b00000, 0x0000000081b00000, 0x0000000081c00000|  0%| F|  |TAMS 0x0000000081b00000, 0x0000000081b00000| Untracked 
|  28|0x0000000081c00000, 0x0000000081c00000, 0x0000000081d00000|  0%| F|  |TAMS 0x0000000081c00000, 0x0000000081c00000| Untracked 
|  29|0x0000000081d00000, 0x0000000081d00000, 0x0000000081e00000|  0%| F|  |TAMS 0x0000000081d00000, 0x0000000081d00000| Untracked 
|  30|0x0000000081e00000, 0x0000000081e00000, 0x0000000081f00000|  0%| F|  |TAMS 0x0000000081e00000, 0x0000000081e00000| Untracked 
|  31|0x0000000081f00000, 0x0000000081f00000, 0x0000000082000000|  0%| F|  |TAMS 0x0000000081f00000, 0x0000000081f00000| Untracked 
|  32|0x0000000082000000, 0x0000000082000000, 0x0000000082100000|  0%| F|  |TAMS 0x0000000082000000, 0x0000000082000000| Untracked 
|  33|0x0000000082100000, 0x0000000082100000, 0x0000000082200000|  0%| F|  |TAMS 0x0000000082100000, 0x0000000082100000| Untracked 
|  34|0x0000000082200000, 0x0000000082200000, 0x0000000082300000|  0%| F|  |TAMS 0x0000000082200000, 0x0000000082200000| Untracked 
|  35|0x0000000082300000, 0x0000000082300000, 0x0000000082400000|  0%| F|  |TAMS 0x0000000082300000, 0x0000000082300000| Untracked 
|  36|0x0000000082400000, 0x0000000082400000, 0x0000000082500000|  0%| F|  |TAMS 0x0000000082400000, 0x0000000082400000| Untracked 
|  37|0x0000000082500000, 0x0000000082500000, 0x0000000082600000|  0%| F|  |TAMS 0x0000000082500000, 0x0000000082500000| Untracked 
|  38|0x0000000082600000, 0x0000000082600000, 0x0000000082700000|  0%| F|  |TAMS 0x0000000082600000, 0x0000000082600000| Untracked 
|  39|0x0000000082700000, 0x0000000082700000, 0x0000000082800000|  0%| F|  |TAMS 0x0000000082700000, 0x0000000082700000| Untracked 
|  40|0x0000000082800000, 0x0000000082800000, 0x0000000082900000|  0%| F|  |TAMS 0x0000000082800000, 0x0000000082800000| Untracked 
|  41|0x0000000082900000, 0x0000000082900000, 0x0000000082a00000|  0%| F|  |TAMS 0x0000000082900000, 0x0000000082900000| Untracked 
|  42|0x0000000082a00000, 0x0000000082a00000, 0x0000000082b00000|  0%| F|  |TAMS 0x0000000082a00000, 0x0000000082a00000| Untracked 
|  43|0x0000000082b00000, 0x0000000082b00000, 0x0000000082c00000|  0%| F|  |TAMS 0x0000000082b00000, 0x0000000082b00000| Untracked 
|  44|0x0000000082c00000, 0x0000000082c00000, 0x0000000082d00000|  0%| F|  |TAMS 0x0000000082c00000, 0x0000000082c00000| Untracked 
|  45|0x0000000082d00000, 0x0000000082d00000, 0x0000000082e00000|  0%| F|  |TAMS 0x0000000082d00000, 0x0000000082d00000| Untracked 
|  46|0x0000000082e00000, 0x0000000082e00000, 0x0000000082f00000|  0%| F|  |TAMS 0x0000000082e00000, 0x0000000082e00000| Untracked 
|  47|0x0000000082f00000, 0x0000000082f00000, 0x0000000083000000|  0%| F|  |TAMS 0x0000000082f00000, 0x0000000082f00000| Untracked 
|  48|0x0000000083000000, 0x0000000083000000, 0x0000000083100000|  0%| F|  |TAMS 0x0000000083000000, 0x0000000083000000| Untracked 
|  49|0x0000000083100000, 0x0000000083100000, 0x0000000083200000|  0%| F|  |TAMS 0x0000000083100000, 0x0000000083100000| Untracked 
|  50|0x0000000083200000, 0x0000000083200000, 0x0000000083300000|  0%| F|  |TAMS 0x0000000083200000, 0x0000000083200000| Untracked 
|  51|0x0000000083300000, 0x0000000083300000, 0x0000000083400000|  0%| F|  |TAMS 0x0000000083300000, 0x0000000083300000| Untracked 
|  52|0x0000000083400000, 0x0000000083400000, 0x0000000083500000|  0%| F|  |TAMS 0x0000000083400000, 0x0000000083400000| Untracked 
|  53|0x0000000083500000, 0x0000000083500000, 0x0000000083600000|  0%| F|  |TAMS 0x0000000083500000, 0x0000000083500000| Untracked 
|  54|0x0000000083600000, 0x0000000083600000, 0x0000000083700000|  0%| F|  |TAMS 0x0000000083600000, 0x0000000083600000| Untracked 
|  55|0x0000000083700000, 0x0000000083700000, 0x0000000083800000|  0%| F|  |TAMS 0x0000000083700000, 0x0000000083700000| Untracked 
|  56|0x0000000083800000, 0x0000000083800000, 0x0000000083900000|  0%| F|  |TAMS 0x0000000083800000, 0x0000000083800000| Untracked 
|  57|0x0000000083900000, 0x0000000083900000, 0x0000000083a00000|  0%| F|  |TAMS 0x0000000083900000, 0x0000000083900000| Untracked 
|  58|0x0000000083a00000, 0x0000000083a00000, 0x0000000083b00000|  0%| F|  |TAMS 0x0000000083a00000, 0x0000000083a00000| Untracked 
|  59|0x0000000083b00000, 0x0000000083b00000, 0x0000000083c00000|  0%| F|  |TAMS 0x0000000083b00000, 0x0000000083b00000| Untracked 
|  60|0x0000000083c00000, 0x0000000083c00000, 0x0000000083d00000|  0%| F|  |TAMS 0x0000000083c00000, 0x0000000083c00000| Untracked 
|  61|0x0000000083d00000, 0x0000000083d00000, 0x0000000083e00000|  0%| F|  |TAMS 0x0000000083d00000, 0x0000000083d00000| Untracked 
|  62|0x0000000083e00000, 0x0000000083e00000, 0x0000000083f00000|  0%| F|  |TAMS 0x0000000083e00000, 0x0000000083e00000| Untracked 
|  63|0x0000000083f00000, 0x0000000083f00000, 0x0000000084000000|  0%| F|  |TAMS 0x0000000083f00000, 0x0000000083f00000| Untracked 
|  64|0x0000000084000000, 0x0000000084000000, 0x0000000084100000|  0%| F|  |TAMS 0x0000000084000000, 0x0000000084000000| Untracked 
|  65|0x0000000084100000, 0x0000000084100000, 0x0000000084200000|  0%| F|  |TAMS 0x0000000084100000, 0x0000000084100000| Untracked 
|  66|0x0000000084200000, 0x0000000084200000, 0x0000000084300000|  0%| F|  |TAMS 0x0000000084200000, 0x0000000084200000| Untracked 
|  67|0x0000000084300000, 0x0000000084300000, 0x0000000084400000|  0%| F|  |TAMS 0x0000000084300000, 0x0000000084300000| Untracked 
|  68|0x0000000084400000, 0x0000000084400000, 0x0000000084500000|  0%| F|  |TAMS 0x0000000084400000, 0x0000000084400000| Untracked 
|  69|0x0000000084500000, 0x0000000084500000, 0x0000000084600000|  0%| F|  |TAMS 0x0000000084500000, 0x0000000084500000| Untracked 
|  70|0x0000000084600000, 0x0000000084600000, 0x0000000084700000|  0%| F|  |TAMS 0x0000000084600000, 0x0000000084600000| Untracked 
|  71|0x0000000084700000, 0x0000000084700000, 0x0000000084800000|  0%| F|  |TAMS 0x0000000084700000, 0x0000000084700000| Untracked 
|  72|0x0000000084800000, 0x0000000084800000, 0x0000000084900000|  0%| F|  |TAMS 0x0000000084800000, 0x0000000084800000| Untracked 
|  73|0x0000000084900000, 0x0000000084900000, 0x0000000084a00000|  0%| F|  |TAMS 0x0000000084900000, 0x0000000084900000| Untracked 
|  74|0x0000000084a00000, 0x0000000084a00000, 0x0000000084b00000|  0%| F|  |TAMS 0x0000000084a00000, 0x0000000084a00000| Untracked 
|  75|0x0000000084b00000, 0x0000000084b00000, 0x0000000084c00000|  0%| F|  |TAMS 0x0000000084b00000, 0x0000000084b00000| Untracked 
|  76|0x0000000084c00000, 0x0000000084c00000, 0x0000000084d00000|  0%| F|  |TAMS 0x0000000084c00000, 0x0000000084c00000| Untracked 
|  77|0x0000000084d00000, 0x0000000084d00000, 0x0000000084e00000|  0%| F|  |TAMS 0x0000000084d00000, 0x0000000084d00000| Untracked 
|  78|0x0000000084e00000, 0x0000000084e00000, 0x0000000084f00000|  0%| F|  |TAMS 0x0000000084e00000, 0x0000000084e00000| Untracked 
|  79|0x0000000084f00000, 0x0000000084f00000, 0x0000000085000000|  0%| F|  |TAMS 0x0000000084f00000, 0x0000000084f00000| Untracked 
|  80|0x0000000085000000, 0x0000000085000000, 0x0000000085100000|  0%| F|  |TAMS 0x0000000085000000, 0x0000000085000000| Untracked 
|  81|0x0000000085100000, 0x0000000085100000, 0x0000000085200000|  0%| F|  |TAMS 0x0000000085100000, 0x0000000085100000| Untracked 
|  82|0x0000000085200000, 0x0000000085200000, 0x0000000085300000|  0%| F|  |TAMS 0x0000000085200000, 0x0000000085200000| Untracked 
|  83|0x0000000085300000, 0x0000000085300000, 0x0000000085400000|  0%| F|  |TAMS 0x0000000085300000, 0x0000000085300000| Untracked 
|  84|0x0000000085400000, 0x0000000085400000, 0x0000000085500000|  0%| F|  |TAMS 0x0000000085400000, 0x0000000085400000| Untracked 
|  85|0x0000000085500000, 0x0000000085500000, 0x0000000085600000|  0%| F|  |TAMS 0x0000000085500000, 0x0000000085500000| Untracked 
|  86|0x0000000085600000, 0x0000000085600000, 0x0000000085700000|  0%| F|  |TAMS 0x0000000085600000, 0x0000000085600000| Untracked 
|  87|0x0000000085700000, 0x0000000085700000, 0x0000000085800000|  0%| F|  |TAMS 0x0000000085700000, 0x0000000085700000| Untracked 
|  88|0x0000000085800000, 0x0000000085800000, 0x0000000085900000|  0%| F|  |TAMS 0x0000000085800000, 0x0000000085800000| Untracked 
|  89|0x0000000085900000, 0x0000000085900000, 0x0000000085a00000|  0%| F|  |TAMS 0x0000000085900000, 0x0000000085900000| Untracked 
|  90|0x0000000085a00000, 0x0000000085a00000, 0x0000000085b00000|  0%| F|  |TAMS 0x0000000085a00000, 0x0000000085a00000| Untracked 
|  91|0x0000000085b00000, 0x0000000085b00000, 0x0000000085c00000|  0%| F|  |TAMS 0x0000000085b00000, 0x0000000085b00000| Untracked 
|  92|0x0000000085c00000, 0x0000000085c00000, 0x0000000085d00000|  0%| F|  |TAMS 0x0000000085c00000, 0x0000000085c00000| Untracked 
|  93|0x0000000085d00000, 0x0000000085e00000, 0x0000000085e00000|100%| S|CS|TAMS 0x0000000085d00000, 0x0000000085d00000| Complete 
|  94|0x0000000085e00000, 0x0000000085f00000, 0x0000000085f00000|100%| S|CS|TAMS 0x0000000085e00000, 0x0000000085e00000| Complete 
|  95|0x0000000085f00000, 0x0000000086000000, 0x0000000086000000|100%| S|CS|TAMS 0x0000000085f00000, 0x0000000085f00000| Complete 
|  96|0x0000000086000000, 0x0000000086100000, 0x0000000086100000|100%| S|CS|TAMS 0x0000000086000000, 0x0000000086000000| Complete 
|  97|0x0000000086100000, 0x0000000086200000, 0x0000000086200000|100%| S|CS|TAMS 0x0000000086100000, 0x0000000086100000| Complete 
|  98|0x0000000086200000, 0x0000000086300000, 0x0000000086300000|100%| S|CS|TAMS 0x0000000086200000, 0x0000000086200000| Complete 
|  99|0x0000000086300000, 0x0000000086400000, 0x0000000086400000|100%| S|CS|TAMS 0x0000000086300000, 0x0000000086300000| Complete 
| 100|0x0000000086400000, 0x0000000086400000, 0x0000000086500000|  0%| F|  |TAMS 0x0000000086400000, 0x0000000086400000| Untracked 
| 101|0x0000000086500000, 0x0000000086500000, 0x0000000086600000|  0%| F|  |TAMS 0x0000000086500000, 0x0000000086500000| Untracked 
| 102|0x0000000086600000, 0x0000000086600000, 0x0000000086700000|  0%| F|  |TAMS 0x0000000086600000, 0x0000000086600000| Untracked 
| 103|0x0000000086700000, 0x0000000086700000, 0x0000000086800000|  0%| F|  |TAMS 0x0000000086700000, 0x0000000086700000| Untracked 
| 104|0x0000000086800000, 0x0000000086800000, 0x0000000086900000|  0%| F|  |TAMS 0x0000000086800000, 0x0000000086800000| Untracked 
| 105|0x0000000086900000, 0x0000000086900000, 0x0000000086a00000|  0%| F|  |TAMS 0x0000000086900000, 0x0000000086900000| Untracked 
| 106|0x0000000086a00000, 0x0000000086a00000, 0x0000000086b00000|  0%| F|  |TAMS 0x0000000086a00000, 0x0000000086a00000| Untracked 
| 107|0x0000000086b00000, 0x0000000086b00000, 0x0000000086c00000|  0%| F|  |TAMS 0x0000000086b00000, 0x0000000086b00000| Untracked 
| 108|0x0000000086c00000, 0x0000000086c00000, 0x0000000086d00000|  0%| F|  |TAMS 0x0000000086c00000, 0x0000000086c00000| Untracked 
| 109|0x0000000086d00000, 0x0000000086d00000, 0x0000000086e00000|  0%| F|  |TAMS 0x0000000086d00000, 0x0000000086d00000| Untracked 
| 110|0x0000000086e00000, 0x0000000086e00000, 0x0000000086f00000|  0%| F|  |TAMS 0x0000000086e00000, 0x0000000086e00000| Untracked 
| 111|0x0000000086f00000, 0x0000000086f00000, 0x0000000087000000|  0%| F|  |TAMS 0x0000000086f00000, 0x0000000086f00000| Untracked 
| 112|0x0000000087000000, 0x0000000087000000, 0x0000000087100000|  0%| F|  |TAMS 0x0000000087000000, 0x0000000087000000| Untracked 
| 113|0x0000000087100000, 0x0000000087100000, 0x0000000087200000|  0%| F|  |TAMS 0x0000000087100000, 0x0000000087100000| Untracked 
| 114|0x0000000087200000, 0x0000000087200000, 0x0000000087300000|  0%| F|  |TAMS 0x0000000087200000, 0x0000000087200000| Untracked 
| 115|0x0000000087300000, 0x0000000087300000, 0x0000000087400000|  0%| F|  |TAMS 0x0000000087300000, 0x0000000087300000| Untracked 
| 116|0x0000000087400000, 0x0000000087400000, 0x0000000087500000|  0%| F|  |TAMS 0x0000000087400000, 0x0000000087400000| Untracked 
| 117|0x0000000087500000, 0x0000000087500000, 0x0000000087600000|  0%| F|  |TAMS 0x0000000087500000, 0x0000000087500000| Untracked 
| 118|0x0000000087600000, 0x0000000087600000, 0x0000000087700000|  0%| F|  |TAMS 0x0000000087600000, 0x0000000087600000| Untracked 
| 119|0x0000000087700000, 0x0000000087700000, 0x0000000087800000|  0%| F|  |TAMS 0x0000000087700000, 0x0000000087700000| Untracked 
| 120|0x0000000087800000, 0x0000000087800000, 0x0000000087900000|  0%| F|  |TAMS 0x0000000087800000, 0x0000000087800000| Untracked 
| 121|0x0000000087900000, 0x0000000087900000, 0x0000000087a00000|  0%| F|  |TAMS 0x0000000087900000, 0x0000000087900000| Untracked 
| 122|0x0000000087a00000, 0x0000000087a00000, 0x0000000087b00000|  0%| F|  |TAMS 0x0000000087a00000, 0x0000000087a00000| Untracked 
| 123|0x0000000087b00000, 0x0000000087b00000, 0x0000000087c00000|  0%| F|  |TAMS 0x0000000087b00000, 0x0000000087b00000| Untracked 
| 124|0x0000000087c00000, 0x0000000087c00000, 0x0000000087d00000|  0%| F|  |TAMS 0x0000000087c00000, 0x0000000087c00000| Untracked 
| 125|0x0000000087d00000, 0x0000000087d00000, 0x0000000087e00000|  0%| F|  |TAMS 0x0000000087d00000, 0x0000000087d00000| Untracked 
| 126|0x0000000087e00000, 0x0000000087e00000, 0x0000000087f00000|  0%| F|  |TAMS 0x0000000087e00000, 0x0000000087e00000| Untracked 
| 127|0x0000000087f00000, 0x0000000087f00000, 0x0000000088000000|  0%| F|  |TAMS 0x0000000087f00000, 0x0000000087f00000| Untracked 
| 128|0x0000000088000000, 0x0000000088000000, 0x0000000088100000|  0%| F|  |TAMS 0x0000000088000000, 0x0000000088000000| Untracked 
| 129|0x0000000088100000, 0x0000000088100000, 0x0000000088200000|  0%| F|  |TAMS 0x0000000088100000, 0x0000000088100000| Untracked 
| 130|0x0000000088200000, 0x0000000088200000, 0x0000000088300000|  0%| F|  |TAMS 0x0000000088200000, 0x0000000088200000| Untracked 
| 131|0x0000000088300000, 0x0000000088300000, 0x0000000088400000|  0%| F|  |TAMS 0x0000000088300000, 0x0000000088300000| Untracked 
| 132|0x0000000088400000, 0x0000000088400000, 0x0000000088500000|  0%| F|  |TAMS 0x0000000088400000, 0x0000000088400000| Untracked 
| 133|0x0000000088500000, 0x0000000088500000, 0x0000000088600000|  0%| F|  |TAMS 0x0000000088500000, 0x0000000088500000| Untracked 
| 134|0x0000000088600000, 0x0000000088700000, 0x0000000088700000|100%| E|  |TAMS 0x0000000088600000, 0x0000000088600000| Complete 
| 135|0x0000000088700000, 0x0000000088800000, 0x0000000088800000|100%| E|CS|TAMS 0x0000000088700000, 0x0000000088700000| Complete 
| 136|0x0000000088800000, 0x0000000088900000, 0x0000000088900000|100%| E|CS|TAMS 0x0000000088800000, 0x0000000088800000| Complete 
| 137|0x0000000088900000, 0x0000000088a00000, 0x0000000088a00000|100%| E|CS|TAMS 0x0000000088900000, 0x0000000088900000| Complete 
| 138|0x0000000088a00000, 0x0000000088b00000, 0x0000000088b00000|100%| E|CS|TAMS 0x0000000088a00000, 0x0000000088a00000| Complete 
| 139|0x0000000088b00000, 0x0000000088c00000, 0x0000000088c00000|100%| E|CS|TAMS 0x0000000088b00000, 0x0000000088b00000| Complete 
| 140|0x0000000088c00000, 0x0000000088d00000, 0x0000000088d00000|100%| E|CS|TAMS 0x0000000088c00000, 0x0000000088c00000| Complete 
| 141|0x0000000088d00000, 0x0000000088e00000, 0x0000000088e00000|100%| E|CS|TAMS 0x0000000088d00000, 0x0000000088d00000| Complete 
| 142|0x0000000088e00000, 0x0000000088f00000, 0x0000000088f00000|100%| E|CS|TAMS 0x0000000088e00000, 0x0000000088e00000| Complete 
| 143|0x0000000088f00000, 0x0000000089000000, 0x0000000089000000|100%| E|CS|TAMS 0x0000000088f00000, 0x0000000088f00000| Complete 
| 144|0x0000000089000000, 0x0000000089100000, 0x0000000089100000|100%| E|CS|TAMS 0x0000000089000000, 0x0000000089000000| Complete 
| 145|0x0000000089100000, 0x0000000089200000, 0x0000000089200000|100%| E|CS|TAMS 0x0000000089100000, 0x0000000089100000| Complete 
| 146|0x0000000089200000, 0x0000000089300000, 0x0000000089300000|100%| E|CS|TAMS 0x0000000089200000, 0x0000000089200000| Complete 
| 147|0x0000000089300000, 0x0000000089400000, 0x0000000089400000|100%| E|CS|TAMS 0x0000000089300000, 0x0000000089300000| Complete 
| 148|0x0000000089400000, 0x0000000089500000, 0x0000000089500000|100%| E|CS|TAMS 0x0000000089400000, 0x0000000089400000| Complete 
| 149|0x0000000089500000, 0x0000000089600000, 0x0000000089600000|100%| E|CS|TAMS 0x0000000089500000, 0x0000000089500000| Complete 
| 150|0x0000000089600000, 0x0000000089700000, 0x0000000089700000|100%| E|CS|TAMS 0x0000000089600000, 0x0000000089600000| Complete 
| 151|0x0000000089700000, 0x0000000089800000, 0x0000000089800000|100%| E|CS|TAMS 0x0000000089700000, 0x0000000089700000| Complete 
| 152|0x0000000089800000, 0x0000000089900000, 0x0000000089900000|100%| E|CS|TAMS 0x0000000089800000, 0x0000000089800000| Complete 
| 153|0x0000000089900000, 0x0000000089a00000, 0x0000000089a00000|100%| E|CS|TAMS 0x0000000089900000, 0x0000000089900000| Complete 

Card table byte_map: [0x00000227debe0000,0x00000227defe0000] _byte_map_base: 0x00000227de7e0000

Marking Bits (Prev, Next): (CMBitMap*) 0x00000227c7d63698, (CMBitMap*) 0x00000227c7d636d0
 Prev Bits: [0x00000227df3e0000, 0x00000227e13e0000)
 Next Bits: [0x00000227e13e0000, 0x00000227e33e0000)

Polling page: 0x00000227c6370000

Metaspace:

Usage:
  Non-class:     33.63 MB capacity,    33.31 MB (>99%) used,   283.88 KB ( <1%) free+waste,    47.50 KB ( <1%) overhead. 
      Class:      4.39 MB capacity,     4.21 MB ( 96%) used,   160.73 KB (  4%) free+waste,    18.81 KB ( <1%) overhead. 
       Both:     38.02 MB capacity,    37.52 MB ( 99%) used,   444.61 KB (  1%) free+waste,    66.31 KB ( <1%) overhead. 

Virtual space:
  Non-class space:       34.00 MB reserved,      33.75 MB (>99%) committed 
      Class space:        1.00 GB reserved,       4.45 MB ( <1%) committed 
             Both:        1.03 GB reserved,      38.20 MB (  4%) committed 

Chunk freelists:
   Non-Class:  6.88 KB
       Class:  2.25 KB
        Both:  9.13 KB

CodeHeap 'non-profiled nmethods': size=120064Kb used=2443Kb max_used=2443Kb free=117620Kb
 bounds [0x00000227d6ea0000, 0x00000227d7110000, 0x00000227de3e0000]
CodeHeap 'profiled nmethods': size=120000Kb used=10990Kb max_used=10990Kb free=109009Kb
 bounds [0x00000227cf970000, 0x00000227d0430000, 0x00000227d6ea0000]
CodeHeap 'non-nmethods': size=5696Kb used=1174Kb max_used=1217Kb free=4521Kb
 bounds [0x00000227cf3e0000, 0x00000227cf650000, 0x00000227cf970000]
 total_blobs=5369 nmethods=4864 adapters=416
 compilation: enabled
              stopped_count=0, restarted_count=0
 full_count=0

Compilation events (10 events):
Event: 21.751 Thread 0x00000227e5822800 nmethod 4884 0x00000227d042b310 code [0x00000227d042b520, 0x00000227d042b908]
Event: 37.365 Thread 0x00000227e5818800 4885       4       com.spotify.docker.client.shaded.org.apache.http.impl.io.SessionOutputBufferImpl::write (85 bytes)
Event: 37.381 Thread 0x00000227e5818800 nmethod 4885 0x00000227d7101090 code [0x00000227d7101260, 0x00000227d7101b28]
Event: 37.381 Thread 0x00000227e5818800 4886       4       com.spotify.docker.client.shaded.org.apache.http.util.ByteArrayBuffer::append (129 bytes)
Event: 37.383 Thread 0x00000227e5818800 nmethod 4886 0x00000227d7102190 code [0x00000227d7102320, 0x00000227d71024f8]
Event: 37.436 Thread 0x00000227e5818800 4887       4       com.spotify.docker.client.shaded.org.apache.http.util.ByteArrayBuffer::append (38 bytes)
Event: 37.439 Thread 0x00000227e5818800 nmethod 4887 0x00000227d7102690 code [0x00000227d7102800, 0x00000227d71028d8]
Event: 41.589 Thread 0x00000227e5818800 4888       4       com.spotify.docker.client.shaded.org.apache.http.impl.io.SessionOutputBufferImpl::write (45 bytes)
Event: 41.591 Thread 0x00000227e5818800 nmethod 4888 0x00000227d7102a10 code [0x00000227d7102ba0, 0x00000227d7102cb8]
Event: 52.767 Thread 0x00000227e5818800 4889       4       java.io.InputStream::read (9 bytes)

GC Heap History (10 events):
Event: 1.799 GC heap before
{Heap before GC invocations=3 (full 0):
 garbage-first heap   total 131072K, used 23056K [0x0000000080000000, 0x0000000100000000)
  region size 1024K, 21 young (21504K), 2 survivors (2048K)
 Metaspace       used 14565K, capacity 14809K, committed 14976K, reserved 1062912K
  class space    used 1522K, capacity 1615K, committed 1664K, reserved 1048576K
}
Event: 1.806 GC heap after
{Heap after GC invocations=4 (full 0):
 garbage-first heap   total 131072K, used 4273K [0x0000000080000000, 0x0000000100000000)
  region size 1024K, 3 young (3072K), 3 survivors (3072K)
 Metaspace       used 14565K, capacity 14809K, committed 14976K, reserved 1062912K
  class space    used 1522K, capacity 1615K, committed 1664K, reserved 1048576K
}
Event: 3.595 GC heap before
{Heap before GC invocations=4 (full 0):
 garbage-first heap   total 131072K, used 40113K [0x0000000080000000, 0x0000000100000000)
  region size 1024K, 38 young (38912K), 3 survivors (3072K)
 Metaspace       used 19850K, capacity 20200K, committed 20480K, reserved 1067008K
  class space    used 2119K, capacity 2247K, committed 2304K, reserved 1048576K
}
Event: 3.614 GC heap after
{Heap after GC invocations=5 (full 0):
 garbage-first heap   total 157696K, used 7426K [0x0000000080000000, 0x0000000100000000)
  region size 1024K, 5 young (5120K), 5 survivors (5120K)
 Metaspace       used 19850K, capacity 20200K, committed 20480K, reserved 1067008K
  class space    used 2119K, capacity 2247K, committed 2304K, reserved 1048576K
}
Event: 5.729 GC heap before
{Heap before GC invocations=5 (full 0):
 garbage-first heap   total 157696K, used 60674K [0x0000000080000000, 0x0000000100000000)
  region size 1024K, 58 young (59392K), 5 survivors (5120K)
 Metaspace       used 20908K, capacity 21222K, committed 21248K, reserved 1069056K
  class space    used 2167K, capacity 2288K, committed 2304K, reserved 1048576K
}
Event: 5.758 GC heap after
{Heap after GC invocations=6 (full 0):
 garbage-first heap   total 157696K, used 11953K [0x0000000080000000, 0x0000000100000000)
  region size 1024K, 10 young (10240K), 10 survivors (10240K)
 Metaspace       used 20908K, capacity 21222K, committed 21248K, reserved 1069056K
  class space    used 2167K, capacity 2288K, committed 2304K, reserved 1048576K
}
Event: 7.626 GC heap before
{Heap before GC invocations=7 (full 0):
 garbage-first heap   total 157696K, used 74417K [0x0000000080000000, 0x0000000100000000)
  region size 1024K, 69 young (70656K), 10 survivors (10240K)
 Metaspace       used 23936K, capacity 24284K, committed 24448K, reserved 1071104K
  class space    used 2493K, capacity 2626K, committed 2688K, reserved 1048576K
}
Event: 7.657 GC heap after
{Heap after GC invocations=8 (full 0):
 garbage-first heap   total 157696K, used 16553K [0x0000000080000000, 0x0000000100000000)
  region size 1024K, 8 young (8192K), 8 survivors (8192K)
 Metaspace       used 23936K, capacity 24284K, committed 24448K, reserved 1071104K
  class space    used 2493K, capacity 2626K, committed 2688K, reserved 1048576K
}
Event: 14.440 GC heap before
{Heap before GC invocations=8 (full 0):
 garbage-first heap   total 157696K, used 70825K [0x0000000080000000, 0x0000000100000000)
  region size 1024K, 62 young (63488K), 8 survivors (8192K)
 Metaspace       used 35307K, capacity 35798K, committed 35840K, reserved 1081344K
  class space    used 3872K, capacity 4072K, committed 4096K, reserved 1048576K
}
Event: 14.463 GC heap after
{Heap after GC invocations=9 (full 0):
 garbage-first heap   total 157696K, used 20174K [0x0000000080000000, 0x0000000100000000)
  region size 1024K, 7 young (7168K), 7 survivors (7168K)
 Metaspace       used 35307K, capacity 35798K, committed 35840K, reserved 1081344K
  class space    used 3872K, capacity 4072K, committed 4096K, reserved 1048576K
}

Deoptimization events (10 events):
Event: 14.422 Thread 0x00000227c7d26800 Uncommon trap: reason=unstable_if action=reinterpret pc=0x00000227d70bc908 method=java.util.zip.Deflater.deflate([BIII)I @ 71 c2
Event: 14.489 Thread 0x00000227c7d26800 Uncommon trap: reason=unstable_if action=reinterpret pc=0x00000227d70b64e8 method=sun.nio.fs.WindowsPath.compareTo(Ljava/nio/file/Path;)I @ 76 c2
Event: 14.909 Thread 0x00000227e7750800 Uncommon trap: reason=class_check action=maybe_recompile pc=0x00000227d6fbc090 method=java.util.Collections$UnmodifiableMap$UnmodifiableEntrySet$1.hasNext()Z @ 4 c2
Event: 15.205 Thread 0x00000227e7750800 Uncommon trap: reason=unstable_if action=reinterpret pc=0x00000227d6ee2e88 method=java.io.WinNTFileSystem.normalize(Ljava/lang/String;)Ljava/lang/String; @ 74 c2
Event: 15.207 Thread 0x00000227e7750800 Uncommon trap: reason=unstable_if action=reinterpret pc=0x00000227d70c378c method=sun.nio.ch.Util$BufferCache.get(I)Ljava/nio/ByteBuffer; @ 25 c2
Event: 15.208 Thread 0x00000227e7750800 Uncommon trap: reason=unstable_if action=reinterpret pc=0x00000227d70c40c4 method=sun.nio.ch.Util$BufferCache.get(I)Ljava/nio/ByteBuffer; @ 47 c2
Event: 15.253 Thread 0x00000227e7750800 Uncommon trap: reason=class_check action=maybe_recompile pc=0x00000227d6fbc090 method=java.util.Collections$UnmodifiableMap$UnmodifiableEntrySet$1.hasNext()Z @ 4 c2
Event: 15.285 Thread 0x00000227e7750800 Uncommon trap: reason=class_check action=maybe_recompile pc=0x00000227d6f80204 method=java.util.LinkedHashMap.afterNodeInsertion(Z)V @ 15 c2
Event: 15.376 Thread 0x00000227e90fb800 Uncommon trap: reason=class_check action=maybe_recompile pc=0x00000227d6fbc090 method=java.util.Collections$UnmodifiableMap$UnmodifiableEntrySet$1.hasNext()Z @ 4 c2
Event: 15.376 Thread 0x00000227e90fb800 Uncommon trap: reason=class_check action=maybe_recompile pc=0x00000227d6fbc090 method=java.util.Collections$UnmodifiableMap$UnmodifiableEntrySet$1.hasNext()Z @ 4 c2

Classes redefined (0 events):
No events

Internal exceptions (10 events):
Event: 8.623 Thread 0x00000227c7d26800 Exception <a 'java/lang/NoSuchMethodError'{0x0000000087f28b00}: java.lang.invoke.DirectMethodHandle$Holder.invokeStaticInit(Ljava/lang/Object;Ljava/lang/Object;IIII)Ljava/lang/Object;> (0x0000000087f28b00) thrown at [./open/src/hotspot/share/interpreter/l
Event: 10.311 Thread 0x00000227c7d26800 Exception <a 'java/lang/NoSuchMethodError'{0x00000000869bb070}: java.lang.invoke.DirectMethodHandle$Holder.invokeStatic(Ljava/lang/Object;J)V> (0x00000000869bb070) thrown at [./open/src/hotspot/share/interpreter/linkResolver.cpp, line 772]
Event: 10.313 Thread 0x00000227c7d26800 Exception <a 'java/lang/NoSuchMethodError'{0x00000000869c02b8}: java.lang.invoke.DirectMethodHandle$Holder.invokeStatic(Ljava/lang/Object;J)Ljava/lang/Object;> (0x00000000869c02b8) thrown at [./open/src/hotspot/share/interpreter/linkResolver.cpp, line 772
Event: 10.319 Thread 0x00000227c7d26800 Exception <a 'java/lang/NoSuchMethodError'{0x00000000869ce308}: java.lang.invoke.DirectMethodHandle$Holder.invokeStaticInit(Ljava/lang/Object;Ljava/lang/Object;JLjava/lang/Object;)Ljava/lang/Object;> (0x00000000869ce308) thrown at [./open/src/hotspot/shar
Event: 10.319 Thread 0x00000227c7d26800 Exception <a 'java/lang/NoSuchMethodError'{0x00000000869d41f0}: java.lang.invoke.DirectMethodHandle$Holder.invokeStatic(Ljava/lang/Object;Ljava/lang/Object;J)Ljava/lang/Object;> (0x00000000869d41f0) thrown at [./open/src/hotspot/share/interpreter/linkReso
Event: 10.335 Thread 0x00000227c7d26800 Exception <a 'java/lang/NoSuchMethodError'{0x00000000869da768}: java.lang.invoke.Invokers$Holder.linkToTargetMethod(Ljava/lang/Object;JLjava/lang/Object;)Ljava/lang/Object;> (0x00000000869da768) thrown at [./open/src/hotspot/share/interpreter/linkResolver
Event: 11.219 Thread 0x00000227c7d26800 Exception <a 'sun/nio/fs/WindowsException'{0x0000000086841d18}> (0x0000000086841d18) thrown at [./open/src/hotspot/share/prims/jni.cpp, line 611]
Event: 11.219 Thread 0x00000227c7d26800 Exception <a 'sun/nio/fs/WindowsException'{0x0000000086841eb0}> (0x0000000086841eb0) thrown at [./open/src/hotspot/share/prims/jni.cpp, line 611]
Event: 11.464 Thread 0x00000227c7d26800 Exception <a 'sun/nio/fs/WindowsException'{0x00000000867b1008}> (0x00000000867b1008) thrown at [./open/src/hotspot/share/prims/jni.cpp, line 611]
Event: 11.465 Thread 0x00000227c7d26800 Exception <a 'sun/nio/fs/WindowsException'{0x00000000867b13a8}> (0x00000000867b13a8) thrown at [./open/src/hotspot/share/prims/jni.cpp, line 611]

Events (10 events):
Event: 15.382 loading class com/spotify/docker/client/shaded/org/glassfish/jersey/message/internal/WriterInterceptorExecutor$TerminalWriterInterceptor
Event: 15.382 loading class com/spotify/docker/client/shaded/org/glassfish/jersey/message/internal/WriterInterceptorExecutor$TerminalWriterInterceptor done
Event: 15.383 loading class com/spotify/docker/client/shaded/org/glassfish/jersey/message/internal/WriterInterceptorExecutor$UnCloseableOutputStream
Event: 15.383 loading class com/spotify/docker/client/shaded/org/glassfish/jersey/message/internal/WriterInterceptorExecutor$UnCloseableOutputStream done
Event: 15.383 loading class com/spotify/docker/client/shaded/org/glassfish/jersey/message/internal/WriterInterceptorExecutor$UnCloseableOutputStream
Event: 15.383 loading class com/spotify/docker/client/shaded/org/glassfish/jersey/message/internal/WriterInterceptorExecutor$UnCloseableOutputStream done
Event: 15.692 Thread 0x00000227e90fb800 DEOPT PACKING pc=0x00000227d03433f6 sp=0x00000044ae3fd560
Event: 15.692 Thread 0x00000227e90fb800 DEOPT UNPACKING pc=0x00000227cf407c0e sp=0x00000044ae3fca30 mode 0
Event: 15.717 Thread 0x00000227e90fb800 DEOPT PACKING pc=0x00000227d03433f6 sp=0x00000044ae3fd560
Event: 15.717 Thread 0x00000227e90fb800 DEOPT UNPACKING pc=0x00000227cf407c0e sp=0x00000044ae3fca30 mode 0


Dynamic libraries:
0x00007ff726420000 - 0x00007ff72642f000 	C:\Program Files\Java\jdk-11.0.16\bin\java.exe
0x00007ffd21190000 - 0x00007ffd21388000 	C:\Windows\SYSTEM32\ntdll.dll
0x00007ffd1f460000 - 0x00007ffd1f51f000 	C:\Windows\System32\KERNEL32.DLL
0x00007ffd1e990000 - 0x00007ffd1ec62000 	C:\Windows\System32\KERNELBASE.dll
0x00007ffd1e890000 - 0x00007ffd1e990000 	C:\Windows\System32\ucrtbase.dll
0x00007ffce6f50000 - 0x00007ffce6f65000 	C:\Program Files\Java\jdk-11.0.16\bin\VCRUNTIME140.dll
0x00007ffce6f70000 - 0x00007ffce6f88000 	C:\Program Files\Java\jdk-11.0.16\bin\jli.dll
0x00007ffd20f80000 - 0x00007ffd2102e000 	C:\Windows\System32\ADVAPI32.dll
0x00007ffd21030000 - 0x00007ffd210ce000 	C:\Windows\System32\msvcrt.dll
0x00007ffd20950000 - 0x00007ffd209ec000 	C:\Windows\System32\sechost.dll
0x00007ffd20bd0000 - 0x00007ffd20cf5000 	C:\Windows\System32\RPCRT4.dll
0x00007ffd20de0000 - 0x00007ffd20f7d000 	C:\Windows\System32\USER32.dll
0x00007ffd1f030000 - 0x00007ffd1f052000 	C:\Windows\System32\win32u.dll
0x00007ffd1f1e0000 - 0x00007ffd1f20b000 	C:\Windows\System32\GDI32.dll
0x00007ffd1ef20000 - 0x00007ffd1f02f000 	C:\Windows\System32\gdi32full.dll
0x00007ffd1f110000 - 0x00007ffd1f1ad000 	C:\Windows\System32\msvcp_win.dll
0x00007ffd06390000 - 0x00007ffd0662a000 	C:\Windows\WinSxS\amd64_microsoft.windows.common-controls_6595b64144ccf1df_6.0.19041.1110_none_60b5254171f9507e\COMCTL32.dll
0x00007ffd176c0000 - 0x00007ffd176ca000 	C:\Windows\SYSTEM32\VERSION.dll
0x00007ffd20d10000 - 0x00007ffd20d42000 	C:\Windows\System32\IMM32.DLL
0x00007ffccbd40000 - 0x00007ffccbddb000 	C:\Program Files\Java\jdk-11.0.16\bin\msvcp140.dll
0x00007ffcc9b60000 - 0x00007ffcca678000 	C:\Program Files\Java\jdk-11.0.16\bin\server\jvm.dll
0x00007ffd20d00000 - 0x00007ffd20d08000 	C:\Windows\System32\PSAPI.DLL
0x00007ffd01fc0000 - 0x00007ffd01fc9000 	C:\Windows\SYSTEM32\WSOCK32.dll
0x00007ffd1f6d0000 - 0x00007ffd1f73b000 	C:\Windows\System32\WS2_32.dll
0x00007ffd039d0000 - 0x00007ffd039f7000 	C:\Windows\SYSTEM32\WINMM.dll
0x00007ffd1c730000 - 0x00007ffd1c742000 	C:\Windows\SYSTEM32\kernel.appcore.dll
0x00007ffcfc110000 - 0x00007ffcfc120000 	C:\Program Files\Java\jdk-11.0.16\bin\verify.dll
0x00007ffd18d80000 - 0x00007ffd18f64000 	C:\Windows\SYSTEM32\DBGHELP.DLL
0x00007ffd18d50000 - 0x00007ffd18d7c000 	C:\Windows\SYSTEM32\dbgcore.DLL
0x00007ffd1ec70000 - 0x00007ffd1ecf2000 	C:\Windows\System32\bcryptPrimitives.dll
0x00007ffcccc70000 - 0x00007ffcccc98000 	C:\Program Files\Java\jdk-11.0.16\bin\java.dll
0x00007ffcfbdd0000 - 0x00007ffcfbdda000 	C:\Program Files\Java\jdk-11.0.16\bin\jimage.dll
0x00007ffcce300000 - 0x00007ffcce316000 	C:\Program Files\Java\jdk-11.0.16\bin\zip.dll
0x00007ffd1fd80000 - 0x00007ffd204c3000 	C:\Windows\System32\SHELL32.dll
0x00007ffd1c930000 - 0x00007ffd1d0c2000 	C:\Windows\SYSTEM32\windows.storage.dll
0x00007ffd1f750000 - 0x00007ffd1faa4000 	C:\Windows\System32\combase.dll
0x00007ffd1e130000 - 0x00007ffd1e160000 	C:\Windows\SYSTEM32\Wldp.dll
0x00007ffd209f0000 - 0x00007ffd20a9d000 	C:\Windows\System32\SHCORE.dll
0x00007ffd1fb90000 - 0x00007ffd1fbe5000 	C:\Windows\System32\shlwapi.dll
0x00007ffd1e7d0000 - 0x00007ffd1e7ef000 	C:\Windows\SYSTEM32\profapi.dll
0x00007ffcccc50000 - 0x00007ffcccc69000 	C:\Program Files\Java\jdk-11.0.16\bin\net.dll
0x00007ffd17320000 - 0x00007ffd1742c000 	C:\Windows\SYSTEM32\WINHTTP.dll
0x00007ffd1df10000 - 0x00007ffd1df7a000 	C:\Windows\system32\mswsock.dll
0x00007ffcccc30000 - 0x00007ffcccc42000 	C:\Program Files\Java\jdk-11.0.16\bin\nio.dll
0x0000000069ac0000 - 0x0000000069ae4000 	C:\Users\sfjbs\Downloads\micro service-20221021T071039Z-001\micro service\apache-maven-3.8.5-bin\apache-maven-3.8.5\lib\jansi-native\Windows\x86_64\jansi.dll
0x00007ffd1dcb0000 - 0x00007ffd1dd7a000 	C:\Windows\SYSTEM32\DNSAPI.dll
0x00007ffd1dc20000 - 0x00007ffd1dc5b000 	C:\Windows\SYSTEM32\IPHLPAPI.DLL
0x00007ffd1f740000 - 0x00007ffd1f748000 	C:\Windows\System32\NSI.dll
0x00007ffd16650000 - 0x00007ffd1665a000 	C:\Windows\System32\rasadhlp.dll
0x00007ffcd5430000 - 0x00007ffcd5455000 	C:\Program Files\Java\jdk-11.0.16\bin\sunec.dll
0x00007ffd1e170000 - 0x00007ffd1e188000 	C:\Windows\SYSTEM32\CRYPTSP.dll
0x00007ffd1d850000 - 0x00007ffd1d884000 	C:\Windows\system32\rsaenh.dll
0x00007ffd1f1b0000 - 0x00007ffd1f1d7000 	C:\Windows\System32\bcrypt.dll
0x00007ffd1e750000 - 0x00007ffd1e77e000 	C:\Windows\SYSTEM32\USERENV.dll
0x00007ffd1e0a0000 - 0x00007ffd1e0ac000 	C:\Windows\SYSTEM32\CRYPTBASE.dll
0x00007ffd192b0000 - 0x00007ffd192c7000 	C:\Windows\SYSTEM32\dhcpcsvc6.DLL
0x00007ffd19290000 - 0x00007ffd192ad000 	C:\Windows\SYSTEM32\dhcpcsvc.DLL
0x00007ffd17550000 - 0x00007ffd175d0000 	C:\Windows\System32\fwpuclnt.dll

dbghelp: loaded successfully - version: 4.0.5 - missing functions: none
symbol engine: initialized successfully - sym options: 0x614 - pdb path: .;C:\Program Files\Java\jdk-11.0.16\bin;C:\Windows\SYSTEM32;C:\Windows\WinSxS\amd64_microsoft.windows.common-controls_6595b64144ccf1df_6.0.19041.1110_none_60b5254171f9507e;C:\Program Files\Java\jdk-11.0.16\bin\server;C:\Users\sfjbs\Downloads\micro service-20221021T071039Z-001\micro service\apache-maven-3.8.5-bin\apache-maven-3.8.5\lib\jansi-native\Windows\x86_64

VM Arguments:
jvm_args: -Dclassworlds.conf=C:\Users\sfjbs\Downloads\micro service-20221021T071039Z-001\micro service\apache-maven-3.8.5-bin\apache-maven-3.8.5\bin\m2.conf -Dmaven.home=C:\Users\sfjbs\Downloads\micro service-20221021T071039Z-001\micro service\apache-maven-3.8.5-bin\apache-maven-3.8.5 -Dlibrary.jansi.path=C:\Users\sfjbs\Downloads\micro service-20221021T071039Z-001\micro service\apache-maven-3.8.5-bin\apache-maven-3.8.5\lib\jansi-native -Dmaven.multiModuleProjectDirectory=C:\Users\sfjbs\IdeaProjects\oct31training1\Manognya\miniproject\pension-management-system 
java_command: org.codehaus.plexus.classworlds.launcher.Launcher dockerfile:build
java_class_path (initial): C:\Users\sfjbs\Downloads\micro service-20221021T071039Z-001\micro service\apache-maven-3.8.5-bin\apache-maven-3.8.5\boot\plexus-classworlds-2.6.0.jar
Launcher Type: SUN_STANDARD

[Global flags]
     intx CICompilerCount                          = 2                                         {product} {ergonomic}
     uint ConcGCThreads                            = 1                                         {product} {ergonomic}
     uint G1ConcRefinementThreads                  = 2                                         {product} {ergonomic}
   size_t G1HeapRegionSize                         = 1048576                                   {product} {ergonomic}
    uintx GCDrainStackTargetSize                   = 64                                        {product} {ergonomic}
   size_t InitialHeapSize                          = 134217728                                 {product} {ergonomic}
   size_t MarkStackSize                            = 4194304                                   {product} {ergonomic}
   size_t MaxHeapSize                              = 2147483648                                {product} {ergonomic}
   size_t MaxNewSize                               = 1287651328                                {product} {ergonomic}
   size_t MinHeapDeltaBytes                        = 1048576                                   {product} {ergonomic}
    uintx NonNMethodCodeHeapSize                   = 5825164                                {pd product} {ergonomic}
    uintx NonProfiledCodeHeapSize                  = 122916538                              {pd product} {ergonomic}
    uintx ProfiledCodeHeapSize                     = 122916538                              {pd product} {ergonomic}
    uintx ReservedCodeCacheSize                    = 251658240                              {pd product} {ergonomic}
     bool SegmentedCodeCache                       = true                                      {product} {ergonomic}
     bool UseCompressedClassPointers               = true                                 {lp64_product} {ergonomic}
     bool UseCompressedOops                        = true                                 {lp64_product} {ergonomic}
     bool UseG1GC                                  = true                                      {product} {ergonomic}
     bool UseLargePagesIndividualAllocation        = false                                  {pd product} {ergonomic}

Logging:
Log output configuration:
 #0: stdout all=warning uptime,level,tags
 #1: stderr all=off uptime,level,tags

Environment Variables:
PATH=C:\Program Files\Common Files\Oracle\Java\javapath;C:\Windows\system32;C:\Windows;C:\Windows\System32\Wbem;C:\Windows\System32\WindowsPowerShell\v1.0\;C:\Windows\System32\OpenSSH\;C:\Users\sfjbs\Downloads\micro service-20221021T071039Z-001\micro service\apache-maven-3.8.5-bin\apache-maven-3.8.5\bin;C:\Users\sfjbs\Downloads\micro service-20221021T071039Z-001\micro service\apache-maven-3.8.5-bin\apache-maven-3.8.5\lib;C:\Program Files\Git\cmd;C:\Program Files\Docker\Docker\resources\bin;C:\Users\sfjbs\AppData\Local\Microsoft\WindowsApps;C:\Users\sfjbs\Downloads\micro service-20221021T071039Z-001\micro service\apache-maven-3.8.5-bin\apache-maven-3.8.5\bin;C:\Users\sfjbs\Downloads\micro service-20221021T071039Z-001\micro service\apache-maven-3.8.5-bin\apache-maven-3.8.5\lib;;C:\Program Files\JetBrains\IntelliJ IDEA Community Edition 2022.2.1\bin;
USERNAME=sfjbs
OS=Windows_NT
PROCESSOR_IDENTIFIER=Intel64 Family 6 Model 85 Stepping 7, GenuineIntel



---------------  S Y S T E M  ---------------

OS: Windows 10 , 64 bit Build 19041 (10.0.19041.2251)
Hyper-V role detected

CPU:total 2 (initial active 2) (1 cores per cpu, 2 threads per core) family 6 model 85 stepping 7 microcode 0xffffffff, cmov, cx8, fxsr, mmx, sse, sse2, sse3, ssse3, sse4.1, sse4.2, popcnt, avx, avx2, aes, clmul, erms, rtm, 3dnowpref, lzcnt, ht, tsc, bmi1, bmi2, adx, evex, fma

Memory: 4k page, system-wide physical 8190M (577M free)
TotalPageFile size 10238M (AvailPageFile size 8M)
current process WorkingSet (physical memory assigned to process): 191M, peak: 213M
current process commit charge ("private bytes"): 283M, peak: 308M

vm_info: Java HotSpot(TM) 64-Bit Server VM (11.0.16+11-LTS-199) for windows-amd64 JRE (11.0.16+11-LTS-199), built on Jun 28 2022 08:23:17 by "mach5one" with MS VC++ 15.9 (VS2017)

END.
