#
# There is insufficient memory for the Java Runtime Environment to continue.
# Native memory allocation (mmap) failed to map 49283072 bytes for Failed to commit area from 0x0000000089a00000 to 0x000000008c900000 of length 49283072.
# Possible reasons:
#   The system is out of physical RAM or swap space
#   The process is running with CompressedOops enabled, and the Java Heap may be blocking the growth of the native heap
# Possible solutions:
#   Reduce memory load on the system
#   Increase physical memory or swap space
#   Check if swap backing store is full
#   Decrease Java heap size (-Xmx/-Xms)
#   Decrease number of Java threads
#   Decrease Java thread stack sizes (-Xss)
#   Set larger code cache with -XX:ReservedCodeCacheSize=
#   JVM is running with Unscaled Compressed Oops mode in which the Java heap is
#     placed in the first 4GB address space. The Java Heap base address is the
#     maximum limit for the native heap growth. Please use -XX:HeapBaseMinAddress
#     to set the Java Heap base and to place the Java Heap above 4GB virtual address.
# This output file may be truncated or incomplete.
#
#  Out of Memory Error (./open/src/hotspot/os/windows/os_windows.cpp:3287), pid=10760, tid=9836
#
# JRE version: Java(TM) SE Runtime Environment 18.9 (11.0.16+11) (build 11.0.16+11-LTS-199)
# Java VM: Java HotSpot(TM) 64-Bit Server VM 18.9 (11.0.16+11-LTS-199, mixed mode, tiered, compressed oops, g1 gc, windows-amd64)
# No core dump will be written. Minidumps are not enabled by default on client versions of Windows
#

---------------  S U M M A R Y ------------

Command Line: -Dclassworlds.conf=C:\Users\sfjbs\Downloads\micro service-20221021T071039Z-001\micro service\apache-maven-3.8.5-bin\apache-maven-3.8.5\bin\m2.conf -Dmaven.home=C:\Users\sfjbs\Downloads\micro service-20221021T071039Z-001\micro service\apache-maven-3.8.5-bin\apache-maven-3.8.5 -Dlibrary.jansi.path=C:\Users\sfjbs\Downloads\micro service-20221021T071039Z-001\micro service\apache-maven-3.8.5-bin\apache-maven-3.8.5\lib\jansi-native -Dmaven.multiModuleProjectDirectory=C:\Users\sfjbs\IdeaProjects\oct31training1\Manognya\miniproject\pension-management-system org.codehaus.plexus.classworlds.launcher.Launcher clean install -DskipTests

Host: Intel(R) Xeon(R) Platinum 8272CL CPU @ 2.60GHz, 2 cores, 7G,  Windows 10 , 64 bit Build 19041 (10.0.19041.2251)
Time: Sun Nov 13 15:29:22 2022 Coordinated Universal Time elapsed time: 12.393058 seconds (0d 0h 0m 12s)

---------------  T H R E A D  ---------------

Current thread (0x00000213592f9800):  VMThread "VM Thread" [stack: 0x000000f1d1b00000,0x000000f1d1c00000] [id=9836]

Stack: [0x000000f1d1b00000,0x000000f1d1c00000]
[error occurred during error reporting (printing stack bounds), id 0xc0000005, EXCEPTION_ACCESS_VIOLATION (0xc0000005) at pc=0x0000021342ee10e7]

Native frames: (J=compiled Java code, j=interpreted, Vv=VM code, C=native code)
V  [jvm.dll+0x62a3ea]
V  [jvm.dll+0x76418f]
V  [jvm.dll+0x765839]
V  [jvm.dll+0x765e25]
V  [jvm.dll+0x765ddb]
V  [jvm.dll+0x6298d3]
V  [jvm.dll+0x629fe8]
C  [ntdll.dll+0xa241f]
C  [ntdll.dll+0x514a4]
C  [ntdll.dll+0xa0f4e]
C  0x0000021342ee10e7

VM_Operation (0x000000f1d15fd030): G1CollectForAllocation, mode: safepoint, requested by thread 0x000002133b826000


---------------  P R O C E S S  ---------------

Threads class SMR info:
_java_thread_list=0x000002135a583350, length=10, elements={
0x000002133b826000, 0x000002135930d000, 0x0000021359303800, 0x0000021359319000,
0x000002135931d000, 0x000002135931e800, 0x0000021359320800, 0x000002135932c800,
0x000002135932e000, 0x0000021359df2800
}

Java Threads: ( => current thread )
  0x000002133b826000 JavaThread "main" [_thread_blocked, id=9092, stack(0x000000f1d1500000,0x000000f1d1600000)]
  0x000002135930d000 JavaThread "Reference Handler" daemon [_thread_blocked, id=3228, stack(0x000000f1d1c00000,0x000000f1d1d00000)]
  0x0000021359303800 JavaThread "Finalizer" daemon [_thread_blocked, id=11916, stack(0x000000f1d1d00000,0x000000f1d1e00000)]
  0x0000021359319000 JavaThread "Signal Dispatcher" daemon [_thread_blocked, id=9772, stack(0x000000f1d1e00000,0x000000f1d1f00000)]
  0x000002135931d000 JavaThread "Attach Listener" daemon [_thread_blocked, id=12236, stack(0x000000f1d1f00000,0x000000f1d2000000)]
  0x000002135931e800 JavaThread "Service Thread" daemon [_thread_blocked, id=11552, stack(0x000000f1d2000000,0x000000f1d2100000)]
  0x0000021359320800 JavaThread "C2 CompilerThread0" daemon [_thread_blocked, id=6328, stack(0x000000f1d2100000,0x000000f1d2200000)]
  0x000002135932c800 JavaThread "C1 CompilerThread0" daemon [_thread_blocked, id=6960, stack(0x000000f1d2200000,0x000000f1d2300000)]
  0x000002135932e000 JavaThread "Sweeper thread" daemon [_thread_blocked, id=5096, stack(0x000000f1d2300000,0x000000f1d2400000)]
  0x0000021359df2800 JavaThread "Common-Cleaner" daemon [_thread_blocked, id=7220, stack(0x000000f1d2500000,0x000000f1d2600000)]

Other Threads:
=>0x00000213592f9800 VMThread "VM Thread" [stack: 0x000000f1d1b00000,0x000000f1d1c00000] [id=9836]
  0x0000021359dec000 WatcherThread [stack: 0x000000f1d2400000,0x000000f1d2500000] [id=10848]
  0x000002133b83b800 GCTaskThread "GC Thread#0" [stack: 0x000000f1d1600000,0x000000f1d1700000] [id=8688]
  0x000002135a49f000 GCTaskThread "GC Thread#1" [stack: 0x000000f1d2600000,0x000000f1d2700000] [id=8740]
  0x000002133b86b000 ConcurrentGCThread "G1 Main Marker" [stack: 0x000000f1d1700000,0x000000f1d1800000] [id=824]
  0x000002133b86d800 ConcurrentGCThread "G1 Conc#0" [stack: 0x000000f1d1800000,0x000000f1d1900000] [id=6200]
  0x000002133b8f6000 ConcurrentGCThread "G1 Refine#0" [stack: 0x000000f1d1900000,0x000000f1d1a00000] [id=5680]
  0x000002133b8f8800 ConcurrentGCThread "G1 Young RemSet Sampling" [stack: 0x000000f1d1a00000,0x000000f1d1b00000] [id=7600]

Threads with active compile tasks:
C2 CompilerThread0    12419 5648       4       java.lang.Class::reflectionData (43 bytes)

VM state:at safepoint (normal execution)

VM Mutex/Monitor currently owned by a thread:  ([mutex/lock_event])
[0x000002133b8234f0] Threads_lock - owner thread: 0x00000213592f9800
[0x000002133b821e70] Heap_lock - owner thread: 0x000002133b826000

Heap address: 0x0000000080000000, size: 2048 MB, Compressed Oops mode: 32-bit
Narrow klass base: 0x0000000000000000, Narrow klass shift: 3
Compressed class space size: 1073741824 Address: 0x0000000100000000

Heap:
 garbage-first heap   total 205824K, used 33153K [0x0000000080000000, 0x0000000100000000)
  region size 1024K, 5 young (5120K), 5 survivors (5120K)
 Metaspace       used 33325K, capacity 34064K, committed 34304K, reserved 1079296K
  class space    used 3481K, capacity 3768K, committed 3840K, reserved 1048576K
Heap Regions: E=young(eden), S=young(survivor), O=old, HS=humongous(starts), HC=humongous(continues), CS=collection set, F=free, A=archive, TAMS=top-at-mark-start (previous, next)
|   0|0x0000000080000000, 0x0000000080100000, 0x0000000080100000|100%| O|  |TAMS 0x0000000080100000, 0x0000000080000000| Untracked 
|   1|0x0000000080100000, 0x0000000080200000, 0x0000000080200000|100%| O|  |TAMS 0x0000000080200000, 0x0000000080100000| Untracked 
|   2|0x0000000080200000, 0x0000000080300000, 0x0000000080300000|100%| O|  |TAMS 0x00000000802ec200, 0x0000000080200000| Untracked 
|   3|0x0000000080300000, 0x0000000080400000, 0x0000000080400000|100%|HS|  |TAMS 0x0000000080300000, 0x0000000080300000| Complete 
|   4|0x0000000080400000, 0x0000000080500000, 0x0000000080500000|100%| O|  |TAMS 0x0000000080400000, 0x0000000080400000| Untracked 
|   5|0x0000000080500000, 0x0000000080600000, 0x0000000080600000|100%| O|  |TAMS 0x0000000080500000, 0x0000000080500000| Untracked 
|   6|0x0000000080600000, 0x0000000080700000, 0x0000000080700000|100%| O|  |TAMS 0x0000000080600000, 0x0000000080600000| Untracked 
|   7|0x0000000080700000, 0x0000000080800000, 0x0000000080800000|100%| O|  |TAMS 0x0000000080700000, 0x0000000080700000| Untracked 
|   8|0x0000000080800000, 0x0000000080900000, 0x0000000080900000|100%| O|  |TAMS 0x0000000080800000, 0x0000000080800000| Untracked 
|   9|0x0000000080900000, 0x0000000080a00000, 0x0000000080a00000|100%| O|  |TAMS 0x0000000080900000, 0x0000000080900000| Untracked 
|  10|0x0000000080a00000, 0x0000000080b00000, 0x0000000080b00000|100%| O|  |TAMS 0x0000000080a00000, 0x0000000080a00000| Untracked 
|  11|0x0000000080b00000, 0x0000000080c00000, 0x0000000080c00000|100%| O|  |TAMS 0x0000000080b00000, 0x0000000080b00000| Untracked 
|  12|0x0000000080c00000, 0x0000000080d00000, 0x0000000080d00000|100%| O|  |TAMS 0x0000000080c00000, 0x0000000080c00000| Untracked 
|  13|0x0000000080d00000, 0x0000000080e00000, 0x0000000080e00000|100%| O|  |TAMS 0x0000000080d00000, 0x0000000080d00000| Untracked 
|  14|0x0000000080e00000, 0x0000000080e00000, 0x0000000080f00000|  0%| F|  |TAMS 0x0000000080e00000, 0x0000000080e00000| Untracked 
|  15|0x0000000080f00000, 0x0000000081000000, 0x0000000081000000|100%|HS|  |TAMS 0x0000000080f00000, 0x0000000080f00000| Complete 
|  16|0x0000000081000000, 0x0000000081100000, 0x0000000081100000|100%| O|  |TAMS 0x0000000081000000, 0x0000000081000000| Untracked 
|  17|0x0000000081100000, 0x0000000081200000, 0x0000000081200000|100%| O|  |TAMS 0x0000000081100000, 0x0000000081100000| Untracked 
|  18|0x0000000081200000, 0x0000000081300000, 0x0000000081300000|100%| O|  |TAMS 0x0000000081200000, 0x0000000081200000| Untracked 
|  19|0x0000000081300000, 0x0000000081400000, 0x0000000081400000|100%| O|  |TAMS 0x0000000081300000, 0x0000000081300000| Untracked 
|  20|0x0000000081400000, 0x0000000081500000, 0x0000000081500000|100%| O|  |TAMS 0x0000000081400000, 0x0000000081400000| Untracked 
|  21|0x0000000081500000, 0x0000000081600000, 0x0000000081600000|100%| O|  |TAMS 0x0000000081500000, 0x0000000081500000| Untracked 
|  22|0x0000000081600000, 0x0000000081700000, 0x0000000081700000|100%| O|  |TAMS 0x0000000081600000, 0x0000000081600000| Untracked 
|  23|0x0000000081700000, 0x0000000081800000, 0x0000000081800000|100%| O|  |TAMS 0x0000000081700000, 0x0000000081700000| Untracked 
|  24|0x0000000081800000, 0x0000000081900000, 0x0000000081900000|100%| O|  |TAMS 0x0000000081800000, 0x0000000081800000| Untracked 
|  25|0x0000000081900000, 0x0000000081a00000, 0x0000000081a00000|100%| O|  |TAMS 0x0000000081900000, 0x0000000081900000| Untracked 
|  26|0x0000000081a00000, 0x0000000081b00000, 0x0000000081b00000|100%| O|  |TAMS 0x0000000081a00000, 0x0000000081a00000| Untracked 
|  27|0x0000000081b00000, 0x0000000081c00000, 0x0000000081c00000|100%| O|  |TAMS 0x0000000081b00000, 0x0000000081b00000| Untracked 
|  28|0x0000000081c00000, 0x0000000081cf1200, 0x0000000081d00000| 94%| O|  |TAMS 0x0000000081c00000, 0x0000000081c00000| Untracked 
|  29|0x0000000081d00000, 0x0000000081d00000, 0x0000000081e00000|  0%| F|  |TAMS 0x0000000081d00000, 0x0000000081d00000| Untracked 
|  30|0x0000000081e00000, 0x0000000081e00000, 0x0000000081f00000|  0%| F|  |TAMS 0x0000000081e00000, 0x0000000081e00000| Untracked 
|  31|0x0000000081f00000, 0x0000000081f00000, 0x0000000082000000|  0%| F|  |TAMS 0x0000000081f00000, 0x0000000081f00000| Untracked 
|  32|0x0000000082000000, 0x0000000082000000, 0x0000000082100000|  0%| F|  |TAMS 0x0000000082000000, 0x0000000082000000| Untracked 
|  33|0x0000000082100000, 0x0000000082100000, 0x0000000082200000|  0%| F|  |TAMS 0x0000000082100000, 0x0000000082100000| Untracked 
|  34|0x0000000082200000, 0x0000000082200000, 0x0000000082300000|  0%| F|  |TAMS 0x0000000082200000, 0x0000000082200000| Untracked 
|  35|0x0000000082300000, 0x0000000082300000, 0x0000000082400000|  0%| F|  |TAMS 0x0000000082300000, 0x0000000082300000| Untracked 
|  36|0x0000000082400000, 0x0000000082400000, 0x0000000082500000|  0%| F|  |TAMS 0x0000000082400000, 0x0000000082400000| Untracked 
|  37|0x0000000082500000, 0x0000000082500000, 0x0000000082600000|  0%| F|  |TAMS 0x0000000082500000, 0x0000000082500000| Untracked 
|  38|0x0000000082600000, 0x0000000082600000, 0x0000000082700000|  0%| F|  |TAMS 0x0000000082600000, 0x0000000082600000| Untracked 
|  39|0x0000000082700000, 0x0000000082700000, 0x0000000082800000|  0%| F|  |TAMS 0x0000000082700000, 0x0000000082700000| Untracked 
|  40|0x0000000082800000, 0x0000000082800000, 0x0000000082900000|  0%| F|  |TAMS 0x0000000082800000, 0x0000000082800000| Untracked 
|  41|0x0000000082900000, 0x0000000082900000, 0x0000000082a00000|  0%| F|  |TAMS 0x0000000082900000, 0x0000000082900000| Untracked 
|  42|0x0000000082a00000, 0x0000000082a00000, 0x0000000082b00000|  0%| F|  |TAMS 0x0000000082a00000, 0x0000000082a00000| Untracked 
|  43|0x0000000082b00000, 0x0000000082b00000, 0x0000000082c00000|  0%| F|  |TAMS 0x0000000082b00000, 0x0000000082b00000| Untracked 
|  44|0x0000000082c00000, 0x0000000082c00000, 0x0000000082d00000|  0%| F|  |TAMS 0x0000000082c00000, 0x0000000082c00000| Untracked 
|  45|0x0000000082d00000, 0x0000000082d00000, 0x0000000082e00000|  0%| F|  |TAMS 0x0000000082d00000, 0x0000000082d00000| Untracked 
|  46|0x0000000082e00000, 0x0000000082e00000, 0x0000000082f00000|  0%| F|  |TAMS 0x0000000082e00000, 0x0000000082e00000| Untracked 
|  47|0x0000000082f00000, 0x0000000082f00000, 0x0000000083000000|  0%| F|  |TAMS 0x0000000082f00000, 0x0000000082f00000| Untracked 
|  48|0x0000000083000000, 0x0000000083000000, 0x0000000083100000|  0%| F|  |TAMS 0x0000000083000000, 0x0000000083000000| Untracked 
|  49|0x0000000083100000, 0x0000000083100000, 0x0000000083200000|  0%| F|  |TAMS 0x0000000083100000, 0x0000000083100000| Untracked 
|  50|0x0000000083200000, 0x0000000083200000, 0x0000000083300000|  0%| F|  |TAMS 0x0000000083200000, 0x0000000083200000| Untracked 
|  51|0x0000000083300000, 0x0000000083300000, 0x0000000083400000|  0%| F|  |TAMS 0x0000000083300000, 0x0000000083300000| Untracked 
|  52|0x0000000083400000, 0x0000000083400000, 0x0000000083500000|  0%| F|  |TAMS 0x0000000083400000, 0x0000000083400000| Untracked 
|  53|0x0000000083500000, 0x0000000083500000, 0x0000000083600000|  0%| F|  |TAMS 0x0000000083500000, 0x0000000083500000| Untracked 
|  54|0x0000000083600000, 0x0000000083600000, 0x0000000083700000|  0%| F|  |TAMS 0x0000000083600000, 0x0000000083600000| Untracked 
|  55|0x0000000083700000, 0x0000000083700000, 0x0000000083800000|  0%| F|  |TAMS 0x0000000083700000, 0x0000000083700000| Untracked 
|  56|0x0000000083800000, 0x0000000083800000, 0x0000000083900000|  0%| F|  |TAMS 0x0000000083800000, 0x0000000083800000| Untracked 
|  57|0x0000000083900000, 0x0000000083900000, 0x0000000083a00000|  0%| F|  |TAMS 0x0000000083900000, 0x0000000083900000| Untracked 
|  58|0x0000000083a00000, 0x0000000083a00000, 0x0000000083b00000|  0%| F|  |TAMS 0x0000000083a00000, 0x0000000083a00000| Untracked 
|  59|0x0000000083b00000, 0x0000000083b00000, 0x0000000083c00000|  0%| F|  |TAMS 0x0000000083b00000, 0x0000000083b00000| Untracked 
|  60|0x0000000083c00000, 0x0000000083c00000, 0x0000000083d00000|  0%| F|  |TAMS 0x0000000083c00000, 0x0000000083c00000| Untracked 
|  61|0x0000000083d00000, 0x0000000083d00000, 0x0000000083e00000|  0%| F|  |TAMS 0x0000000083d00000, 0x0000000083d00000| Untracked 
|  62|0x0000000083e00000, 0x0000000083e00000, 0x0000000083f00000|  0%| F|  |TAMS 0x0000000083e00000, 0x0000000083e00000| Untracked 
|  63|0x0000000083f00000, 0x0000000083f00000, 0x0000000084000000|  0%| F|  |TAMS 0x0000000083f00000, 0x0000000083f00000| Untracked 
|  64|0x0000000084000000, 0x0000000084000000, 0x0000000084100000|  0%| F|  |TAMS 0x0000000084000000, 0x0000000084000000| Untracked 
|  65|0x0000000084100000, 0x0000000084100000, 0x0000000084200000|  0%| F|  |TAMS 0x0000000084100000, 0x0000000084100000| Untracked 
|  66|0x0000000084200000, 0x0000000084200000, 0x0000000084300000|  0%| F|  |TAMS 0x0000000084200000, 0x0000000084200000| Untracked 
|  67|0x0000000084300000, 0x0000000084300000, 0x0000000084400000|  0%| F|  |TAMS 0x0000000084300000, 0x0000000084300000| Untracked 
|  68|0x0000000084400000, 0x0000000084400000, 0x0000000084500000|  0%| F|  |TAMS 0x0000000084400000, 0x0000000084400000| Untracked 
|  69|0x0000000084500000, 0x0000000084500000, 0x0000000084600000|  0%| F|  |TAMS 0x0000000084500000, 0x0000000084500000| Untracked 
|  70|0x0000000084600000, 0x0000000084600000, 0x0000000084700000|  0%| F|  |TAMS 0x0000000084600000, 0x0000000084600000| Untracked 
|  71|0x0000000084700000, 0x0000000084700000, 0x0000000084800000|  0%| F|  |TAMS 0x0000000084700000, 0x0000000084700000| Untracked 
|  72|0x0000000084800000, 0x0000000084800000, 0x0000000084900000|  0%| F|  |TAMS 0x0000000084800000, 0x0000000084800000| Untracked 
|  73|0x0000000084900000, 0x0000000084900000, 0x0000000084a00000|  0%| F|  |TAMS 0x0000000084900000, 0x0000000084900000| Untracked 
|  74|0x0000000084a00000, 0x0000000084a00000, 0x0000000084b00000|  0%| F|  |TAMS 0x0000000084a00000, 0x0000000084a00000| Untracked 
|  75|0x0000000084b00000, 0x0000000084b00000, 0x0000000084c00000|  0%| F|  |TAMS 0x0000000084b00000, 0x0000000084b00000| Untracked 
|  76|0x0000000084c00000, 0x0000000084c00000, 0x0000000084d00000|  0%| F|  |TAMS 0x0000000084c00000, 0x0000000084c00000| Untracked 
|  77|0x0000000084d00000, 0x0000000084d00000, 0x0000000084e00000|  0%| F|  |TAMS 0x0000000084d00000, 0x0000000084d00000| Untracked 
|  78|0x0000000084e00000, 0x0000000084e6f510, 0x0000000084f00000| 43%| S|CS|TAMS 0x0000000084e00000, 0x0000000084e00000| Complete 
|  79|0x0000000084f00000, 0x0000000085000000, 0x0000000085000000|100%| S|CS|TAMS 0x0000000084f00000, 0x0000000084f00000| Complete 
|  80|0x0000000085000000, 0x0000000085000000, 0x0000000085100000|  0%| F|  |TAMS 0x0000000085000000, 0x0000000085000000| Untracked 
|  81|0x0000000085100000, 0x0000000085100000, 0x0000000085200000|  0%| F|  |TAMS 0x0000000085100000, 0x0000000085100000| Untracked 
|  82|0x0000000085200000, 0x0000000085200000, 0x0000000085300000|  0%| F|  |TAMS 0x0000000085200000, 0x0000000085200000| Untracked 
|  83|0x0000000085300000, 0x0000000085400000, 0x0000000085400000|100%| S|CS|TAMS 0x0000000085300000, 0x0000000085300000| Complete 
|  84|0x0000000085400000, 0x0000000085500000, 0x0000000085500000|100%| S|CS|TAMS 0x0000000085400000, 0x0000000085400000| Complete 
|  85|0x0000000085500000, 0x0000000085600000, 0x0000000085600000|100%| S|CS|TAMS 0x0000000085500000, 0x0000000085500000| Complete 
|  86|0x0000000085600000, 0x0000000085600000, 0x0000000085700000|  0%| F|  |TAMS 0x0000000085600000, 0x0000000085600000| Untracked 
|  87|0x0000000085700000, 0x0000000085700000, 0x0000000085800000|  0%| F|  |TAMS 0x0000000085700000, 0x0000000085700000| Untracked 
|  88|0x0000000085800000, 0x0000000085800000, 0x0000000085900000|  0%| F|  |TAMS 0x0000000085800000, 0x0000000085800000| Untracked 
|  89|0x0000000085900000, 0x0000000085900000, 0x0000000085a00000|  0%| F|  |TAMS 0x0000000085900000, 0x0000000085900000| Untracked 
|  90|0x0000000085a00000, 0x0000000085a00000, 0x0000000085b00000|  0%| F|  |TAMS 0x0000000085a00000, 0x0000000085a00000| Untracked 
|  91|0x0000000085b00000, 0x0000000085b00000, 0x0000000085c00000|  0%| F|  |TAMS 0x0000000085b00000, 0x0000000085b00000| Untracked 
|  92|0x0000000085c00000, 0x0000000085c00000, 0x0000000085d00000|  0%| F|  |TAMS 0x0000000085c00000, 0x0000000085c00000| Untracked 
|  93|0x0000000085d00000, 0x0000000085d00000, 0x0000000085e00000|  0%| F|  |TAMS 0x0000000085d00000, 0x0000000085d00000| Untracked 
|  94|0x0000000085e00000, 0x0000000085e00000, 0x0000000085f00000|  0%| F|  |TAMS 0x0000000085e00000, 0x0000000085e00000| Untracked 
|  95|0x0000000085f00000, 0x0000000085f00000, 0x0000000086000000|  0%| F|  |TAMS 0x0000000085f00000, 0x0000000085f00000| Untracked 
|  96|0x0000000086000000, 0x0000000086000000, 0x0000000086100000|  0%| F|  |TAMS 0x0000000086000000, 0x0000000086000000| Untracked 
|  97|0x0000000086100000, 0x0000000086100000, 0x0000000086200000|  0%| F|  |TAMS 0x0000000086100000, 0x0000000086100000| Untracked 
|  98|0x0000000086200000, 0x0000000086200000, 0x0000000086300000|  0%| F|  |TAMS 0x0000000086200000, 0x0000000086200000| Untracked 
|  99|0x0000000086300000, 0x0000000086300000, 0x0000000086400000|  0%| F|  |TAMS 0x0000000086300000, 0x0000000086300000| Untracked 
| 100|0x0000000086400000, 0x0000000086400000, 0x0000000086500000|  0%| F|  |TAMS 0x0000000086400000, 0x0000000086400000| Untracked 
| 101|0x0000000086500000, 0x0000000086500000, 0x0000000086600000|  0%| F|  |TAMS 0x0000000086500000, 0x0000000086500000| Untracked 
| 102|0x0000000086600000, 0x0000000086600000, 0x0000000086700000|  0%| F|  |TAMS 0x0000000086600000, 0x0000000086600000| Untracked 
| 103|0x0000000086700000, 0x0000000086700000, 0x0000000086800000|  0%| F|  |TAMS 0x0000000086700000, 0x0000000086700000| Untracked 
| 104|0x0000000086800000, 0x0000000086800000, 0x0000000086900000|  0%| F|  |TAMS 0x0000000086800000, 0x0000000086800000| Untracked 
| 105|0x0000000086900000, 0x0000000086900000, 0x0000000086a00000|  0%| F|  |TAMS 0x0000000086900000, 0x0000000086900000| Untracked 
| 106|0x0000000086a00000, 0x0000000086a00000, 0x0000000086b00000|  0%| F|  |TAMS 0x0000000086a00000, 0x0000000086a00000| Untracked 
| 107|0x0000000086b00000, 0x0000000086b00000, 0x0000000086c00000|  0%| F|  |TAMS 0x0000000086b00000, 0x0000000086b00000| Untracked 
| 108|0x0000000086c00000, 0x0000000086c00000, 0x0000000086d00000|  0%| F|  |TAMS 0x0000000086c00000, 0x0000000086c00000| Untracked 
| 109|0x0000000086d00000, 0x0000000086d00000, 0x0000000086e00000|  0%| F|  |TAMS 0x0000000086d00000, 0x0000000086d00000| Untracked 
| 110|0x0000000086e00000, 0x0000000086e00000, 0x0000000086f00000|  0%| F|  |TAMS 0x0000000086e00000, 0x0000000086e00000| Untracked 
| 111|0x0000000086f00000, 0x0000000086f00000, 0x0000000087000000|  0%| F|  |TAMS 0x0000000086f00000, 0x0000000086f00000| Untracked 
| 112|0x0000000087000000, 0x0000000087000000, 0x0000000087100000|  0%| F|  |TAMS 0x0000000087000000, 0x0000000087000000| Untracked 
| 113|0x0000000087100000, 0x0000000087100000, 0x0000000087200000|  0%| F|  |TAMS 0x0000000087100000, 0x0000000087100000| Untracked 
| 114|0x0000000087200000, 0x0000000087200000, 0x0000000087300000|  0%| F|  |TAMS 0x0000000087200000, 0x0000000087200000| Untracked 
| 115|0x0000000087300000, 0x0000000087300000, 0x0000000087400000|  0%| F|  |TAMS 0x0000000087300000, 0x0000000087300000| Untracked 
| 116|0x0000000087400000, 0x0000000087400000, 0x0000000087500000|  0%| F|  |TAMS 0x0000000087400000, 0x0000000087400000| Untracked 
| 117|0x0000000087500000, 0x0000000087500000, 0x0000000087600000|  0%| F|  |TAMS 0x0000000087500000, 0x0000000087500000| Untracked 
| 118|0x0000000087600000, 0x0000000087600000, 0x0000000087700000|  0%| F|  |TAMS 0x0000000087600000, 0x0000000087600000| Untracked 
| 119|0x0000000087700000, 0x0000000087700000, 0x0000000087800000|  0%| F|  |TAMS 0x0000000087700000, 0x0000000087700000| Untracked 
| 120|0x0000000087800000, 0x0000000087800000, 0x0000000087900000|  0%| F|  |TAMS 0x0000000087800000, 0x0000000087800000| Untracked 
| 121|0x0000000087900000, 0x0000000087900000, 0x0000000087a00000|  0%| F|  |TAMS 0x0000000087900000, 0x0000000087900000| Untracked 
| 122|0x0000000087a00000, 0x0000000087a00000, 0x0000000087b00000|  0%| F|  |TAMS 0x0000000087a00000, 0x0000000087a00000| Untracked 
| 123|0x0000000087b00000, 0x0000000087b00000, 0x0000000087c00000|  0%| F|  |TAMS 0x0000000087b00000, 0x0000000087b00000| Untracked 
| 124|0x0000000087c00000, 0x0000000087c00000, 0x0000000087d00000|  0%| F|  |TAMS 0x0000000087c00000, 0x0000000087c00000| Untracked 
| 125|0x0000000087d00000, 0x0000000087d00000, 0x0000000087e00000|  0%| F|  |TAMS 0x0000000087d00000, 0x0000000087d00000| Untracked 
| 126|0x0000000087e00000, 0x0000000087e00000, 0x0000000087f00000|  0%| F|  |TAMS 0x0000000087e00000, 0x0000000087e00000| Untracked 
| 127|0x0000000087f00000, 0x0000000087f00000, 0x0000000088000000|  0%| F|  |TAMS 0x0000000087f00000, 0x0000000087f00000| Untracked 
| 128|0x0000000088000000, 0x0000000088000000, 0x0000000088100000|  0%| F|  |TAMS 0x0000000088000000, 0x0000000088000000| Untracked 
| 129|0x0000000088100000, 0x0000000088100000, 0x0000000088200000|  0%| F|  |TAMS 0x0000000088100000, 0x0000000088100000| Untracked 
| 130|0x0000000088200000, 0x0000000088200000, 0x0000000088300000|  0%| F|  |TAMS 0x0000000088200000, 0x0000000088200000| Untracked 
| 131|0x0000000088300000, 0x0000000088300000, 0x0000000088400000|  0%| F|  |TAMS 0x0000000088300000, 0x0000000088300000| Untracked 
| 132|0x0000000088400000, 0x0000000088400000, 0x0000000088500000|  0%| F|  |TAMS 0x0000000088400000, 0x0000000088400000| Untracked 
| 133|0x0000000088500000, 0x0000000088500000, 0x0000000088600000|  0%| F|  |TAMS 0x0000000088500000, 0x0000000088500000| Untracked 
| 134|0x0000000088600000, 0x0000000088600000, 0x0000000088700000|  0%| F|  |TAMS 0x0000000088600000, 0x0000000088600000| Untracked 
| 135|0x0000000088700000, 0x0000000088700000, 0x0000000088800000|  0%| F|  |TAMS 0x0000000088700000, 0x0000000088700000| Untracked 
| 136|0x0000000088800000, 0x0000000088800000, 0x0000000088900000|  0%| F|  |TAMS 0x0000000088800000, 0x0000000088800000| Untracked 
| 137|0x0000000088900000, 0x0000000088900000, 0x0000000088a00000|  0%| F|  |TAMS 0x0000000088900000, 0x0000000088900000| Untracked 
| 138|0x0000000088a00000, 0x0000000088a00000, 0x0000000088b00000|  0%| F|  |TAMS 0x0000000088a00000, 0x0000000088a00000| Untracked 
| 139|0x0000000088b00000, 0x0000000088b00000, 0x0000000088c00000|  0%| F|  |TAMS 0x0000000088b00000, 0x0000000088b00000| Untracked 
| 140|0x0000000088c00000, 0x0000000088c00000, 0x0000000088d00000|  0%| F|  |TAMS 0x0000000088c00000, 0x0000000088c00000| Untracked 
| 141|0x0000000088d00000, 0x0000000088d00000, 0x0000000088e00000|  0%| F|  |TAMS 0x0000000088d00000, 0x0000000088d00000| Untracked 
| 142|0x0000000088e00000, 0x0000000088e00000, 0x0000000088f00000|  0%| F|  |TAMS 0x0000000088e00000, 0x0000000088e00000| Untracked 
| 143|0x0000000088f00000, 0x0000000088f00000, 0x0000000089000000|  0%| F|  |TAMS 0x0000000088f00000, 0x0000000088f00000| Untracked 
| 144|0x0000000089000000, 0x0000000089000000, 0x0000000089100000|  0%| F|  |TAMS 0x0000000089000000, 0x0000000089000000| Untracked 
| 145|0x0000000089100000, 0x0000000089100000, 0x0000000089200000|  0%| F|  |TAMS 0x0000000089100000, 0x0000000089100000| Untracked 
| 146|0x0000000089200000, 0x0000000089200000, 0x0000000089300000|  0%| F|  |TAMS 0x0000000089200000, 0x0000000089200000| Untracked 
| 147|0x0000000089300000, 0x0000000089300000, 0x0000000089400000|  0%| F|  |TAMS 0x0000000089300000, 0x0000000089300000| Untracked 
| 148|0x0000000089400000, 0x0000000089400000, 0x0000000089500000|  0%| F|  |TAMS 0x0000000089400000, 0x0000000089400000| Untracked 
| 149|0x0000000089500000, 0x0000000089500000, 0x0000000089600000|  0%| F|  |TAMS 0x0000000089500000, 0x0000000089500000| Untracked 
| 150|0x0000000089600000, 0x0000000089600000, 0x0000000089700000|  0%| F|  |TAMS 0x0000000089600000, 0x0000000089600000| Untracked 
| 151|0x0000000089700000, 0x0000000089700000, 0x0000000089800000|  0%| F|  |TAMS 0x0000000089700000, 0x0000000089700000| Untracked 
| 152|0x0000000089800000, 0x0000000089800000, 0x0000000089900000|  0%| F|  |TAMS 0x0000000089800000, 0x0000000089800000| Untracked 
| 153|0x0000000089900000, 0x0000000089900000, 0x0000000089a00000|  0%| F|  |TAMS 0x0000000089900000, 0x0000000089900000| Untracked 

Card table byte_map: [0x00000213526e0000,0x0000021352ae0000] _byte_map_base: 0x00000213522e0000

Marking Bits (Prev, Next): (CMBitMap*) 0x000002133b8625c0, (CMBitMap*) 0x000002133b862588
 Prev Bits: [0x0000021354ee0000, 0x0000021356ee0000)
 Next Bits: [0x0000021352ee0000, 0x0000021354ee0000)

Polling page: 0x0000021339f20000

Metaspace:

Usage:
  Non-class:     29.59 MB capacity,    29.14 MB ( 99%) used,   394.85 KB (  1%) free+waste,    57.31 KB ( <1%) overhead. 
      Class:      3.68 MB capacity,     3.40 MB ( 92%) used,   260.98 KB (  7%) free+waste,    25.25 KB ( <1%) overhead. 
       Both:     33.27 MB capacity,    32.54 MB ( 98%) used,   655.84 KB (  2%) free+waste,    82.56 KB ( <1%) overhead. 

Virtual space:
  Non-class space:       30.00 MB reserved,      29.75 MB (>99%) committed 
      Class space:        1.00 GB reserved,       3.75 MB ( <1%) committed 
             Both:        1.03 GB reserved,      33.50 MB (  3%) committed 

Chunk freelists:
   Non-Class:  5.00 KB
       Class:  1.00 KB
        Both:  6.00 KB

CodeHeap 'non-profiled nmethods': size=120064Kb used=2747Kb max_used=2747Kb free=117316Kb
 bounds [0x000002134a9a0000, 0x000002134ac50000, 0x0000021351ee0000]
CodeHeap 'profiled nmethods': size=120000Kb used=12840Kb max_used=12840Kb free=107159Kb
 bounds [0x0000021343470000, 0x0000021344100000, 0x000002134a9a0000]
CodeHeap 'non-nmethods': size=5696Kb used=1162Kb max_used=1206Kb free=4533Kb
 bounds [0x0000021342ee0000, 0x0000021343150000, 0x0000021343470000]
 total_blobs=6120 nmethods=5630 adapters=401
 compilation: enabled
              stopped_count=0, restarted_count=0
 full_count=0

Compilation events (10 events):
Event: 12.359 Thread 0x0000021359320800 5648       4       java.lang.Class::reflectionData (43 bytes)
Event: 12.360 Thread 0x000002135932c800 nmethod 5647 0x00000213440f4290 code [0x00000213440f4540, 0x00000213440f5558]
Event: 12.360 Thread 0x000002135932c800 5649       3       com.google.inject.Key::strategyFor (51 bytes)
Event: 12.362 Thread 0x000002135932c800 nmethod 5649 0x00000213440f5990 code [0x00000213440f5e40, 0x00000213440f84f8]
Event: 12.365 Thread 0x000002135932c800 5650       3       org.eclipse.sisu.space.Streams::open (26 bytes)
Event: 12.365 Thread 0x000002135932c800 nmethod 5650 0x00000213440f9210 code [0x00000213440f93e0, 0x00000213440f9788]
Event: 12.365 Thread 0x000002135932c800 5651       3       sun.net.www.protocol.jar.JarURLConnection::setUseCaches (9 bytes)
Event: 12.365 Thread 0x000002135932c800 nmethod 5651 0x00000213440f9910 code [0x00000213440f9ac0, 0x00000213440f9c88]
Event: 12.365 Thread 0x000002135932c800 5652       3       java.util.zip.ZipFile$CleanableResource$FinalizableResource::clean (5 bytes)
Event: 12.365 Thread 0x000002135932c800 nmethod 5652 0x00000213440f9d90 code [0x00000213440f9f40, 0x00000213440fa0e8]

GC Heap History (10 events):
Event: 1.779 GC heap after
{Heap after GC invocations=4 (full 0):
 garbage-first heap   total 131072K, used 4280K [0x0000000080000000, 0x0000000100000000)
  region size 1024K, 3 young (3072K), 3 survivors (3072K)
 Metaspace       used 14492K, capacity 14713K, committed 14976K, reserved 1062912K
  class space    used 1514K, capacity 1583K, committed 1664K, reserved 1048576K
}
Event: 3.063 GC heap before
{Heap before GC invocations=4 (full 0):
 garbage-first heap   total 131072K, used 32952K [0x0000000080000000, 0x0000000100000000)
  region size 1024K, 31 young (31744K), 3 survivors (3072K)
 Metaspace       used 19675K, capacity 19998K, committed 20224K, reserved 1067008K
  class space    used 2115K, capacity 2244K, committed 2304K, reserved 1048576K
}
Event: 3.078 GC heap after
{Heap after GC invocations=5 (full 0):
 garbage-first heap   total 157696K, used 6808K [0x0000000080000000, 0x0000000100000000)
  region size 1024K, 4 young (4096K), 4 survivors (4096K)
 Metaspace       used 19675K, capacity 19998K, committed 20224K, reserved 1067008K
  class space    used 2115K, capacity 2244K, committed 2304K, reserved 1048576K
}
Event: 4.884 GC heap before
{Heap before GC invocations=5 (full 0):
 garbage-first heap   total 157696K, used 65176K [0x0000000080000000, 0x0000000100000000)
  region size 1024K, 62 young (63488K), 4 survivors (4096K)
 Metaspace       used 20898K, capacity 21212K, committed 21248K, reserved 1069056K
  class space    used 2168K, capacity 2285K, committed 2304K, reserved 1048576K
}
Event: 4.908 GC heap after
{Heap after GC invocations=6 (full 0):
 garbage-first heap   total 157696K, used 11821K [0x0000000080000000, 0x0000000100000000)
  region size 1024K, 9 young (9216K), 9 survivors (9216K)
 Metaspace       used 20898K, capacity 21212K, committed 21248K, reserved 1069056K
  class space    used 2168K, capacity 2285K, committed 2304K, reserved 1048576K
}
Event: 8.364 GC heap before
{Heap before GC invocations=7 (full 0):
 garbage-first heap   total 157696K, used 80429K [0x0000000080000000, 0x0000000100000000)
  region size 1024K, 74 young (75776K), 9 survivors (9216K)
 Metaspace       used 30527K, capacity 31087K, committed 31232K, reserved 1077248K
  class space    used 3235K, capacity 3461K, committed 3584K, reserved 1048576K
}
Event: 8.412 GC heap after
{Heap after GC invocations=8 (full 0):
 garbage-first heap   total 157696K, used 22366K [0x0000000080000000, 0x0000000100000000)
  region size 1024K, 10 young (10240K), 10 survivors (10240K)
 Metaspace       used 30527K, capacity 31087K, committed 31232K, reserved 1077248K
  class space    used 3235K, capacity 3461K, committed 3584K, reserved 1048576K
}
Event: 10.936 GC heap before
{Heap before GC invocations=8 (full 0):
 garbage-first heap   total 157696K, used 98142K [0x0000000080000000, 0x0000000100000000)
  region size 1024K, 81 young (82944K), 10 survivors (10240K)
 Metaspace       used 32239K, capacity 32851K, committed 33152K, reserved 1079296K
  class space    used 3410K, capacity 3622K, committed 3712K, reserved 1048576K
}
Event: 10.970 GC heap after
{Heap after GC invocations=9 (full 0):
 garbage-first heap   total 157696K, used 36352K [0x0000000080000000, 0x0000000100000000)
  region size 1024K, 11 young (11264K), 11 survivors (11264K)
 Metaspace       used 32239K, capacity 32851K, committed 33152K, reserved 1079296K
  class space    used 3410K, capacity 3622K, committed 3712K, reserved 1048576K
}
Event: 12.369 GC heap before
{Heap before GC invocations=9 (full 0):
 garbage-first heap   total 157696K, used 105984K [0x0000000080000000, 0x0000000100000000)
  region size 1024K, 79 young (80896K), 11 survivors (11264K)
 Metaspace       used 33325K, capacity 34064K, committed 34304K, reserved 1079296K
  class space    used 3481K, capacity 3768K, committed 3840K, reserved 1048576K
}

Deoptimization events (10 events):
Event: 11.775 Thread 0x000002133b826000 Uncommon trap: reason=unstable_if action=reinterpret pc=0x000002134aa59294 method=com.google.inject.internal.MoreTypes.canonicalize(Ljava/lang/reflect/Type;)Ljava/lang/reflect/Type; @ 16 c2
Event: 11.775 Thread 0x000002133b826000 Uncommon trap: reason=class_check action=maybe_recompile pc=0x000002134aa52e98 method=com.google.inject.internal.MoreTypes.getRawType(Ljava/lang/reflect/Type;)Ljava/lang/Class; @ 13 c2
Event: 11.775 Thread 0x000002133b826000 Uncommon trap: reason=class_check action=maybe_recompile pc=0x000002134aa52e98 method=com.google.inject.internal.MoreTypes.getRawType(Ljava/lang/reflect/Type;)Ljava/lang/Class; @ 13 c2
Event: 11.800 Thread 0x000002133b826000 Uncommon trap: reason=class_check action=maybe_recompile pc=0x000002134aa52e98 method=com.google.inject.internal.MoreTypes.getRawType(Ljava/lang/reflect/Type;)Ljava/lang/Class; @ 13 c2
Event: 11.897 Thread 0x000002135a31b800 Uncommon trap: reason=unstable_if action=reinterpret pc=0x000002134ab81568 method=jdk.internal.org.objectweb.asm.Type.getArgumentsAndReturnSizes(Ljava/lang/String;)I @ 136 c2
Event: 12.156 Thread 0x000002133b826000 Uncommon trap: reason=profile_predicate action=maybe_recompile pc=0x000002134ab344e4 method=sun.nio.cs.ISO_8859_1$Decoder.decodeArrayLoop(Ljava/nio/ByteBuffer;Ljava/nio/CharBuffer;)Ljava/nio/charset/CoderResult; @ 133 c2
Event: 12.156 Thread 0x000002133b826000 Uncommon trap: reason=profile_predicate action=maybe_recompile pc=0x000002134ab344e4 method=sun.nio.cs.ISO_8859_1$Decoder.decodeArrayLoop(Ljava/nio/ByteBuffer;Ljava/nio/CharBuffer;)Ljava/nio/charset/CoderResult; @ 133 c2
Event: 12.156 Thread 0x000002133b826000 Uncommon trap: reason=profile_predicate action=maybe_recompile pc=0x000002134ab344e4 method=sun.nio.cs.ISO_8859_1$Decoder.decodeArrayLoop(Ljava/nio/ByteBuffer;Ljava/nio/CharBuffer;)Ljava/nio/charset/CoderResult; @ 133 c2
Event: 12.156 Thread 0x000002133b826000 Uncommon trap: reason=profile_predicate action=maybe_recompile pc=0x000002134ab344e4 method=sun.nio.cs.ISO_8859_1$Decoder.decodeArrayLoop(Ljava/nio/ByteBuffer;Ljava/nio/CharBuffer;)Ljava/nio/charset/CoderResult; @ 133 c2
Event: 12.251 Thread 0x000002133b826000 Uncommon trap: reason=profile_predicate action=maybe_recompile pc=0x000002134ac258e0 method=java.util.concurrent.ConcurrentHashMap.putAll(Ljava/util/Map;)V @ 28 c2

Classes redefined (0 events):
No events

Internal exceptions (10 events):
Event: 11.138 Thread 0x000002133b826000 Exception <a 'sun/nio/fs/WindowsException'{0x0000000088fb8fd0}> (0x0000000088fb8fd0) thrown at [./open/src/hotspot/share/prims/jni.cpp, line 611]
Event: 11.138 Thread 0x000002133b826000 Exception <a 'sun/nio/fs/WindowsException'{0x0000000088fb9590}> (0x0000000088fb9590) thrown at [./open/src/hotspot/share/prims/jni.cpp, line 611]
Event: 11.138 Thread 0x000002133b826000 Exception <a 'sun/nio/fs/WindowsException'{0x0000000088fb9d48}> (0x0000000088fb9d48) thrown at [./open/src/hotspot/share/prims/jni.cpp, line 611]
Event: 11.138 Thread 0x000002133b826000 Exception <a 'sun/nio/fs/WindowsException'{0x0000000088fba158}> (0x0000000088fba158) thrown at [./open/src/hotspot/share/prims/jni.cpp, line 611]
Event: 11.139 Thread 0x000002133b826000 Exception <a 'sun/nio/fs/WindowsException'{0x0000000088fbae78}> (0x0000000088fbae78) thrown at [./open/src/hotspot/share/prims/jni.cpp, line 611]
Event: 11.139 Thread 0x000002133b826000 Exception <a 'sun/nio/fs/WindowsException'{0x0000000088fbb258}> (0x0000000088fbb258) thrown at [./open/src/hotspot/share/prims/jni.cpp, line 611]
Event: 11.139 Thread 0x000002133b826000 Exception <a 'sun/nio/fs/WindowsException'{0x0000000088fbbf68}> (0x0000000088fbbf68) thrown at [./open/src/hotspot/share/prims/jni.cpp, line 611]
Event: 11.812 Thread 0x000002133b826000 Exception <a 'java/lang/NoSuchMethodError'{0x00000000876068a8}: org.apache.maven.execution.MavenExecutionRequest.getFailureBehavior()Ljava/lang/String;> (0x00000000876068a8) thrown at [./open/src/hotspot/share/interpreter/linkResolver.cpp, line 864]
Event: 11.898 Thread 0x000002135a31b800 Exception <a 'java/lang/NoSuchMethodError'{0x00000000874480e0}: java.lang.invoke.DirectMethodHandle$Holder.invokeStaticInit(Ljava/lang/Object;Ljava/lang/Object;JLjava/lang/Object;)Ljava/lang/Object;> (0x00000000874480e0) thrown at [./open/src/hotspot/shar
Event: 11.901 Thread 0x000002135a31b800 Exception <a 'java/lang/NoSuchMethodError'{0x0000000087454200}: java.lang.invoke.Invokers$Holder.linkToTargetMethod(Ljava/lang/Object;JLjava/lang/Object;)Ljava/lang/Object;> (0x0000000087454200) thrown at [./open/src/hotspot/share/interpreter/linkResolver

Events (10 events):
Event: 12.349 loading class org/codehaus/plexus/components/io/fileselectors/FileSelector done
Event: 12.350 loading class org/codehaus/plexus/components/io/resources/PlexusIoResourceCollection
Event: 12.350 loading class org/codehaus/plexus/components/io/resources/PlexusIoResourceCollection done
Event: 12.350 loading class org/codehaus/plexus/components/io/resources/PlexusIoResourceCollection
Event: 12.350 loading class org/codehaus/plexus/components/io/resources/PlexusIoResourceCollection done
Event: 12.352 loading class org/codehaus/plexus/components/io/filemappers/FileMapper
Event: 12.352 loading class org/codehaus/plexus/components/io/filemappers/FileMapper done
Event: 12.352 loading class org/codehaus/plexus/components/io/filemappers/FileMapper
Event: 12.352 loading class org/codehaus/plexus/components/io/filemappers/FileMapper done
Event: 12.369 Executing VM operation: G1CollectForAllocation


Dynamic libraries:
0x00007ff6bef00000 - 0x00007ff6bef0f000 	C:\Program Files\Java\jdk-11.0.16\bin\java.exe
0x00007ffd21190000 - 0x00007ffd21388000 	C:\Windows\SYSTEM32\ntdll.dll
0x00007ffd1f460000 - 0x00007ffd1f51f000 	C:\Windows\System32\KERNEL32.DLL
0x00007ffd1e990000 - 0x00007ffd1ec62000 	C:\Windows\System32\KERNELBASE.dll
0x00007ffd1e890000 - 0x00007ffd1e990000 	C:\Windows\System32\ucrtbase.dll
0x00007ffd08420000 - 0x00007ffd08438000 	C:\Program Files\Java\jdk-11.0.16\bin\jli.dll
0x00007ffd20f80000 - 0x00007ffd2102e000 	C:\Windows\System32\ADVAPI32.dll
0x00007ffd21030000 - 0x00007ffd210ce000 	C:\Windows\System32\msvcrt.dll
0x00007ffd20950000 - 0x00007ffd209ec000 	C:\Windows\System32\sechost.dll
0x00007ffd20bd0000 - 0x00007ffd20cf5000 	C:\Windows\System32\RPCRT4.dll
0x00007ffd20de0000 - 0x00007ffd20f7d000 	C:\Windows\System32\USER32.dll
0x00007ffd1f030000 - 0x00007ffd1f052000 	C:\Windows\System32\win32u.dll
0x00007ffd1f1e0000 - 0x00007ffd1f20b000 	C:\Windows\System32\GDI32.dll
0x00007ffd1ef20000 - 0x00007ffd1f02f000 	C:\Windows\System32\gdi32full.dll
0x00007ffd1f110000 - 0x00007ffd1f1ad000 	C:\Windows\System32\msvcp_win.dll
0x00007ffd03540000 - 0x00007ffd03555000 	C:\Program Files\Java\jdk-11.0.16\bin\VCRUNTIME140.dll
0x00007ffd06390000 - 0x00007ffd0662a000 	C:\Windows\WinSxS\amd64_microsoft.windows.common-controls_6595b64144ccf1df_6.0.19041.1110_none_60b5254171f9507e\COMCTL32.dll
0x00007ffd176c0000 - 0x00007ffd176ca000 	C:\Windows\SYSTEM32\VERSION.dll
0x00007ffd20d10000 - 0x00007ffd20d42000 	C:\Windows\System32\IMM32.DLL
0x00007ffcfca10000 - 0x00007ffcfcaab000 	C:\Program Files\Java\jdk-11.0.16\bin\msvcp140.dll
0x00007ffcdbb20000 - 0x00007ffcdc638000 	C:\Program Files\Java\jdk-11.0.16\bin\server\jvm.dll
0x00007ffd20d00000 - 0x00007ffd20d08000 	C:\Windows\System32\PSAPI.DLL
0x00007ffd09450000 - 0x00007ffd09459000 	C:\Windows\SYSTEM32\WSOCK32.dll
0x00007ffd1f6d0000 - 0x00007ffd1f73b000 	C:\Windows\System32\WS2_32.dll
0x00007ffd039d0000 - 0x00007ffd039f7000 	C:\Windows\SYSTEM32\WINMM.dll
0x00007ffd1c730000 - 0x00007ffd1c742000 	C:\Windows\SYSTEM32\kernel.appcore.dll
0x00007ffd084a0000 - 0x00007ffd084b0000 	C:\Program Files\Java\jdk-11.0.16\bin\verify.dll
0x00007ffd18d80000 - 0x00007ffd18f64000 	C:\Windows\SYSTEM32\DBGHELP.DLL
0x00007ffd18d50000 - 0x00007ffd18d7c000 	C:\Windows\SYSTEM32\dbgcore.DLL
0x00007ffd1ec70000 - 0x00007ffd1ecf2000 	C:\Windows\System32\bcryptPrimitives.dll
0x00007ffd02680000 - 0x00007ffd026a8000 	C:\Program Files\Java\jdk-11.0.16\bin\java.dll
0x00007ffd03530000 - 0x00007ffd0353a000 	C:\Program Files\Java\jdk-11.0.16\bin\jimage.dll
0x00007ffcff570000 - 0x00007ffcff586000 	C:\Program Files\Java\jdk-11.0.16\bin\zip.dll
0x00007ffd1fd80000 - 0x00007ffd204c3000 	C:\Windows\System32\SHELL32.dll
0x00007ffd1c930000 - 0x00007ffd1d0c2000 	C:\Windows\SYSTEM32\windows.storage.dll
0x00007ffd1f750000 - 0x00007ffd1faa4000 	C:\Windows\System32\combase.dll
0x00007ffd1e130000 - 0x00007ffd1e160000 	C:\Windows\SYSTEM32\Wldp.dll
0x00007ffd209f0000 - 0x00007ffd20a9d000 	C:\Windows\System32\SHCORE.dll
0x00007ffd1fb90000 - 0x00007ffd1fbe5000 	C:\Windows\System32\shlwapi.dll
0x00007ffd1e7d0000 - 0x00007ffd1e7ef000 	C:\Windows\SYSTEM32\profapi.dll
0x00007ffcfe110000 - 0x00007ffcfe129000 	C:\Program Files\Java\jdk-11.0.16\bin\net.dll
0x00007ffd17320000 - 0x00007ffd1742c000 	C:\Windows\SYSTEM32\WINHTTP.dll
0x00007ffd1df10000 - 0x00007ffd1df7a000 	C:\Windows\system32\mswsock.dll
0x00007ffcfdf60000 - 0x00007ffcfdf72000 	C:\Program Files\Java\jdk-11.0.16\bin\nio.dll
0x0000000069ac0000 - 0x0000000069ae4000 	C:\Users\sfjbs\Downloads\micro service-20221021T071039Z-001\micro service\apache-maven-3.8.5-bin\apache-maven-3.8.5\lib\jansi-native\Windows\x86_64\jansi.dll

dbghelp: loaded successfully - version: 4.0.5 - missing functions: none
symbol engine: initialized successfully - sym options: 0x614 - pdb path: .;C:\Program Files\Java\jdk-11.0.16\bin;C:\Windows\SYSTEM32;C:\Windows\WinSxS\amd64_microsoft.windows.common-controls_6595b64144ccf1df_6.0.19041.1110_none_60b5254171f9507e;C:\Program Files\Java\jdk-11.0.16\bin\server;C:\Users\sfjbs\Downloads\micro service-20221021T071039Z-001\micro service\apache-maven-3.8.5-bin\apache-maven-3.8.5\lib\jansi-native\Windows\x86_64

VM Arguments:
jvm_args: -Dclassworlds.conf=C:\Users\sfjbs\Downloads\micro service-20221021T071039Z-001\micro service\apache-maven-3.8.5-bin\apache-maven-3.8.5\bin\m2.conf -Dmaven.home=C:\Users\sfjbs\Downloads\micro service-20221021T071039Z-001\micro service\apache-maven-3.8.5-bin\apache-maven-3.8.5 -Dlibrary.jansi.path=C:\Users\sfjbs\Downloads\micro service-20221021T071039Z-001\micro service\apache-maven-3.8.5-bin\apache-maven-3.8.5\lib\jansi-native -Dmaven.multiModuleProjectDirectory=C:\Users\sfjbs\IdeaProjects\oct31training1\Manognya\miniproject\pension-management-system 
java_command: org.codehaus.plexus.classworlds.launcher.Launcher clean install -DskipTests
java_class_path (initial): C:\Users\sfjbs\Downloads\micro service-20221021T071039Z-001\micro service\apache-maven-3.8.5-bin\apache-maven-3.8.5\boot\plexus-classworlds-2.6.0.jar
Launcher Type: SUN_STANDARD

[Global flags]
     intx CICompilerCount                          = 2                                         {product} {ergonomic}
     uint ConcGCThreads                            = 1                                         {product} {ergonomic}
     uint G1ConcRefinementThreads                  = 2                                         {product} {ergonomic}
   size_t G1HeapRegionSize                         = 1048576                                   {product} {ergonomic}
    uintx GCDrainStackTargetSize                   = 64                                        {product} {ergonomic}
   size_t InitialHeapSize                          = 134217728                                 {product} {ergonomic}
   size_t MarkStackSize                            = 4194304                                   {product} {ergonomic}
   size_t MaxHeapSize                              = 2147483648                                {product} {ergonomic}
   size_t MaxNewSize                               = 1287651328                                {product} {ergonomic}
   size_t MinHeapDeltaBytes                        = 1048576                                   {product} {ergonomic}
    uintx NonNMethodCodeHeapSize                   = 5825164                                {pd product} {ergonomic}
    uintx NonProfiledCodeHeapSize                  = 122916538                              {pd product} {ergonomic}
    uintx ProfiledCodeHeapSize                     = 122916538                              {pd product} {ergonomic}
    uintx ReservedCodeCacheSize                    = 251658240                              {pd product} {ergonomic}
     bool SegmentedCodeCache                       = true                                      {product} {ergonomic}
     bool UseCompressedClassPointers               = true                                 {lp64_product} {ergonomic}
     bool UseCompressedOops                        = true                                 {lp64_product} {ergonomic}
     bool UseG1GC                                  = true                                      {product} {ergonomic}
     bool UseLargePagesIndividualAllocation        = false                                  {pd product} {ergonomic}

Logging:
Log output configuration:
 #0: stdout all=warning uptime,level,tags
 #1: stderr all=off uptime,level,tags

Environment Variables:
PATH=C:\Program Files\Common Files\Oracle\Java\javapath;C:\Windows\system32;C:\Windows;C:\Windows\System32\Wbem;C:\Windows\System32\WindowsPowerShell\v1.0\;C:\Windows\System32\OpenSSH\;C:\Users\sfjbs\Downloads\micro service-20221021T071039Z-001\micro service\apache-maven-3.8.5-bin\apache-maven-3.8.5\bin;C:\Users\sfjbs\Downloads\micro service-20221021T071039Z-001\micro service\apache-maven-3.8.5-bin\apache-maven-3.8.5\lib;C:\Program Files\Git\cmd;C:\Program Files\Docker\Docker\resources\bin;C:\Users\sfjbs\AppData\Local\Microsoft\WindowsApps;C:\Users\sfjbs\Downloads\micro service-20221021T071039Z-001\micro service\apache-maven-3.8.5-bin\apache-maven-3.8.5\bin;C:\Users\sfjbs\Downloads\micro service-20221021T071039Z-001\micro service\apache-maven-3.8.5-bin\apache-maven-3.8.5\lib;;C:\Program Files\JetBrains\IntelliJ IDEA Community Edition 2022.2.1\bin;
USERNAME=sfjbs
OS=Windows_NT
PROCESSOR_IDENTIFIER=Intel64 Family 6 Model 85 Stepping 7, GenuineIntel



---------------  S Y S T E M  ---------------

OS: Windows 10 , 64 bit Build 19041 (10.0.19041.2251)
Hyper-V role detected

CPU:total 2 (initial active 2) (1 cores per cpu, 2 threads per core) family 6 model 85 stepping 7 microcode 0xffffffff, cmov, cx8, fxsr, mmx, sse, sse2, sse3, ssse3, sse4.1, sse4.2, popcnt, avx, avx2, aes, clmul, erms, rtm, 3dnowpref, lzcnt, ht, tsc, bmi1, bmi2, adx, evex, fma

Memory: 4k page, system-wide physical 8190M (473M free)
TotalPageFile size 10238M (AvailPageFile size 28M)
current process WorkingSet (physical memory assigned to process): 236M, peak: 238M
current process commit charge ("private bytes"): 294M, peak: 341M

vm_info: Java HotSpot(TM) 64-Bit Server VM (11.0.16+11-LTS-199) for windows-amd64 JRE (11.0.16+11-LTS-199), built on Jun 28 2022 08:23:17 by "mach5one" with MS VC++ 15.9 (VS2017)

END.
