#
# There is insufficient memory for the Java Runtime Environment to continue.
# Native memory allocation (malloc) failed to allocate 2117456 bytes for Chunk::new
# Possible reasons:
#   The system is out of physical RAM or swap space
#   The process is running with CompressedOops enabled, and the Java Heap may be blocking the growth of the native heap
# Possible solutions:
#   Reduce memory load on the system
#   Increase physical memory or swap space
#   Check if swap backing store is full
#   Decrease Java heap size (-Xmx/-Xms)
#   Decrease number of Java threads
#   Decrease Java thread stack sizes (-Xss)
#   Set larger code cache with -XX:ReservedCodeCacheSize=
#   JVM is running with Unscaled Compressed Oops mode in which the Java heap is
#     placed in the first 4GB address space. The Java Heap base address is the
#     maximum limit for the native heap growth. Please use -XX:HeapBaseMinAddress
#     to set the Java Heap base and to place the Java Heap above 4GB virtual address.
# This output file may be truncated or incomplete.
#
#  Out of Memory Error (./open/src/hotspot/share/memory/arena.cpp:197), pid=8116, tid=10996
#
# JRE version: Java(TM) SE Runtime Environment 18.9 (11.0.16+11) (build 11.0.16+11-LTS-199)
# Java VM: Java HotSpot(TM) 64-Bit Server VM 18.9 (11.0.16+11-LTS-199, mixed mode, tiered, compressed oops, g1 gc, windows-amd64)
# No core dump will be written. Minidumps are not enabled by default on client versions of Windows
#

---------------  S U M M A R Y ------------

Command Line: C:\Users\sfjbs\AppData\Local\Temp\surefire18121705157416876739\surefirebooter15454805212258276895.jar C:\Users\sfjbs\AppData\Local\Temp\surefire18121705157416876739 2022-11-13T16-49-23_738-jvmRun1 surefire1111308715137377853tmp surefire_01854406752207980798tmp

Host: Intel(R) Xeon(R) Platinum 8272CL CPU @ 2.60GHz, 2 cores, 7G,  Windows 10 , 64 bit Build 19041 (10.0.19041.2251)
Time: Sun Nov 13 16:49:30 2022 Coordinated Universal Time elapsed time: 5.188341 seconds (0d 0h 0m 5s)

---------------  T H R E A D  ---------------

Current thread (0x0000027bfeabf000):  JavaThread "C2 CompilerThread0" daemon [_thread_in_native, id=10996, stack(0x000000b790200000,0x000000b790300000)]


Current CompileTask:
C2:   5188 2201   !   4       jdk.internal.loader.BuiltinClassLoader::loadClassOrNull (143 bytes)

Stack: [0x000000b790200000,0x000000b790300000]
Native frames: (J=compiled Java code, j=interpreted, Vv=VM code, C=native code)
V  [jvm.dll+0x62a3ea]
V  [jvm.dll+0x76418f]
V  [jvm.dll+0x765839]
V  [jvm.dll+0x765ec3]
V  [jvm.dll+0x23da98]
V  [jvm.dll+0xb2a1c]
V  [jvm.dll+0xb2fdc]
V  [jvm.dll+0x341487]
V  [jvm.dll+0x30ec83]
V  [jvm.dll+0x30dfca]
V  [jvm.dll+0x1f84a5]
V  [jvm.dll+0x1f768d]
V  [jvm.dll+0x177c81]
V  [jvm.dll+0x207006]
V  [jvm.dll+0x20519b]
V  [jvm.dll+0x729fa0]
V  [jvm.dll+0x722b74]
V  [jvm.dll+0x629286]
C  [ucrtbase.dll+0x21bb2]
C  [KERNEL32.DLL+0x174b4]
C  [ntdll.dll+0x526a1]


---------------  P R O C E S S  ---------------

Threads class SMR info:
_java_thread_list=0x0000027b9c7980f0, length=12, elements={
0x0000027bfbda8800, 0x0000027bfea9a000, 0x0000027bfeaa6800, 0x0000027bfeab8800,
0x0000027bfeabb800, 0x0000027bfeabd800, 0x0000027bfeabf000, 0x0000027bfeac8000,
0x0000027bfeac9800, 0x0000027bff579000, 0x0000027bff665000, 0x0000027bff56e000
}

Java Threads: ( => current thread )
  0x0000027bfbda8800 JavaThread "main" [_thread_in_native, id=3620, stack(0x000000b78f500000,0x000000b78f600000)]
  0x0000027bfea9a000 JavaThread "Reference Handler" daemon [_thread_blocked, id=6892, stack(0x000000b78fd00000,0x000000b78fe00000)]
  0x0000027bfeaa6800 JavaThread "Finalizer" daemon [_thread_blocked, id=11644, stack(0x000000b78fe00000,0x000000b78ff00000)]
  0x0000027bfeab8800 JavaThread "Signal Dispatcher" daemon [_thread_blocked, id=7436, stack(0x000000b78ff00000,0x000000b790000000)]
  0x0000027bfeabb800 JavaThread "Attach Listener" daemon [_thread_blocked, id=3332, stack(0x000000b790000000,0x000000b790100000)]
  0x0000027bfeabd800 JavaThread "Service Thread" daemon [_thread_blocked, id=2416, stack(0x000000b790100000,0x000000b790200000)]
=>0x0000027bfeabf000 JavaThread "C2 CompilerThread0" daemon [_thread_in_native, id=10996, stack(0x000000b790200000,0x000000b790300000)]
  0x0000027bfeac8000 JavaThread "C1 CompilerThread0" daemon [_thread_blocked, id=540, stack(0x000000b790300000,0x000000b790400000)]
  0x0000027bfeac9800 JavaThread "Sweeper thread" daemon [_thread_blocked, id=1164, stack(0x000000b790400000,0x000000b790500000)]
  0x0000027bff579000 JavaThread "Common-Cleaner" daemon [_thread_blocked, id=7928, stack(0x000000b790600000,0x000000b790700000)]
  0x0000027bff665000 JavaThread "surefire-forkedjvm-command-thread" daemon [_thread_in_native, id=1332, stack(0x000000b790700000,0x000000b790800000)]
  0x0000027bff56e000 JavaThread "surefire-forkedjvm-ping-30s" daemon [_thread_in_native, id=12256, stack(0x000000b790800000,0x000000b790900000)]

Other Threads:
  0x0000027bfea97000 VMThread "VM Thread" [stack: 0x000000b78fc00000,0x000000b78fd00000] [id=4904]
  0x0000027bff574800 WatcherThread [stack: 0x000000b790500000,0x000000b790600000] [id=9952]
  0x0000027bfbdbc800 GCTaskThread "GC Thread#0" [stack: 0x000000b78f700000,0x000000b78f800000] [id=9064]
  0x0000027bff899800 GCTaskThread "GC Thread#1" [stack: 0x000000b790900000,0x000000b790a00000] [id=12084]
  0x0000027bfbdec800 ConcurrentGCThread "G1 Main Marker" [stack: 0x000000b78f800000,0x000000b78f900000] [id=708]
  0x0000027bfbdef000 ConcurrentGCThread "G1 Conc#0" [stack: 0x000000b78f900000,0x000000b78fa00000] [id=11464]
  0x0000027bfbe73000 ConcurrentGCThread "G1 Refine#0" [stack: 0x000000b78fa00000,0x000000b78fb00000] [id=8688]
  0x0000027bff955800 ConcurrentGCThread "G1 Refine#1" [stack: 0x000000b790a00000,0x000000b790b00000] [id=1620]
  0x0000027bfbe75000 ConcurrentGCThread "G1 Young RemSet Sampling" [stack: 0x000000b78fb00000,0x000000b78fc00000] [id=8488]

Threads with active compile tasks:
C2 CompilerThread0     5205 2201   !   4       jdk.internal.loader.BuiltinClassLoader::loadClassOrNull (143 bytes)

VM state:not at safepoint (normal execution)

VM Mutex/Monitor currently owned by a thread: None

Heap address: 0x0000000080000000, size: 2048 MB, Compressed Oops mode: 32-bit
Narrow klass base: 0x0000000000000000, Narrow klass shift: 3
Compressed class space size: 1073741824 Address: 0x0000000100000000

Heap:
 garbage-first heap   total 159744K, used 60971K [0x0000000080000000, 0x0000000100000000)
  region size 1024K, 54 young (55296K), 4 survivors (4096K)
 Metaspace       used 28653K, capacity 29495K, committed 29872K, reserved 1075200K
  class space    used 3329K, capacity 3714K, committed 3840K, reserved 1048576K
Heap Regions: E=young(eden), S=young(survivor), O=old, HS=humongous(starts), HC=humongous(continues), CS=collection set, F=free, A=archive, TAMS=top-at-mark-start (previous, next)
|   0|0x0000000080000000, 0x0000000080100000, 0x0000000080100000|100%| O|  |TAMS 0x0000000080100000, 0x0000000080000000| Untracked 
|   1|0x0000000080100000, 0x0000000080200000, 0x0000000080200000|100%| O|  |TAMS 0x0000000080200000, 0x0000000080100000| Untracked 
|   2|0x0000000080200000, 0x0000000080300000, 0x0000000080300000|100%| O|  |TAMS 0x0000000080300000, 0x0000000080200000| Untracked 
|   3|0x0000000080300000, 0x0000000080400000, 0x0000000080400000|100%|HS|  |TAMS 0x0000000080400000, 0x0000000080300000| Complete 
|   4|0x0000000080400000, 0x0000000080500000, 0x0000000080500000|100%| O|  |TAMS 0x0000000080500000, 0x0000000080400000| Untracked 
|   5|0x0000000080500000, 0x0000000080600000, 0x0000000080600000|100%| O|  |TAMS 0x0000000080600000, 0x0000000080500000| Untracked 
|   6|0x0000000080600000, 0x0000000080700000, 0x0000000080700000|100%| O|  |TAMS 0x0000000080700000, 0x0000000080600000| Untracked 
|   7|0x0000000080700000, 0x000000008071c000, 0x0000000080800000| 10%| O|  |TAMS 0x000000008071c000, 0x0000000080700000| Untracked 
|   8|0x0000000080800000, 0x0000000080800000, 0x0000000080900000|  0%| F|  |TAMS 0x0000000080800000, 0x0000000080800000| Untracked 
|   9|0x0000000080900000, 0x0000000080900000, 0x0000000080a00000|  0%| F|  |TAMS 0x0000000080900000, 0x0000000080900000| Untracked 
|  10|0x0000000080a00000, 0x0000000080a00000, 0x0000000080b00000|  0%| F|  |TAMS 0x0000000080a00000, 0x0000000080a00000| Untracked 
|  11|0x0000000080b00000, 0x0000000080b00000, 0x0000000080c00000|  0%| F|  |TAMS 0x0000000080b00000, 0x0000000080b00000| Untracked 
|  12|0x0000000080c00000, 0x0000000080c00000, 0x0000000080d00000|  0%| F|  |TAMS 0x0000000080c00000, 0x0000000080c00000| Untracked 
|  13|0x0000000080d00000, 0x0000000080d00000, 0x0000000080e00000|  0%| F|  |TAMS 0x0000000080d00000, 0x0000000080d00000| Untracked 
|  14|0x0000000080e00000, 0x0000000080e00000, 0x0000000080f00000|  0%| F|  |TAMS 0x0000000080e00000, 0x0000000080e00000| Untracked 
|  15|0x0000000080f00000, 0x0000000080f00000, 0x0000000081000000|  0%| F|  |TAMS 0x0000000080f00000, 0x0000000080f00000| Untracked 
|  16|0x0000000081000000, 0x0000000081000000, 0x0000000081100000|  0%| F|  |TAMS 0x0000000081000000, 0x0000000081000000| Untracked 
|  17|0x0000000081100000, 0x0000000081100000, 0x0000000081200000|  0%| F|  |TAMS 0x0000000081100000, 0x0000000081100000| Untracked 
|  18|0x0000000081200000, 0x0000000081200000, 0x0000000081300000|  0%| F|  |TAMS 0x0000000081200000, 0x0000000081200000| Untracked 
|  19|0x0000000081300000, 0x0000000081300000, 0x0000000081400000|  0%| F|  |TAMS 0x0000000081300000, 0x0000000081300000| Untracked 
|  20|0x0000000081400000, 0x0000000081400000, 0x0000000081500000|  0%| F|  |TAMS 0x0000000081400000, 0x0000000081400000| Untracked 
|  21|0x0000000081500000, 0x0000000081500000, 0x0000000081600000|  0%| F|  |TAMS 0x0000000081500000, 0x0000000081500000| Untracked 
|  22|0x0000000081600000, 0x0000000081600000, 0x0000000081700000|  0%| F|  |TAMS 0x0000000081600000, 0x0000000081600000| Untracked 
|  23|0x0000000081700000, 0x0000000081700000, 0x0000000081800000|  0%| F|  |TAMS 0x0000000081700000, 0x0000000081700000| Untracked 
|  24|0x0000000081800000, 0x0000000081800000, 0x0000000081900000|  0%| F|  |TAMS 0x0000000081800000, 0x0000000081800000| Untracked 
|  25|0x0000000081900000, 0x0000000081900000, 0x0000000081a00000|  0%| F|  |TAMS 0x0000000081900000, 0x0000000081900000| Untracked 
|  26|0x0000000081a00000, 0x0000000081a00000, 0x0000000081b00000|  0%| F|  |TAMS 0x0000000081a00000, 0x0000000081a00000| Untracked 
|  27|0x0000000081b00000, 0x0000000081b00000, 0x0000000081c00000|  0%| F|  |TAMS 0x0000000081b00000, 0x0000000081b00000| Untracked 
|  28|0x0000000081c00000, 0x0000000081c00000, 0x0000000081d00000|  0%| F|  |TAMS 0x0000000081c00000, 0x0000000081c00000| Untracked 
|  29|0x0000000081d00000, 0x0000000081d00000, 0x0000000081e00000|  0%| F|  |TAMS 0x0000000081d00000, 0x0000000081d00000| Untracked 
|  30|0x0000000081e00000, 0x0000000081e00000, 0x0000000081f00000|  0%| F|  |TAMS 0x0000000081e00000, 0x0000000081e00000| Untracked 
|  31|0x0000000081f00000, 0x0000000081f00000, 0x0000000082000000|  0%| F|  |TAMS 0x0000000081f00000, 0x0000000081f00000| Untracked 
|  32|0x0000000082000000, 0x0000000082000000, 0x0000000082100000|  0%| F|  |TAMS 0x0000000082000000, 0x0000000082000000| Untracked 
|  33|0x0000000082100000, 0x0000000082100000, 0x0000000082200000|  0%| F|  |TAMS 0x0000000082100000, 0x0000000082100000| Untracked 
|  34|0x0000000082200000, 0x0000000082200000, 0x0000000082300000|  0%| F|  |TAMS 0x0000000082200000, 0x0000000082200000| Untracked 
|  35|0x0000000082300000, 0x0000000082300000, 0x0000000082400000|  0%| F|  |TAMS 0x0000000082300000, 0x0000000082300000| Untracked 
|  36|0x0000000082400000, 0x0000000082400000, 0x0000000082500000|  0%| F|  |TAMS 0x0000000082400000, 0x0000000082400000| Untracked 
|  37|0x0000000082500000, 0x0000000082500000, 0x0000000082600000|  0%| F|  |TAMS 0x0000000082500000, 0x0000000082500000| Untracked 
|  38|0x0000000082600000, 0x0000000082600000, 0x0000000082700000|  0%| F|  |TAMS 0x0000000082600000, 0x0000000082600000| Untracked 
|  39|0x0000000082700000, 0x0000000082700000, 0x0000000082800000|  0%| F|  |TAMS 0x0000000082700000, 0x0000000082700000| Untracked 
|  40|0x0000000082800000, 0x0000000082800000, 0x0000000082900000|  0%| F|  |TAMS 0x0000000082800000, 0x0000000082800000| Untracked 
|  41|0x0000000082900000, 0x0000000082900000, 0x0000000082a00000|  0%| F|  |TAMS 0x0000000082900000, 0x0000000082900000| Untracked 
|  42|0x0000000082a00000, 0x0000000082a00000, 0x0000000082b00000|  0%| F|  |TAMS 0x0000000082a00000, 0x0000000082a00000| Untracked 
|  43|0x0000000082b00000, 0x0000000082b00000, 0x0000000082c00000|  0%| F|  |TAMS 0x0000000082b00000, 0x0000000082b00000| Untracked 
|  44|0x0000000082c00000, 0x0000000082c00000, 0x0000000082d00000|  0%| F|  |TAMS 0x0000000082c00000, 0x0000000082c00000| Untracked 
|  45|0x0000000082d00000, 0x0000000082d00000, 0x0000000082e00000|  0%| F|  |TAMS 0x0000000082d00000, 0x0000000082d00000| Untracked 
|  46|0x0000000082e00000, 0x0000000082e00000, 0x0000000082f00000|  0%| F|  |TAMS 0x0000000082e00000, 0x0000000082e00000| Untracked 
|  47|0x0000000082f00000, 0x0000000082f00000, 0x0000000083000000|  0%| F|  |TAMS 0x0000000082f00000, 0x0000000082f00000| Untracked 
|  48|0x0000000083000000, 0x0000000083000000, 0x0000000083100000|  0%| F|  |TAMS 0x0000000083000000, 0x0000000083000000| Untracked 
|  49|0x0000000083100000, 0x0000000083100000, 0x0000000083200000|  0%| F|  |TAMS 0x0000000083100000, 0x0000000083100000| Untracked 
|  50|0x0000000083200000, 0x0000000083200000, 0x0000000083300000|  0%| F|  |TAMS 0x0000000083200000, 0x0000000083200000| Untracked 
|  51|0x0000000083300000, 0x0000000083300000, 0x0000000083400000|  0%| F|  |TAMS 0x0000000083300000, 0x0000000083300000| Untracked 
|  52|0x0000000083400000, 0x0000000083400000, 0x0000000083500000|  0%| F|  |TAMS 0x0000000083400000, 0x0000000083400000| Untracked 
|  53|0x0000000083500000, 0x0000000083500000, 0x0000000083600000|  0%| F|  |TAMS 0x0000000083500000, 0x0000000083500000| Untracked 
|  54|0x0000000083600000, 0x0000000083600000, 0x0000000083700000|  0%| F|  |TAMS 0x0000000083600000, 0x0000000083600000| Untracked 
|  55|0x0000000083700000, 0x0000000083700000, 0x0000000083800000|  0%| F|  |TAMS 0x0000000083700000, 0x0000000083700000| Untracked 
|  56|0x0000000083800000, 0x0000000083800000, 0x0000000083900000|  0%| F|  |TAMS 0x0000000083800000, 0x0000000083800000| Untracked 
|  57|0x0000000083900000, 0x0000000083900000, 0x0000000083a00000|  0%| F|  |TAMS 0x0000000083900000, 0x0000000083900000| Untracked 
|  58|0x0000000083a00000, 0x0000000083a00000, 0x0000000083b00000|  0%| F|  |TAMS 0x0000000083a00000, 0x0000000083a00000| Untracked 
|  59|0x0000000083b00000, 0x0000000083b00000, 0x0000000083c00000|  0%| F|  |TAMS 0x0000000083b00000, 0x0000000083b00000| Untracked 
|  60|0x0000000083c00000, 0x0000000083c00000, 0x0000000083d00000|  0%| F|  |TAMS 0x0000000083c00000, 0x0000000083c00000| Untracked 
|  61|0x0000000083d00000, 0x0000000083d00000, 0x0000000083e00000|  0%| F|  |TAMS 0x0000000083d00000, 0x0000000083d00000| Untracked 
|  62|0x0000000083e00000, 0x0000000083e00000, 0x0000000083f00000|  0%| F|  |TAMS 0x0000000083e00000, 0x0000000083e00000| Untracked 
|  63|0x0000000083f00000, 0x0000000083f00000, 0x0000000084000000|  0%| F|  |TAMS 0x0000000083f00000, 0x0000000083f00000| Untracked 
|  64|0x0000000084000000, 0x0000000084000000, 0x0000000084100000|  0%| F|  |TAMS 0x0000000084000000, 0x0000000084000000| Untracked 
|  65|0x0000000084100000, 0x0000000084100000, 0x0000000084200000|  0%| F|  |TAMS 0x0000000084100000, 0x0000000084100000| Untracked 
|  66|0x0000000084200000, 0x0000000084200000, 0x0000000084300000|  0%| F|  |TAMS 0x0000000084200000, 0x0000000084200000| Untracked 
|  67|0x0000000084300000, 0x0000000084300000, 0x0000000084400000|  0%| F|  |TAMS 0x0000000084300000, 0x0000000084300000| Untracked 
|  68|0x0000000084400000, 0x0000000084400000, 0x0000000084500000|  0%| F|  |TAMS 0x0000000084400000, 0x0000000084400000| Untracked 
|  69|0x0000000084500000, 0x0000000084500000, 0x0000000084600000|  0%| F|  |TAMS 0x0000000084500000, 0x0000000084500000| Untracked 
|  70|0x0000000084600000, 0x0000000084600000, 0x0000000084700000|  0%| F|  |TAMS 0x0000000084600000, 0x0000000084600000| Untracked 
|  71|0x0000000084700000, 0x0000000084700000, 0x0000000084800000|  0%| F|  |TAMS 0x0000000084700000, 0x0000000084700000| Untracked 
|  72|0x0000000084800000, 0x0000000084800000, 0x0000000084900000|  0%| F|  |TAMS 0x0000000084800000, 0x0000000084800000| Untracked 
|  73|0x0000000084900000, 0x0000000084900000, 0x0000000084a00000|  0%| F|  |TAMS 0x0000000084900000, 0x0000000084900000| Untracked 
|  74|0x0000000084a00000, 0x0000000084a00000, 0x0000000084b00000|  0%| F|  |TAMS 0x0000000084a00000, 0x0000000084a00000| Untracked 
|  75|0x0000000084b00000, 0x0000000084b00000, 0x0000000084c00000|  0%| F|  |TAMS 0x0000000084b00000, 0x0000000084b00000| Untracked 
|  76|0x0000000084c00000, 0x0000000084c00000, 0x0000000084d00000|  0%| F|  |TAMS 0x0000000084c00000, 0x0000000084c00000| Untracked 
|  77|0x0000000084d00000, 0x0000000084d00000, 0x0000000084e00000|  0%| F|  |TAMS 0x0000000084d00000, 0x0000000084d00000| Untracked 
|  78|0x0000000084e00000, 0x0000000084e00000, 0x0000000084f00000|  0%| F|  |TAMS 0x0000000084e00000, 0x0000000084e00000| Untracked 
|  79|0x0000000084f00000, 0x0000000084f00000, 0x0000000085000000|  0%| F|  |TAMS 0x0000000084f00000, 0x0000000084f00000| Untracked 
|  80|0x0000000085000000, 0x0000000085000000, 0x0000000085100000|  0%| F|  |TAMS 0x0000000085000000, 0x0000000085000000| Untracked 
|  81|0x0000000085100000, 0x0000000085100000, 0x0000000085200000|  0%| F|  |TAMS 0x0000000085100000, 0x0000000085100000| Untracked 
|  82|0x0000000085200000, 0x0000000085200000, 0x0000000085300000|  0%| F|  |TAMS 0x0000000085200000, 0x0000000085200000| Untracked 
|  83|0x0000000085300000, 0x0000000085300000, 0x0000000085400000|  0%| F|  |TAMS 0x0000000085300000, 0x0000000085300000| Untracked 
|  84|0x0000000085400000, 0x0000000085400000, 0x0000000085500000|  0%| F|  |TAMS 0x0000000085400000, 0x0000000085400000| Untracked 
|  85|0x0000000085500000, 0x0000000085500000, 0x0000000085600000|  0%| F|  |TAMS 0x0000000085500000, 0x0000000085500000| Untracked 
|  86|0x0000000085600000, 0x0000000085600000, 0x0000000085700000|  0%| F|  |TAMS 0x0000000085600000, 0x0000000085600000| Untracked 
|  87|0x0000000085700000, 0x0000000085700000, 0x0000000085800000|  0%| F|  |TAMS 0x0000000085700000, 0x0000000085700000| Untracked 
|  88|0x0000000085800000, 0x0000000085800000, 0x0000000085900000|  0%| F|  |TAMS 0x0000000085800000, 0x0000000085800000| Untracked 
|  89|0x0000000085900000, 0x0000000085900000, 0x0000000085a00000|  0%| F|  |TAMS 0x0000000085900000, 0x0000000085900000| Untracked 
|  90|0x0000000085a00000, 0x0000000085a00000, 0x0000000085b00000|  0%| F|  |TAMS 0x0000000085a00000, 0x0000000085a00000| Untracked 
|  91|0x0000000085b00000, 0x0000000085b00000, 0x0000000085c00000|  0%| F|  |TAMS 0x0000000085b00000, 0x0000000085b00000| Untracked 
|  92|0x0000000085c00000, 0x0000000085c00000, 0x0000000085d00000|  0%| F|  |TAMS 0x0000000085c00000, 0x0000000085c00000| Untracked 
|  93|0x0000000085d00000, 0x0000000085d00000, 0x0000000085e00000|  0%| F|  |TAMS 0x0000000085d00000, 0x0000000085d00000| Untracked 
|  94|0x0000000085e00000, 0x0000000085e00000, 0x0000000085f00000|  0%| F|  |TAMS 0x0000000085e00000, 0x0000000085e00000| Untracked 
|  95|0x0000000085f00000, 0x0000000085f00000, 0x0000000086000000|  0%| F|  |TAMS 0x0000000085f00000, 0x0000000085f00000| Untracked 
|  96|0x0000000086000000, 0x0000000086000000, 0x0000000086100000|  0%| F|  |TAMS 0x0000000086000000, 0x0000000086000000| Untracked 
|  97|0x0000000086100000, 0x0000000086100000, 0x0000000086200000|  0%| F|  |TAMS 0x0000000086100000, 0x0000000086100000| Untracked 
|  98|0x0000000086200000, 0x0000000086200000, 0x0000000086300000|  0%| F|  |TAMS 0x0000000086200000, 0x0000000086200000| Untracked 
|  99|0x0000000086300000, 0x000000008636eda8, 0x0000000086400000| 43%| S|CS|TAMS 0x0000000086300000, 0x0000000086300000| Complete 
| 100|0x0000000086400000, 0x0000000086500000, 0x0000000086500000|100%| S|CS|TAMS 0x0000000086400000, 0x0000000086400000| Complete 
| 101|0x0000000086500000, 0x0000000086600000, 0x0000000086600000|100%| S|CS|TAMS 0x0000000086500000, 0x0000000086500000| Complete 
| 102|0x0000000086600000, 0x0000000086600000, 0x0000000086700000|  0%| F|  |TAMS 0x0000000086600000, 0x0000000086600000| Untracked 
| 103|0x0000000086700000, 0x0000000086700000, 0x0000000086800000|  0%| F|  |TAMS 0x0000000086700000, 0x0000000086700000| Untracked 
| 104|0x0000000086800000, 0x0000000086800000, 0x0000000086900000|  0%| F|  |TAMS 0x0000000086800000, 0x0000000086800000| Untracked 
| 105|0x0000000086900000, 0x0000000086a00000, 0x0000000086a00000|100%| S|CS|TAMS 0x0000000086900000, 0x0000000086900000| Complete 
| 106|0x0000000086a00000, 0x0000000086b00000, 0x0000000086b00000|100%| E|  |TAMS 0x0000000086a00000, 0x0000000086a00000| Complete 
| 107|0x0000000086b00000, 0x0000000086c00000, 0x0000000086c00000|100%| E|CS|TAMS 0x0000000086b00000, 0x0000000086b00000| Complete 
| 108|0x0000000086c00000, 0x0000000086d00000, 0x0000000086d00000|100%| E|CS|TAMS 0x0000000086c00000, 0x0000000086c00000| Complete 
| 109|0x0000000086d00000, 0x0000000086e00000, 0x0000000086e00000|100%| E|CS|TAMS 0x0000000086d00000, 0x0000000086d00000| Complete 
| 110|0x0000000086e00000, 0x0000000086f00000, 0x0000000086f00000|100%| E|CS|TAMS 0x0000000086e00000, 0x0000000086e00000| Complete 
| 111|0x0000000086f00000, 0x0000000087000000, 0x0000000087000000|100%| E|CS|TAMS 0x0000000086f00000, 0x0000000086f00000| Complete 
| 112|0x0000000087000000, 0x0000000087100000, 0x0000000087100000|100%| E|CS|TAMS 0x0000000087000000, 0x0000000087000000| Complete 
| 113|0x0000000087100000, 0x0000000087200000, 0x0000000087200000|100%| E|CS|TAMS 0x0000000087100000, 0x0000000087100000| Complete 
| 114|0x0000000087200000, 0x0000000087300000, 0x0000000087300000|100%| E|CS|TAMS 0x0000000087200000, 0x0000000087200000| Complete 
| 115|0x0000000087300000, 0x0000000087400000, 0x0000000087400000|100%| E|CS|TAMS 0x0000000087300000, 0x0000000087300000| Complete 
| 116|0x0000000087400000, 0x0000000087500000, 0x0000000087500000|100%| E|CS|TAMS 0x0000000087400000, 0x0000000087400000| Complete 
| 117|0x0000000087500000, 0x0000000087600000, 0x0000000087600000|100%| E|CS|TAMS 0x0000000087500000, 0x0000000087500000| Complete 
| 118|0x0000000087600000, 0x0000000087700000, 0x0000000087700000|100%| E|CS|TAMS 0x0000000087600000, 0x0000000087600000| Complete 
| 119|0x0000000087700000, 0x0000000087800000, 0x0000000087800000|100%| E|CS|TAMS 0x0000000087700000, 0x0000000087700000| Complete 
| 120|0x0000000087800000, 0x0000000087900000, 0x0000000087900000|100%| E|CS|TAMS 0x0000000087800000, 0x0000000087800000| Complete 
| 121|0x0000000087900000, 0x0000000087a00000, 0x0000000087a00000|100%| E|CS|TAMS 0x0000000087900000, 0x0000000087900000| Complete 
| 122|0x0000000087a00000, 0x0000000087b00000, 0x0000000087b00000|100%| E|CS|TAMS 0x0000000087a00000, 0x0000000087a00000| Complete 
| 123|0x0000000087b00000, 0x0000000087c00000, 0x0000000087c00000|100%| E|CS|TAMS 0x0000000087b00000, 0x0000000087b00000| Complete 
| 124|0x0000000087c00000, 0x0000000087d00000, 0x0000000087d00000|100%| E|CS|TAMS 0x0000000087c00000, 0x0000000087c00000| Complete 
| 125|0x0000000087d00000, 0x0000000087e00000, 0x0000000087e00000|100%| E|CS|TAMS 0x0000000087d00000, 0x0000000087d00000| Complete 
| 126|0x0000000087e00000, 0x0000000087f00000, 0x0000000087f00000|100%| E|CS|TAMS 0x0000000087e00000, 0x0000000087e00000| Complete 
| 127|0x0000000087f00000, 0x0000000088000000, 0x0000000088000000|100%| E|CS|TAMS 0x0000000087f00000, 0x0000000087f00000| Complete 
| 128|0x0000000088000000, 0x0000000088100000, 0x0000000088100000|100%| E|CS|TAMS 0x0000000088000000, 0x0000000088000000| Complete 
| 129|0x0000000088100000, 0x0000000088200000, 0x0000000088200000|100%| E|CS|TAMS 0x0000000088100000, 0x0000000088100000| Complete 
| 130|0x0000000088200000, 0x0000000088300000, 0x0000000088300000|100%| E|CS|TAMS 0x0000000088200000, 0x0000000088200000| Complete 
| 131|0x0000000088300000, 0x0000000088400000, 0x0000000088400000|100%| E|CS|TAMS 0x0000000088300000, 0x0000000088300000| Complete 
| 132|0x0000000088400000, 0x0000000088500000, 0x0000000088500000|100%| E|CS|TAMS 0x0000000088400000, 0x0000000088400000| Complete 
| 133|0x0000000088500000, 0x0000000088600000, 0x0000000088600000|100%| E|CS|TAMS 0x0000000088500000, 0x0000000088500000| Complete 
| 134|0x0000000088600000, 0x0000000088700000, 0x0000000088700000|100%| E|CS|TAMS 0x0000000088600000, 0x0000000088600000| Complete 
| 135|0x0000000088700000, 0x0000000088800000, 0x0000000088800000|100%| E|CS|TAMS 0x0000000088700000, 0x0000000088700000| Complete 
| 136|0x0000000088800000, 0x0000000088900000, 0x0000000088900000|100%| E|CS|TAMS 0x0000000088800000, 0x0000000088800000| Complete 
| 137|0x0000000088900000, 0x0000000088a00000, 0x0000000088a00000|100%| E|CS|TAMS 0x0000000088900000, 0x0000000088900000| Complete 
| 138|0x0000000088a00000, 0x0000000088b00000, 0x0000000088b00000|100%| E|CS|TAMS 0x0000000088a00000, 0x0000000088a00000| Complete 
| 139|0x0000000088b00000, 0x0000000088c00000, 0x0000000088c00000|100%| E|CS|TAMS 0x0000000088b00000, 0x0000000088b00000| Complete 
| 140|0x0000000088c00000, 0x0000000088d00000, 0x0000000088d00000|100%| E|CS|TAMS 0x0000000088c00000, 0x0000000088c00000| Complete 
| 141|0x0000000088d00000, 0x0000000088e00000, 0x0000000088e00000|100%| E|CS|TAMS 0x0000000088d00000, 0x0000000088d00000| Complete 
| 142|0x0000000088e00000, 0x0000000088f00000, 0x0000000088f00000|100%| E|CS|TAMS 0x0000000088e00000, 0x0000000088e00000| Complete 
| 143|0x0000000088f00000, 0x0000000089000000, 0x0000000089000000|100%| E|CS|TAMS 0x0000000088f00000, 0x0000000088f00000| Complete 
| 144|0x0000000089000000, 0x0000000089100000, 0x0000000089100000|100%| E|CS|TAMS 0x0000000089000000, 0x0000000089000000| Complete 
| 145|0x0000000089100000, 0x0000000089200000, 0x0000000089200000|100%| E|CS|TAMS 0x0000000089100000, 0x0000000089100000| Complete 
| 146|0x0000000089200000, 0x0000000089300000, 0x0000000089300000|100%| E|CS|TAMS 0x0000000089200000, 0x0000000089200000| Complete 
| 147|0x0000000089300000, 0x0000000089400000, 0x0000000089400000|100%| E|CS|TAMS 0x0000000089300000, 0x0000000089300000| Complete 
| 148|0x0000000089400000, 0x0000000089500000, 0x0000000089500000|100%| E|CS|TAMS 0x0000000089400000, 0x0000000089400000| Complete 
| 149|0x0000000089500000, 0x0000000089600000, 0x0000000089600000|100%| E|CS|TAMS 0x0000000089500000, 0x0000000089500000| Complete 
| 150|0x0000000089600000, 0x0000000089700000, 0x0000000089700000|100%| E|CS|TAMS 0x0000000089600000, 0x0000000089600000| Complete 
| 151|0x0000000089700000, 0x0000000089800000, 0x0000000089800000|100%| E|CS|TAMS 0x0000000089700000, 0x0000000089700000| Complete 
| 152|0x0000000089800000, 0x0000000089900000, 0x0000000089900000|100%| E|CS|TAMS 0x0000000089800000, 0x0000000089800000| Complete 
| 153|0x0000000089900000, 0x0000000089a00000, 0x0000000089a00000|100%| E|CS|TAMS 0x0000000089900000, 0x0000000089900000| Complete 
| 154|0x0000000089a00000, 0x0000000089b00000, 0x0000000089b00000|100%| E|CS|TAMS 0x0000000089a00000, 0x0000000089a00000| Complete 
| 155|0x0000000089b00000, 0x0000000089c00000, 0x0000000089c00000|100%| E|CS|TAMS 0x0000000089b00000, 0x0000000089b00000| Complete 

Card table byte_map: [0x0000027bfbe90000,0x0000027bfc290000] _byte_map_base: 0x0000027bfba90000

Marking Bits (Prev, Next): (CMBitMap*) 0x0000027bfbde3dd0, (CMBitMap*) 0x0000027bfbde3d98
 Prev Bits: [0x0000027b965d0000, 0x0000027b985d0000)
 Next Bits: [0x0000027bfc690000, 0x0000027bfe690000)

Polling page: 0x0000027bf9b70000

Metaspace:

Usage:
  Non-class:     25.18 MB capacity,    24.73 MB ( 98%) used,   353.16 KB (  1%) free+waste,   104.56 KB ( <1%) overhead. 
      Class:      3.63 MB capacity,     3.25 MB ( 90%) used,   329.74 KB (  9%) free+waste,    54.50 KB (  1%) overhead. 
       Both:     28.80 MB capacity,    27.98 MB ( 97%) used,   682.91 KB (  2%) free+waste,   159.06 KB ( <1%) overhead. 

Virtual space:
  Non-class space:       26.00 MB reserved,      25.42 MB ( 98%) committed 
      Class space:        1.00 GB reserved,       3.75 MB ( <1%) committed 
             Both:        1.03 GB reserved,      29.17 MB (  3%) committed 

Chunk freelists:
   Non-Class:  7.38 KB
       Class:  0 bytes
        Both:  7.38 KB

CodeHeap 'non-profiled nmethods': size=120064Kb used=980Kb max_used=980Kb free=119083Kb
 bounds [0x0000027b8f090000, 0x0000027b8f300000, 0x0000027b965d0000]
CodeHeap 'profiled nmethods': size=120000Kb used=4714Kb max_used=4714Kb free=115285Kb
 bounds [0x0000027b87b60000, 0x0000027b88000000, 0x0000027b8f090000]
CodeHeap 'non-nmethods': size=5696Kb used=1141Kb max_used=1164Kb free=4554Kb
 bounds [0x0000027b875d0000, 0x0000027b87840000, 0x0000027b87b60000]
 total_blobs=2761 nmethods=2306 adapters=366
 compilation: enabled
              stopped_count=0, restarted_count=0
 full_count=0

Compilation events (10 events):
Event: 5.171 Thread 0x0000027bfeac8000 2308   !   2       sun.net.www.ParseUtil::decode (317 bytes)
Event: 5.175 Thread 0x0000027bfeac8000 nmethod 2308 0x0000027b87ff3a90 code [0x0000027b87ff3e40, 0x0000027b87ff53f8]
Event: 5.176 Thread 0x0000027bfeac8000 2309       2       java.util.HashSet::isEmpty (8 bytes)
Event: 5.176 Thread 0x0000027bfeac8000 nmethod 2309 0x0000027b87ff6390 code [0x0000027b87ff6520, 0x0000027b87ff6638]
Event: 5.177 Thread 0x0000027bfeac8000 2310       2       sun.nio.fs.WindowsPath::elementAsString (62 bytes)
Event: 5.177 Thread 0x0000027bfeac8000 nmethod 2310 0x0000027b87ff6710 code [0x0000027b87ff68e0, 0x0000027b87ff6b28]
Event: 5.177 Thread 0x0000027bfeac8000 2311       2       org.springframework.util.StringUtils::delimitedListToStringArray (164 bytes)
Event: 5.179 Thread 0x0000027bfeac8000 nmethod 2311 0x0000027b87ff6d90 code [0x0000027b87ff7060, 0x0000027b87ff7d98]
Event: 5.181 Thread 0x0000027bfeac8000 2312       2       java.util.concurrent.ConcurrentHashMap$ValueIterator::<init> (12 bytes)
Event: 5.182 Thread 0x0000027bfeac8000 nmethod 2312 0x0000027b87ff8610 code [0x0000027b87ff87c0, 0x0000027b87ff8958]

GC Heap History (10 events):
Event: 0.851 GC heap before
{Heap before GC invocations=1 (full 0):
 garbage-first heap   total 131072K, used 8952K [0x0000000080000000, 0x0000000100000000)
  region size 1024K, 6 young (6144K), 1 survivors (1024K)
 Metaspace       used 9852K, capacity 10006K, committed 10240K, reserved 1058816K
  class space    used 906K, capacity 962K, committed 1024K, reserved 1048576K
}
Event: 0.857 GC heap after
{Heap after GC invocations=2 (full 0):
 garbage-first heap   total 131072K, used 8304K [0x0000000080000000, 0x0000000100000000)
  region size 1024K, 1 young (1024K), 1 survivors (1024K)
 Metaspace       used 9852K, capacity 10006K, committed 10240K, reserved 1058816K
  class space    used 906K, capacity 962K, committed 1024K, reserved 1048576K
}
Event: 1.281 GC heap before
{Heap before GC invocations=2 (full 0):
 garbage-first heap   total 131072K, used 16496K [0x0000000080000000, 0x0000000100000000)
  region size 1024K, 9 young (9216K), 1 survivors (1024K)
 Metaspace       used 11254K, capacity 11450K, committed 11648K, reserved 1060864K
  class space    used 1077K, capacity 1150K, committed 1152K, reserved 1048576K
}
Event: 1.283 GC heap after
{Heap after GC invocations=3 (full 0):
 garbage-first heap   total 131072K, used 8209K [0x0000000080000000, 0x0000000100000000)
  region size 1024K, 1 young (1024K), 1 survivors (1024K)
 Metaspace       used 11254K, capacity 11450K, committed 11648K, reserved 1060864K
  class space    used 1077K, capacity 1150K, committed 1152K, reserved 1048576K
}
Event: 1.904 GC heap before
{Heap before GC invocations=3 (full 0):
 garbage-first heap   total 131072K, used 21521K [0x0000000080000000, 0x0000000100000000)
  region size 1024K, 14 young (14336K), 1 survivors (1024K)
 Metaspace       used 13889K, capacity 14361K, committed 14464K, reserved 1062912K
  class space    used 1442K, capacity 1624K, committed 1664K, reserved 1048576K
}
Event: 1.909 GC heap after
{Heap after GC invocations=4 (full 0):
 garbage-first heap   total 131072K, used 8811K [0x0000000080000000, 0x0000000100000000)
  region size 1024K, 2 young (2048K), 2 survivors (2048K)
 Metaspace       used 13889K, capacity 14361K, committed 14464K, reserved 1062912K
  class space    used 1442K, capacity 1624K, committed 1664K, reserved 1048576K
}
Event: 2.640 GC heap before
{Heap before GC invocations=4 (full 0):
 garbage-first heap   total 131072K, used 30315K [0x0000000080000000, 0x0000000100000000)
  region size 1024K, 23 young (23552K), 2 survivors (2048K)
 Metaspace       used 16790K, capacity 17352K, committed 17536K, reserved 1064960K
  class space    used 1800K, capacity 2050K, committed 2176K, reserved 1048576K
}
Event: 2.646 GC heap after
{Heap after GC invocations=5 (full 0):
 garbage-first heap   total 131072K, used 9512K [0x0000000080000000, 0x0000000100000000)
  region size 1024K, 3 young (3072K), 3 survivors (3072K)
 Metaspace       used 16790K, capacity 17352K, committed 17536K, reserved 1064960K
  class space    used 1800K, capacity 2050K, committed 2176K, reserved 1048576K
}
Event: 3.622 GC heap before
{Heap before GC invocations=5 (full 0):
 garbage-first heap   total 131072K, used 31016K [0x0000000080000000, 0x0000000100000000)
  region size 1024K, 25 young (25600K), 3 survivors (3072K)
 Metaspace       used 20492K, capacity 21148K, committed 21296K, reserved 1069056K
  class space    used 2297K, capacity 2604K, committed 2688K, reserved 1048576K
}
Event: 3.633 GC heap after
{Heap after GC invocations=6 (full 0):
 garbage-first heap   total 159744K, used 10795K [0x0000000080000000, 0x0000000100000000)
  region size 1024K, 4 young (4096K), 4 survivors (4096K)
 Metaspace       used 20492K, capacity 21148K, committed 21296K, reserved 1069056K
  class space    used 2297K, capacity 2604K, committed 2688K, reserved 1048576K
}

Deoptimization events (10 events):
Event: 3.864 Thread 0x0000027bfbda8800 Uncommon trap: reason=unstable_if action=reinterpret pc=0x0000027b8f129d7c method=java.net.URL.<init>(Ljava/net/URL;Ljava/lang/String;Ljava/net/URLStreamHandler;)V @ 347 c2
Event: 4.388 Thread 0x0000027bfbda8800 Uncommon trap: reason=unstable_if action=reinterpret pc=0x0000027b8f0f8b50 method=java.util.concurrent.ConcurrentHashMap.get(Ljava/lang/Object;)Ljava/lang/Object; @ 76 c2
Event: 4.731 Thread 0x0000027b9b796800 Uncommon trap: reason=unstable_if action=reinterpret pc=0x0000027b8f14a7c4 method=java.nio.Buffer.limit(I)Ljava/nio/Buffer; @ 42 c2
Event: 4.757 Thread 0x0000027bfbda8800 Uncommon trap: reason=unstable_if action=reinterpret pc=0x0000027b8f0b6d88 method=java.util.jar.Manifest$FastInputStream.readLine([BII)I @ 130 c2
Event: 4.945 Thread 0x0000027b9a88f000 Uncommon trap: reason=unstable_if action=reinterpret pc=0x0000027b8f15f85c method=jdk.internal.org.objectweb.asm.Type.getArgumentsAndReturnSizes(Ljava/lang/String;)I @ 47 c2
Event: 4.945 Thread 0x0000027b9a88f000 Uncommon trap: reason=unstable_if action=reinterpret pc=0x0000027b8f163ae4 method=jdk.internal.org.objectweb.asm.Frame.push(Ljdk/internal/org/objectweb/asm/ClassWriter;Ljava/lang/String;)V @ 18 c2
Event: 5.035 Thread 0x0000027bfbda8800 Uncommon trap: reason=class_check action=maybe_recompile pc=0x0000027b8f1059e0 method=java.util.HashMap.putVal(ILjava/lang/Object;Ljava/lang/Object;ZZ)Ljava/lang/Object; @ 203 c2
Event: 5.040 Thread 0x0000027bfbda8800 Uncommon trap: reason=class_check action=maybe_recompile pc=0x0000027b8f1059e0 method=java.util.HashMap.putVal(ILjava/lang/Object;Ljava/lang/Object;ZZ)Ljava/lang/Object; @ 203 c2
Event: 5.142 Thread 0x0000027bfbda8800 Uncommon trap: reason=class_check action=maybe_recompile pc=0x0000027b8f1059e0 method=java.util.HashMap.putVal(ILjava/lang/Object;Ljava/lang/Object;ZZ)Ljava/lang/Object; @ 203 c2
Event: 5.179 Thread 0x0000027bfbda8800 Uncommon trap: reason=class_check action=maybe_recompile pc=0x0000027b8f1059e0 method=java.util.HashMap.putVal(ILjava/lang/Object;Ljava/lang/Object;ZZ)Ljava/lang/Object; @ 203 c2

Classes redefined (0 events):
No events

Internal exceptions (10 events):
Event: 4.427 Thread 0x0000027bfbda8800 Exception <a 'java/lang/ClassNotFoundException'{0x00000000885c0450}: org/springframework/beans/factory/AwareCustomizer> (0x00000000885c0450) thrown at [./open/src/hotspot/share/classfile/systemDictionary.cpp, line 226]
Event: 4.428 Thread 0x0000027bfbda8800 Exception <a 'java/lang/ClassNotFoundException'{0x00000000885d3f98}: org/springframework/context/EnvironmentAwareCustomizer> (0x00000000885d3f98) thrown at [./open/src/hotspot/share/classfile/systemDictionary.cpp, line 226]
Event: 4.429 Thread 0x0000027bfbda8800 Exception <a 'java/lang/ClassNotFoundException'{0x00000000885e79f0}: org/springframework/beans/factory/AwareCustomizer> (0x00000000885e79f0) thrown at [./open/src/hotspot/share/classfile/systemDictionary.cpp, line 226]
Event: 4.945 Thread 0x0000027b9a88f000 Exception <a 'java/lang/NoSuchMethodError'{0x0000000086fdb9d0}: java.lang.invoke.DirectMethodHandle$Holder.invokeSpecial(Ljava/lang/Object;Ljava/lang/Object;)J> (0x0000000086fdb9d0) thrown at [./open/src/hotspot/share/interpreter/linkResolver.cpp, line 77
Event: 4.947 Thread 0x0000027b9a88f000 Exception <a 'java/lang/NoSuchMethodError'{0x0000000086fe5d18}: java.lang.invoke.DirectMethodHandle$Holder.invokeStatic(Ljava/lang/Object;Ljava/lang/Object;)J> (0x0000000086fe5d18) thrown at [./open/src/hotspot/share/interpreter/linkResolver.cpp, line 772
Event: 4.955 Thread 0x0000027b9a88f000 Exception <a 'java/lang/NoSuchMethodError'{0x0000000086fe8b40}: java.lang.invoke.DirectMethodHandle$Holder.invokeStaticInit(Ljava/lang/Object;Ljava/lang/Object;)J> (0x0000000086fe8b40) thrown at [./open/src/hotspot/share/interpreter/linkResolver.cpp, line
Event: 4.957 Thread 0x0000027b9a88f000 Exception <a 'java/lang/NoSuchMethodError'{0x0000000086ff5000}: java.lang.invoke.DirectMethodHandle$Holder.invokeInterface(Ljava/lang/Object;Ljava/lang/Object;)J> (0x0000000086ff5000) thrown at [./open/src/hotspot/share/interpreter/linkResolver.cpp, line 
Event: 4.960 Thread 0x0000027b9a88f000 Exception <a 'java/lang/IncompatibleClassChangeError'{0x0000000086ff7d98}: Found class java.lang.Object, but interface was expected> (0x0000000086ff7d98) thrown at [./open/src/hotspot/share/interpreter/linkResolver.cpp, line 838]
Event: 4.995 Thread 0x0000027b9a88f000 Exception <a 'java/lang/NoSuchMethodError'{0x0000000086e98648}: java.lang.invoke.DirectMethodHandle$Holder.invokeVirtual(Ljava/lang/Object;Ljava/lang/Object;Ljava/lang/Object;Ljava/lang/Object;)Ljava/lang/Object;> (0x0000000086e98648) thrown at [./open/sr
Event: 5.009 Thread 0x0000027bfbda8800 Exception <a 'java/lang/IncompatibleClassChangeError'{0x0000000086d5a2b8}: Found class java.lang.Object, but interface was expected> (0x0000000086d5a2b8) thrown at [./open/src/hotspot/share/interpreter/linkResolver.cpp, line 838]

Events (10 events):
Event: 5.167 loading class org/springframework/core/annotation/MergedAnnotation done
Event: 5.167 loading class org/springframework/core/annotation/AnnotationAttributes
Event: 5.167 loading class org/springframework/core/annotation/AnnotationAttributes done
Event: 5.167 loading class org/springframework/core/annotation/MergedAnnotation
Event: 5.167 loading class org/springframework/core/annotation/MergedAnnotation done
Event: 5.168 loading class org/springframework/boot/autoconfigure/condition/OnPropertyCondition$Spec
Event: 5.168 loading class org/springframework/boot/autoconfigure/condition/OnPropertyCondition$Spec done
Event: 5.179 Thread 0x0000027bfbda8800 Uncommon trap: trap_request=0xffffffde fr.pc=0x0000027b8f1059e0 relative=0x0000000000000a60
Event: 5.179 Thread 0x0000027bfbda8800 DEOPT PACKING pc=0x0000027b8f1059e0 sp=0x000000b78f5fbf80
Event: 5.180 Thread 0x0000027bfbda8800 DEOPT UNPACKING pc=0x0000027b875d83af sp=0x000000b78f5fbf20 mode 2


Dynamic libraries:
0x00007ff6bef00000 - 0x00007ff6bef0f000 	C:\Program Files\Java\jdk-11.0.16\bin\java.exe
0x00007ffd21190000 - 0x00007ffd21388000 	C:\Windows\SYSTEM32\ntdll.dll
0x00007ffd1f460000 - 0x00007ffd1f51f000 	C:\Windows\System32\KERNEL32.DLL
0x00007ffd1e990000 - 0x00007ffd1ec62000 	C:\Windows\System32\KERNELBASE.dll
0x00007ffd1e890000 - 0x00007ffd1e990000 	C:\Windows\System32\ucrtbase.dll
0x00007ffd08420000 - 0x00007ffd08438000 	C:\Program Files\Java\jdk-11.0.16\bin\jli.dll
0x00007ffd20f80000 - 0x00007ffd2102e000 	C:\Windows\System32\ADVAPI32.dll
0x00007ffd21030000 - 0x00007ffd210ce000 	C:\Windows\System32\msvcrt.dll
0x00007ffd20950000 - 0x00007ffd209ec000 	C:\Windows\System32\sechost.dll
0x00007ffd20bd0000 - 0x00007ffd20cf5000 	C:\Windows\System32\RPCRT4.dll
0x00007ffd20de0000 - 0x00007ffd20f7d000 	C:\Windows\System32\USER32.dll
0x00007ffd1f030000 - 0x00007ffd1f052000 	C:\Windows\System32\win32u.dll
0x00007ffd1f1e0000 - 0x00007ffd1f20b000 	C:\Windows\System32\GDI32.dll
0x00007ffd1ef20000 - 0x00007ffd1f02f000 	C:\Windows\System32\gdi32full.dll
0x00007ffd1f110000 - 0x00007ffd1f1ad000 	C:\Windows\System32\msvcp_win.dll
0x00007ffd03540000 - 0x00007ffd03555000 	C:\Program Files\Java\jdk-11.0.16\bin\VCRUNTIME140.dll
0x00007ffd06390000 - 0x00007ffd0662a000 	C:\Windows\WinSxS\amd64_microsoft.windows.common-controls_6595b64144ccf1df_6.0.19041.1110_none_60b5254171f9507e\COMCTL32.dll
0x00007ffd176c0000 - 0x00007ffd176ca000 	C:\Windows\SYSTEM32\VERSION.dll
0x00007ffd20d10000 - 0x00007ffd20d42000 	C:\Windows\System32\IMM32.DLL
0x00007ffcfca10000 - 0x00007ffcfcaab000 	C:\Program Files\Java\jdk-11.0.16\bin\msvcp140.dll
0x00007ffcdbb20000 - 0x00007ffcdc638000 	C:\Program Files\Java\jdk-11.0.16\bin\server\jvm.dll
0x00007ffd20d00000 - 0x00007ffd20d08000 	C:\Windows\System32\PSAPI.DLL
0x00007ffd09450000 - 0x00007ffd09459000 	C:\Windows\SYSTEM32\WSOCK32.dll
0x00007ffd1f6d0000 - 0x00007ffd1f73b000 	C:\Windows\System32\WS2_32.dll
0x00007ffd039d0000 - 0x00007ffd039f7000 	C:\Windows\SYSTEM32\WINMM.dll
0x00007ffd1c730000 - 0x00007ffd1c742000 	C:\Windows\SYSTEM32\kernel.appcore.dll
0x00007ffd084a0000 - 0x00007ffd084b0000 	C:\Program Files\Java\jdk-11.0.16\bin\verify.dll
0x00007ffd18d80000 - 0x00007ffd18f64000 	C:\Windows\SYSTEM32\DBGHELP.DLL
0x00007ffd18d50000 - 0x00007ffd18d7c000 	C:\Windows\SYSTEM32\dbgcore.DLL
0x00007ffd1ec70000 - 0x00007ffd1ecf2000 	C:\Windows\System32\bcryptPrimitives.dll
0x00007ffd02680000 - 0x00007ffd026a8000 	C:\Program Files\Java\jdk-11.0.16\bin\java.dll
0x00007ffd03530000 - 0x00007ffd0353a000 	C:\Program Files\Java\jdk-11.0.16\bin\jimage.dll
0x00007ffcff570000 - 0x00007ffcff586000 	C:\Program Files\Java\jdk-11.0.16\bin\zip.dll
0x00007ffd1fd80000 - 0x00007ffd204c3000 	C:\Windows\System32\SHELL32.dll
0x00007ffd1c930000 - 0x00007ffd1d0c2000 	C:\Windows\SYSTEM32\windows.storage.dll
0x00007ffd1f750000 - 0x00007ffd1faa4000 	C:\Windows\System32\combase.dll
0x00007ffd1e130000 - 0x00007ffd1e160000 	C:\Windows\SYSTEM32\Wldp.dll
0x00007ffd209f0000 - 0x00007ffd20a9d000 	C:\Windows\System32\SHCORE.dll
0x00007ffd1fb90000 - 0x00007ffd1fbe5000 	C:\Windows\System32\shlwapi.dll
0x00007ffd1e7d0000 - 0x00007ffd1e7ef000 	C:\Windows\SYSTEM32\profapi.dll
0x00007ffcfe110000 - 0x00007ffcfe129000 	C:\Program Files\Java\jdk-11.0.16\bin\net.dll
0x00007ffd17320000 - 0x00007ffd1742c000 	C:\Windows\SYSTEM32\WINHTTP.dll
0x00007ffd1df10000 - 0x00007ffd1df7a000 	C:\Windows\system32\mswsock.dll
0x00007ffcfdf60000 - 0x00007ffcfdf72000 	C:\Program Files\Java\jdk-11.0.16\bin\nio.dll
0x00007ffcff540000 - 0x00007ffcff549000 	C:\Program Files\Java\jdk-11.0.16\bin\management.dll
0x00007ffcff110000 - 0x00007ffcff11b000 	C:\Program Files\Java\jdk-11.0.16\bin\management_ext.dll
0x00007ffd07880000 - 0x00007ffd07897000 	C:\Windows\system32\napinsp.dll
0x00007ffd07330000 - 0x00007ffd0734b000 	C:\Windows\system32\pnrpnsp.dll
0x00007ffd07310000 - 0x00007ffd07325000 	C:\Windows\system32\wshbth.dll
0x00007ffd196e0000 - 0x00007ffd196fd000 	C:\Windows\system32\NLAapi.dll
0x00007ffd1dc20000 - 0x00007ffd1dc5b000 	C:\Windows\SYSTEM32\IPHLPAPI.DLL
0x00007ffd1dcb0000 - 0x00007ffd1dd7a000 	C:\Windows\SYSTEM32\DNSAPI.dll
0x00007ffd1f740000 - 0x00007ffd1f748000 	C:\Windows\System32\NSI.dll
0x00007ffd072f0000 - 0x00007ffd07302000 	C:\Windows\System32\winrnr.dll
0x00007ffd16650000 - 0x00007ffd1665a000 	C:\Windows\System32\rasadhlp.dll
0x00007ffd17550000 - 0x00007ffd175d0000 	C:\Windows\System32\fwpuclnt.dll
0x00007ffd1f1b0000 - 0x00007ffd1f1d7000 	C:\Windows\System32\bcrypt.dll

dbghelp: loaded successfully - version: 4.0.5 - missing functions: none
symbol engine: initialized successfully - sym options: 0x614 - pdb path: .;C:\Program Files\Java\jdk-11.0.16\bin;C:\Windows\SYSTEM32;C:\Windows\WinSxS\amd64_microsoft.windows.common-controls_6595b64144ccf1df_6.0.19041.1110_none_60b5254171f9507e;C:\Program Files\Java\jdk-11.0.16\bin\server

VM Arguments:
java_command: C:\Users\sfjbs\AppData\Local\Temp\surefire18121705157416876739\surefirebooter15454805212258276895.jar C:\Users\sfjbs\AppData\Local\Temp\surefire18121705157416876739 2022-11-13T16-49-23_738-jvmRun1 surefire1111308715137377853tmp surefire_01854406752207980798tmp
java_class_path (initial): C:\Users\sfjbs\AppData\Local\Temp\surefire18121705157416876739\surefirebooter15454805212258276895.jar
Launcher Type: SUN_STANDARD

[Global flags]
     intx CICompilerCount                          = 2                                         {product} {ergonomic}
     uint ConcGCThreads                            = 1                                         {product} {ergonomic}
     uint G1ConcRefinementThreads                  = 2                                         {product} {ergonomic}
   size_t G1HeapRegionSize                         = 1048576                                   {product} {ergonomic}
    uintx GCDrainStackTargetSize                   = 64                                        {product} {ergonomic}
   size_t InitialHeapSize                          = 134217728                                 {product} {ergonomic}
   size_t MarkStackSize                            = 4194304                                   {product} {ergonomic}
   size_t MaxHeapSize                              = 2147483648                                {product} {ergonomic}
   size_t MaxNewSize                               = 1287651328                                {product} {ergonomic}
   size_t MinHeapDeltaBytes                        = 1048576                                   {product} {ergonomic}
    uintx NonNMethodCodeHeapSize                   = 5825164                                {pd product} {ergonomic}
    uintx NonProfiledCodeHeapSize                  = 122916538                              {pd product} {ergonomic}
    uintx ProfiledCodeHeapSize                     = 122916538                              {pd product} {ergonomic}
    uintx ReservedCodeCacheSize                    = 251658240                              {pd product} {ergonomic}
     bool SegmentedCodeCache                       = true                                      {product} {ergonomic}
     bool UseCompressedClassPointers               = true                                 {lp64_product} {ergonomic}
     bool UseCompressedOops                        = true                                 {lp64_product} {ergonomic}
     bool UseG1GC                                  = true                                      {product} {ergonomic}
     bool UseLargePagesIndividualAllocation        = false                                  {pd product} {ergonomic}

Logging:
Log output configuration:
 #0: stdout all=warning uptime,level,tags
 #1: stderr all=off uptime,level,tags

Environment Variables:
PATH=C:\Program Files\Common Files\Oracle\Java\javapath;C:\Windows\system32;C:\Windows;C:\Windows\System32\Wbem;C:\Windows\System32\WindowsPowerShell\v1.0\;C:\Windows\System32\OpenSSH\;C:\Users\sfjbs\Downloads\micro service-20221021T071039Z-001\micro service\apache-maven-3.8.5-bin\apache-maven-3.8.5\bin;C:\Users\sfjbs\Downloads\micro service-20221021T071039Z-001\micro service\apache-maven-3.8.5-bin\apache-maven-3.8.5\lib;C:\Program Files\Git\cmd;C:\Program Files\Docker\Docker\resources\bin;C:\Users\sfjbs\AppData\Local\Microsoft\WindowsApps;C:\Users\sfjbs\Downloads\micro service-20221021T071039Z-001\micro service\apache-maven-3.8.5-bin\apache-maven-3.8.5\bin;C:\Users\sfjbs\Downloads\micro service-20221021T071039Z-001\micro service\apache-maven-3.8.5-bin\apache-maven-3.8.5\lib;;C:\Program Files\JetBrains\IntelliJ IDEA Community Edition 2022.2.1\bin;
USERNAME=sfjbs
OS=Windows_NT
PROCESSOR_IDENTIFIER=Intel64 Family 6 Model 85 Stepping 7, GenuineIntel



---------------  S Y S T E M  ---------------

OS: Windows 10 , 64 bit Build 19041 (10.0.19041.2251)
Hyper-V role detected

CPU:total 2 (initial active 2) (1 cores per cpu, 2 threads per core) family 6 model 85 stepping 7 microcode 0xffffffff, cmov, cx8, fxsr, mmx, sse, sse2, sse3, ssse3, sse4.1, sse4.2, popcnt, avx, avx2, aes, clmul, erms, rtm, 3dnowpref, lzcnt, ht, tsc, bmi1, bmi2, adx, evex, fma

Memory: 4k page, system-wide physical 8190M (532M free)
TotalPageFile size 10238M (AvailPageFile size 4M)
current process WorkingSet (physical memory assigned to process): 157M, peak: 158M
current process commit charge ("private bytes"): 283M, peak: 285M

vm_info: Java HotSpot(TM) 64-Bit Server VM (11.0.16+11-LTS-199) for windows-amd64 JRE (11.0.16+11-LTS-199), built on Jun 28 2022 08:23:17 by "mach5one" with MS VC++ 15.9 (VS2017)

END.
