#
# There is insufficient memory for the Java Runtime Environment to continue.
# Native memory allocation (mmap) failed to map 31457280 bytes for Failed to commit area from 0x0000000088000000 to 0x0000000089e00000 of length 31457280.
# Possible reasons:
#   The system is out of physical RAM or swap space
#   The process is running with CompressedOops enabled, and the Java Heap may be blocking the growth of the native heap
# Possible solutions:
#   Reduce memory load on the system
#   Increase physical memory or swap space
#   Check if swap backing store is full
#   Decrease Java heap size (-Xmx/-Xms)
#   Decrease number of Java threads
#   Decrease Java thread stack sizes (-Xss)
#   Set larger code cache with -XX:ReservedCodeCacheSize=
#   JVM is running with Unscaled Compressed Oops mode in which the Java heap is
#     placed in the first 4GB address space. The Java Heap base address is the
#     maximum limit for the native heap growth. Please use -XX:HeapBaseMinAddress
#     to set the Java Heap base and to place the Java Heap above 4GB virtual address.
# This output file may be truncated or incomplete.
#
#  Out of Memory Error (./open/src/hotspot/os/windows/os_windows.cpp:3287), pid=11820, tid=11452
#
# JRE version: Java(TM) SE Runtime Environment 18.9 (11.0.16+11) (build 11.0.16+11-LTS-199)
# Java VM: Java HotSpot(TM) 64-Bit Server VM 18.9 (11.0.16+11-LTS-199, mixed mode, tiered, compressed oops, g1 gc, windows-amd64)
# No core dump will be written. Minidumps are not enabled by default on client versions of Windows
#

---------------  S U M M A R Y ------------

Command Line: -Xverify:none -XX:TieredStopAtLevel=1 com.example.pensionmanagementsystem.PensionManagementSystemApplication

Host: Intel(R) Xeon(R) Platinum 8272CL CPU @ 2.60GHz, 2 cores, 7G,  Windows 10 , 64 bit Build 19041 (10.0.19041.2251)
Time: Sun Nov 13 11:45:14 2022 Coordinated Universal Time elapsed time: 3.299709 seconds (0d 0h 0m 3s)

---------------  T H R E A D  ---------------

Current thread (0x000001b6a6b80000):  VMThread "VM Thread" [stack: 0x0000009b39200000,0x0000009b39300000] [id=11452]

Stack: [0x0000009b39200000,0x0000009b39300000]
[error occurred during error reporting (printing stack bounds), id 0xc0000005, EXCEPTION_ACCESS_VIOLATION (0xc0000005) at pc=0x000001b690de10e7]

Native frames: (J=compiled Java code, j=interpreted, Vv=VM code, C=native code)
V  [jvm.dll+0x62a3ea]
V  [jvm.dll+0x76418f]
V  [jvm.dll+0x765839]
V  [jvm.dll+0x765e25]
V  [jvm.dll+0x765ddb]
V  [jvm.dll+0x6298d3]
V  [jvm.dll+0x629fe8]
C  [ntdll.dll+0xa241f]
C  [ntdll.dll+0x514a4]
C  [ntdll.dll+0xa0f4e]
C  0x000001b690de10e7

VM_Operation (0x0000009b38bfd7b0): G1CollectForAllocation, mode: safepoint, requested by thread 0x000001b689730800


---------------  P R O C E S S  ---------------

Threads class SMR info:
_java_thread_list=0x000001b6a7f6a410, length=9, elements={
0x000001b689730800, 0x000001b6a6b81800, 0x000001b6a6b82800, 0x000001b6a6ba3000,
0x000001b6a6ba8000, 0x000001b6a6ba9000, 0x000001b6a6baa000, 0x000001b6a6bca000,
0x000001b6a751c800
}

Java Threads: ( => current thread )
  0x000001b689730800 JavaThread "main" [_thread_blocked, id=10588, stack(0x0000009b38b00000,0x0000009b38c00000)]
  0x000001b6a6b81800 JavaThread "Reference Handler" daemon [_thread_blocked, id=5464, stack(0x0000009b39300000,0x0000009b39400000)]
  0x000001b6a6b82800 JavaThread "Finalizer" daemon [_thread_blocked, id=11464, stack(0x0000009b39400000,0x0000009b39500000)]
  0x000001b6a6ba3000 JavaThread "Signal Dispatcher" daemon [_thread_blocked, id=8468, stack(0x0000009b39500000,0x0000009b39600000)]
  0x000001b6a6ba8000 JavaThread "Attach Listener" daemon [_thread_blocked, id=10164, stack(0x0000009b39600000,0x0000009b39700000)]
  0x000001b6a6ba9000 JavaThread "Service Thread" daemon [_thread_blocked, id=10948, stack(0x0000009b39700000,0x0000009b39800000)]
  0x000001b6a6baa000 JavaThread "C1 CompilerThread0" daemon [_thread_blocked, id=6828, stack(0x0000009b39800000,0x0000009b39900000)]
  0x000001b6a6bca000 JavaThread "Sweeper thread" daemon [_thread_blocked, id=8964, stack(0x0000009b39900000,0x0000009b39a00000)]
  0x000001b6a751c800 JavaThread "Common-Cleaner" daemon [_thread_blocked, id=3488, stack(0x0000009b39b00000,0x0000009b39c00000)]

Other Threads:
=>0x000001b6a6b80000 VMThread "VM Thread" [stack: 0x0000009b39200000,0x0000009b39300000] [id=11452]
  0x000001b6a7517800 WatcherThread [stack: 0x0000009b39a00000,0x0000009b39b00000] [id=4064]
  0x000001b689744800 GCTaskThread "GC Thread#0" [stack: 0x0000009b38d00000,0x0000009b38e00000] [id=7960]
  0x000001b6a7850800 GCTaskThread "GC Thread#1" [stack: 0x0000009b39c00000,0x0000009b39d00000] [id=6320]
  0x000001b689775000 ConcurrentGCThread "G1 Main Marker" [stack: 0x0000009b38e00000,0x0000009b38f00000] [id=11404]
  0x000001b689776800 ConcurrentGCThread "G1 Conc#0" [stack: 0x0000009b38f00000,0x0000009b39000000] [id=7256]
  0x000001b6897fd000 ConcurrentGCThread "G1 Refine#0" [stack: 0x0000009b39000000,0x0000009b39100000] [id=10928]
  0x000001b6897ff000 ConcurrentGCThread "G1 Young RemSet Sampling" [stack: 0x0000009b39100000,0x0000009b39200000] [id=10828]

Threads with active compile tasks:

VM state:at safepoint (normal execution)

VM Mutex/Monitor currently owned by a thread:  ([mutex/lock_event])
[0x000001b68972a720] Threads_lock - owner thread: 0x000001b6a6b80000
[0x000001b689729910] Heap_lock - owner thread: 0x000001b689730800

Heap address: 0x0000000080000000, size: 2048 MB, Compressed Oops mode: 32-bit
Narrow klass base: 0x0000000000000000, Narrow klass shift: 3
Compressed class space size: 1073741824 Address: 0x0000000100000000

Heap:
 garbage-first heap   total 161792K, used 8852K [0x0000000080000000, 0x0000000100000000)
  region size 1024K, 3 young (3072K), 3 survivors (3072K)
 Metaspace       used 19572K, capacity 20090K, committed 20224K, reserved 1067008K
  class space    used 2270K, capacity 2480K, committed 2560K, reserved 1048576K
Heap Regions: E=young(eden), S=young(survivor), O=old, HS=humongous(starts), HC=humongous(continues), CS=collection set, F=free, A=archive, TAMS=top-at-mark-start (previous, next)
|   0|0x0000000080000000, 0x0000000080100000, 0x0000000080100000|100%|HS|  |TAMS 0x0000000080000000, 0x0000000080000000| Complete 
|   1|0x0000000080100000, 0x0000000080200000, 0x0000000080200000|100%| O|  |TAMS 0x0000000080100000, 0x0000000080100000| Untracked 
|   2|0x0000000080200000, 0x0000000080300000, 0x0000000080300000|100%| O|  |TAMS 0x0000000080200000, 0x0000000080200000| Untracked 
|   3|0x0000000080300000, 0x0000000080400000, 0x0000000080400000|100%| O|  |TAMS 0x0000000080300000, 0x0000000080300000| Untracked 
|   4|0x0000000080400000, 0x0000000080500000, 0x0000000080500000|100%| O|  |TAMS 0x0000000080400000, 0x0000000080400000| Untracked 
|   5|0x0000000080500000, 0x0000000080600000, 0x0000000080600000|100%| O|  |TAMS 0x0000000080500000, 0x0000000080500000| Untracked 
|   6|0x0000000080600000, 0x0000000080603200, 0x0000000080700000|  1%| O|  |TAMS 0x0000000080600000, 0x0000000080600000| Untracked 
|   7|0x0000000080700000, 0x0000000080700000, 0x0000000080800000|  0%| F|  |TAMS 0x0000000080700000, 0x0000000080700000| Untracked 
|   8|0x0000000080800000, 0x0000000080800000, 0x0000000080900000|  0%| F|  |TAMS 0x0000000080800000, 0x0000000080800000| Untracked 
|   9|0x0000000080900000, 0x0000000080900000, 0x0000000080a00000|  0%| F|  |TAMS 0x0000000080900000, 0x0000000080900000| Untracked 
|  10|0x0000000080a00000, 0x0000000080a00000, 0x0000000080b00000|  0%| F|  |TAMS 0x0000000080a00000, 0x0000000080a00000| Untracked 
|  11|0x0000000080b00000, 0x0000000080b00000, 0x0000000080c00000|  0%| F|  |TAMS 0x0000000080b00000, 0x0000000080b00000| Untracked 
|  12|0x0000000080c00000, 0x0000000080c00000, 0x0000000080d00000|  0%| F|  |TAMS 0x0000000080c00000, 0x0000000080c00000| Untracked 
|  13|0x0000000080d00000, 0x0000000080d00000, 0x0000000080e00000|  0%| F|  |TAMS 0x0000000080d00000, 0x0000000080d00000| Untracked 
|  14|0x0000000080e00000, 0x0000000080e00000, 0x0000000080f00000|  0%| F|  |TAMS 0x0000000080e00000, 0x0000000080e00000| Untracked 
|  15|0x0000000080f00000, 0x0000000080f00000, 0x0000000081000000|  0%| F|  |TAMS 0x0000000080f00000, 0x0000000080f00000| Untracked 
|  16|0x0000000081000000, 0x0000000081000000, 0x0000000081100000|  0%| F|  |TAMS 0x0000000081000000, 0x0000000081000000| Untracked 
|  17|0x0000000081100000, 0x0000000081100000, 0x0000000081200000|  0%| F|  |TAMS 0x0000000081100000, 0x0000000081100000| Untracked 
|  18|0x0000000081200000, 0x0000000081200000, 0x0000000081300000|  0%| F|  |TAMS 0x0000000081200000, 0x0000000081200000| Untracked 
|  19|0x0000000081300000, 0x0000000081300000, 0x0000000081400000|  0%| F|  |TAMS 0x0000000081300000, 0x0000000081300000| Untracked 
|  20|0x0000000081400000, 0x0000000081400000, 0x0000000081500000|  0%| F|  |TAMS 0x0000000081400000, 0x0000000081400000| Untracked 
|  21|0x0000000081500000, 0x0000000081500000, 0x0000000081600000|  0%| F|  |TAMS 0x0000000081500000, 0x0000000081500000| Untracked 
|  22|0x0000000081600000, 0x0000000081600000, 0x0000000081700000|  0%| F|  |TAMS 0x0000000081600000, 0x0000000081600000| Untracked 
|  23|0x0000000081700000, 0x0000000081700000, 0x0000000081800000|  0%| F|  |TAMS 0x0000000081700000, 0x0000000081700000| Untracked 
|  24|0x0000000081800000, 0x0000000081800000, 0x0000000081900000|  0%| F|  |TAMS 0x0000000081800000, 0x0000000081800000| Untracked 
|  25|0x0000000081900000, 0x0000000081900000, 0x0000000081a00000|  0%| F|  |TAMS 0x0000000081900000, 0x0000000081900000| Untracked 
|  26|0x0000000081a00000, 0x0000000081a00000, 0x0000000081b00000|  0%| F|  |TAMS 0x0000000081a00000, 0x0000000081a00000| Untracked 
|  27|0x0000000081b00000, 0x0000000081b00000, 0x0000000081c00000|  0%| F|  |TAMS 0x0000000081b00000, 0x0000000081b00000| Untracked 
|  28|0x0000000081c00000, 0x0000000081c00000, 0x0000000081d00000|  0%| F|  |TAMS 0x0000000081c00000, 0x0000000081c00000| Untracked 
|  29|0x0000000081d00000, 0x0000000081d00000, 0x0000000081e00000|  0%| F|  |TAMS 0x0000000081d00000, 0x0000000081d00000| Untracked 
|  30|0x0000000081e00000, 0x0000000081e00000, 0x0000000081f00000|  0%| F|  |TAMS 0x0000000081e00000, 0x0000000081e00000| Untracked 
|  31|0x0000000081f00000, 0x0000000081f00000, 0x0000000082000000|  0%| F|  |TAMS 0x0000000081f00000, 0x0000000081f00000| Untracked 
|  32|0x0000000082000000, 0x0000000082000000, 0x0000000082100000|  0%| F|  |TAMS 0x0000000082000000, 0x0000000082000000| Untracked 
|  33|0x0000000082100000, 0x0000000082100000, 0x0000000082200000|  0%| F|  |TAMS 0x0000000082100000, 0x0000000082100000| Untracked 
|  34|0x0000000082200000, 0x0000000082200000, 0x0000000082300000|  0%| F|  |TAMS 0x0000000082200000, 0x0000000082200000| Untracked 
|  35|0x0000000082300000, 0x0000000082300000, 0x0000000082400000|  0%| F|  |TAMS 0x0000000082300000, 0x0000000082300000| Untracked 
|  36|0x0000000082400000, 0x0000000082400000, 0x0000000082500000|  0%| F|  |TAMS 0x0000000082400000, 0x0000000082400000| Untracked 
|  37|0x0000000082500000, 0x0000000082500000, 0x0000000082600000|  0%| F|  |TAMS 0x0000000082500000, 0x0000000082500000| Untracked 
|  38|0x0000000082600000, 0x0000000082600000, 0x0000000082700000|  0%| F|  |TAMS 0x0000000082600000, 0x0000000082600000| Untracked 
|  39|0x0000000082700000, 0x0000000082700000, 0x0000000082800000|  0%| F|  |TAMS 0x0000000082700000, 0x0000000082700000| Untracked 
|  40|0x0000000082800000, 0x0000000082800000, 0x0000000082900000|  0%| F|  |TAMS 0x0000000082800000, 0x0000000082800000| Untracked 
|  41|0x0000000082900000, 0x0000000082900000, 0x0000000082a00000|  0%| F|  |TAMS 0x0000000082900000, 0x0000000082900000| Untracked 
|  42|0x0000000082a00000, 0x0000000082a00000, 0x0000000082b00000|  0%| F|  |TAMS 0x0000000082a00000, 0x0000000082a00000| Untracked 
|  43|0x0000000082b00000, 0x0000000082b00000, 0x0000000082c00000|  0%| F|  |TAMS 0x0000000082b00000, 0x0000000082b00000| Untracked 
|  44|0x0000000082c00000, 0x0000000082c00000, 0x0000000082d00000|  0%| F|  |TAMS 0x0000000082c00000, 0x0000000082c00000| Untracked 
|  45|0x0000000082d00000, 0x0000000082d00000, 0x0000000082e00000|  0%| F|  |TAMS 0x0000000082d00000, 0x0000000082d00000| Untracked 
|  46|0x0000000082e00000, 0x0000000082e00000, 0x0000000082f00000|  0%| F|  |TAMS 0x0000000082e00000, 0x0000000082e00000| Untracked 
|  47|0x0000000082f00000, 0x0000000082f00000, 0x0000000083000000|  0%| F|  |TAMS 0x0000000082f00000, 0x0000000082f00000| Untracked 
|  48|0x0000000083000000, 0x0000000083000000, 0x0000000083100000|  0%| F|  |TAMS 0x0000000083000000, 0x0000000083000000| Untracked 
|  49|0x0000000083100000, 0x0000000083100000, 0x0000000083200000|  0%| F|  |TAMS 0x0000000083100000, 0x0000000083100000| Untracked 
|  50|0x0000000083200000, 0x0000000083200000, 0x0000000083300000|  0%| F|  |TAMS 0x0000000083200000, 0x0000000083200000| Untracked 
|  51|0x0000000083300000, 0x0000000083300000, 0x0000000083400000|  0%| F|  |TAMS 0x0000000083300000, 0x0000000083300000| Untracked 
|  52|0x0000000083400000, 0x0000000083400000, 0x0000000083500000|  0%| F|  |TAMS 0x0000000083400000, 0x0000000083400000| Untracked 
|  53|0x0000000083500000, 0x0000000083500000, 0x0000000083600000|  0%| F|  |TAMS 0x0000000083500000, 0x0000000083500000| Untracked 
|  54|0x0000000083600000, 0x0000000083600000, 0x0000000083700000|  0%| F|  |TAMS 0x0000000083600000, 0x0000000083600000| Untracked 
|  55|0x0000000083700000, 0x0000000083700000, 0x0000000083800000|  0%| F|  |TAMS 0x0000000083700000, 0x0000000083700000| Untracked 
|  56|0x0000000083800000, 0x0000000083800000, 0x0000000083900000|  0%| F|  |TAMS 0x0000000083800000, 0x0000000083800000| Untracked 
|  57|0x0000000083900000, 0x0000000083900000, 0x0000000083a00000|  0%| F|  |TAMS 0x0000000083900000, 0x0000000083900000| Untracked 
|  58|0x0000000083a00000, 0x0000000083a00000, 0x0000000083b00000|  0%| F|  |TAMS 0x0000000083a00000, 0x0000000083a00000| Untracked 
|  59|0x0000000083b00000, 0x0000000083b00000, 0x0000000083c00000|  0%| F|  |TAMS 0x0000000083b00000, 0x0000000083b00000| Untracked 
|  60|0x0000000083c00000, 0x0000000083c00000, 0x0000000083d00000|  0%| F|  |TAMS 0x0000000083c00000, 0x0000000083c00000| Untracked 
|  61|0x0000000083d00000, 0x0000000083d00000, 0x0000000083e00000|  0%| F|  |TAMS 0x0000000083d00000, 0x0000000083d00000| Untracked 
|  62|0x0000000083e00000, 0x0000000083e00000, 0x0000000083f00000|  0%| F|  |TAMS 0x0000000083e00000, 0x0000000083e00000| Untracked 
|  63|0x0000000083f00000, 0x0000000083f00000, 0x0000000084000000|  0%| F|  |TAMS 0x0000000083f00000, 0x0000000083f00000| Untracked 
|  64|0x0000000084000000, 0x0000000084000000, 0x0000000084100000|  0%| F|  |TAMS 0x0000000084000000, 0x0000000084000000| Untracked 
|  65|0x0000000084100000, 0x0000000084100000, 0x0000000084200000|  0%| F|  |TAMS 0x0000000084100000, 0x0000000084100000| Untracked 
|  66|0x0000000084200000, 0x0000000084200000, 0x0000000084300000|  0%| F|  |TAMS 0x0000000084200000, 0x0000000084200000| Untracked 
|  67|0x0000000084300000, 0x0000000084300000, 0x0000000084400000|  0%| F|  |TAMS 0x0000000084300000, 0x0000000084300000| Untracked 
|  68|0x0000000084400000, 0x0000000084400000, 0x0000000084500000|  0%| F|  |TAMS 0x0000000084400000, 0x0000000084400000| Untracked 
|  69|0x0000000084500000, 0x0000000084500000, 0x0000000084600000|  0%| F|  |TAMS 0x0000000084500000, 0x0000000084500000| Untracked 
|  70|0x0000000084600000, 0x0000000084600000, 0x0000000084700000|  0%| F|  |TAMS 0x0000000084600000, 0x0000000084600000| Untracked 
|  71|0x0000000084700000, 0x0000000084700000, 0x0000000084800000|  0%| F|  |TAMS 0x0000000084700000, 0x0000000084700000| Untracked 
|  72|0x0000000084800000, 0x0000000084800000, 0x0000000084900000|  0%| F|  |TAMS 0x0000000084800000, 0x0000000084800000| Untracked 
|  73|0x0000000084900000, 0x0000000084900000, 0x0000000084a00000|  0%| F|  |TAMS 0x0000000084900000, 0x0000000084900000| Untracked 
|  74|0x0000000084a00000, 0x0000000084a00000, 0x0000000084b00000|  0%| F|  |TAMS 0x0000000084a00000, 0x0000000084a00000| Untracked 
|  75|0x0000000084b00000, 0x0000000084b00000, 0x0000000084c00000|  0%| F|  |TAMS 0x0000000084b00000, 0x0000000084b00000| Untracked 
|  76|0x0000000084c00000, 0x0000000084c00000, 0x0000000084d00000|  0%| F|  |TAMS 0x0000000084c00000, 0x0000000084c00000| Untracked 
|  77|0x0000000084d00000, 0x0000000084d00000, 0x0000000084e00000|  0%| F|  |TAMS 0x0000000084d00000, 0x0000000084d00000| Untracked 
|  78|0x0000000084e00000, 0x0000000084e00000, 0x0000000084f00000|  0%| F|  |TAMS 0x0000000084e00000, 0x0000000084e00000| Untracked 
|  79|0x0000000084f00000, 0x0000000084f00000, 0x0000000085000000|  0%| F|  |TAMS 0x0000000084f00000, 0x0000000084f00000| Untracked 
|  80|0x0000000085000000, 0x0000000085000000, 0x0000000085100000|  0%| F|  |TAMS 0x0000000085000000, 0x0000000085000000| Untracked 
|  81|0x0000000085100000, 0x0000000085100000, 0x0000000085200000|  0%| F|  |TAMS 0x0000000085100000, 0x0000000085100000| Untracked 
|  82|0x0000000085200000, 0x0000000085200000, 0x0000000085300000|  0%| F|  |TAMS 0x0000000085200000, 0x0000000085200000| Untracked 
|  83|0x0000000085300000, 0x0000000085300000, 0x0000000085400000|  0%| F|  |TAMS 0x0000000085300000, 0x0000000085300000| Untracked 
|  84|0x0000000085400000, 0x0000000085400000, 0x0000000085500000|  0%| F|  |TAMS 0x0000000085400000, 0x0000000085400000| Untracked 
|  85|0x0000000085500000, 0x0000000085500000, 0x0000000085600000|  0%| F|  |TAMS 0x0000000085500000, 0x0000000085500000| Untracked 
|  86|0x0000000085600000, 0x0000000085600000, 0x0000000085700000|  0%| F|  |TAMS 0x0000000085600000, 0x0000000085600000| Untracked 
|  87|0x0000000085700000, 0x0000000085700000, 0x0000000085800000|  0%| F|  |TAMS 0x0000000085700000, 0x0000000085700000| Untracked 
|  88|0x0000000085800000, 0x0000000085800000, 0x0000000085900000|  0%| F|  |TAMS 0x0000000085800000, 0x0000000085800000| Untracked 
|  89|0x0000000085900000, 0x0000000085900000, 0x0000000085a00000|  0%| F|  |TAMS 0x0000000085900000, 0x0000000085900000| Untracked 
|  90|0x0000000085a00000, 0x0000000085a00000, 0x0000000085b00000|  0%| F|  |TAMS 0x0000000085a00000, 0x0000000085a00000| Untracked 
|  91|0x0000000085b00000, 0x0000000085b00000, 0x0000000085c00000|  0%| F|  |TAMS 0x0000000085b00000, 0x0000000085b00000| Untracked 
|  92|0x0000000085c00000, 0x0000000085c00000, 0x0000000085d00000|  0%| F|  |TAMS 0x0000000085c00000, 0x0000000085c00000| Untracked 
|  93|0x0000000085d00000, 0x0000000085d00000, 0x0000000085e00000|  0%| F|  |TAMS 0x0000000085d00000, 0x0000000085d00000| Untracked 
|  94|0x0000000085e00000, 0x0000000085e00000, 0x0000000085f00000|  0%| F|  |TAMS 0x0000000085e00000, 0x0000000085e00000| Untracked 
|  95|0x0000000085f00000, 0x0000000085f00000, 0x0000000086000000|  0%| F|  |TAMS 0x0000000085f00000, 0x0000000085f00000| Untracked 
|  96|0x0000000086000000, 0x0000000086000000, 0x0000000086100000|  0%| F|  |TAMS 0x0000000086000000, 0x0000000086000000| Untracked 
|  97|0x0000000086100000, 0x00000000861a1fd0, 0x0000000086200000| 63%| S|CS|TAMS 0x0000000086100000, 0x0000000086100000| Complete 
|  98|0x0000000086200000, 0x0000000086300000, 0x0000000086300000|100%| S|CS|TAMS 0x0000000086200000, 0x0000000086200000| Complete 
|  99|0x0000000086300000, 0x0000000086400000, 0x0000000086400000|100%| S|CS|TAMS 0x0000000086300000, 0x0000000086300000| Complete 
| 100|0x0000000086400000, 0x0000000086400000, 0x0000000086500000|  0%| F|  |TAMS 0x0000000086400000, 0x0000000086400000| Untracked 
| 101|0x0000000086500000, 0x0000000086500000, 0x0000000086600000|  0%| F|  |TAMS 0x0000000086500000, 0x0000000086500000| Untracked 
| 102|0x0000000086600000, 0x0000000086600000, 0x0000000086700000|  0%| F|  |TAMS 0x0000000086600000, 0x0000000086600000| Untracked 
| 103|0x0000000086700000, 0x0000000086700000, 0x0000000086800000|  0%| F|  |TAMS 0x0000000086700000, 0x0000000086700000| Untracked 
| 104|0x0000000086800000, 0x0000000086800000, 0x0000000086900000|  0%| F|  |TAMS 0x0000000086800000, 0x0000000086800000| Untracked 
| 105|0x0000000086900000, 0x0000000086900000, 0x0000000086a00000|  0%| F|  |TAMS 0x0000000086900000, 0x0000000086900000| Untracked 
| 106|0x0000000086a00000, 0x0000000086a00000, 0x0000000086b00000|  0%| F|  |TAMS 0x0000000086a00000, 0x0000000086a00000| Untracked 
| 107|0x0000000086b00000, 0x0000000086b00000, 0x0000000086c00000|  0%| F|  |TAMS 0x0000000086b00000, 0x0000000086b00000| Untracked 
| 108|0x0000000086c00000, 0x0000000086c00000, 0x0000000086d00000|  0%| F|  |TAMS 0x0000000086c00000, 0x0000000086c00000| Untracked 
| 109|0x0000000086d00000, 0x0000000086d00000, 0x0000000086e00000|  0%| F|  |TAMS 0x0000000086d00000, 0x0000000086d00000| Untracked 
| 110|0x0000000086e00000, 0x0000000086e00000, 0x0000000086f00000|  0%| F|  |TAMS 0x0000000086e00000, 0x0000000086e00000| Untracked 
| 111|0x0000000086f00000, 0x0000000086f00000, 0x0000000087000000|  0%| F|  |TAMS 0x0000000086f00000, 0x0000000086f00000| Untracked 
| 112|0x0000000087000000, 0x0000000087000000, 0x0000000087100000|  0%| F|  |TAMS 0x0000000087000000, 0x0000000087000000| Untracked 
| 113|0x0000000087100000, 0x0000000087100000, 0x0000000087200000|  0%| F|  |TAMS 0x0000000087100000, 0x0000000087100000| Untracked 
| 114|0x0000000087200000, 0x0000000087200000, 0x0000000087300000|  0%| F|  |TAMS 0x0000000087200000, 0x0000000087200000| Untracked 
| 115|0x0000000087300000, 0x0000000087300000, 0x0000000087400000|  0%| F|  |TAMS 0x0000000087300000, 0x0000000087300000| Untracked 
| 116|0x0000000087400000, 0x0000000087400000, 0x0000000087500000|  0%| F|  |TAMS 0x0000000087400000, 0x0000000087400000| Untracked 
| 117|0x0000000087500000, 0x0000000087500000, 0x0000000087600000|  0%| F|  |TAMS 0x0000000087500000, 0x0000000087500000| Untracked 
| 118|0x0000000087600000, 0x0000000087600000, 0x0000000087700000|  0%| F|  |TAMS 0x0000000087600000, 0x0000000087600000| Untracked 
| 119|0x0000000087700000, 0x0000000087700000, 0x0000000087800000|  0%| F|  |TAMS 0x0000000087700000, 0x0000000087700000| Untracked 
| 120|0x0000000087800000, 0x0000000087800000, 0x0000000087900000|  0%| F|  |TAMS 0x0000000087800000, 0x0000000087800000| Untracked 
| 121|0x0000000087900000, 0x0000000087900000, 0x0000000087a00000|  0%| F|  |TAMS 0x0000000087900000, 0x0000000087900000| Untracked 
| 122|0x0000000087a00000, 0x0000000087a00000, 0x0000000087b00000|  0%| F|  |TAMS 0x0000000087a00000, 0x0000000087a00000| Untracked 
| 123|0x0000000087b00000, 0x0000000087b00000, 0x0000000087c00000|  0%| F|  |TAMS 0x0000000087b00000, 0x0000000087b00000| Untracked 
| 124|0x0000000087c00000, 0x0000000087c00000, 0x0000000087d00000|  0%| F|  |TAMS 0x0000000087c00000, 0x0000000087c00000| Untracked 
| 125|0x0000000087d00000, 0x0000000087d00000, 0x0000000087e00000|  0%| F|  |TAMS 0x0000000087d00000, 0x0000000087d00000| Untracked 
| 126|0x0000000087e00000, 0x0000000087e00000, 0x0000000087f00000|  0%| F|  |TAMS 0x0000000087e00000, 0x0000000087e00000| Untracked 
| 127|0x0000000087f00000, 0x0000000087f00000, 0x0000000088000000|  0%| F|  |TAMS 0x0000000087f00000, 0x0000000087f00000| Untracked 

Card table byte_map: [0x000001b6a01e0000,0x000001b6a05e0000] _byte_map_base: 0x000001b69fde0000

Marking Bits (Prev, Next): (CMBitMap*) 0x000001b68976c138, (CMBitMap*) 0x000001b68976c170
 Prev Bits: [0x000001b6a09e0000, 0x000001b6a29e0000)
 Next Bits: [0x000001b6a29e0000, 0x000001b6a49e0000)

Polling page: 0x000001b687650000

Metaspace:

Usage:
  Non-class:     17.20 MB capacity,    16.90 MB ( 98%) used,   251.36 KB (  1%) free+waste,    55.88 KB ( <1%) overhead. 
      Class:      2.42 MB capacity,     2.22 MB ( 92%) used,   180.05 KB (  7%) free+waste,    29.75 KB (  1%) overhead. 
       Both:     19.62 MB capacity,    19.11 MB ( 97%) used,   431.41 KB (  2%) free+waste,    85.63 KB ( <1%) overhead. 

Virtual space:
  Non-class space:       18.00 MB reserved,      17.25 MB ( 96%) committed 
      Class space:        1.00 GB reserved,       2.50 MB ( <1%) committed 
             Both:        1.02 GB reserved,      19.75 MB (  2%) committed 

Chunk freelists:
   Non-Class:  6.75 KB
       Class:  2.00 KB
        Both:  8.75 KB

CodeHeap 'non-profiled nmethods': size=239488Kb used=2400Kb max_used=2400Kb free=237088Kb
 bounds [0x000001b691400000, 0x000001b691670000, 0x000001b69fde0000]
CodeHeap 'non-nmethods': size=6272Kb used=1123Kb max_used=1123Kb free=5149Kb
 bounds [0x000001b690de0000, 0x000001b691050000, 0x000001b691400000]
 total_blobs=2165 nmethods=1745 adapters=346
 compilation: enabled
              stopped_count=0, restarted_count=0
 full_count=0

Compilation events (10 events):
Event: 3.257 Thread 0x000001b6a6baa000 1741       1       java.lang.reflect.Method::getParameterCount (6 bytes)
Event: 3.257 Thread 0x000001b6a6baa000 nmethod 1741 0x000001b691656f10 code [0x000001b6916570a0, 0x000001b691657158]
Event: 3.260 Thread 0x000001b6a6baa000 1742       1       java.lang.invoke.DirectMethodHandle$Holder::invokeStatic (20 bytes)
Event: 3.260 Thread 0x000001b6a6baa000 nmethod 1742 0x000001b691657210 code [0x000001b6916573c0, 0x000001b6916574d8]
Event: 3.260 Thread 0x000001b6a6baa000 1743       1       java.lang.StringConcatHelper::prepend (16 bytes)
Event: 3.260 Thread 0x000001b6a6baa000 nmethod 1743 0x000001b691657610 code [0x000001b6916577a0, 0x000001b691657888]
Event: 3.271 Thread 0x000001b6a6baa000 1744       1       java.lang.System$2::getEnumConstantsShared (8 bytes)
Event: 3.271 Thread 0x000001b6a6baa000 nmethod 1744 0x000001b691657990 code [0x000001b691657b20, 0x000001b691657c28]
Event: 3.272 Thread 0x000001b6a6baa000 1745       1       java.lang.Class::getInterfaces (6 bytes)
Event: 3.272 Thread 0x000001b6a6baa000 nmethod 1745 0x000001b691657d10 code [0x000001b691657ea0, 0x000001b691657f88]

GC Heap History (9 events):
Event: 0.603 GC heap before
{Heap before GC invocations=0 (full 0):
 garbage-first heap   total 131072K, used 7168K [0x0000000080000000, 0x0000000100000000)
  region size 1024K, 7 young (7168K), 0 survivors (0K)
 Metaspace       used 6409K, capacity 6500K, committed 6784K, reserved 1056768K
  class space    used 569K, capacity 592K, committed 640K, reserved 1048576K
}
Event: 0.609 GC heap after
{Heap after GC invocations=1 (full 0):
 garbage-first heap   total 131072K, used 5291K [0x0000000080000000, 0x0000000100000000)
  region size 1024K, 1 young (1024K), 1 survivors (1024K)
 Metaspace       used 6409K, capacity 6500K, committed 6784K, reserved 1056768K
  class space    used 569K, capacity 592K, committed 640K, reserved 1048576K
}
Event: 0.826 GC heap before
{Heap before GC invocations=1 (full 0):
 garbage-first heap   total 131072K, used 10411K [0x0000000080000000, 0x0000000100000000)
  region size 1024K, 6 young (6144K), 1 survivors (1024K)
 Metaspace       used 8632K, capacity 8778K, committed 8832K, reserved 1056768K
  class space    used 798K, capacity 842K, committed 896K, reserved 1048576K
}
Event: 0.831 GC heap after
{Heap after GC invocations=2 (full 0):
 garbage-first heap   total 131072K, used 6280K [0x0000000080000000, 0x0000000100000000)
  region size 1024K, 1 young (1024K), 1 survivors (1024K)
 Metaspace       used 8632K, capacity 8778K, committed 8832K, reserved 1056768K
  class space    used 798K, capacity 842K, committed 896K, reserved 1048576K
}
Event: 1.292 GC heap before
{Heap before GC invocations=2 (full 0):
 garbage-first heap   total 131072K, used 15496K [0x0000000080000000, 0x0000000100000000)
  region size 1024K, 11 young (11264K), 1 survivors (1024K)
 Metaspace       used 10898K, capacity 11094K, committed 11264K, reserved 1058816K
  class space    used 1131K, capacity 1220K, committed 1280K, reserved 1048576K
}
Event: 1.302 GC heap after
{Heap after GC invocations=3 (full 0):
 garbage-first heap   total 131072K, used 6802K [0x0000000080000000, 0x0000000100000000)
  region size 1024K, 2 young (2048K), 2 survivors (2048K)
 Metaspace       used 10898K, capacity 11094K, committed 11264K, reserved 1058816K
  class space    used 1131K, capacity 1220K, committed 1280K, reserved 1048576K
}
Event: 2.235 GC heap before
{Heap before GC invocations=3 (full 0):
 garbage-first heap   total 131072K, used 22162K [0x0000000080000000, 0x0000000100000000)
  region size 1024K, 17 young (17408K), 2 survivors (2048K)
 Metaspace       used 14767K, capacity 15125K, committed 15488K, reserved 1062912K
  class space    used 1661K, capacity 1812K, committed 1920K, reserved 1048576K
}
Event: 2.254 GC heap after
{Heap after GC invocations=4 (full 0):
 garbage-first heap   total 131072K, used 7875K [0x0000000080000000, 0x0000000100000000)
  region size 1024K, 3 young (3072K), 3 survivors (3072K)
 Metaspace       used 14767K, capacity 15125K, committed 15488K, reserved 1062912K
  class space    used 1661K, capacity 1812K, committed 1920K, reserved 1048576K
}
Event: 3.283 GC heap before
{Heap before GC invocations=4 (full 0):
 garbage-first heap   total 131072K, used 32451K [0x0000000080000000, 0x0000000100000000)
  region size 1024K, 28 young (28672K), 3 survivors (3072K)
 Metaspace       used 19572K, capacity 20090K, committed 20224K, reserved 1067008K
  class space    used 2270K, capacity 2480K, committed 2560K, reserved 1048576K
}

Deoptimization events (0 events):
No events

Classes redefined (0 events):
No events

Internal exceptions (10 events):
Event: 3.260 Thread 0x000001b689730800 Exception <a 'java/lang/ClassNotFoundException'{0x00000000865d4a68}: org/springframework/core/PriorityOrderedCustomizer> (0x00000000865d4a68) thrown at [./open/src/hotspot/share/classfile/systemDictionary.cpp, line 226]
Event: 3.261 Thread 0x000001b689730800 Exception <a 'java/lang/ClassNotFoundException'{0x00000000865e4070}: org/springframework/core/OrderedCustomizer> (0x00000000865e4070) thrown at [./open/src/hotspot/share/classfile/systemDictionary.cpp, line 226]
Event: 3.262 Thread 0x000001b689730800 Exception <a 'java/lang/ClassNotFoundException'{0x00000000865f62f0}: org/springframework/context/ResourceLoaderAwareCustomizer> (0x00000000865f62f0) thrown at [./open/src/hotspot/share/classfile/systemDictionary.cpp, line 226]
Event: 3.263 Thread 0x000001b689730800 Exception <a 'java/lang/ClassNotFoundException'{0x0000000086407e80}: org/springframework/beans/factory/AwareCustomizer> (0x0000000086407e80) thrown at [./open/src/hotspot/share/classfile/systemDictionary.cpp, line 226]
Event: 3.263 Thread 0x000001b689730800 Exception <a 'java/lang/ClassNotFoundException'{0x0000000086419ae0}: org/springframework/context/ApplicationStartupAwareCustomizer> (0x0000000086419ae0) thrown at [./open/src/hotspot/share/classfile/systemDictionary.cpp, line 226]
Event: 3.264 Thread 0x000001b689730800 Exception <a 'java/lang/ClassNotFoundException'{0x000000008642b200}: org/springframework/beans/factory/AwareCustomizer> (0x000000008642b200) thrown at [./open/src/hotspot/share/classfile/systemDictionary.cpp, line 226]
Event: 3.265 Thread 0x000001b689730800 Exception <a 'java/lang/ClassNotFoundException'{0x000000008643d4c8}: org/springframework/beans/factory/BeanClassLoaderAwareCustomizer> (0x000000008643d4c8) thrown at [./open/src/hotspot/share/classfile/systemDictionary.cpp, line 226]
Event: 3.265 Thread 0x000001b689730800 Exception <a 'java/lang/ClassNotFoundException'{0x000000008644e988}: org/springframework/beans/factory/AwareCustomizer> (0x000000008644e988) thrown at [./open/src/hotspot/share/classfile/systemDictionary.cpp, line 226]
Event: 3.266 Thread 0x000001b689730800 Exception <a 'java/lang/ClassNotFoundException'{0x000000008645f960}: org/springframework/context/EnvironmentAwareCustomizer> (0x000000008645f960) thrown at [./open/src/hotspot/share/classfile/systemDictionary.cpp, line 226]
Event: 3.267 Thread 0x000001b689730800 Exception <a 'java/lang/ClassNotFoundException'{0x0000000086470d98}: org/springframework/beans/factory/AwareCustomizer> (0x0000000086470d98) thrown at [./open/src/hotspot/share/classfile/systemDictionary.cpp, line 226]

Events (10 events):
Event: 3.279 loading class org/springframework/context/annotation/ConfigurationClassUtils done
Event: 3.281 loading class org/springframework/core/Conventions
Event: 3.281 loading class org/springframework/core/Conventions done
Event: 3.282 loading class org/springframework/context/annotation/ImportResource
Event: 3.282 loading class org/springframework/context/annotation/ImportResource done
Event: 3.282 loading class org/springframework/aop/framework/AopInfrastructureBean
Event: 3.282 loading class org/springframework/aop/framework/AopInfrastructureBean done
Event: 3.283 loading class org/springframework/beans/BeanMetadataAttribute
Event: 3.283 loading class org/springframework/beans/BeanMetadataAttribute done
Event: 3.283 Executing VM operation: G1CollectForAllocation


Dynamic libraries:
0x00007ff6c2910000 - 0x00007ff6c291f000 	C:\Program Files\Java\jdk-11.0.16\bin\java.exe
0x00007ffd21190000 - 0x00007ffd21388000 	C:\Windows\SYSTEM32\ntdll.dll
0x00007ffd1f460000 - 0x00007ffd1f51f000 	C:\Windows\System32\KERNEL32.DLL
0x00007ffd1e990000 - 0x00007ffd1ec62000 	C:\Windows\System32\KERNELBASE.dll
0x00007ffd1e890000 - 0x00007ffd1e990000 	C:\Windows\System32\ucrtbase.dll
0x00007ffd02450000 - 0x00007ffd02468000 	C:\Program Files\Java\jdk-11.0.16\bin\jli.dll
0x00007ffd20f80000 - 0x00007ffd2102e000 	C:\Windows\System32\ADVAPI32.dll
0x00007ffd21030000 - 0x00007ffd210ce000 	C:\Windows\System32\msvcrt.dll
0x00007ffd20950000 - 0x00007ffd209ec000 	C:\Windows\System32\sechost.dll
0x00007ffd20bd0000 - 0x00007ffd20cf5000 	C:\Windows\System32\RPCRT4.dll
0x00007ffd20de0000 - 0x00007ffd20f7d000 	C:\Windows\System32\USER32.dll
0x00007ffd1f030000 - 0x00007ffd1f052000 	C:\Windows\System32\win32u.dll
0x00007ffd1f1e0000 - 0x00007ffd1f20b000 	C:\Windows\System32\GDI32.dll
0x00007ffd1ef20000 - 0x00007ffd1f02f000 	C:\Windows\System32\gdi32full.dll
0x00007ffd1f110000 - 0x00007ffd1f1ad000 	C:\Windows\System32\msvcp_win.dll
0x00007ffd028b0000 - 0x00007ffd028c5000 	C:\Program Files\Java\jdk-11.0.16\bin\VCRUNTIME140.dll
0x00007ffd06390000 - 0x00007ffd0662a000 	C:\Windows\WinSxS\amd64_microsoft.windows.common-controls_6595b64144ccf1df_6.0.19041.1110_none_60b5254171f9507e\COMCTL32.dll
0x00007ffd176c0000 - 0x00007ffd176ca000 	C:\Windows\SYSTEM32\VERSION.dll
0x00007ffd20d10000 - 0x00007ffd20d42000 	C:\Windows\System32\IMM32.DLL
0x00007ffcfc3d0000 - 0x00007ffcfc46b000 	C:\Program Files\Java\jdk-11.0.16\bin\msvcp140.dll
0x00007ffcdfc00000 - 0x00007ffce0718000 	C:\Program Files\Java\jdk-11.0.16\bin\server\jvm.dll
0x00007ffd20d00000 - 0x00007ffd20d08000 	C:\Windows\System32\PSAPI.DLL
0x00007ffd195d0000 - 0x00007ffd195d9000 	C:\Windows\SYSTEM32\WSOCK32.dll
0x00007ffd1f6d0000 - 0x00007ffd1f73b000 	C:\Windows\System32\WS2_32.dll
0x00007ffd039d0000 - 0x00007ffd039f7000 	C:\Windows\SYSTEM32\WINMM.dll
0x00007ffd1c730000 - 0x00007ffd1c742000 	C:\Windows\SYSTEM32\kernel.appcore.dll
0x00007ffd072d0000 - 0x00007ffd072e0000 	C:\Program Files\Java\jdk-11.0.16\bin\verify.dll
0x00007ffd18d80000 - 0x00007ffd18f64000 	C:\Windows\SYSTEM32\DBGHELP.DLL
0x00007ffd18d50000 - 0x00007ffd18d7c000 	C:\Windows\SYSTEM32\dbgcore.DLL
0x00007ffd1ec70000 - 0x00007ffd1ecf2000 	C:\Windows\System32\bcryptPrimitives.dll
0x00007ffcfdf10000 - 0x00007ffcfdf38000 	C:\Program Files\Java\jdk-11.0.16\bin\java.dll
0x00007ffd03530000 - 0x00007ffd0353a000 	C:\Program Files\Java\jdk-11.0.16\bin\jimage.dll
0x00007ffd02400000 - 0x00007ffd02416000 	C:\Program Files\Java\jdk-11.0.16\bin\zip.dll
0x00007ffd1fd80000 - 0x00007ffd204c3000 	C:\Windows\System32\SHELL32.dll
0x00007ffd1c930000 - 0x00007ffd1d0c2000 	C:\Windows\SYSTEM32\windows.storage.dll
0x00007ffd1f750000 - 0x00007ffd1faa4000 	C:\Windows\System32\combase.dll
0x00007ffd1e130000 - 0x00007ffd1e160000 	C:\Windows\SYSTEM32\Wldp.dll
0x00007ffd209f0000 - 0x00007ffd20a9d000 	C:\Windows\System32\SHCORE.dll
0x00007ffd1fb90000 - 0x00007ffd1fbe5000 	C:\Windows\System32\shlwapi.dll
0x00007ffd1e7d0000 - 0x00007ffd1e7ef000 	C:\Windows\SYSTEM32\profapi.dll
0x00007ffd00ee0000 - 0x00007ffd00ef9000 	C:\Program Files\Java\jdk-11.0.16\bin\net.dll
0x00007ffd17320000 - 0x00007ffd1742c000 	C:\Windows\SYSTEM32\WINHTTP.dll
0x00007ffd1df10000 - 0x00007ffd1df7a000 	C:\Windows\system32\mswsock.dll
0x00007ffcfe960000 - 0x00007ffcfe972000 	C:\Program Files\Java\jdk-11.0.16\bin\nio.dll
0x00007ffd034c0000 - 0x00007ffd034c9000 	C:\Program Files\Java\jdk-11.0.16\bin\management.dll
0x00007ffd032a0000 - 0x00007ffd032ab000 	C:\Program Files\Java\jdk-11.0.16\bin\management_ext.dll
0x00007ffd07880000 - 0x00007ffd07897000 	C:\Windows\system32\napinsp.dll
0x00007ffd07330000 - 0x00007ffd0734b000 	C:\Windows\system32\pnrpnsp.dll
0x00007ffd07310000 - 0x00007ffd07325000 	C:\Windows\system32\wshbth.dll
0x00007ffd196e0000 - 0x00007ffd196fd000 	C:\Windows\system32\NLAapi.dll
0x00007ffd1dc20000 - 0x00007ffd1dc5b000 	C:\Windows\SYSTEM32\IPHLPAPI.DLL
0x00007ffd1dcb0000 - 0x00007ffd1dd7a000 	C:\Windows\SYSTEM32\DNSAPI.dll
0x00007ffd1f740000 - 0x00007ffd1f748000 	C:\Windows\System32\NSI.dll
0x00007ffd072f0000 - 0x00007ffd07302000 	C:\Windows\System32\winrnr.dll
0x00007ffd16650000 - 0x00007ffd1665a000 	C:\Windows\System32\rasadhlp.dll
0x00007ffd17550000 - 0x00007ffd175d0000 	C:\Windows\System32\fwpuclnt.dll
0x00007ffd1f1b0000 - 0x00007ffd1f1d7000 	C:\Windows\System32\bcrypt.dll

dbghelp: loaded successfully - version: 4.0.5 - missing functions: none
symbol engine: initialized successfully - sym options: 0x614 - pdb path: .;C:\Program Files\Java\jdk-11.0.16\bin;C:\Windows\SYSTEM32;C:\Windows\WinSxS\amd64_microsoft.windows.common-controls_6595b64144ccf1df_6.0.19041.1110_none_60b5254171f9507e;C:\Program Files\Java\jdk-11.0.16\bin\server

VM Arguments:
jvm_args: -Xverify:none -XX:TieredStopAtLevel=1 
java_command: com.example.pensionmanagementsystem.PensionManagementSystemApplication
java_class_path (initial): C:\Users\sfjbs\Downloads\pension-management-system\pension-management-system\target\classes;C:\Users\sfjbs\.m2\repository\org\springframework\boot\spring-boot\2.7.5\spring-boot-2.7.5.jar;C:\Users\sfjbs\.m2\repository\org\springframework\boot\spring-boot-autoconfigure\2.7.5\spring-boot-autoconfigure-2.7.5.jar;C:\Users\sfjbs\.m2\repository\ch\qos\logback\logback-classic\1.2.11\logback-classic-1.2.11.jar;C:\Users\sfjbs\.m2\repository\ch\qos\logback\logback-core\1.2.11\logback-core-1.2.11.jar;C:\Users\sfjbs\.m2\repository\org\apache\logging\log4j\log4j-to-slf4j\2.17.2\log4j-to-slf4j-2.17.2.jar;C:\Users\sfjbs\.m2\repository\org\apache\logging\log4j\log4j-api\2.17.2\log4j-api-2.17.2.jar;C:\Users\sfjbs\.m2\repository\org\slf4j\jul-to-slf4j\1.7.36\jul-to-slf4j-1.7.36.jar;C:\Users\sfjbs\.m2\repository\jakarta\annotation\jakarta.annotation-api\1.3.5\jakarta.annotation-api-1.3.5.jar;C:\Users\sfjbs\.m2\repository\org\yaml\snakeyaml\1.30\snakeyaml-1.30.jar;C:\Users\sfjbs\.m2\repository\com\fasterxml\jackson\core\jackson-databind\2.13.4.2\jackson-databind-2.13.4.2.jar;C:\Users\sfjbs\.m2\repository\com\fasterxml\jackson\core\jackson-annotations\2.13.4\jackson-annotations-2.13.4.jar;C:\Users\sfjbs\.m2\repository\com\fasterxml\jackson\core\jackson-core\2.13.4\jackson-core-2.13.4.jar;C:\Users\sfjbs\.m2\repository\com\fasterxml\jackson\datatype\jackson-datatype-jdk8\2.13.4\jackson-datatype-jdk8-2.13.4.jar;C:\Users\sfjbs\.m2\repository\com\fasterxml\jackson\datatype\jackson-datatype-jsr310\2.13.4\jackson-datatype-jsr310-2.13.4.jar;C:\Users\sfjbs\.m2\repository\com\fasterxml\jackson\module\jackson-module-parameter-names\2.13.4\jackson-module-parameter-names-2.13.4.jar;C:\Users\sfjbs\.m2\repository\org\apache\tomcat\embed\tomcat-embed-core\9.0.68\tomcat-embed-core-9.0.68.jar;C:\Users\sfjbs\.m2\repository\org\apache\tomcat\embed\tomcat-embed-el\9.0.68\tomcat-embed-el-9.0.68.jar;C:\Users\sfjbs\.m2\repository\org\apache\tomcat\embed\tomcat-embed-websocket\9.0.68
Launcher Type: SUN_STANDARD

[Global flags]
     bool BytecodeVerificationLocal                = false                                     {product} {command line}
     bool BytecodeVerificationRemote               = false                                     {product} {command line}
     intx CICompilerCount                          = 2                                         {product} {ergonomic}
     uint ConcGCThreads                            = 1                                         {product} {ergonomic}
     uint G1ConcRefinementThreads                  = 2                                         {product} {ergonomic}
   size_t G1HeapRegionSize                         = 1048576                                   {product} {ergonomic}
    uintx GCDrainStackTargetSize                   = 64                                        {product} {ergonomic}
   size_t InitialHeapSize                          = 134217728                                 {product} {ergonomic}
   size_t MarkStackSize                            = 4194304                                   {product} {ergonomic}
   size_t MaxHeapSize                              = 2147483648                                {product} {ergonomic}
   size_t MaxNewSize                               = 1287651328                                {product} {ergonomic}
   size_t MinHeapDeltaBytes                        = 1048576                                   {product} {ergonomic}
    uintx NonNMethodCodeHeapSize                   = 6396312                                {pd product} {ergonomic}
    uintx NonProfiledCodeHeapSize                  = 245261928                              {pd product} {ergonomic}
    uintx ProfiledCodeHeapSize                     = 0                                      {pd product} {ergonomic}
    uintx ReservedCodeCacheSize                    = 251658240                              {pd product} {ergonomic}
     bool SegmentedCodeCache                       = true                                      {product} {ergonomic}
     intx TieredStopAtLevel                        = 1                                         {product} {command line}
     bool UseCompressedClassPointers               = true                                 {lp64_product} {ergonomic}
     bool UseCompressedOops                        = true                                 {lp64_product} {ergonomic}
     bool UseG1GC                                  = true                                      {product} {ergonomic}
     bool UseLargePagesIndividualAllocation        = false                                  {pd product} {ergonomic}

Logging:
Log output configuration:
 #0: stdout all=warning uptime,level,tags
 #1: stderr all=off uptime,level,tags

Environment Variables:
PATH=C:\Program Files\Common Files\Oracle\Java\javapath;C:\Windows\system32;C:\Windows;C:\Windows\System32\Wbem;C:\Windows\System32\WindowsPowerShell\v1.0\;C:\Windows\System32\OpenSSH\;C:\Users\sfjbs\Downloads\micro service-20221021T071039Z-001\micro service\apache-maven-3.8.5-bin\apache-maven-3.8.5\bin;C:\Users\sfjbs\Downloads\micro service-20221021T071039Z-001\micro service\apache-maven-3.8.5-bin\apache-maven-3.8.5\lib;C:\Program Files\Git\cmd;C:\Program Files\Docker\Docker\resources\bin;C:\Users\sfjbs\AppData\Local\Microsoft\WindowsApps;C:\Users\sfjbs\Downloads\micro service-20221021T071039Z-001\micro service\apache-maven-3.8.5-bin\apache-maven-3.8.5\bin;C:\Users\sfjbs\Downloads\micro service-20221021T071039Z-001\micro service\apache-maven-3.8.5-bin\apache-maven-3.8.5\lib;;C:\Program Files\JetBrains\IntelliJ IDEA Community Edition 2022.2.1\bin;
USERNAME=sfjbs
OS=Windows_NT
PROCESSOR_IDENTIFIER=Intel64 Family 6 Model 85 Stepping 7, GenuineIntel



---------------  S Y S T E M  ---------------

OS: Windows 10 , 64 bit Build 19041 (10.0.19041.2251)
Hyper-V role detected

CPU:total 2 (initial active 2) (1 cores per cpu, 2 threads per core) family 6 model 85 stepping 7 microcode 0xffffffff, cmov, cx8, fxsr, mmx, sse, sse2, sse3, ssse3, sse4.1, sse4.2, popcnt, avx, avx2, aes, clmul, erms, rtm, 3dnowpref, lzcnt, ht, tsc, bmi1, bmi2, adx, evex, fma

Memory: 4k page, system-wide physical 8190M (463M free)
TotalPageFile size 10238M (AvailPageFile size 6M)
current process WorkingSet (physical memory assigned to process): 93M, peak: 93M
current process commit charge ("private bytes"): 214M, peak: 244M

vm_info: Java HotSpot(TM) 64-Bit Server VM (11.0.16+11-LTS-199) for windows-amd64 JRE (11.0.16+11-LTS-199), built on Jun 28 2022 08:23:17 by "mach5one" with MS VC++ 15.9 (VS2017)

END.
