#
# There is insufficient memory for the Java Runtime Environment to continue.
# Native memory allocation (malloc) failed to allocate 1144496 bytes for Chunk::new
# Possible reasons:
#   The system is out of physical RAM or swap space
#   The process is running with CompressedOops enabled, and the Java Heap may be blocking the growth of the native heap
# Possible solutions:
#   Reduce memory load on the system
#   Increase physical memory or swap space
#   Check if swap backing store is full
#   Decrease Java heap size (-Xmx/-Xms)
#   Decrease number of Java threads
#   Decrease Java thread stack sizes (-Xss)
#   Set larger code cache with -XX:ReservedCodeCacheSize=
#   JVM is running with Unscaled Compressed Oops mode in which the Java heap is
#     placed in the first 4GB address space. The Java Heap base address is the
#     maximum limit for the native heap growth. Please use -XX:HeapBaseMinAddress
#     to set the Java Heap base and to place the Java Heap above 4GB virtual address.
# This output file may be truncated or incomplete.
#
#  Out of Memory Error (./open/src/hotspot/share/memory/arena.cpp:197), pid=177500, tid=177572
#
# JRE version: Java(TM) SE Runtime Environment 18.9 (11.0.16+11) (build 11.0.16+11-LTS-199)
# Java VM: Java HotSpot(TM) 64-Bit Server VM 18.9 (11.0.16+11-LTS-199, mixed mode, tiered, compressed oops, g1 gc, windows-amd64)
# No core dump will be written. Minidumps are not enabled by default on client versions of Windows
#

---------------  S U M M A R Y ------------

Command Line: -Dclassworlds.conf=C:\Users\sfjbs\Downloads\micro service-20221001T105859Z-001\micro service\apache-maven-3.8.5-bin\apache-maven-3.8.5\bin\m2.conf -Dmaven.home=C:\Users\sfjbs\Downloads\micro service-20221001T105859Z-001\micro service\apache-maven-3.8.5-bin\apache-maven-3.8.5 -Dlibrary.jansi.path=C:\Users\sfjbs\Downloads\micro service-20221001T105859Z-001\micro service\apache-maven-3.8.5-bin\apache-maven-3.8.5\lib\jansi-native -Dmaven.multiModuleProjectDirectory=C:\Users\sfjbs\Downloads\training\k4j\Day11\eureka-app\eureka-server org.codehaus.plexus.classworlds.launcher.Launcher clean install

Host: Intel(R) Xeon(R) Platinum 8370C CPU @ 2.80GHz, 2 cores, 7G,  Windows 10 , 64 bit Build 19041 (10.0.19041.1889)
Time: Thu Oct 20 09:20:22 2022 Coordinated Universal Time elapsed time: 17.486286 seconds (0d 0h 0m 17s)

---------------  T H R E A D  ---------------

Current thread (0x0000010dfb6b0000):  JavaThread "C2 CompilerThread0" daemon [_thread_in_native, id=177572, stack(0x00000004e1a00000,0x00000004e1b00000)]


Current CompileTask:
C2:  17486 3900       4       org.codehaus.plexus.util.xml.Xpp3DomBuilder::build (413 bytes)

Stack: [0x00000004e1a00000,0x00000004e1b00000]
Native frames: (J=compiled Java code, j=interpreted, Vv=VM code, C=native code)
V  [jvm.dll+0x62a3ea]
V  [jvm.dll+0x76418f]
V  [jvm.dll+0x765839]
V  [jvm.dll+0x765ec3]
V  [jvm.dll+0x23da98]
V  [jvm.dll+0xb2a1c]
V  [jvm.dll+0xb2fdc]
V  [jvm.dll+0x341487]
V  [jvm.dll+0x30ec83]
V  [jvm.dll+0x30dfca]
V  [jvm.dll+0x1f84a5]
V  [jvm.dll+0x1f768d]
V  [jvm.dll+0x177c81]
V  [jvm.dll+0x207006]
V  [jvm.dll+0x20519b]
V  [jvm.dll+0x729fa0]
V  [jvm.dll+0x722b74]
V  [jvm.dll+0x629286]
C  [ucrtbase.dll+0x21bb2]
C  [KERNEL32.DLL+0x17034]
C  [ntdll.dll+0x526a1]


---------------  P R O C E S S  ---------------

Threads class SMR info:
_java_thread_list=0x0000010dfc0f8170, length=10, elements={
0x0000010ddc3c5800, 0x0000010dfb69c800, 0x0000010dfb6a6800, 0x0000010dfc033000,
0x0000010dfb6ac800, 0x0000010dfb6ae800, 0x0000010dfb6b0000, 0x0000010dfb6e8800,
0x0000010dfb6ec000, 0x0000010dfc131800
}

Java Threads: ( => current thread )
  0x0000010ddc3c5800 JavaThread "main" [_thread_in_Java, id=177456, stack(0x00000004e0d00000,0x00000004e0e00000)]
  0x0000010dfb69c800 JavaThread "Reference Handler" daemon [_thread_blocked, id=169860, stack(0x00000004e1500000,0x00000004e1600000)]
  0x0000010dfb6a6800 JavaThread "Finalizer" daemon [_thread_blocked, id=177448, stack(0x00000004e1600000,0x00000004e1700000)]
  0x0000010dfc033000 JavaThread "Signal Dispatcher" daemon [_thread_blocked, id=177540, stack(0x00000004e1700000,0x00000004e1800000)]
  0x0000010dfb6ac800 JavaThread "Attach Listener" daemon [_thread_blocked, id=177556, stack(0x00000004e1800000,0x00000004e1900000)]
  0x0000010dfb6ae800 JavaThread "Service Thread" daemon [_thread_blocked, id=177576, stack(0x00000004e1900000,0x00000004e1a00000)]
=>0x0000010dfb6b0000 JavaThread "C2 CompilerThread0" daemon [_thread_in_native, id=177572, stack(0x00000004e1a00000,0x00000004e1b00000)]
  0x0000010dfb6e8800 JavaThread "C1 CompilerThread0" daemon [_thread_in_native, id=177564, stack(0x00000004e1b00000,0x00000004e1c00000)]
  0x0000010dfb6ec000 JavaThread "Sweeper thread" daemon [_thread_blocked, id=177584, stack(0x00000004e1c00000,0x00000004e1d00000)]
  0x0000010dfc131800 JavaThread "Common-Cleaner" daemon [_thread_blocked, id=177568, stack(0x00000004e1e00000,0x00000004e1f00000)]

Other Threads:
  0x0000010dfb689000 VMThread "VM Thread" [stack: 0x00000004e1400000,0x00000004e1500000] [id=175716]
  0x0000010dfc129800 WatcherThread [stack: 0x00000004e1d00000,0x00000004e1e00000] [id=177580]
  0x0000010ddc3db000 GCTaskThread "GC Thread#0" [stack: 0x00000004e0f00000,0x00000004e1000000] [id=5100]
  0x0000010dfc65c000 GCTaskThread "GC Thread#1" [stack: 0x00000004e1f00000,0x00000004e2000000] [id=177512]
  0x0000010ddc40b800 ConcurrentGCThread "G1 Main Marker" [stack: 0x00000004e1000000,0x00000004e1100000] [id=164676]
  0x0000010ddc40e800 ConcurrentGCThread "G1 Conc#0" [stack: 0x00000004e1100000,0x00000004e1200000] [id=177536]
  0x0000010ddc494000 ConcurrentGCThread "G1 Refine#0" [stack: 0x00000004e1200000,0x00000004e1300000] [id=175376]
  0x0000010ddc496800 ConcurrentGCThread "G1 Young RemSet Sampling" [stack: 0x00000004e1300000,0x00000004e1400000] [id=177440]

Threads with active compile tasks:
C2 CompilerThread0    17507 3900       4       org.codehaus.plexus.util.xml.Xpp3DomBuilder::build (413 bytes)

VM state:not at safepoint (normal execution)

VM Mutex/Monitor currently owned by a thread: None

Heap address: 0x0000000080000000, size: 2048 MB, Compressed Oops mode: 32-bit
Narrow klass base: 0x0000000000000000, Narrow klass shift: 3
Compressed class space size: 1073741824 Address: 0x0000000100000000

Heap:
 garbage-first heap   total 157696K, used 33031K [0x0000000080000000, 0x0000000100000000)
  region size 1024K, 20 young (20480K), 4 survivors (4096K)
 Metaspace       used 22055K, capacity 22436K, committed 22656K, reserved 1069056K
  class space    used 2244K, capacity 2392K, committed 2432K, reserved 1048576K
Heap Regions: E=young(eden), S=young(survivor), O=old, HS=humongous(starts), HC=humongous(continues), CS=collection set, F=free, A=archive, TAMS=top-at-mark-start (previous, next)
|   0|0x0000000080000000, 0x0000000080100000, 0x0000000080100000|100%| O|  |TAMS 0x0000000080100000, 0x0000000080000000| Untracked 
|   1|0x0000000080100000, 0x0000000080200000, 0x0000000080200000|100%| O|  |TAMS 0x0000000080200000, 0x0000000080100000| Untracked 
|   2|0x0000000080200000, 0x0000000080300000, 0x0000000080300000|100%| O|  |TAMS 0x0000000080300000, 0x0000000080200000| Untracked 
|   3|0x0000000080300000, 0x0000000080400000, 0x0000000080400000|100%| O|  |TAMS 0x00000000803e2a00, 0x0000000080300000| Untracked 
|   4|0x0000000080400000, 0x0000000080500000, 0x0000000080500000|100%| O|  |TAMS 0x0000000080400000, 0x0000000080400000| Untracked 
|   5|0x0000000080500000, 0x0000000080600000, 0x0000000080600000|100%| O|  |TAMS 0x0000000080500000, 0x0000000080500000| Untracked 
|   6|0x0000000080600000, 0x0000000080700000, 0x0000000080700000|100%| O|  |TAMS 0x0000000080600000, 0x0000000080600000| Untracked 
|   7|0x0000000080700000, 0x0000000080800000, 0x0000000080800000|100%| O|  |TAMS 0x0000000080700000, 0x0000000080700000| Untracked 
|   8|0x0000000080800000, 0x0000000080900000, 0x0000000080900000|100%| O|  |TAMS 0x0000000080800000, 0x0000000080800000| Untracked 
|   9|0x0000000080900000, 0x0000000080a00000, 0x0000000080a00000|100%| O|  |TAMS 0x0000000080900000, 0x0000000080900000| Untracked 
|  10|0x0000000080a00000, 0x0000000080b00000, 0x0000000080b00000|100%| O|  |TAMS 0x0000000080a00000, 0x0000000080a00000| Untracked 
|  11|0x0000000080b00000, 0x0000000080c00000, 0x0000000080c00000|100%| O|  |TAMS 0x0000000080b00000, 0x0000000080b00000| Untracked 
|  12|0x0000000080c00000, 0x0000000080d00000, 0x0000000080d00000|100%| O|  |TAMS 0x0000000080c00000, 0x0000000080c00000| Untracked 
|  13|0x0000000080d00000, 0x0000000080d41c00, 0x0000000080e00000| 25%| O|  |TAMS 0x0000000080d00000, 0x0000000080d00000| Untracked 
|  14|0x0000000080e00000, 0x0000000080e00000, 0x0000000080f00000|  0%| F|  |TAMS 0x0000000080e00000, 0x0000000080e00000| Untracked 
|  15|0x0000000080f00000, 0x0000000080f00000, 0x0000000081000000|  0%| F|  |TAMS 0x0000000080f00000, 0x0000000080f00000| Untracked 
|  16|0x0000000081000000, 0x0000000081000000, 0x0000000081100000|  0%| F|  |TAMS 0x0000000081000000, 0x0000000081000000| Untracked 
|  17|0x0000000081100000, 0x0000000081100000, 0x0000000081200000|  0%| F|  |TAMS 0x0000000081100000, 0x0000000081100000| Untracked 
|  18|0x0000000081200000, 0x0000000081200000, 0x0000000081300000|  0%| F|  |TAMS 0x0000000081200000, 0x0000000081200000| Untracked 
|  19|0x0000000081300000, 0x0000000081300000, 0x0000000081400000|  0%| F|  |TAMS 0x0000000081300000, 0x0000000081300000| Untracked 
|  20|0x0000000081400000, 0x0000000081400000, 0x0000000081500000|  0%| F|  |TAMS 0x0000000081400000, 0x0000000081400000| Untracked 
|  21|0x0000000081500000, 0x0000000081500000, 0x0000000081600000|  0%| F|  |TAMS 0x0000000081500000, 0x0000000081500000| Untracked 
|  22|0x0000000081600000, 0x0000000081600000, 0x0000000081700000|  0%| F|  |TAMS 0x0000000081600000, 0x0000000081600000| Untracked 
|  23|0x0000000081700000, 0x0000000081700000, 0x0000000081800000|  0%| F|  |TAMS 0x0000000081700000, 0x0000000081700000| Untracked 
|  24|0x0000000081800000, 0x0000000081800000, 0x0000000081900000|  0%| F|  |TAMS 0x0000000081800000, 0x0000000081800000| Untracked 
|  25|0x0000000081900000, 0x0000000081900000, 0x0000000081a00000|  0%| F|  |TAMS 0x0000000081900000, 0x0000000081900000| Untracked 
|  26|0x0000000081a00000, 0x0000000081a00000, 0x0000000081b00000|  0%| F|  |TAMS 0x0000000081a00000, 0x0000000081a00000| Untracked 
|  27|0x0000000081b00000, 0x0000000081b00000, 0x0000000081c00000|  0%| F|  |TAMS 0x0000000081b00000, 0x0000000081b00000| Untracked 
|  28|0x0000000081c00000, 0x0000000081c00000, 0x0000000081d00000|  0%| F|  |TAMS 0x0000000081c00000, 0x0000000081c00000| Untracked 
|  29|0x0000000081d00000, 0x0000000081d00000, 0x0000000081e00000|  0%| F|  |TAMS 0x0000000081d00000, 0x0000000081d00000| Untracked 
|  30|0x0000000081e00000, 0x0000000081e00000, 0x0000000081f00000|  0%| F|  |TAMS 0x0000000081e00000, 0x0000000081e00000| Untracked 
|  31|0x0000000081f00000, 0x0000000081f00000, 0x0000000082000000|  0%| F|  |TAMS 0x0000000081f00000, 0x0000000081f00000| Untracked 
|  32|0x0000000082000000, 0x0000000082000000, 0x0000000082100000|  0%| F|  |TAMS 0x0000000082000000, 0x0000000082000000| Untracked 
|  33|0x0000000082100000, 0x0000000082100000, 0x0000000082200000|  0%| F|  |TAMS 0x0000000082100000, 0x0000000082100000| Untracked 
|  34|0x0000000082200000, 0x0000000082200000, 0x0000000082300000|  0%| F|  |TAMS 0x0000000082200000, 0x0000000082200000| Untracked 
|  35|0x0000000082300000, 0x0000000082300000, 0x0000000082400000|  0%| F|  |TAMS 0x0000000082300000, 0x0000000082300000| Untracked 
|  36|0x0000000082400000, 0x0000000082400000, 0x0000000082500000|  0%| F|  |TAMS 0x0000000082400000, 0x0000000082400000| Untracked 
|  37|0x0000000082500000, 0x0000000082500000, 0x0000000082600000|  0%| F|  |TAMS 0x0000000082500000, 0x0000000082500000| Untracked 
|  38|0x0000000082600000, 0x0000000082600000, 0x0000000082700000|  0%| F|  |TAMS 0x0000000082600000, 0x0000000082600000| Untracked 
|  39|0x0000000082700000, 0x0000000082700000, 0x0000000082800000|  0%| F|  |TAMS 0x0000000082700000, 0x0000000082700000| Untracked 
|  40|0x0000000082800000, 0x0000000082800000, 0x0000000082900000|  0%| F|  |TAMS 0x0000000082800000, 0x0000000082800000| Untracked 
|  41|0x0000000082900000, 0x0000000082900000, 0x0000000082a00000|  0%| F|  |TAMS 0x0000000082900000, 0x0000000082900000| Untracked 
|  42|0x0000000082a00000, 0x0000000082a00000, 0x0000000082b00000|  0%| F|  |TAMS 0x0000000082a00000, 0x0000000082a00000| Untracked 
|  43|0x0000000082b00000, 0x0000000082b00000, 0x0000000082c00000|  0%| F|  |TAMS 0x0000000082b00000, 0x0000000082b00000| Untracked 
|  44|0x0000000082c00000, 0x0000000082c00000, 0x0000000082d00000|  0%| F|  |TAMS 0x0000000082c00000, 0x0000000082c00000| Untracked 
|  45|0x0000000082d00000, 0x0000000082d00000, 0x0000000082e00000|  0%| F|  |TAMS 0x0000000082d00000, 0x0000000082d00000| Untracked 
|  46|0x0000000082e00000, 0x0000000082e00000, 0x0000000082f00000|  0%| F|  |TAMS 0x0000000082e00000, 0x0000000082e00000| Untracked 
|  47|0x0000000082f00000, 0x0000000082f00000, 0x0000000083000000|  0%| F|  |TAMS 0x0000000082f00000, 0x0000000082f00000| Untracked 
|  48|0x0000000083000000, 0x0000000083000000, 0x0000000083100000|  0%| F|  |TAMS 0x0000000083000000, 0x0000000083000000| Untracked 
|  49|0x0000000083100000, 0x0000000083100000, 0x0000000083200000|  0%| F|  |TAMS 0x0000000083100000, 0x0000000083100000| Untracked 
|  50|0x0000000083200000, 0x0000000083200000, 0x0000000083300000|  0%| F|  |TAMS 0x0000000083200000, 0x0000000083200000| Untracked 
|  51|0x0000000083300000, 0x0000000083300000, 0x0000000083400000|  0%| F|  |TAMS 0x0000000083300000, 0x0000000083300000| Untracked 
|  52|0x0000000083400000, 0x0000000083400000, 0x0000000083500000|  0%| F|  |TAMS 0x0000000083400000, 0x0000000083400000| Untracked 
|  53|0x0000000083500000, 0x0000000083500000, 0x0000000083600000|  0%| F|  |TAMS 0x0000000083500000, 0x0000000083500000| Untracked 
|  54|0x0000000083600000, 0x0000000083600000, 0x0000000083700000|  0%| F|  |TAMS 0x0000000083600000, 0x0000000083600000| Untracked 
|  55|0x0000000083700000, 0x0000000083700000, 0x0000000083800000|  0%| F|  |TAMS 0x0000000083700000, 0x0000000083700000| Untracked 
|  56|0x0000000083800000, 0x0000000083800000, 0x0000000083900000|  0%| F|  |TAMS 0x0000000083800000, 0x0000000083800000| Untracked 
|  57|0x0000000083900000, 0x0000000083900000, 0x0000000083a00000|  0%| F|  |TAMS 0x0000000083900000, 0x0000000083900000| Untracked 
|  58|0x0000000083a00000, 0x0000000083a00000, 0x0000000083b00000|  0%| F|  |TAMS 0x0000000083a00000, 0x0000000083a00000| Untracked 
|  59|0x0000000083b00000, 0x0000000083b00000, 0x0000000083c00000|  0%| F|  |TAMS 0x0000000083b00000, 0x0000000083b00000| Untracked 
|  60|0x0000000083c00000, 0x0000000083c00000, 0x0000000083d00000|  0%| F|  |TAMS 0x0000000083c00000, 0x0000000083c00000| Untracked 
|  61|0x0000000083d00000, 0x0000000083d00000, 0x0000000083e00000|  0%| F|  |TAMS 0x0000000083d00000, 0x0000000083d00000| Untracked 
|  62|0x0000000083e00000, 0x0000000083e00000, 0x0000000083f00000|  0%| F|  |TAMS 0x0000000083e00000, 0x0000000083e00000| Untracked 
|  63|0x0000000083f00000, 0x0000000083f00000, 0x0000000084000000|  0%| F|  |TAMS 0x0000000083f00000, 0x0000000083f00000| Untracked 
|  64|0x0000000084000000, 0x0000000084000000, 0x0000000084100000|  0%| F|  |TAMS 0x0000000084000000, 0x0000000084000000| Untracked 
|  65|0x0000000084100000, 0x0000000084100000, 0x0000000084200000|  0%| F|  |TAMS 0x0000000084100000, 0x0000000084100000| Untracked 
|  66|0x0000000084200000, 0x0000000084200000, 0x0000000084300000|  0%| F|  |TAMS 0x0000000084200000, 0x0000000084200000| Untracked 
|  67|0x0000000084300000, 0x0000000084300000, 0x0000000084400000|  0%| F|  |TAMS 0x0000000084300000, 0x0000000084300000| Untracked 
|  68|0x0000000084400000, 0x0000000084400000, 0x0000000084500000|  0%| F|  |TAMS 0x0000000084400000, 0x0000000084400000| Untracked 
|  69|0x0000000084500000, 0x0000000084500000, 0x0000000084600000|  0%| F|  |TAMS 0x0000000084500000, 0x0000000084500000| Untracked 
|  70|0x0000000084600000, 0x0000000084600000, 0x0000000084700000|  0%| F|  |TAMS 0x0000000084600000, 0x0000000084600000| Untracked 
|  71|0x0000000084700000, 0x0000000084700000, 0x0000000084800000|  0%| F|  |TAMS 0x0000000084700000, 0x0000000084700000| Untracked 
|  72|0x0000000084800000, 0x0000000084800000, 0x0000000084900000|  0%| F|  |TAMS 0x0000000084800000, 0x0000000084800000| Untracked 
|  73|0x0000000084900000, 0x0000000084900000, 0x0000000084a00000|  0%| F|  |TAMS 0x0000000084900000, 0x0000000084900000| Untracked 
|  74|0x0000000084a00000, 0x0000000084a00000, 0x0000000084b00000|  0%| F|  |TAMS 0x0000000084a00000, 0x0000000084a00000| Untracked 
|  75|0x0000000084b00000, 0x0000000084b00000, 0x0000000084c00000|  0%| F|  |TAMS 0x0000000084b00000, 0x0000000084b00000| Untracked 
|  76|0x0000000084c00000, 0x0000000084c00000, 0x0000000084d00000|  0%| F|  |TAMS 0x0000000084c00000, 0x0000000084c00000| Untracked 
|  77|0x0000000084d00000, 0x0000000084d00000, 0x0000000084e00000|  0%| F|  |TAMS 0x0000000084d00000, 0x0000000084d00000| Untracked 
|  78|0x0000000084e00000, 0x0000000084f00000, 0x0000000084f00000|100%| S|CS|TAMS 0x0000000084e00000, 0x0000000084e00000| Complete 
|  79|0x0000000084f00000, 0x0000000085000000, 0x0000000085000000|100%| S|CS|TAMS 0x0000000084f00000, 0x0000000084f00000| Complete 
|  80|0x0000000085000000, 0x0000000085100000, 0x0000000085100000|100%| S|CS|TAMS 0x0000000085000000, 0x0000000085000000| Complete 
|  81|0x0000000085100000, 0x0000000085200000, 0x0000000085200000|100%| S|CS|TAMS 0x0000000085100000, 0x0000000085100000| Complete 
|  82|0x0000000085200000, 0x0000000085200000, 0x0000000085300000|  0%| F|  |TAMS 0x0000000085200000, 0x0000000085200000| Untracked 
|  83|0x0000000085300000, 0x0000000085300000, 0x0000000085400000|  0%| F|  |TAMS 0x0000000085300000, 0x0000000085300000| Untracked 
|  84|0x0000000085400000, 0x0000000085400000, 0x0000000085500000|  0%| F|  |TAMS 0x0000000085400000, 0x0000000085400000| Untracked 
|  85|0x0000000085500000, 0x0000000085500000, 0x0000000085600000|  0%| F|  |TAMS 0x0000000085500000, 0x0000000085500000| Untracked 
|  86|0x0000000085600000, 0x0000000085600000, 0x0000000085700000|  0%| F|  |TAMS 0x0000000085600000, 0x0000000085600000| Untracked 
|  87|0x0000000085700000, 0x0000000085700000, 0x0000000085800000|  0%| F|  |TAMS 0x0000000085700000, 0x0000000085700000| Untracked 
|  88|0x0000000085800000, 0x0000000085800000, 0x0000000085900000|  0%| F|  |TAMS 0x0000000085800000, 0x0000000085800000| Untracked 
|  89|0x0000000085900000, 0x0000000085900000, 0x0000000085a00000|  0%| F|  |TAMS 0x0000000085900000, 0x0000000085900000| Untracked 
|  90|0x0000000085a00000, 0x0000000085a00000, 0x0000000085b00000|  0%| F|  |TAMS 0x0000000085a00000, 0x0000000085a00000| Untracked 
|  91|0x0000000085b00000, 0x0000000085b00000, 0x0000000085c00000|  0%| F|  |TAMS 0x0000000085b00000, 0x0000000085b00000| Untracked 
|  92|0x0000000085c00000, 0x0000000085c00000, 0x0000000085d00000|  0%| F|  |TAMS 0x0000000085c00000, 0x0000000085c00000| Untracked 
|  93|0x0000000085d00000, 0x0000000085d00000, 0x0000000085e00000|  0%| F|  |TAMS 0x0000000085d00000, 0x0000000085d00000| Untracked 
|  94|0x0000000085e00000, 0x0000000085e00000, 0x0000000085f00000|  0%| F|  |TAMS 0x0000000085e00000, 0x0000000085e00000| Untracked 
|  95|0x0000000085f00000, 0x0000000085f00000, 0x0000000086000000|  0%| F|  |TAMS 0x0000000085f00000, 0x0000000085f00000| Untracked 
|  96|0x0000000086000000, 0x0000000086000000, 0x0000000086100000|  0%| F|  |TAMS 0x0000000086000000, 0x0000000086000000| Untracked 
|  97|0x0000000086100000, 0x0000000086100000, 0x0000000086200000|  0%| F|  |TAMS 0x0000000086100000, 0x0000000086100000| Untracked 
|  98|0x0000000086200000, 0x0000000086200000, 0x0000000086300000|  0%| F|  |TAMS 0x0000000086200000, 0x0000000086200000| Untracked 
|  99|0x0000000086300000, 0x0000000086300000, 0x0000000086400000|  0%| F|  |TAMS 0x0000000086300000, 0x0000000086300000| Untracked 
| 100|0x0000000086400000, 0x0000000086400000, 0x0000000086500000|  0%| F|  |TAMS 0x0000000086400000, 0x0000000086400000| Untracked 
| 101|0x0000000086500000, 0x0000000086500000, 0x0000000086600000|  0%| F|  |TAMS 0x0000000086500000, 0x0000000086500000| Untracked 
| 102|0x0000000086600000, 0x0000000086600000, 0x0000000086700000|  0%| F|  |TAMS 0x0000000086600000, 0x0000000086600000| Untracked 
| 103|0x0000000086700000, 0x0000000086700000, 0x0000000086800000|  0%| F|  |TAMS 0x0000000086700000, 0x0000000086700000| Untracked 
| 104|0x0000000086800000, 0x0000000086800000, 0x0000000086900000|  0%| F|  |TAMS 0x0000000086800000, 0x0000000086800000| Untracked 
| 105|0x0000000086900000, 0x0000000086900000, 0x0000000086a00000|  0%| F|  |TAMS 0x0000000086900000, 0x0000000086900000| Untracked 
| 106|0x0000000086a00000, 0x0000000086a00000, 0x0000000086b00000|  0%| F|  |TAMS 0x0000000086a00000, 0x0000000086a00000| Untracked 
| 107|0x0000000086b00000, 0x0000000086b00000, 0x0000000086c00000|  0%| F|  |TAMS 0x0000000086b00000, 0x0000000086b00000| Untracked 
| 108|0x0000000086c00000, 0x0000000086c00000, 0x0000000086d00000|  0%| F|  |TAMS 0x0000000086c00000, 0x0000000086c00000| Untracked 
| 109|0x0000000086d00000, 0x0000000086d00000, 0x0000000086e00000|  0%| F|  |TAMS 0x0000000086d00000, 0x0000000086d00000| Untracked 
| 110|0x0000000086e00000, 0x0000000086e00000, 0x0000000086f00000|  0%| F|  |TAMS 0x0000000086e00000, 0x0000000086e00000| Untracked 
| 111|0x0000000086f00000, 0x0000000086f00000, 0x0000000087000000|  0%| F|  |TAMS 0x0000000086f00000, 0x0000000086f00000| Untracked 
| 112|0x0000000087000000, 0x0000000087000000, 0x0000000087100000|  0%| F|  |TAMS 0x0000000087000000, 0x0000000087000000| Untracked 
| 113|0x0000000087100000, 0x0000000087100000, 0x0000000087200000|  0%| F|  |TAMS 0x0000000087100000, 0x0000000087100000| Untracked 
| 114|0x0000000087200000, 0x0000000087200000, 0x0000000087300000|  0%| F|  |TAMS 0x0000000087200000, 0x0000000087200000| Untracked 
| 115|0x0000000087300000, 0x0000000087300000, 0x0000000087400000|  0%| F|  |TAMS 0x0000000087300000, 0x0000000087300000| Untracked 
| 116|0x0000000087400000, 0x0000000087400000, 0x0000000087500000|  0%| F|  |TAMS 0x0000000087400000, 0x0000000087400000| Untracked 
| 117|0x0000000087500000, 0x0000000087500000, 0x0000000087600000|  0%| F|  |TAMS 0x0000000087500000, 0x0000000087500000| Untracked 
| 118|0x0000000087600000, 0x0000000087600000, 0x0000000087700000|  0%| F|  |TAMS 0x0000000087600000, 0x0000000087600000| Untracked 
| 119|0x0000000087700000, 0x0000000087700000, 0x0000000087800000|  0%| F|  |TAMS 0x0000000087700000, 0x0000000087700000| Untracked 
| 120|0x0000000087800000, 0x0000000087800000, 0x0000000087900000|  0%| F|  |TAMS 0x0000000087800000, 0x0000000087800000| Untracked 
| 121|0x0000000087900000, 0x0000000087900000, 0x0000000087a00000|  0%| F|  |TAMS 0x0000000087900000, 0x0000000087900000| Untracked 
| 122|0x0000000087a00000, 0x0000000087a00000, 0x0000000087b00000|  0%| F|  |TAMS 0x0000000087a00000, 0x0000000087a00000| Untracked 
| 123|0x0000000087b00000, 0x0000000087b00000, 0x0000000087c00000|  0%| F|  |TAMS 0x0000000087b00000, 0x0000000087b00000| Untracked 
| 124|0x0000000087c00000, 0x0000000087c00000, 0x0000000087d00000|  0%| F|  |TAMS 0x0000000087c00000, 0x0000000087c00000| Untracked 
| 125|0x0000000087d00000, 0x0000000087d00000, 0x0000000087e00000|  0%| F|  |TAMS 0x0000000087d00000, 0x0000000087d00000| Untracked 
| 126|0x0000000087e00000, 0x0000000087e00000, 0x0000000087f00000|  0%| F|  |TAMS 0x0000000087e00000, 0x0000000087e00000| Untracked 
| 127|0x0000000087f00000, 0x0000000087f00000, 0x0000000088000000|  0%| F|  |TAMS 0x0000000087f00000, 0x0000000087f00000| Untracked 
| 128|0x0000000088000000, 0x0000000088000000, 0x0000000088100000|  0%| F|  |TAMS 0x0000000088000000, 0x0000000088000000| Untracked 
| 129|0x0000000088100000, 0x0000000088100000, 0x0000000088200000|  0%| F|  |TAMS 0x0000000088100000, 0x0000000088100000| Untracked 
| 130|0x0000000088200000, 0x0000000088200000, 0x0000000088300000|  0%| F|  |TAMS 0x0000000088200000, 0x0000000088200000| Untracked 
| 131|0x0000000088300000, 0x0000000088300000, 0x0000000088400000|  0%| F|  |TAMS 0x0000000088300000, 0x0000000088300000| Untracked 
| 132|0x0000000088400000, 0x0000000088400000, 0x0000000088500000|  0%| F|  |TAMS 0x0000000088400000, 0x0000000088400000| Untracked 
| 133|0x0000000088500000, 0x0000000088500000, 0x0000000088600000|  0%| F|  |TAMS 0x0000000088500000, 0x0000000088500000| Untracked 
| 134|0x0000000088600000, 0x0000000088600000, 0x0000000088700000|  0%| F|  |TAMS 0x0000000088600000, 0x0000000088600000| Untracked 
| 135|0x0000000088700000, 0x0000000088700000, 0x0000000088800000|  0%| F|  |TAMS 0x0000000088700000, 0x0000000088700000| Untracked 
| 136|0x0000000088800000, 0x0000000088800000, 0x0000000088900000|  0%| F|  |TAMS 0x0000000088800000, 0x0000000088800000| Untracked 
| 137|0x0000000088900000, 0x0000000088900000, 0x0000000088a00000|  0%| F|  |TAMS 0x0000000088900000, 0x0000000088900000| Untracked 
| 138|0x0000000088a00000, 0x0000000088a82010, 0x0000000088b00000| 50%| E|  |TAMS 0x0000000088a00000, 0x0000000088a00000| Complete 
| 139|0x0000000088b00000, 0x0000000088c00000, 0x0000000088c00000|100%| E|CS|TAMS 0x0000000088b00000, 0x0000000088b00000| Complete 
| 140|0x0000000088c00000, 0x0000000088d00000, 0x0000000088d00000|100%| E|CS|TAMS 0x0000000088c00000, 0x0000000088c00000| Complete 
| 141|0x0000000088d00000, 0x0000000088e00000, 0x0000000088e00000|100%| E|CS|TAMS 0x0000000088d00000, 0x0000000088d00000| Complete 
| 142|0x0000000088e00000, 0x0000000088f00000, 0x0000000088f00000|100%| E|CS|TAMS 0x0000000088e00000, 0x0000000088e00000| Complete 
| 143|0x0000000088f00000, 0x0000000089000000, 0x0000000089000000|100%| E|CS|TAMS 0x0000000088f00000, 0x0000000088f00000| Complete 
| 144|0x0000000089000000, 0x0000000089100000, 0x0000000089100000|100%| E|CS|TAMS 0x0000000089000000, 0x0000000089000000| Complete 
| 145|0x0000000089100000, 0x0000000089200000, 0x0000000089200000|100%| E|CS|TAMS 0x0000000089100000, 0x0000000089100000| Complete 
| 146|0x0000000089200000, 0x0000000089300000, 0x0000000089300000|100%| E|CS|TAMS 0x0000000089200000, 0x0000000089200000| Complete 
| 147|0x0000000089300000, 0x0000000089400000, 0x0000000089400000|100%| E|CS|TAMS 0x0000000089300000, 0x0000000089300000| Complete 
| 148|0x0000000089400000, 0x0000000089500000, 0x0000000089500000|100%| E|CS|TAMS 0x0000000089400000, 0x0000000089400000| Complete 
| 149|0x0000000089500000, 0x0000000089600000, 0x0000000089600000|100%| E|CS|TAMS 0x0000000089500000, 0x0000000089500000| Complete 
| 150|0x0000000089600000, 0x0000000089700000, 0x0000000089700000|100%| E|CS|TAMS 0x0000000089600000, 0x0000000089600000| Complete 
| 151|0x0000000089700000, 0x0000000089800000, 0x0000000089800000|100%| E|CS|TAMS 0x0000000089700000, 0x0000000089700000| Complete 
| 152|0x0000000089800000, 0x0000000089900000, 0x0000000089900000|100%| E|CS|TAMS 0x0000000089800000, 0x0000000089800000| Complete 
| 153|0x0000000089900000, 0x0000000089a00000, 0x0000000089a00000|100%| E|CS|TAMS 0x0000000089900000, 0x0000000089900000| Complete 

Card table byte_map: [0x0000010df4a80000,0x0000010df4e80000] _byte_map_base: 0x0000010df4680000

Marking Bits (Prev, Next): (CMBitMap*) 0x0000010ddc4028b0, (CMBitMap*) 0x0000010ddc402878
 Prev Bits: [0x0000010df7280000, 0x0000010df9280000)
 Next Bits: [0x0000010df5280000, 0x0000010df7280000)

Polling page: 0x0000010ddc4b0000

Metaspace:

Usage:
  Non-class:     19.57 MB capacity,    19.35 MB ( 99%) used,   206.25 KB (  1%) free+waste,    25.94 KB ( <1%) overhead. 
      Class:      2.34 MB capacity,     2.19 MB ( 94%) used,   137.68 KB (  6%) free+waste,    10.00 KB ( <1%) overhead. 
       Both:     21.91 MB capacity,    21.54 MB ( 98%) used,   343.93 KB (  2%) free+waste,    35.94 KB ( <1%) overhead. 

Virtual space:
  Non-class space:       20.00 MB reserved,      19.75 MB ( 99%) committed 
      Class space:        1.00 GB reserved,       2.38 MB ( <1%) committed 
             Both:        1.02 GB reserved,      22.13 MB (  2%) committed 

Chunk freelists:
   Non-Class:  6.50 KB
       Class:  1.00 KB
        Both:  7.50 KB

CodeHeap 'non-profiled nmethods': size=120064Kb used=2301Kb max_used=2301Kb free=117762Kb
 bounds [0x0000010decd40000, 0x0000010decfb0000, 0x0000010df4280000]
CodeHeap 'profiled nmethods': size=120000Kb used=9304Kb max_used=9304Kb free=110695Kb
 bounds [0x0000010de5810000, 0x0000010de6130000, 0x0000010decd40000]
CodeHeap 'non-nmethods': size=5696Kb used=1119Kb max_used=1168Kb free=4576Kb
 bounds [0x0000010de5280000, 0x0000010de54f0000, 0x0000010de5810000]
 total_blobs=4393 nmethods=3972 adapters=332
 compilation: enabled
              stopped_count=0, restarted_count=0
 full_count=0

Compilation events (10 events):
Event: 17.479 Thread 0x0000010dfb6e8800 3964       3       org.eclipse.aether.util.graph.transformer.ConflictResolver$NodeInfo::add (31 bytes)
Event: 17.480 Thread 0x0000010dfb6e8800 nmethod 3964 0x0000010de6120010 code [0x0000010de61201c0, 0x0000010de61204b8]
Event: 17.480 Thread 0x0000010dfb6e8800 3965       3       org.eclipse.aether.util.graph.transformer.NearestVersionSelector::isAcceptable (48 bytes)
Event: 17.480 Thread 0x0000010dfb6e8800 nmethod 3965 0x0000010de6120610 code [0x0000010de6120820, 0x0000010de6120fe8]
Event: 17.480 Thread 0x0000010dfb6e8800 3967       3       org.eclipse.aether.util.graph.transformer.ConflictResolver$State::add (85 bytes)
Event: 17.481 Thread 0x0000010dfb6e8800 nmethod 3967 0x0000010de6121290 code [0x0000010de6121560, 0x0000010de6122438]
Event: 17.482 Thread 0x0000010dfb6e8800 3971       3       org.eclipse.aether.util.graph.transformer.ConflictResolver$ConflictItem::getScopes (29 bytes)
Event: 17.482 Thread 0x0000010dfb6e8800 nmethod 3971 0x0000010de6122910 code [0x0000010de6122b00, 0x0000010de61231b8]
Event: 17.483 Thread 0x0000010dfb6e8800 3972       3       org.eclipse.aether.util.filter.ScopeDependencyFilter::accept (82 bytes)
Event: 17.483 Thread 0x0000010dfb6e8800 nmethod 3972 0x0000010de6123390 code [0x0000010de6123580, 0x0000010de6123bd8]

GC Heap History (10 events):
Event: 5.196 GC heap before
{Heap before GC invocations=2 (full 0):
 garbage-first heap   total 131072K, used 16305K [0x0000000080000000, 0x0000000100000000)
  region size 1024K, 14 young (14336K), 1 survivors (1024K)
 Metaspace       used 12419K, capacity 12596K, committed 12672K, reserved 1060864K
  class space    used 1253K, capacity 1348K, committed 1408K, reserved 1048576K
}
Event: 5.207 GC heap after
{Heap after GC invocations=3 (full 0):
 garbage-first heap   total 131072K, used 3662K [0x0000000080000000, 0x0000000100000000)
  region size 1024K, 2 young (2048K), 2 survivors (2048K)
 Metaspace       used 12419K, capacity 12596K, committed 12672K, reserved 1060864K
  class space    used 1253K, capacity 1348K, committed 1408K, reserved 1048576K
}
Event: 6.307 GC heap before
{Heap before GC invocations=3 (full 0):
 garbage-first heap   total 131072K, used 22094K [0x0000000080000000, 0x0000000100000000)
  region size 1024K, 20 young (20480K), 2 survivors (2048K)
 Metaspace       used 14470K, capacity 14649K, committed 14976K, reserved 1062912K
  class space    used 1509K, capacity 1583K, committed 1664K, reserved 1048576K
}
Event: 6.319 GC heap after
{Heap after GC invocations=4 (full 0):
 garbage-first heap   total 131072K, used 4370K [0x0000000080000000, 0x0000000100000000)
  region size 1024K, 3 young (3072K), 3 survivors (3072K)
 Metaspace       used 14470K, capacity 14649K, committed 14976K, reserved 1062912K
  class space    used 1509K, capacity 1583K, committed 1664K, reserved 1048576K
}
Event: 9.528 GC heap before
{Heap before GC invocations=4 (full 0):
 garbage-first heap   total 131072K, used 33042K [0x0000000080000000, 0x0000000100000000)
  region size 1024K, 31 young (31744K), 3 survivors (3072K)
 Metaspace       used 19787K, capacity 20123K, committed 20224K, reserved 1067008K
  class space    used 2123K, capacity 2243K, committed 2304K, reserved 1048576K
}
Event: 9.556 GC heap after
{Heap after GC invocations=5 (full 0):
 garbage-first heap   total 131072K, used 6597K [0x0000000080000000, 0x0000000100000000)
  region size 1024K, 4 young (4096K), 4 survivors (4096K)
 Metaspace       used 19787K, capacity 20123K, committed 20224K, reserved 1067008K
  class space    used 2123K, capacity 2243K, committed 2304K, reserved 1048576K
}
Event: 15.134 GC heap before
{Heap before GC invocations=5 (full 0):
 garbage-first heap   total 131072K, used 71109K [0x0000000080000000, 0x0000000100000000)
  region size 1024K, 68 young (69632K), 4 survivors (4096K)
 Metaspace       used 20907K, capacity 21203K, committed 21248K, reserved 1069056K
  class space    used 2169K, capacity 2282K, committed 2304K, reserved 1048576K
}
Event: 15.214 GC heap after
{Heap after GC invocations=6 (full 0):
 garbage-first heap   total 131072K, used 14218K [0x0000000080000000, 0x0000000100000000)
  region size 1024K, 10 young (10240K), 10 survivors (10240K)
 Metaspace       used 20907K, capacity 21203K, committed 21248K, reserved 1069056K
  class space    used 2169K, capacity 2282K, committed 2304K, reserved 1048576K
}
Event: 17.174 GC heap before
{Heap before GC invocations=7 (full 0):
 garbage-first heap   total 131072K, used 61322K [0x0000000080000000, 0x0000000100000000)
  region size 1024K, 56 young (57344K), 10 survivors (10240K)
 Metaspace       used 21901K, capacity 22308K, committed 22400K, reserved 1069056K
  class space    used 2244K, capacity 2392K, committed 2432K, reserved 1048576K
}
Event: 17.245 GC heap after
{Heap after GC invocations=8 (full 0):
 garbage-first heap   total 157696K, used 17671K [0x0000000080000000, 0x0000000100000000)
  region size 1024K, 4 young (4096K), 4 survivors (4096K)
 Metaspace       used 21901K, capacity 22308K, committed 22400K, reserved 1069056K
  class space    used 2244K, capacity 2392K, committed 2432K, reserved 1048576K
}

Deoptimization events (10 events):
Event: 16.905 Thread 0x0000010ddc3c5800 Uncommon trap: reason=class_check action=maybe_recompile pc=0x0000010dece0978c method=com.google.inject.internal.LinkedBindingImpl.acceptTargetVisitor(Lcom/google/inject/spi/BindingTargetVisitor;)Ljava/lang/Object; @ 2 c2
Event: 16.905 Thread 0x0000010ddc3c5800 Uncommon trap: reason=class_check action=maybe_recompile pc=0x0000010dece0978c method=com.google.inject.internal.LinkedBindingImpl.acceptTargetVisitor(Lcom/google/inject/spi/BindingTargetVisitor;)Ljava/lang/Object; @ 2 c2
Event: 16.930 Thread 0x0000010ddc3c5800 Uncommon trap: reason=predicate action=maybe_recompile pc=0x0000010decf6e454 method=java.util.TimSort.binarySort([Ljava/lang/Object;IIILjava/util/Comparator;)V @ 34 c2
Event: 16.930 Thread 0x0000010ddc3c5800 Uncommon trap: reason=null_check action=make_not_entrant pc=0x0000010decf13350 method=com.google.inject.internal.InjectorImpl.enterContext()Lcom/google/inject/internal/InternalContext; @ 7 c2
Event: 16.932 Thread 0x0000010ddc3c5800 Uncommon trap: reason=speculate_null_assert action=make_not_entrant pc=0x0000010deceb82e4 method=org.eclipse.sisu.inject.RankedBindings$Itr.hasNext()Z @ 80 c2
Event: 16.964 Thread 0x0000010ddc3c5800 Uncommon trap: reason=class_check action=maybe_recompile pc=0x0000010decf388c4 method=org.eclipse.sisu.wire.EntryListAdapter$ValueIterator.next()Ljava/lang/Object; @ 4 c2
Event: 16.970 Thread 0x0000010ddc3c5800 Uncommon trap: reason=class_check action=maybe_recompile pc=0x0000010decf388c4 method=org.eclipse.sisu.wire.EntryListAdapter$ValueIterator.next()Ljava/lang/Object; @ 4 c2
Event: 17.165 Thread 0x0000010ddc3c5800 Uncommon trap: reason=unstable_if action=reinterpret pc=0x0000010decf3c3c0 method=org.codehaus.plexus.interpolation.util.StringUtils.capitalizeFirstLetter(Ljava/lang/String;)Ljava/lang/String; @ 13 c2
Event: 17.280 Thread 0x0000010ddc3c5800 Uncommon trap: reason=unstable_if action=reinterpret pc=0x0000010deced8628 method=org.codehaus.plexus.interpolation.StringSearchInterpolator.interpolate(Ljava/lang/String;Lorg/codehaus/plexus/interpolation/RecursionInterceptor;Ljava/util/Set;)Ljava/lang/S
Event: 17.299 Thread 0x0000010ddc3c5800 Uncommon trap: reason=unstable_if action=reinterpret pc=0x0000010dece2d5cc method=java.lang.String.indexOf([BBILjava/lang/String;I)I @ 54 c2

Classes redefined (0 events):
No events

Internal exceptions (10 events):
Event: 8.196 Thread 0x0000010ddc3c5800 Exception <a 'java/lang/NoClassDefFoundError'{0x0000000086e44250}: com/google/inject/servlet/ServletModuleTargetVisitor> (0x0000000086e44250) thrown at [./open/src/hotspot/share/classfile/systemDictionary.cpp, line 215]
Event: 8.196 Thread 0x0000010ddc3c5800 Exception <a 'java/lang/NoClassDefFoundError'{0x0000000086e44250}> (0x0000000086e44250) thrown at [./open/src/hotspot/share/prims/jvm.cpp, line 1309]
Event: 8.659 Thread 0x0000010ddc3c5800 Exception <a 'java/lang/NoSuchMethodError'{0x0000000086d8dd18}: java.lang.invoke.DirectMethodHandle$Holder.invokeStaticInit(Ljava/lang/Object;IIII)Ljava/lang/Object;> (0x0000000086d8dd18) thrown at [./open/src/hotspot/share/interpreter/linkResolver.cpp, l
Event: 8.808 Thread 0x0000010ddc3c5800 Implicit null exception at 0x0000010decdfc093 to 0x0000010decdfe618
Event: 8.860 Thread 0x0000010ddc3c5800 Implicit null exception at 0x0000010decd68f74 to 0x0000010decd69480
Event: 8.860 Thread 0x0000010ddc3c5800 Implicit null exception at 0x0000010decd69a74 to 0x0000010decd69f60
Event: 9.512 Thread 0x0000010ddc3c5800 Implicit null exception at 0x0000010decdd98d5 to 0x0000010decdd9a98
Event: 9.512 Thread 0x0000010ddc3c5800 Implicit null exception at 0x0000010dece2899b to 0x0000010dece2907a
Event: 9.527 Thread 0x0000010ddc3c5800 Implicit null exception at 0x0000010decdcabaf to 0x0000010decdcac1d
Event: 16.930 Thread 0x0000010ddc3c5800 Implicit null exception at 0x0000010decf12a1c to 0x0000010decf13340

Events (10 events):
Event: 17.280 Thread 0x0000010ddc3c5800 Uncommon trap: trap_request=0xffffff4d fr.pc=0x0000010deced8628 relative=0x00000000000066e8
Event: 17.280 Thread 0x0000010ddc3c5800 DEOPT PACKING pc=0x0000010deced8628 sp=0x00000004e0dfc0d0
Event: 17.280 Thread 0x0000010ddc3c5800 DEOPT UNPACKING pc=0x0000010de52883af sp=0x00000004e0dfc0b0 mode 2
Event: 17.299 Thread 0x0000010ddc3c5800 Uncommon trap: trap_request=0xffffff4d fr.pc=0x0000010dece2d5cc relative=0x000000000000032c
Event: 17.299 Thread 0x0000010ddc3c5800 DEOPT PACKING pc=0x0000010dece2d5cc sp=0x00000004e0dfc220
Event: 17.299 Thread 0x0000010ddc3c5800 DEOPT UNPACKING pc=0x0000010de52883af sp=0x00000004e0dfc130 mode 2
Event: 17.368 Thread 0x0000010ddc3c5800 DEOPT PACKING pc=0x0000010de5d5c5da sp=0x00000004e0dfbb70
Event: 17.368 Thread 0x0000010ddc3c5800 DEOPT UNPACKING pc=0x0000010de52a7c0e sp=0x00000004e0dfb118 mode 0
Event: 17.382 Thread 0x0000010ddc3c5800 DEOPT PACKING pc=0x0000010de5e5b677 sp=0x00000004e0dfc170
Event: 17.382 Thread 0x0000010ddc3c5800 DEOPT UNPACKING pc=0x0000010de52a7c0e sp=0x00000004e0dfb690 mode 0


Dynamic libraries:
0x00007ff731eb0000 - 0x00007ff731ebf000 	C:\Program Files\Java\jdk-11.0.16\bin\java.exe
0x00007fffd4d10000 - 0x00007fffd4f08000 	C:\Windows\SYSTEM32\ntdll.dll
0x00007fffd47f0000 - 0x00007fffd48ad000 	C:\Windows\System32\KERNEL32.DLL
0x00007fffd2420000 - 0x00007fffd26f2000 	C:\Windows\System32\KERNELBASE.dll
0x00007fffd2700000 - 0x00007fffd2800000 	C:\Windows\System32\ucrtbase.dll
0x00007fffbcaf0000 - 0x00007fffbcb08000 	C:\Program Files\Java\jdk-11.0.16\bin\jli.dll
0x00007fffd2d70000 - 0x00007fffd2e1e000 	C:\Windows\System32\ADVAPI32.dll
0x00007fffd4ad0000 - 0x00007fffd4b6e000 	C:\Windows\System32\msvcrt.dll
0x00007fffd2f60000 - 0x00007fffd2ffc000 	C:\Windows\System32\sechost.dll
0x00007fffd32e0000 - 0x00007fffd3405000 	C:\Windows\System32\RPCRT4.dll
0x00007fffd4590000 - 0x00007fffd472d000 	C:\Windows\System32\USER32.dll
0x00007fffd28a0000 - 0x00007fffd28c2000 	C:\Windows\System32\win32u.dll
0x00007fffd3420000 - 0x00007fffd344b000 	C:\Windows\System32\GDI32.dll
0x00007fffd29b0000 - 0x00007fffd2abf000 	C:\Windows\System32\gdi32full.dll
0x00007fffd2800000 - 0x00007fffd289d000 	C:\Windows\System32\msvcp_win.dll
0x00007fffbc010000 - 0x00007fffbc025000 	C:\Program Files\Java\jdk-11.0.16\bin\VCRUNTIME140.dll
0x00007fffb4a30000 - 0x00007fffb4cca000 	C:\Windows\WinSxS\amd64_microsoft.windows.common-controls_6595b64144ccf1df_6.0.19041.1110_none_60b5254171f9507e\COMCTL32.dll
0x00007fffcf3c0000 - 0x00007fffcf3ca000 	C:\Windows\SYSTEM32\VERSION.dll
0x00007fffd4730000 - 0x00007fffd4760000 	C:\Windows\System32\IMM32.DLL
0x00007fffa68f0000 - 0x00007fffa698b000 	C:\Program Files\Java\jdk-11.0.16\bin\msvcp140.dll
0x00007fff7cbd0000 - 0x00007fff7d6e8000 	C:\Program Files\Java\jdk-11.0.16\bin\server\jvm.dll
0x00007fffd3410000 - 0x00007fffd3418000 	C:\Windows\System32\PSAPI.DLL
0x00007fffcc100000 - 0x00007fffcc109000 	C:\Windows\SYSTEM32\WSOCK32.dll
0x00007fffd4930000 - 0x00007fffd499b000 	C:\Windows\System32\WS2_32.dll
0x00007fffaf1d0000 - 0x00007fffaf1f7000 	C:\Windows\SYSTEM32\WINMM.dll
0x00007fffd02c0000 - 0x00007fffd02d2000 	C:\Windows\SYSTEM32\kernel.appcore.dll
0x00007fffc4be0000 - 0x00007fffc4bf0000 	C:\Program Files\Java\jdk-11.0.16\bin\verify.dll
0x00007fffc8c20000 - 0x00007fffc8e04000 	C:\Windows\SYSTEM32\DBGHELP.DLL
0x00007fffca510000 - 0x00007fffca53c000 	C:\Windows\SYSTEM32\dbgcore.DLL
0x00007fffd2ac0000 - 0x00007fffd2b42000 	C:\Windows\System32\bcryptPrimitives.dll
0x00007fffb8ac0000 - 0x00007fffb8ae8000 	C:\Program Files\Java\jdk-11.0.16\bin\java.dll
0x00007fffbcfe0000 - 0x00007fffbcfea000 	C:\Program Files\Java\jdk-11.0.16\bin\jimage.dll
0x00007fffb5c70000 - 0x00007fffb5c86000 	C:\Program Files\Java\jdk-11.0.16\bin\zip.dll
0x00007fffd3e40000 - 0x00007fffd4583000 	C:\Windows\System32\SHELL32.dll
0x00007fffd04c0000 - 0x00007fffd0c51000 	C:\Windows\SYSTEM32\windows.storage.dll
0x00007fffd3580000 - 0x00007fffd38d4000 	C:\Windows\System32\combase.dll
0x00007fffd1cc0000 - 0x00007fffd1cf0000 	C:\Windows\SYSTEM32\Wldp.dll
0x00007fffd4b70000 - 0x00007fffd4c1d000 	C:\Windows\System32\SHCORE.dll
0x00007fffd3000000 - 0x00007fffd3055000 	C:\Windows\System32\shlwapi.dll
0x00007fffd2360000 - 0x00007fffd237f000 	C:\Windows\SYSTEM32\profapi.dll
0x00007fffb5b80000 - 0x00007fffb5b99000 	C:\Program Files\Java\jdk-11.0.16\bin\net.dll
0x00007fffcc800000 - 0x00007fffcc90d000 	C:\Windows\SYSTEM32\WINHTTP.dll
0x00007fffd1aa0000 - 0x00007fffd1b0a000 	C:\Windows\system32\mswsock.dll
0x00007fffb5910000 - 0x00007fffb5922000 	C:\Program Files\Java\jdk-11.0.16\bin\nio.dll
0x0000000069ac0000 - 0x0000000069ae4000 	C:\Users\sfjbs\Downloads\micro service-20221001T105859Z-001\micro service\apache-maven-3.8.5-bin\apache-maven-3.8.5\lib\jansi-native\Windows\x86_64\jansi.dll

dbghelp: loaded successfully - version: 4.0.5 - missing functions: none
symbol engine: initialized successfully - sym options: 0x614 - pdb path: .;C:\Program Files\Java\jdk-11.0.16\bin;C:\Windows\SYSTEM32;C:\Windows\WinSxS\amd64_microsoft.windows.common-controls_6595b64144ccf1df_6.0.19041.1110_none_60b5254171f9507e;C:\Program Files\Java\jdk-11.0.16\bin\server;C:\Users\sfjbs\Downloads\micro service-20221001T105859Z-001\micro service\apache-maven-3.8.5-bin\apache-maven-3.8.5\lib\jansi-native\Windows\x86_64

VM Arguments:
jvm_args: -Dclassworlds.conf=C:\Users\sfjbs\Downloads\micro service-20221001T105859Z-001\micro service\apache-maven-3.8.5-bin\apache-maven-3.8.5\bin\m2.conf -Dmaven.home=C:\Users\sfjbs\Downloads\micro service-20221001T105859Z-001\micro service\apache-maven-3.8.5-bin\apache-maven-3.8.5 -Dlibrary.jansi.path=C:\Users\sfjbs\Downloads\micro service-20221001T105859Z-001\micro service\apache-maven-3.8.5-bin\apache-maven-3.8.5\lib\jansi-native -Dmaven.multiModuleProjectDirectory=C:\Users\sfjbs\Downloads\training\k4j\Day11\eureka-app\eureka-server 
java_command: org.codehaus.plexus.classworlds.launcher.Launcher clean install
java_class_path (initial): C:\Users\sfjbs\Downloads\micro service-20221001T105859Z-001\micro service\apache-maven-3.8.5-bin\apache-maven-3.8.5\boot\plexus-classworlds-2.6.0.jar
Launcher Type: SUN_STANDARD

[Global flags]
     intx CICompilerCount                          = 2                                         {product} {ergonomic}
     uint ConcGCThreads                            = 1                                         {product} {ergonomic}
     uint G1ConcRefinementThreads                  = 2                                         {product} {ergonomic}
   size_t G1HeapRegionSize                         = 1048576                                   {product} {ergonomic}
    uintx GCDrainStackTargetSize                   = 64                                        {product} {ergonomic}
   size_t InitialHeapSize                          = 134217728                                 {product} {ergonomic}
   size_t MarkStackSize                            = 4194304                                   {product} {ergonomic}
   size_t MaxHeapSize                              = 2147483648                                {product} {ergonomic}
   size_t MaxNewSize                               = 1287651328                                {product} {ergonomic}
   size_t MinHeapDeltaBytes                        = 1048576                                   {product} {ergonomic}
    uintx NonNMethodCodeHeapSize                   = 5825164                                {pd product} {ergonomic}
    uintx NonProfiledCodeHeapSize                  = 122916538                              {pd product} {ergonomic}
    uintx ProfiledCodeHeapSize                     = 122916538                              {pd product} {ergonomic}
    uintx ReservedCodeCacheSize                    = 251658240                              {pd product} {ergonomic}
     bool SegmentedCodeCache                       = true                                      {product} {ergonomic}
     bool UseCompressedClassPointers               = true                                 {lp64_product} {ergonomic}
     bool UseCompressedOops                        = true                                 {lp64_product} {ergonomic}
     bool UseG1GC                                  = true                                      {product} {ergonomic}
     bool UseLargePagesIndividualAllocation        = false                                  {pd product} {ergonomic}

Logging:
Log output configuration:
 #0: stdout all=warning uptime,level,tags
 #1: stderr all=off uptime,level,tags

Environment Variables:
PATH=C:\Program Files\Common Files\Oracle\Java\javapath;C:\Windows\system32;C:\Windows;C:\Windows\System32\Wbem;C:\Windows\System32\WindowsPowerShell\v1.0\;C:\Windows\System32\OpenSSH\;C:\Users\sfjbs\Downloads\micro service-20221001T105859Z-001\micro service\apache-maven-3.8.5-bin\apache-maven-3.8.5\bin;C:\Users\sfjbs\Downloads\micro service-20221001T105859Z-001\micro service\apache-maven-3.8.5-bin\apache-maven-3.8.5\lib;C:\Program Files\Git\cmd;C:\Program Files\Docker\Docker\resources\bin;C:\ProgramData\DockerDesktop\version-bin;C:\Users\sfjbs\AppData\Local\Microsoft\WindowsApps;C:\Users\sfjbs\Downloads\micro service-20221001T105859Z-001\micro service\apache-maven-3.8.5-bin\apache-maven-3.8.5\bin;C:\Users\sfjbs\Downloads\micro service-20221001T105859Z-001\micro service\apache-maven-3.8.5-bin\apache-maven-3.8.5\lib;;C:\Program Files\JetBrains\IntelliJ IDEA Community Edition 2022.2.1\bin;
USERNAME=sfjbs
OS=Windows_NT
PROCESSOR_IDENTIFIER=Intel64 Family 6 Model 106 Stepping 6, GenuineIntel



---------------  S Y S T E M  ---------------

OS: Windows 10 , 64 bit Build 19041 (10.0.19041.1889)
Hyper-V role detected

CPU:total 2 (initial active 2) (1 cores per cpu, 2 threads per core) family 6 model 106 stepping 6 microcode 0xffffffff, cmov, cx8, fxsr, mmx, sse, sse2, sse3, ssse3, sse4.1, sse4.2, popcnt, avx, avx2, aes, clmul, erms, rtm, 3dnowpref, lzcnt, ht, tsc, bmi1, bmi2, adx, evex, fma

Memory: 4k page, system-wide physical 8190M (445M free)
TotalPageFile size 10238M (AvailPageFile size 5M)
current process WorkingSet (physical memory assigned to process): 191M, peak: 191M
current process commit charge ("private bytes"): 268M, peak: 269M

vm_info: Java HotSpot(TM) 64-Bit Server VM (11.0.16+11-LTS-199) for windows-amd64 JRE (11.0.16+11-LTS-199), built on Jun 28 2022 08:23:17 by "mach5one" with MS VC++ 15.9 (VS2017)

END.
