#
# There is insufficient memory for the Java Runtime Environment to continue.
# Native memory allocation (mmap) failed to map 27262976 bytes for Failed to commit area from 0x0000000088000000 to 0x0000000089a00000 of length 27262976.
# Possible reasons:
#   The system is out of physical RAM or swap space
#   The process is running with CompressedOops enabled, and the Java Heap may be blocking the growth of the native heap
# Possible solutions:
#   Reduce memory load on the system
#   Increase physical memory or swap space
#   Check if swap backing store is full
#   Decrease Java heap size (-Xmx/-Xms)
#   Decrease number of Java threads
#   Decrease Java thread stack sizes (-Xss)
#   Set larger code cache with -XX:ReservedCodeCacheSize=
#   JVM is running with Unscaled Compressed Oops mode in which the Java heap is
#     placed in the first 4GB address space. The Java Heap base address is the
#     maximum limit for the native heap growth. Please use -XX:HeapBaseMinAddress
#     to set the Java Heap base and to place the Java Heap above 4GB virtual address.
# This output file may be truncated or incomplete.
#
#  Out of Memory Error (./open/src/hotspot/os/windows/os_windows.cpp:3287), pid=177340, tid=177388
#
# JRE version: Java(TM) SE Runtime Environment 18.9 (11.0.16+11) (build 11.0.16+11-LTS-199)
# Java VM: Java HotSpot(TM) 64-Bit Server VM 18.9 (11.0.16+11-LTS-199, mixed mode, tiered, compressed oops, g1 gc, windows-amd64)
# No core dump will be written. Minidumps are not enabled by default on client versions of Windows
#

---------------  S U M M A R Y ------------

Command Line: -Dclassworlds.conf=C:\Users\sfjbs\Downloads\micro service-20221001T105859Z-001\micro service\apache-maven-3.8.5-bin\apache-maven-3.8.5\bin\m2.conf -Dmaven.home=C:\Users\sfjbs\Downloads\micro service-20221001T105859Z-001\micro service\apache-maven-3.8.5-bin\apache-maven-3.8.5 -Dlibrary.jansi.path=C:\Users\sfjbs\Downloads\micro service-20221001T105859Z-001\micro service\apache-maven-3.8.5-bin\apache-maven-3.8.5\lib\jansi-native -Dmaven.multiModuleProjectDirectory=C:\Users\sfjbs\Downloads\training\k4j\Day11\eureka-app\eureka-server org.codehaus.plexus.classworlds.launcher.Launcher spring-boot:run

Host: Intel(R) Xeon(R) Platinum 8370C CPU @ 2.80GHz, 2 cores, 7G,  Windows 10 , 64 bit Build 19041 (10.0.19041.1889)
Time: Thu Oct 20 09:20:54 2022 Coordinated Universal Time elapsed time: 15.243963 seconds (0d 0h 0m 15s)

---------------  T H R E A D  ---------------

Current thread (0x000001d73e329000):  VMThread "VM Thread" [stack: 0x00000055e6600000,0x00000055e6700000] [id=177388]

Stack: [0x00000055e6600000,0x00000055e6700000]
[error occurred during error reporting (printing stack bounds), id 0xc0000005, EXCEPTION_ACCESS_VIOLATION (0xc0000005) at pc=0x000001d727f110e7]

Native frames: (J=compiled Java code, j=interpreted, Vv=VM code, C=native code)
V  [jvm.dll+0x62a3ea]
V  [jvm.dll+0x76418f]
V  [jvm.dll+0x765839]
V  [jvm.dll+0x765e25]
V  [jvm.dll+0x765ddb]
V  [jvm.dll+0x6298d3]
V  [jvm.dll+0x629fe8]
C  [ntdll.dll+0xa241f]
C  [ntdll.dll+0x514a4]
C  [ntdll.dll+0xa0f4e]
C  0x000001d727f110e7

VM_Operation (0x00000055e6dfe640): CollectForMetadataAllocation, mode: safepoint, requested by thread 0x000001d73e359800


---------------  P R O C E S S  ---------------

Threads class SMR info:
_java_thread_list=0x000001d73edff160, length=10, elements={
0x000001d720837000, 0x000001d73e32a800, 0x000001d73e334000, 0x000001d73e348800,
0x000001d73e34b800, 0x000001d73e34e000, 0x000001d73e350800, 0x000001d73e359800,
0x000001d73e363800, 0x000001d73ee2c800
}

Java Threads: ( => current thread )
  0x000001d720837000 JavaThread "main" [_thread_blocked, id=177248, stack(0x00000055e6000000,0x00000055e6100000)]
  0x000001d73e32a800 JavaThread "Reference Handler" daemon [_thread_blocked, id=177416, stack(0x00000055e6700000,0x00000055e6800000)]
  0x000001d73e334000 JavaThread "Finalizer" daemon [_thread_blocked, id=177424, stack(0x00000055e6800000,0x00000055e6900000)]
  0x000001d73e348800 JavaThread "Signal Dispatcher" daemon [_thread_blocked, id=177444, stack(0x00000055e6900000,0x00000055e6a00000)]
  0x000001d73e34b800 JavaThread "Attach Listener" daemon [_thread_blocked, id=177396, stack(0x00000055e6a00000,0x00000055e6b00000)]
  0x000001d73e34e000 JavaThread "Service Thread" daemon [_thread_blocked, id=177392, stack(0x00000055e6b00000,0x00000055e6c00000)]
  0x000001d73e350800 JavaThread "C2 CompilerThread0" daemon [_thread_blocked, id=177404, stack(0x00000055e6c00000,0x00000055e6d00000)]
  0x000001d73e359800 JavaThread "C1 CompilerThread0" daemon [_thread_blocked, id=176172, stack(0x00000055e6d00000,0x00000055e6e00000)]
  0x000001d73e363800 JavaThread "Sweeper thread" daemon [_thread_blocked, id=176672, stack(0x00000055e6e00000,0x00000055e6f00000)]
  0x000001d73ee2c800 JavaThread "Common-Cleaner" daemon [_thread_blocked, id=6904, stack(0x00000055e7000000,0x00000055e7100000)]

Other Threads:
=>0x000001d73e329000 VMThread "VM Thread" [stack: 0x00000055e6600000,0x00000055e6700000] [id=177388]
  0x000001d73ee25800 WatcherThread [stack: 0x00000055e6f00000,0x00000055e7000000] [id=175544]
  0x000001d72084b000 GCTaskThread "GC Thread#0" [stack: 0x00000055e6100000,0x00000055e6200000] [id=160200]
  0x000001d73f22b800 GCTaskThread "GC Thread#1" [stack: 0x00000055e7100000,0x00000055e7200000] [id=175380]
  0x000001d72087b800 ConcurrentGCThread "G1 Main Marker" [stack: 0x00000055e6200000,0x00000055e6300000] [id=176832]
  0x000001d72087e800 ConcurrentGCThread "G1 Conc#0" [stack: 0x00000055e6300000,0x00000055e6400000] [id=177360]
  0x000001d720904000 ConcurrentGCThread "G1 Refine#0" [stack: 0x00000055e6400000,0x00000055e6500000] [id=174852]
  0x000001d720906800 ConcurrentGCThread "G1 Young RemSet Sampling" [stack: 0x00000055e6500000,0x00000055e6600000] [id=177412]

Threads with active compile tasks:
C1 CompilerThread0    15253 3286   !   3       org.apache.maven.model.building.DefaultModelBuilder::importDependencyManagement (1095 bytes)

VM state:at safepoint (normal execution)

VM Mutex/Monitor currently owned by a thread:  ([mutex/lock_event])
[0x000001d720832860] Threads_lock - owner thread: 0x000001d73e329000
[0x000001d720833160] Heap_lock - owner thread: 0x000001d73e359800
[0x000001d7208323e0] MethodData_lock - owner thread: 0x000001d73e359800

Heap address: 0x0000000080000000, size: 2048 MB, Compressed Oops mode: 32-bit
Narrow klass base: 0x0000000000000000, Narrow klass shift: 3
Compressed class space size: 1073741824 Address: 0x0000000100000000

Heap:
 garbage-first heap   total 157696K, used 14154K [0x0000000080000000, 0x0000000100000000)
  region size 1024K, 10 young (10240K), 10 survivors (10240K)
 Metaspace       used 20908K, capacity 21200K, committed 21248K, reserved 1069056K
  class space    used 2171K, capacity 2281K, committed 2304K, reserved 1048576K
Heap Regions: E=young(eden), S=young(survivor), O=old, HS=humongous(starts), HC=humongous(continues), CS=collection set, F=free, A=archive, TAMS=top-at-mark-start (previous, next)
|   0|0x0000000080000000, 0x0000000080100000, 0x0000000080100000|100%| O|  |TAMS 0x0000000080000000, 0x0000000080100000| Untracked 
|   1|0x0000000080100000, 0x0000000080200000, 0x0000000080200000|100%| O|  |TAMS 0x0000000080100000, 0x0000000080200000| Untracked 
|   2|0x0000000080200000, 0x0000000080300000, 0x0000000080300000|100%| O|  |TAMS 0x0000000080200000, 0x0000000080300000| Untracked 
|   3|0x0000000080300000, 0x00000000803d2800, 0x0000000080400000| 82%| O|  |TAMS 0x0000000080300000, 0x00000000803d2800| Untracked 
|   4|0x0000000080400000, 0x0000000080400000, 0x0000000080500000|  0%| F|  |TAMS 0x0000000080400000, 0x0000000080400000| Untracked 
|   5|0x0000000080500000, 0x0000000080500000, 0x0000000080600000|  0%| F|  |TAMS 0x0000000080500000, 0x0000000080500000| Untracked 
|   6|0x0000000080600000, 0x0000000080600000, 0x0000000080700000|  0%| F|  |TAMS 0x0000000080600000, 0x0000000080600000| Untracked 
|   7|0x0000000080700000, 0x0000000080700000, 0x0000000080800000|  0%| F|  |TAMS 0x0000000080700000, 0x0000000080700000| Untracked 
|   8|0x0000000080800000, 0x0000000080800000, 0x0000000080900000|  0%| F|  |TAMS 0x0000000080800000, 0x0000000080800000| Untracked 
|   9|0x0000000080900000, 0x0000000080900000, 0x0000000080a00000|  0%| F|  |TAMS 0x0000000080900000, 0x0000000080900000| Untracked 
|  10|0x0000000080a00000, 0x0000000080a00000, 0x0000000080b00000|  0%| F|  |TAMS 0x0000000080a00000, 0x0000000080a00000| Untracked 
|  11|0x0000000080b00000, 0x0000000080b00000, 0x0000000080c00000|  0%| F|  |TAMS 0x0000000080b00000, 0x0000000080b00000| Untracked 
|  12|0x0000000080c00000, 0x0000000080c00000, 0x0000000080d00000|  0%| F|  |TAMS 0x0000000080c00000, 0x0000000080c00000| Untracked 
|  13|0x0000000080d00000, 0x0000000080d00000, 0x0000000080e00000|  0%| F|  |TAMS 0x0000000080d00000, 0x0000000080d00000| Untracked 
|  14|0x0000000080e00000, 0x0000000080e00000, 0x0000000080f00000|  0%| F|  |TAMS 0x0000000080e00000, 0x0000000080e00000| Untracked 
|  15|0x0000000080f00000, 0x0000000080f00000, 0x0000000081000000|  0%| F|  |TAMS 0x0000000080f00000, 0x0000000080f00000| Untracked 
|  16|0x0000000081000000, 0x0000000081000000, 0x0000000081100000|  0%| F|  |TAMS 0x0000000081000000, 0x0000000081000000| Untracked 
|  17|0x0000000081100000, 0x0000000081100000, 0x0000000081200000|  0%| F|  |TAMS 0x0000000081100000, 0x0000000081100000| Untracked 
|  18|0x0000000081200000, 0x0000000081200000, 0x0000000081300000|  0%| F|  |TAMS 0x0000000081200000, 0x0000000081200000| Untracked 
|  19|0x0000000081300000, 0x0000000081300000, 0x0000000081400000|  0%| F|  |TAMS 0x0000000081300000, 0x0000000081300000| Untracked 
|  20|0x0000000081400000, 0x0000000081400000, 0x0000000081500000|  0%| F|  |TAMS 0x0000000081400000, 0x0000000081400000| Untracked 
|  21|0x0000000081500000, 0x0000000081500000, 0x0000000081600000|  0%| F|  |TAMS 0x0000000081500000, 0x0000000081500000| Untracked 
|  22|0x0000000081600000, 0x0000000081600000, 0x0000000081700000|  0%| F|  |TAMS 0x0000000081600000, 0x0000000081600000| Untracked 
|  23|0x0000000081700000, 0x0000000081700000, 0x0000000081800000|  0%| F|  |TAMS 0x0000000081700000, 0x0000000081700000| Untracked 
|  24|0x0000000081800000, 0x0000000081800000, 0x0000000081900000|  0%| F|  |TAMS 0x0000000081800000, 0x0000000081800000| Untracked 
|  25|0x0000000081900000, 0x0000000081900000, 0x0000000081a00000|  0%| F|  |TAMS 0x0000000081900000, 0x0000000081900000| Untracked 
|  26|0x0000000081a00000, 0x0000000081a00000, 0x0000000081b00000|  0%| F|  |TAMS 0x0000000081a00000, 0x0000000081a00000| Untracked 
|  27|0x0000000081b00000, 0x0000000081b00000, 0x0000000081c00000|  0%| F|  |TAMS 0x0000000081b00000, 0x0000000081b00000| Untracked 
|  28|0x0000000081c00000, 0x0000000081c00000, 0x0000000081d00000|  0%| F|  |TAMS 0x0000000081c00000, 0x0000000081c00000| Untracked 
|  29|0x0000000081d00000, 0x0000000081d00000, 0x0000000081e00000|  0%| F|  |TAMS 0x0000000081d00000, 0x0000000081d00000| Untracked 
|  30|0x0000000081e00000, 0x0000000081e00000, 0x0000000081f00000|  0%| F|  |TAMS 0x0000000081e00000, 0x0000000081e00000| Untracked 
|  31|0x0000000081f00000, 0x0000000081f00000, 0x0000000082000000|  0%| F|  |TAMS 0x0000000081f00000, 0x0000000081f00000| Untracked 
|  32|0x0000000082000000, 0x0000000082000000, 0x0000000082100000|  0%| F|  |TAMS 0x0000000082000000, 0x0000000082000000| Untracked 
|  33|0x0000000082100000, 0x0000000082100000, 0x0000000082200000|  0%| F|  |TAMS 0x0000000082100000, 0x0000000082100000| Untracked 
|  34|0x0000000082200000, 0x0000000082200000, 0x0000000082300000|  0%| F|  |TAMS 0x0000000082200000, 0x0000000082200000| Untracked 
|  35|0x0000000082300000, 0x0000000082300000, 0x0000000082400000|  0%| F|  |TAMS 0x0000000082300000, 0x0000000082300000| Untracked 
|  36|0x0000000082400000, 0x0000000082400000, 0x0000000082500000|  0%| F|  |TAMS 0x0000000082400000, 0x0000000082400000| Untracked 
|  37|0x0000000082500000, 0x0000000082500000, 0x0000000082600000|  0%| F|  |TAMS 0x0000000082500000, 0x0000000082500000| Untracked 
|  38|0x0000000082600000, 0x0000000082600000, 0x0000000082700000|  0%| F|  |TAMS 0x0000000082600000, 0x0000000082600000| Untracked 
|  39|0x0000000082700000, 0x0000000082700000, 0x0000000082800000|  0%| F|  |TAMS 0x0000000082700000, 0x0000000082700000| Untracked 
|  40|0x0000000082800000, 0x0000000082800000, 0x0000000082900000|  0%| F|  |TAMS 0x0000000082800000, 0x0000000082800000| Untracked 
|  41|0x0000000082900000, 0x0000000082900000, 0x0000000082a00000|  0%| F|  |TAMS 0x0000000082900000, 0x0000000082900000| Untracked 
|  42|0x0000000082a00000, 0x0000000082a00000, 0x0000000082b00000|  0%| F|  |TAMS 0x0000000082a00000, 0x0000000082a00000| Untracked 
|  43|0x0000000082b00000, 0x0000000082b00000, 0x0000000082c00000|  0%| F|  |TAMS 0x0000000082b00000, 0x0000000082b00000| Untracked 
|  44|0x0000000082c00000, 0x0000000082c00000, 0x0000000082d00000|  0%| F|  |TAMS 0x0000000082c00000, 0x0000000082c00000| Untracked 
|  45|0x0000000082d00000, 0x0000000082d00000, 0x0000000082e00000|  0%| F|  |TAMS 0x0000000082d00000, 0x0000000082d00000| Untracked 
|  46|0x0000000082e00000, 0x0000000082e00000, 0x0000000082f00000|  0%| F|  |TAMS 0x0000000082e00000, 0x0000000082e00000| Untracked 
|  47|0x0000000082f00000, 0x0000000082f00000, 0x0000000083000000|  0%| F|  |TAMS 0x0000000082f00000, 0x0000000082f00000| Untracked 
|  48|0x0000000083000000, 0x0000000083000000, 0x0000000083100000|  0%| F|  |TAMS 0x0000000083000000, 0x0000000083000000| Untracked 
|  49|0x0000000083100000, 0x0000000083100000, 0x0000000083200000|  0%| F|  |TAMS 0x0000000083100000, 0x0000000083100000| Untracked 
|  50|0x0000000083200000, 0x0000000083200000, 0x0000000083300000|  0%| F|  |TAMS 0x0000000083200000, 0x0000000083200000| Untracked 
|  51|0x0000000083300000, 0x0000000083300000, 0x0000000083400000|  0%| F|  |TAMS 0x0000000083300000, 0x0000000083300000| Untracked 
|  52|0x0000000083400000, 0x0000000083400000, 0x0000000083500000|  0%| F|  |TAMS 0x0000000083400000, 0x0000000083400000| Untracked 
|  53|0x0000000083500000, 0x0000000083500000, 0x0000000083600000|  0%| F|  |TAMS 0x0000000083500000, 0x0000000083500000| Untracked 
|  54|0x0000000083600000, 0x0000000083600000, 0x0000000083700000|  0%| F|  |TAMS 0x0000000083600000, 0x0000000083600000| Untracked 
|  55|0x0000000083700000, 0x0000000083800000, 0x0000000083800000|100%| S|CS|TAMS 0x0000000083700000, 0x0000000083700000| Complete 
|  56|0x0000000083800000, 0x0000000083900000, 0x0000000083900000|100%| S|CS|TAMS 0x0000000083800000, 0x0000000083800000| Complete 
|  57|0x0000000083900000, 0x0000000083a00000, 0x0000000083a00000|100%| S|CS|TAMS 0x0000000083900000, 0x0000000083900000| Complete 
|  58|0x0000000083a00000, 0x0000000083b00000, 0x0000000083b00000|100%| S|CS|TAMS 0x0000000083a00000, 0x0000000083a00000| Complete 
|  59|0x0000000083b00000, 0x0000000083c00000, 0x0000000083c00000|100%| S|CS|TAMS 0x0000000083b00000, 0x0000000083b00000| Complete 
|  60|0x0000000083c00000, 0x0000000083d00000, 0x0000000083d00000|100%| S|CS|TAMS 0x0000000083c00000, 0x0000000083c00000| Complete 
|  61|0x0000000083d00000, 0x0000000083e00000, 0x0000000083e00000|100%| S|CS|TAMS 0x0000000083d00000, 0x0000000083d00000| Complete 
|  62|0x0000000083e00000, 0x0000000083f00000, 0x0000000083f00000|100%| S|CS|TAMS 0x0000000083e00000, 0x0000000083e00000| Complete 
|  63|0x0000000083f00000, 0x0000000084000000, 0x0000000084000000|100%| S|CS|TAMS 0x0000000083f00000, 0x0000000083f00000| Complete 
|  64|0x0000000084000000, 0x0000000084100000, 0x0000000084100000|100%| S|CS|TAMS 0x0000000084000000, 0x0000000084000000| Complete 
|  65|0x0000000084100000, 0x0000000084100000, 0x0000000084200000|  0%| F|  |TAMS 0x0000000084100000, 0x0000000084100000| Untracked 
|  66|0x0000000084200000, 0x0000000084200000, 0x0000000084300000|  0%| F|  |TAMS 0x0000000084200000, 0x0000000084200000| Untracked 
|  67|0x0000000084300000, 0x0000000084300000, 0x0000000084400000|  0%| F|  |TAMS 0x0000000084300000, 0x0000000084300000| Untracked 
|  68|0x0000000084400000, 0x0000000084400000, 0x0000000084500000|  0%| F|  |TAMS 0x0000000084400000, 0x0000000084400000| Untracked 
|  69|0x0000000084500000, 0x0000000084500000, 0x0000000084600000|  0%| F|  |TAMS 0x0000000084500000, 0x0000000084500000| Untracked 
|  70|0x0000000084600000, 0x0000000084600000, 0x0000000084700000|  0%| F|  |TAMS 0x0000000084600000, 0x0000000084600000| Untracked 
|  71|0x0000000084700000, 0x0000000084700000, 0x0000000084800000|  0%| F|  |TAMS 0x0000000084700000, 0x0000000084700000| Untracked 
|  72|0x0000000084800000, 0x0000000084800000, 0x0000000084900000|  0%| F|  |TAMS 0x0000000084800000, 0x0000000084800000| Untracked 
|  73|0x0000000084900000, 0x0000000084900000, 0x0000000084a00000|  0%| F|  |TAMS 0x0000000084900000, 0x0000000084900000| Untracked 
|  74|0x0000000084a00000, 0x0000000084a00000, 0x0000000084b00000|  0%| F|  |TAMS 0x0000000084a00000, 0x0000000084a00000| Untracked 
|  75|0x0000000084b00000, 0x0000000084b00000, 0x0000000084c00000|  0%| F|  |TAMS 0x0000000084b00000, 0x0000000084b00000| Untracked 
|  76|0x0000000084c00000, 0x0000000084c00000, 0x0000000084d00000|  0%| F|  |TAMS 0x0000000084c00000, 0x0000000084c00000| Untracked 
|  77|0x0000000084d00000, 0x0000000084d00000, 0x0000000084e00000|  0%| F|  |TAMS 0x0000000084d00000, 0x0000000084d00000| Untracked 
|  78|0x0000000084e00000, 0x0000000084e00000, 0x0000000084f00000|  0%| F|  |TAMS 0x0000000084e00000, 0x0000000084e00000| Untracked 
|  79|0x0000000084f00000, 0x0000000084f00000, 0x0000000085000000|  0%| F|  |TAMS 0x0000000084f00000, 0x0000000084f00000| Untracked 
|  80|0x0000000085000000, 0x0000000085000000, 0x0000000085100000|  0%| F|  |TAMS 0x0000000085000000, 0x0000000085000000| Untracked 
|  81|0x0000000085100000, 0x0000000085100000, 0x0000000085200000|  0%| F|  |TAMS 0x0000000085100000, 0x0000000085100000| Untracked 
|  82|0x0000000085200000, 0x0000000085200000, 0x0000000085300000|  0%| F|  |TAMS 0x0000000085200000, 0x0000000085200000| Untracked 
|  83|0x0000000085300000, 0x0000000085300000, 0x0000000085400000|  0%| F|  |TAMS 0x0000000085300000, 0x0000000085300000| Untracked 
|  84|0x0000000085400000, 0x0000000085400000, 0x0000000085500000|  0%| F|  |TAMS 0x0000000085400000, 0x0000000085400000| Untracked 
|  85|0x0000000085500000, 0x0000000085500000, 0x0000000085600000|  0%| F|  |TAMS 0x0000000085500000, 0x0000000085500000| Untracked 
|  86|0x0000000085600000, 0x0000000085600000, 0x0000000085700000|  0%| F|  |TAMS 0x0000000085600000, 0x0000000085600000| Untracked 
|  87|0x0000000085700000, 0x0000000085700000, 0x0000000085800000|  0%| F|  |TAMS 0x0000000085700000, 0x0000000085700000| Untracked 
|  88|0x0000000085800000, 0x0000000085800000, 0x0000000085900000|  0%| F|  |TAMS 0x0000000085800000, 0x0000000085800000| Untracked 
|  89|0x0000000085900000, 0x0000000085900000, 0x0000000085a00000|  0%| F|  |TAMS 0x0000000085900000, 0x0000000085900000| Untracked 
|  90|0x0000000085a00000, 0x0000000085a00000, 0x0000000085b00000|  0%| F|  |TAMS 0x0000000085a00000, 0x0000000085a00000| Untracked 
|  91|0x0000000085b00000, 0x0000000085b00000, 0x0000000085c00000|  0%| F|  |TAMS 0x0000000085b00000, 0x0000000085b00000| Untracked 
|  92|0x0000000085c00000, 0x0000000085c00000, 0x0000000085d00000|  0%| F|  |TAMS 0x0000000085c00000, 0x0000000085c00000| Untracked 
|  93|0x0000000085d00000, 0x0000000085d00000, 0x0000000085e00000|  0%| F|  |TAMS 0x0000000085d00000, 0x0000000085d00000| Untracked 
|  94|0x0000000085e00000, 0x0000000085e00000, 0x0000000085f00000|  0%| F|  |TAMS 0x0000000085e00000, 0x0000000085e00000| Untracked 
|  95|0x0000000085f00000, 0x0000000085f00000, 0x0000000086000000|  0%| F|  |TAMS 0x0000000085f00000, 0x0000000085f00000| Untracked 
|  96|0x0000000086000000, 0x0000000086000000, 0x0000000086100000|  0%| F|  |TAMS 0x0000000086000000, 0x0000000086000000| Untracked 
|  97|0x0000000086100000, 0x0000000086100000, 0x0000000086200000|  0%| F|  |TAMS 0x0000000086100000, 0x0000000086100000| Untracked 
|  98|0x0000000086200000, 0x0000000086200000, 0x0000000086300000|  0%| F|  |TAMS 0x0000000086200000, 0x0000000086200000| Untracked 
|  99|0x0000000086300000, 0x0000000086300000, 0x0000000086400000|  0%| F|  |TAMS 0x0000000086300000, 0x0000000086300000| Untracked 
| 100|0x0000000086400000, 0x0000000086400000, 0x0000000086500000|  0%| F|  |TAMS 0x0000000086400000, 0x0000000086400000| Untracked 
| 101|0x0000000086500000, 0x0000000086500000, 0x0000000086600000|  0%| F|  |TAMS 0x0000000086500000, 0x0000000086500000| Untracked 
| 102|0x0000000086600000, 0x0000000086600000, 0x0000000086700000|  0%| F|  |TAMS 0x0000000086600000, 0x0000000086600000| Untracked 
| 103|0x0000000086700000, 0x0000000086700000, 0x0000000086800000|  0%| F|  |TAMS 0x0000000086700000, 0x0000000086700000| Untracked 
| 104|0x0000000086800000, 0x0000000086800000, 0x0000000086900000|  0%| F|  |TAMS 0x0000000086800000, 0x0000000086800000| Untracked 
| 105|0x0000000086900000, 0x0000000086900000, 0x0000000086a00000|  0%| F|  |TAMS 0x0000000086900000, 0x0000000086900000| Untracked 
| 106|0x0000000086a00000, 0x0000000086a00000, 0x0000000086b00000|  0%| F|  |TAMS 0x0000000086a00000, 0x0000000086a00000| Untracked 
| 107|0x0000000086b00000, 0x0000000086b00000, 0x0000000086c00000|  0%| F|  |TAMS 0x0000000086b00000, 0x0000000086b00000| Untracked 
| 108|0x0000000086c00000, 0x0000000086c00000, 0x0000000086d00000|  0%| F|  |TAMS 0x0000000086c00000, 0x0000000086c00000| Untracked 
| 109|0x0000000086d00000, 0x0000000086d00000, 0x0000000086e00000|  0%| F|  |TAMS 0x0000000086d00000, 0x0000000086d00000| Untracked 
| 110|0x0000000086e00000, 0x0000000086e00000, 0x0000000086f00000|  0%| F|  |TAMS 0x0000000086e00000, 0x0000000086e00000| Untracked 
| 111|0x0000000086f00000, 0x0000000086f00000, 0x0000000087000000|  0%| F|  |TAMS 0x0000000086f00000, 0x0000000086f00000| Untracked 
| 112|0x0000000087000000, 0x0000000087000000, 0x0000000087100000|  0%| F|  |TAMS 0x0000000087000000, 0x0000000087000000| Untracked 
| 113|0x0000000087100000, 0x0000000087100000, 0x0000000087200000|  0%| F|  |TAMS 0x0000000087100000, 0x0000000087100000| Untracked 
| 114|0x0000000087200000, 0x0000000087200000, 0x0000000087300000|  0%| F|  |TAMS 0x0000000087200000, 0x0000000087200000| Untracked 
| 115|0x0000000087300000, 0x0000000087300000, 0x0000000087400000|  0%| F|  |TAMS 0x0000000087300000, 0x0000000087300000| Untracked 
| 116|0x0000000087400000, 0x0000000087400000, 0x0000000087500000|  0%| F|  |TAMS 0x0000000087400000, 0x0000000087400000| Untracked 
| 117|0x0000000087500000, 0x0000000087500000, 0x0000000087600000|  0%| F|  |TAMS 0x0000000087500000, 0x0000000087500000| Untracked 
| 118|0x0000000087600000, 0x0000000087600000, 0x0000000087700000|  0%| F|  |TAMS 0x0000000087600000, 0x0000000087600000| Untracked 
| 119|0x0000000087700000, 0x0000000087700000, 0x0000000087800000|  0%| F|  |TAMS 0x0000000087700000, 0x0000000087700000| Untracked 
| 120|0x0000000087800000, 0x0000000087800000, 0x0000000087900000|  0%| F|  |TAMS 0x0000000087800000, 0x0000000087800000| Untracked 
| 121|0x0000000087900000, 0x0000000087900000, 0x0000000087a00000|  0%| F|  |TAMS 0x0000000087900000, 0x0000000087900000| Untracked 
| 122|0x0000000087a00000, 0x0000000087a00000, 0x0000000087b00000|  0%| F|  |TAMS 0x0000000087a00000, 0x0000000087a00000| Untracked 
| 123|0x0000000087b00000, 0x0000000087b00000, 0x0000000087c00000|  0%| F|  |TAMS 0x0000000087b00000, 0x0000000087b00000| Untracked 
| 124|0x0000000087c00000, 0x0000000087c00000, 0x0000000087d00000|  0%| F|  |TAMS 0x0000000087c00000, 0x0000000087c00000| Untracked 
| 125|0x0000000087d00000, 0x0000000087d00000, 0x0000000087e00000|  0%| F|  |TAMS 0x0000000087d00000, 0x0000000087d00000| Untracked 
| 126|0x0000000087e00000, 0x0000000087e00000, 0x0000000087f00000|  0%| F|  |TAMS 0x0000000087e00000, 0x0000000087e00000| Untracked 
| 127|0x0000000087f00000, 0x0000000087f00000, 0x0000000088000000|  0%| F|  |TAMS 0x0000000087f00000, 0x0000000087f00000| Untracked 

Card table byte_map: [0x000001d737720000,0x000001d737b20000] _byte_map_base: 0x000001d737320000

Marking Bits (Prev, Next): (CMBitMap*) 0x000001d720872948, (CMBitMap*) 0x000001d720872980
 Prev Bits: [0x000001d737f20000, 0x000001d739f20000)
 Next Bits: [0x000001d739f20000, 0x000001d73bf20000)

Polling page: 0x000001d727ef0000

Metaspace:

Usage:
  Non-class:     18.48 MB capacity,    18.30 MB (>99%) used,   159.40 KB ( <1%) free+waste,    23.31 KB ( <1%) overhead. 
      Class:      2.23 MB capacity,     2.12 MB ( 95%) used,   100.22 KB (  4%) free+waste,     9.06 KB ( <1%) overhead. 
       Both:     20.70 MB capacity,    20.42 MB ( 99%) used,   259.62 KB (  1%) free+waste,    32.38 KB ( <1%) overhead. 

Virtual space:
  Non-class space:       20.00 MB reserved,      18.50 MB ( 93%) committed 
      Class space:        1.00 GB reserved,       2.25 MB ( <1%) committed 
             Both:        1.02 GB reserved,      20.75 MB (  2%) committed 

Chunk freelists:
   Non-Class:  3.13 KB
       Class:  2.88 KB
        Both:  6.00 KB

CodeHeap 'non-profiled nmethods': size=120064Kb used=1822Kb max_used=1822Kb free=118242Kb
 bounds [0x000001d72f9d0000, 0x000001d72fc40000, 0x000001d736f10000]
CodeHeap 'profiled nmethods': size=120000Kb used=7063Kb max_used=7063Kb free=112936Kb
 bounds [0x000001d7284a0000, 0x000001d728b90000, 0x000001d72f9d0000]
CodeHeap 'non-nmethods': size=5696Kb used=1117Kb max_used=1166Kb free=4579Kb
 bounds [0x000001d727f10000, 0x000001d728180000, 0x000001d7284a0000]
 total_blobs=3704 nmethods=3285 adapters=330
 compilation: enabled
              stopped_count=0, restarted_count=0
 full_count=0

Compilation events (10 events):
Event: 15.167 Thread 0x000001d73e359800 nmethod 3281 0x000001d72fb97210 code [0x000001d72fb973a0, 0x000001d72fb97458]
Event: 15.167 Thread 0x000001d73e359800 3282       3       org.apache.maven.model.building.DefaultModelProblemCollector::<init> (77 bytes)
Event: 15.168 Thread 0x000001d73e359800 nmethod 3282 0x000001d728b84590 code [0x000001d728b847c0, 0x000001d728b85058]
Event: 15.168 Thread 0x000001d73e359800 3283       3       java.util.EnumSet::getUniverse (10 bytes)
Event: 15.168 Thread 0x000001d73e359800 nmethod 3283 0x000001d728b85310 code [0x000001d728b854e0, 0x000001d728b857e8]
Event: 15.168 Thread 0x000001d73e359800 3284       3       java.util.RegularEnumSet::<init> (12 bytes)
Event: 15.168 Thread 0x000001d73e359800 nmethod 3284 0x000001d728b85990 code [0x000001d728b85b40, 0x000001d728b85e78]
Event: 15.169 Thread 0x000001d73e359800 3285       1       org.apache.maven.model.building.DefaultModelBuildingRequest::getModelBuildingListener (5 bytes)
Event: 15.169 Thread 0x000001d73e359800 nmethod 3285 0x000001d72fb97510 code [0x000001d72fb976a0, 0x000001d72fb97758]
Event: 15.169 Thread 0x000001d73e359800 3286   !   3       org.apache.maven.model.building.DefaultModelBuilder::importDependencyManagement (1095 bytes)

GC Heap History (10 events):
Event: 1.287 GC heap after
{Heap after GC invocations=1 (full 0):
 garbage-first heap   total 131072K, used 2116K [0x0000000080000000, 0x0000000100000000)
  region size 1024K, 1 young (1024K), 1 survivors (1024K)
 Metaspace       used 7786K, capacity 7933K, committed 8064K, reserved 1056768K
  class space    used 680K, capacity 772K, committed 896K, reserved 1048576K
}
Event: 1.817 GC heap before
{Heap before GC invocations=1 (full 0):
 garbage-first heap   total 131072K, used 7236K [0x0000000080000000, 0x0000000100000000)
  region size 1024K, 6 young (6144K), 1 survivors (1024K)
 Metaspace       used 10321K, capacity 10504K, committed 10624K, reserved 1058816K
  class space    used 962K, capacity 1056K, committed 1152K, reserved 1048576K
}
Event: 1.825 GC heap after
{Heap after GC invocations=2 (full 0):
 garbage-first heap   total 131072K, used 3047K [0x0000000080000000, 0x0000000100000000)
  region size 1024K, 1 young (1024K), 1 survivors (1024K)
 Metaspace       used 10321K, capacity 10504K, committed 10624K, reserved 1058816K
  class space    used 962K, capacity 1056K, committed 1152K, reserved 1048576K
}
Event: 2.593 GC heap before
{Heap before GC invocations=2 (full 0):
 garbage-first heap   total 131072K, used 16359K [0x0000000080000000, 0x0000000100000000)
  region size 1024K, 14 young (14336K), 1 survivors (1024K)
 Metaspace       used 12429K, capacity 12596K, committed 12672K, reserved 1060864K
  class space    used 1254K, capacity 1348K, committed 1408K, reserved 1048576K
}
Event: 2.601 GC heap after
{Heap after GC invocations=3 (full 0):
 garbage-first heap   total 131072K, used 3621K [0x0000000080000000, 0x0000000100000000)
  region size 1024K, 2 young (2048K), 2 survivors (2048K)
 Metaspace       used 12429K, capacity 12596K, committed 12672K, reserved 1060864K
  class space    used 1254K, capacity 1348K, committed 1408K, reserved 1048576K
}
Event: 6.970 GC heap before
{Heap before GC invocations=3 (full 0):
 garbage-first heap   total 131072K, used 22053K [0x0000000080000000, 0x0000000100000000)
  region size 1024K, 20 young (20480K), 2 survivors (2048K)
 Metaspace       used 14472K, capacity 14649K, committed 14976K, reserved 1062912K
  class space    used 1510K, capacity 1583K, committed 1664K, reserved 1048576K
}
Event: 6.981 GC heap after
{Heap after GC invocations=4 (full 0):
 garbage-first heap   total 131072K, used 4409K [0x0000000080000000, 0x0000000100000000)
  region size 1024K, 3 young (3072K), 3 survivors (3072K)
 Metaspace       used 14472K, capacity 14649K, committed 14976K, reserved 1062912K
  class space    used 1510K, capacity 1583K, committed 1664K, reserved 1048576K
}
Event: 9.553 GC heap before
{Heap before GC invocations=4 (full 0):
 garbage-first heap   total 131072K, used 33081K [0x0000000080000000, 0x0000000100000000)
  region size 1024K, 31 young (31744K), 3 survivors (3072K)
 Metaspace       used 19789K, capacity 20123K, committed 20224K, reserved 1067008K
  class space    used 2124K, capacity 2243K, committed 2304K, reserved 1048576K
}
Event: 9.580 GC heap after
{Heap after GC invocations=5 (full 0):
 garbage-first heap   total 131072K, used 6638K [0x0000000080000000, 0x0000000100000000)
  region size 1024K, 4 young (4096K), 4 survivors (4096K)
 Metaspace       used 19789K, capacity 20123K, committed 20224K, reserved 1067008K
  class space    used 2124K, capacity 2243K, committed 2304K, reserved 1048576K
}
Event: 15.171 GC heap before
{Heap before GC invocations=5 (full 0):
 garbage-first heap   total 131072K, used 66030K [0x0000000080000000, 0x0000000100000000)
  region size 1024K, 63 young (64512K), 4 survivors (4096K)
 Metaspace       used 20908K, capacity 21200K, committed 21248K, reserved 1069056K
  class space    used 2171K, capacity 2281K, committed 2304K, reserved 1048576K
}

Deoptimization events (10 events):
Event: 13.151 Thread 0x000001d720837000 Uncommon trap: reason=class_check action=maybe_recompile pc=0x000001d72fb65354 method=org.codehaus.plexus.interpolation.MapBasedValueSource.getValue(Ljava/lang/String;)Ljava/lang/Object; @ 16 c2
Event: 13.153 Thread 0x000001d720837000 Uncommon trap: reason=class_check action=maybe_recompile pc=0x000001d72fb65354 method=org.codehaus.plexus.interpolation.MapBasedValueSource.getValue(Ljava/lang/String;)Ljava/lang/Object; @ 16 c2
Event: 13.777 Thread 0x000001d720837000 Uncommon trap: reason=class_check action=maybe_recompile pc=0x000001d72fb8a9f4 method=java.nio.charset.CharsetDecoder.decode(Ljava/nio/ByteBuffer;Ljava/nio/CharBuffer;Z)Ljava/nio/charset/CoderResult; @ 57 c2
Event: 13.777 Thread 0x000001d720837000 Uncommon trap: reason=class_check action=maybe_recompile pc=0x000001d72fb8a9f4 method=java.nio.charset.CharsetDecoder.decode(Ljava/nio/ByteBuffer;Ljava/nio/CharBuffer;Z)Ljava/nio/charset/CoderResult; @ 57 c2
Event: 13.779 Thread 0x000001d720837000 Uncommon trap: reason=class_check action=maybe_recompile pc=0x000001d72fb8a9f4 method=java.nio.charset.CharsetDecoder.decode(Ljava/nio/ByteBuffer;Ljava/nio/CharBuffer;Z)Ljava/nio/charset/CoderResult; @ 57 c2
Event: 13.779 Thread 0x000001d720837000 Uncommon trap: reason=class_check action=maybe_recompile pc=0x000001d72fb8a9f4 method=java.nio.charset.CharsetDecoder.decode(Ljava/nio/ByteBuffer;Ljava/nio/CharBuffer;Z)Ljava/nio/charset/CoderResult; @ 57 c2
Event: 15.045 Thread 0x000001d720837000 Uncommon trap: reason=profile_predicate action=maybe_recompile pc=0x000001d72fb91710 method=java.util.regex.Pattern$Slice.match(Ljava/util/regex/Matcher;ILjava/lang/CharSequence;)Z @ 18 c2
Event: 15.045 Thread 0x000001d720837000 Uncommon trap: reason=profile_predicate action=maybe_recompile pc=0x000001d72fb91710 method=java.util.regex.Pattern$Slice.match(Ljava/util/regex/Matcher;ILjava/lang/CharSequence;)Z @ 18 c2
Event: 15.045 Thread 0x000001d720837000 Uncommon trap: reason=profile_predicate action=maybe_recompile pc=0x000001d72fb91710 method=java.util.regex.Pattern$Slice.match(Ljava/util/regex/Matcher;ILjava/lang/CharSequence;)Z @ 18 c2
Event: 15.045 Thread 0x000001d720837000 Uncommon trap: reason=profile_predicate action=maybe_recompile pc=0x000001d72fb91710 method=java.util.regex.Pattern$Slice.match(Ljava/util/regex/Matcher;ILjava/lang/CharSequence;)Z @ 18 c2

Classes redefined (0 events):
No events

Internal exceptions (10 events):
Event: 2.112 Thread 0x000001d720837000 Exception <a 'java/lang/NoClassDefFoundError'{0x0000000087819208}: javax/enterprise/inject/Typed> (0x0000000087819208) thrown at [./open/src/hotspot/share/classfile/systemDictionary.cpp, line 215]
Event: 8.039 Thread 0x000001d720837000 Exception <a 'java/lang/NoClassDefFoundError'{0x0000000086e3ad40}: com/google/inject/servlet/ServletModuleTargetVisitor> (0x0000000086e3ad40) thrown at [./open/src/hotspot/share/classfile/systemDictionary.cpp, line 215]
Event: 8.039 Thread 0x000001d720837000 Exception <a 'java/lang/NoClassDefFoundError'{0x0000000086e3ad40}> (0x0000000086e3ad40) thrown at [./open/src/hotspot/share/prims/jvm.cpp, line 1309]
Event: 8.697 Thread 0x000001d720837000 Exception <a 'java/lang/NoSuchMethodError'{0x0000000086d84060}: java.lang.invoke.DirectMethodHandle$Holder.invokeStaticInit(Ljava/lang/Object;IIII)Ljava/lang/Object;> (0x0000000086d84060) thrown at [./open/src/hotspot/share/interpreter/linkResolver.cpp, l
Event: 8.861 Thread 0x000001d720837000 Implicit null exception at 0x000001d72fa8c88b to 0x000001d72fa8ee10
Event: 8.910 Thread 0x000001d720837000 Implicit null exception at 0x000001d72f9f82f4 to 0x000001d72f9f8800
Event: 8.910 Thread 0x000001d720837000 Implicit null exception at 0x000001d72f9f8df4 to 0x000001d72f9f92e0
Event: 9.527 Thread 0x000001d720837000 Implicit null exception at 0x000001d72fa68b55 to 0x000001d72fa68d18
Event: 9.527 Thread 0x000001d720837000 Implicit null exception at 0x000001d72fab711b to 0x000001d72fab77fa
Event: 9.551 Thread 0x000001d720837000 Implicit null exception at 0x000001d72fa669af to 0x000001d72fa66a1d

Events (10 events):
Event: 15.045 Thread 0x000001d720837000 Uncommon trap: trap_request=0xffffffbe fr.pc=0x000001d72fb91710 relative=0x0000000000000350
Event: 15.045 Thread 0x000001d720837000 DEOPT PACKING pc=0x000001d72fb91710 sp=0x00000055e60fbc20
Event: 15.045 Thread 0x000001d720837000 DEOPT UNPACKING pc=0x000001d727f183af sp=0x00000055e60fbbc0 mode 2
Event: 15.045 Thread 0x000001d720837000 Uncommon trap: trap_request=0xffffffbe fr.pc=0x000001d72fb91710 relative=0x0000000000000350
Event: 15.045 Thread 0x000001d720837000 DEOPT PACKING pc=0x000001d72fb91710 sp=0x00000055e60fbc20
Event: 15.045 Thread 0x000001d720837000 DEOPT UNPACKING pc=0x000001d727f183af sp=0x00000055e60fbbc0 mode 2
Event: 15.045 Thread 0x000001d720837000 Uncommon trap: trap_request=0xffffffbe fr.pc=0x000001d72fb91710 relative=0x0000000000000350
Event: 15.045 Thread 0x000001d720837000 DEOPT PACKING pc=0x000001d72fb91710 sp=0x00000055e60fbc20
Event: 15.045 Thread 0x000001d720837000 DEOPT UNPACKING pc=0x000001d727f183af sp=0x00000055e60fbbc0 mode 2
Event: 15.171 Executing VM operation: CollectForMetadataAllocation


Dynamic libraries:
0x00007ff731eb0000 - 0x00007ff731ebf000 	C:\Program Files\Java\jdk-11.0.16\bin\java.exe
0x00007fffd4d10000 - 0x00007fffd4f08000 	C:\Windows\SYSTEM32\ntdll.dll
0x00007fffd47f0000 - 0x00007fffd48ad000 	C:\Windows\System32\KERNEL32.DLL
0x00007fffd2420000 - 0x00007fffd26f2000 	C:\Windows\System32\KERNELBASE.dll
0x00007fffd2700000 - 0x00007fffd2800000 	C:\Windows\System32\ucrtbase.dll
0x00007fffbcaf0000 - 0x00007fffbcb05000 	C:\Program Files\Java\jdk-11.0.16\bin\VCRUNTIME140.dll
0x00007fffbc010000 - 0x00007fffbc028000 	C:\Program Files\Java\jdk-11.0.16\bin\jli.dll
0x00007fffd2d70000 - 0x00007fffd2e1e000 	C:\Windows\System32\ADVAPI32.dll
0x00007fffd4ad0000 - 0x00007fffd4b6e000 	C:\Windows\System32\msvcrt.dll
0x00007fffd2f60000 - 0x00007fffd2ffc000 	C:\Windows\System32\sechost.dll
0x00007fffd32e0000 - 0x00007fffd3405000 	C:\Windows\System32\RPCRT4.dll
0x00007fffd4590000 - 0x00007fffd472d000 	C:\Windows\System32\USER32.dll
0x00007fffd28a0000 - 0x00007fffd28c2000 	C:\Windows\System32\win32u.dll
0x00007fffd3420000 - 0x00007fffd344b000 	C:\Windows\System32\GDI32.dll
0x00007fffd29b0000 - 0x00007fffd2abf000 	C:\Windows\System32\gdi32full.dll
0x00007fffd2800000 - 0x00007fffd289d000 	C:\Windows\System32\msvcp_win.dll
0x00007fffb4a30000 - 0x00007fffb4cca000 	C:\Windows\WinSxS\amd64_microsoft.windows.common-controls_6595b64144ccf1df_6.0.19041.1110_none_60b5254171f9507e\COMCTL32.dll
0x00007fffcf3c0000 - 0x00007fffcf3ca000 	C:\Windows\SYSTEM32\VERSION.dll
0x00007fffd4730000 - 0x00007fffd4760000 	C:\Windows\System32\IMM32.DLL
0x00007fffa68f0000 - 0x00007fffa698b000 	C:\Program Files\Java\jdk-11.0.16\bin\msvcp140.dll
0x00007fff7cbd0000 - 0x00007fff7d6e8000 	C:\Program Files\Java\jdk-11.0.16\bin\server\jvm.dll
0x00007fffd3410000 - 0x00007fffd3418000 	C:\Windows\System32\PSAPI.DLL
0x00007fffcc100000 - 0x00007fffcc109000 	C:\Windows\SYSTEM32\WSOCK32.dll
0x00007fffd4930000 - 0x00007fffd499b000 	C:\Windows\System32\WS2_32.dll
0x00007fffaf1d0000 - 0x00007fffaf1f7000 	C:\Windows\SYSTEM32\WINMM.dll
0x00007fffd02c0000 - 0x00007fffd02d2000 	C:\Windows\SYSTEM32\kernel.appcore.dll
0x00007fffc4be0000 - 0x00007fffc4bf0000 	C:\Program Files\Java\jdk-11.0.16\bin\verify.dll
0x00007fffc8c20000 - 0x00007fffc8e04000 	C:\Windows\SYSTEM32\DBGHELP.DLL
0x00007fffca510000 - 0x00007fffca53c000 	C:\Windows\SYSTEM32\dbgcore.DLL
0x00007fffd2ac0000 - 0x00007fffd2b42000 	C:\Windows\System32\bcryptPrimitives.dll
0x00007fffb8ac0000 - 0x00007fffb8ae8000 	C:\Program Files\Java\jdk-11.0.16\bin\java.dll
0x00007fffbcfe0000 - 0x00007fffbcfea000 	C:\Program Files\Java\jdk-11.0.16\bin\jimage.dll
0x00007fffb5c70000 - 0x00007fffb5c86000 	C:\Program Files\Java\jdk-11.0.16\bin\zip.dll
0x00007fffd3e40000 - 0x00007fffd4583000 	C:\Windows\System32\SHELL32.dll
0x00007fffd04c0000 - 0x00007fffd0c51000 	C:\Windows\SYSTEM32\windows.storage.dll
0x00007fffd3580000 - 0x00007fffd38d4000 	C:\Windows\System32\combase.dll
0x00007fffd1cc0000 - 0x00007fffd1cf0000 	C:\Windows\SYSTEM32\Wldp.dll
0x00007fffd4b70000 - 0x00007fffd4c1d000 	C:\Windows\System32\SHCORE.dll
0x00007fffd3000000 - 0x00007fffd3055000 	C:\Windows\System32\shlwapi.dll
0x00007fffd2360000 - 0x00007fffd237f000 	C:\Windows\SYSTEM32\profapi.dll
0x00007fffb5b80000 - 0x00007fffb5b99000 	C:\Program Files\Java\jdk-11.0.16\bin\net.dll
0x00007fffcc800000 - 0x00007fffcc90d000 	C:\Windows\SYSTEM32\WINHTTP.dll
0x00007fffd1aa0000 - 0x00007fffd1b0a000 	C:\Windows\system32\mswsock.dll
0x00007fffb5910000 - 0x00007fffb5922000 	C:\Program Files\Java\jdk-11.0.16\bin\nio.dll
0x0000000069ac0000 - 0x0000000069ae4000 	C:\Users\sfjbs\Downloads\micro service-20221001T105859Z-001\micro service\apache-maven-3.8.5-bin\apache-maven-3.8.5\lib\jansi-native\Windows\x86_64\jansi.dll

dbghelp: loaded successfully - version: 4.0.5 - missing functions: none
symbol engine: initialized successfully - sym options: 0x614 - pdb path: .;C:\Program Files\Java\jdk-11.0.16\bin;C:\Windows\SYSTEM32;C:\Windows\WinSxS\amd64_microsoft.windows.common-controls_6595b64144ccf1df_6.0.19041.1110_none_60b5254171f9507e;C:\Program Files\Java\jdk-11.0.16\bin\server;C:\Users\sfjbs\Downloads\micro service-20221001T105859Z-001\micro service\apache-maven-3.8.5-bin\apache-maven-3.8.5\lib\jansi-native\Windows\x86_64

VM Arguments:
jvm_args: -Dclassworlds.conf=C:\Users\sfjbs\Downloads\micro service-20221001T105859Z-001\micro service\apache-maven-3.8.5-bin\apache-maven-3.8.5\bin\m2.conf -Dmaven.home=C:\Users\sfjbs\Downloads\micro service-20221001T105859Z-001\micro service\apache-maven-3.8.5-bin\apache-maven-3.8.5 -Dlibrary.jansi.path=C:\Users\sfjbs\Downloads\micro service-20221001T105859Z-001\micro service\apache-maven-3.8.5-bin\apache-maven-3.8.5\lib\jansi-native -Dmaven.multiModuleProjectDirectory=C:\Users\sfjbs\Downloads\training\k4j\Day11\eureka-app\eureka-server 
java_command: org.codehaus.plexus.classworlds.launcher.Launcher spring-boot:run
java_class_path (initial): C:\Users\sfjbs\Downloads\micro service-20221001T105859Z-001\micro service\apache-maven-3.8.5-bin\apache-maven-3.8.5\boot\plexus-classworlds-2.6.0.jar
Launcher Type: SUN_STANDARD

[Global flags]
     intx CICompilerCount                          = 2                                         {product} {ergonomic}
     uint ConcGCThreads                            = 1                                         {product} {ergonomic}
     uint G1ConcRefinementThreads                  = 2                                         {product} {ergonomic}
   size_t G1HeapRegionSize                         = 1048576                                   {product} {ergonomic}
    uintx GCDrainStackTargetSize                   = 64                                        {product} {ergonomic}
   size_t InitialHeapSize                          = 134217728                                 {product} {ergonomic}
   size_t MarkStackSize                            = 4194304                                   {product} {ergonomic}
   size_t MaxHeapSize                              = 2147483648                                {product} {ergonomic}
   size_t MaxNewSize                               = 1287651328                                {product} {ergonomic}
   size_t MinHeapDeltaBytes                        = 1048576                                   {product} {ergonomic}
    uintx NonNMethodCodeHeapSize                   = 5825164                                {pd product} {ergonomic}
    uintx NonProfiledCodeHeapSize                  = 122916538                              {pd product} {ergonomic}
    uintx ProfiledCodeHeapSize                     = 122916538                              {pd product} {ergonomic}
    uintx ReservedCodeCacheSize                    = 251658240                              {pd product} {ergonomic}
     bool SegmentedCodeCache                       = true                                      {product} {ergonomic}
     bool UseCompressedClassPointers               = true                                 {lp64_product} {ergonomic}
     bool UseCompressedOops                        = true                                 {lp64_product} {ergonomic}
     bool UseG1GC                                  = true                                      {product} {ergonomic}
     bool UseLargePagesIndividualAllocation        = false                                  {pd product} {ergonomic}

Logging:
Log output configuration:
 #0: stdout all=warning uptime,level,tags
 #1: stderr all=off uptime,level,tags

Environment Variables:
PATH=C:\Program Files\Common Files\Oracle\Java\javapath;C:\Windows\system32;C:\Windows;C:\Windows\System32\Wbem;C:\Windows\System32\WindowsPowerShell\v1.0\;C:\Windows\System32\OpenSSH\;C:\Users\sfjbs\Downloads\micro service-20221001T105859Z-001\micro service\apache-maven-3.8.5-bin\apache-maven-3.8.5\bin;C:\Users\sfjbs\Downloads\micro service-20221001T105859Z-001\micro service\apache-maven-3.8.5-bin\apache-maven-3.8.5\lib;C:\Program Files\Git\cmd;C:\Program Files\Docker\Docker\resources\bin;C:\ProgramData\DockerDesktop\version-bin;C:\Users\sfjbs\AppData\Local\Microsoft\WindowsApps;C:\Users\sfjbs\Downloads\micro service-20221001T105859Z-001\micro service\apache-maven-3.8.5-bin\apache-maven-3.8.5\bin;C:\Users\sfjbs\Downloads\micro service-20221001T105859Z-001\micro service\apache-maven-3.8.5-bin\apache-maven-3.8.5\lib;;C:\Program Files\JetBrains\IntelliJ IDEA Community Edition 2022.2.1\bin;
USERNAME=sfjbs
OS=Windows_NT
PROCESSOR_IDENTIFIER=Intel64 Family 6 Model 106 Stepping 6, GenuineIntel



---------------  S Y S T E M  ---------------

OS: Windows 10 , 64 bit Build 19041 (10.0.19041.1889)
Hyper-V role detected

CPU:total 2 (initial active 2) (1 cores per cpu, 2 threads per core) family 6 model 106 stepping 6 microcode 0xffffffff, cmov, cx8, fxsr, mmx, sse, sse2, sse3, ssse3, sse4.1, sse4.2, popcnt, avx, avx2, aes, clmul, erms, rtm, 3dnowpref, lzcnt, ht, tsc, bmi1, bmi2, adx, evex, fma

Memory: 4k page, system-wide physical 8190M (500M free)
TotalPageFile size 10238M (AvailPageFile size 29M)
current process WorkingSet (physical memory assigned to process): 163M, peak: 163M
current process commit charge ("private bytes"): 244M, peak: 270M

vm_info: Java HotSpot(TM) 64-Bit Server VM (11.0.16+11-LTS-199) for windows-amd64 JRE (11.0.16+11-LTS-199), built on Jun 28 2022 08:23:17 by "mach5one" with MS VC++ 15.9 (VS2017)

END.
