#
# There is insufficient memory for the Java Runtime Environment to continue.
# Native memory allocation (malloc) failed to allocate 32744 bytes for ChunkPool::allocate
# Possible reasons:
#   The system is out of physical RAM or swap space
#   The process is running with CompressedOops enabled, and the Java Heap may be blocking the growth of the native heap
# Possible solutions:
#   Reduce memory load on the system
#   Increase physical memory or swap space
#   Check if swap backing store is full
#   Decrease Java heap size (-Xmx/-Xms)
#   Decrease number of Java threads
#   Decrease Java thread stack sizes (-Xss)
#   Set larger code cache with -XX:ReservedCodeCacheSize=
#   JVM is running with Unscaled Compressed Oops mode in which the Java heap is
#     placed in the first 4GB address space. The Java Heap base address is the
#     maximum limit for the native heap growth. Please use -XX:HeapBaseMinAddress
#     to set the Java Heap base and to place the Java Heap above 4GB virtual address.
# This output file may be truncated or incomplete.
#
#  Out of Memory Error (./open/src/hotspot/share/memory/arena.cpp:81), pid=9520, tid=5372
#
# JRE version: Java(TM) SE Runtime Environment 18.9 (11.0.16+11) (build 11.0.16+11-LTS-199)
# Java VM: Java HotSpot(TM) 64-Bit Server VM 18.9 (11.0.16+11-LTS-199, mixed mode, tiered, compressed oops, g1 gc, windows-amd64)
# No core dump will be written. Minidumps are not enabled by default on client versions of Windows
#

---------------  S U M M A R Y ------------

Command Line: -Dfile.encoding=windows-1252 -Duser.country=US -Duser.language=en -Duser.variant com.example.springboot.SpringbootFirstAppApplication

Host: Intel(R) Xeon(R) Platinum 8370C CPU @ 2.80GHz, 2 cores, 7G,  Windows 10 , 64 bit Build 19041 (10.0.19041.1889)
Time: Wed Nov  2 04:48:34 2022 Coordinated Universal Time elapsed time: 4.433681 seconds (0d 0h 0m 4s)

---------------  T H R E A D  ---------------

Current thread (0x0000020d5dc1c800):  JavaThread "main" [_thread_in_vm, id=5372, stack(0x0000007e9a600000,0x0000007e9a700000)]

Stack: [0x0000007e9a600000,0x0000007e9a700000]
Native frames: (J=compiled Java code, j=interpreted, Vv=VM code, C=native code)
V  [jvm.dll+0x62a3ea]
V  [jvm.dll+0x76418f]
V  [jvm.dll+0x765839]
V  [jvm.dll+0x765ec3]
V  [jvm.dll+0x23da98]
V  [jvm.dll+0xb2c7b]
V  [jvm.dll+0xb2fdc]
V  [jvm.dll+0x51e18c]
V  [jvm.dll+0x520d3f]
V  [jvm.dll+0x51e568]
V  [jvm.dll+0x521080]
V  [jvm.dll+0x5ede33]
V  [jvm.dll+0x5e97fe]
C  0x0000020d6cdcde4b

Java frames: (J=compiled Java code, j=interpreted, Vv=VM code)
J 825  java.lang.invoke.MethodHandleNatives.resolve(Ljava/lang/invoke/MemberName;Ljava/lang/Class;Z)Ljava/lang/invoke/MemberName; java.base@11.0.16 (0 bytes) @ 0x0000020d6cdcddab [0x0000020d6cdcdd40+0x000000000000006b]
J 824 c1 java.lang.invoke.MemberName$Factory.resolve(BLjava/lang/invoke/MemberName;Ljava/lang/Class;Z)Ljava/lang/invoke/MemberName; java.base@11.0.16 (157 bytes) @ 0x0000020d659fbd04 [0x0000020d659fbb20+0x00000000000001e4]
J 880 c1 java.lang.invoke.MemberName$Factory.resolveOrFail(BLjava/lang/invoke/MemberName;Ljava/lang/Class;Ljava/lang/Class;)Ljava/lang/invoke/MemberName; java.base@11.0.16 (53 bytes) @ 0x0000020d65a11f1c [0x0000020d65a11ea0+0x000000000000007c]
j  java.lang.invoke.MethodHandles$Lookup.resolveOrFail(BLjava/lang/invoke/MemberName;)Ljava/lang/invoke/MemberName;+35 java.base@11.0.16
J 1839 c1 java.lang.invoke.MethodHandles$Lookup.linkMethodHandleConstant(BLjava/lang/Class;Ljava/lang/String;Ljava/lang/Object;)Ljava/lang/invoke/MethodHandle; java.base@11.0.16 (220 bytes) @ 0x0000020d65be4e4c [0x0000020d65be3e60+0x0000000000000fec]
J 1437 c1 java.lang.invoke.MethodHandleNatives.linkMethodHandleConstant(Ljava/lang/Class;ILjava/lang/Class;Ljava/lang/String;Ljava/lang/Object;)Ljava/lang/invoke/MethodHandle; java.base@11.0.16 (50 bytes) @ 0x0000020d65b17aa4 [0x0000020d65b179e0+0x00000000000000c4]
v  ~StubRoutines::call_stub
j  org.springframework.beans.factory.support.DefaultListableBeanFactory.isAutowireCandidate(Ljava/lang/String;Lorg/springframework/beans/factory/support/RootBeanDefinition;Lorg/springframework/beans/factory/config/DependencyDescriptor;Lorg/springframework/beans/factory/support/AutowireCandidateResolver;)Z+63
j  org.springframework.beans.factory.support.DefaultListableBeanFactory.isAutowireCandidate(Ljava/lang/String;Lorg/springframework/beans/factory/config/DependencyDescriptor;Lorg/springframework/beans/factory/support/AutowireCandidateResolver;)Z+25
j  org.springframework.beans.factory.support.DefaultListableBeanFactory.isAutowireCandidate(Ljava/lang/String;Lorg/springframework/beans/factory/config/DependencyDescriptor;)Z+7
j  org.springframework.beans.factory.support.DefaultListableBeanFactory.findAutowireCandidates(Ljava/lang/String;Ljava/lang/Class;Lorg/springframework/beans/factory/config/DependencyDescriptor;)Ljava/util/Map;+166
j  org.springframework.beans.factory.support.DefaultListableBeanFactory.doResolveDependency(Lorg/springframework/beans/factory/config/DependencyDescriptor;Ljava/lang/String;Ljava/util/Set;Lorg/springframework/beans/TypeConverter;)Ljava/lang/Object;+235
j  org.springframework.beans.factory.support.DefaultListableBeanFactory.resolveDependency(Lorg/springframework/beans/factory/config/DependencyDescriptor;Ljava/lang/String;Ljava/util/Set;Lorg/springframework/beans/TypeConverter;)Ljava/lang/Object;+108
j  org.springframework.beans.factory.support.ConstructorResolver.resolveAutowiredArgument(Lorg/springframework/core/MethodParameter;Ljava/lang/String;Ljava/util/Set;Lorg/springframework/beans/TypeConverter;Z)Ljava/lang/Object;+79
j  org.springframework.beans.factory.support.ConstructorResolver.createArgumentArray(Ljava/lang/String;Lorg/springframework/beans/factory/support/RootBeanDefinition;Lorg/springframework/beans/factory/config/ConstructorArgumentValues;Lorg/springframework/beans/BeanWrapper;[Ljava/lang/Class;[Ljava/lang/String;Ljava/lang/reflect/Executable;ZZ)Lorg/springframework/beans/factory/support/ConstructorResolver$ArgumentsHolder;+434
j  org.springframework.beans.factory.support.ConstructorResolver.instantiateUsingFactoryMethod(Ljava/lang/String;Lorg/springframework/beans/factory/support/RootBeanDefinition;[Ljava/lang/Object;)Lorg/springframework/beans/BeanWrapper;+736
j  org.springframework.beans.factory.support.AbstractAutowireCapableBeanFactory.instantiateUsingFactoryMethod(Ljava/lang/String;Lorg/springframework/beans/factory/support/RootBeanDefinition;[Ljava/lang/Object;)Lorg/springframework/beans/BeanWrapper;+11
j  org.springframework.beans.factory.support.AbstractAutowireCapableBeanFactory.createBeanInstance(Ljava/lang/String;Lorg/springframework/beans/factory/support/RootBeanDefinition;[Ljava/lang/Object;)Lorg/springframework/beans/BeanWrapper;+102
j  org.springframework.beans.factory.support.AbstractAutowireCapableBeanFactory.doCreateBean(Ljava/lang/String;Lorg/springframework/beans/factory/support/RootBeanDefinition;[Ljava/lang/Object;)Ljava/lang/Object;+34
j  org.springframework.beans.factory.support.AbstractAutowireCapableBeanFactory.createBean(Ljava/lang/String;Lorg/springframework/beans/factory/support/RootBeanDefinition;[Ljava/lang/Object;)Ljava/lang/Object;+169
j  org.springframework.beans.factory.support.AbstractBeanFactory.lambda$doGetBean$0(Ljava/lang/String;Lorg/springframework/beans/factory/support/RootBeanDefinition;[Ljava/lang/Object;)Ljava/lang/Object;+4
j  org.springframework.beans.factory.support.AbstractBeanFactory$$Lambda$229.getObject()Ljava/lang/Object;+16
j  org.springframework.beans.factory.support.DefaultSingletonBeanRegistry.getSingleton(Ljava/lang/String;Lorg/springframework/beans/factory/ObjectFactory;)Ljava/lang/Object;+132
J 2258 c1 org.springframework.beans.factory.support.AbstractBeanFactory.doGetBean(Ljava/lang/String;Ljava/lang/Class;[Ljava/lang/Object;Z)Ljava/lang/Object; (832 bytes) @ 0x0000020d65ce3af4 [0x0000020d65ce3460+0x0000000000000694]
j  org.springframework.beans.factory.support.AbstractBeanFactory.getBean(Ljava/lang/String;)Ljava/lang/Object;+5
j  org.springframework.beans.factory.support.DefaultListableBeanFactory.getBeansOfType(Ljava/lang/Class;ZZ)Ljava/util/Map;+46
j  org.springframework.boot.web.server.WebServerFactoryCustomizerBeanPostProcessor.getWebServerFactoryCustomizerBeans()Ljava/util/Collection;+8
j  org.springframework.boot.web.server.WebServerFactoryCustomizerBeanPostProcessor.getCustomizers()Ljava/util/Collection;+13
j  org.springframework.boot.web.server.WebServerFactoryCustomizerBeanPostProcessor.postProcessBeforeInitialization(Lorg/springframework/boot/web/server/WebServerFactory;)V+3
j  org.springframework.boot.web.server.WebServerFactoryCustomizerBeanPostProcessor.postProcessBeforeInitialization(Ljava/lang/Object;Ljava/lang/String;)Ljava/lang/Object;+12
j  org.springframework.beans.factory.support.AbstractAutowireCapableBeanFactory.applyBeanPostProcessorsBeforeInitialization(Ljava/lang/Object;Ljava/lang/String;)Ljava/lang/Object;+39
j  org.springframework.beans.factory.support.AbstractAutowireCapableBeanFactory.initializeBean(Ljava/lang/String;Ljava/lang/Object;Lorg/springframework/beans/factory/support/RootBeanDefinition;)Ljava/lang/Object;+49
j  org.springframework.beans.factory.support.AbstractAutowireCapableBeanFactory.doCreateBean(Ljava/lang/String;Lorg/springframework/beans/factory/support/RootBeanDefinition;[Ljava/lang/Object;)Ljava/lang/Object;+245
j  org.springframework.beans.factory.support.AbstractAutowireCapableBeanFactory.createBean(Ljava/lang/String;Lorg/springframework/beans/factory/support/RootBeanDefinition;[Ljava/lang/Object;)Ljava/lang/Object;+169
j  org.springframework.beans.factory.support.AbstractBeanFactory.lambda$doGetBean$0(Ljava/lang/String;Lorg/springframework/beans/factory/support/RootBeanDefinition;[Ljava/lang/Object;)Ljava/lang/Object;+4
j  org.springframework.beans.factory.support.AbstractBeanFactory$$Lambda$229.getObject()Ljava/lang/Object;+16
j  org.springframework.beans.factory.support.DefaultSingletonBeanRegistry.getSingleton(Ljava/lang/String;Lorg/springframework/beans/factory/ObjectFactory;)Ljava/lang/Object;+132
J 2258 c1 org.springframework.beans.factory.support.AbstractBeanFactory.doGetBean(Ljava/lang/String;Ljava/lang/Class;[Ljava/lang/Object;Z)Ljava/lang/Object; (832 bytes) @ 0x0000020d65ce3af4 [0x0000020d65ce3460+0x0000000000000694]
J 2161 c1 org.springframework.beans.factory.support.AbstractBeanFactory.getBean(Ljava/lang/String;Ljava/lang/Class;)Ljava/lang/Object; (9 bytes) @ 0x0000020d65cabf3c [0x0000020d65cabe40+0x00000000000000fc]
j  org.springframework.boot.web.servlet.context.ServletWebServerApplicationContext.getWebServerFactory()Lorg/springframework/boot/web/servlet/server/ServletWebServerFactory;+79
j  org.springframework.boot.web.servlet.context.ServletWebServerApplicationContext.createWebServer()V+31
j  org.springframework.boot.web.servlet.context.ServletWebServerApplicationContext.onRefresh()V+5
j  org.springframework.context.support.AbstractApplicationContext.refresh()V+77
j  org.springframework.boot.web.servlet.context.ServletWebServerApplicationContext.refresh()V+1
j  org.springframework.boot.SpringApplication.refresh(Lorg/springframework/context/ConfigurableApplicationContext;)V+1
j  org.springframework.boot.SpringApplication.refreshContext(Lorg/springframework/context/ConfigurableApplicationContext;)V+16
j  org.springframework.boot.SpringApplication.run([Ljava/lang/String;)Lorg/springframework/context/ConfigurableApplicationContext;+107
j  org.springframework.boot.SpringApplication.run([Ljava/lang/Class;[Ljava/lang/String;)Lorg/springframework/context/ConfigurableApplicationContext;+9
j  org.springframework.boot.SpringApplication.run(Ljava/lang/Class;[Ljava/lang/String;)Lorg/springframework/context/ConfigurableApplicationContext;+9
j  com.example.springboot.SpringbootFirstAppApplication.main([Ljava/lang/String;)V+3
v  ~StubRoutines::call_stub

---------------  P R O C E S S  ---------------

Threads class SMR info:
_java_thread_list=0x0000020d7cf80fd0, length=10, elements={
0x0000020d5dc1c800, 0x0000020d7b074000, 0x0000020d7b075000, 0x0000020d7b090800,
0x0000020d7b093800, 0x0000020d7b095800, 0x0000020d7b099000, 0x0000020d7b09b800,
0x0000020d7b957000, 0x0000020d7ba42800
}

Java Threads: ( => current thread )
=>0x0000020d5dc1c800 JavaThread "main" [_thread_in_vm, id=5372, stack(0x0000007e9a600000,0x0000007e9a700000)]
  0x0000020d7b074000 JavaThread "Reference Handler" daemon [_thread_blocked, id=6652, stack(0x0000007e9ad00000,0x0000007e9ae00000)]
  0x0000020d7b075000 JavaThread "Finalizer" daemon [_thread_blocked, id=9240, stack(0x0000007e9ae00000,0x0000007e9af00000)]
  0x0000020d7b090800 JavaThread "Signal Dispatcher" daemon [_thread_blocked, id=11112, stack(0x0000007e9af00000,0x0000007e9b000000)]
  0x0000020d7b093800 JavaThread "Attach Listener" daemon [_thread_blocked, id=9860, stack(0x0000007e9b000000,0x0000007e9b100000)]
  0x0000020d7b095800 JavaThread "Service Thread" daemon [_thread_blocked, id=5556, stack(0x0000007e9b100000,0x0000007e9b200000)]
  0x0000020d7b099000 JavaThread "C2 CompilerThread0" daemon [_thread_in_native, id=5872, stack(0x0000007e9b200000,0x0000007e9b300000)]
  0x0000020d7b09b800 JavaThread "C1 CompilerThread0" daemon [_thread_blocked, id=5376, stack(0x0000007e9b300000,0x0000007e9b400000)]
  0x0000020d7b957000 JavaThread "Sweeper thread" daemon [_thread_blocked, id=11436, stack(0x0000007e9b400000,0x0000007e9b500000)]
  0x0000020d7ba42800 JavaThread "Common-Cleaner" daemon [_thread_blocked, id=5156, stack(0x0000007e9b600000,0x0000007e9b700000)]

Other Threads:
  0x0000020d7b071000 VMThread "VM Thread" [stack: 0x0000007e9ac00000,0x0000007e9ad00000] [id=1764]
  0x0000020d7ba49800 WatcherThread [stack: 0x0000007e9b500000,0x0000007e9b600000] [id=11936]
  0x0000020d5dc32800 GCTaskThread "GC Thread#0" [stack: 0x0000007e9a700000,0x0000007e9a800000] [id=3688]
  0x0000020d7be52800 GCTaskThread "GC Thread#1" [stack: 0x0000007e9b700000,0x0000007e9b800000] [id=5956]
  0x0000020d5dc63000 ConcurrentGCThread "G1 Main Marker" [stack: 0x0000007e9a800000,0x0000007e9a900000] [id=4864]
  0x0000020d5dc65000 ConcurrentGCThread "G1 Conc#0" [stack: 0x0000007e9a900000,0x0000007e9aa00000] [id=9512]
  0x0000020d5dcec000 ConcurrentGCThread "G1 Refine#0" [stack: 0x0000007e9aa00000,0x0000007e9ab00000] [id=11492]
  0x0000020d5dcee000 ConcurrentGCThread "G1 Young RemSet Sampling" [stack: 0x0000007e9ab00000,0x0000007e9ac00000] [id=2520]

Threads with active compile tasks:
C2 CompilerThread0     4457 2572   !   4       jdk.internal.loader.BuiltinClassLoader::loadClassOrNull (143 bytes)

VM state:not at safepoint (normal execution)

VM Mutex/Monitor currently owned by a thread: None

Heap address: 0x0000000080000000, size: 2048 MB, Compressed Oops mode: 32-bit
Narrow klass base: 0x0000000000000000, Narrow klass shift: 3
Compressed class space size: 1073741824 Address: 0x0000000100000000

Heap:
 garbage-first heap   total 157696K, used 27889K [0x0000000080000000, 0x0000000100000000)
  region size 1024K, 24 young (24576K), 3 survivors (3072K)
 Metaspace       used 27765K, capacity 28443K, committed 28544K, reserved 1075200K
  class space    used 3155K, capacity 3432K, committed 3456K, reserved 1048576K
Heap Regions: E=young(eden), S=young(survivor), O=old, HS=humongous(starts), HC=humongous(continues), CS=collection set, F=free, A=archive, TAMS=top-at-mark-start (previous, next)
|   0|0x0000000080000000, 0x0000000080100000, 0x0000000080100000|100%| O|  |TAMS 0x0000000080100000, 0x0000000080000000| Untracked 
|   1|0x0000000080100000, 0x0000000080200000, 0x0000000080200000|100%| O|  |TAMS 0x0000000080200000, 0x0000000080100000| Untracked 
|   2|0x0000000080200000, 0x0000000080300000, 0x0000000080300000|100%| O|  |TAMS 0x0000000080300000, 0x0000000080200000| Untracked 
|   3|0x0000000080300000, 0x0000000080400000, 0x0000000080400000|100%| O|  |TAMS 0x000000008038ac00, 0x0000000080300000| Untracked 
|   4|0x0000000080400000, 0x0000000080473000, 0x0000000080500000| 44%| O|  |TAMS 0x0000000080400000, 0x0000000080400000| Untracked 
|   5|0x0000000080500000, 0x0000000080500000, 0x0000000080600000|  0%| F|  |TAMS 0x0000000080500000, 0x0000000080500000| Untracked 
|   6|0x0000000080600000, 0x0000000080600000, 0x0000000080700000|  0%| F|  |TAMS 0x0000000080600000, 0x0000000080600000| Untracked 
|   7|0x0000000080700000, 0x0000000080700000, 0x0000000080800000|  0%| F|  |TAMS 0x0000000080700000, 0x0000000080700000| Untracked 
|   8|0x0000000080800000, 0x0000000080800000, 0x0000000080900000|  0%| F|  |TAMS 0x0000000080800000, 0x0000000080800000| Untracked 
|   9|0x0000000080900000, 0x0000000080900000, 0x0000000080a00000|  0%| F|  |TAMS 0x0000000080900000, 0x0000000080900000| Untracked 
|  10|0x0000000080a00000, 0x0000000080a00000, 0x0000000080b00000|  0%| F|  |TAMS 0x0000000080a00000, 0x0000000080a00000| Untracked 
|  11|0x0000000080b00000, 0x0000000080b00000, 0x0000000080c00000|  0%| F|  |TAMS 0x0000000080b00000, 0x0000000080b00000| Untracked 
|  12|0x0000000080c00000, 0x0000000080c00000, 0x0000000080d00000|  0%| F|  |TAMS 0x0000000080c00000, 0x0000000080c00000| Untracked 
|  13|0x0000000080d00000, 0x0000000080d00000, 0x0000000080e00000|  0%| F|  |TAMS 0x0000000080d00000, 0x0000000080d00000| Untracked 
|  14|0x0000000080e00000, 0x0000000080e00000, 0x0000000080f00000|  0%| F|  |TAMS 0x0000000080e00000, 0x0000000080e00000| Untracked 
|  15|0x0000000080f00000, 0x0000000080f00000, 0x0000000081000000|  0%| F|  |TAMS 0x0000000080f00000, 0x0000000080f00000| Untracked 
|  16|0x0000000081000000, 0x0000000081000000, 0x0000000081100000|  0%| F|  |TAMS 0x0000000081000000, 0x0000000081000000| Untracked 
|  17|0x0000000081100000, 0x0000000081100000, 0x0000000081200000|  0%| F|  |TAMS 0x0000000081100000, 0x0000000081100000| Untracked 
|  18|0x0000000081200000, 0x0000000081200000, 0x0000000081300000|  0%| F|  |TAMS 0x0000000081200000, 0x0000000081200000| Untracked 
|  19|0x0000000081300000, 0x0000000081300000, 0x0000000081400000|  0%| F|  |TAMS 0x0000000081300000, 0x0000000081300000| Untracked 
|  20|0x0000000081400000, 0x0000000081400000, 0x0000000081500000|  0%| F|  |TAMS 0x0000000081400000, 0x0000000081400000| Untracked 
|  21|0x0000000081500000, 0x0000000081500000, 0x0000000081600000|  0%| F|  |TAMS 0x0000000081500000, 0x0000000081500000| Untracked 
|  22|0x0000000081600000, 0x0000000081600000, 0x0000000081700000|  0%| F|  |TAMS 0x0000000081600000, 0x0000000081600000| Untracked 
|  23|0x0000000081700000, 0x0000000081700000, 0x0000000081800000|  0%| F|  |TAMS 0x0000000081700000, 0x0000000081700000| Untracked 
|  24|0x0000000081800000, 0x0000000081800000, 0x0000000081900000|  0%| F|  |TAMS 0x0000000081800000, 0x0000000081800000| Untracked 
|  25|0x0000000081900000, 0x0000000081900000, 0x0000000081a00000|  0%| F|  |TAMS 0x0000000081900000, 0x0000000081900000| Untracked 
|  26|0x0000000081a00000, 0x0000000081a00000, 0x0000000081b00000|  0%| F|  |TAMS 0x0000000081a00000, 0x0000000081a00000| Untracked 
|  27|0x0000000081b00000, 0x0000000081b00000, 0x0000000081c00000|  0%| F|  |TAMS 0x0000000081b00000, 0x0000000081b00000| Untracked 
|  28|0x0000000081c00000, 0x0000000081c00000, 0x0000000081d00000|  0%| F|  |TAMS 0x0000000081c00000, 0x0000000081c00000| Untracked 
|  29|0x0000000081d00000, 0x0000000081d00000, 0x0000000081e00000|  0%| F|  |TAMS 0x0000000081d00000, 0x0000000081d00000| Untracked 
|  30|0x0000000081e00000, 0x0000000081e00000, 0x0000000081f00000|  0%| F|  |TAMS 0x0000000081e00000, 0x0000000081e00000| Untracked 
|  31|0x0000000081f00000, 0x0000000081f00000, 0x0000000082000000|  0%| F|  |TAMS 0x0000000081f00000, 0x0000000081f00000| Untracked 
|  32|0x0000000082000000, 0x0000000082000000, 0x0000000082100000|  0%| F|  |TAMS 0x0000000082000000, 0x0000000082000000| Untracked 
|  33|0x0000000082100000, 0x0000000082100000, 0x0000000082200000|  0%| F|  |TAMS 0x0000000082100000, 0x0000000082100000| Untracked 
|  34|0x0000000082200000, 0x0000000082200000, 0x0000000082300000|  0%| F|  |TAMS 0x0000000082200000, 0x0000000082200000| Untracked 
|  35|0x0000000082300000, 0x0000000082300000, 0x0000000082400000|  0%| F|  |TAMS 0x0000000082300000, 0x0000000082300000| Untracked 
|  36|0x0000000082400000, 0x0000000082400000, 0x0000000082500000|  0%| F|  |TAMS 0x0000000082400000, 0x0000000082400000| Untracked 
|  37|0x0000000082500000, 0x0000000082500000, 0x0000000082600000|  0%| F|  |TAMS 0x0000000082500000, 0x0000000082500000| Untracked 
|  38|0x0000000082600000, 0x0000000082600000, 0x0000000082700000|  0%| F|  |TAMS 0x0000000082600000, 0x0000000082600000| Untracked 
|  39|0x0000000082700000, 0x0000000082700000, 0x0000000082800000|  0%| F|  |TAMS 0x0000000082700000, 0x0000000082700000| Untracked 
|  40|0x0000000082800000, 0x0000000082800000, 0x0000000082900000|  0%| F|  |TAMS 0x0000000082800000, 0x0000000082800000| Untracked 
|  41|0x0000000082900000, 0x0000000082900000, 0x0000000082a00000|  0%| F|  |TAMS 0x0000000082900000, 0x0000000082900000| Untracked 
|  42|0x0000000082a00000, 0x0000000082a00000, 0x0000000082b00000|  0%| F|  |TAMS 0x0000000082a00000, 0x0000000082a00000| Untracked 
|  43|0x0000000082b00000, 0x0000000082b00000, 0x0000000082c00000|  0%| F|  |TAMS 0x0000000082b00000, 0x0000000082b00000| Untracked 
|  44|0x0000000082c00000, 0x0000000082c00000, 0x0000000082d00000|  0%| F|  |TAMS 0x0000000082c00000, 0x0000000082c00000| Untracked 
|  45|0x0000000082d00000, 0x0000000082d00000, 0x0000000082e00000|  0%| F|  |TAMS 0x0000000082d00000, 0x0000000082d00000| Untracked 
|  46|0x0000000082e00000, 0x0000000082e00000, 0x0000000082f00000|  0%| F|  |TAMS 0x0000000082e00000, 0x0000000082e00000| Untracked 
|  47|0x0000000082f00000, 0x0000000082f00000, 0x0000000083000000|  0%| F|  |TAMS 0x0000000082f00000, 0x0000000082f00000| Untracked 
|  48|0x0000000083000000, 0x0000000083000000, 0x0000000083100000|  0%| F|  |TAMS 0x0000000083000000, 0x0000000083000000| Untracked 
|  49|0x0000000083100000, 0x0000000083100000, 0x0000000083200000|  0%| F|  |TAMS 0x0000000083100000, 0x0000000083100000| Untracked 
|  50|0x0000000083200000, 0x0000000083200000, 0x0000000083300000|  0%| F|  |TAMS 0x0000000083200000, 0x0000000083200000| Untracked 
|  51|0x0000000083300000, 0x0000000083300000, 0x0000000083400000|  0%| F|  |TAMS 0x0000000083300000, 0x0000000083300000| Untracked 
|  52|0x0000000083400000, 0x0000000083400000, 0x0000000083500000|  0%| F|  |TAMS 0x0000000083400000, 0x0000000083400000| Untracked 
|  53|0x0000000083500000, 0x0000000083500000, 0x0000000083600000|  0%| F|  |TAMS 0x0000000083500000, 0x0000000083500000| Untracked 
|  54|0x0000000083600000, 0x0000000083600000, 0x0000000083700000|  0%| F|  |TAMS 0x0000000083600000, 0x0000000083600000| Untracked 
|  55|0x0000000083700000, 0x0000000083700000, 0x0000000083800000|  0%| F|  |TAMS 0x0000000083700000, 0x0000000083700000| Untracked 
|  56|0x0000000083800000, 0x0000000083800000, 0x0000000083900000|  0%| F|  |TAMS 0x0000000083800000, 0x0000000083800000| Untracked 
|  57|0x0000000083900000, 0x0000000083900000, 0x0000000083a00000|  0%| F|  |TAMS 0x0000000083900000, 0x0000000083900000| Untracked 
|  58|0x0000000083a00000, 0x0000000083a00000, 0x0000000083b00000|  0%| F|  |TAMS 0x0000000083a00000, 0x0000000083a00000| Untracked 
|  59|0x0000000083b00000, 0x0000000083b00000, 0x0000000083c00000|  0%| F|  |TAMS 0x0000000083b00000, 0x0000000083b00000| Untracked 
|  60|0x0000000083c00000, 0x0000000083c00000, 0x0000000083d00000|  0%| F|  |TAMS 0x0000000083c00000, 0x0000000083c00000| Untracked 
|  61|0x0000000083d00000, 0x0000000083d00000, 0x0000000083e00000|  0%| F|  |TAMS 0x0000000083d00000, 0x0000000083d00000| Untracked 
|  62|0x0000000083e00000, 0x0000000083e00000, 0x0000000083f00000|  0%| F|  |TAMS 0x0000000083e00000, 0x0000000083e00000| Untracked 
|  63|0x0000000083f00000, 0x0000000083f00000, 0x0000000084000000|  0%| F|  |TAMS 0x0000000083f00000, 0x0000000083f00000| Untracked 
|  64|0x0000000084000000, 0x0000000084000000, 0x0000000084100000|  0%| F|  |TAMS 0x0000000084000000, 0x0000000084000000| Untracked 
|  65|0x0000000084100000, 0x0000000084100000, 0x0000000084200000|  0%| F|  |TAMS 0x0000000084100000, 0x0000000084100000| Untracked 
|  66|0x0000000084200000, 0x0000000084200000, 0x0000000084300000|  0%| F|  |TAMS 0x0000000084200000, 0x0000000084200000| Untracked 
|  67|0x0000000084300000, 0x0000000084300000, 0x0000000084400000|  0%| F|  |TAMS 0x0000000084300000, 0x0000000084300000| Untracked 
|  68|0x0000000084400000, 0x0000000084400000, 0x0000000084500000|  0%| F|  |TAMS 0x0000000084400000, 0x0000000084400000| Untracked 
|  69|0x0000000084500000, 0x0000000084500000, 0x0000000084600000|  0%| F|  |TAMS 0x0000000084500000, 0x0000000084500000| Untracked 
|  70|0x0000000084600000, 0x0000000084600000, 0x0000000084700000|  0%| F|  |TAMS 0x0000000084600000, 0x0000000084600000| Untracked 
|  71|0x0000000084700000, 0x0000000084700000, 0x0000000084800000|  0%| F|  |TAMS 0x0000000084700000, 0x0000000084700000| Untracked 
|  72|0x0000000084800000, 0x0000000084800000, 0x0000000084900000|  0%| F|  |TAMS 0x0000000084800000, 0x0000000084800000| Untracked 
|  73|0x0000000084900000, 0x0000000084900000, 0x0000000084a00000|  0%| F|  |TAMS 0x0000000084900000, 0x0000000084900000| Untracked 
|  74|0x0000000084a00000, 0x0000000084a00000, 0x0000000084b00000|  0%| F|  |TAMS 0x0000000084a00000, 0x0000000084a00000| Untracked 
|  75|0x0000000084b00000, 0x0000000084b00000, 0x0000000084c00000|  0%| F|  |TAMS 0x0000000084b00000, 0x0000000084b00000| Untracked 
|  76|0x0000000084c00000, 0x0000000084c00000, 0x0000000084d00000|  0%| F|  |TAMS 0x0000000084c00000, 0x0000000084c00000| Untracked 
|  77|0x0000000084d00000, 0x0000000084d00000, 0x0000000084e00000|  0%| F|  |TAMS 0x0000000084d00000, 0x0000000084d00000| Untracked 
|  78|0x0000000084e00000, 0x0000000084e00000, 0x0000000084f00000|  0%| F|  |TAMS 0x0000000084e00000, 0x0000000084e00000| Untracked 
|  79|0x0000000084f00000, 0x0000000084f00000, 0x0000000085000000|  0%| F|  |TAMS 0x0000000084f00000, 0x0000000084f00000| Untracked 
|  80|0x0000000085000000, 0x0000000085000000, 0x0000000085100000|  0%| F|  |TAMS 0x0000000085000000, 0x0000000085000000| Untracked 
|  81|0x0000000085100000, 0x0000000085100000, 0x0000000085200000|  0%| F|  |TAMS 0x0000000085100000, 0x0000000085100000| Untracked 
|  82|0x0000000085200000, 0x0000000085200000, 0x0000000085300000|  0%| F|  |TAMS 0x0000000085200000, 0x0000000085200000| Untracked 
|  83|0x0000000085300000, 0x0000000085300000, 0x0000000085400000|  0%| F|  |TAMS 0x0000000085300000, 0x0000000085300000| Untracked 
|  84|0x0000000085400000, 0x0000000085400000, 0x0000000085500000|  0%| F|  |TAMS 0x0000000085400000, 0x0000000085400000| Untracked 
|  85|0x0000000085500000, 0x0000000085500000, 0x0000000085600000|  0%| F|  |TAMS 0x0000000085500000, 0x0000000085500000| Untracked 
|  86|0x0000000085600000, 0x0000000085600000, 0x0000000085700000|  0%| F|  |TAMS 0x0000000085600000, 0x0000000085600000| Untracked 
|  87|0x0000000085700000, 0x0000000085700000, 0x0000000085800000|  0%| F|  |TAMS 0x0000000085700000, 0x0000000085700000| Untracked 
|  88|0x0000000085800000, 0x0000000085800000, 0x0000000085900000|  0%| F|  |TAMS 0x0000000085800000, 0x0000000085800000| Untracked 
|  89|0x0000000085900000, 0x0000000085900000, 0x0000000085a00000|  0%| F|  |TAMS 0x0000000085900000, 0x0000000085900000| Untracked 
|  90|0x0000000085a00000, 0x0000000085a00000, 0x0000000085b00000|  0%| F|  |TAMS 0x0000000085a00000, 0x0000000085a00000| Untracked 
|  91|0x0000000085b00000, 0x0000000085b00000, 0x0000000085c00000|  0%| F|  |TAMS 0x0000000085b00000, 0x0000000085b00000| Untracked 
|  92|0x0000000085c00000, 0x0000000085c00000, 0x0000000085d00000|  0%| F|  |TAMS 0x0000000085c00000, 0x0000000085c00000| Untracked 
|  93|0x0000000085d00000, 0x0000000085d00000, 0x0000000085e00000|  0%| F|  |TAMS 0x0000000085d00000, 0x0000000085d00000| Untracked 
|  94|0x0000000085e00000, 0x0000000085e00000, 0x0000000085f00000|  0%| F|  |TAMS 0x0000000085e00000, 0x0000000085e00000| Untracked 
|  95|0x0000000085f00000, 0x0000000085f00000, 0x0000000086000000|  0%| F|  |TAMS 0x0000000085f00000, 0x0000000085f00000| Untracked 
|  96|0x0000000086000000, 0x0000000086000000, 0x0000000086100000|  0%| F|  |TAMS 0x0000000086000000, 0x0000000086000000| Untracked 
|  97|0x0000000086100000, 0x0000000086100000, 0x0000000086200000|  0%| F|  |TAMS 0x0000000086100000, 0x0000000086100000| Untracked 
|  98|0x0000000086200000, 0x0000000086200000, 0x0000000086300000|  0%| F|  |TAMS 0x0000000086200000, 0x0000000086200000| Untracked 
|  99|0x0000000086300000, 0x0000000086300000, 0x0000000086400000|  0%| F|  |TAMS 0x0000000086300000, 0x0000000086300000| Untracked 
| 100|0x0000000086400000, 0x0000000086400000, 0x0000000086500000|  0%| F|  |TAMS 0x0000000086400000, 0x0000000086400000| Untracked 
| 101|0x0000000086500000, 0x0000000086500000, 0x0000000086600000|  0%| F|  |TAMS 0x0000000086500000, 0x0000000086500000| Untracked 
| 102|0x0000000086600000, 0x0000000086600000, 0x0000000086700000|  0%| F|  |TAMS 0x0000000086600000, 0x0000000086600000| Untracked 
| 103|0x0000000086700000, 0x0000000086700000, 0x0000000086800000|  0%| F|  |TAMS 0x0000000086700000, 0x0000000086700000| Untracked 
| 104|0x0000000086800000, 0x0000000086800000, 0x0000000086900000|  0%| F|  |TAMS 0x0000000086800000, 0x0000000086800000| Untracked 
| 105|0x0000000086900000, 0x0000000086900000, 0x0000000086a00000|  0%| F|  |TAMS 0x0000000086900000, 0x0000000086900000| Untracked 
| 106|0x0000000086a00000, 0x0000000086a00000, 0x0000000086b00000|  0%| F|  |TAMS 0x0000000086a00000, 0x0000000086a00000| Untracked 
| 107|0x0000000086b00000, 0x0000000086b00000, 0x0000000086c00000|  0%| F|  |TAMS 0x0000000086b00000, 0x0000000086b00000| Untracked 
| 108|0x0000000086c00000, 0x0000000086c00000, 0x0000000086d00000|  0%| F|  |TAMS 0x0000000086c00000, 0x0000000086c00000| Untracked 
| 109|0x0000000086d00000, 0x0000000086d00000, 0x0000000086e00000|  0%| F|  |TAMS 0x0000000086d00000, 0x0000000086d00000| Untracked 
| 110|0x0000000086e00000, 0x0000000086e00000, 0x0000000086f00000|  0%| F|  |TAMS 0x0000000086e00000, 0x0000000086e00000| Untracked 
| 111|0x0000000086f00000, 0x0000000086f00000, 0x0000000087000000|  0%| F|  |TAMS 0x0000000086f00000, 0x0000000086f00000| Untracked 
| 112|0x0000000087000000, 0x0000000087000000, 0x0000000087100000|  0%| F|  |TAMS 0x0000000087000000, 0x0000000087000000| Untracked 
| 113|0x0000000087100000, 0x0000000087100000, 0x0000000087200000|  0%| F|  |TAMS 0x0000000087100000, 0x0000000087100000| Untracked 
| 114|0x0000000087200000, 0x0000000087200000, 0x0000000087300000|  0%| F|  |TAMS 0x0000000087200000, 0x0000000087200000| Untracked 
| 115|0x0000000087300000, 0x0000000087300000, 0x0000000087400000|  0%| F|  |TAMS 0x0000000087300000, 0x0000000087300000| Untracked 
| 116|0x0000000087400000, 0x0000000087400000, 0x0000000087500000|  0%| F|  |TAMS 0x0000000087400000, 0x0000000087400000| Untracked 
| 117|0x0000000087500000, 0x0000000087500000, 0x0000000087600000|  0%| F|  |TAMS 0x0000000087500000, 0x0000000087500000| Untracked 
| 118|0x0000000087600000, 0x0000000087600000, 0x0000000087700000|  0%| F|  |TAMS 0x0000000087600000, 0x0000000087600000| Untracked 
| 119|0x0000000087700000, 0x0000000087700000, 0x0000000087800000|  0%| F|  |TAMS 0x0000000087700000, 0x0000000087700000| Untracked 
| 120|0x0000000087800000, 0x0000000087800000, 0x0000000087900000|  0%| F|  |TAMS 0x0000000087800000, 0x0000000087800000| Untracked 
| 121|0x0000000087900000, 0x0000000087900000, 0x0000000087a00000|  0%| F|  |TAMS 0x0000000087900000, 0x0000000087900000| Untracked 
| 122|0x0000000087a00000, 0x0000000087a00000, 0x0000000087b00000|  0%| F|  |TAMS 0x0000000087a00000, 0x0000000087a00000| Untracked 
| 123|0x0000000087b00000, 0x0000000087b00000, 0x0000000087c00000|  0%| F|  |TAMS 0x0000000087b00000, 0x0000000087b00000| Untracked 
| 124|0x0000000087c00000, 0x0000000087cc95a0, 0x0000000087d00000| 78%| S|CS|TAMS 0x0000000087c00000, 0x0000000087c00000| Complete 
| 125|0x0000000087d00000, 0x0000000087e00000, 0x0000000087e00000|100%| S|CS|TAMS 0x0000000087d00000, 0x0000000087d00000| Complete 
| 126|0x0000000087e00000, 0x0000000087f00000, 0x0000000087f00000|100%| S|CS|TAMS 0x0000000087e00000, 0x0000000087e00000| Complete 
| 127|0x0000000087f00000, 0x0000000087f00000, 0x0000000088000000|  0%| F|  |TAMS 0x0000000087f00000, 0x0000000087f00000| Untracked 
| 128|0x0000000088000000, 0x0000000088000000, 0x0000000088100000|  0%| F|  |TAMS 0x0000000088000000, 0x0000000088000000| Untracked 
| 129|0x0000000088100000, 0x0000000088100000, 0x0000000088200000|  0%| F|  |TAMS 0x0000000088100000, 0x0000000088100000| Untracked 
| 130|0x0000000088200000, 0x0000000088200000, 0x0000000088300000|  0%| F|  |TAMS 0x0000000088200000, 0x0000000088200000| Untracked 
| 131|0x0000000088300000, 0x0000000088300000, 0x0000000088400000|  0%| F|  |TAMS 0x0000000088300000, 0x0000000088300000| Untracked 
| 132|0x0000000088400000, 0x0000000088400000, 0x0000000088500000|  0%| F|  |TAMS 0x0000000088400000, 0x0000000088400000| Untracked 
| 133|0x0000000088500000, 0x0000000088600000, 0x0000000088600000|100%| E|  |TAMS 0x0000000088500000, 0x0000000088500000| Complete 
| 134|0x0000000088600000, 0x0000000088700000, 0x0000000088700000|100%| E|CS|TAMS 0x0000000088600000, 0x0000000088600000| Complete 
| 135|0x0000000088700000, 0x0000000088800000, 0x0000000088800000|100%| E|CS|TAMS 0x0000000088700000, 0x0000000088700000| Complete 
| 136|0x0000000088800000, 0x0000000088900000, 0x0000000088900000|100%| E|CS|TAMS 0x0000000088800000, 0x0000000088800000| Complete 
| 137|0x0000000088900000, 0x0000000088a00000, 0x0000000088a00000|100%| E|CS|TAMS 0x0000000088900000, 0x0000000088900000| Complete 
| 138|0x0000000088a00000, 0x0000000088b00000, 0x0000000088b00000|100%| E|CS|TAMS 0x0000000088a00000, 0x0000000088a00000| Complete 
| 139|0x0000000088b00000, 0x0000000088c00000, 0x0000000088c00000|100%| E|CS|TAMS 0x0000000088b00000, 0x0000000088b00000| Complete 
| 140|0x0000000088c00000, 0x0000000088d00000, 0x0000000088d00000|100%| E|CS|TAMS 0x0000000088c00000, 0x0000000088c00000| Complete 
| 141|0x0000000088d00000, 0x0000000088e00000, 0x0000000088e00000|100%| E|CS|TAMS 0x0000000088d00000, 0x0000000088d00000| Complete 
| 142|0x0000000088e00000, 0x0000000088f00000, 0x0000000088f00000|100%| E|CS|TAMS 0x0000000088e00000, 0x0000000088e00000| Complete 
| 143|0x0000000088f00000, 0x0000000089000000, 0x0000000089000000|100%| E|CS|TAMS 0x0000000088f00000, 0x0000000088f00000| Complete 
| 144|0x0000000089000000, 0x0000000089100000, 0x0000000089100000|100%| E|CS|TAMS 0x0000000089000000, 0x0000000089000000| Complete 
| 145|0x0000000089100000, 0x0000000089200000, 0x0000000089200000|100%| E|CS|TAMS 0x0000000089100000, 0x0000000089100000| Complete 
| 146|0x0000000089200000, 0x0000000089300000, 0x0000000089300000|100%| E|CS|TAMS 0x0000000089200000, 0x0000000089200000| Complete 
| 147|0x0000000089300000, 0x0000000089400000, 0x0000000089400000|100%| E|CS|TAMS 0x0000000089300000, 0x0000000089300000| Complete 
| 148|0x0000000089400000, 0x0000000089500000, 0x0000000089500000|100%| E|CS|TAMS 0x0000000089400000, 0x0000000089400000| Complete 
| 149|0x0000000089500000, 0x0000000089600000, 0x0000000089600000|100%| E|CS|TAMS 0x0000000089500000, 0x0000000089500000| Complete 
| 150|0x0000000089600000, 0x0000000089700000, 0x0000000089700000|100%| E|CS|TAMS 0x0000000089600000, 0x0000000089600000| Complete 
| 151|0x0000000089700000, 0x0000000089800000, 0x0000000089800000|100%| E|CS|TAMS 0x0000000089700000, 0x0000000089700000| Complete 
| 152|0x0000000089800000, 0x0000000089900000, 0x0000000089900000|100%| E|CS|TAMS 0x0000000089800000, 0x0000000089800000| Complete 
| 153|0x0000000089900000, 0x0000000089a00000, 0x0000000089a00000|100%| E|CS|TAMS 0x0000000089900000, 0x0000000089900000| Complete 

Card table byte_map: [0x0000020d746d0000,0x0000020d74ad0000] _byte_map_base: 0x0000020d742d0000

Marking Bits (Prev, Next): (CMBitMap*) 0x0000020d5dc5a150, (CMBitMap*) 0x0000020d5dc5a118
 Prev Bits: [0x0000020d76ed0000, 0x0000020d78ed0000)
 Next Bits: [0x0000020d74ed0000, 0x0000020d76ed0000)

Polling page: 0x0000020d5bb30000

Metaspace:

Usage:
  Non-class:     24.42 MB capacity,    24.03 MB ( 98%) used,   322.10 KB (  1%) free+waste,    78.75 KB ( <1%) overhead. 
      Class:      3.35 MB capacity,     3.08 MB ( 92%) used,   237.60 KB (  7%) free+waste,    38.81 KB (  1%) overhead. 
       Both:     27.78 MB capacity,    27.11 MB ( 98%) used,   559.70 KB (  2%) free+waste,   117.56 KB ( <1%) overhead. 

Virtual space:
  Non-class space:       26.00 MB reserved,      24.50 MB ( 94%) committed 
      Class space:        1.00 GB reserved,       3.38 MB ( <1%) committed 
             Both:        1.03 GB reserved,      27.88 MB (  3%) committed 

Chunk freelists:
   Non-Class:  1.63 KB
       Class:  3.00 KB
        Both:  4.63 KB

CodeHeap 'non-profiled nmethods': size=120064Kb used=1041Kb max_used=1041Kb free=119022Kb
 bounds [0x0000020d6cd90000, 0x0000020d6d000000, 0x0000020d742d0000]
CodeHeap 'profiled nmethods': size=120000Kb used=5604Kb max_used=5604Kb free=114395Kb
 bounds [0x0000020d65860000, 0x0000020d65de0000, 0x0000020d6cd90000]
CodeHeap 'non-nmethods': size=5696Kb used=1136Kb max_used=1164Kb free=4559Kb
 bounds [0x0000020d652d0000, 0x0000020d65540000, 0x0000020d65860000]
 total_blobs=3103 nmethods=2657 adapters=357
 compilation: enabled
              stopped_count=0, restarted_count=0
 full_count=0

Compilation events (10 events):
Event: 4.419 Thread 0x0000020d7b09b800 2664       2       java.lang.reflect.ProxyGenerator$FieldInfo::write (50 bytes)
Event: 4.420 Thread 0x0000020d7b09b800 nmethod 2664 0x0000020d65dd5b10 code [0x0000020d65dd5d60, 0x0000020d65dd6298]
Event: 4.421 Thread 0x0000020d7b09b800 2665       2       java.lang.PublicMethods$MethodList::getMostSpecific (63 bytes)
Event: 4.422 Thread 0x0000020d7b09b800 nmethod 2665 0x0000020d65dd6590 code [0x0000020d65dd6740, 0x0000020d65dd6948]
Event: 4.423 Thread 0x0000020d7b09b800 2666       2       java.lang.reflect.ProxyGenerator::addProxyMethod (233 bytes)
Event: 4.425 Thread 0x0000020d7b09b800 nmethod 2666 0x0000020d65dd6b10 code [0x0000020d65dd6de0, 0x0000020d65dd78e8]
Event: 4.426 Thread 0x0000020d7b09b800 2667       2       java.lang.Class::privateGetPublicMethods (224 bytes)
Event: 4.427 Thread 0x0000020d7b09b800 nmethod 2667 0x0000020d65dd7f10 code [0x0000020d65dd8160, 0x0000020d65dd8858]
Event: 4.428 Thread 0x0000020d7b09b800 2668       2       java.lang.Class::forName (15 bytes)
Event: 4.428 Thread 0x0000020d7b09b800 nmethod 2668 0x0000020d65dd8d90 code [0x0000020d65dd8f40, 0x0000020d65dd9078]

GC Heap History (10 events):
Event: 0.897 GC heap before
{Heap before GC invocations=1 (full 0):
 garbage-first heap   total 131072K, used 8084K [0x0000000080000000, 0x0000000100000000)
  region size 1024K, 6 young (6144K), 1 survivors (1024K)
 Metaspace       used 9866K, capacity 9974K, committed 10240K, reserved 1058816K
  class space    used 920K, capacity 943K, committed 1024K, reserved 1048576K
}
Event: 0.905 GC heap after
{Heap after GC invocations=2 (full 0):
 garbage-first heap   total 131072K, used 3680K [0x0000000080000000, 0x0000000100000000)
  region size 1024K, 1 young (1024K), 1 survivors (1024K)
 Metaspace       used 9866K, capacity 9974K, committed 10240K, reserved 1058816K
  class space    used 920K, capacity 943K, committed 1024K, reserved 1048576K
}
Event: 1.520 GC heap before
{Heap before GC invocations=2 (full 0):
 garbage-first heap   total 131072K, used 15968K [0x0000000080000000, 0x0000000100000000)
  region size 1024K, 13 young (13312K), 1 survivors (1024K)
 Metaspace       used 14145K, capacity 14477K, committed 14720K, reserved 1062912K
  class space    used 1436K, capacity 1564K, committed 1664K, reserved 1048576K
}
Event: 1.525 GC heap after
{Heap after GC invocations=3 (full 0):
 garbage-first heap   total 131072K, used 4661K [0x0000000080000000, 0x0000000100000000)
  region size 1024K, 2 young (2048K), 2 survivors (2048K)
 Metaspace       used 14145K, capacity 14477K, committed 14720K, reserved 1062912K
  class space    used 1436K, capacity 1564K, committed 1664K, reserved 1048576K
}
Event: 2.072 GC heap before
{Heap before GC invocations=3 (full 0):
 garbage-first heap   total 131072K, used 21045K [0x0000000080000000, 0x0000000100000000)
  region size 1024K, 19 young (19456K), 2 survivors (2048K)
 Metaspace       used 18123K, capacity 18550K, committed 18816K, reserved 1067008K
  class space    used 1958K, capacity 2146K, committed 2176K, reserved 1048576K
}
Event: 2.079 GC heap after
{Heap after GC invocations=4 (full 0):
 garbage-first heap   total 131072K, used 5544K [0x0000000080000000, 0x0000000100000000)
  region size 1024K, 2 young (2048K), 2 survivors (2048K)
 Metaspace       used 18123K, capacity 18550K, committed 18816K, reserved 1067008K
  class space    used 1958K, capacity 2146K, committed 2176K, reserved 1048576K
}
Event: 2.425 GC heap before
{Heap before GC invocations=4 (full 0):
 garbage-first heap   total 131072K, used 15784K [0x0000000080000000, 0x0000000100000000)
  region size 1024K, 13 young (13312K), 2 survivors (2048K)
 Metaspace       used 20626K, capacity 21116K, committed 21248K, reserved 1069056K
  class space    used 2249K, capacity 2470K, committed 2560K, reserved 1048576K
}
Event: 2.433 GC heap after
{Heap after GC invocations=5 (full 0):
 garbage-first heap   total 157696K, used 6005K [0x0000000080000000, 0x0000000100000000)
  region size 1024K, 3 young (3072K), 3 survivors (3072K)
 Metaspace       used 20626K, capacity 21116K, committed 21248K, reserved 1069056K
  class space    used 2249K, capacity 2470K, committed 2560K, reserved 1048576K
}
Event: 3.581 GC heap before
{Heap before GC invocations=6 (full 0):
 garbage-first heap   total 157696K, used 32629K [0x0000000080000000, 0x0000000100000000)
  region size 1024K, 30 young (30720K), 3 survivors (3072K)
 Metaspace       used 24210K, capacity 24818K, committed 25088K, reserved 1071104K
  class space    used 2715K, capacity 2980K, committed 3072K, reserved 1048576K
}
Event: 3.592 GC heap after
{Heap after GC invocations=7 (full 0):
 garbage-first heap   total 157696K, used 7409K [0x0000000080000000, 0x0000000100000000)
  region size 1024K, 3 young (3072K), 3 survivors (3072K)
 Metaspace       used 24210K, capacity 24818K, committed 25088K, reserved 1071104K
  class space    used 2715K, capacity 2980K, committed 3072K, reserved 1048576K
}

Deoptimization events (10 events):
Event: 3.683 Thread 0x0000020d5dc1c800 Uncommon trap: reason=class_check action=maybe_recompile pc=0x0000020d6cdb2664 method=java.lang.String.equals(Ljava/lang/Object;)Z @ 8 c2
Event: 3.683 Thread 0x0000020d5dc1c800 Uncommon trap: reason=class_check action=maybe_recompile pc=0x0000020d6cdb2664 method=java.lang.String.equals(Ljava/lang/Object;)Z @ 8 c2
Event: 3.683 Thread 0x0000020d5dc1c800 Uncommon trap: reason=class_check action=maybe_recompile pc=0x0000020d6cdb2664 method=java.lang.String.equals(Ljava/lang/Object;)Z @ 8 c2
Event: 3.684 Thread 0x0000020d5dc1c800 Uncommon trap: reason=class_check action=maybe_recompile pc=0x0000020d6cdb2664 method=java.lang.String.equals(Ljava/lang/Object;)Z @ 8 c2
Event: 3.881 Thread 0x0000020d5dc1c800 Uncommon trap: reason=unstable_if action=reinterpret pc=0x0000020d6ce07cb0 method=java.util.Arrays.equals([Ljava/lang/Object;[Ljava/lang/Object;)Z @ 44 c2
Event: 4.181 Thread 0x0000020d5dc1c800 Uncommon trap: reason=unstable_if action=reinterpret pc=0x0000020d6ce80cd0 method=org.springframework.beans.factory.support.AbstractBeanFactory.getMergedLocalBeanDefinition(Ljava/lang/String;)Lorg/springframework/beans/factory/support/RootBeanDefinition; 
Event: 4.239 Thread 0x0000020d5dc1c800 Uncommon trap: reason=unstable_if action=reinterpret pc=0x0000020d6ce90e9c method=org.springframework.beans.factory.support.DefaultSingletonBeanRegistry.getSingleton(Ljava/lang/String;Z)Ljava/lang/Object; @ 20 c2
Event: 4.351 Thread 0x0000020d5dc1c800 Uncommon trap: reason=unstable_if action=reinterpret pc=0x0000020d6ce4995c method=java.util.Properties$LineReader.readLine()I @ 25 c2
Event: 4.359 Thread 0x0000020d5dc1c800 Uncommon trap: reason=unstable_if action=reinterpret pc=0x0000020d6ce79b1c method=java.nio.Buffer.position(I)Ljava/nio/Buffer; @ 37 c2
Event: 4.360 Thread 0x0000020d5dc1c800 Uncommon trap: reason=unstable_if action=reinterpret pc=0x0000020d6ce1de1c method=java.nio.Buffer.position(I)Ljava/nio/Buffer; @ 37 c2

Classes redefined (0 events):
No events

Internal exceptions (10 events):
Event: 4.295 Thread 0x0000020d5dc1c800 Exception <a 'java/lang/ClassNotFoundException'{0x00000000888477e8}: org/springframework/beans/factory/config/SmartInstantiationAwareBeanPostProcessorCustomizer> (0x00000000888477e8) thrown at [./open/src/hotspot/share/classfile/systemDictionary.cpp, line
Event: 4.296 Thread 0x0000020d5dc1c800 Exception <a 'java/lang/ClassNotFoundException'{0x0000000088856b08}: org/springframework/beans/factory/config/InstantiationAwareBeanPostProcessorCustomizer> (0x0000000088856b08) thrown at [./open/src/hotspot/share/classfile/systemDictionary.cpp, line 226]
Event: 4.298 Thread 0x0000020d5dc1c800 Exception <a 'java/lang/ClassNotFoundException'{0x0000000088864688}: org/springframework/beans/factory/config/BeanPostProcessorCustomizer> (0x0000000088864688) thrown at [./open/src/hotspot/share/classfile/systemDictionary.cpp, line 226]
Event: 4.298 Thread 0x0000020d5dc1c800 Exception <a 'java/lang/ClassNotFoundException'{0x000000008886f5a8}: org/springframework/beans/factory/BeanFactoryAwareCustomizer> (0x000000008886f5a8) thrown at [./open/src/hotspot/share/classfile/systemDictionary.cpp, line 226]
Event: 4.299 Thread 0x0000020d5dc1c800 Exception <a 'java/lang/ClassNotFoundException'{0x0000000088879838}: org/springframework/beans/factory/AwareCustomizer> (0x0000000088879838) thrown at [./open/src/hotspot/share/classfile/systemDictionary.cpp, line 226]
Event: 4.300 Thread 0x0000020d5dc1c800 Exception <a 'java/lang/ClassNotFoundException'{0x0000000088881ea8}: org/springframework/core/OrderedCustomizer> (0x0000000088881ea8) thrown at [./open/src/hotspot/share/classfile/systemDictionary.cpp, line 226]
Event: 4.300 Thread 0x0000020d5dc1c800 Exception <a 'java/lang/ClassNotFoundException'{0x000000008888c580}: org/springframework/beans/factory/BeanClassLoaderAwareCustomizer> (0x000000008888c580) thrown at [./open/src/hotspot/share/classfile/systemDictionary.cpp, line 226]
Event: 4.301 Thread 0x0000020d5dc1c800 Exception <a 'java/lang/ClassNotFoundException'{0x0000000088895ea8}: org/springframework/beans/factory/AwareCustomizer> (0x0000000088895ea8) thrown at [./open/src/hotspot/share/classfile/systemDictionary.cpp, line 226]
Event: 4.302 Thread 0x0000020d5dc1c800 Exception <a 'java/lang/ClassNotFoundException'{0x000000008889fa60}: org/springframework/aop/framework/AopInfrastructureBeanCustomizer> (0x000000008889fa60) thrown at [./open/src/hotspot/share/classfile/systemDictionary.cpp, line 226]
Event: 4.379 Thread 0x0000020d5dc1c800 Exception <a 'java/lang/NoSuchMethodError'{0x0000000088664470}: java.lang.invoke.DirectMethodHandle$Holder.invokeSpecial(Ljava/lang/Object;Ljava/lang/Object;Ljava/lang/Object;Ljava/lang/Object;Ljava/lang/Object;)I> (0x0000000088664470) thrown at [./open/s

Events (10 events):
Event: 4.394 loading class org/apache/catalina/core/ContainerBase
Event: 4.394 loading class org/apache/catalina/core/ContainerBase done
Event: 4.396 loading class org/springframework/boot/web/server/SslStoreProvider
Event: 4.396 loading class org/springframework/boot/web/server/SslStoreProvider done
Event: 4.396 loading class org/springframework/boot/web/server/ErrorPage
Event: 4.396 loading class org/springframework/boot/web/server/ErrorPage done
Event: 4.397 loading class org/springframework/boot/web/servlet/server/CookieSameSiteSupplier
Event: 4.397 loading class org/springframework/boot/web/servlet/server/CookieSameSiteSupplier done
Event: 4.430 loading class org/springframework/beans/factory/support/RootBeanDefinition
Event: 4.430 loading class org/springframework/beans/factory/support/RootBeanDefinition done


Dynamic libraries:
0x00007ff6de430000 - 0x00007ff6de43f000 	C:\Program Files\Java\jdk-11.0.16\bin\java.exe
0x00007ffb6e470000 - 0x00007ffb6e668000 	C:\Windows\SYSTEM32\ntdll.dll
0x00007ffb6e0b0000 - 0x00007ffb6e16d000 	C:\Windows\System32\KERNEL32.DLL
0x00007ffb6be50000 - 0x00007ffb6c122000 	C:\Windows\System32\KERNELBASE.dll
0x00007ffb5dd30000 - 0x00007ffb5dd48000 	C:\Program Files\Java\jdk-11.0.16\bin\jli.dll
0x00007ffb6d640000 - 0x00007ffb6d6ee000 	C:\Windows\System32\ADVAPI32.dll
0x00007ffb6e330000 - 0x00007ffb6e3ce000 	C:\Windows\System32\msvcrt.dll
0x00007ffb6d470000 - 0x00007ffb6d50c000 	C:\Windows\System32\sechost.dll
0x00007ffb6e170000 - 0x00007ffb6e295000 	C:\Windows\System32\RPCRT4.dll
0x00007ffb6df10000 - 0x00007ffb6e0ad000 	C:\Windows\System32\USER32.dll
0x00007ffb6bb80000 - 0x00007ffb6bba2000 	C:\Windows\System32\win32u.dll
0x00007ffb6dda0000 - 0x00007ffb6ddcb000 	C:\Windows\System32\GDI32.dll
0x00007ffb6c3c0000 - 0x00007ffb6c4cf000 	C:\Windows\System32\gdi32full.dll
0x00007ffb6bdb0000 - 0x00007ffb6be4d000 	C:\Windows\System32\msvcp_win.dll
0x00007ffb6bc00000 - 0x00007ffb6bd00000 	C:\Windows\System32\ucrtbase.dll
0x00007ffb5d440000 - 0x00007ffb5d455000 	C:\Program Files\Java\jdk-11.0.16\bin\VCRUNTIME140.dll
0x00007ffb4d860000 - 0x00007ffb4dafa000 	C:\Windows\WinSxS\amd64_microsoft.windows.common-controls_6595b64144ccf1df_6.0.19041.1110_none_60b5254171f9507e\COMCTL32.dll
0x00007ffb63390000 - 0x00007ffb6339a000 	C:\Windows\SYSTEM32\VERSION.dll
0x00007ffb6c5f0000 - 0x00007ffb6c620000 	C:\Windows\System32\IMM32.DLL
0x00007ffb4dfe0000 - 0x00007ffb4e07b000 	C:\Program Files\Java\jdk-11.0.16\bin\msvcp140.dll
0x00007ffb1c5c0000 - 0x00007ffb1d0d8000 	C:\Program Files\Java\jdk-11.0.16\bin\server\jvm.dll
0x00007ffb6de30000 - 0x00007ffb6de38000 	C:\Windows\System32\PSAPI.DLL
0x00007ffb5d380000 - 0x00007ffb5d389000 	C:\Windows\SYSTEM32\WSOCK32.dll
0x00007ffb6dd30000 - 0x00007ffb6dd9b000 	C:\Windows\System32\WS2_32.dll
0x00007ffb44d00000 - 0x00007ffb44d27000 	C:\Windows\SYSTEM32\WINMM.dll
0x00007ffb69a20000 - 0x00007ffb69a32000 	C:\Windows\SYSTEM32\kernel.appcore.dll
0x00007ffb5dd20000 - 0x00007ffb5dd30000 	C:\Program Files\Java\jdk-11.0.16\bin\verify.dll
0x00007ffb61780000 - 0x00007ffb61964000 	C:\Windows\SYSTEM32\DBGHELP.DLL
0x00007ffb620b0000 - 0x00007ffb620dc000 	C:\Windows\SYSTEM32\dbgcore.DLL
0x00007ffb6c330000 - 0x00007ffb6c3b2000 	C:\Windows\System32\bcryptPrimitives.dll
0x00007ffb5d410000 - 0x00007ffb5d438000 	C:\Program Files\Java\jdk-11.0.16\bin\java.dll
0x00007ffb5d400000 - 0x00007ffb5d40a000 	C:\Program Files\Java\jdk-11.0.16\bin\jimage.dll
0x00007ffb5cdb0000 - 0x00007ffb5cdc6000 	C:\Program Files\Java\jdk-11.0.16\bin\zip.dll
0x00007ffb6c7a0000 - 0x00007ffb6cee3000 	C:\Windows\System32\SHELL32.dll
0x00007ffb69c20000 - 0x00007ffb6a3b1000 	C:\Windows\SYSTEM32\windows.storage.dll
0x00007ffb6cef0000 - 0x00007ffb6d244000 	C:\Windows\System32\combase.dll
0x00007ffb6b420000 - 0x00007ffb6b450000 	C:\Windows\SYSTEM32\Wldp.dll
0x00007ffb6c6f0000 - 0x00007ffb6c79d000 	C:\Windows\System32\SHCORE.dll
0x00007ffb6d260000 - 0x00007ffb6d2b5000 	C:\Windows\System32\shlwapi.dll
0x00007ffb6bac0000 - 0x00007ffb6badf000 	C:\Windows\SYSTEM32\profapi.dll
0x00007ffb5cd90000 - 0x00007ffb5cda9000 	C:\Program Files\Java\jdk-11.0.16\bin\net.dll
0x00007ffb63260000 - 0x00007ffb6336d000 	C:\Windows\SYSTEM32\WINHTTP.dll
0x00007ffb6b200000 - 0x00007ffb6b26a000 	C:\Windows\system32\mswsock.dll
0x00007ffb4fbe0000 - 0x00007ffb4fbf2000 	C:\Program Files\Java\jdk-11.0.16\bin\nio.dll
0x00007ffb5dd60000 - 0x00007ffb5dd69000 	C:\Program Files\Java\jdk-11.0.16\bin\management.dll
0x00007ffb5c8c0000 - 0x00007ffb5c8cb000 	C:\Program Files\Java\jdk-11.0.16\bin\management_ext.dll
0x00007ffb50840000 - 0x00007ffb50857000 	C:\Windows\system32\napinsp.dll
0x00007ffb50540000 - 0x00007ffb5055b000 	C:\Windows\system32\pnrpnsp.dll
0x00007ffb50520000 - 0x00007ffb50535000 	C:\Windows\system32\wshbth.dll
0x00007ffb66230000 - 0x00007ffb6624d000 	C:\Windows\system32\NLAapi.dll
0x00007ffb6af10000 - 0x00007ffb6af4b000 	C:\Windows\SYSTEM32\IPHLPAPI.DLL
0x00007ffb6af50000 - 0x00007ffb6b01a000 	C:\Windows\SYSTEM32\DNSAPI.dll
0x00007ffb6d250000 - 0x00007ffb6d258000 	C:\Windows\System32\NSI.dll
0x00007ffb50500000 - 0x00007ffb50512000 	C:\Windows\System32\winrnr.dll
0x00007ffb63070000 - 0x00007ffb6307a000 	C:\Windows\System32\rasadhlp.dll
0x00007ffb63a00000 - 0x00007ffb63a80000 	C:\Windows\System32\fwpuclnt.dll
0x00007ffb6c130000 - 0x00007ffb6c157000 	C:\Windows\System32\bcrypt.dll

dbghelp: loaded successfully - version: 4.0.5 - missing functions: none
symbol engine: initialized successfully - sym options: 0x614 - pdb path: .;C:\Program Files\Java\jdk-11.0.16\bin;C:\Windows\SYSTEM32;C:\Windows\WinSxS\amd64_microsoft.windows.common-controls_6595b64144ccf1df_6.0.19041.1110_none_60b5254171f9507e;C:\Program Files\Java\jdk-11.0.16\bin\server

VM Arguments:
jvm_args: -Dfile.encoding=windows-1252 -Duser.country=US -Duser.language=en -Duser.variant 
java_command: com.example.springboot.SpringbootFirstAppApplication
java_class_path (initial): C:\Users\sfjbs\springboot-first-app (1)\springboot-first-app\build\classes\java\main;C:\Users\sfjbs\springboot-first-app (1)\springboot-first-app\build\resources\main;C:\Users\sfjbs\.gradle\caches\modules-2\files-2.1\org.springframework.boot\spring-boot-starter-web\2.7.5\bb4099d0466a62c3b11ab9323babca13bb430a2e\spring-boot-starter-web-2.7.5.jar;C:\Users\sfjbs\.gradle\caches\modules-2\files-2.1\com.mysql\mysql-connector-j\8.0.31\3fd5850719d7e82d50705d34cc6a0037fab5731f\mysql-connector-j-8.0.31.jar;C:\Users\sfjbs\.gradle\caches\modules-2\files-2.1\org.springframework.boot\spring-boot-starter-json\2.7.5\9c7df04ff37b2e7471632ddeb4a296c5fb6bddee\spring-boot-starter-json-2.7.5.jar;C:\Users\sfjbs\.gradle\caches\modules-2\files-2.1\org.springframework.boot\spring-boot-starter\2.7.5\c28e1546461803490588085345ba5d2897d232bc\spring-boot-starter-2.7.5.jar;C:\Users\sfjbs\.gradle\caches\modules-2\files-2.1\org.springframework.boot\spring-boot-starter-tomcat\2.7.5\eb7849c52953de44d9712adf45398ccb1a7d4295\spring-boot-starter-tomcat-2.7.5.jar;C:\Users\sfjbs\.gradle\caches\modules-2\files-2.1\org.springframework\spring-webmvc\5.3.23\b163527c275b0374371890c0b76c2a2a09f9804b\spring-webmvc-5.3.23.jar;C:\Users\sfjbs\.gradle\caches\modules-2\files-2.1\org.springframework\spring-web\5.3.23\193f5276092d9cbe3222c63885b47ca7b2cce97\spring-web-5.3.23.jar;C:\Users\sfjbs\.gradle\caches\modules-2\files-2.1\org.springframework.boot\spring-boot-autoconfigure\2.7.5\96646e63a2296d0a3209383e81cdb8c87ab2f913\spring-boot-autoconfigure-2.7.5.jar;C:\Users\sfjbs\.gradle\caches\modules-2\files-2.1\org.springframework.boot\spring-boot\2.7.5\fd04e228e6e21b7ad13c10ae29afd31868d842e5\spring-boot-2.7.5.jar;C:\Users\sfjbs\.gradle\caches\modules-2\files-2.1\org.springframework.boot\spring-boot-starter-logging\2.7.5\61f4c53e35baa31a269bbeb7bb9d5e781448feef\spring-boot-starter-logging-2.7.5.jar;C:\Users\sfjbs\.gradle\caches\modules-2\files-2.1\jakarta.annotation\jakarta.annotation-api\1.
Launcher Type: SUN_STANDARD

[Global flags]
     intx CICompilerCount                          = 2                                         {product} {ergonomic}
     uint ConcGCThreads                            = 1                                         {product} {ergonomic}
     uint G1ConcRefinementThreads                  = 2                                         {product} {ergonomic}
   size_t G1HeapRegionSize                         = 1048576                                   {product} {ergonomic}
    uintx GCDrainStackTargetSize                   = 64                                        {product} {ergonomic}
   size_t InitialHeapSize                          = 134217728                                 {product} {ergonomic}
   size_t MarkStackSize                            = 4194304                                   {product} {ergonomic}
   size_t MaxHeapSize                              = 2147483648                                {product} {ergonomic}
   size_t MaxNewSize                               = 1287651328                                {product} {ergonomic}
   size_t MinHeapDeltaBytes                        = 1048576                                   {product} {ergonomic}
    uintx NonNMethodCodeHeapSize                   = 5825164                                {pd product} {ergonomic}
    uintx NonProfiledCodeHeapSize                  = 122916538                              {pd product} {ergonomic}
    uintx ProfiledCodeHeapSize                     = 122916538                              {pd product} {ergonomic}
    uintx ReservedCodeCacheSize                    = 251658240                              {pd product} {ergonomic}
     bool SegmentedCodeCache                       = true                                      {product} {ergonomic}
     bool UseCompressedClassPointers               = true                                 {lp64_product} {ergonomic}
     bool UseCompressedOops                        = true                                 {lp64_product} {ergonomic}
     bool UseG1GC                                  = true                                      {product} {ergonomic}
     bool UseLargePagesIndividualAllocation        = false                                  {pd product} {ergonomic}

Logging:
Log output configuration:
 #0: stdout all=warning uptime,level,tags
 #1: stderr all=off uptime,level,tags

Environment Variables:
PATH=C:\Program Files\Common Files\Oracle\Java\javapath;C:\Windows\system32;C:\Windows;C:\Windows\System32\Wbem;C:\Windows\System32\WindowsPowerShell\v1.0\;C:\Windows\System32\OpenSSH\;C:\Users\sfjbs\Downloads\micro service-20221021T071039Z-001\micro service\apache-maven-3.8.5-bin\apache-maven-3.8.5\bin;C:\Users\sfjbs\Downloads\micro service-20221021T071039Z-001\micro service\apache-maven-3.8.5-bin\apache-maven-3.8.5\lib;C:\Program Files\Git\cmd;C:\Program Files\Docker\Docker\resources\bin;C:\Users\sfjbs\AppData\Local\Microsoft\WindowsApps;C:\Users\sfjbs\Downloads\micro service-20221021T071039Z-001\micro service\apache-maven-3.8.5-bin\apache-maven-3.8.5\bin;C:\Users\sfjbs\Downloads\micro service-20221021T071039Z-001\micro service\apache-maven-3.8.5-bin\apache-maven-3.8.5\lib;;C:\Program Files\JetBrains\IntelliJ IDEA Community Edition 2022.2.1\bin;
USERNAME=sfjbs
OS=Windows_NT
PROCESSOR_IDENTIFIER=Intel64 Family 6 Model 106 Stepping 6, GenuineIntel



---------------  S Y S T E M  ---------------

OS: Windows 10 , 64 bit Build 19041 (10.0.19041.1889)
Hyper-V role detected

CPU:total 2 (initial active 2) (1 cores per cpu, 2 threads per core) family 6 model 106 stepping 6 microcode 0xffffffff, cmov, cx8, fxsr, mmx, sse, sse2, sse3, ssse3, sse4.1, sse4.2, popcnt, avx, avx2, aes, clmul, erms, rtm, 3dnowpref, lzcnt, ht, tsc, bmi1, bmi2, adx, evex, fma

Memory: 4k page, system-wide physical 8190M (1233M free)
TotalPageFile size 10238M (AvailPageFile size 3M)
current process WorkingSet (physical memory assigned to process): 153M, peak: 153M
current process commit charge ("private bytes"): 284M, peak: 284M

vm_info: Java HotSpot(TM) 64-Bit Server VM (11.0.16+11-LTS-199) for windows-amd64 JRE (11.0.16+11-LTS-199), built on Jun 28 2022 08:23:17 by "mach5one" with MS VC++ 15.9 (VS2017)

END.
