#
# There is insufficient memory for the Java Runtime Environment to continue.
# Native memory allocation (malloc) failed to allocate 1048576 bytes for AllocateHeap
# Possible reasons:
#   The system is out of physical RAM or swap space
#   The process is running with CompressedOops enabled, and the Java Heap may be blocking the growth of the native heap
# Possible solutions:
#   Reduce memory load on the system
#   Increase physical memory or swap space
#   Check if swap backing store is full
#   Decrease Java heap size (-Xmx/-Xms)
#   Decrease number of Java threads
#   Decrease Java thread stack sizes (-Xss)
#   Set larger code cache with -XX:ReservedCodeCacheSize=
#   JVM is running with Unscaled Compressed Oops mode in which the Java heap is
#     placed in the first 4GB address space. The Java Heap base address is the
#     maximum limit for the native heap growth. Please use -XX:HeapBaseMinAddress
#     to set the Java Heap base and to place the Java Heap above 4GB virtual address.
# This output file may be truncated or incomplete.
#
#  Out of Memory Error (./open/src/hotspot/share/memory/allocation.cpp:46), pid=7420, tid=6960
#
# JRE version: Java(TM) SE Runtime Environment 18.9 (11.0.16+11) (build 11.0.16+11-LTS-199)
# Java VM: Java HotSpot(TM) 64-Bit Server VM 18.9 (11.0.16+11-LTS-199, mixed mode, tiered, compressed oops, g1 gc, windows-amd64)
# No core dump will be written. Minidumps are not enabled by default on client versions of Windows
#

---------------  S U M M A R Y ------------

Command Line: -Xverify:none -XX:TieredStopAtLevel=1 com.eureka.app.student.StudentServiceApplication

Host: Intel(R) Xeon(R) Platinum 8370C CPU @ 2.80GHz, 2 cores, 7G,  Windows 10 , 64 bit Build 19041 (10.0.19041.2251)
Time: Thu Nov 10 06:27:05 2022 Coordinated Universal Time elapsed time: 13.915813 seconds (0d 0h 0m 13s)

---------------  T H R E A D  ---------------

Current thread (0x000001c87e586000):  VMThread "VM Thread" [stack: 0x00000014c6500000,0x00000014c6600000] [id=6960]

Stack: [0x00000014c6500000,0x00000014c6600000]
[error occurred during error reporting (printing stack bounds), id 0xc0000005, EXCEPTION_ACCESS_VIOLATION (0xc0000005) at pc=0x000001c8000010e7]

Native frames: (J=compiled Java code, j=interpreted, Vv=VM code, C=native code)
V  [jvm.dll+0x62a3ea]
V  [jvm.dll+0x76418f]
V  [jvm.dll+0x765839]
V  [jvm.dll+0x765e25]
V  [jvm.dll+0x765ddb]
V  [jvm.dll+0x6298d3]
V  [jvm.dll+0x629fe8]
C  [ntdll.dll+0xa241f]
C  [ntdll.dll+0x514a4]
C  [ntdll.dll+0xa0f4e]
C  0x000001c8000010e7

VM_Operation (0x00000014c5ef7cf0): CollectForMetadataAllocation, mode: safepoint, requested by thread 0x000001c872314000


---------------  P R O C E S S  ---------------

Threads class SMR info:
_java_thread_list=0x000001c812053ee0, length=13, elements={
0x000001c872314000, 0x000001c87e589000, 0x000001c87e58a000, 0x000001c87e5a8000,
0x000001c87e5ab800, 0x000001c87e5ac800, 0x000001c87e5b0800, 0x000001c87e5d5800,
0x000001c87f031800, 0x000001c811e88800, 0x000001c811e89000, 0x000001c811e9b800,
0x000001c8119a4000
}

Java Threads: ( => current thread )
  0x000001c872314000 JavaThread "main" [_thread_blocked, id=3200, stack(0x00000014c5e00000,0x00000014c5f00000)]
  0x000001c87e589000 JavaThread "Reference Handler" daemon [_thread_blocked, id=3440, stack(0x00000014c6600000,0x00000014c6700000)]
  0x000001c87e58a000 JavaThread "Finalizer" daemon [_thread_blocked, id=8680, stack(0x00000014c6700000,0x00000014c6800000)]
  0x000001c87e5a8000 JavaThread "Signal Dispatcher" daemon [_thread_blocked, id=6204, stack(0x00000014c6800000,0x00000014c6900000)]
  0x000001c87e5ab800 JavaThread "Attach Listener" daemon [_thread_blocked, id=7944, stack(0x00000014c6900000,0x00000014c6a00000)]
  0x000001c87e5ac800 JavaThread "Service Thread" daemon [_thread_blocked, id=4816, stack(0x00000014c6a00000,0x00000014c6b00000)]
  0x000001c87e5b0800 JavaThread "C1 CompilerThread0" daemon [_thread_blocked, id=1732, stack(0x00000014c6b00000,0x00000014c6c00000)]
  0x000001c87e5d5800 JavaThread "Sweeper thread" daemon [_thread_blocked, id=444, stack(0x00000014c6c00000,0x00000014c6d00000)]
  0x000001c87f031800 JavaThread "Common-Cleaner" daemon [_thread_blocked, id=7844, stack(0x00000014c6e00000,0x00000014c6f00000)]
  0x000001c811e88800 JavaThread "Catalina-utility-1" [_thread_blocked, id=7624, stack(0x00000014c7000000,0x00000014c7100000)]
  0x000001c811e89000 JavaThread "Catalina-utility-2" [_thread_blocked, id=10888, stack(0x00000014c7100000,0x00000014c7200000)]
  0x000001c811e9b800 JavaThread "container-0" [_thread_blocked, id=3324, stack(0x00000014c7200000,0x00000014c7300000)]
  0x000001c8119a4000 JavaThread "spring.cloud.inetutils" daemon [_thread_blocked, id=8068, stack(0x00000014c7300000,0x00000014c7400000)]

Other Threads:
=>0x000001c87e586000 VMThread "VM Thread" [stack: 0x00000014c6500000,0x00000014c6600000] [id=6960]
  0x000001c87f02c000 WatcherThread [stack: 0x00000014c6d00000,0x00000014c6e00000] [id=5232]
  0x000001c872329000 GCTaskThread "GC Thread#0" [stack: 0x00000014c6000000,0x00000014c6100000] [id=9380]
  0x000001c87f43a000 GCTaskThread "GC Thread#1" [stack: 0x00000014c6f00000,0x00000014c7000000] [id=2204]
  0x000001c872358000 ConcurrentGCThread "G1 Main Marker" [stack: 0x00000014c6100000,0x00000014c6200000] [id=8460]
  0x000001c87235a800 ConcurrentGCThread "G1 Conc#0" [stack: 0x00000014c6200000,0x00000014c6300000] [id=8920]
  0x000001c8723e3800 ConcurrentGCThread "G1 Refine#0" [stack: 0x00000014c6300000,0x00000014c6400000] [id=5888]
  0x000001c8723e4800 ConcurrentGCThread "G1 Young RemSet Sampling" [stack: 0x00000014c6400000,0x00000014c6500000] [id=10660]

Threads with active compile tasks:

VM state:at safepoint (normal execution)

VM Mutex/Monitor currently owned by a thread:  ([mutex/lock_event])
[0x000001c87230e8d0] Threads_lock - owner thread: 0x000001c87e586000
[0x000001c87230f1d0] Heap_lock - owner thread: 0x000001c872314000

Heap address: 0x0000000080000000, size: 2048 MB, Compressed Oops mode: 32-bit
Narrow klass base: 0x0000000000000000, Narrow klass shift: 3
Compressed class space size: 1073741824 Address: 0x0000000100000000

Heap:
 garbage-first heap   total 189440K, used 30102K [0x0000000080000000, 0x0000000100000000)
  region size 1024K, 10 young (10240K), 10 survivors (10240K)
 Metaspace       used 40661K, capacity 42258K, committed 42416K, reserved 1097728K
  class space    used 5356K, capacity 6043K, committed 6144K, reserved 1048576K
Heap Regions: E=young(eden), S=young(survivor), O=old, HS=humongous(starts), HC=humongous(continues), CS=collection set, F=free, A=archive, TAMS=top-at-mark-start (previous, next)
|   0|0x0000000080000000, 0x0000000080100000, 0x0000000080100000|100%| O|  |TAMS 0x0000000080100000, 0x0000000080100000| Untracked 
|   1|0x0000000080100000, 0x0000000080200000, 0x0000000080200000|100%| O|  |TAMS 0x0000000080200000, 0x0000000080200000| Untracked 
|   2|0x0000000080200000, 0x0000000080300000, 0x0000000080300000|100%| O|  |TAMS 0x0000000080300000, 0x0000000080300000| Untracked 
|   3|0x0000000080300000, 0x0000000080400000, 0x0000000080400000|100%| O|  |TAMS 0x0000000080400000, 0x0000000080400000| Untracked 
|   4|0x0000000080400000, 0x0000000080500000, 0x0000000080500000|100%| O|  |TAMS 0x0000000080500000, 0x0000000080500000| Untracked 
|   5|0x0000000080500000, 0x0000000080600000, 0x0000000080600000|100%| O|  |TAMS 0x0000000080600000, 0x0000000080600000| Untracked 
|   6|0x0000000080600000, 0x0000000080700000, 0x0000000080700000|100%| O|  |TAMS 0x0000000080600000, 0x0000000080700000| Untracked 
|   7|0x0000000080700000, 0x0000000080800000, 0x0000000080800000|100%| O|  |TAMS 0x0000000080800000, 0x0000000080800000| Untracked 
|   8|0x0000000080800000, 0x0000000080900000, 0x0000000080900000|100%| O|  |TAMS 0x0000000080900000, 0x0000000080900000| Untracked 
|   9|0x0000000080900000, 0x0000000080a00000, 0x0000000080a00000|100%| O|  |TAMS 0x0000000080a00000, 0x0000000080a00000| Untracked 
|  10|0x0000000080a00000, 0x0000000080b00000, 0x0000000080b00000|100%| O|  |TAMS 0x0000000080af7c00, 0x0000000080b00000| Untracked 
|  11|0x0000000080b00000, 0x0000000080c00000, 0x0000000080c00000|100%| O|  |TAMS 0x0000000080b00000, 0x0000000080c00000| Untracked 
|  12|0x0000000080c00000, 0x0000000080d00000, 0x0000000080d00000|100%| O|  |TAMS 0x0000000080c00000, 0x0000000080d00000| Untracked 
|  13|0x0000000080d00000, 0x0000000080e00000, 0x0000000080e00000|100%| O|  |TAMS 0x0000000080d00000, 0x0000000080e00000| Untracked 
|  14|0x0000000080e00000, 0x0000000080f00000, 0x0000000080f00000|100%| O|  |TAMS 0x0000000080e00000, 0x0000000080f00000| Untracked 
|  15|0x0000000080f00000, 0x0000000081000000, 0x0000000081000000|100%| O|  |TAMS 0x0000000080f00000, 0x0000000081000000| Untracked 
|  16|0x0000000081000000, 0x0000000081100000, 0x0000000081100000|100%| O|  |TAMS 0x0000000081000000, 0x0000000081100000| Untracked 
|  17|0x0000000081100000, 0x0000000081200000, 0x0000000081200000|100%| O|  |TAMS 0x0000000081100000, 0x0000000081200000| Untracked 
|  18|0x0000000081200000, 0x0000000081300000, 0x0000000081300000|100%| O|  |TAMS 0x0000000081200000, 0x0000000081300000| Untracked 
|  19|0x0000000081300000, 0x00000000813e5800, 0x0000000081400000| 89%| O|  |TAMS 0x0000000081300000, 0x00000000813e5800| Untracked 
|  20|0x0000000081400000, 0x0000000081400000, 0x0000000081500000|  0%| F|  |TAMS 0x0000000081400000, 0x0000000081400000| Untracked 
|  21|0x0000000081500000, 0x0000000081500000, 0x0000000081600000|  0%| F|  |TAMS 0x0000000081500000, 0x0000000081500000| Untracked 
|  22|0x0000000081600000, 0x0000000081600000, 0x0000000081700000|  0%| F|  |TAMS 0x0000000081600000, 0x0000000081600000| Untracked 
|  23|0x0000000081700000, 0x0000000081700000, 0x0000000081800000|  0%| F|  |TAMS 0x0000000081700000, 0x0000000081700000| Untracked 
|  24|0x0000000081800000, 0x0000000081800000, 0x0000000081900000|  0%| F|  |TAMS 0x0000000081800000, 0x0000000081800000| Untracked 
|  25|0x0000000081900000, 0x0000000081900000, 0x0000000081a00000|  0%| F|  |TAMS 0x0000000081900000, 0x0000000081900000| Untracked 
|  26|0x0000000081a00000, 0x0000000081a00000, 0x0000000081b00000|  0%| F|  |TAMS 0x0000000081a00000, 0x0000000081a00000| Untracked 
|  27|0x0000000081b00000, 0x0000000081b00000, 0x0000000081c00000|  0%| F|  |TAMS 0x0000000081b00000, 0x0000000081b00000| Untracked 
|  28|0x0000000081c00000, 0x0000000081c00000, 0x0000000081d00000|  0%| F|  |TAMS 0x0000000081c00000, 0x0000000081c00000| Untracked 
|  29|0x0000000081d00000, 0x0000000081d00000, 0x0000000081e00000|  0%| F|  |TAMS 0x0000000081d00000, 0x0000000081d00000| Untracked 
|  30|0x0000000081e00000, 0x0000000081e00000, 0x0000000081f00000|  0%| F|  |TAMS 0x0000000081e00000, 0x0000000081e00000| Untracked 
|  31|0x0000000081f00000, 0x0000000081f00000, 0x0000000082000000|  0%| F|  |TAMS 0x0000000081f00000, 0x0000000081f00000| Untracked 
|  32|0x0000000082000000, 0x0000000082000000, 0x0000000082100000|  0%| F|  |TAMS 0x0000000082000000, 0x0000000082000000| Untracked 
|  33|0x0000000082100000, 0x0000000082100000, 0x0000000082200000|  0%| F|  |TAMS 0x0000000082100000, 0x0000000082100000| Untracked 
|  34|0x0000000082200000, 0x0000000082200000, 0x0000000082300000|  0%| F|  |TAMS 0x0000000082200000, 0x0000000082200000| Untracked 
|  35|0x0000000082300000, 0x0000000082300000, 0x0000000082400000|  0%| F|  |TAMS 0x0000000082300000, 0x0000000082300000| Untracked 
|  36|0x0000000082400000, 0x0000000082400000, 0x0000000082500000|  0%| F|  |TAMS 0x0000000082400000, 0x0000000082400000| Untracked 
|  37|0x0000000082500000, 0x0000000082500000, 0x0000000082600000|  0%| F|  |TAMS 0x0000000082500000, 0x0000000082500000| Untracked 
|  38|0x0000000082600000, 0x0000000082600000, 0x0000000082700000|  0%| F|  |TAMS 0x0000000082600000, 0x0000000082600000| Untracked 
|  39|0x0000000082700000, 0x0000000082700000, 0x0000000082800000|  0%| F|  |TAMS 0x0000000082700000, 0x0000000082700000| Untracked 
|  40|0x0000000082800000, 0x0000000082800000, 0x0000000082900000|  0%| F|  |TAMS 0x0000000082800000, 0x0000000082800000| Untracked 
|  41|0x0000000082900000, 0x0000000082900000, 0x0000000082a00000|  0%| F|  |TAMS 0x0000000082900000, 0x0000000082900000| Untracked 
|  42|0x0000000082a00000, 0x0000000082a00000, 0x0000000082b00000|  0%| F|  |TAMS 0x0000000082a00000, 0x0000000082a00000| Untracked 
|  43|0x0000000082b00000, 0x0000000082b00000, 0x0000000082c00000|  0%| F|  |TAMS 0x0000000082b00000, 0x0000000082b00000| Untracked 
|  44|0x0000000082c00000, 0x0000000082c00000, 0x0000000082d00000|  0%| F|  |TAMS 0x0000000082c00000, 0x0000000082c00000| Untracked 
|  45|0x0000000082d00000, 0x0000000082d00000, 0x0000000082e00000|  0%| F|  |TAMS 0x0000000082d00000, 0x0000000082d00000| Untracked 
|  46|0x0000000082e00000, 0x0000000082e00000, 0x0000000082f00000|  0%| F|  |TAMS 0x0000000082e00000, 0x0000000082e00000| Untracked 
|  47|0x0000000082f00000, 0x0000000082f00000, 0x0000000083000000|  0%| F|  |TAMS 0x0000000082f00000, 0x0000000082f00000| Untracked 
|  48|0x0000000083000000, 0x0000000083000000, 0x0000000083100000|  0%| F|  |TAMS 0x0000000083000000, 0x0000000083000000| Untracked 
|  49|0x0000000083100000, 0x0000000083100000, 0x0000000083200000|  0%| F|  |TAMS 0x0000000083100000, 0x0000000083100000| Untracked 
|  50|0x0000000083200000, 0x0000000083200000, 0x0000000083300000|  0%| F|  |TAMS 0x0000000083200000, 0x0000000083200000| Untracked 
|  51|0x0000000083300000, 0x0000000083300000, 0x0000000083400000|  0%| F|  |TAMS 0x0000000083300000, 0x0000000083300000| Untracked 
|  52|0x0000000083400000, 0x0000000083400000, 0x0000000083500000|  0%| F|  |TAMS 0x0000000083400000, 0x0000000083400000| Untracked 
|  53|0x0000000083500000, 0x0000000083500000, 0x0000000083600000|  0%| F|  |TAMS 0x0000000083500000, 0x0000000083500000| Untracked 
|  54|0x0000000083600000, 0x0000000083600000, 0x0000000083700000|  0%| F|  |TAMS 0x0000000083600000, 0x0000000083600000| Untracked 
|  55|0x0000000083700000, 0x0000000083700000, 0x0000000083800000|  0%| F|  |TAMS 0x0000000083700000, 0x0000000083700000| Untracked 
|  56|0x0000000083800000, 0x0000000083800000, 0x0000000083900000|  0%| F|  |TAMS 0x0000000083800000, 0x0000000083800000| Untracked 
|  57|0x0000000083900000, 0x0000000083900000, 0x0000000083a00000|  0%| F|  |TAMS 0x0000000083900000, 0x0000000083900000| Untracked 
|  58|0x0000000083a00000, 0x0000000083a00000, 0x0000000083b00000|  0%| F|  |TAMS 0x0000000083a00000, 0x0000000083a00000| Untracked 
|  59|0x0000000083b00000, 0x0000000083b00000, 0x0000000083c00000|  0%| F|  |TAMS 0x0000000083b00000, 0x0000000083b00000| Untracked 
|  60|0x0000000083c00000, 0x0000000083c00000, 0x0000000083d00000|  0%| F|  |TAMS 0x0000000083c00000, 0x0000000083c00000| Untracked 
|  61|0x0000000083d00000, 0x0000000083d00000, 0x0000000083e00000|  0%| F|  |TAMS 0x0000000083d00000, 0x0000000083d00000| Untracked 
|  62|0x0000000083e00000, 0x0000000083e00000, 0x0000000083f00000|  0%| F|  |TAMS 0x0000000083e00000, 0x0000000083e00000| Untracked 
|  63|0x0000000083f00000, 0x0000000083f00000, 0x0000000084000000|  0%| F|  |TAMS 0x0000000083f00000, 0x0000000083f00000| Untracked 
|  64|0x0000000084000000, 0x0000000084000000, 0x0000000084100000|  0%| F|  |TAMS 0x0000000084000000, 0x0000000084000000| Untracked 
|  65|0x0000000084100000, 0x0000000084100000, 0x0000000084200000|  0%| F|  |TAMS 0x0000000084100000, 0x0000000084100000| Untracked 
|  66|0x0000000084200000, 0x0000000084200000, 0x0000000084300000|  0%| F|  |TAMS 0x0000000084200000, 0x0000000084200000| Untracked 
|  67|0x0000000084300000, 0x0000000084300000, 0x0000000084400000|  0%| F|  |TAMS 0x0000000084300000, 0x0000000084300000| Untracked 
|  68|0x0000000084400000, 0x0000000084400000, 0x0000000084500000|  0%| F|  |TAMS 0x0000000084400000, 0x0000000084400000| Untracked 
|  69|0x0000000084500000, 0x0000000084500000, 0x0000000084600000|  0%| F|  |TAMS 0x0000000084500000, 0x0000000084500000| Untracked 
|  70|0x0000000084600000, 0x0000000084600000, 0x0000000084700000|  0%| F|  |TAMS 0x0000000084600000, 0x0000000084600000| Untracked 
|  71|0x0000000084700000, 0x0000000084700000, 0x0000000084800000|  0%| F|  |TAMS 0x0000000084700000, 0x0000000084700000| Untracked 
|  72|0x0000000084800000, 0x0000000084800000, 0x0000000084900000|  0%| F|  |TAMS 0x0000000084800000, 0x0000000084800000| Untracked 
|  73|0x0000000084900000, 0x0000000084900000, 0x0000000084a00000|  0%| F|  |TAMS 0x0000000084900000, 0x0000000084900000| Untracked 
|  74|0x0000000084a00000, 0x0000000084a00000, 0x0000000084b00000|  0%| F|  |TAMS 0x0000000084a00000, 0x0000000084a00000| Untracked 
|  75|0x0000000084b00000, 0x0000000084b00000, 0x0000000084c00000|  0%| F|  |TAMS 0x0000000084b00000, 0x0000000084b00000| Untracked 
|  76|0x0000000084c00000, 0x0000000084c00000, 0x0000000084d00000|  0%| F|  |TAMS 0x0000000084c00000, 0x0000000084c00000| Untracked 
|  77|0x0000000084d00000, 0x0000000084d00000, 0x0000000084e00000|  0%| F|  |TAMS 0x0000000084d00000, 0x0000000084d00000| Untracked 
|  78|0x0000000084e00000, 0x0000000084e00000, 0x0000000084f00000|  0%| F|  |TAMS 0x0000000084e00000, 0x0000000084e00000| Untracked 
|  79|0x0000000084f00000, 0x0000000084f00000, 0x0000000085000000|  0%| F|  |TAMS 0x0000000084f00000, 0x0000000084f00000| Untracked 
|  80|0x0000000085000000, 0x0000000085000000, 0x0000000085100000|  0%| F|  |TAMS 0x0000000085000000, 0x0000000085000000| Untracked 
|  81|0x0000000085100000, 0x0000000085100000, 0x0000000085200000|  0%| F|  |TAMS 0x0000000085100000, 0x0000000085100000| Untracked 
|  82|0x0000000085200000, 0x0000000085200000, 0x0000000085300000|  0%| F|  |TAMS 0x0000000085200000, 0x0000000085200000| Untracked 
|  83|0x0000000085300000, 0x0000000085300000, 0x0000000085400000|  0%| F|  |TAMS 0x0000000085300000, 0x0000000085300000| Untracked 
|  84|0x0000000085400000, 0x0000000085400000, 0x0000000085500000|  0%| F|  |TAMS 0x0000000085400000, 0x0000000085400000| Untracked 
|  85|0x0000000085500000, 0x0000000085500000, 0x0000000085600000|  0%| F|  |TAMS 0x0000000085500000, 0x0000000085500000| Untracked 
|  86|0x0000000085600000, 0x0000000085600000, 0x0000000085700000|  0%| F|  |TAMS 0x0000000085600000, 0x0000000085600000| Untracked 
|  87|0x0000000085700000, 0x0000000085700000, 0x0000000085800000|  0%| F|  |TAMS 0x0000000085700000, 0x0000000085700000| Untracked 
|  88|0x0000000085800000, 0x0000000085800000, 0x0000000085900000|  0%| F|  |TAMS 0x0000000085800000, 0x0000000085800000| Untracked 
|  89|0x0000000085900000, 0x0000000085900000, 0x0000000085a00000|  0%| F|  |TAMS 0x0000000085900000, 0x0000000085900000| Untracked 
|  90|0x0000000085a00000, 0x0000000085a00000, 0x0000000085b00000|  0%| F|  |TAMS 0x0000000085a00000, 0x0000000085a00000| Untracked 
|  91|0x0000000085b00000, 0x0000000085b00000, 0x0000000085c00000|  0%| F|  |TAMS 0x0000000085b00000, 0x0000000085b00000| Untracked 
|  92|0x0000000085c00000, 0x0000000085c00000, 0x0000000085d00000|  0%| F|  |TAMS 0x0000000085c00000, 0x0000000085c00000| Untracked 
|  93|0x0000000085d00000, 0x0000000085d00000, 0x0000000085e00000|  0%| F|  |TAMS 0x0000000085d00000, 0x0000000085d00000| Untracked 
|  94|0x0000000085e00000, 0x0000000085e00000, 0x0000000085f00000|  0%| F|  |TAMS 0x0000000085e00000, 0x0000000085e00000| Untracked 
|  95|0x0000000085f00000, 0x0000000085f00000, 0x0000000086000000|  0%| F|  |TAMS 0x0000000085f00000, 0x0000000085f00000| Untracked 
|  96|0x0000000086000000, 0x0000000086000000, 0x0000000086100000|  0%| F|  |TAMS 0x0000000086000000, 0x0000000086000000| Untracked 
|  97|0x0000000086100000, 0x0000000086100000, 0x0000000086200000|  0%| F|  |TAMS 0x0000000086100000, 0x0000000086100000| Untracked 
|  98|0x0000000086200000, 0x0000000086200000, 0x0000000086300000|  0%| F|  |TAMS 0x0000000086200000, 0x0000000086200000| Untracked 
|  99|0x0000000086300000, 0x0000000086300000, 0x0000000086400000|  0%| F|  |TAMS 0x0000000086300000, 0x0000000086300000| Untracked 
| 100|0x0000000086400000, 0x0000000086400000, 0x0000000086500000|  0%| F|  |TAMS 0x0000000086400000, 0x0000000086400000| Untracked 
| 101|0x0000000086500000, 0x0000000086500000, 0x0000000086600000|  0%| F|  |TAMS 0x0000000086500000, 0x0000000086500000| Untracked 
| 102|0x0000000086600000, 0x0000000086600000, 0x0000000086700000|  0%| F|  |TAMS 0x0000000086600000, 0x0000000086600000| Untracked 
| 103|0x0000000086700000, 0x0000000086700000, 0x0000000086800000|  0%| F|  |TAMS 0x0000000086700000, 0x0000000086700000| Untracked 
| 104|0x0000000086800000, 0x0000000086800000, 0x0000000086900000|  0%| F|  |TAMS 0x0000000086800000, 0x0000000086800000| Untracked 
| 105|0x0000000086900000, 0x0000000086900000, 0x0000000086a00000|  0%| F|  |TAMS 0x0000000086900000, 0x0000000086900000| Untracked 
| 106|0x0000000086a00000, 0x0000000086a00000, 0x0000000086b00000|  0%| F|  |TAMS 0x0000000086a00000, 0x0000000086a00000| Untracked 
| 107|0x0000000086b00000, 0x0000000086b00000, 0x0000000086c00000|  0%| F|  |TAMS 0x0000000086b00000, 0x0000000086b00000| Untracked 
| 108|0x0000000086c00000, 0x0000000086c00000, 0x0000000086d00000|  0%| F|  |TAMS 0x0000000086c00000, 0x0000000086c00000| Untracked 
| 109|0x0000000086d00000, 0x0000000086d00000, 0x0000000086e00000|  0%| F|  |TAMS 0x0000000086d00000, 0x0000000086d00000| Untracked 
| 110|0x0000000086e00000, 0x0000000086e00000, 0x0000000086f00000|  0%| F|  |TAMS 0x0000000086e00000, 0x0000000086e00000| Untracked 
| 111|0x0000000086f00000, 0x0000000086f80000, 0x0000000087000000| 50%| S|CS|TAMS 0x0000000086f00000, 0x0000000086f00000| Complete 
| 112|0x0000000087000000, 0x0000000087100000, 0x0000000087100000|100%| S|CS|TAMS 0x0000000087000000, 0x0000000087000000| Complete 
| 113|0x0000000087100000, 0x0000000087200000, 0x0000000087200000|100%| S|CS|TAMS 0x0000000087100000, 0x0000000087100000| Complete 
| 114|0x0000000087200000, 0x0000000087300000, 0x0000000087300000|100%| S|CS|TAMS 0x0000000087200000, 0x0000000087200000| Complete 
| 115|0x0000000087300000, 0x0000000087400000, 0x0000000087400000|100%| S|CS|TAMS 0x0000000087300000, 0x0000000087300000| Complete 
| 116|0x0000000087400000, 0x0000000087500000, 0x0000000087500000|100%| S|CS|TAMS 0x0000000087400000, 0x0000000087400000| Complete 
| 117|0x0000000087500000, 0x0000000087600000, 0x0000000087600000|100%| S|CS|TAMS 0x0000000087500000, 0x0000000087500000| Complete 
| 118|0x0000000087600000, 0x0000000087700000, 0x0000000087700000|100%| S|CS|TAMS 0x0000000087600000, 0x0000000087600000| Complete 
| 119|0x0000000087700000, 0x0000000087800000, 0x0000000087800000|100%| S|CS|TAMS 0x0000000087700000, 0x0000000087700000| Complete 
| 120|0x0000000087800000, 0x0000000087900000, 0x0000000087900000|100%| S|CS|TAMS 0x0000000087800000, 0x0000000087800000| Complete 
| 121|0x0000000087900000, 0x0000000087900000, 0x0000000087a00000|  0%| F|  |TAMS 0x0000000087900000, 0x0000000087900000| Untracked 
| 122|0x0000000087a00000, 0x0000000087a00000, 0x0000000087b00000|  0%| F|  |TAMS 0x0000000087a00000, 0x0000000087a00000| Untracked 
| 123|0x0000000087b00000, 0x0000000087b00000, 0x0000000087c00000|  0%| F|  |TAMS 0x0000000087b00000, 0x0000000087b00000| Untracked 
| 124|0x0000000087c00000, 0x0000000087c00000, 0x0000000087d00000|  0%| F|  |TAMS 0x0000000087c00000, 0x0000000087c00000| Untracked 
| 125|0x0000000087d00000, 0x0000000087d00000, 0x0000000087e00000|  0%| F|  |TAMS 0x0000000087d00000, 0x0000000087d00000| Untracked 
| 126|0x0000000087e00000, 0x0000000087e00000, 0x0000000087f00000|  0%| F|  |TAMS 0x0000000087e00000, 0x0000000087e00000| Untracked 
| 127|0x0000000087f00000, 0x0000000087f00000, 0x0000000088000000|  0%| F|  |TAMS 0x0000000087f00000, 0x0000000087f00000| Untracked 
| 128|0x0000000088000000, 0x0000000088000000, 0x0000000088100000|  0%| F|  |TAMS 0x0000000088000000, 0x0000000088000000| Untracked 
| 129|0x0000000088100000, 0x0000000088100000, 0x0000000088200000|  0%| F|  |TAMS 0x0000000088100000, 0x0000000088100000| Untracked 
| 130|0x0000000088200000, 0x0000000088200000, 0x0000000088300000|  0%| F|  |TAMS 0x0000000088200000, 0x0000000088200000| Untracked 
| 131|0x0000000088300000, 0x0000000088300000, 0x0000000088400000|  0%| F|  |TAMS 0x0000000088300000, 0x0000000088300000| Untracked 
| 132|0x0000000088400000, 0x0000000088400000, 0x0000000088500000|  0%| F|  |TAMS 0x0000000088400000, 0x0000000088400000| Untracked 
| 133|0x0000000088500000, 0x0000000088500000, 0x0000000088600000|  0%| F|  |TAMS 0x0000000088500000, 0x0000000088500000| Untracked 
| 134|0x0000000088600000, 0x0000000088600000, 0x0000000088700000|  0%| F|  |TAMS 0x0000000088600000, 0x0000000088600000| Untracked 
| 135|0x0000000088700000, 0x0000000088700000, 0x0000000088800000|  0%| F|  |TAMS 0x0000000088700000, 0x0000000088700000| Untracked 
| 136|0x0000000088800000, 0x0000000088800000, 0x0000000088900000|  0%| F|  |TAMS 0x0000000088800000, 0x0000000088800000| Untracked 
| 137|0x0000000088900000, 0x0000000088900000, 0x0000000088a00000|  0%| F|  |TAMS 0x0000000088900000, 0x0000000088900000| Untracked 
| 138|0x0000000088a00000, 0x0000000088a00000, 0x0000000088b00000|  0%| F|  |TAMS 0x0000000088a00000, 0x0000000088a00000| Untracked 
| 139|0x0000000088b00000, 0x0000000088b00000, 0x0000000088c00000|  0%| F|  |TAMS 0x0000000088b00000, 0x0000000088b00000| Untracked 
| 140|0x0000000088c00000, 0x0000000088c00000, 0x0000000088d00000|  0%| F|  |TAMS 0x0000000088c00000, 0x0000000088c00000| Untracked 
| 141|0x0000000088d00000, 0x0000000088d00000, 0x0000000088e00000|  0%| F|  |TAMS 0x0000000088d00000, 0x0000000088d00000| Untracked 
| 142|0x0000000088e00000, 0x0000000088e00000, 0x0000000088f00000|  0%| F|  |TAMS 0x0000000088e00000, 0x0000000088e00000| Untracked 
| 143|0x0000000088f00000, 0x0000000088f00000, 0x0000000089000000|  0%| F|  |TAMS 0x0000000088f00000, 0x0000000088f00000| Untracked 
| 144|0x0000000089000000, 0x0000000089000000, 0x0000000089100000|  0%| F|  |TAMS 0x0000000089000000, 0x0000000089000000| Untracked 
| 145|0x0000000089100000, 0x0000000089100000, 0x0000000089200000|  0%| F|  |TAMS 0x0000000089100000, 0x0000000089100000| Untracked 
| 146|0x0000000089200000, 0x0000000089200000, 0x0000000089300000|  0%| F|  |TAMS 0x0000000089200000, 0x0000000089200000| Untracked 
| 147|0x0000000089300000, 0x0000000089300000, 0x0000000089400000|  0%| F|  |TAMS 0x0000000089300000, 0x0000000089300000| Untracked 
| 148|0x0000000089400000, 0x0000000089400000, 0x0000000089500000|  0%| F|  |TAMS 0x0000000089400000, 0x0000000089400000| Untracked 
| 149|0x0000000089500000, 0x0000000089500000, 0x0000000089600000|  0%| F|  |TAMS 0x0000000089500000, 0x0000000089500000| Untracked 
| 150|0x0000000089600000, 0x0000000089600000, 0x0000000089700000|  0%| F|  |TAMS 0x0000000089600000, 0x0000000089600000| Untracked 
| 151|0x0000000089700000, 0x0000000089700000, 0x0000000089800000|  0%| F|  |TAMS 0x0000000089700000, 0x0000000089700000| Untracked 
| 152|0x0000000089800000, 0x0000000089800000, 0x0000000089900000|  0%| F|  |TAMS 0x0000000089800000, 0x0000000089800000| Untracked 
| 153|0x0000000089900000, 0x0000000089900000, 0x0000000089a00000|  0%| F|  |TAMS 0x0000000089900000, 0x0000000089900000| Untracked 
| 154|0x0000000089a00000, 0x0000000089a00000, 0x0000000089b00000|  0%| F|  |TAMS 0x0000000089a00000, 0x0000000089a00000| Untracked 
| 155|0x0000000089b00000, 0x0000000089b00000, 0x0000000089c00000|  0%| F|  |TAMS 0x0000000089b00000, 0x0000000089b00000| Untracked 
| 156|0x0000000089c00000, 0x0000000089c00000, 0x0000000089d00000|  0%| F|  |TAMS 0x0000000089c00000, 0x0000000089c00000| Untracked 
| 157|0x0000000089d00000, 0x0000000089d00000, 0x0000000089e00000|  0%| F|  |TAMS 0x0000000089d00000, 0x0000000089d00000| Untracked 
| 158|0x0000000089e00000, 0x0000000089e00000, 0x0000000089f00000|  0%| F|  |TAMS 0x0000000089e00000, 0x0000000089e00000| Untracked 
| 159|0x0000000089f00000, 0x0000000089f00000, 0x000000008a000000|  0%| F|  |TAMS 0x0000000089f00000, 0x0000000089f00000| Untracked 
| 160|0x000000008a000000, 0x000000008a000000, 0x000000008a100000|  0%| F|  |TAMS 0x000000008a000000, 0x000000008a000000| Untracked 
| 161|0x000000008a100000, 0x000000008a100000, 0x000000008a200000|  0%| F|  |TAMS 0x000000008a100000, 0x000000008a100000| Untracked 
| 162|0x000000008a200000, 0x000000008a200000, 0x000000008a300000|  0%| F|  |TAMS 0x000000008a200000, 0x000000008a200000| Untracked 
| 163|0x000000008a300000, 0x000000008a300000, 0x000000008a400000|  0%| F|  |TAMS 0x000000008a300000, 0x000000008a300000| Untracked 
| 164|0x000000008a400000, 0x000000008a400000, 0x000000008a500000|  0%| F|  |TAMS 0x000000008a400000, 0x000000008a400000| Untracked 
| 165|0x000000008a500000, 0x000000008a500000, 0x000000008a600000|  0%| F|  |TAMS 0x000000008a500000, 0x000000008a500000| Untracked 
| 166|0x000000008a600000, 0x000000008a600000, 0x000000008a700000|  0%| F|  |TAMS 0x000000008a600000, 0x000000008a600000| Untracked 
| 167|0x000000008a700000, 0x000000008a700000, 0x000000008a800000|  0%| F|  |TAMS 0x000000008a700000, 0x000000008a700000| Untracked 
| 168|0x000000008a800000, 0x000000008a800000, 0x000000008a900000|  0%| F|  |TAMS 0x000000008a800000, 0x000000008a800000| Untracked 
| 169|0x000000008a900000, 0x000000008a900000, 0x000000008aa00000|  0%| F|  |TAMS 0x000000008a900000, 0x000000008a900000| Untracked 
| 170|0x000000008aa00000, 0x000000008aa00000, 0x000000008ab00000|  0%| F|  |TAMS 0x000000008aa00000, 0x000000008aa00000| Untracked 
| 171|0x000000008ab00000, 0x000000008ab00000, 0x000000008ac00000|  0%| F|  |TAMS 0x000000008ab00000, 0x000000008ab00000| Untracked 
| 172|0x000000008ac00000, 0x000000008ac00000, 0x000000008ad00000|  0%| F|  |TAMS 0x000000008ac00000, 0x000000008ac00000| Untracked 
| 173|0x000000008ad00000, 0x000000008ad00000, 0x000000008ae00000|  0%| F|  |TAMS 0x000000008ad00000, 0x000000008ad00000| Untracked 
| 174|0x000000008ae00000, 0x000000008ae00000, 0x000000008af00000|  0%| F|  |TAMS 0x000000008ae00000, 0x000000008ae00000| Untracked 
| 175|0x000000008af00000, 0x000000008af00000, 0x000000008b000000|  0%| F|  |TAMS 0x000000008af00000, 0x000000008af00000| Untracked 
| 176|0x000000008b000000, 0x000000008b000000, 0x000000008b100000|  0%| F|  |TAMS 0x000000008b000000, 0x000000008b000000| Untracked 
| 177|0x000000008b100000, 0x000000008b100000, 0x000000008b200000|  0%| F|  |TAMS 0x000000008b100000, 0x000000008b100000| Untracked 
| 178|0x000000008b200000, 0x000000008b200000, 0x000000008b300000|  0%| F|  |TAMS 0x000000008b200000, 0x000000008b200000| Untracked 
| 179|0x000000008b300000, 0x000000008b300000, 0x000000008b400000|  0%| F|  |TAMS 0x000000008b300000, 0x000000008b300000| Untracked 
| 180|0x000000008b400000, 0x000000008b400000, 0x000000008b500000|  0%| F|  |TAMS 0x000000008b400000, 0x000000008b400000| Untracked 
| 181|0x000000008b500000, 0x000000008b500000, 0x000000008b600000|  0%| F|  |TAMS 0x000000008b500000, 0x000000008b500000| Untracked 
| 182|0x000000008b600000, 0x000000008b600000, 0x000000008b700000|  0%| F|  |TAMS 0x000000008b600000, 0x000000008b600000| Untracked 
| 183|0x000000008b700000, 0x000000008b700000, 0x000000008b800000|  0%| F|  |TAMS 0x000000008b700000, 0x000000008b700000| Untracked 
| 184|0x000000008b800000, 0x000000008b800000, 0x000000008b900000|  0%| F|  |TAMS 0x000000008b800000, 0x000000008b800000| Untracked 

Card table byte_map: [0x000001c8799c0000,0x000001c879dc0000] _byte_map_base: 0x000001c8795c0000

Marking Bits (Prev, Next): (CMBitMap*) 0x000001c87234f608, (CMBitMap*) 0x000001c87234f640
 Prev Bits: [0x000001c87a1c0000, 0x000001c87c1c0000)
 Next Bits: [0x000001c87c1c0000, 0x000001c87e1c0000)

Polling page: 0x000001c8702c0000

Metaspace:

Usage:
  Non-class:     35.37 MB capacity,    34.48 MB ( 97%) used,   728.32 KB (  2%) free+waste,   181.63 KB ( <1%) overhead. 
      Class:      5.90 MB capacity,     5.23 MB ( 89%) used,   591.40 KB ( 10%) free+waste,    95.31 KB (  2%) overhead. 
       Both:     41.27 MB capacity,    39.71 MB ( 96%) used,     1.29 MB (  3%) free+waste,   276.94 KB ( <1%) overhead. 

Virtual space:
  Non-class space:       48.00 MB reserved,      35.42 MB ( 74%) committed 
      Class space:        1.00 GB reserved,       6.00 MB ( <1%) committed 
             Both:        1.05 GB reserved,      41.42 MB (  4%) committed 

Chunk freelists:
   Non-Class:  7.13 KB
       Class:  640 bytes
        Both:  7.75 KB

CodeHeap 'non-profiled nmethods': size=239488Kb used=7666Kb max_used=7666Kb free=231821Kb
 bounds [0x000001c800620000, 0x000001c800da0000, 0x000001c80f000000]
CodeHeap 'non-nmethods': size=6272Kb used=1176Kb max_used=1176Kb free=5096Kb
 bounds [0x000001c800000000, 0x000001c800270000, 0x000001c800620000]
 total_blobs=5224 nmethods=4722 adapters=428
 compilation: enabled
              stopped_count=0, restarted_count=0
 full_count=0

Compilation events (10 events):
Event: 13.765 Thread 0x000001c87e5b0800 4707       1       org.springframework.aop.framework.autoproxy.AutoProxyUtils::determineTargetClass (51 bytes)
Event: 13.765 Thread 0x000001c87e5b0800 nmethod 4707 0x000001c800d97a90 code [0x000001c800d97c60, 0x000001c800d97e58]
Event: 13.765 Thread 0x000001c87e5b0800 4708   !   1       org.springframework.context.event.EventListenerMethodProcessor::processBean (404 bytes)
Event: 13.769 Thread 0x000001c87e5b0800 nmethod 4708 0x000001c800d97f90 code [0x000001c800d98480, 0x000001c800d99958]
Event: 13.769 Thread 0x000001c87e5b0800 4709       1       org.springframework.core.annotation.AnnotatedElementUtils::isAnnotated (38 bytes)
Event: 13.769 Thread 0x000001c87e5b0800 nmethod 4709 0x000001c800d9a710 code [0x000001c800d9a920, 0x000001c800d9ac98]
Event: 13.848 Thread 0x000001c87e5b0800 4720       1       java.lang.invoke.MemberName::getFactory (4 bytes)
Event: 13.848 Thread 0x000001c87e5b0800 nmethod 4720 0x000001c800d9c510 code [0x000001c800d9c6a0, 0x000001c800d9c738]
Event: 13.866 Thread 0x000001c87e5b0800 4722       1       java.util.concurrent.locks.ReentrantReadWriteLock::writeLock (5 bytes)
Event: 13.866 Thread 0x000001c87e5b0800 nmethod 4722 0x000001c800d9c790 code [0x000001c800d9c920, 0x000001c800d9c9d8]

GC Heap History (10 events):
Event: 6.545 GC heap before
{Heap before GC invocations=7 (full 0):
 garbage-first heap   total 157696K, used 55749K [0x0000000080000000, 0x0000000100000000)
  region size 1024K, 50 young (51200K), 3 survivors (3072K)
 Metaspace       used 23193K, capacity 23889K, committed 23984K, reserved 1071104K
  class space    used 2780K, capacity 3058K, committed 3072K, reserved 1048576K
}
Event: 6.560 GC heap after
{Heap after GC invocations=8 (full 0):
 garbage-first heap   total 157696K, used 11660K [0x0000000080000000, 0x0000000100000000)
  region size 1024K, 6 young (6144K), 6 survivors (6144K)
 Metaspace       used 23193K, capacity 23889K, committed 23984K, reserved 1071104K
  class space    used 2780K, capacity 3058K, committed 3072K, reserved 1048576K
}
Event: 8.882 GC heap before
{Heap before GC invocations=8 (full 0):
 garbage-first heap   total 157696K, used 103820K [0x0000000080000000, 0x0000000100000000)
  region size 1024K, 92 young (94208K), 6 survivors (6144K)
 Metaspace       used 31320K, capacity 32281K, committed 32432K, reserved 1077248K
  class space    used 3887K, capacity 4298K, committed 4352K, reserved 1048576K
}
Event: 8.910 GC heap after
{Heap after GC invocations=9 (full 0):
 garbage-first heap   total 157696K, used 15911K [0x0000000080000000, 0x0000000100000000)
  region size 1024K, 10 young (10240K), 10 survivors (10240K)
 Metaspace       used 31320K, capacity 32281K, committed 32432K, reserved 1077248K
  class space    used 3887K, capacity 4298K, committed 4352K, reserved 1048576K
}
Event: 10.787 GC heap before
{Heap before GC invocations=9 (full 0):
 garbage-first heap   total 157696K, used 78375K [0x0000000080000000, 0x0000000100000000)
  region size 1024K, 71 young (72704K), 10 survivors (10240K)
 Metaspace       used 34575K, capacity 35828K, committed 35888K, reserved 1081344K
  class space    used 4422K, capacity 4954K, committed 4992K, reserved 1048576K
}
Event: 10.827 GC heap after
{Heap after GC invocations=10 (full 0):
 garbage-first heap   total 157696K, used 20447K [0x0000000080000000, 0x0000000100000000)
  region size 1024K, 10 young (10240K), 10 survivors (10240K)
 Metaspace       used 34575K, capacity 35828K, committed 35888K, reserved 1081344K
  class space    used 4422K, capacity 4954K, committed 4992K, reserved 1048576K
}
Event: 12.472 GC heap before
{Heap before GC invocations=11 (full 0):
 garbage-first heap   total 157696K, used 104415K [0x0000000080000000, 0x0000000100000000)
  region size 1024K, 92 young (94208K), 10 survivors (10240K)
 Metaspace       used 38253K, capacity 39794K, committed 39856K, reserved 1083392K
  class space    used 4982K, capacity 5627K, committed 5632K, reserved 1048576K
}
Event: 12.510 GC heap after
{Heap after GC invocations=12 (full 0):
 garbage-first heap   total 189440K, used 25030K [0x0000000080000000, 0x0000000100000000)
  region size 1024K, 10 young (10240K), 10 survivors (10240K)
 Metaspace       used 38253K, capacity 39794K, committed 39856K, reserved 1083392K
  class space    used 4982K, capacity 5627K, committed 5632K, reserved 1048576K
}
Event: 13.871 GC heap before
{Heap before GC invocations=12 (full 0):
 garbage-first heap   total 189440K, used 89542K [0x0000000080000000, 0x0000000100000000)
  region size 1024K, 74 young (75776K), 10 survivors (10240K)
 Metaspace       used 40661K, capacity 42258K, committed 42416K, reserved 1095680K
  class space    used 5356K, capacity 6043K, committed 6144K, reserved 1048576K
}
Event: 13.906 GC heap after
{Heap after GC invocations=13 (full 0):
 garbage-first heap   total 189440K, used 30102K [0x0000000080000000, 0x0000000100000000)
  region size 1024K, 10 young (10240K), 10 survivors (10240K)
 Metaspace       used 40661K, capacity 42258K, committed 42416K, reserved 1095680K
  class space    used 5356K, capacity 6043K, committed 6144K, reserved 1048576K
}

Deoptimization events (0 events):
No events

Classes redefined (0 events):
No events

Internal exceptions (10 events):
Event: 13.778 Thread 0x000001c872314000 Exception <a 'java/lang/NoSuchMethodError'{0x0000000087d0b658}: java.lang.invoke.DirectMethodHandle$Holder.invokeStatic(Ljava/lang/Object;Ljava/lang/Object;ILjava/lang/Object;I)Ljava/lang/Object;> (0x0000000087d0b658) thrown at [./open/src/hotspot/share/i
Event: 13.779 Thread 0x000001c872314000 Exception <a 'java/lang/NoSuchMethodError'{0x0000000087d0ee30}: java.lang.invoke.DirectMethodHandle$Holder.invokeSpecial(Ljava/lang/Object;Ljava/lang/Object;Ljava/lang/Object;ILjava/lang/Object;I)Ljava/lang/Object;> (0x0000000087d0ee30) thrown at [./open/
Event: 13.780 Thread 0x000001c872314000 Exception <a 'java/lang/NoSuchMethodError'{0x0000000087d1c318}: java.lang.invoke.DirectMethodHandle$Holder.invokeVirtual(Ljava/lang/Object;Ljava/lang/Object;)V> (0x0000000087d1c318) thrown at [./open/src/hotspot/share/interpreter/linkResolver.cpp, line 77
Event: 13.782 Thread 0x000001c872314000 Exception <a 'java/lang/ClassNotFoundException'{0x0000000087d36dc0}: java/lang/ObjectCustomizer> (0x0000000087d36dc0) thrown at [./open/src/hotspot/share/classfile/systemDictionary.cpp, line 226]
Event: 13.783 Thread 0x000001c872314000 Exception <a 'java/lang/ClassNotFoundException'{0x0000000087d4fce8}: org/springframework/cloud/netflix/eureka/serviceregistry/EurekaRegistrationCustomizer> (0x0000000087d4fce8) thrown at [./open/src/hotspot/share/classfile/systemDictionary.cpp, line 226]
Event: 13.784 Thread 0x000001c872314000 Exception <a 'java/lang/ClassNotFoundException'{0x0000000087d7d9f8}: org/springframework/cloud/client/serviceregistry/RegistrationCustomizer> (0x0000000087d7d9f8) thrown at [./open/src/hotspot/share/classfile/systemDictionary.cpp, line 226]
Event: 13.784 Thread 0x000001c872314000 Exception <a 'java/lang/ClassNotFoundException'{0x0000000087d902b0}: org/springframework/cloud/client/ServiceInstanceCustomizer> (0x0000000087d902b0) thrown at [./open/src/hotspot/share/classfile/systemDictionary.cpp, line 226]
Event: 13.805 Thread 0x000001c872314000 Exception <a 'java/lang/ClassNotFoundException'{0x0000000087c16638}: java/lang/ObjectCustomizer> (0x0000000087c16638) thrown at [./open/src/hotspot/share/classfile/systemDictionary.cpp, line 226]
Event: 13.806 Thread 0x000001c872314000 Exception <a 'java/lang/ClassNotFoundException'{0x0000000087c2aab0}: com/netflix/appinfo/ApplicationInfoManagerCustomizer> (0x0000000087c2aab0) thrown at [./open/src/hotspot/share/classfile/systemDictionary.cpp, line 226]
Event: 13.867 Thread 0x000001c872314000 Exception <a 'java/lang/IncompatibleClassChangeError'{0x0000000087961928}: Found class java.lang.Object, but interface was expected> (0x0000000087961928) thrown at [./open/src/hotspot/share/interpreter/linkResolver.cpp, line 838]

Events (10 events):
Event: 13.870 loading class com/sun/jmx/mbeanserver/MBeanAnalyzer done
Event: 13.870 loading class com/sun/jmx/mbeanserver/MBeanAnalyzer$MethodOrder
Event: 13.870 loading class com/sun/jmx/mbeanserver/MBeanAnalyzer$MethodOrder done
Event: 13.870 loading class com/sun/jmx/mbeanserver/ConvertingMethod
Event: 13.870 loading class com/sun/jmx/mbeanserver/ConvertingMethod done
Event: 13.870 loading class com/sun/jmx/mbeanserver/MXBeanMappingFactory
Event: 13.870 loading class com/sun/jmx/mbeanserver/MXBeanMappingFactory done
Event: 13.870 loading class com/sun/jmx/mbeanserver/DefaultMXBeanMappingFactory
Event: 13.871 loading class com/sun/jmx/mbeanserver/DefaultMXBeanMappingFactory done
Event: 13.871 Executing VM operation: CollectForMetadataAllocation


Dynamic libraries:
0x00007ff682990000 - 0x00007ff68299f000 	C:\Program Files\Java\jdk-11.0.16\bin\java.exe
0x00007ffe73370000 - 0x00007ffe73568000 	C:\Windows\SYSTEM32\ntdll.dll
0x00007ffe72340000 - 0x00007ffe723ff000 	C:\Windows\System32\KERNEL32.DLL
0x00007ffe70e20000 - 0x00007ffe710f2000 	C:\Windows\System32\KERNELBASE.dll
0x00007ffe70a70000 - 0x00007ffe70b70000 	C:\Windows\System32\ucrtbase.dll
0x00007ffe59c90000 - 0x00007ffe59ca8000 	C:\Program Files\Java\jdk-11.0.16\bin\jli.dll
0x00007ffe726e0000 - 0x00007ffe7278e000 	C:\Windows\System32\ADVAPI32.dll
0x00007ffe728d0000 - 0x00007ffe7296e000 	C:\Windows\System32\msvcrt.dll
0x00007ffe71fe0000 - 0x00007ffe7207c000 	C:\Windows\System32\sechost.dll
0x00007ffe71b70000 - 0x00007ffe71c95000 	C:\Windows\System32\RPCRT4.dll
0x00007ffe71dc0000 - 0x00007ffe71f5d000 	C:\Windows\System32\USER32.dll
0x00007ffe70cd0000 - 0x00007ffe70cf2000 	C:\Windows\System32\win32u.dll
0x00007ffe732d0000 - 0x00007ffe732fb000 	C:\Windows\System32\GDI32.dll
0x00007ffe71220000 - 0x00007ffe7132f000 	C:\Windows\System32\gdi32full.dll
0x00007ffe71180000 - 0x00007ffe7121d000 	C:\Windows\System32\msvcp_win.dll
0x00007ffe59bc0000 - 0x00007ffe59bd5000 	C:\Program Files\Java\jdk-11.0.16\bin\VCRUNTIME140.dll
0x00007ffe61a80000 - 0x00007ffe61d1a000 	C:\Windows\WinSxS\amd64_microsoft.windows.common-controls_6595b64144ccf1df_6.0.19041.1110_none_60b5254171f9507e\COMCTL32.dll
0x00007ffe698a0000 - 0x00007ffe698aa000 	C:\Windows\SYSTEM32\VERSION.dll
0x00007ffe72490000 - 0x00007ffe724c2000 	C:\Windows\System32\IMM32.DLL
0x00007ffe4f6e0000 - 0x00007ffe4f77b000 	C:\Program Files\Java\jdk-11.0.16\bin\msvcp140.dll
0x00007ffe40240000 - 0x00007ffe40d58000 	C:\Program Files\Java\jdk-11.0.16\bin\server\jvm.dll
0x00007ffe72e50000 - 0x00007ffe72e58000 	C:\Windows\System32\PSAPI.DLL
0x00007ffe3b520000 - 0x00007ffe3b529000 	C:\Windows\SYSTEM32\WSOCK32.dll
0x00007ffe72cd0000 - 0x00007ffe72d3b000 	C:\Windows\System32\WS2_32.dll
0x00007ffe58a30000 - 0x00007ffe58a57000 	C:\Windows\SYSTEM32\WINMM.dll
0x00007ffe6e910000 - 0x00007ffe6e922000 	C:\Windows\SYSTEM32\kernel.appcore.dll
0x00007ffe5a7e0000 - 0x00007ffe5a7f0000 	C:\Program Files\Java\jdk-11.0.16\bin\verify.dll
0x00007ffe6b3a0000 - 0x00007ffe6b584000 	C:\Windows\SYSTEM32\DBGHELP.DLL
0x00007ffe6b370000 - 0x00007ffe6b39c000 	C:\Windows\SYSTEM32\dbgcore.DLL
0x00007ffe71330000 - 0x00007ffe713b2000 	C:\Windows\System32\bcryptPrimitives.dll
0x00007ffe51690000 - 0x00007ffe516b8000 	C:\Program Files\Java\jdk-11.0.16\bin\java.dll
0x00007ffe5a730000 - 0x00007ffe5a73a000 	C:\Program Files\Java\jdk-11.0.16\bin\jimage.dll
0x00007ffe51350000 - 0x00007ffe51366000 	C:\Program Files\Java\jdk-11.0.16\bin\zip.dll
0x00007ffe71420000 - 0x00007ffe71b63000 	C:\Windows\System32\SHELL32.dll
0x00007ffe6eb10000 - 0x00007ffe6f2a2000 	C:\Windows\SYSTEM32\windows.storage.dll
0x00007ffe72970000 - 0x00007ffe72cc4000 	C:\Windows\System32\combase.dll
0x00007ffe70310000 - 0x00007ffe70340000 	C:\Windows\SYSTEM32\Wldp.dll
0x00007ffe72290000 - 0x00007ffe7233d000 	C:\Windows\System32\SHCORE.dll
0x00007ffe72d40000 - 0x00007ffe72d95000 	C:\Windows\System32\shlwapi.dll
0x00007ffe709b0000 - 0x00007ffe709cf000 	C:\Windows\SYSTEM32\profapi.dll
0x00007ffe51330000 - 0x00007ffe51349000 	C:\Program Files\Java\jdk-11.0.16\bin\net.dll
0x00007ffe69390000 - 0x00007ffe6949c000 	C:\Windows\SYSTEM32\WINHTTP.dll
0x00007ffe700f0000 - 0x00007ffe7015a000 	C:\Windows\system32\mswsock.dll
0x00007ffe4ff50000 - 0x00007ffe4ff62000 	C:\Program Files\Java\jdk-11.0.16\bin\nio.dll
0x00007ffe6fe00000 - 0x00007ffe6fe3b000 	C:\Windows\SYSTEM32\IPHLPAPI.DLL
0x00007ffe73300000 - 0x00007ffe73308000 	C:\Windows\System32\NSI.dll
0x00007ffe6b350000 - 0x00007ffe6b367000 	C:\Windows\SYSTEM32\dhcpcsvc6.DLL
0x00007ffe6b230000 - 0x00007ffe6b24d000 	C:\Windows\SYSTEM32\dhcpcsvc.DLL
0x00007ffe6fe90000 - 0x00007ffe6ff5a000 	C:\Windows\SYSTEM32\DNSAPI.dll
0x00007ffe689e0000 - 0x00007ffe689ea000 	C:\Windows\System32\rasadhlp.dll
0x00007ffe69780000 - 0x00007ffe69800000 	C:\Windows\System32\fwpuclnt.dll
0x00007ffe71150000 - 0x00007ffe71177000 	C:\Windows\System32\bcrypt.dll
0x00007ffe5a930000 - 0x00007ffe5a939000 	C:\Program Files\Java\jdk-11.0.16\bin\management.dll
0x00007ffe5a920000 - 0x00007ffe5a92b000 	C:\Program Files\Java\jdk-11.0.16\bin\management_ext.dll
0x00007ffe59690000 - 0x00007ffe596a7000 	C:\Windows\system32\napinsp.dll
0x00007ffe59670000 - 0x00007ffe5968b000 	C:\Windows\system32\pnrpnsp.dll
0x00007ffe59650000 - 0x00007ffe59665000 	C:\Windows\system32\wshbth.dll
0x00007ffe6bac0000 - 0x00007ffe6badd000 	C:\Windows\system32\NLAapi.dll
0x00007ffe59630000 - 0x00007ffe59642000 	C:\Windows\System32\winrnr.dll
0x00007ffe70350000 - 0x00007ffe70368000 	C:\Windows\SYSTEM32\CRYPTSP.dll
0x00007ffe6fa30000 - 0x00007ffe6fa64000 	C:\Windows\system32\rsaenh.dll
0x00007ffe70970000 - 0x00007ffe7099e000 	C:\Windows\SYSTEM32\USERENV.dll
0x00007ffe70280000 - 0x00007ffe7028c000 	C:\Windows\SYSTEM32\CRYPTBASE.dll
0x00007ffe5a8f0000 - 0x00007ffe5a915000 	C:\Program Files\Java\jdk-11.0.16\bin\sunec.dll
0x00007ffe5a8e0000 - 0x00007ffe5a8ed000 	C:\Program Files\Java\jdk-11.0.16\bin\sunmscapi.dll
0x00007ffe70b70000 - 0x00007ffe70cc6000 	C:\Windows\System32\CRYPT32.dll
0x00007ffe70460000 - 0x00007ffe70487000 	C:\Windows\SYSTEM32\ncrypt.dll
0x00007ffe70420000 - 0x00007ffe7045b000 	C:\Windows\SYSTEM32\NTASN1.dll

dbghelp: loaded successfully - version: 4.0.5 - missing functions: none
symbol engine: initialized successfully - sym options: 0x614 - pdb path: .;C:\Program Files\Java\jdk-11.0.16\bin;C:\Windows\SYSTEM32;C:\Windows\WinSxS\amd64_microsoft.windows.common-controls_6595b64144ccf1df_6.0.19041.1110_none_60b5254171f9507e;C:\Program Files\Java\jdk-11.0.16\bin\server

VM Arguments:
jvm_args: -Xverify:none -XX:TieredStopAtLevel=1 
java_command: com.eureka.app.student.StudentServiceApplication
java_class_path (initial): C:\Users\sfjbs\IdeaProjects\oct31training\Aparna\Day8\Day8\eureka-app\student-service\target\classes;C:\Users\sfjbs\.m2\repository\org\springframework\boot\spring-boot\2.7.0\spring-boot-2.7.0.jar;C:\Users\sfjbs\.m2\repository\org\springframework\boot\spring-boot-autoconfigure\2.7.0\spring-boot-autoconfigure-2.7.0.jar;C:\Users\sfjbs\.m2\repository\ch\qos\logback\logback-classic\1.2.11\logback-classic-1.2.11.jar;C:\Users\sfjbs\.m2\repository\ch\qos\logback\logback-core\1.2.11\logback-core-1.2.11.jar;C:\Users\sfjbs\.m2\repository\org\apache\logging\log4j\log4j-to-slf4j\2.17.2\log4j-to-slf4j-2.17.2.jar;C:\Users\sfjbs\.m2\repository\org\apache\logging\log4j\log4j-api\2.17.2\log4j-api-2.17.2.jar;C:\Users\sfjbs\.m2\repository\org\slf4j\jul-to-slf4j\1.7.36\jul-to-slf4j-1.7.36.jar;C:\Users\sfjbs\.m2\repository\jakarta\annotation\jakarta.annotation-api\1.3.5\jakarta.annotation-api-1.3.5.jar;C:\Users\sfjbs\.m2\repository\org\yaml\snakeyaml\1.30\snakeyaml-1.30.jar;C:\Users\sfjbs\.m2\repository\org\springframework\boot\spring-boot-actuator-autoconfigure\2.7.0\spring-boot-actuator-autoconfigure-2.7.0.jar;C:\Users\sfjbs\.m2\repository\org\springframework\boot\spring-boot-actuator\2.7.0\spring-boot-actuator-2.7.0.jar;C:\Users\sfjbs\.m2\repository\com\fasterxml\jackson\core\jackson-databind\2.13.3\jackson-databind-2.13.3.jar;C:\Users\sfjbs\.m2\repository\com\fasterxml\jackson\datatype\jackson-datatype-jsr310\2.13.3\jackson-datatype-jsr310-2.13.3.jar;C:\Users\sfjbs\.m2\repository\io\micrometer\micrometer-core\1.9.0\micrometer-core-1.9.0.jar;C:\Users\sfjbs\.m2\repository\org\hdrhistogram\HdrHistogram\2.1.12\HdrHistogram-2.1.12.jar;C:\Users\sfjbs\.m2\repository\org\latencyutils\LatencyUtils\2.0.3\LatencyUtils-2.0.3.jar;C:\Users\sfjbs\.m2\repository\org\springframework\data\spring-data-rest-webmvc\3.7.0\spring-data-rest-webmvc-3.7.0.jar;C:\Users\sfjbs\.m2\repository\org\springframework\data\spring-data-rest-core\3.7.0\spring-data-rest-core-3.7.0.jar;C:\Users
Launcher Type: SUN_STANDARD

[Global flags]
     bool BytecodeVerificationLocal                = false                                     {product} {command line}
     bool BytecodeVerificationRemote               = false                                     {product} {command line}
     intx CICompilerCount                          = 2                                         {product} {ergonomic}
     uint ConcGCThreads                            = 1                                         {product} {ergonomic}
     uint G1ConcRefinementThreads                  = 2                                         {product} {ergonomic}
   size_t G1HeapRegionSize                         = 1048576                                   {product} {ergonomic}
    uintx GCDrainStackTargetSize                   = 64                                        {product} {ergonomic}
   size_t InitialHeapSize                          = 134217728                                 {product} {ergonomic}
   size_t MarkStackSize                            = 4194304                                   {product} {ergonomic}
   size_t MaxHeapSize                              = 2147483648                                {product} {ergonomic}
   size_t MaxNewSize                               = 1287651328                                {product} {ergonomic}
   size_t MinHeapDeltaBytes                        = 1048576                                   {product} {ergonomic}
    uintx NonNMethodCodeHeapSize                   = 6396312                                {pd product} {ergonomic}
    uintx NonProfiledCodeHeapSize                  = 245261928                              {pd product} {ergonomic}
    uintx ProfiledCodeHeapSize                     = 0                                      {pd product} {ergonomic}
    uintx ReservedCodeCacheSize                    = 251658240                              {pd product} {ergonomic}
     bool SegmentedCodeCache                       = true                                      {product} {ergonomic}
     intx TieredStopAtLevel                        = 1                                         {product} {command line}
     bool UseCompressedClassPointers               = true                                 {lp64_product} {ergonomic}
     bool UseCompressedOops                        = true                                 {lp64_product} {ergonomic}
     bool UseG1GC                                  = true                                      {product} {ergonomic}
     bool UseLargePagesIndividualAllocation        = false                                  {pd product} {ergonomic}

Logging:
Log output configuration:
 #0: stdout all=warning uptime,level,tags
 #1: stderr all=off uptime,level,tags

Environment Variables:
PATH=C:\Program Files\Common Files\Oracle\Java\javapath;C:\Windows\system32;C:\Windows;C:\Windows\System32\Wbem;C:\Windows\System32\WindowsPowerShell\v1.0\;C:\Windows\System32\OpenSSH\;C:\Users\sfjbs\Downloads\micro service-20221021T071039Z-001\micro service\apache-maven-3.8.5-bin\apache-maven-3.8.5\bin;C:\Users\sfjbs\Downloads\micro service-20221021T071039Z-001\micro service\apache-maven-3.8.5-bin\apache-maven-3.8.5\lib;C:\Program Files\Git\cmd;C:\Program Files\Docker\Docker\resources\bin;C:\Users\sfjbs\AppData\Local\Microsoft\WindowsApps;C:\Users\sfjbs\Downloads\micro service-20221021T071039Z-001\micro service\apache-maven-3.8.5-bin\apache-maven-3.8.5\bin;C:\Users\sfjbs\Downloads\micro service-20221021T071039Z-001\micro service\apache-maven-3.8.5-bin\apache-maven-3.8.5\lib;;C:\Program Files\JetBrains\IntelliJ IDEA Community Edition 2022.2.1\bin;
USERNAME=sfjbs
OS=Windows_NT
PROCESSOR_IDENTIFIER=Intel64 Family 6 Model 106 Stepping 6, GenuineIntel



---------------  S Y S T E M  ---------------

OS: Windows 10 , 64 bit Build 19041 (10.0.19041.2251)
Hyper-V role detected

CPU:total 2 (initial active 2) (1 cores per cpu, 2 threads per core) family 6 model 106 stepping 6 microcode 0xffffffff, cmov, cx8, fxsr, mmx, sse, sse2, sse3, ssse3, sse4.1, sse4.2, popcnt, avx, avx2, aes, clmul, erms, rtm, 3dnowpref, lzcnt, ht, tsc, bmi1, bmi2, adx, evex, fma

Memory: 4k page, system-wide physical 8190M (251M free)
TotalPageFile size 10238M (AvailPageFile size 1M)
current process WorkingSet (physical memory assigned to process): 252M, peak: 252M
current process commit charge ("private bytes"): 314M, peak: 315M

vm_info: Java HotSpot(TM) 64-Bit Server VM (11.0.16+11-LTS-199) for windows-amd64 JRE (11.0.16+11-LTS-199), built on Jun 28 2022 08:23:17 by "mach5one" with MS VC++ 15.9 (VS2017)

END.
