#
# There is insufficient memory for the Java Runtime Environment to continue.
# Native memory allocation (malloc) failed to allocate 1179856 bytes for Chunk::new
# Possible reasons:
#   The system is out of physical RAM or swap space
#   The process is running with CompressedOops enabled, and the Java Heap may be blocking the growth of the native heap
# Possible solutions:
#   Reduce memory load on the system
#   Increase physical memory or swap space
#   Check if swap backing store is full
#   Decrease Java heap size (-Xmx/-Xms)
#   Decrease number of Java threads
#   Decrease Java thread stack sizes (-Xss)
#   Set larger code cache with -XX:ReservedCodeCacheSize=
#   JVM is running with Unscaled Compressed Oops mode in which the Java heap is
#     placed in the first 4GB address space. The Java Heap base address is the
#     maximum limit for the native heap growth. Please use -XX:HeapBaseMinAddress
#     to set the Java Heap base and to place the Java Heap above 4GB virtual address.
# This output file may be truncated or incomplete.
#
#  Out of Memory Error (./open/src/hotspot/share/memory/arena.cpp:197), pid=8988, tid=6380
#
# JRE version: Java(TM) SE Runtime Environment 18.9 (11.0.16+11) (build 11.0.16+11-LTS-199)
# Java VM: Java HotSpot(TM) 64-Bit Server VM 18.9 (11.0.16+11-LTS-199, mixed mode, tiered, compressed oops, g1 gc, windows-amd64)
# No core dump will be written. Minidumps are not enabled by default on client versions of Windows
#

---------------  S U M M A R Y ------------

Command Line: -javaagent:C:\Program Files\JetBrains\IntelliJ IDEA Community Edition 2022.2.1\lib\idea_rt.jar=55564:C:\Program Files\JetBrains\IntelliJ IDEA Community Edition 2022.2.1\bin -Dfile.encoding=UTF-8 com.example.pension.management.service.PensionManagementServiceApplication

Host: Intel(R) Xeon(R) Platinum 8370C CPU @ 2.80GHz, 2 cores, 7G,  Windows 10 , 64 bit Build 19041 (10.0.19041.2251)
Time: Fri Nov 11 14:58:44 2022 Coordinated Universal Time elapsed time: 16.703965 seconds (0d 0h 0m 16s)

---------------  T H R E A D  ---------------

Current thread (0x000001da743a7000):  JavaThread "C2 CompilerThread0" daemon [_thread_in_native, id=6380, stack(0x0000001a1b900000,0x0000001a1ba00000)]


Current CompileTask:
C2:  16704 4759       4       org.springframework.core.annotation.TypeMappedAnnotations$MergedAnnotationFinder::doWithAnnotations (75 bytes)

Stack: [0x0000001a1b900000,0x0000001a1ba00000]
Native frames: (J=compiled Java code, j=interpreted, Vv=VM code, C=native code)
V  [jvm.dll+0x62a3ea]
V  [jvm.dll+0x76418f]
V  [jvm.dll+0x765839]
V  [jvm.dll+0x765ec3]
V  [jvm.dll+0x23da98]
V  [jvm.dll+0xb2a1c]
V  [jvm.dll+0xb2fdc]
V  [jvm.dll+0x2ae814]
V  [jvm.dll+0x53d97b]
V  [jvm.dll+0x200877]
V  [jvm.dll+0x1fa5ba]
V  [jvm.dll+0x1f756d]
V  [jvm.dll+0x177c81]
V  [jvm.dll+0x207006]
V  [jvm.dll+0x20519b]
V  [jvm.dll+0x729fa0]
V  [jvm.dll+0x722b74]
V  [jvm.dll+0x629286]
C  [ucrtbase.dll+0x21bb2]
C  [KERNEL32.DLL+0x174b4]
C  [ntdll.dll+0x526a1]


---------------  P R O C E S S  ---------------

Threads class SMR info:
_java_thread_list=0x000001da79d91a60, length=19, elements={
0x000001da570b1800, 0x000001da74389000, 0x000001da74392800, 0x000001da74d22800,
0x000001da743a3800, 0x000001da743a4800, 0x000001da743a7000, 0x000001da743ac800,
0x000001da743b3800, 0x000001da5718b800, 0x000001da74fec000, 0x000001da77c1d000,
0x000001da77f7d800, 0x000001da78030000, 0x000001da76138800, 0x000001da79913800,
0x000001da78a90800, 0x000001da7bcc0800, 0x000001da78268800
}

Java Threads: ( => current thread )
  0x000001da570b1800 JavaThread "main" [_thread_blocked, id=10336, stack(0x0000001a1ac00000,0x0000001a1ad00000)]
  0x000001da74389000 JavaThread "Reference Handler" daemon [_thread_blocked, id=11008, stack(0x0000001a1b400000,0x0000001a1b500000)]
  0x000001da74392800 JavaThread "Finalizer" daemon [_thread_blocked, id=2236, stack(0x0000001a1b500000,0x0000001a1b600000)]
  0x000001da74d22800 JavaThread "Signal Dispatcher" daemon [_thread_blocked, id=3208, stack(0x0000001a1b600000,0x0000001a1b700000)]
  0x000001da743a3800 JavaThread "Attach Listener" daemon [_thread_blocked, id=8040, stack(0x0000001a1b700000,0x0000001a1b800000)]
  0x000001da743a4800 JavaThread "Service Thread" daemon [_thread_blocked, id=3648, stack(0x0000001a1b800000,0x0000001a1b900000)]
=>0x000001da743a7000 JavaThread "C2 CompilerThread0" daemon [_thread_in_native, id=6380, stack(0x0000001a1b900000,0x0000001a1ba00000)]
  0x000001da743ac800 JavaThread "C1 CompilerThread0" daemon [_thread_blocked, id=8448, stack(0x0000001a1ba00000,0x0000001a1bb00000)]
  0x000001da743b3800 JavaThread "Sweeper thread" daemon [_thread_blocked, id=11020, stack(0x0000001a1bb00000,0x0000001a1bc00000)]
  0x000001da5718b800 JavaThread "Common-Cleaner" daemon [_thread_blocked, id=1740, stack(0x0000001a1bc00000,0x0000001a1bd00000)]
  0x000001da74fec000 JavaThread "Monitor Ctrl-Break" daemon [_thread_in_native, id=8076, stack(0x0000001a1bd00000,0x0000001a1be00000)]
  0x000001da77c1d000 JavaThread "Catalina-utility-1" [_thread_blocked, id=8628, stack(0x0000001a1c000000,0x0000001a1c100000)]
  0x000001da77f7d800 JavaThread "Catalina-utility-2" [_thread_blocked, id=8468, stack(0x0000001a1c100000,0x0000001a1c200000)]
  0x000001da78030000 JavaThread "container-0" [_thread_blocked, id=9816, stack(0x0000001a1c200000,0x0000001a1c300000)]
  0x000001da76138800 JavaThread "mysql-cj-abandoned-connection-cleanup" daemon [_thread_blocked, id=6416, stack(0x0000001a1c300000,0x0000001a1c400000)]
  0x000001da79913800 JavaThread "HikariPool-1 housekeeper" daemon [_thread_blocked, id=10744, stack(0x0000001a1c500000,0x0000001a1c600000)]
  0x000001da78a90800 JavaThread "HikariPool-1 connection adder" daemon [_thread_in_Java, id=10460, stack(0x0000001a1c600000,0x0000001a1c700000)]
  0x000001da7bcc0800 JavaThread "BufferPoolPruner-1-thread-1" daemon [_thread_blocked, id=4968, stack(0x0000001a1c700000,0x0000001a1c800000)]
  0x000001da78268800 JavaThread "HikariPool-1 connection closer" daemon [_thread_new, id=2848, stack(0x0000000000000000,0x0000000000000000)]

Other Threads:
  0x000001da74383800 VMThread "VM Thread" [stack: 0x0000001a1b300000,0x0000001a1b400000] [id=11104]
  0x000001da7504d000 WatcherThread [stack: 0x0000001a1be00000,0x0000001a1bf00000] [id=5892]
  0x000001da570c6800 GCTaskThread "GC Thread#0" [stack: 0x0000001a1ae00000,0x0000001a1af00000] [id=3524]
  0x000001da7504e000 GCTaskThread "GC Thread#1" [stack: 0x0000001a1bf00000,0x0000001a1c000000] [id=1672]
  0x000001da570f6800 ConcurrentGCThread "G1 Main Marker" [stack: 0x0000001a1af00000,0x0000001a1b000000] [id=7408]
  0x000001da570f8800 ConcurrentGCThread "G1 Conc#0" [stack: 0x0000001a1b000000,0x0000001a1b100000] [id=9204]
  0x000001da57181800 ConcurrentGCThread "G1 Refine#0" [stack: 0x0000001a1b100000,0x0000001a1b200000] [id=6032]
  0x000001da57182800 ConcurrentGCThread "G1 Young RemSet Sampling" [stack: 0x0000001a1b200000,0x0000001a1b300000] [id=8600]

Threads with active compile tasks:
C2 CompilerThread0    16733 4759       4       org.springframework.core.annotation.TypeMappedAnnotations$MergedAnnotationFinder::doWithAnnotations (75 bytes)

VM state:not at safepoint (normal execution)

VM Mutex/Monitor currently owned by a thread: None

Heap address: 0x0000000080000000, size: 2048 MB, Compressed Oops mode: 32-bit
Narrow klass base: 0x0000000000000000, Narrow klass shift: 3
Compressed class space size: 1073741824 Address: 0x0000000100000000

Heap:
 garbage-first heap   total 189440K, used 107365K [0x0000000080000000, 0x0000000100000000)
  region size 1024K, 95 young (97280K), 9 survivors (9216K)
 Metaspace       used 68273K, capacity 70059K, committed 70272K, reserved 1110016K
  class space    used 8850K, capacity 9571K, committed 9600K, reserved 1048576K
Heap Regions: E=young(eden), S=young(survivor), O=old, HS=humongous(starts), HC=humongous(continues), CS=collection set, F=free, A=archive, TAMS=top-at-mark-start (previous, next)
|   0|0x0000000080000000, 0x0000000080100000, 0x0000000080100000|100%|HS|  |TAMS 0x0000000080100000, 0x0000000080000000| Complete 
|   1|0x0000000080100000, 0x0000000080200000, 0x0000000080200000|100%| O|  |TAMS 0x0000000080200000, 0x0000000080100000| Untracked 
|   2|0x0000000080200000, 0x0000000080300000, 0x0000000080300000|100%| O|  |TAMS 0x0000000080300000, 0x0000000080200000| Untracked 
|   3|0x0000000080300000, 0x0000000080400000, 0x0000000080400000|100%| O|  |TAMS 0x0000000080400000, 0x0000000080300000| Untracked 
|   4|0x0000000080400000, 0x0000000080500000, 0x0000000080500000|100%| O|  |TAMS 0x0000000080500000, 0x0000000080400000| Untracked 
|   5|0x0000000080500000, 0x0000000080600000, 0x0000000080600000|100%| O|  |TAMS 0x0000000080600000, 0x0000000080500000| Untracked 
|   6|0x0000000080600000, 0x0000000080700000, 0x0000000080700000|100%| O|  |TAMS 0x0000000080700000, 0x0000000080600000| Untracked 
|   7|0x0000000080700000, 0x0000000080800000, 0x0000000080800000|100%| O|  |TAMS 0x0000000080800000, 0x0000000080700000| Untracked 
|   8|0x0000000080800000, 0x0000000080900000, 0x0000000080900000|100%| O|  |TAMS 0x0000000080900000, 0x0000000080800000| Untracked 
|   9|0x0000000080900000, 0x0000000080a00000, 0x0000000080a00000|100%| O|  |TAMS 0x0000000080a00000, 0x0000000080900000| Untracked 
|  10|0x0000000080a00000, 0x0000000080b00000, 0x0000000080b00000|100%| O|  |TAMS 0x0000000080b00000, 0x0000000080a00000| Untracked 
|  11|0x0000000080b00000, 0x0000000080c00000, 0x0000000080c00000|100%| O|  |TAMS 0x0000000080c00000, 0x0000000080b00000| Untracked 
|  12|0x0000000080c00000, 0x0000000080c59400, 0x0000000080d00000| 34%| O|  |TAMS 0x0000000080c59400, 0x0000000080c00000| Untracked 
|  13|0x0000000080d00000, 0x0000000080d00000, 0x0000000080e00000|  0%| F|  |TAMS 0x0000000080d00000, 0x0000000080d00000| Untracked 
|  14|0x0000000080e00000, 0x0000000080e00000, 0x0000000080f00000|  0%| F|  |TAMS 0x0000000080e00000, 0x0000000080e00000| Untracked 
|  15|0x0000000080f00000, 0x0000000080f00000, 0x0000000081000000|  0%| F|  |TAMS 0x0000000080f00000, 0x0000000080f00000| Untracked 
|  16|0x0000000081000000, 0x0000000081000000, 0x0000000081100000|  0%| F|  |TAMS 0x0000000081000000, 0x0000000081000000| Untracked 
|  17|0x0000000081100000, 0x0000000081100000, 0x0000000081200000|  0%| F|  |TAMS 0x0000000081100000, 0x0000000081100000| Untracked 
|  18|0x0000000081200000, 0x0000000081200000, 0x0000000081300000|  0%| F|  |TAMS 0x0000000081200000, 0x0000000081200000| Untracked 
|  19|0x0000000081300000, 0x0000000081300000, 0x0000000081400000|  0%| F|  |TAMS 0x0000000081300000, 0x0000000081300000| Untracked 
|  20|0x0000000081400000, 0x0000000081400000, 0x0000000081500000|  0%| F|  |TAMS 0x0000000081400000, 0x0000000081400000| Untracked 
|  21|0x0000000081500000, 0x0000000081500000, 0x0000000081600000|  0%| F|  |TAMS 0x0000000081500000, 0x0000000081500000| Untracked 
|  22|0x0000000081600000, 0x0000000081600000, 0x0000000081700000|  0%| F|  |TAMS 0x0000000081600000, 0x0000000081600000| Untracked 
|  23|0x0000000081700000, 0x0000000081700000, 0x0000000081800000|  0%| F|  |TAMS 0x0000000081700000, 0x0000000081700000| Untracked 
|  24|0x0000000081800000, 0x0000000081800000, 0x0000000081900000|  0%| F|  |TAMS 0x0000000081800000, 0x0000000081800000| Untracked 
|  25|0x0000000081900000, 0x0000000081900000, 0x0000000081a00000|  0%| F|  |TAMS 0x0000000081900000, 0x0000000081900000| Untracked 
|  26|0x0000000081a00000, 0x0000000081a00000, 0x0000000081b00000|  0%| F|  |TAMS 0x0000000081a00000, 0x0000000081a00000| Untracked 
|  27|0x0000000081b00000, 0x0000000081b00000, 0x0000000081c00000|  0%| F|  |TAMS 0x0000000081b00000, 0x0000000081b00000| Untracked 
|  28|0x0000000081c00000, 0x0000000081c00000, 0x0000000081d00000|  0%| F|  |TAMS 0x0000000081c00000, 0x0000000081c00000| Untracked 
|  29|0x0000000081d00000, 0x0000000081d00000, 0x0000000081e00000|  0%| F|  |TAMS 0x0000000081d00000, 0x0000000081d00000| Untracked 
|  30|0x0000000081e00000, 0x0000000081e00000, 0x0000000081f00000|  0%| F|  |TAMS 0x0000000081e00000, 0x0000000081e00000| Untracked 
|  31|0x0000000081f00000, 0x0000000081f00000, 0x0000000082000000|  0%| F|  |TAMS 0x0000000081f00000, 0x0000000081f00000| Untracked 
|  32|0x0000000082000000, 0x0000000082000000, 0x0000000082100000|  0%| F|  |TAMS 0x0000000082000000, 0x0000000082000000| Untracked 
|  33|0x0000000082100000, 0x0000000082100000, 0x0000000082200000|  0%| F|  |TAMS 0x0000000082100000, 0x0000000082100000| Untracked 
|  34|0x0000000082200000, 0x0000000082200000, 0x0000000082300000|  0%| F|  |TAMS 0x0000000082200000, 0x0000000082200000| Untracked 
|  35|0x0000000082300000, 0x0000000082300000, 0x0000000082400000|  0%| F|  |TAMS 0x0000000082300000, 0x0000000082300000| Untracked 
|  36|0x0000000082400000, 0x0000000082400000, 0x0000000082500000|  0%| F|  |TAMS 0x0000000082400000, 0x0000000082400000| Untracked 
|  37|0x0000000082500000, 0x0000000082500000, 0x0000000082600000|  0%| F|  |TAMS 0x0000000082500000, 0x0000000082500000| Untracked 
|  38|0x0000000082600000, 0x0000000082600000, 0x0000000082700000|  0%| F|  |TAMS 0x0000000082600000, 0x0000000082600000| Untracked 
|  39|0x0000000082700000, 0x0000000082700000, 0x0000000082800000|  0%| F|  |TAMS 0x0000000082700000, 0x0000000082700000| Untracked 
|  40|0x0000000082800000, 0x0000000082800000, 0x0000000082900000|  0%| F|  |TAMS 0x0000000082800000, 0x0000000082800000| Untracked 
|  41|0x0000000082900000, 0x0000000082900000, 0x0000000082a00000|  0%| F|  |TAMS 0x0000000082900000, 0x0000000082900000| Untracked 
|  42|0x0000000082a00000, 0x0000000082a00000, 0x0000000082b00000|  0%| F|  |TAMS 0x0000000082a00000, 0x0000000082a00000| Untracked 
|  43|0x0000000082b00000, 0x0000000082b00000, 0x0000000082c00000|  0%| F|  |TAMS 0x0000000082b00000, 0x0000000082b00000| Untracked 
|  44|0x0000000082c00000, 0x0000000082c00000, 0x0000000082d00000|  0%| F|  |TAMS 0x0000000082c00000, 0x0000000082c00000| Untracked 
|  45|0x0000000082d00000, 0x0000000082d00000, 0x0000000082e00000|  0%| F|  |TAMS 0x0000000082d00000, 0x0000000082d00000| Untracked 
|  46|0x0000000082e00000, 0x0000000082e00000, 0x0000000082f00000|  0%| F|  |TAMS 0x0000000082e00000, 0x0000000082e00000| Untracked 
|  47|0x0000000082f00000, 0x0000000082f00000, 0x0000000083000000|  0%| F|  |TAMS 0x0000000082f00000, 0x0000000082f00000| Untracked 
|  48|0x0000000083000000, 0x0000000083000000, 0x0000000083100000|  0%| F|  |TAMS 0x0000000083000000, 0x0000000083000000| Untracked 
|  49|0x0000000083100000, 0x0000000083100000, 0x0000000083200000|  0%| F|  |TAMS 0x0000000083100000, 0x0000000083100000| Untracked 
|  50|0x0000000083200000, 0x0000000083200000, 0x0000000083300000|  0%| F|  |TAMS 0x0000000083200000, 0x0000000083200000| Untracked 
|  51|0x0000000083300000, 0x0000000083300000, 0x0000000083400000|  0%| F|  |TAMS 0x0000000083300000, 0x0000000083300000| Untracked 
|  52|0x0000000083400000, 0x0000000083400000, 0x0000000083500000|  0%| F|  |TAMS 0x0000000083400000, 0x0000000083400000| Untracked 
|  53|0x0000000083500000, 0x0000000083500000, 0x0000000083600000|  0%| F|  |TAMS 0x0000000083500000, 0x0000000083500000| Untracked 
|  54|0x0000000083600000, 0x0000000083600000, 0x0000000083700000|  0%| F|  |TAMS 0x0000000083600000, 0x0000000083600000| Untracked 
|  55|0x0000000083700000, 0x0000000083700000, 0x0000000083800000|  0%| F|  |TAMS 0x0000000083700000, 0x0000000083700000| Untracked 
|  56|0x0000000083800000, 0x0000000083800000, 0x0000000083900000|  0%| F|  |TAMS 0x0000000083800000, 0x0000000083800000| Untracked 
|  57|0x0000000083900000, 0x0000000083900000, 0x0000000083a00000|  0%| F|  |TAMS 0x0000000083900000, 0x0000000083900000| Untracked 
|  58|0x0000000083a00000, 0x0000000083a00000, 0x0000000083b00000|  0%| F|  |TAMS 0x0000000083a00000, 0x0000000083a00000| Untracked 
|  59|0x0000000083b00000, 0x0000000083b00000, 0x0000000083c00000|  0%| F|  |TAMS 0x0000000083b00000, 0x0000000083b00000| Untracked 
|  60|0x0000000083c00000, 0x0000000083c00000, 0x0000000083d00000|  0%| F|  |TAMS 0x0000000083c00000, 0x0000000083c00000| Untracked 
|  61|0x0000000083d00000, 0x0000000083d00000, 0x0000000083e00000|  0%| F|  |TAMS 0x0000000083d00000, 0x0000000083d00000| Untracked 
|  62|0x0000000083e00000, 0x0000000083e00000, 0x0000000083f00000|  0%| F|  |TAMS 0x0000000083e00000, 0x0000000083e00000| Untracked 
|  63|0x0000000083f00000, 0x0000000083f00000, 0x0000000084000000|  0%| F|  |TAMS 0x0000000083f00000, 0x0000000083f00000| Untracked 
|  64|0x0000000084000000, 0x0000000084000000, 0x0000000084100000|  0%| F|  |TAMS 0x0000000084000000, 0x0000000084000000| Untracked 
|  65|0x0000000084100000, 0x0000000084100000, 0x0000000084200000|  0%| F|  |TAMS 0x0000000084100000, 0x0000000084100000| Untracked 
|  66|0x0000000084200000, 0x0000000084200000, 0x0000000084300000|  0%| F|  |TAMS 0x0000000084200000, 0x0000000084200000| Untracked 
|  67|0x0000000084300000, 0x0000000084300000, 0x0000000084400000|  0%| F|  |TAMS 0x0000000084300000, 0x0000000084300000| Untracked 
|  68|0x0000000084400000, 0x0000000084400000, 0x0000000084500000|  0%| F|  |TAMS 0x0000000084400000, 0x0000000084400000| Untracked 
|  69|0x0000000084500000, 0x0000000084500000, 0x0000000084600000|  0%| F|  |TAMS 0x0000000084500000, 0x0000000084500000| Untracked 
|  70|0x0000000084600000, 0x0000000084600000, 0x0000000084700000|  0%| F|  |TAMS 0x0000000084600000, 0x0000000084600000| Untracked 
|  71|0x0000000084700000, 0x0000000084700000, 0x0000000084800000|  0%| F|  |TAMS 0x0000000084700000, 0x0000000084700000| Untracked 
|  72|0x0000000084800000, 0x0000000084800000, 0x0000000084900000|  0%| F|  |TAMS 0x0000000084800000, 0x0000000084800000| Untracked 
|  73|0x0000000084900000, 0x0000000084900000, 0x0000000084a00000|  0%| F|  |TAMS 0x0000000084900000, 0x0000000084900000| Untracked 
|  74|0x0000000084a00000, 0x0000000084a00000, 0x0000000084b00000|  0%| F|  |TAMS 0x0000000084a00000, 0x0000000084a00000| Untracked 
|  75|0x0000000084b00000, 0x0000000084b00000, 0x0000000084c00000|  0%| F|  |TAMS 0x0000000084b00000, 0x0000000084b00000| Untracked 
|  76|0x0000000084c00000, 0x0000000084c00000, 0x0000000084d00000|  0%| F|  |TAMS 0x0000000084c00000, 0x0000000084c00000| Untracked 
|  77|0x0000000084d00000, 0x0000000084d00000, 0x0000000084e00000|  0%| F|  |TAMS 0x0000000084d00000, 0x0000000084d00000| Untracked 
|  78|0x0000000084e00000, 0x0000000084e00000, 0x0000000084f00000|  0%| F|  |TAMS 0x0000000084e00000, 0x0000000084e00000| Untracked 
|  79|0x0000000084f00000, 0x0000000084f00000, 0x0000000085000000|  0%| F|  |TAMS 0x0000000084f00000, 0x0000000084f00000| Untracked 
|  80|0x0000000085000000, 0x0000000085000000, 0x0000000085100000|  0%| F|  |TAMS 0x0000000085000000, 0x0000000085000000| Untracked 
|  81|0x0000000085100000, 0x0000000085100000, 0x0000000085200000|  0%| F|  |TAMS 0x0000000085100000, 0x0000000085100000| Untracked 
|  82|0x0000000085200000, 0x0000000085200000, 0x0000000085300000|  0%| F|  |TAMS 0x0000000085200000, 0x0000000085200000| Untracked 
|  83|0x0000000085300000, 0x0000000085300000, 0x0000000085400000|  0%| F|  |TAMS 0x0000000085300000, 0x0000000085300000| Untracked 
|  84|0x0000000085400000, 0x0000000085400000, 0x0000000085500000|  0%| F|  |TAMS 0x0000000085400000, 0x0000000085400000| Untracked 
|  85|0x0000000085500000, 0x0000000085500000, 0x0000000085600000|  0%| F|  |TAMS 0x0000000085500000, 0x0000000085500000| Untracked 
|  86|0x0000000085600000, 0x0000000085600000, 0x0000000085700000|  0%| F|  |TAMS 0x0000000085600000, 0x0000000085600000| Untracked 
|  87|0x0000000085700000, 0x0000000085700000, 0x0000000085800000|  0%| F|  |TAMS 0x0000000085700000, 0x0000000085700000| Untracked 
|  88|0x0000000085800000, 0x0000000085800000, 0x0000000085900000|  0%| F|  |TAMS 0x0000000085800000, 0x0000000085800000| Untracked 
|  89|0x0000000085900000, 0x0000000085900000, 0x0000000085a00000|  0%| F|  |TAMS 0x0000000085900000, 0x0000000085900000| Untracked 
|  90|0x0000000085a00000, 0x0000000085a4a430, 0x0000000085b00000| 29%| E|  |TAMS 0x0000000085a00000, 0x0000000085a00000| Complete 
|  91|0x0000000085b00000, 0x0000000085c00000, 0x0000000085c00000|100%| E|CS|TAMS 0x0000000085b00000, 0x0000000085b00000| Complete 
|  92|0x0000000085c00000, 0x0000000085d00000, 0x0000000085d00000|100%| E|CS|TAMS 0x0000000085c00000, 0x0000000085c00000| Complete 
|  93|0x0000000085d00000, 0x0000000085e00000, 0x0000000085e00000|100%| E|CS|TAMS 0x0000000085d00000, 0x0000000085d00000| Complete 
|  94|0x0000000085e00000, 0x0000000085f00000, 0x0000000085f00000|100%| E|CS|TAMS 0x0000000085e00000, 0x0000000085e00000| Complete 
|  95|0x0000000085f00000, 0x0000000085f80000, 0x0000000086000000| 50%| S|CS|TAMS 0x0000000085f00000, 0x0000000085f00000| Complete 
|  96|0x0000000086000000, 0x0000000086100000, 0x0000000086100000|100%| S|CS|TAMS 0x0000000086000000, 0x0000000086000000| Complete 
|  97|0x0000000086100000, 0x0000000086200000, 0x0000000086200000|100%| S|CS|TAMS 0x0000000086100000, 0x0000000086100000| Complete 
|  98|0x0000000086200000, 0x0000000086300000, 0x0000000086300000|100%| S|CS|TAMS 0x0000000086200000, 0x0000000086200000| Complete 
|  99|0x0000000086300000, 0x0000000086400000, 0x0000000086400000|100%| S|CS|TAMS 0x0000000086300000, 0x0000000086300000| Complete 
| 100|0x0000000086400000, 0x0000000086500000, 0x0000000086500000|100%| S|CS|TAMS 0x0000000086400000, 0x0000000086400000| Complete 
| 101|0x0000000086500000, 0x0000000086600000, 0x0000000086600000|100%| S|CS|TAMS 0x0000000086500000, 0x0000000086500000| Complete 
| 102|0x0000000086600000, 0x0000000086700000, 0x0000000086700000|100%| S|CS|TAMS 0x0000000086600000, 0x0000000086600000| Complete 
| 103|0x0000000086700000, 0x0000000086800000, 0x0000000086800000|100%| S|CS|TAMS 0x0000000086700000, 0x0000000086700000| Complete 
| 104|0x0000000086800000, 0x0000000086900000, 0x0000000086900000|100%| E|CS|TAMS 0x0000000086800000, 0x0000000086800000| Complete 
| 105|0x0000000086900000, 0x0000000086a00000, 0x0000000086a00000|100%| E|CS|TAMS 0x0000000086900000, 0x0000000086900000| Complete 
| 106|0x0000000086a00000, 0x0000000086b00000, 0x0000000086b00000|100%| E|CS|TAMS 0x0000000086a00000, 0x0000000086a00000| Complete 
| 107|0x0000000086b00000, 0x0000000086c00000, 0x0000000086c00000|100%| E|CS|TAMS 0x0000000086b00000, 0x0000000086b00000| Complete 
| 108|0x0000000086c00000, 0x0000000086d00000, 0x0000000086d00000|100%| E|CS|TAMS 0x0000000086c00000, 0x0000000086c00000| Complete 
| 109|0x0000000086d00000, 0x0000000086e00000, 0x0000000086e00000|100%| E|CS|TAMS 0x0000000086d00000, 0x0000000086d00000| Complete 
| 110|0x0000000086e00000, 0x0000000086f00000, 0x0000000086f00000|100%| E|CS|TAMS 0x0000000086e00000, 0x0000000086e00000| Complete 
| 111|0x0000000086f00000, 0x0000000087000000, 0x0000000087000000|100%| E|CS|TAMS 0x0000000086f00000, 0x0000000086f00000| Complete 
| 112|0x0000000087000000, 0x0000000087100000, 0x0000000087100000|100%| E|CS|TAMS 0x0000000087000000, 0x0000000087000000| Complete 
| 113|0x0000000087100000, 0x0000000087200000, 0x0000000087200000|100%| E|CS|TAMS 0x0000000087100000, 0x0000000087100000| Complete 
| 114|0x0000000087200000, 0x0000000087300000, 0x0000000087300000|100%| E|CS|TAMS 0x0000000087200000, 0x0000000087200000| Complete 
| 115|0x0000000087300000, 0x0000000087400000, 0x0000000087400000|100%| E|CS|TAMS 0x0000000087300000, 0x0000000087300000| Complete 
| 116|0x0000000087400000, 0x0000000087500000, 0x0000000087500000|100%| E|CS|TAMS 0x0000000087400000, 0x0000000087400000| Complete 
| 117|0x0000000087500000, 0x0000000087600000, 0x0000000087600000|100%| E|CS|TAMS 0x0000000087500000, 0x0000000087500000| Complete 
| 118|0x0000000087600000, 0x0000000087700000, 0x0000000087700000|100%| E|CS|TAMS 0x0000000087600000, 0x0000000087600000| Complete 
| 119|0x0000000087700000, 0x0000000087800000, 0x0000000087800000|100%| E|CS|TAMS 0x0000000087700000, 0x0000000087700000| Complete 
| 120|0x0000000087800000, 0x0000000087900000, 0x0000000087900000|100%| E|CS|TAMS 0x0000000087800000, 0x0000000087800000| Complete 
| 121|0x0000000087900000, 0x0000000087a00000, 0x0000000087a00000|100%| E|CS|TAMS 0x0000000087900000, 0x0000000087900000| Complete 
| 122|0x0000000087a00000, 0x0000000087b00000, 0x0000000087b00000|100%| E|CS|TAMS 0x0000000087a00000, 0x0000000087a00000| Complete 
| 123|0x0000000087b00000, 0x0000000087c00000, 0x0000000087c00000|100%| E|CS|TAMS 0x0000000087b00000, 0x0000000087b00000| Complete 
| 124|0x0000000087c00000, 0x0000000087d00000, 0x0000000087d00000|100%| E|CS|TAMS 0x0000000087c00000, 0x0000000087c00000| Complete 
| 125|0x0000000087d00000, 0x0000000087e00000, 0x0000000087e00000|100%| E|CS|TAMS 0x0000000087d00000, 0x0000000087d00000| Complete 
| 126|0x0000000087e00000, 0x0000000087f00000, 0x0000000087f00000|100%| E|CS|TAMS 0x0000000087e00000, 0x0000000087e00000| Complete 
| 127|0x0000000087f00000, 0x0000000088000000, 0x0000000088000000|100%| E|CS|TAMS 0x0000000087f00000, 0x0000000087f00000| Complete 
| 128|0x0000000088000000, 0x0000000088100000, 0x0000000088100000|100%| E|CS|TAMS 0x0000000088000000, 0x0000000088000000| Complete 
| 129|0x0000000088100000, 0x0000000088200000, 0x0000000088200000|100%| E|CS|TAMS 0x0000000088100000, 0x0000000088100000| Complete 
| 130|0x0000000088200000, 0x0000000088300000, 0x0000000088300000|100%| E|CS|TAMS 0x0000000088200000, 0x0000000088200000| Complete 
| 131|0x0000000088300000, 0x0000000088400000, 0x0000000088400000|100%| E|CS|TAMS 0x0000000088300000, 0x0000000088300000| Complete 
| 132|0x0000000088400000, 0x0000000088500000, 0x0000000088500000|100%| E|CS|TAMS 0x0000000088400000, 0x0000000088400000| Complete 
| 133|0x0000000088500000, 0x0000000088600000, 0x0000000088600000|100%| E|CS|TAMS 0x0000000088500000, 0x0000000088500000| Complete 
| 134|0x0000000088600000, 0x0000000088700000, 0x0000000088700000|100%| E|  |TAMS 0x0000000088600000, 0x0000000088600000| Complete 
| 135|0x0000000088700000, 0x0000000088800000, 0x0000000088800000|100%| E|CS|TAMS 0x0000000088700000, 0x0000000088700000| Complete 
| 136|0x0000000088800000, 0x0000000088900000, 0x0000000088900000|100%| E|CS|TAMS 0x0000000088800000, 0x0000000088800000| Complete 
| 137|0x0000000088900000, 0x0000000088a00000, 0x0000000088a00000|100%| E|CS|TAMS 0x0000000088900000, 0x0000000088900000| Complete 
| 138|0x0000000088a00000, 0x0000000088b00000, 0x0000000088b00000|100%| E|CS|TAMS 0x0000000088a00000, 0x0000000088a00000| Complete 
| 139|0x0000000088b00000, 0x0000000088c00000, 0x0000000088c00000|100%| E|CS|TAMS 0x0000000088b00000, 0x0000000088b00000| Complete 
| 140|0x0000000088c00000, 0x0000000088d00000, 0x0000000088d00000|100%| E|CS|TAMS 0x0000000088c00000, 0x0000000088c00000| Complete 
| 141|0x0000000088d00000, 0x0000000088e00000, 0x0000000088e00000|100%| E|CS|TAMS 0x0000000088d00000, 0x0000000088d00000| Complete 
| 142|0x0000000088e00000, 0x0000000088f00000, 0x0000000088f00000|100%| E|CS|TAMS 0x0000000088e00000, 0x0000000088e00000| Complete 
| 143|0x0000000088f00000, 0x0000000089000000, 0x0000000089000000|100%| E|CS|TAMS 0x0000000088f00000, 0x0000000088f00000| Complete 
| 144|0x0000000089000000, 0x0000000089100000, 0x0000000089100000|100%| E|CS|TAMS 0x0000000089000000, 0x0000000089000000| Complete 
| 145|0x0000000089100000, 0x0000000089200000, 0x0000000089200000|100%| E|CS|TAMS 0x0000000089100000, 0x0000000089100000| Complete 
| 146|0x0000000089200000, 0x0000000089300000, 0x0000000089300000|100%| E|CS|TAMS 0x0000000089200000, 0x0000000089200000| Complete 
| 147|0x0000000089300000, 0x0000000089400000, 0x0000000089400000|100%| E|CS|TAMS 0x0000000089300000, 0x0000000089300000| Complete 
| 148|0x0000000089400000, 0x0000000089500000, 0x0000000089500000|100%| E|CS|TAMS 0x0000000089400000, 0x0000000089400000| Complete 
| 149|0x0000000089500000, 0x0000000089600000, 0x0000000089600000|100%| E|CS|TAMS 0x0000000089500000, 0x0000000089500000| Complete 
| 150|0x0000000089600000, 0x0000000089700000, 0x0000000089700000|100%| E|CS|TAMS 0x0000000089600000, 0x0000000089600000| Complete 
| 151|0x0000000089700000, 0x0000000089800000, 0x0000000089800000|100%| E|CS|TAMS 0x0000000089700000, 0x0000000089700000| Complete 
| 152|0x0000000089800000, 0x0000000089900000, 0x0000000089900000|100%| E|CS|TAMS 0x0000000089800000, 0x0000000089800000| Complete 
| 153|0x0000000089900000, 0x0000000089a00000, 0x0000000089a00000|100%| E|CS|TAMS 0x0000000089900000, 0x0000000089900000| Complete 
| 154|0x0000000089a00000, 0x0000000089b00000, 0x0000000089b00000|100%| E|CS|TAMS 0x0000000089a00000, 0x0000000089a00000| Complete 
| 155|0x0000000089b00000, 0x0000000089c00000, 0x0000000089c00000|100%| E|CS|TAMS 0x0000000089b00000, 0x0000000089b00000| Complete 
| 156|0x0000000089c00000, 0x0000000089d00000, 0x0000000089d00000|100%| E|CS|TAMS 0x0000000089c00000, 0x0000000089c00000| Complete 
| 157|0x0000000089d00000, 0x0000000089e00000, 0x0000000089e00000|100%| E|CS|TAMS 0x0000000089d00000, 0x0000000089d00000| Complete 
| 158|0x0000000089e00000, 0x0000000089f00000, 0x0000000089f00000|100%| E|CS|TAMS 0x0000000089e00000, 0x0000000089e00000| Complete 
| 159|0x0000000089f00000, 0x000000008a000000, 0x000000008a000000|100%| E|CS|TAMS 0x0000000089f00000, 0x0000000089f00000| Complete 
| 160|0x000000008a000000, 0x000000008a100000, 0x000000008a100000|100%| E|CS|TAMS 0x000000008a000000, 0x000000008a000000| Complete 
| 161|0x000000008a100000, 0x000000008a200000, 0x000000008a200000|100%| E|CS|TAMS 0x000000008a100000, 0x000000008a100000| Complete 
| 162|0x000000008a200000, 0x000000008a300000, 0x000000008a300000|100%| E|CS|TAMS 0x000000008a200000, 0x000000008a200000| Complete 
| 163|0x000000008a300000, 0x000000008a400000, 0x000000008a400000|100%| E|CS|TAMS 0x000000008a300000, 0x000000008a300000| Complete 
| 164|0x000000008a400000, 0x000000008a500000, 0x000000008a500000|100%| E|CS|TAMS 0x000000008a400000, 0x000000008a400000| Complete 
| 165|0x000000008a500000, 0x000000008a600000, 0x000000008a600000|100%| E|CS|TAMS 0x000000008a500000, 0x000000008a500000| Complete 
| 166|0x000000008a600000, 0x000000008a700000, 0x000000008a700000|100%| E|CS|TAMS 0x000000008a600000, 0x000000008a600000| Complete 
| 167|0x000000008a700000, 0x000000008a800000, 0x000000008a800000|100%| E|CS|TAMS 0x000000008a700000, 0x000000008a700000| Complete 
| 168|0x000000008a800000, 0x000000008a900000, 0x000000008a900000|100%| E|CS|TAMS 0x000000008a800000, 0x000000008a800000| Complete 
| 169|0x000000008a900000, 0x000000008aa00000, 0x000000008aa00000|100%| E|CS|TAMS 0x000000008a900000, 0x000000008a900000| Complete 
| 170|0x000000008aa00000, 0x000000008ab00000, 0x000000008ab00000|100%| E|CS|TAMS 0x000000008aa00000, 0x000000008aa00000| Complete 
| 171|0x000000008ab00000, 0x000000008ac00000, 0x000000008ac00000|100%| E|CS|TAMS 0x000000008ab00000, 0x000000008ab00000| Complete 
| 172|0x000000008ac00000, 0x000000008ad00000, 0x000000008ad00000|100%| E|CS|TAMS 0x000000008ac00000, 0x000000008ac00000| Complete 
| 173|0x000000008ad00000, 0x000000008ae00000, 0x000000008ae00000|100%| E|CS|TAMS 0x000000008ad00000, 0x000000008ad00000| Complete 
| 174|0x000000008ae00000, 0x000000008af00000, 0x000000008af00000|100%| E|CS|TAMS 0x000000008ae00000, 0x000000008ae00000| Complete 
| 175|0x000000008af00000, 0x000000008b000000, 0x000000008b000000|100%| E|CS|TAMS 0x000000008af00000, 0x000000008af00000| Complete 
| 176|0x000000008b000000, 0x000000008b100000, 0x000000008b100000|100%| E|CS|TAMS 0x000000008b000000, 0x000000008b000000| Complete 
| 177|0x000000008b100000, 0x000000008b200000, 0x000000008b200000|100%| E|CS|TAMS 0x000000008b100000, 0x000000008b100000| Complete 
| 178|0x000000008b200000, 0x000000008b300000, 0x000000008b300000|100%| E|CS|TAMS 0x000000008b200000, 0x000000008b200000| Complete 
| 179|0x000000008b300000, 0x000000008b400000, 0x000000008b400000|100%| E|CS|TAMS 0x000000008b300000, 0x000000008b300000| Complete 
| 180|0x000000008b400000, 0x000000008b500000, 0x000000008b500000|100%| E|CS|TAMS 0x000000008b400000, 0x000000008b400000| Complete 
| 181|0x000000008b500000, 0x000000008b600000, 0x000000008b600000|100%| E|CS|TAMS 0x000000008b500000, 0x000000008b500000| Complete 
| 182|0x000000008b600000, 0x000000008b700000, 0x000000008b700000|100%| E|CS|TAMS 0x000000008b600000, 0x000000008b600000| Complete 
| 183|0x000000008b700000, 0x000000008b800000, 0x000000008b800000|100%| E|CS|TAMS 0x000000008b700000, 0x000000008b700000| Complete 
| 184|0x000000008b800000, 0x000000008b900000, 0x000000008b900000|100%| E|CS|TAMS 0x000000008b800000, 0x000000008b800000| Complete 

Card table byte_map: [0x000001da6d760000,0x000001da6db60000] _byte_map_base: 0x000001da6d360000

Marking Bits (Prev, Next): (CMBitMap*) 0x000001da570ed9a0, (CMBitMap*) 0x000001da570ed968
 Prev Bits: [0x000001da6ff60000, 0x000001da71f60000)
 Next Bits: [0x000001da6df60000, 0x000001da6ff60000)

Polling page: 0x000001da54eb0000

Metaspace:

Usage:
  Non-class:     59.07 MB capacity,    58.03 MB ( 98%) used,   844.01 KB (  1%) free+waste,   221.00 KB ( <1%) overhead. 
      Class:      9.35 MB capacity,     8.64 MB ( 92%) used,   611.85 KB (  6%) free+waste,   108.38 KB (  1%) overhead. 
       Both:     68.42 MB capacity,    66.67 MB ( 97%) used,     1.42 MB (  2%) free+waste,   329.38 KB ( <1%) overhead. 

Virtual space:
  Non-class space:       60.00 MB reserved,      59.25 MB ( 99%) committed 
      Class space:        1.00 GB reserved,       9.38 MB ( <1%) committed 
             Both:        1.06 GB reserved,      68.63 MB (  6%) committed 

Chunk freelists:
   Non-Class:  7.00 KB
       Class:  0 bytes
        Both:  7.00 KB

CodeHeap 'non-profiled nmethods': size=120064Kb used=2651Kb max_used=2651Kb free=117413Kb
 bounds [0x000001da66220000, 0x000001da664c0000, 0x000001da6d760000]
CodeHeap 'profiled nmethods': size=120000Kb used=10490Kb max_used=10490Kb free=109509Kb
 bounds [0x000001da5ecf0000, 0x000001da5f730000, 0x000001da66220000]
CodeHeap 'non-nmethods': size=5696Kb used=1236Kb max_used=1284Kb free=4459Kb
 bounds [0x000001da5e760000, 0x000001da5e9d0000, 0x000001da5ecf0000]
 total_blobs=5435 nmethods=4838 adapters=508
 compilation: enabled
              stopped_count=0, restarted_count=0
 full_count=0

Compilation events (10 events):
Event: 16.695 Thread 0x000001da743ac800 4886       2       java.text.DontCareFieldPosition$1::formatted (1 bytes)
Event: 16.695 Thread 0x000001da743ac800 nmethod 4886 0x000001da5f728110 code [0x000001da5f7282a0, 0x000001da5f728398]
Event: 16.695 Thread 0x000001da743ac800 4887       1       org.springframework.beans.factory.support.DefaultSingletonBeanRegistry::getSingletonMutex (5 bytes)
Event: 16.695 Thread 0x000001da743ac800 nmethod 4887 0x000001da664b6610 code [0x000001da664b67a0, 0x000001da664b6858]
Event: 16.696 Thread 0x000001da743ac800 4888       2       org.springframework.beans.factory.support.DefaultListableBeanFactory::removeManualSingletonName (17 bytes)
Event: 16.696 Thread 0x000001da743ac800 nmethod 4888 0x000001da5f728410 code [0x000001da5f7285c0, 0x000001da5f728848]
Event: 16.696 Thread 0x000001da743ac800 4889       2       org.springframework.beans.factory.support.DefaultListableBeanFactory$$Lambda$208/0x0000000100207440::test (12 bytes)
Event: 16.697 Thread 0x000001da743ac800 nmethod 4889 0x000001da5f728990 code [0x000001da5f728b40, 0x000001da5f728cc8]
Event: 16.697 Thread 0x000001da743ac800 4890   !   2       java.util.concurrent.ConcurrentHashMap::clear (176 bytes)
Event: 16.698 Thread 0x000001da743ac800 nmethod 4890 0x000001da5f728d90 code [0x000001da5f728f60, 0x000001da5f729618]

GC Heap History (10 events):
Event: 3.572 GC heap before
{Heap before GC invocations=6 (full 0):
 garbage-first heap   total 157696K, used 37390K [0x0000000080000000, 0x0000000100000000)
  region size 1024K, 31 young (31744K), 3 survivors (3072K)
 Metaspace       used 24908K, capacity 25537K, committed 25600K, reserved 1071104K
  class space    used 2788K, capacity 3048K, committed 3072K, reserved 1048576K
}
Event: 3.584 GC heap after
{Heap after GC invocations=7 (full 0):
 garbage-first heap   total 157696K, used 10471K [0x0000000080000000, 0x0000000100000000)
  region size 1024K, 4 young (4096K), 4 survivors (4096K)
 Metaspace       used 24908K, capacity 25537K, committed 25600K, reserved 1071104K
  class space    used 2788K, capacity 3048K, committed 3072K, reserved 1048576K
}
Event: 5.707 GC heap before
{Heap before GC invocations=7 (full 0):
 garbage-first heap   total 157696K, used 71911K [0x0000000080000000, 0x0000000100000000)
  region size 1024K, 64 young (65536K), 4 survivors (4096K)
 Metaspace       used 31311K, capacity 32197K, committed 32512K, reserved 1077248K
  class space    used 3631K, capacity 3971K, committed 4096K, reserved 1048576K
}
Event: 5.726 GC heap after
{Heap after GC invocations=8 (full 0):
 garbage-first heap   total 157696K, used 12966K [0x0000000080000000, 0x0000000100000000)
  region size 1024K, 6 young (6144K), 6 survivors (6144K)
 Metaspace       used 31311K, capacity 32197K, committed 32512K, reserved 1077248K
  class space    used 3631K, capacity 3971K, committed 4096K, reserved 1048576K
}
Event: 7.152 GC heap before
{Heap before GC invocations=8 (full 0):
 garbage-first heap   total 157696K, used 29350K [0x0000000080000000, 0x0000000100000000)
  region size 1024K, 23 young (23552K), 6 survivors (6144K)
 Metaspace       used 34685K, capacity 35676K, committed 35840K, reserved 1081344K
  class space    used 4074K, capacity 4496K, committed 4608K, reserved 1048576K
}
Event: 7.169 GC heap after
{Heap after GC invocations=9 (full 0):
 garbage-first heap   total 157696K, used 14634K [0x0000000080000000, 0x0000000100000000)
  region size 1024K, 8 young (8192K), 8 survivors (8192K)
 Metaspace       used 34685K, capacity 35676K, committed 35840K, reserved 1081344K
  class space    used 4074K, capacity 4496K, committed 4608K, reserved 1048576K
}
Event: 10.819 GC heap before
{Heap before GC invocations=10 (full 0):
 garbage-first heap   total 157696K, used 83242K [0x0000000080000000, 0x0000000100000000)
  region size 1024K, 75 young (76800K), 8 survivors (8192K)
 Metaspace       used 44257K, capacity 45395K, committed 45696K, reserved 1089536K
  class space    used 5450K, capacity 5924K, committed 6016K, reserved 1048576K
}
Event: 10.855 GC heap after
{Heap after GC invocations=11 (full 0):
 garbage-first heap   total 189440K, used 17178K [0x0000000080000000, 0x0000000100000000)
  region size 1024K, 8 young (8192K), 8 survivors (8192K)
 Metaspace       used 44257K, capacity 45395K, committed 45696K, reserved 1089536K
  class space    used 5450K, capacity 5924K, committed 6016K, reserved 1048576K
}
Event: 14.154 GC heap before
{Heap before GC invocations=11 (full 0):
 garbage-first heap   total 189440K, used 99098K [0x0000000080000000, 0x0000000100000000)
  region size 1024K, 89 young (91136K), 8 survivors (8192K)
 Metaspace       used 58725K, capacity 60075K, committed 60160K, reserved 1101824K
  class space    used 7443K, capacity 8012K, committed 8064K, reserved 1048576K
}
Event: 14.180 GC heap after
{Heap after GC invocations=12 (full 0):
 garbage-first heap   total 189440K, used 21349K [0x0000000080000000, 0x0000000100000000)
  region size 1024K, 9 young (9216K), 9 survivors (9216K)
 Metaspace       used 58725K, capacity 60075K, committed 60160K, reserved 1101824K
  class space    used 7443K, capacity 8012K, committed 8064K, reserved 1048576K
}

Deoptimization events (10 events):
Event: 15.900 Thread 0x000001da78266000 Uncommon trap: reason=unstable_if action=reinterpret pc=0x000001da662e80d8 method=java.util.Objects.equals(Ljava/lang/Object;Ljava/lang/Object;)Z @ 6 c2
Event: 16.091 Thread 0x000001da570b1800 Uncommon trap: reason=speculate_null_assert action=make_not_entrant pc=0x000001da663aea18 method=org.springframework.util.ConcurrentReferenceHashMap$Segment.restructureIfNecessary(Z)V @ 41 c2
Event: 16.091 Thread 0x000001da570b1800 Uncommon trap: reason=speculate_null_assert action=make_not_entrant pc=0x000001da66298248 method=org.springframework.util.ConcurrentReferenceHashMap$Segment.restructureIfNecessary(Z)V @ 41 c2
Event: 16.284 Thread 0x000001da570b1800 Uncommon trap: reason=unstable_if action=reinterpret pc=0x000001da664a2474 method=org.springframework.beans.factory.support.AbstractBeanFactory.isTypeMatch(Ljava/lang/String;Lorg/springframework/core/ResolvableType;Z)Z @ 34 c2
Event: 16.312 Thread 0x000001da570b1800 Uncommon trap: reason=predicate action=maybe_recompile pc=0x000001da6648324c method=org.springframework.core.annotation.AnnotationsScanner.processClassInheritedAnnotations(Ljava/lang/Object;Ljava/lang/Class;Lorg/springframework/core/annotation/MergedAnnot
Event: 16.393 Thread 0x000001da570b1800 Uncommon trap: reason=unstable_if action=reinterpret pc=0x000001da6630ec08 method=org.springframework.util.ObjectUtils.nullSafeEquals(Ljava/lang/Object;Ljava/lang/Object;)Z @ 12 c2
Event: 16.516 Thread 0x000001da570b1800 Uncommon trap: reason=profile_predicate action=maybe_recompile pc=0x000001da664402d8 method=java.util.TreeMap.put(Ljava/lang/Object;Ljava/lang/Object;)Ljava/lang/Object; @ 55 c2
Event: 16.516 Thread 0x000001da570b1800 Uncommon trap: reason=profile_predicate action=maybe_recompile pc=0x000001da664402d8 method=java.util.TreeMap.put(Ljava/lang/Object;Ljava/lang/Object;)Ljava/lang/Object; @ 55 c2
Event: 16.633 Thread 0x000001da570b1800 Uncommon trap: reason=unstable_if action=reinterpret pc=0x000001da66228d88 method=java.lang.String.isLatin1()Z @ 10 c2
Event: 16.633 Thread 0x000001da570b1800 Uncommon trap: reason=profile_predicate action=maybe_recompile pc=0x000001da664402d8 method=java.util.TreeMap.put(Ljava/lang/Object;Ljava/lang/Object;)Ljava/lang/Object; @ 55 c2

Classes redefined (0 events):
No events

Internal exceptions (10 events):
Event: 16.339 Thread 0x000001da570b1800 Exception <a 'java/lang/ClassNotFoundException'{0x000000008734ebf0}: org/springframework/beans/factory/BeanClassLoaderAwareCustomizer> (0x000000008734ebf0) thrown at [./open/src/hotspot/share/classfile/systemDictionary.cpp, line 226]
Event: 16.339 Thread 0x000001da570b1800 Exception <a 'java/lang/ClassNotFoundException'{0x000000008735d1e8}: org/springframework/beans/factory/AwareCustomizer> (0x000000008735d1e8) thrown at [./open/src/hotspot/share/classfile/systemDictionary.cpp, line 226]
Event: 16.345 Thread 0x000001da570b1800 Exception <a 'java/lang/ClassNotFoundException'{0x0000000087373d00}: java/lang/ObjectCustomizer> (0x0000000087373d00) thrown at [./open/src/hotspot/share/classfile/systemDictionary.cpp, line 226]
Event: 16.346 Thread 0x000001da570b1800 Exception <a 'java/lang/ClassNotFoundException'{0x000000008738ba40}: org/springframework/security/config/annotation/web/configuration/HttpSecurityConfigurationCustomizer> (0x000000008738ba40) thrown at [./open/src/hotspot/share/classfile/systemDictionary.
Event: 16.393 Thread 0x000001da570b1800 Implicit null exception at 0x000001da6630eb3d to 0x000001da6630ebf6
Event: 16.685 Thread 0x000001da570b1800 Exception <a 'java/lang/NoSuchMethodError'{0x0000000085b2e8c8}: java.lang.invoke.DirectMethodHandle$Holder.invokeSpecial(Ljava/lang/Object;Ljava/lang/Object;ILjava/lang/Object;ILjava/lang/Object;)Ljava/lang/Object;> (0x0000000085b2e8c8) thrown at [./open/
Event: 16.686 Thread 0x000001da570b1800 Exception <a 'java/lang/NoSuchMethodError'{0x0000000085b35da8}: java.lang.invoke.DirectMethodHandle$Holder.invokeStatic(Ljava/lang/Object;Ljava/lang/Object;ILjava/lang/Object;I)Ljava/lang/Object;> (0x0000000085b35da8) thrown at [./open/src/hotspot/share/i
Event: 16.686 Thread 0x000001da570b1800 Exception <a 'java/lang/NoSuchMethodError'{0x0000000085b39580}: java.lang.invoke.DirectMethodHandle$Holder.invokeSpecial(Ljava/lang/Object;Ljava/lang/Object;Ljava/lang/Object;ILjava/lang/Object;I)Ljava/lang/Object;> (0x0000000085b39580) thrown at [./open/
Event: 16.687 Thread 0x000001da570b1800 Exception <a 'java/lang/NoSuchMethodError'{0x0000000085b45558}: java.lang.invoke.DirectMethodHandle$Holder.invokeVirtual(Ljava/lang/Object;Ljava/lang/Object;)V> (0x0000000085b45558) thrown at [./open/src/hotspot/share/interpreter/linkResolver.cpp, line 77
Event: 16.693 Thread 0x000001da570b1800 Exception <a 'java/net/BindException'{0x0000000085b528f0}: Address already in use: bind> (0x0000000085b528f0) thrown at [./open/src/hotspot/share/prims/jni.cpp, line 632]

Events (10 events):
Event: 16.692 loading class java/net/StandardProtocolFamily
Event: 16.692 loading class java/net/StandardProtocolFamily done
Event: 16.692 loading class java/net/BindException
Event: 16.693 loading class java/net/BindException done
Event: 16.693 loading class org/springframework/boot/web/embedded/tomcat/TomcatWebServer
Event: 16.693 loading class org/springframework/boot/web/embedded/tomcat/TomcatWebServer done
Event: 16.693 loading class java/util/function/IntSupplier
Event: 16.693 loading class java/util/function/IntSupplier done
Event: 16.693 loading class org/springframework/boot/web/server/PortInUseException
Event: 16.693 loading class org/springframework/boot/web/server/PortInUseException done


Dynamic libraries:
0x00007ff732b30000 - 0x00007ff732b3f000 	C:\Program Files\Java\jdk-11.0.16\bin\java.exe
0x00007ff892410000 - 0x00007ff892608000 	C:\Windows\SYSTEM32\ntdll.dll
0x00007ff890460000 - 0x00007ff89051f000 	C:\Windows\System32\KERNEL32.DLL
0x00007ff88ff80000 - 0x00007ff890252000 	C:\Windows\System32\KERNELBASE.dll
0x00007ff88fc40000 - 0x00007ff88fd40000 	C:\Windows\System32\ucrtbase.dll
0x00007ff87b500000 - 0x00007ff87b518000 	C:\Program Files\Java\jdk-11.0.16\bin\jli.dll
0x00007ff892220000 - 0x00007ff8922ce000 	C:\Windows\System32\ADVAPI32.dll
0x00007ff890dd0000 - 0x00007ff890e6e000 	C:\Windows\System32\msvcrt.dll
0x00007ff890d30000 - 0x00007ff890dcc000 	C:\Windows\System32\sechost.dll
0x00007ff891ef0000 - 0x00007ff892015000 	C:\Windows\System32\RPCRT4.dll
0x00007ff890570000 - 0x00007ff89070d000 	C:\Windows\System32\USER32.dll
0x00007ff88fbc0000 - 0x00007ff88fbe2000 	C:\Windows\System32\win32u.dll
0x00007ff891300000 - 0x00007ff89132b000 	C:\Windows\System32\GDI32.dll
0x00007ff88fe70000 - 0x00007ff88ff7f000 	C:\Windows\System32\gdi32full.dll
0x00007ff8903c0000 - 0x00007ff89045d000 	C:\Windows\System32\msvcp_win.dll
0x00007ff87add0000 - 0x00007ff87ade5000 	C:\Program Files\Java\jdk-11.0.16\bin\VCRUNTIME140.dll
0x00007ff877a10000 - 0x00007ff877caa000 	C:\Windows\WinSxS\amd64_microsoft.windows.common-controls_6595b64144ccf1df_6.0.19041.1110_none_60b5254171f9507e\COMCTL32.dll
0x00007ff8873e0000 - 0x00007ff8873ea000 	C:\Windows\SYSTEM32\VERSION.dll
0x00007ff890520000 - 0x00007ff890552000 	C:\Windows\System32\IMM32.DLL
0x00007ff86e270000 - 0x00007ff86e30b000 	C:\Program Files\Java\jdk-11.0.16\bin\msvcp140.dll
0x00007ff837e10000 - 0x00007ff838928000 	C:\Program Files\Java\jdk-11.0.16\bin\server\jvm.dll
0x00007ff890560000 - 0x00007ff890568000 	C:\Windows\System32\PSAPI.DLL
0x00007ff8635f0000 - 0x00007ff8635f9000 	C:\Windows\SYSTEM32\WSOCK32.dll
0x00007ff891af0000 - 0x00007ff891b5b000 	C:\Windows\System32\WS2_32.dll
0x00007ff86dfc0000 - 0x00007ff86dfe7000 	C:\Windows\SYSTEM32\WINMM.dll
0x00007ff88d9b0000 - 0x00007ff88d9c2000 	C:\Windows\SYSTEM32\kernel.appcore.dll
0x00007ff87db50000 - 0x00007ff87db60000 	C:\Program Files\Java\jdk-11.0.16\bin\verify.dll
0x00007ff87f550000 - 0x00007ff87f734000 	C:\Windows\SYSTEM32\DBGHELP.DLL
0x00007ff8813d0000 - 0x00007ff8813fc000 	C:\Windows\SYSTEM32\dbgcore.DLL
0x00007ff88fd70000 - 0x00007ff88fdf2000 	C:\Windows\System32\bcryptPrimitives.dll
0x00007ff8774b0000 - 0x00007ff8774d8000 	C:\Program Files\Java\jdk-11.0.16\bin\java.dll
0x00007ff87b4f0000 - 0x00007ff87b4fa000 	C:\Program Files\Java\jdk-11.0.16\bin\jimage.dll
0x00007ff888a80000 - 0x00007ff888a8e000 	C:\Program Files\Java\jdk-11.0.16\bin\instrument.dll
0x00007ff877490000 - 0x00007ff8774a6000 	C:\Program Files\Java\jdk-11.0.16\bin\zip.dll
0x00007ff8913a0000 - 0x00007ff891ae3000 	C:\Windows\System32\SHELL32.dll
0x00007ff88dbb0000 - 0x00007ff88e342000 	C:\Windows\SYSTEM32\windows.storage.dll
0x00007ff890fa0000 - 0x00007ff8912f4000 	C:\Windows\System32\combase.dll
0x00007ff88f3b0000 - 0x00007ff88f3e0000 	C:\Windows\SYSTEM32\Wldp.dll
0x00007ff891b60000 - 0x00007ff891c0d000 	C:\Windows\System32\SHCORE.dll
0x00007ff892020000 - 0x00007ff892075000 	C:\Windows\System32\shlwapi.dll
0x00007ff88fa50000 - 0x00007ff88fa6f000 	C:\Windows\SYSTEM32\profapi.dll
0x00007ff877390000 - 0x00007ff8773a9000 	C:\Program Files\Java\jdk-11.0.16\bin\net.dll
0x00007ff8870e0000 - 0x00007ff8871ec000 	C:\Windows\SYSTEM32\WINHTTP.dll
0x00007ff88f190000 - 0x00007ff88f1fa000 	C:\Windows\system32\mswsock.dll
0x00007ff876cd0000 - 0x00007ff876ce2000 	C:\Program Files\Java\jdk-11.0.16\bin\nio.dll
0x00007ff870580000 - 0x00007ff87059a000 	C:\Program Files\JetBrains\IntelliJ IDEA Community Edition 2022.2.1\bin\breakgen64.dll
0x00007ff888650000 - 0x00007ff888659000 	C:\Program Files\Java\jdk-11.0.16\bin\management.dll
0x00007ff877cf0000 - 0x00007ff877cfb000 	C:\Program Files\Java\jdk-11.0.16\bin\management_ext.dll
0x00007ff8748e0000 - 0x00007ff8748f7000 	C:\Windows\system32\napinsp.dll
0x00007ff8748c0000 - 0x00007ff8748db000 	C:\Windows\system32\pnrpnsp.dll
0x00007ff8748a0000 - 0x00007ff8748b5000 	C:\Windows\system32\wshbth.dll
0x00007ff88b0d0000 - 0x00007ff88b0ed000 	C:\Windows\system32\NLAapi.dll
0x00007ff88eea0000 - 0x00007ff88eedb000 	C:\Windows\SYSTEM32\IPHLPAPI.DLL
0x00007ff88eef0000 - 0x00007ff88efba000 	C:\Windows\SYSTEM32\DNSAPI.dll
0x00007ff891c10000 - 0x00007ff891c18000 	C:\Windows\System32\NSI.dll
0x00007ff874880000 - 0x00007ff874892000 	C:\Windows\System32\winrnr.dll
0x00007ff886f60000 - 0x00007ff886f6a000 	C:\Windows\System32\rasadhlp.dll
0x00007ff887060000 - 0x00007ff8870e0000 	C:\Windows\System32\fwpuclnt.dll
0x00007ff88fd40000 - 0x00007ff88fd67000 	C:\Windows\System32\bcrypt.dll
0x00007ff88f3f0000 - 0x00007ff88f408000 	C:\Windows\SYSTEM32\CRYPTSP.dll
0x00007ff88ead0000 - 0x00007ff88eb04000 	C:\Windows\system32\rsaenh.dll
0x00007ff88f9d0000 - 0x00007ff88f9fe000 	C:\Windows\SYSTEM32\USERENV.dll
0x00007ff88f320000 - 0x00007ff88f32c000 	C:\Windows\SYSTEM32\CRYPTBASE.dll
0x00007ff8881e0000 - 0x00007ff8881f7000 	C:\Windows\SYSTEM32\dhcpcsvc6.DLL
0x00007ff888060000 - 0x00007ff88807d000 	C:\Windows\SYSTEM32\dhcpcsvc.DLL
0x00007ff877d10000 - 0x00007ff877d1d000 	C:\Program Files\Java\jdk-11.0.16\bin\sunmscapi.dll
0x00007ff890260000 - 0x00007ff8903b6000 	C:\Windows\System32\CRYPT32.dll
0x00007ff88f500000 - 0x00007ff88f527000 	C:\Windows\SYSTEM32\ncrypt.dll
0x00007ff88f4c0000 - 0x00007ff88f4fb000 	C:\Windows\SYSTEM32\NTASN1.dll
0x00007ff876dc0000 - 0x00007ff876de5000 	C:\Program Files\Java\jdk-11.0.16\bin\sunec.dll

dbghelp: loaded successfully - version: 4.0.5 - missing functions: none
symbol engine: initialized successfully - sym options: 0x614 - pdb path: .;C:\Program Files\Java\jdk-11.0.16\bin;C:\Windows\SYSTEM32;C:\Windows\WinSxS\amd64_microsoft.windows.common-controls_6595b64144ccf1df_6.0.19041.1110_none_60b5254171f9507e;C:\Program Files\Java\jdk-11.0.16\bin\server;C:\Program Files\JetBrains\IntelliJ IDEA Community Edition 2022.2.1\bin

VM Arguments:
jvm_args: -javaagent:C:\Program Files\JetBrains\IntelliJ IDEA Community Edition 2022.2.1\lib\idea_rt.jar=55564:C:\Program Files\JetBrains\IntelliJ IDEA Community Edition 2022.2.1\bin -Dfile.encoding=UTF-8 
java_command: com.example.pension.management.service.PensionManagementServiceApplication
java_class_path (initial): C:\Users\sfjbs\Desktop\pension-management-service\target\classes;C:\Users\sfjbs\.m2\repository\org\springframework\boot\spring-boot-starter-web\2.7.5\spring-boot-starter-web-2.7.5.jar;C:\Users\sfjbs\.m2\repository\org\springframework\boot\spring-boot-starter\2.7.5\spring-boot-starter-2.7.5.jar;C:\Users\sfjbs\.m2\repository\org\springframework\boot\spring-boot\2.7.5\spring-boot-2.7.5.jar;C:\Users\sfjbs\.m2\repository\org\springframework\boot\spring-boot-autoconfigure\2.7.5\spring-boot-autoconfigure-2.7.5.jar;C:\Users\sfjbs\.m2\repository\org\springframework\boot\spring-boot-starter-logging\2.7.5\spring-boot-starter-logging-2.7.5.jar;C:\Users\sfjbs\.m2\repository\ch\qos\logback\logback-classic\1.2.11\logback-classic-1.2.11.jar;C:\Users\sfjbs\.m2\repository\ch\qos\logback\logback-core\1.2.11\logback-core-1.2.11.jar;C:\Users\sfjbs\.m2\repository\org\apache\logging\log4j\log4j-to-slf4j\2.17.2\log4j-to-slf4j-2.17.2.jar;C:\Users\sfjbs\.m2\repository\org\apache\logging\log4j\log4j-api\2.17.2\log4j-api-2.17.2.jar;C:\Users\sfjbs\.m2\repository\org\slf4j\jul-to-slf4j\1.7.36\jul-to-slf4j-1.7.36.jar;C:\Users\sfjbs\.m2\repository\jakarta\annotation\jakarta.annotation-api\1.3.5\jakarta.annotation-api-1.3.5.jar;C:\Users\sfjbs\.m2\repository\org\yaml\snakeyaml\1.30\snakeyaml-1.30.jar;C:\Users\sfjbs\.m2\repository\org\springframework\boot\spring-boot-starter-json\2.7.5\spring-boot-starter-json-2.7.5.jar;C:\Users\sfjbs\.m2\repository\com\fasterxml\jackson\core\jackson-databind\2.13.4.2\jackson-databind-2.13.4.2.jar;C:\Users\sfjbs\.m2\repository\com\fasterxml\jackson\core\jackson-annotations\2.13.4\jackson-annotations-2.13.4.jar;C:\Users\sfjbs\.m2\repository\com\fasterxml\jackson\core\jackson-core\2.13.4\jackson-core-2.13.4.jar;C:\Users\sfjbs\.m2\repository\com\fasterxml\jackson\datatype\jackson-datatype-jdk8\2.13.4\jackson-datatype-jdk8-2.13.4.jar;C:\Users\sfjbs\.m2\repository\com\fasterxml\jackson\datatype\jackson-datatype-jsr310\2.13.4\jackson-datatype-j
Launcher Type: SUN_STANDARD

[Global flags]
     intx CICompilerCount                          = 2                                         {product} {ergonomic}
     uint ConcGCThreads                            = 1                                         {product} {ergonomic}
     uint G1ConcRefinementThreads                  = 2                                         {product} {ergonomic}
   size_t G1HeapRegionSize                         = 1048576                                   {product} {ergonomic}
    uintx GCDrainStackTargetSize                   = 64                                        {product} {ergonomic}
   size_t InitialHeapSize                          = 134217728                                 {product} {ergonomic}
   size_t MarkStackSize                            = 4194304                                   {product} {ergonomic}
   size_t MaxHeapSize                              = 2147483648                                {product} {ergonomic}
   size_t MaxNewSize                               = 1287651328                                {product} {ergonomic}
   size_t MinHeapDeltaBytes                        = 1048576                                   {product} {ergonomic}
    uintx NonNMethodCodeHeapSize                   = 5825164                                {pd product} {ergonomic}
    uintx NonProfiledCodeHeapSize                  = 122916538                              {pd product} {ergonomic}
    uintx ProfiledCodeHeapSize                     = 122916538                              {pd product} {ergonomic}
    uintx ReservedCodeCacheSize                    = 251658240                              {pd product} {ergonomic}
     bool SegmentedCodeCache                       = true                                      {product} {ergonomic}
     bool UseCompressedClassPointers               = true                                 {lp64_product} {ergonomic}
     bool UseCompressedOops                        = true                                 {lp64_product} {ergonomic}
     bool UseG1GC                                  = true                                      {product} {ergonomic}
     bool UseLargePagesIndividualAllocation        = false                                  {pd product} {ergonomic}

Logging:
Log output configuration:
 #0: stdout all=warning uptime,level,tags
 #1: stderr all=off uptime,level,tags

Environment Variables:
PATH=C:\Program Files\Common Files\Oracle\Java\javapath;C:\Windows\system32;C:\Windows;C:\Windows\System32\Wbem;C:\Windows\System32\WindowsPowerShell\v1.0\;C:\Windows\System32\OpenSSH\;C:\Users\sfjbs\Downloads\micro service-20221021T070406Z-001\micro service\apache-maven-3.8.5-bin.zip\apache-maven-3.8.5\bin;C:\Users\sfjbs\Downloads\micro service-20221021T070406Z-001\micro service\apache-maven-3.8.5-bin.zip\apache-maven-3.8.5\lib;C:\Program Files\Git\cmd;C:\Program Files\Docker\Docker\resources\bin;C:\Users\sfjbs\AppData\Local\Microsoft\WindowsApps;C:\Users\sfjbs\Downloads\micro service-20221021T070406Z-001\micro service\apache-maven-3.8.5-bin.zip\apache-maven-3.8.5\bin;C:\Users\sfjbs\Downloads\micro service-20221021T070406Z-001\micro service\apache-maven-3.8.5-bin.zip\apache-maven-3.8.5\lib;;C:\Program Files\JetBrains\IntelliJ IDEA Community Edition 2022.2.1\bin;
USERNAME=sfjbs
OS=Windows_NT
PROCESSOR_IDENTIFIER=Intel64 Family 6 Model 106 Stepping 6, GenuineIntel



---------------  S Y S T E M  ---------------

OS: Windows 10 , 64 bit Build 19041 (10.0.19041.2251)
Hyper-V role detected

CPU:total 2 (initial active 2) (1 cores per cpu, 2 threads per core) family 6 model 106 stepping 6 microcode 0xffffffff, cmov, cx8, fxsr, mmx, sse, sse2, sse3, ssse3, sse4.1, sse4.2, popcnt, avx, avx2, aes, clmul, erms, rtm, 3dnowpref, lzcnt, ht, tsc, bmi1, bmi2, adx, evex, fma

Memory: 4k page, system-wide physical 8190M (733M free)
TotalPageFile size 10238M (AvailPageFile size 6M)
current process WorkingSet (physical memory assigned to process): 296M, peak: 298M
current process commit charge ("private bytes"): 382M, peak: 384M

vm_info: Java HotSpot(TM) 64-Bit Server VM (11.0.16+11-LTS-199) for windows-amd64 JRE (11.0.16+11-LTS-199), built on Jun 28 2022 08:23:17 by "mach5one" with MS VC++ 15.9 (VS2017)

END.
