#
# There is insufficient memory for the Java Runtime Environment to continue.
# Native memory allocation (malloc) failed to allocate 719056 bytes for Chunk::new
# Possible reasons:
#   The system is out of physical RAM or swap space
#   The process is running with CompressedOops enabled, and the Java Heap may be blocking the growth of the native heap
# Possible solutions:
#   Reduce memory load on the system
#   Increase physical memory or swap space
#   Check if swap backing store is full
#   Decrease Java heap size (-Xmx/-Xms)
#   Decrease number of Java threads
#   Decrease Java thread stack sizes (-Xss)
#   Set larger code cache with -XX:ReservedCodeCacheSize=
#   JVM is running with Unscaled Compressed Oops mode in which the Java heap is
#     placed in the first 4GB address space. The Java Heap base address is the
#     maximum limit for the native heap growth. Please use -XX:HeapBaseMinAddress
#     to set the Java Heap base and to place the Java Heap above 4GB virtual address.
# This output file may be truncated or incomplete.
#
#  Out of Memory Error (./open/src/hotspot/share/memory/arena.cpp:197), pid=5612, tid=8372
#
# JRE version: Java(TM) SE Runtime Environment 18.9 (11.0.16+11) (build 11.0.16+11-LTS-199)
# Java VM: Java HotSpot(TM) 64-Bit Server VM 18.9 (11.0.16+11-LTS-199, mixed mode, tiered, compressed oops, g1 gc, windows-amd64)
# No core dump will be written. Minidumps are not enabled by default on client versions of Windows
#

---------------  S U M M A R Y ------------

Command Line: -javaagent:C:\Program Files\JetBrains\IntelliJ IDEA Community Edition 2022.2.1\lib\idea_rt.jar=57718:C:\Program Files\JetBrains\IntelliJ IDEA Community Edition 2022.2.1\bin -Dfile.encoding=UTF-8 com.example.pension.management.service.PensionManagementServiceApplication

Host: Intel(R) Xeon(R) Platinum 8370C CPU @ 2.80GHz, 2 cores, 7G,  Windows 10 , 64 bit Build 19041 (10.0.19041.2251)
Time: Sat Nov 12 12:53:20 2022 Coordinated Universal Time elapsed time: 2.702332 seconds (0d 0h 0m 2s)

---------------  T H R E A D  ---------------

Current thread (0x000002163633a800):  JavaThread "C2 CompilerThread0" daemon [_thread_in_native, id=8372, stack(0x000000dffc400000,0x000000dffc500000)]


Current CompileTask:
C2:   2702 1883       4       jdk.internal.loader.URLClassPath::getResource (74 bytes)

Stack: [0x000000dffc400000,0x000000dffc500000]
Native frames: (J=compiled Java code, j=interpreted, Vv=VM code, C=native code)
V  [jvm.dll+0x62a3ea]
V  [jvm.dll+0x76418f]
V  [jvm.dll+0x765839]
V  [jvm.dll+0x765ec3]
V  [jvm.dll+0x23da98]
V  [jvm.dll+0xb2a1c]
V  [jvm.dll+0xb2fdc]
V  [jvm.dll+0x2ae814]
V  [jvm.dll+0x53d97b]
V  [jvm.dll+0x200877]
V  [jvm.dll+0x1fa5ba]
V  [jvm.dll+0x1f756d]
V  [jvm.dll+0x177c81]
V  [jvm.dll+0x207006]
V  [jvm.dll+0x20519b]
V  [jvm.dll+0x729fa0]
V  [jvm.dll+0x722b74]
V  [jvm.dll+0x629286]
C  [ucrtbase.dll+0x21bb2]
C  [KERNEL32.DLL+0x174b4]
C  [ntdll.dll+0x526a1]


---------------  P R O C E S S  ---------------

Threads class SMR info:
_java_thread_list=0x0000021637e861c0, length=11, elements={
0x0000021617082800, 0x0000021636319800, 0x000002163631b000, 0x0000021636cb2800,
0x0000021636334000, 0x0000021636335800, 0x000002163633a800, 0x000002163633e000,
0x0000021636343800, 0x00000216362b3800, 0x00000216370fa800
}

Java Threads: ( => current thread )
  0x0000021617082800 JavaThread "main" [_thread_in_Java, id=7972, stack(0x000000dffb800000,0x000000dffb900000)]
  0x0000021636319800 JavaThread "Reference Handler" daemon [_thread_blocked, id=10232, stack(0x000000dffbf00000,0x000000dffc000000)]
  0x000002163631b000 JavaThread "Finalizer" daemon [_thread_blocked, id=11428, stack(0x000000dffc000000,0x000000dffc100000)]
  0x0000021636cb2800 JavaThread "Signal Dispatcher" daemon [_thread_blocked, id=11944, stack(0x000000dffc100000,0x000000dffc200000)]
  0x0000021636334000 JavaThread "Attach Listener" daemon [_thread_blocked, id=2904, stack(0x000000dffc200000,0x000000dffc300000)]
  0x0000021636335800 JavaThread "Service Thread" daemon [_thread_blocked, id=9960, stack(0x000000dffc300000,0x000000dffc400000)]
=>0x000002163633a800 JavaThread "C2 CompilerThread0" daemon [_thread_in_native, id=8372, stack(0x000000dffc400000,0x000000dffc500000)]
  0x000002163633e000 JavaThread "C1 CompilerThread0" daemon [_thread_blocked, id=940, stack(0x000000dffc500000,0x000000dffc600000)]
  0x0000021636343800 JavaThread "Sweeper thread" daemon [_thread_blocked, id=7128, stack(0x000000dffc600000,0x000000dffc700000)]
  0x00000216362b3800 JavaThread "Common-Cleaner" daemon [_thread_blocked, id=10608, stack(0x000000dffc700000,0x000000dffc800000)]
  0x00000216370fa800 JavaThread "Monitor Ctrl-Break" daemon [_thread_in_native, id=11400, stack(0x000000dffc800000,0x000000dffc900000)]

Other Threads:
  0x0000021636315000 VMThread "VM Thread" [stack: 0x000000dffbe00000,0x000000dffbf00000] [id=6380]
  0x00000216370fb800 WatcherThread [stack: 0x000000dffc900000,0x000000dffca00000] [id=6912]
  0x0000021617097800 GCTaskThread "GC Thread#0" [stack: 0x000000dffb900000,0x000000dffba00000] [id=1904]
  0x0000021636fbf800 GCTaskThread "GC Thread#1" [stack: 0x000000dffca00000,0x000000dffcb00000] [id=11144]
  0x00000216170c8800 ConcurrentGCThread "G1 Main Marker" [stack: 0x000000dffba00000,0x000000dffbb00000] [id=12220]
  0x00000216170ca800 ConcurrentGCThread "G1 Conc#0" [stack: 0x000000dffbb00000,0x000000dffbc00000] [id=6616]
  0x0000021617152800 ConcurrentGCThread "G1 Refine#0" [stack: 0x000000dffbc00000,0x000000dffbd00000] [id=8892]
  0x0000021617153800 ConcurrentGCThread "G1 Young RemSet Sampling" [stack: 0x000000dffbd00000,0x000000dffbe00000] [id=11108]

Threads with active compile tasks:
C2 CompilerThread0     2732 1883       4       jdk.internal.loader.URLClassPath::getResource (74 bytes)

VM state:not at safepoint (normal execution)

VM Mutex/Monitor currently owned by a thread: None

Heap address: 0x0000000080000000, size: 2048 MB, Compressed Oops mode: 32-bit
Narrow klass base: 0x0000000000000000, Narrow klass shift: 3
Compressed class space size: 1073741824 Address: 0x0000000100000000

Heap:
 garbage-first heap   total 157696K, used 25497K [0x0000000080000000, 0x0000000100000000)
  region size 1024K, 20 young (20480K), 3 survivors (3072K)
 Metaspace       used 23640K, capacity 24230K, committed 24448K, reserved 1071104K
  class space    used 2651K, capacity 2889K, committed 2944K, reserved 1048576K
Heap Regions: E=young(eden), S=young(survivor), O=old, HS=humongous(starts), HC=humongous(continues), CS=collection set, F=free, A=archive, TAMS=top-at-mark-start (previous, next)
|   0|0x0000000080000000, 0x0000000080100000, 0x0000000080100000|100%|HS|  |TAMS 0x0000000080100000, 0x0000000080000000| Complete 
|   1|0x0000000080100000, 0x0000000080200000, 0x0000000080200000|100%| O|  |TAMS 0x0000000080200000, 0x0000000080100000| Untracked 
|   2|0x0000000080200000, 0x0000000080300000, 0x0000000080300000|100%| O|  |TAMS 0x0000000080300000, 0x0000000080200000| Untracked 
|   3|0x0000000080300000, 0x0000000080400000, 0x0000000080400000|100%| O|  |TAMS 0x0000000080400000, 0x0000000080300000| Untracked 
|   4|0x0000000080400000, 0x0000000080500000, 0x0000000080500000|100%| O|  |TAMS 0x0000000080500000, 0x0000000080400000| Untracked 
|   5|0x0000000080500000, 0x0000000080600000, 0x0000000080600000|100%| O|  |TAMS 0x0000000080600000, 0x0000000080500000| Untracked 
|   6|0x0000000080600000, 0x000000008065f600, 0x0000000080700000| 37%| O|  |TAMS 0x000000008065f600, 0x0000000080600000| Untracked 
|   7|0x0000000080700000, 0x0000000080700000, 0x0000000080800000|  0%| F|  |TAMS 0x0000000080700000, 0x0000000080700000| Untracked 
|   8|0x0000000080800000, 0x0000000080800000, 0x0000000080900000|  0%| F|  |TAMS 0x0000000080800000, 0x0000000080800000| Untracked 
|   9|0x0000000080900000, 0x0000000080900000, 0x0000000080a00000|  0%| F|  |TAMS 0x0000000080900000, 0x0000000080900000| Untracked 
|  10|0x0000000080a00000, 0x0000000080a00000, 0x0000000080b00000|  0%| F|  |TAMS 0x0000000080a00000, 0x0000000080a00000| Untracked 
|  11|0x0000000080b00000, 0x0000000080b00000, 0x0000000080c00000|  0%| F|  |TAMS 0x0000000080b00000, 0x0000000080b00000| Untracked 
|  12|0x0000000080c00000, 0x0000000080c00000, 0x0000000080d00000|  0%| F|  |TAMS 0x0000000080c00000, 0x0000000080c00000| Untracked 
|  13|0x0000000080d00000, 0x0000000080d00000, 0x0000000080e00000|  0%| F|  |TAMS 0x0000000080d00000, 0x0000000080d00000| Untracked 
|  14|0x0000000080e00000, 0x0000000080e00000, 0x0000000080f00000|  0%| F|  |TAMS 0x0000000080e00000, 0x0000000080e00000| Untracked 
|  15|0x0000000080f00000, 0x0000000080f00000, 0x0000000081000000|  0%| F|  |TAMS 0x0000000080f00000, 0x0000000080f00000| Untracked 
|  16|0x0000000081000000, 0x0000000081000000, 0x0000000081100000|  0%| F|  |TAMS 0x0000000081000000, 0x0000000081000000| Untracked 
|  17|0x0000000081100000, 0x0000000081100000, 0x0000000081200000|  0%| F|  |TAMS 0x0000000081100000, 0x0000000081100000| Untracked 
|  18|0x0000000081200000, 0x0000000081200000, 0x0000000081300000|  0%| F|  |TAMS 0x0000000081200000, 0x0000000081200000| Untracked 
|  19|0x0000000081300000, 0x0000000081300000, 0x0000000081400000|  0%| F|  |TAMS 0x0000000081300000, 0x0000000081300000| Untracked 
|  20|0x0000000081400000, 0x0000000081400000, 0x0000000081500000|  0%| F|  |TAMS 0x0000000081400000, 0x0000000081400000| Untracked 
|  21|0x0000000081500000, 0x0000000081500000, 0x0000000081600000|  0%| F|  |TAMS 0x0000000081500000, 0x0000000081500000| Untracked 
|  22|0x0000000081600000, 0x0000000081600000, 0x0000000081700000|  0%| F|  |TAMS 0x0000000081600000, 0x0000000081600000| Untracked 
|  23|0x0000000081700000, 0x0000000081700000, 0x0000000081800000|  0%| F|  |TAMS 0x0000000081700000, 0x0000000081700000| Untracked 
|  24|0x0000000081800000, 0x0000000081800000, 0x0000000081900000|  0%| F|  |TAMS 0x0000000081800000, 0x0000000081800000| Untracked 
|  25|0x0000000081900000, 0x0000000081900000, 0x0000000081a00000|  0%| F|  |TAMS 0x0000000081900000, 0x0000000081900000| Untracked 
|  26|0x0000000081a00000, 0x0000000081a00000, 0x0000000081b00000|  0%| F|  |TAMS 0x0000000081a00000, 0x0000000081a00000| Untracked 
|  27|0x0000000081b00000, 0x0000000081b00000, 0x0000000081c00000|  0%| F|  |TAMS 0x0000000081b00000, 0x0000000081b00000| Untracked 
|  28|0x0000000081c00000, 0x0000000081c00000, 0x0000000081d00000|  0%| F|  |TAMS 0x0000000081c00000, 0x0000000081c00000| Untracked 
|  29|0x0000000081d00000, 0x0000000081d00000, 0x0000000081e00000|  0%| F|  |TAMS 0x0000000081d00000, 0x0000000081d00000| Untracked 
|  30|0x0000000081e00000, 0x0000000081e00000, 0x0000000081f00000|  0%| F|  |TAMS 0x0000000081e00000, 0x0000000081e00000| Untracked 
|  31|0x0000000081f00000, 0x0000000081f00000, 0x0000000082000000|  0%| F|  |TAMS 0x0000000081f00000, 0x0000000081f00000| Untracked 
|  32|0x0000000082000000, 0x0000000082000000, 0x0000000082100000|  0%| F|  |TAMS 0x0000000082000000, 0x0000000082000000| Untracked 
|  33|0x0000000082100000, 0x0000000082100000, 0x0000000082200000|  0%| F|  |TAMS 0x0000000082100000, 0x0000000082100000| Untracked 
|  34|0x0000000082200000, 0x0000000082200000, 0x0000000082300000|  0%| F|  |TAMS 0x0000000082200000, 0x0000000082200000| Untracked 
|  35|0x0000000082300000, 0x0000000082300000, 0x0000000082400000|  0%| F|  |TAMS 0x0000000082300000, 0x0000000082300000| Untracked 
|  36|0x0000000082400000, 0x0000000082400000, 0x0000000082500000|  0%| F|  |TAMS 0x0000000082400000, 0x0000000082400000| Untracked 
|  37|0x0000000082500000, 0x0000000082500000, 0x0000000082600000|  0%| F|  |TAMS 0x0000000082500000, 0x0000000082500000| Untracked 
|  38|0x0000000082600000, 0x0000000082600000, 0x0000000082700000|  0%| F|  |TAMS 0x0000000082600000, 0x0000000082600000| Untracked 
|  39|0x0000000082700000, 0x0000000082700000, 0x0000000082800000|  0%| F|  |TAMS 0x0000000082700000, 0x0000000082700000| Untracked 
|  40|0x0000000082800000, 0x0000000082800000, 0x0000000082900000|  0%| F|  |TAMS 0x0000000082800000, 0x0000000082800000| Untracked 
|  41|0x0000000082900000, 0x0000000082900000, 0x0000000082a00000|  0%| F|  |TAMS 0x0000000082900000, 0x0000000082900000| Untracked 
|  42|0x0000000082a00000, 0x0000000082a00000, 0x0000000082b00000|  0%| F|  |TAMS 0x0000000082a00000, 0x0000000082a00000| Untracked 
|  43|0x0000000082b00000, 0x0000000082b00000, 0x0000000082c00000|  0%| F|  |TAMS 0x0000000082b00000, 0x0000000082b00000| Untracked 
|  44|0x0000000082c00000, 0x0000000082c00000, 0x0000000082d00000|  0%| F|  |TAMS 0x0000000082c00000, 0x0000000082c00000| Untracked 
|  45|0x0000000082d00000, 0x0000000082d00000, 0x0000000082e00000|  0%| F|  |TAMS 0x0000000082d00000, 0x0000000082d00000| Untracked 
|  46|0x0000000082e00000, 0x0000000082e00000, 0x0000000082f00000|  0%| F|  |TAMS 0x0000000082e00000, 0x0000000082e00000| Untracked 
|  47|0x0000000082f00000, 0x0000000082f00000, 0x0000000083000000|  0%| F|  |TAMS 0x0000000082f00000, 0x0000000082f00000| Untracked 
|  48|0x0000000083000000, 0x0000000083000000, 0x0000000083100000|  0%| F|  |TAMS 0x0000000083000000, 0x0000000083000000| Untracked 
|  49|0x0000000083100000, 0x0000000083100000, 0x0000000083200000|  0%| F|  |TAMS 0x0000000083100000, 0x0000000083100000| Untracked 
|  50|0x0000000083200000, 0x0000000083200000, 0x0000000083300000|  0%| F|  |TAMS 0x0000000083200000, 0x0000000083200000| Untracked 
|  51|0x0000000083300000, 0x0000000083300000, 0x0000000083400000|  0%| F|  |TAMS 0x0000000083300000, 0x0000000083300000| Untracked 
|  52|0x0000000083400000, 0x0000000083400000, 0x0000000083500000|  0%| F|  |TAMS 0x0000000083400000, 0x0000000083400000| Untracked 
|  53|0x0000000083500000, 0x0000000083500000, 0x0000000083600000|  0%| F|  |TAMS 0x0000000083500000, 0x0000000083500000| Untracked 
|  54|0x0000000083600000, 0x0000000083600000, 0x0000000083700000|  0%| F|  |TAMS 0x0000000083600000, 0x0000000083600000| Untracked 
|  55|0x0000000083700000, 0x0000000083700000, 0x0000000083800000|  0%| F|  |TAMS 0x0000000083700000, 0x0000000083700000| Untracked 
|  56|0x0000000083800000, 0x0000000083800000, 0x0000000083900000|  0%| F|  |TAMS 0x0000000083800000, 0x0000000083800000| Untracked 
|  57|0x0000000083900000, 0x0000000083900000, 0x0000000083a00000|  0%| F|  |TAMS 0x0000000083900000, 0x0000000083900000| Untracked 
|  58|0x0000000083a00000, 0x0000000083a00000, 0x0000000083b00000|  0%| F|  |TAMS 0x0000000083a00000, 0x0000000083a00000| Untracked 
|  59|0x0000000083b00000, 0x0000000083b00000, 0x0000000083c00000|  0%| F|  |TAMS 0x0000000083b00000, 0x0000000083b00000| Untracked 
|  60|0x0000000083c00000, 0x0000000083c00000, 0x0000000083d00000|  0%| F|  |TAMS 0x0000000083c00000, 0x0000000083c00000| Untracked 
|  61|0x0000000083d00000, 0x0000000083d00000, 0x0000000083e00000|  0%| F|  |TAMS 0x0000000083d00000, 0x0000000083d00000| Untracked 
|  62|0x0000000083e00000, 0x0000000083e00000, 0x0000000083f00000|  0%| F|  |TAMS 0x0000000083e00000, 0x0000000083e00000| Untracked 
|  63|0x0000000083f00000, 0x0000000083f00000, 0x0000000084000000|  0%| F|  |TAMS 0x0000000083f00000, 0x0000000083f00000| Untracked 
|  64|0x0000000084000000, 0x0000000084000000, 0x0000000084100000|  0%| F|  |TAMS 0x0000000084000000, 0x0000000084000000| Untracked 
|  65|0x0000000084100000, 0x0000000084100000, 0x0000000084200000|  0%| F|  |TAMS 0x0000000084100000, 0x0000000084100000| Untracked 
|  66|0x0000000084200000, 0x0000000084200000, 0x0000000084300000|  0%| F|  |TAMS 0x0000000084200000, 0x0000000084200000| Untracked 
|  67|0x0000000084300000, 0x0000000084300000, 0x0000000084400000|  0%| F|  |TAMS 0x0000000084300000, 0x0000000084300000| Untracked 
|  68|0x0000000084400000, 0x0000000084400000, 0x0000000084500000|  0%| F|  |TAMS 0x0000000084400000, 0x0000000084400000| Untracked 
|  69|0x0000000084500000, 0x0000000084500000, 0x0000000084600000|  0%| F|  |TAMS 0x0000000084500000, 0x0000000084500000| Untracked 
|  70|0x0000000084600000, 0x0000000084600000, 0x0000000084700000|  0%| F|  |TAMS 0x0000000084600000, 0x0000000084600000| Untracked 
|  71|0x0000000084700000, 0x0000000084700000, 0x0000000084800000|  0%| F|  |TAMS 0x0000000084700000, 0x0000000084700000| Untracked 
|  72|0x0000000084800000, 0x0000000084800000, 0x0000000084900000|  0%| F|  |TAMS 0x0000000084800000, 0x0000000084800000| Untracked 
|  73|0x0000000084900000, 0x0000000084900000, 0x0000000084a00000|  0%| F|  |TAMS 0x0000000084900000, 0x0000000084900000| Untracked 
|  74|0x0000000084a00000, 0x0000000084a00000, 0x0000000084b00000|  0%| F|  |TAMS 0x0000000084a00000, 0x0000000084a00000| Untracked 
|  75|0x0000000084b00000, 0x0000000084b00000, 0x0000000084c00000|  0%| F|  |TAMS 0x0000000084b00000, 0x0000000084b00000| Untracked 
|  76|0x0000000084c00000, 0x0000000084c00000, 0x0000000084d00000|  0%| F|  |TAMS 0x0000000084c00000, 0x0000000084c00000| Untracked 
|  77|0x0000000084d00000, 0x0000000084d00000, 0x0000000084e00000|  0%| F|  |TAMS 0x0000000084d00000, 0x0000000084d00000| Untracked 
|  78|0x0000000084e00000, 0x0000000084e00000, 0x0000000084f00000|  0%| F|  |TAMS 0x0000000084e00000, 0x0000000084e00000| Untracked 
|  79|0x0000000084f00000, 0x0000000084f00000, 0x0000000085000000|  0%| F|  |TAMS 0x0000000084f00000, 0x0000000084f00000| Untracked 
|  80|0x0000000085000000, 0x0000000085000000, 0x0000000085100000|  0%| F|  |TAMS 0x0000000085000000, 0x0000000085000000| Untracked 
|  81|0x0000000085100000, 0x0000000085100000, 0x0000000085200000|  0%| F|  |TAMS 0x0000000085100000, 0x0000000085100000| Untracked 
|  82|0x0000000085200000, 0x0000000085200000, 0x0000000085300000|  0%| F|  |TAMS 0x0000000085200000, 0x0000000085200000| Untracked 
|  83|0x0000000085300000, 0x0000000085300000, 0x0000000085400000|  0%| F|  |TAMS 0x0000000085300000, 0x0000000085300000| Untracked 
|  84|0x0000000085400000, 0x0000000085400000, 0x0000000085500000|  0%| F|  |TAMS 0x0000000085400000, 0x0000000085400000| Untracked 
|  85|0x0000000085500000, 0x0000000085500000, 0x0000000085600000|  0%| F|  |TAMS 0x0000000085500000, 0x0000000085500000| Untracked 
|  86|0x0000000085600000, 0x0000000085600000, 0x0000000085700000|  0%| F|  |TAMS 0x0000000085600000, 0x0000000085600000| Untracked 
|  87|0x0000000085700000, 0x0000000085700000, 0x0000000085800000|  0%| F|  |TAMS 0x0000000085700000, 0x0000000085700000| Untracked 
|  88|0x0000000085800000, 0x0000000085800000, 0x0000000085900000|  0%| F|  |TAMS 0x0000000085800000, 0x0000000085800000| Untracked 
|  89|0x0000000085900000, 0x0000000085900000, 0x0000000085a00000|  0%| F|  |TAMS 0x0000000085900000, 0x0000000085900000| Untracked 
|  90|0x0000000085a00000, 0x0000000085a00000, 0x0000000085b00000|  0%| F|  |TAMS 0x0000000085a00000, 0x0000000085a00000| Untracked 
|  91|0x0000000085b00000, 0x0000000085b00000, 0x0000000085c00000|  0%| F|  |TAMS 0x0000000085b00000, 0x0000000085b00000| Untracked 
|  92|0x0000000085c00000, 0x0000000085c00000, 0x0000000085d00000|  0%| F|  |TAMS 0x0000000085c00000, 0x0000000085c00000| Untracked 
|  93|0x0000000085d00000, 0x0000000085d00000, 0x0000000085e00000|  0%| F|  |TAMS 0x0000000085d00000, 0x0000000085d00000| Untracked 
|  94|0x0000000085e00000, 0x0000000085e00000, 0x0000000085f00000|  0%| F|  |TAMS 0x0000000085e00000, 0x0000000085e00000| Untracked 
|  95|0x0000000085f00000, 0x0000000085f00000, 0x0000000086000000|  0%| F|  |TAMS 0x0000000085f00000, 0x0000000085f00000| Untracked 
|  96|0x0000000086000000, 0x0000000086000000, 0x0000000086100000|  0%| F|  |TAMS 0x0000000086000000, 0x0000000086000000| Untracked 
|  97|0x0000000086100000, 0x0000000086100000, 0x0000000086200000|  0%| F|  |TAMS 0x0000000086100000, 0x0000000086100000| Untracked 
|  98|0x0000000086200000, 0x0000000086200000, 0x0000000086300000|  0%| F|  |TAMS 0x0000000086200000, 0x0000000086200000| Untracked 
|  99|0x0000000086300000, 0x0000000086300000, 0x0000000086400000|  0%| F|  |TAMS 0x0000000086300000, 0x0000000086300000| Untracked 
| 100|0x0000000086400000, 0x0000000086400000, 0x0000000086500000|  0%| F|  |TAMS 0x0000000086400000, 0x0000000086400000| Untracked 
| 101|0x0000000086500000, 0x0000000086500000, 0x0000000086600000|  0%| F|  |TAMS 0x0000000086500000, 0x0000000086500000| Untracked 
| 102|0x0000000086600000, 0x0000000086600000, 0x0000000086700000|  0%| F|  |TAMS 0x0000000086600000, 0x0000000086600000| Untracked 
| 103|0x0000000086700000, 0x0000000086700000, 0x0000000086800000|  0%| F|  |TAMS 0x0000000086700000, 0x0000000086700000| Untracked 
| 104|0x0000000086800000, 0x0000000086886e68, 0x0000000086900000| 52%| S|CS|TAMS 0x0000000086800000, 0x0000000086800000| Complete 
| 105|0x0000000086900000, 0x0000000086a00000, 0x0000000086a00000|100%| S|CS|TAMS 0x0000000086900000, 0x0000000086900000| Complete 
| 106|0x0000000086a00000, 0x0000000086b00000, 0x0000000086b00000|100%| S|CS|TAMS 0x0000000086a00000, 0x0000000086a00000| Complete 
| 107|0x0000000086b00000, 0x0000000086b00000, 0x0000000086c00000|  0%| F|  |TAMS 0x0000000086b00000, 0x0000000086b00000| Untracked 
| 108|0x0000000086c00000, 0x0000000086c00000, 0x0000000086d00000|  0%| F|  |TAMS 0x0000000086c00000, 0x0000000086c00000| Untracked 
| 109|0x0000000086d00000, 0x0000000086d00000, 0x0000000086e00000|  0%| F|  |TAMS 0x0000000086d00000, 0x0000000086d00000| Untracked 
| 110|0x0000000086e00000, 0x0000000086e00000, 0x0000000086f00000|  0%| F|  |TAMS 0x0000000086e00000, 0x0000000086e00000| Untracked 
| 111|0x0000000086f00000, 0x0000000086f00000, 0x0000000087000000|  0%| F|  |TAMS 0x0000000086f00000, 0x0000000086f00000| Untracked 
| 112|0x0000000087000000, 0x0000000087000000, 0x0000000087100000|  0%| F|  |TAMS 0x0000000087000000, 0x0000000087000000| Untracked 
| 113|0x0000000087100000, 0x0000000087100000, 0x0000000087200000|  0%| F|  |TAMS 0x0000000087100000, 0x0000000087100000| Untracked 
| 114|0x0000000087200000, 0x0000000087200000, 0x0000000087300000|  0%| F|  |TAMS 0x0000000087200000, 0x0000000087200000| Untracked 
| 115|0x0000000087300000, 0x0000000087300000, 0x0000000087400000|  0%| F|  |TAMS 0x0000000087300000, 0x0000000087300000| Untracked 
| 116|0x0000000087400000, 0x0000000087400000, 0x0000000087500000|  0%| F|  |TAMS 0x0000000087400000, 0x0000000087400000| Untracked 
| 117|0x0000000087500000, 0x0000000087500000, 0x0000000087600000|  0%| F|  |TAMS 0x0000000087500000, 0x0000000087500000| Untracked 
| 118|0x0000000087600000, 0x0000000087600000, 0x0000000087700000|  0%| F|  |TAMS 0x0000000087600000, 0x0000000087600000| Untracked 
| 119|0x0000000087700000, 0x0000000087700000, 0x0000000087800000|  0%| F|  |TAMS 0x0000000087700000, 0x0000000087700000| Untracked 
| 120|0x0000000087800000, 0x0000000087800000, 0x0000000087900000|  0%| F|  |TAMS 0x0000000087800000, 0x0000000087800000| Untracked 
| 121|0x0000000087900000, 0x0000000087900000, 0x0000000087a00000|  0%| F|  |TAMS 0x0000000087900000, 0x0000000087900000| Untracked 
| 122|0x0000000087a00000, 0x0000000087a00000, 0x0000000087b00000|  0%| F|  |TAMS 0x0000000087a00000, 0x0000000087a00000| Untracked 
| 123|0x0000000087b00000, 0x0000000087b00000, 0x0000000087c00000|  0%| F|  |TAMS 0x0000000087b00000, 0x0000000087b00000| Untracked 
| 124|0x0000000087c00000, 0x0000000087c00000, 0x0000000087d00000|  0%| F|  |TAMS 0x0000000087c00000, 0x0000000087c00000| Untracked 
| 125|0x0000000087d00000, 0x0000000087d00000, 0x0000000087e00000|  0%| F|  |TAMS 0x0000000087d00000, 0x0000000087d00000| Untracked 
| 126|0x0000000087e00000, 0x0000000087e00000, 0x0000000087f00000|  0%| F|  |TAMS 0x0000000087e00000, 0x0000000087e00000| Untracked 
| 127|0x0000000087f00000, 0x0000000087f00000, 0x0000000088000000|  0%| F|  |TAMS 0x0000000087f00000, 0x0000000087f00000| Untracked 
| 128|0x0000000088000000, 0x0000000088000000, 0x0000000088100000|  0%| F|  |TAMS 0x0000000088000000, 0x0000000088000000| Untracked 
| 129|0x0000000088100000, 0x0000000088100000, 0x0000000088200000|  0%| F|  |TAMS 0x0000000088100000, 0x0000000088100000| Untracked 
| 130|0x0000000088200000, 0x0000000088200000, 0x0000000088300000|  0%| F|  |TAMS 0x0000000088200000, 0x0000000088200000| Untracked 
| 131|0x0000000088300000, 0x0000000088300000, 0x0000000088400000|  0%| F|  |TAMS 0x0000000088300000, 0x0000000088300000| Untracked 
| 132|0x0000000088400000, 0x0000000088400000, 0x0000000088500000|  0%| F|  |TAMS 0x0000000088400000, 0x0000000088400000| Untracked 
| 133|0x0000000088500000, 0x0000000088500000, 0x0000000088600000|  0%| F|  |TAMS 0x0000000088500000, 0x0000000088500000| Untracked 
| 134|0x0000000088600000, 0x0000000088600000, 0x0000000088700000|  0%| F|  |TAMS 0x0000000088600000, 0x0000000088600000| Untracked 
| 135|0x0000000088700000, 0x0000000088700000, 0x0000000088800000|  0%| F|  |TAMS 0x0000000088700000, 0x0000000088700000| Untracked 
| 136|0x0000000088800000, 0x0000000088800000, 0x0000000088900000|  0%| F|  |TAMS 0x0000000088800000, 0x0000000088800000| Untracked 
| 137|0x0000000088900000, 0x0000000088965c08, 0x0000000088a00000| 39%| E|  |TAMS 0x0000000088900000, 0x0000000088900000| Complete 
| 138|0x0000000088a00000, 0x0000000088b00000, 0x0000000088b00000|100%| E|CS|TAMS 0x0000000088a00000, 0x0000000088a00000| Complete 
| 139|0x0000000088b00000, 0x0000000088c00000, 0x0000000088c00000|100%| E|CS|TAMS 0x0000000088b00000, 0x0000000088b00000| Complete 
| 140|0x0000000088c00000, 0x0000000088d00000, 0x0000000088d00000|100%| E|CS|TAMS 0x0000000088c00000, 0x0000000088c00000| Complete 
| 141|0x0000000088d00000, 0x0000000088e00000, 0x0000000088e00000|100%| E|CS|TAMS 0x0000000088d00000, 0x0000000088d00000| Complete 
| 142|0x0000000088e00000, 0x0000000088f00000, 0x0000000088f00000|100%| E|CS|TAMS 0x0000000088e00000, 0x0000000088e00000| Complete 
| 143|0x0000000088f00000, 0x0000000089000000, 0x0000000089000000|100%| E|CS|TAMS 0x0000000088f00000, 0x0000000088f00000| Complete 
| 144|0x0000000089000000, 0x0000000089100000, 0x0000000089100000|100%| E|CS|TAMS 0x0000000089000000, 0x0000000089000000| Complete 
| 145|0x0000000089100000, 0x0000000089200000, 0x0000000089200000|100%| E|CS|TAMS 0x0000000089100000, 0x0000000089100000| Complete 
| 146|0x0000000089200000, 0x0000000089300000, 0x0000000089300000|100%| E|CS|TAMS 0x0000000089200000, 0x0000000089200000| Complete 
| 147|0x0000000089300000, 0x0000000089400000, 0x0000000089400000|100%| E|CS|TAMS 0x0000000089300000, 0x0000000089300000| Complete 
| 148|0x0000000089400000, 0x0000000089500000, 0x0000000089500000|100%| E|CS|TAMS 0x0000000089400000, 0x0000000089400000| Complete 
| 149|0x0000000089500000, 0x0000000089600000, 0x0000000089600000|100%| E|CS|TAMS 0x0000000089500000, 0x0000000089500000| Complete 
| 150|0x0000000089600000, 0x0000000089700000, 0x0000000089700000|100%| E|CS|TAMS 0x0000000089600000, 0x0000000089600000| Complete 
| 151|0x0000000089700000, 0x0000000089800000, 0x0000000089800000|100%| E|CS|TAMS 0x0000000089700000, 0x0000000089700000| Complete 
| 152|0x0000000089800000, 0x0000000089900000, 0x0000000089900000|100%| E|CS|TAMS 0x0000000089800000, 0x0000000089800000| Complete 
| 153|0x0000000089900000, 0x0000000089a00000, 0x0000000089a00000|100%| E|CS|TAMS 0x0000000089900000, 0x0000000089900000| Complete 

Card table byte_map: [0x000002162f750000,0x000002162fb50000] _byte_map_base: 0x000002162f350000

Marking Bits (Prev, Next): (CMBitMap*) 0x00000216170bfa70, (CMBitMap*) 0x00000216170bfa38
 Prev Bits: [0x0000021631f50000, 0x0000021633f50000)
 Next Bits: [0x000002162ff50000, 0x0000021631f50000)

Polling page: 0x0000021616ec0000

Metaspace:

Usage:
  Non-class:     20.85 MB capacity,    20.53 MB ( 98%) used,   262.48 KB (  1%) free+waste,    63.81 KB ( <1%) overhead. 
      Class:      2.83 MB capacity,     2.59 MB ( 92%) used,   204.18 KB (  7%) free+waste,    32.31 KB (  1%) overhead. 
       Both:     23.67 MB capacity,    23.12 MB ( 98%) used,   466.66 KB (  2%) free+waste,    96.13 KB ( <1%) overhead. 

Virtual space:
  Non-class space:       22.00 MB reserved,      21.00 MB ( 95%) committed 
      Class space:        1.00 GB reserved,       2.88 MB ( <1%) committed 
             Both:        1.02 GB reserved,      23.88 MB (  2%) committed 

Chunk freelists:
   Non-Class:  3.13 KB
       Class:  2.25 KB
        Both:  5.38 KB

CodeHeap 'non-profiled nmethods': size=120064Kb used=645Kb max_used=645Kb free=119418Kb
 bounds [0x0000021627a10000, 0x0000021627c80000, 0x000002162ef50000]
CodeHeap 'profiled nmethods': size=120000Kb used=3834Kb max_used=3834Kb free=116165Kb
 bounds [0x00000216204e0000, 0x00000216208a0000, 0x0000021627a10000]
CodeHeap 'non-nmethods': size=5696Kb used=1133Kb max_used=1154Kb free=4563Kb
 bounds [0x000002161ff50000, 0x00000216201c0000, 0x00000216204e0000]
 total_blobs=2392 nmethods=1954 adapters=349
 compilation: enabled
              stopped_count=0, restarted_count=0
 full_count=0

Compilation events (10 events):
Event: 2.691 Thread 0x000002163633e000 1922       3       java.io.ByteArrayOutputStream::<init> (43 bytes)
Event: 2.692 Thread 0x000002163633e000 nmethod 1922 0x000002162088e890 code [0x000002162088eb00, 0x000002162088f518]
Event: 2.692 Thread 0x000002163633e000 1923       3       java.io.ByteArrayOutputStream::<init> (7 bytes)
Event: 2.692 Thread 0x000002163633e000 nmethod 1923 0x000002162088f890 code [0x000002162088fa40, 0x000002162088fb68]
Event: 2.694 Thread 0x000002163633e000 1924   !   3       java.lang.reflect.Executable::declaredAnnotations (85 bytes)
Event: 2.694 Thread 0x000002163633e000 nmethod 1924 0x000002162088fc10 code [0x000002162088fe40, 0x00000216208907a8]
Event: 2.696 Thread 0x000002163633e000 1926       3       jdk.internal.reflect.ReflectionFactory::copyConstructor (10 bytes)
Event: 2.696 Thread 0x000002163633e000 nmethod 1926 0x0000021620890b10 code [0x0000021620890ce0, 0x0000021620890fe8]
Event: 2.696 Thread 0x000002163633e000 1927       3       java.lang.reflect.Constructor::<init> (50 bytes)
Event: 2.697 Thread 0x000002163633e000 nmethod 1927 0x0000021620891190 code [0x0000021620891360, 0x00000216208917d8]

GC Heap History (10 events):
Event: 0.474 GC heap before
{Heap before GC invocations=0 (full 0):
 garbage-first heap   total 131072K, used 7168K [0x0000000080000000, 0x0000000100000000)
  region size 1024K, 7 young (7168K), 0 survivors (0K)
 Metaspace       used 6573K, capacity 6707K, committed 6784K, reserved 1056768K
  class space    used 575K, capacity 638K, committed 640K, reserved 1048576K
}
Event: 0.479 GC heap after
{Heap after GC invocations=1 (full 0):
 garbage-first heap   total 131072K, used 5416K [0x0000000080000000, 0x0000000100000000)
  region size 1024K, 1 young (1024K), 1 survivors (1024K)
 Metaspace       used 6573K, capacity 6707K, committed 6784K, reserved 1056768K
  class space    used 575K, capacity 638K, committed 640K, reserved 1048576K
}
Event: 0.915 GC heap before
{Heap before GC invocations=1 (full 0):
 garbage-first heap   total 131072K, used 10536K [0x0000000080000000, 0x0000000100000000)
  region size 1024K, 6 young (6144K), 1 survivors (1024K)
 Metaspace       used 9252K, capacity 9328K, committed 9600K, reserved 1058816K
  class space    used 839K, capacity 872K, committed 896K, reserved 1048576K
}
Event: 0.923 GC heap after
{Heap after GC invocations=2 (full 0):
 garbage-first heap   total 131072K, used 6607K [0x0000000080000000, 0x0000000100000000)
  region size 1024K, 1 young (1024K), 1 survivors (1024K)
 Metaspace       used 9252K, capacity 9328K, committed 9600K, reserved 1058816K
  class space    used 839K, capacity 872K, committed 896K, reserved 1048576K
}
Event: 1.370 GC heap before
{Heap before GC invocations=2 (full 0):
 garbage-first heap   total 131072K, used 17871K [0x0000000080000000, 0x0000000100000000)
  region size 1024K, 12 young (12288K), 1 survivors (1024K)
 Metaspace       used 12208K, capacity 12410K, committed 12672K, reserved 1060864K
  class space    used 1212K, capacity 1292K, committed 1408K, reserved 1048576K
}
Event: 1.375 GC heap after
{Heap after GC invocations=3 (full 0):
 garbage-first heap   total 131072K, used 7277K [0x0000000080000000, 0x0000000100000000)
  region size 1024K, 2 young (2048K), 2 survivors (2048K)
 Metaspace       used 12208K, capacity 12410K, committed 12672K, reserved 1060864K
  class space    used 1212K, capacity 1292K, committed 1408K, reserved 1048576K
}
Event: 1.938 GC heap before
{Heap before GC invocations=3 (full 0):
 garbage-first heap   total 131072K, used 23661K [0x0000000080000000, 0x0000000100000000)
  region size 1024K, 18 young (18432K), 2 survivors (2048K)
 Metaspace       used 16567K, capacity 17027K, committed 17152K, reserved 1064960K
  class space    used 1768K, capacity 1948K, committed 2048K, reserved 1048576K
}
Event: 1.946 GC heap after
{Heap after GC invocations=4 (full 0):
 garbage-first heap   total 131072K, used 8573K [0x0000000080000000, 0x0000000100000000)
  region size 1024K, 2 young (2048K), 2 survivors (2048K)
 Metaspace       used 16567K, capacity 17027K, committed 17152K, reserved 1064960K
  class space    used 1768K, capacity 1948K, committed 2048K, reserved 1048576K
}
Event: 2.281 GC heap before
{Heap before GC invocations=4 (full 0):
 garbage-first heap   total 131072K, used 25981K [0x0000000080000000, 0x0000000100000000)
  region size 1024K, 21 young (21504K), 2 survivors (2048K)
 Metaspace       used 20701K, capacity 21128K, committed 21248K, reserved 1069056K
  class space    used 2237K, capacity 2446K, committed 2560K, reserved 1048576K
}
Event: 2.289 GC heap after
{Heap after GC invocations=5 (full 0):
 garbage-first heap   total 157696K, used 9113K [0x0000000080000000, 0x0000000100000000)
  region size 1024K, 3 young (3072K), 3 survivors (3072K)
 Metaspace       used 20701K, capacity 21128K, committed 21248K, reserved 1069056K
  class space    used 2237K, capacity 2446K, committed 2560K, reserved 1048576K
}

Deoptimization events (10 events):
Event: 1.768 Thread 0x0000021617082800 Uncommon trap: reason=bimorphic_or_optimized_type_check action=maybe_recompile pc=0x0000021627a63564 method=java.util.HashMap.putVal(ILjava/lang/Object;Ljava/lang/Object;ZZ)Ljava/lang/Object; @ 91 c2
Event: 2.239 Thread 0x0000021637dbb800 Uncommon trap: reason=unstable_if action=reinterpret pc=0x0000021627a6ed78 method=java.util.concurrent.ConcurrentHashMap.addCount(JI)V @ 168 c2
Event: 2.241 Thread 0x0000021637dbb800 Uncommon trap: reason=unstable_if action=reinterpret pc=0x0000021627a6ff6c method=java.util.concurrent.ConcurrentHashMap.addCount(JI)V @ 168 c2
Event: 2.348 Thread 0x0000021617082800 Uncommon trap: reason=unstable_if action=reinterpret pc=0x0000021627a57d2c method=java.util.HashMap.hash(Ljava/lang/Object;)I @ 1 c2
Event: 2.374 Thread 0x0000021637dbb800 Uncommon trap: reason=unstable_if action=reinterpret pc=0x0000021627a71ffc method=jdk.internal.org.objectweb.asm.Type.getArgumentsAndReturnSizes(Ljava/lang/String;)I @ 47 c2
Event: 2.374 Thread 0x0000021637dbb800 Uncommon trap: reason=unstable_if action=reinterpret pc=0x0000021627a921c8 method=jdk.internal.org.objectweb.asm.Frame.push(Ljdk/internal/org/objectweb/asm/ClassWriter;Ljava/lang/String;)V @ 18 c2
Event: 2.378 Thread 0x0000021617082800 Uncommon trap: reason=unstable_if action=reinterpret pc=0x0000021627a80594 method=java.util.HashMap.getNode(ILjava/lang/Object;)Ljava/util/HashMap$Node; @ 129 c2
Event: 2.563 Thread 0x0000021617082800 Uncommon trap: reason=unstable_if action=reinterpret pc=0x0000021627a5996c method=java.util.concurrent.ConcurrentHashMap.get(Ljava/lang/Object;)Ljava/lang/Object; @ 76 c2
Event: 2.631 Thread 0x0000021617082800 Uncommon trap: reason=unstable_if action=reinterpret pc=0x0000021627a550e8 method=java.io.WinNTFileSystem.normalize(Ljava/lang/String;)Ljava/lang/String; @ 128 c2
Event: 2.631 Thread 0x0000021617082800 Uncommon trap: reason=unstable_if action=reinterpret pc=0x0000021627a2f5ec method=java.util.zip.ZipFile$Source.getEntryPos([BZ)I @ 156 c2

Classes redefined (0 events):
No events

Internal exceptions (10 events):
Event: 2.574 Thread 0x0000021617082800 Exception <a 'java/lang/ClassNotFoundException'{0x0000000088ef2080}: org/springframework/core/OrderedCustomizer> (0x0000000088ef2080) thrown at [./open/src/hotspot/share/classfile/systemDictionary.cpp, line 226]
Event: 2.574 Thread 0x0000021617082800 Exception <a 'java/lang/ClassNotFoundException'{0x0000000088d01cf0}: org/springframework/context/ResourceLoaderAwareCustomizer> (0x0000000088d01cf0) thrown at [./open/src/hotspot/share/classfile/systemDictionary.cpp, line 226]
Event: 2.575 Thread 0x0000021617082800 Exception <a 'java/lang/ClassNotFoundException'{0x0000000088d10738}: org/springframework/beans/factory/AwareCustomizer> (0x0000000088d10738) thrown at [./open/src/hotspot/share/classfile/systemDictionary.cpp, line 226]
Event: 2.575 Thread 0x0000021617082800 Exception <a 'java/lang/ClassNotFoundException'{0x0000000088d1f9f8}: org/springframework/context/ApplicationStartupAwareCustomizer> (0x0000000088d1f9f8) thrown at [./open/src/hotspot/share/classfile/systemDictionary.cpp, line 226]
Event: 2.576 Thread 0x0000021617082800 Exception <a 'java/lang/ClassNotFoundException'{0x0000000088d2e6b8}: org/springframework/beans/factory/AwareCustomizer> (0x0000000088d2e6b8) thrown at [./open/src/hotspot/share/classfile/systemDictionary.cpp, line 226]
Event: 2.576 Thread 0x0000021617082800 Exception <a 'java/lang/ClassNotFoundException'{0x0000000088d3ddb0}: org/springframework/beans/factory/BeanClassLoaderAwareCustomizer> (0x0000000088d3ddb0) thrown at [./open/src/hotspot/share/classfile/systemDictionary.cpp, line 226]
Event: 2.577 Thread 0x0000021617082800 Exception <a 'java/lang/ClassNotFoundException'{0x0000000088d4c810}: org/springframework/beans/factory/AwareCustomizer> (0x0000000088d4c810) thrown at [./open/src/hotspot/share/classfile/systemDictionary.cpp, line 226]
Event: 2.578 Thread 0x0000021617082800 Exception <a 'java/lang/ClassNotFoundException'{0x0000000088d5ad98}: org/springframework/context/EnvironmentAwareCustomizer> (0x0000000088d5ad98) thrown at [./open/src/hotspot/share/classfile/systemDictionary.cpp, line 226]
Event: 2.578 Thread 0x0000021617082800 Exception <a 'java/lang/ClassNotFoundException'{0x0000000088d699c8}: org/springframework/beans/factory/AwareCustomizer> (0x0000000088d699c8) thrown at [./open/src/hotspot/share/classfile/systemDictionary.cpp, line 226]
Event: 2.627 Thread 0x0000021617082800 Exception <a 'java/lang/NoSuchMethodError'{0x0000000088cd3990}: java.lang.invoke.DirectMethodHandle$Holder.invokeVirtual(Ljava/lang/Object;Ljava/lang/Object;Ljava/lang/Object;)Ljava/lang/Object;> (0x0000000088cd3990) thrown at [./open/src/hotspot/share/in

Events (10 events):
Event: 2.678 loading class org/springframework/core/type/classreading/MergedAnnotationReadingVisitor
Event: 2.678 loading class org/springframework/core/type/classreading/MergedAnnotationReadingVisitor done
Event: 2.679 loading class org/springframework/web/bind/annotation/RequestMapping
Event: 2.679 loading class org/springframework/web/bind/annotation/RequestMapping done
Event: 2.679 loading class org/springframework/web/bind/annotation/RequestMethod
Event: 2.679 loading class org/springframework/web/bind/annotation/RequestMethod done
Event: 2.690 loading class org/springframework/web/bind/annotation/Mapping
Event: 2.690 loading class org/springframework/web/bind/annotation/Mapping done
Event: 2.697 loading class org/springframework/web/bind/annotation/GetMapping
Event: 2.697 loading class org/springframework/web/bind/annotation/GetMapping done


Dynamic libraries:
0x00007ff732b30000 - 0x00007ff732b3f000 	C:\Program Files\Java\jdk-11.0.16\bin\java.exe
0x00007ff892410000 - 0x00007ff892608000 	C:\Windows\SYSTEM32\ntdll.dll
0x00007ff890460000 - 0x00007ff89051f000 	C:\Windows\System32\KERNEL32.DLL
0x00007ff88ff80000 - 0x00007ff890252000 	C:\Windows\System32\KERNELBASE.dll
0x00007ff88fc40000 - 0x00007ff88fd40000 	C:\Windows\System32\ucrtbase.dll
0x00007ff87add0000 - 0x00007ff87ade5000 	C:\Program Files\Java\jdk-11.0.16\bin\VCRUNTIME140.dll
0x00007ff87b500000 - 0x00007ff87b518000 	C:\Program Files\Java\jdk-11.0.16\bin\jli.dll
0x00007ff892220000 - 0x00007ff8922ce000 	C:\Windows\System32\ADVAPI32.dll
0x00007ff890dd0000 - 0x00007ff890e6e000 	C:\Windows\System32\msvcrt.dll
0x00007ff890d30000 - 0x00007ff890dcc000 	C:\Windows\System32\sechost.dll
0x00007ff891ef0000 - 0x00007ff892015000 	C:\Windows\System32\RPCRT4.dll
0x00007ff890570000 - 0x00007ff89070d000 	C:\Windows\System32\USER32.dll
0x00007ff88fbc0000 - 0x00007ff88fbe2000 	C:\Windows\System32\win32u.dll
0x00007ff891300000 - 0x00007ff89132b000 	C:\Windows\System32\GDI32.dll
0x00007ff88fe70000 - 0x00007ff88ff7f000 	C:\Windows\System32\gdi32full.dll
0x00007ff8903c0000 - 0x00007ff89045d000 	C:\Windows\System32\msvcp_win.dll
0x00007ff877a10000 - 0x00007ff877caa000 	C:\Windows\WinSxS\amd64_microsoft.windows.common-controls_6595b64144ccf1df_6.0.19041.1110_none_60b5254171f9507e\COMCTL32.dll
0x00007ff8873e0000 - 0x00007ff8873ea000 	C:\Windows\SYSTEM32\VERSION.dll
0x00007ff890520000 - 0x00007ff890552000 	C:\Windows\System32\IMM32.DLL
0x00007ff86e270000 - 0x00007ff86e30b000 	C:\Program Files\Java\jdk-11.0.16\bin\msvcp140.dll
0x00007ff837e10000 - 0x00007ff838928000 	C:\Program Files\Java\jdk-11.0.16\bin\server\jvm.dll
0x00007ff890560000 - 0x00007ff890568000 	C:\Windows\System32\PSAPI.DLL
0x00007ff8635f0000 - 0x00007ff8635f9000 	C:\Windows\SYSTEM32\WSOCK32.dll
0x00007ff891af0000 - 0x00007ff891b5b000 	C:\Windows\System32\WS2_32.dll
0x00007ff86dfc0000 - 0x00007ff86dfe7000 	C:\Windows\SYSTEM32\WINMM.dll
0x00007ff88d9b0000 - 0x00007ff88d9c2000 	C:\Windows\SYSTEM32\kernel.appcore.dll
0x00007ff87db50000 - 0x00007ff87db60000 	C:\Program Files\Java\jdk-11.0.16\bin\verify.dll
0x00007ff87f550000 - 0x00007ff87f734000 	C:\Windows\SYSTEM32\DBGHELP.DLL
0x00007ff8813d0000 - 0x00007ff8813fc000 	C:\Windows\SYSTEM32\dbgcore.DLL
0x00007ff88fd70000 - 0x00007ff88fdf2000 	C:\Windows\System32\bcryptPrimitives.dll
0x00007ff8774b0000 - 0x00007ff8774d8000 	C:\Program Files\Java\jdk-11.0.16\bin\java.dll
0x00007ff87b4f0000 - 0x00007ff87b4fa000 	C:\Program Files\Java\jdk-11.0.16\bin\jimage.dll
0x00007ff888a80000 - 0x00007ff888a8e000 	C:\Program Files\Java\jdk-11.0.16\bin\instrument.dll
0x00007ff877490000 - 0x00007ff8774a6000 	C:\Program Files\Java\jdk-11.0.16\bin\zip.dll
0x00007ff8913a0000 - 0x00007ff891ae3000 	C:\Windows\System32\SHELL32.dll
0x00007ff88dbb0000 - 0x00007ff88e342000 	C:\Windows\SYSTEM32\windows.storage.dll
0x00007ff890fa0000 - 0x00007ff8912f4000 	C:\Windows\System32\combase.dll
0x00007ff88f3b0000 - 0x00007ff88f3e0000 	C:\Windows\SYSTEM32\Wldp.dll
0x00007ff891b60000 - 0x00007ff891c0d000 	C:\Windows\System32\SHCORE.dll
0x00007ff892020000 - 0x00007ff892075000 	C:\Windows\System32\shlwapi.dll
0x00007ff88fa50000 - 0x00007ff88fa6f000 	C:\Windows\SYSTEM32\profapi.dll
0x00007ff877390000 - 0x00007ff8773a9000 	C:\Program Files\Java\jdk-11.0.16\bin\net.dll
0x00007ff8870e0000 - 0x00007ff8871ec000 	C:\Windows\SYSTEM32\WINHTTP.dll
0x00007ff88f190000 - 0x00007ff88f1fa000 	C:\Windows\system32\mswsock.dll
0x00007ff876cd0000 - 0x00007ff876ce2000 	C:\Program Files\Java\jdk-11.0.16\bin\nio.dll
0x00007ff870580000 - 0x00007ff87059a000 	C:\Program Files\JetBrains\IntelliJ IDEA Community Edition 2022.2.1\bin\breakgen64.dll
0x00007ff888650000 - 0x00007ff888659000 	C:\Program Files\Java\jdk-11.0.16\bin\management.dll
0x00007ff877cf0000 - 0x00007ff877cfb000 	C:\Program Files\Java\jdk-11.0.16\bin\management_ext.dll
0x00007ff8748e0000 - 0x00007ff8748f7000 	C:\Windows\system32\napinsp.dll
0x00007ff8748c0000 - 0x00007ff8748db000 	C:\Windows\system32\pnrpnsp.dll
0x00007ff8748a0000 - 0x00007ff8748b5000 	C:\Windows\system32\wshbth.dll
0x00007ff88b0d0000 - 0x00007ff88b0ed000 	C:\Windows\system32\NLAapi.dll
0x00007ff88eea0000 - 0x00007ff88eedb000 	C:\Windows\SYSTEM32\IPHLPAPI.DLL
0x00007ff88eef0000 - 0x00007ff88efba000 	C:\Windows\SYSTEM32\DNSAPI.dll
0x00007ff891c10000 - 0x00007ff891c18000 	C:\Windows\System32\NSI.dll
0x00007ff874880000 - 0x00007ff874892000 	C:\Windows\System32\winrnr.dll
0x00007ff886f60000 - 0x00007ff886f6a000 	C:\Windows\System32\rasadhlp.dll
0x00007ff887060000 - 0x00007ff8870e0000 	C:\Windows\System32\fwpuclnt.dll
0x00007ff88fd40000 - 0x00007ff88fd67000 	C:\Windows\System32\bcrypt.dll

dbghelp: loaded successfully - version: 4.0.5 - missing functions: none
symbol engine: initialized successfully - sym options: 0x614 - pdb path: .;C:\Program Files\Java\jdk-11.0.16\bin;C:\Windows\SYSTEM32;C:\Windows\WinSxS\amd64_microsoft.windows.common-controls_6595b64144ccf1df_6.0.19041.1110_none_60b5254171f9507e;C:\Program Files\Java\jdk-11.0.16\bin\server;C:\Program Files\JetBrains\IntelliJ IDEA Community Edition 2022.2.1\bin

VM Arguments:
jvm_args: -javaagent:C:\Program Files\JetBrains\IntelliJ IDEA Community Edition 2022.2.1\lib\idea_rt.jar=57718:C:\Program Files\JetBrains\IntelliJ IDEA Community Edition 2022.2.1\bin -Dfile.encoding=UTF-8 
java_command: com.example.pension.management.service.PensionManagementServiceApplication
java_class_path (initial): C:\Users\sfjbs\Desktop\pension-management-service\target\classes;C:\Users\sfjbs\.m2\repository\org\springframework\boot\spring-boot-starter-web\2.7.5\spring-boot-starter-web-2.7.5.jar;C:\Users\sfjbs\.m2\repository\org\springframework\boot\spring-boot-starter\2.7.5\spring-boot-starter-2.7.5.jar;C:\Users\sfjbs\.m2\repository\org\springframework\boot\spring-boot\2.7.5\spring-boot-2.7.5.jar;C:\Users\sfjbs\.m2\repository\org\springframework\boot\spring-boot-autoconfigure\2.7.5\spring-boot-autoconfigure-2.7.5.jar;C:\Users\sfjbs\.m2\repository\org\springframework\boot\spring-boot-starter-logging\2.7.5\spring-boot-starter-logging-2.7.5.jar;C:\Users\sfjbs\.m2\repository\ch\qos\logback\logback-classic\1.2.11\logback-classic-1.2.11.jar;C:\Users\sfjbs\.m2\repository\ch\qos\logback\logback-core\1.2.11\logback-core-1.2.11.jar;C:\Users\sfjbs\.m2\repository\org\apache\logging\log4j\log4j-to-slf4j\2.17.2\log4j-to-slf4j-2.17.2.jar;C:\Users\sfjbs\.m2\repository\org\apache\logging\log4j\log4j-api\2.17.2\log4j-api-2.17.2.jar;C:\Users\sfjbs\.m2\repository\org\slf4j\jul-to-slf4j\1.7.36\jul-to-slf4j-1.7.36.jar;C:\Users\sfjbs\.m2\repository\jakarta\annotation\jakarta.annotation-api\1.3.5\jakarta.annotation-api-1.3.5.jar;C:\Users\sfjbs\.m2\repository\org\yaml\snakeyaml\1.30\snakeyaml-1.30.jar;C:\Users\sfjbs\.m2\repository\org\springframework\boot\spring-boot-starter-json\2.7.5\spring-boot-starter-json-2.7.5.jar;C:\Users\sfjbs\.m2\repository\com\fasterxml\jackson\core\jackson-databind\2.13.4.2\jackson-databind-2.13.4.2.jar;C:\Users\sfjbs\.m2\repository\com\fasterxml\jackson\core\jackson-annotations\2.13.4\jackson-annotations-2.13.4.jar;C:\Users\sfjbs\.m2\repository\com\fasterxml\jackson\core\jackson-core\2.13.4\jackson-core-2.13.4.jar;C:\Users\sfjbs\.m2\repository\com\fasterxml\jackson\datatype\jackson-datatype-jdk8\2.13.4\jackson-datatype-jdk8-2.13.4.jar;C:\Users\sfjbs\.m2\repository\com\fasterxml\jackson\datatype\jackson-datatype-jsr310\2.13.4\jackson-datatype-j
Launcher Type: SUN_STANDARD

[Global flags]
     intx CICompilerCount                          = 2                                         {product} {ergonomic}
     uint ConcGCThreads                            = 1                                         {product} {ergonomic}
     uint G1ConcRefinementThreads                  = 2                                         {product} {ergonomic}
   size_t G1HeapRegionSize                         = 1048576                                   {product} {ergonomic}
    uintx GCDrainStackTargetSize                   = 64                                        {product} {ergonomic}
   size_t InitialHeapSize                          = 134217728                                 {product} {ergonomic}
   size_t MarkStackSize                            = 4194304                                   {product} {ergonomic}
   size_t MaxHeapSize                              = 2147483648                                {product} {ergonomic}
   size_t MaxNewSize                               = 1287651328                                {product} {ergonomic}
   size_t MinHeapDeltaBytes                        = 1048576                                   {product} {ergonomic}
    uintx NonNMethodCodeHeapSize                   = 5825164                                {pd product} {ergonomic}
    uintx NonProfiledCodeHeapSize                  = 122916538                              {pd product} {ergonomic}
    uintx ProfiledCodeHeapSize                     = 122916538                              {pd product} {ergonomic}
    uintx ReservedCodeCacheSize                    = 251658240                              {pd product} {ergonomic}
     bool SegmentedCodeCache                       = true                                      {product} {ergonomic}
     bool UseCompressedClassPointers               = true                                 {lp64_product} {ergonomic}
     bool UseCompressedOops                        = true                                 {lp64_product} {ergonomic}
     bool UseG1GC                                  = true                                      {product} {ergonomic}
     bool UseLargePagesIndividualAllocation        = false                                  {pd product} {ergonomic}

Logging:
Log output configuration:
 #0: stdout all=warning uptime,level,tags
 #1: stderr all=off uptime,level,tags

Environment Variables:
PATH=C:\Program Files\Common Files\Oracle\Java\javapath;C:\Windows\system32;C:\Windows;C:\Windows\System32\Wbem;C:\Windows\System32\WindowsPowerShell\v1.0\;C:\Windows\System32\OpenSSH\;C:\Users\sfjbs\Downloads\micro service-20221021T070406Z-001\micro service\apache-maven-3.8.5-bin.zip\apache-maven-3.8.5\bin;C:\Users\sfjbs\Downloads\micro service-20221021T070406Z-001\micro service\apache-maven-3.8.5-bin.zip\apache-maven-3.8.5\lib;C:\Program Files\Git\cmd;C:\Program Files\Docker\Docker\resources\bin;C:\Users\sfjbs\AppData\Local\Microsoft\WindowsApps;C:\Users\sfjbs\Downloads\micro service-20221021T070406Z-001\micro service\apache-maven-3.8.5-bin.zip\apache-maven-3.8.5\bin;C:\Users\sfjbs\Downloads\micro service-20221021T070406Z-001\micro service\apache-maven-3.8.5-bin.zip\apache-maven-3.8.5\lib;;C:\Program Files\JetBrains\IntelliJ IDEA Community Edition 2022.2.1\bin;
USERNAME=sfjbs
OS=Windows_NT
PROCESSOR_IDENTIFIER=Intel64 Family 6 Model 106 Stepping 6, GenuineIntel



---------------  S Y S T E M  ---------------

OS: Windows 10 , 64 bit Build 19041 (10.0.19041.2251)
Hyper-V role detected

CPU:total 2 (initial active 2) (1 cores per cpu, 2 threads per core) family 6 model 106 stepping 6 microcode 0xffffffff, cmov, cx8, fxsr, mmx, sse, sse2, sse3, ssse3, sse4.1, sse4.2, popcnt, avx, avx2, aes, clmul, erms, rtm, 3dnowpref, lzcnt, ht, tsc, bmi1, bmi2, adx, evex, fma

Memory: 4k page, system-wide physical 8190M (439M free)
TotalPageFile size 10238M (AvailPageFile size 5M)
current process WorkingSet (physical memory assigned to process): 122M, peak: 122M
current process commit charge ("private bytes"): 259M, peak: 260M

vm_info: Java HotSpot(TM) 64-Bit Server VM (11.0.16+11-LTS-199) for windows-amd64 JRE (11.0.16+11-LTS-199), built on Jun 28 2022 08:23:17 by "mach5one" with MS VC++ 15.9 (VS2017)

END.
