#
# There is insufficient memory for the Java Runtime Environment to continue.
# Native memory allocation (malloc) failed to allocate 1161136 bytes for Chunk::new
# Possible reasons:
#   The system is out of physical RAM or swap space
#   The process is running with CompressedOops enabled, and the Java Heap may be blocking the growth of the native heap
# Possible solutions:
#   Reduce memory load on the system
#   Increase physical memory or swap space
#   Check if swap backing store is full
#   Decrease Java heap size (-Xmx/-Xms)
#   Decrease number of Java threads
#   Decrease Java thread stack sizes (-Xss)
#   Set larger code cache with -XX:ReservedCodeCacheSize=
#   JVM is running with Unscaled Compressed Oops mode in which the Java heap is
#     placed in the first 4GB address space. The Java Heap base address is the
#     maximum limit for the native heap growth. Please use -XX:HeapBaseMinAddress
#     to set the Java Heap base and to place the Java Heap above 4GB virtual address.
# This output file may be truncated or incomplete.
#
#  Out of Memory Error (./open/src/hotspot/share/memory/arena.cpp:197), pid=1752, tid=7212
#
# JRE version: Java(TM) SE Runtime Environment 18.9 (11.0.16+11) (build 11.0.16+11-LTS-199)
# Java VM: Java HotSpot(TM) 64-Bit Server VM 18.9 (11.0.16+11-LTS-199, mixed mode, tiered, compressed oops, g1 gc, windows-amd64)
# No core dump will be written. Minidumps are not enabled by default on client versions of Windows
#

---------------  S U M M A R Y ------------

Command Line: -ea -Didea.test.cyclic.buffer.size=1048576 -javaagent:C:\Program Files\JetBrains\IntelliJ IDEA Community Edition 2022.2.1\lib\idea_rt.jar=58631:C:\Program Files\JetBrains\IntelliJ IDEA Community Edition 2022.2.1\bin -Dfile.encoding=UTF-8 com.intellij.rt.junit.JUnitStarter -ideVersion5 -junit5 @w@C:\Users\sfjbs\AppData\Local\Temp\idea_working_dirs_junit.tmp @C:\Users\sfjbs\AppData\Local\Temp\idea_junit.tmp -socket58630

Host: Intel(R) Xeon(R) Platinum 8272CL CPU @ 2.60GHz, 2 cores, 7G,  Windows 10 , 64 bit Build 19041 (10.0.19041.1889)
Time: Tue Nov  1 13:04:09 2022 Coordinated Universal Time elapsed time: 7.511011 seconds (0d 0h 0m 7s)

---------------  T H R E A D  ---------------

Current thread (0x000001cd7c8b9800):  JavaThread "C2 CompilerThread0" daemon [_thread_in_native, id=7212, stack(0x0000003abe200000,0x0000003abe300000)]


Current CompileTask:
C2:   7511 3119       4       org.springframework.beans.factory.support.AbstractBeanFactory::isTypeMatch (607 bytes)

Stack: [0x0000003abe200000,0x0000003abe300000]
Native frames: (J=compiled Java code, j=interpreted, Vv=VM code, C=native code)
V  [jvm.dll+0x62a3ea]
V  [jvm.dll+0x76418f]
V  [jvm.dll+0x765839]
V  [jvm.dll+0x765ec3]
V  [jvm.dll+0x23da98]
V  [jvm.dll+0xb2a1c]
V  [jvm.dll+0xb2fdc]
V  [jvm.dll+0x341487]
V  [jvm.dll+0x30ec83]
V  [jvm.dll+0x30dfca]
V  [jvm.dll+0x1f84a5]
V  [jvm.dll+0x1f768d]
V  [jvm.dll+0x177c81]
V  [jvm.dll+0x207006]
V  [jvm.dll+0x20519b]
V  [jvm.dll+0x729fa0]
V  [jvm.dll+0x722b74]
V  [jvm.dll+0x629286]
C  [ucrtbase.dll+0x21bb2]
C  [KERNEL32.DLL+0x17034]
C  [ntdll.dll+0x526a1]


---------------  P R O C E S S  ---------------

Threads class SMR info:
_java_thread_list=0x000001cd7ed9e4e0, length=11, elements={
0x000001cd6e620800, 0x000001cd7c89b000, 0x000001cd7c89c000, 0x000001cd7d232800,
0x000001cd7c8b5800, 0x000001cd7c8b8800, 0x000001cd7c8b9800, 0x000001cd7c8ee800,
0x000001cd7d265000, 0x000001cd6e6fc000, 0x000001cd7d47a000
}

Java Threads: ( => current thread )
  0x000001cd6e620800 JavaThread "main" [_thread_in_Java, id=7540, stack(0x0000003abd600000,0x0000003abd700000)]
  0x000001cd7c89b000 JavaThread "Reference Handler" daemon [_thread_blocked, id=9636, stack(0x0000003abdd00000,0x0000003abde00000)]
  0x000001cd7c89c000 JavaThread "Finalizer" daemon [_thread_blocked, id=9488, stack(0x0000003abde00000,0x0000003abdf00000)]
  0x000001cd7d232800 JavaThread "Signal Dispatcher" daemon [_thread_blocked, id=4748, stack(0x0000003abdf00000,0x0000003abe000000)]
  0x000001cd7c8b5800 JavaThread "Attach Listener" daemon [_thread_blocked, id=6132, stack(0x0000003abe000000,0x0000003abe100000)]
  0x000001cd7c8b8800 JavaThread "Service Thread" daemon [_thread_blocked, id=3472, stack(0x0000003abe100000,0x0000003abe200000)]
=>0x000001cd7c8b9800 JavaThread "C2 CompilerThread0" daemon [_thread_in_native, id=7212, stack(0x0000003abe200000,0x0000003abe300000)]
  0x000001cd7c8ee800 JavaThread "C1 CompilerThread0" daemon [_thread_blocked, id=4156, stack(0x0000003abe300000,0x0000003abe400000)]
  0x000001cd7d265000 JavaThread "Sweeper thread" daemon [_thread_blocked, id=3388, stack(0x0000003abe400000,0x0000003abe500000)]
  0x000001cd6e6fc000 JavaThread "Common-Cleaner" daemon [_thread_blocked, id=6504, stack(0x0000003abe500000,0x0000003abe600000)]
  0x000001cd7d47a000 JavaThread "Monitor Ctrl-Break" daemon [_thread_in_native, id=10360, stack(0x0000003abe600000,0x0000003abe700000)]

Other Threads:
  0x000001cd7c895000 VMThread "VM Thread" [stack: 0x0000003abdc00000,0x0000003abdd00000] [id=10372]
  0x000001cd7d47b000 WatcherThread [stack: 0x0000003abe700000,0x0000003abe800000] [id=5980]
  0x000001cd6e637000 GCTaskThread "GC Thread#0" [stack: 0x0000003abd700000,0x0000003abd800000] [id=10300]
  0x000001cd7d7c6800 GCTaskThread "GC Thread#1" [stack: 0x0000003abe800000,0x0000003abe900000] [id=6024]
  0x000001cd6e668000 ConcurrentGCThread "G1 Main Marker" [stack: 0x0000003abd800000,0x0000003abd900000] [id=8632]
  0x000001cd6e669800 ConcurrentGCThread "G1 Conc#0" [stack: 0x0000003abd900000,0x0000003abda00000] [id=7728]
  0x000001cd6e6f1000 ConcurrentGCThread "G1 Refine#0" [stack: 0x0000003abda00000,0x0000003abdb00000] [id=7236]
  0x000001cd6e6f3000 ConcurrentGCThread "G1 Young RemSet Sampling" [stack: 0x0000003abdb00000,0x0000003abdc00000] [id=11564]

Threads with active compile tasks:
C2 CompilerThread0     7554 3119       4       org.springframework.beans.factory.support.AbstractBeanFactory::isTypeMatch (607 bytes)

VM state:not at safepoint (normal execution)

VM Mutex/Monitor currently owned by a thread: None

Heap address: 0x0000000080000000, size: 2048 MB, Compressed Oops mode: 32-bit
Narrow klass base: 0x0000000000000000, Narrow klass shift: 3
Compressed class space size: 1073741824 Address: 0x0000000100000000

Heap:
 garbage-first heap   total 157696K, used 31903K [0x0000000080000000, 0x0000000100000000)
  region size 1024K, 28 young (28672K), 6 survivors (6144K)
 Metaspace       used 32857K, capacity 34085K, committed 34176K, reserved 1079296K
  class space    used 3925K, capacity 4433K, committed 4480K, reserved 1048576K
Heap Regions: E=young(eden), S=young(survivor), O=old, HS=humongous(starts), HC=humongous(continues), CS=collection set, F=free, A=archive, TAMS=top-at-mark-start (previous, next)
|   0|0x0000000080000000, 0x0000000080100000, 0x0000000080100000|100%| O|  |TAMS 0x0000000080100000, 0x0000000080000000| Untracked 
|   1|0x0000000080100000, 0x0000000080200000, 0x0000000080200000|100%| O|  |TAMS 0x0000000080200000, 0x0000000080100000| Untracked 
|   2|0x0000000080200000, 0x0000000080300000, 0x0000000080300000|100%| O|  |TAMS 0x0000000080300000, 0x0000000080200000| Untracked 
|   3|0x0000000080300000, 0x0000000080400000, 0x0000000080400000|100%| O|  |TAMS 0x0000000080400000, 0x0000000080300000| Untracked 
|   4|0x0000000080400000, 0x0000000080427e00, 0x0000000080500000| 15%| O|  |TAMS 0x0000000080427e00, 0x0000000080400000| Untracked 
|   5|0x0000000080500000, 0x0000000080500000, 0x0000000080600000|  0%| F|  |TAMS 0x0000000080500000, 0x0000000080500000| Untracked 
|   6|0x0000000080600000, 0x0000000080600000, 0x0000000080700000|  0%| F|  |TAMS 0x0000000080600000, 0x0000000080600000| Untracked 
|   7|0x0000000080700000, 0x0000000080700000, 0x0000000080800000|  0%| F|  |TAMS 0x0000000080700000, 0x0000000080700000| Untracked 
|   8|0x0000000080800000, 0x0000000080800000, 0x0000000080900000|  0%| F|  |TAMS 0x0000000080800000, 0x0000000080800000| Untracked 
|   9|0x0000000080900000, 0x0000000080900000, 0x0000000080a00000|  0%| F|  |TAMS 0x0000000080900000, 0x0000000080900000| Untracked 
|  10|0x0000000080a00000, 0x0000000080a00000, 0x0000000080b00000|  0%| F|  |TAMS 0x0000000080a00000, 0x0000000080a00000| Untracked 
|  11|0x0000000080b00000, 0x0000000080b00000, 0x0000000080c00000|  0%| F|  |TAMS 0x0000000080b00000, 0x0000000080b00000| Untracked 
|  12|0x0000000080c00000, 0x0000000080c00000, 0x0000000080d00000|  0%| F|  |TAMS 0x0000000080c00000, 0x0000000080c00000| Untracked 
|  13|0x0000000080d00000, 0x0000000080d00000, 0x0000000080e00000|  0%| F|  |TAMS 0x0000000080d00000, 0x0000000080d00000| Untracked 
|  14|0x0000000080e00000, 0x0000000080e00000, 0x0000000080f00000|  0%| F|  |TAMS 0x0000000080e00000, 0x0000000080e00000| Untracked 
|  15|0x0000000080f00000, 0x0000000080f00000, 0x0000000081000000|  0%| F|  |TAMS 0x0000000080f00000, 0x0000000080f00000| Untracked 
|  16|0x0000000081000000, 0x0000000081000000, 0x0000000081100000|  0%| F|  |TAMS 0x0000000081000000, 0x0000000081000000| Untracked 
|  17|0x0000000081100000, 0x0000000081100000, 0x0000000081200000|  0%| F|  |TAMS 0x0000000081100000, 0x0000000081100000| Untracked 
|  18|0x0000000081200000, 0x0000000081200000, 0x0000000081300000|  0%| F|  |TAMS 0x0000000081200000, 0x0000000081200000| Untracked 
|  19|0x0000000081300000, 0x0000000081300000, 0x0000000081400000|  0%| F|  |TAMS 0x0000000081300000, 0x0000000081300000| Untracked 
|  20|0x0000000081400000, 0x0000000081400000, 0x0000000081500000|  0%| F|  |TAMS 0x0000000081400000, 0x0000000081400000| Untracked 
|  21|0x0000000081500000, 0x0000000081500000, 0x0000000081600000|  0%| F|  |TAMS 0x0000000081500000, 0x0000000081500000| Untracked 
|  22|0x0000000081600000, 0x0000000081600000, 0x0000000081700000|  0%| F|  |TAMS 0x0000000081600000, 0x0000000081600000| Untracked 
|  23|0x0000000081700000, 0x0000000081700000, 0x0000000081800000|  0%| F|  |TAMS 0x0000000081700000, 0x0000000081700000| Untracked 
|  24|0x0000000081800000, 0x0000000081800000, 0x0000000081900000|  0%| F|  |TAMS 0x0000000081800000, 0x0000000081800000| Untracked 
|  25|0x0000000081900000, 0x0000000081900000, 0x0000000081a00000|  0%| F|  |TAMS 0x0000000081900000, 0x0000000081900000| Untracked 
|  26|0x0000000081a00000, 0x0000000081a00000, 0x0000000081b00000|  0%| F|  |TAMS 0x0000000081a00000, 0x0000000081a00000| Untracked 
|  27|0x0000000081b00000, 0x0000000081b00000, 0x0000000081c00000|  0%| F|  |TAMS 0x0000000081b00000, 0x0000000081b00000| Untracked 
|  28|0x0000000081c00000, 0x0000000081c00000, 0x0000000081d00000|  0%| F|  |TAMS 0x0000000081c00000, 0x0000000081c00000| Untracked 
|  29|0x0000000081d00000, 0x0000000081d00000, 0x0000000081e00000|  0%| F|  |TAMS 0x0000000081d00000, 0x0000000081d00000| Untracked 
|  30|0x0000000081e00000, 0x0000000081e00000, 0x0000000081f00000|  0%| F|  |TAMS 0x0000000081e00000, 0x0000000081e00000| Untracked 
|  31|0x0000000081f00000, 0x0000000081f00000, 0x0000000082000000|  0%| F|  |TAMS 0x0000000081f00000, 0x0000000081f00000| Untracked 
|  32|0x0000000082000000, 0x0000000082000000, 0x0000000082100000|  0%| F|  |TAMS 0x0000000082000000, 0x0000000082000000| Untracked 
|  33|0x0000000082100000, 0x0000000082100000, 0x0000000082200000|  0%| F|  |TAMS 0x0000000082100000, 0x0000000082100000| Untracked 
|  34|0x0000000082200000, 0x0000000082200000, 0x0000000082300000|  0%| F|  |TAMS 0x0000000082200000, 0x0000000082200000| Untracked 
|  35|0x0000000082300000, 0x0000000082300000, 0x0000000082400000|  0%| F|  |TAMS 0x0000000082300000, 0x0000000082300000| Untracked 
|  36|0x0000000082400000, 0x0000000082400000, 0x0000000082500000|  0%| F|  |TAMS 0x0000000082400000, 0x0000000082400000| Untracked 
|  37|0x0000000082500000, 0x0000000082500000, 0x0000000082600000|  0%| F|  |TAMS 0x0000000082500000, 0x0000000082500000| Untracked 
|  38|0x0000000082600000, 0x0000000082600000, 0x0000000082700000|  0%| F|  |TAMS 0x0000000082600000, 0x0000000082600000| Untracked 
|  39|0x0000000082700000, 0x0000000082700000, 0x0000000082800000|  0%| F|  |TAMS 0x0000000082700000, 0x0000000082700000| Untracked 
|  40|0x0000000082800000, 0x0000000082800000, 0x0000000082900000|  0%| F|  |TAMS 0x0000000082800000, 0x0000000082800000| Untracked 
|  41|0x0000000082900000, 0x0000000082900000, 0x0000000082a00000|  0%| F|  |TAMS 0x0000000082900000, 0x0000000082900000| Untracked 
|  42|0x0000000082a00000, 0x0000000082a00000, 0x0000000082b00000|  0%| F|  |TAMS 0x0000000082a00000, 0x0000000082a00000| Untracked 
|  43|0x0000000082b00000, 0x0000000082b00000, 0x0000000082c00000|  0%| F|  |TAMS 0x0000000082b00000, 0x0000000082b00000| Untracked 
|  44|0x0000000082c00000, 0x0000000082c00000, 0x0000000082d00000|  0%| F|  |TAMS 0x0000000082c00000, 0x0000000082c00000| Untracked 
|  45|0x0000000082d00000, 0x0000000082d00000, 0x0000000082e00000|  0%| F|  |TAMS 0x0000000082d00000, 0x0000000082d00000| Untracked 
|  46|0x0000000082e00000, 0x0000000082f00000, 0x0000000082f00000|100%| S|CS|TAMS 0x0000000082e00000, 0x0000000082e00000| Complete 
|  47|0x0000000082f00000, 0x0000000083000000, 0x0000000083000000|100%| S|CS|TAMS 0x0000000082f00000, 0x0000000082f00000| Complete 
|  48|0x0000000083000000, 0x0000000083100000, 0x0000000083100000|100%| S|CS|TAMS 0x0000000083000000, 0x0000000083000000| Complete 
|  49|0x0000000083100000, 0x0000000083200000, 0x0000000083200000|100%| S|CS|TAMS 0x0000000083100000, 0x0000000083100000| Complete 
|  50|0x0000000083200000, 0x0000000083300000, 0x0000000083300000|100%| S|CS|TAMS 0x0000000083200000, 0x0000000083200000| Complete 
|  51|0x0000000083300000, 0x0000000083400000, 0x0000000083400000|100%| S|CS|TAMS 0x0000000083300000, 0x0000000083300000| Complete 
|  52|0x0000000083400000, 0x0000000083400000, 0x0000000083500000|  0%| F|  |TAMS 0x0000000083400000, 0x0000000083400000| Untracked 
|  53|0x0000000083500000, 0x0000000083500000, 0x0000000083600000|  0%| F|  |TAMS 0x0000000083500000, 0x0000000083500000| Untracked 
|  54|0x0000000083600000, 0x0000000083600000, 0x0000000083700000|  0%| F|  |TAMS 0x0000000083600000, 0x0000000083600000| Untracked 
|  55|0x0000000083700000, 0x0000000083700000, 0x0000000083800000|  0%| F|  |TAMS 0x0000000083700000, 0x0000000083700000| Untracked 
|  56|0x0000000083800000, 0x0000000083800000, 0x0000000083900000|  0%| F|  |TAMS 0x0000000083800000, 0x0000000083800000| Untracked 
|  57|0x0000000083900000, 0x0000000083900000, 0x0000000083a00000|  0%| F|  |TAMS 0x0000000083900000, 0x0000000083900000| Untracked 
|  58|0x0000000083a00000, 0x0000000083a00000, 0x0000000083b00000|  0%| F|  |TAMS 0x0000000083a00000, 0x0000000083a00000| Untracked 
|  59|0x0000000083b00000, 0x0000000083b00000, 0x0000000083c00000|  0%| F|  |TAMS 0x0000000083b00000, 0x0000000083b00000| Untracked 
|  60|0x0000000083c00000, 0x0000000083c00000, 0x0000000083d00000|  0%| F|  |TAMS 0x0000000083c00000, 0x0000000083c00000| Untracked 
|  61|0x0000000083d00000, 0x0000000083d00000, 0x0000000083e00000|  0%| F|  |TAMS 0x0000000083d00000, 0x0000000083d00000| Untracked 
|  62|0x0000000083e00000, 0x0000000083e00000, 0x0000000083f00000|  0%| F|  |TAMS 0x0000000083e00000, 0x0000000083e00000| Untracked 
|  63|0x0000000083f00000, 0x0000000083f00000, 0x0000000084000000|  0%| F|  |TAMS 0x0000000083f00000, 0x0000000083f00000| Untracked 
|  64|0x0000000084000000, 0x0000000084000000, 0x0000000084100000|  0%| F|  |TAMS 0x0000000084000000, 0x0000000084000000| Untracked 
|  65|0x0000000084100000, 0x0000000084100000, 0x0000000084200000|  0%| F|  |TAMS 0x0000000084100000, 0x0000000084100000| Untracked 
|  66|0x0000000084200000, 0x0000000084200000, 0x0000000084300000|  0%| F|  |TAMS 0x0000000084200000, 0x0000000084200000| Untracked 
|  67|0x0000000084300000, 0x0000000084300000, 0x0000000084400000|  0%| F|  |TAMS 0x0000000084300000, 0x0000000084300000| Untracked 
|  68|0x0000000084400000, 0x0000000084400000, 0x0000000084500000|  0%| F|  |TAMS 0x0000000084400000, 0x0000000084400000| Untracked 
|  69|0x0000000084500000, 0x0000000084500000, 0x0000000084600000|  0%| F|  |TAMS 0x0000000084500000, 0x0000000084500000| Untracked 
|  70|0x0000000084600000, 0x0000000084600000, 0x0000000084700000|  0%| F|  |TAMS 0x0000000084600000, 0x0000000084600000| Untracked 
|  71|0x0000000084700000, 0x0000000084700000, 0x0000000084800000|  0%| F|  |TAMS 0x0000000084700000, 0x0000000084700000| Untracked 
|  72|0x0000000084800000, 0x0000000084800000, 0x0000000084900000|  0%| F|  |TAMS 0x0000000084800000, 0x0000000084800000| Untracked 
|  73|0x0000000084900000, 0x0000000084900000, 0x0000000084a00000|  0%| F|  |TAMS 0x0000000084900000, 0x0000000084900000| Untracked 
|  74|0x0000000084a00000, 0x0000000084a00000, 0x0000000084b00000|  0%| F|  |TAMS 0x0000000084a00000, 0x0000000084a00000| Untracked 
|  75|0x0000000084b00000, 0x0000000084b00000, 0x0000000084c00000|  0%| F|  |TAMS 0x0000000084b00000, 0x0000000084b00000| Untracked 
|  76|0x0000000084c00000, 0x0000000084c00000, 0x0000000084d00000|  0%| F|  |TAMS 0x0000000084c00000, 0x0000000084c00000| Untracked 
|  77|0x0000000084d00000, 0x0000000084d00000, 0x0000000084e00000|  0%| F|  |TAMS 0x0000000084d00000, 0x0000000084d00000| Untracked 
|  78|0x0000000084e00000, 0x0000000084e00000, 0x0000000084f00000|  0%| F|  |TAMS 0x0000000084e00000, 0x0000000084e00000| Untracked 
|  79|0x0000000084f00000, 0x0000000084f00000, 0x0000000085000000|  0%| F|  |TAMS 0x0000000084f00000, 0x0000000084f00000| Untracked 
|  80|0x0000000085000000, 0x0000000085000000, 0x0000000085100000|  0%| F|  |TAMS 0x0000000085000000, 0x0000000085000000| Untracked 
|  81|0x0000000085100000, 0x0000000085100000, 0x0000000085200000|  0%| F|  |TAMS 0x0000000085100000, 0x0000000085100000| Untracked 
|  82|0x0000000085200000, 0x0000000085200000, 0x0000000085300000|  0%| F|  |TAMS 0x0000000085200000, 0x0000000085200000| Untracked 
|  83|0x0000000085300000, 0x0000000085300000, 0x0000000085400000|  0%| F|  |TAMS 0x0000000085300000, 0x0000000085300000| Untracked 
|  84|0x0000000085400000, 0x0000000085400000, 0x0000000085500000|  0%| F|  |TAMS 0x0000000085400000, 0x0000000085400000| Untracked 
|  85|0x0000000085500000, 0x0000000085500000, 0x0000000085600000|  0%| F|  |TAMS 0x0000000085500000, 0x0000000085500000| Untracked 
|  86|0x0000000085600000, 0x0000000085600000, 0x0000000085700000|  0%| F|  |TAMS 0x0000000085600000, 0x0000000085600000| Untracked 
|  87|0x0000000085700000, 0x0000000085700000, 0x0000000085800000|  0%| F|  |TAMS 0x0000000085700000, 0x0000000085700000| Untracked 
|  88|0x0000000085800000, 0x0000000085800000, 0x0000000085900000|  0%| F|  |TAMS 0x0000000085800000, 0x0000000085800000| Untracked 
|  89|0x0000000085900000, 0x0000000085900000, 0x0000000085a00000|  0%| F|  |TAMS 0x0000000085900000, 0x0000000085900000| Untracked 
|  90|0x0000000085a00000, 0x0000000085a00000, 0x0000000085b00000|  0%| F|  |TAMS 0x0000000085a00000, 0x0000000085a00000| Untracked 
|  91|0x0000000085b00000, 0x0000000085b00000, 0x0000000085c00000|  0%| F|  |TAMS 0x0000000085b00000, 0x0000000085b00000| Untracked 
|  92|0x0000000085c00000, 0x0000000085c00000, 0x0000000085d00000|  0%| F|  |TAMS 0x0000000085c00000, 0x0000000085c00000| Untracked 
|  93|0x0000000085d00000, 0x0000000085d00000, 0x0000000085e00000|  0%| F|  |TAMS 0x0000000085d00000, 0x0000000085d00000| Untracked 
|  94|0x0000000085e00000, 0x0000000085e00000, 0x0000000085f00000|  0%| F|  |TAMS 0x0000000085e00000, 0x0000000085e00000| Untracked 
|  95|0x0000000085f00000, 0x0000000085f00000, 0x0000000086000000|  0%| F|  |TAMS 0x0000000085f00000, 0x0000000085f00000| Untracked 
|  96|0x0000000086000000, 0x0000000086000000, 0x0000000086100000|  0%| F|  |TAMS 0x0000000086000000, 0x0000000086000000| Untracked 
|  97|0x0000000086100000, 0x0000000086100000, 0x0000000086200000|  0%| F|  |TAMS 0x0000000086100000, 0x0000000086100000| Untracked 
|  98|0x0000000086200000, 0x0000000086200000, 0x0000000086300000|  0%| F|  |TAMS 0x0000000086200000, 0x0000000086200000| Untracked 
|  99|0x0000000086300000, 0x0000000086300000, 0x0000000086400000|  0%| F|  |TAMS 0x0000000086300000, 0x0000000086300000| Untracked 
| 100|0x0000000086400000, 0x0000000086400000, 0x0000000086500000|  0%| F|  |TAMS 0x0000000086400000, 0x0000000086400000| Untracked 
| 101|0x0000000086500000, 0x0000000086500000, 0x0000000086600000|  0%| F|  |TAMS 0x0000000086500000, 0x0000000086500000| Untracked 
| 102|0x0000000086600000, 0x0000000086600000, 0x0000000086700000|  0%| F|  |TAMS 0x0000000086600000, 0x0000000086600000| Untracked 
| 103|0x0000000086700000, 0x0000000086700000, 0x0000000086800000|  0%| F|  |TAMS 0x0000000086700000, 0x0000000086700000| Untracked 
| 104|0x0000000086800000, 0x0000000086800000, 0x0000000086900000|  0%| F|  |TAMS 0x0000000086800000, 0x0000000086800000| Untracked 
| 105|0x0000000086900000, 0x0000000086900000, 0x0000000086a00000|  0%| F|  |TAMS 0x0000000086900000, 0x0000000086900000| Untracked 
| 106|0x0000000086a00000, 0x0000000086a00000, 0x0000000086b00000|  0%| F|  |TAMS 0x0000000086a00000, 0x0000000086a00000| Untracked 
| 107|0x0000000086b00000, 0x0000000086b00000, 0x0000000086c00000|  0%| F|  |TAMS 0x0000000086b00000, 0x0000000086b00000| Untracked 
| 108|0x0000000086c00000, 0x0000000086c00000, 0x0000000086d00000|  0%| F|  |TAMS 0x0000000086c00000, 0x0000000086c00000| Untracked 
| 109|0x0000000086d00000, 0x0000000086d00000, 0x0000000086e00000|  0%| F|  |TAMS 0x0000000086d00000, 0x0000000086d00000| Untracked 
| 110|0x0000000086e00000, 0x0000000086e00000, 0x0000000086f00000|  0%| F|  |TAMS 0x0000000086e00000, 0x0000000086e00000| Untracked 
| 111|0x0000000086f00000, 0x0000000086f00000, 0x0000000087000000|  0%| F|  |TAMS 0x0000000086f00000, 0x0000000086f00000| Untracked 
| 112|0x0000000087000000, 0x0000000087000000, 0x0000000087100000|  0%| F|  |TAMS 0x0000000087000000, 0x0000000087000000| Untracked 
| 113|0x0000000087100000, 0x0000000087100000, 0x0000000087200000|  0%| F|  |TAMS 0x0000000087100000, 0x0000000087100000| Untracked 
| 114|0x0000000087200000, 0x0000000087200000, 0x0000000087300000|  0%| F|  |TAMS 0x0000000087200000, 0x0000000087200000| Untracked 
| 115|0x0000000087300000, 0x0000000087300000, 0x0000000087400000|  0%| F|  |TAMS 0x0000000087300000, 0x0000000087300000| Untracked 
| 116|0x0000000087400000, 0x0000000087400000, 0x0000000087500000|  0%| F|  |TAMS 0x0000000087400000, 0x0000000087400000| Untracked 
| 117|0x0000000087500000, 0x0000000087500000, 0x0000000087600000|  0%| F|  |TAMS 0x0000000087500000, 0x0000000087500000| Untracked 
| 118|0x0000000087600000, 0x0000000087600000, 0x0000000087700000|  0%| F|  |TAMS 0x0000000087600000, 0x0000000087600000| Untracked 
| 119|0x0000000087700000, 0x0000000087700000, 0x0000000087800000|  0%| F|  |TAMS 0x0000000087700000, 0x0000000087700000| Untracked 
| 120|0x0000000087800000, 0x0000000087800000, 0x0000000087900000|  0%| F|  |TAMS 0x0000000087800000, 0x0000000087800000| Untracked 
| 121|0x0000000087900000, 0x0000000087900000, 0x0000000087a00000|  0%| F|  |TAMS 0x0000000087900000, 0x0000000087900000| Untracked 
| 122|0x0000000087a00000, 0x0000000087a00000, 0x0000000087b00000|  0%| F|  |TAMS 0x0000000087a00000, 0x0000000087a00000| Untracked 
| 123|0x0000000087b00000, 0x0000000087b00000, 0x0000000087c00000|  0%| F|  |TAMS 0x0000000087b00000, 0x0000000087b00000| Untracked 
| 124|0x0000000087c00000, 0x0000000087c00000, 0x0000000087d00000|  0%| F|  |TAMS 0x0000000087c00000, 0x0000000087c00000| Untracked 
| 125|0x0000000087d00000, 0x0000000087d00000, 0x0000000087e00000|  0%| F|  |TAMS 0x0000000087d00000, 0x0000000087d00000| Untracked 
| 126|0x0000000087e00000, 0x0000000087e00000, 0x0000000087f00000|  0%| F|  |TAMS 0x0000000087e00000, 0x0000000087e00000| Untracked 
| 127|0x0000000087f00000, 0x0000000087f00000, 0x0000000088000000|  0%| F|  |TAMS 0x0000000087f00000, 0x0000000087f00000| Untracked 
| 128|0x0000000088000000, 0x0000000088000000, 0x0000000088100000|  0%| F|  |TAMS 0x0000000088000000, 0x0000000088000000| Untracked 
| 129|0x0000000088100000, 0x0000000088100000, 0x0000000088200000|  0%| F|  |TAMS 0x0000000088100000, 0x0000000088100000| Untracked 
| 130|0x0000000088200000, 0x0000000088200000, 0x0000000088300000|  0%| F|  |TAMS 0x0000000088200000, 0x0000000088200000| Untracked 
| 131|0x0000000088300000, 0x0000000088300000, 0x0000000088400000|  0%| F|  |TAMS 0x0000000088300000, 0x0000000088300000| Untracked 
| 132|0x0000000088400000, 0x0000000088500000, 0x0000000088500000|100%| E|  |TAMS 0x0000000088400000, 0x0000000088400000| Complete 
| 133|0x0000000088500000, 0x0000000088600000, 0x0000000088600000|100%| E|CS|TAMS 0x0000000088500000, 0x0000000088500000| Complete 
| 134|0x0000000088600000, 0x0000000088700000, 0x0000000088700000|100%| E|CS|TAMS 0x0000000088600000, 0x0000000088600000| Complete 
| 135|0x0000000088700000, 0x0000000088800000, 0x0000000088800000|100%| E|CS|TAMS 0x0000000088700000, 0x0000000088700000| Complete 
| 136|0x0000000088800000, 0x0000000088900000, 0x0000000088900000|100%| E|CS|TAMS 0x0000000088800000, 0x0000000088800000| Complete 
| 137|0x0000000088900000, 0x0000000088a00000, 0x0000000088a00000|100%| E|CS|TAMS 0x0000000088900000, 0x0000000088900000| Complete 
| 138|0x0000000088a00000, 0x0000000088b00000, 0x0000000088b00000|100%| E|CS|TAMS 0x0000000088a00000, 0x0000000088a00000| Complete 
| 139|0x0000000088b00000, 0x0000000088c00000, 0x0000000088c00000|100%| E|CS|TAMS 0x0000000088b00000, 0x0000000088b00000| Complete 
| 140|0x0000000088c00000, 0x0000000088d00000, 0x0000000088d00000|100%| E|CS|TAMS 0x0000000088c00000, 0x0000000088c00000| Complete 
| 141|0x0000000088d00000, 0x0000000088e00000, 0x0000000088e00000|100%| E|CS|TAMS 0x0000000088d00000, 0x0000000088d00000| Complete 
| 142|0x0000000088e00000, 0x0000000088f00000, 0x0000000088f00000|100%| E|CS|TAMS 0x0000000088e00000, 0x0000000088e00000| Complete 
| 143|0x0000000088f00000, 0x0000000089000000, 0x0000000089000000|100%| E|CS|TAMS 0x0000000088f00000, 0x0000000088f00000| Complete 
| 144|0x0000000089000000, 0x0000000089100000, 0x0000000089100000|100%| E|CS|TAMS 0x0000000089000000, 0x0000000089000000| Complete 
| 145|0x0000000089100000, 0x0000000089200000, 0x0000000089200000|100%| E|CS|TAMS 0x0000000089100000, 0x0000000089100000| Complete 
| 146|0x0000000089200000, 0x0000000089300000, 0x0000000089300000|100%| E|CS|TAMS 0x0000000089200000, 0x0000000089200000| Complete 
| 147|0x0000000089300000, 0x0000000089400000, 0x0000000089400000|100%| E|CS|TAMS 0x0000000089300000, 0x0000000089300000| Complete 
| 148|0x0000000089400000, 0x0000000089500000, 0x0000000089500000|100%| E|CS|TAMS 0x0000000089400000, 0x0000000089400000| Complete 
| 149|0x0000000089500000, 0x0000000089600000, 0x0000000089600000|100%| E|CS|TAMS 0x0000000089500000, 0x0000000089500000| Complete 
| 150|0x0000000089600000, 0x0000000089700000, 0x0000000089700000|100%| E|CS|TAMS 0x0000000089600000, 0x0000000089600000| Complete 
| 151|0x0000000089700000, 0x0000000089800000, 0x0000000089800000|100%| E|CS|TAMS 0x0000000089700000, 0x0000000089700000| Complete 
| 152|0x0000000089800000, 0x0000000089900000, 0x0000000089900000|100%| E|CS|TAMS 0x0000000089800000, 0x0000000089800000| Complete 
| 153|0x0000000089900000, 0x0000000089a00000, 0x0000000089a00000|100%| E|CS|TAMS 0x0000000089900000, 0x0000000089900000| Complete 

Card table byte_map: [0x000001cd75cd0000,0x000001cd760d0000] _byte_map_base: 0x000001cd758d0000

Marking Bits (Prev, Next): (CMBitMap*) 0x000001cd6e65f260, (CMBitMap*) 0x000001cd6e65f228
 Prev Bits: [0x000001cd784d0000, 0x000001cd7a4d0000)
 Next Bits: [0x000001cd764d0000, 0x000001cd784d0000)

Polling page: 0x000001cd6c5a0000

Metaspace:

Usage:
  Non-class:     28.96 MB capacity,    28.28 MB ( 98%) used,   555.09 KB (  2%) free+waste,   141.94 KB ( <1%) overhead. 
      Class:      4.33 MB capacity,     3.84 MB ( 89%) used,   431.66 KB ( 10%) free+waste,    72.31 KB (  2%) overhead. 
       Both:     33.29 MB capacity,    32.11 MB ( 96%) used,   986.75 KB (  3%) free+waste,   214.25 KB ( <1%) overhead. 

Virtual space:
  Non-class space:       30.00 MB reserved,      29.00 MB ( 97%) committed 
      Class space:        1.00 GB reserved,       4.38 MB ( <1%) committed 
             Both:        1.03 GB reserved,      33.38 MB (  3%) committed 

Chunk freelists:
   Non-Class:  5.50 KB
       Class:  1.88 KB
        Both:  7.38 KB

CodeHeap 'non-profiled nmethods': size=120064Kb used=1315Kb max_used=1315Kb free=118748Kb
 bounds [0x000001cd07ac0000, 0x000001cd07d30000, 0x000001cd0f000000]
CodeHeap 'profiled nmethods': size=120000Kb used=6651Kb max_used=6651Kb free=113348Kb
 bounds [0x000001cd00590000, 0x000001cd00c10000, 0x000001cd07ac0000]
CodeHeap 'non-nmethods': size=5696Kb used=1142Kb max_used=1187Kb free=4553Kb
 bounds [0x000001cd00000000, 0x000001cd00270000, 0x000001cd00590000]
 total_blobs=3613 nmethods=3158 adapters=366
 compilation: enabled
              stopped_count=0, restarted_count=0
 full_count=0

Compilation events (10 events):
Event: 7.504 Thread 0x000001cd7c8ee800 3159       3       java.util.Properties::get (9 bytes)
Event: 7.504 Thread 0x000001cd7c8ee800 nmethod 3159 0x000001cd00c03610 code [0x000001cd00c037c0, 0x000001cd00c03908]
Event: 7.504 Thread 0x000001cd7c8ee800 3160       3       org.springframework.boot.context.properties.source.SpringIterableConfigurationPropertySource$Mappings::getConfigurationPropertyNames (74 bytes)
Event: 7.505 Thread 0x000001cd7c8ee800 nmethod 3160 0x000001cd00c03a10 code [0x000001cd00c03c00, 0x000001cd00c04358]
Event: 7.505 Thread 0x000001cd7c8ee800 3161       1       org.springframework.boot.context.properties.bind.Binder::access$500 (5 bytes)
Event: 7.505 Thread 0x000001cd7c8ee800 nmethod 3161 0x000001cd07c08310 code [0x000001cd07c084a0, 0x000001cd07c08538]
Event: 7.505 Thread 0x000001cd7c8ee800 3162       1       org.springframework.boot.context.properties.bind.Bindable::getAnnotations (5 bytes)
Event: 7.505 Thread 0x000001cd7c8ee800 nmethod 3162 0x000001cd07c08610 code [0x000001cd07c087a0, 0x000001cd07c08858]
Event: 7.506 Thread 0x000001cd7c8ee800 3163       1       jdk.internal.reflect.DelegatingMethodAccessorImpl::setDelegate (6 bytes)
Event: 7.506 Thread 0x000001cd7c8ee800 nmethod 3163 0x000001cd07c08910 code [0x000001cd07c08aa0, 0x000001cd07c08b98]

GC Heap History (10 events):
Event: 1.723 GC heap before
{Heap before GC invocations=2 (full 0):
 garbage-first heap   total 131072K, used 14557K [0x0000000080000000, 0x0000000100000000)
  region size 1024K, 11 young (11264K), 1 survivors (1024K)
 Metaspace       used 11357K, capacity 11803K, committed 11904K, reserved 1060864K
  class space    used 1196K, capacity 1356K, committed 1408K, reserved 1048576K
}
Event: 1.727 GC heap after
{Heap after GC invocations=3 (full 0):
 garbage-first heap   total 131072K, used 4764K [0x0000000080000000, 0x0000000100000000)
  region size 1024K, 1 young (1024K), 1 survivors (1024K)
 Metaspace       used 11357K, capacity 11803K, committed 11904K, reserved 1060864K
  class space    used 1196K, capacity 1356K, committed 1408K, reserved 1048576K
}
Event: 2.511 GC heap before
{Heap before GC invocations=3 (full 0):
 garbage-first heap   total 131072K, used 22172K [0x0000000080000000, 0x0000000100000000)
  region size 1024K, 18 young (18432K), 1 survivors (1024K)
 Metaspace       used 15272K, capacity 15825K, committed 16000K, reserved 1062912K
  class space    used 1639K, capacity 1850K, committed 1920K, reserved 1048576K
}
Event: 2.519 GC heap after
{Heap after GC invocations=4 (full 0):
 garbage-first heap   total 131072K, used 6141K [0x0000000080000000, 0x0000000100000000)
  region size 1024K, 3 young (3072K), 3 survivors (3072K)
 Metaspace       used 15272K, capacity 15825K, committed 16000K, reserved 1062912K
  class space    used 1639K, capacity 1850K, committed 1920K, reserved 1048576K
}
Event: 3.465 GC heap before
{Heap before GC invocations=4 (full 0):
 garbage-first heap   total 131072K, used 29693K [0x0000000080000000, 0x0000000100000000)
  region size 1024K, 26 young (26624K), 3 survivors (3072K)
 Metaspace       used 20012K, capacity 20764K, committed 21120K, reserved 1067008K
  class space    used 2253K, capacity 2572K, committed 2688K, reserved 1048576K
}
Event: 3.477 GC heap after
{Heap after GC invocations=5 (full 0):
 garbage-first heap   total 131072K, used 7626K [0x0000000080000000, 0x0000000100000000)
  region size 1024K, 4 young (4096K), 4 survivors (4096K)
 Metaspace       used 20012K, capacity 20764K, committed 21120K, reserved 1067008K
  class space    used 2253K, capacity 2572K, committed 2688K, reserved 1048576K
}
Event: 3.591 GC heap before
{Heap before GC invocations=5 (full 0):
 garbage-first heap   total 131072K, used 8650K [0x0000000080000000, 0x0000000100000000)
  region size 1024K, 6 young (6144K), 4 survivors (4096K)
 Metaspace       used 20415K, capacity 21173K, committed 21296K, reserved 1069056K
  class space    used 2297K, capacity 2624K, committed 2688K, reserved 1048576K
}
Event: 3.600 GC heap after
{Heap after GC invocations=6 (full 0):
 garbage-first heap   total 131072K, used 7882K [0x0000000080000000, 0x0000000100000000)
  region size 1024K, 4 young (4096K), 4 survivors (4096K)
 Metaspace       used 20415K, capacity 21173K, committed 21296K, reserved 1069056K
  class space    used 2297K, capacity 2624K, committed 2688K, reserved 1048576K
}
Event: 6.566 GC heap before
{Heap before GC invocations=7 (full 0):
 garbage-first heap   total 131072K, used 81610K [0x0000000080000000, 0x0000000100000000)
  region size 1024K, 76 young (77824K), 4 survivors (4096K)
 Metaspace       used 31028K, capacity 32071K, committed 32384K, reserved 1077248K
  class space    used 3667K, capacity 4099K, committed 4224K, reserved 1048576K
}
Event: 6.590 GC heap after
{Heap after GC invocations=8 (full 0):
 garbage-first heap   total 157696K, used 10399K [0x0000000080000000, 0x0000000100000000)
  region size 1024K, 6 young (6144K), 6 survivors (6144K)
 Metaspace       used 31028K, capacity 32071K, committed 32384K, reserved 1077248K
  class space    used 3667K, capacity 4099K, committed 4224K, reserved 1048576K
}

Deoptimization events (10 events):
Event: 6.814 Thread 0x000001cd6e620800 Uncommon trap: reason=unstable_if action=reinterpret pc=0x000001cd07b77d1c method=java.nio.Buffer.position(I)Ljava/nio/Buffer; @ 37 c2
Event: 6.815 Thread 0x000001cd6e620800 Uncommon trap: reason=unstable_if action=reinterpret pc=0x000001cd07b5ba1c method=java.nio.Buffer.position(I)Ljava/nio/Buffer; @ 37 c2
Event: 7.013 Thread 0x000001cd6e620800 Uncommon trap: reason=unstable_if action=reinterpret pc=0x000001cd07b9458c method=jdk.internal.org.objectweb.asm.MethodWriter.visitVarInsn(II)V @ 15 c2
Event: 7.017 Thread 0x000001cd6e620800 Uncommon trap: reason=class_check action=maybe_recompile pc=0x000001cd07b94eac method=java.lang.invoke.MemberName.getMethodType()Ljava/lang/invoke/MethodType; @ 39 c2
Event: 7.041 Thread 0x000001cd6e620800 Uncommon trap: reason=class_check action=maybe_recompile pc=0x000001cd07b85ebc method=java.lang.invoke.LambdaForm$Name.replaceNames([Ljava/lang/invoke/LambdaForm$Name;[Ljava/lang/invoke/LambdaForm$Name;II)Ljava/lang/invoke/LambdaForm$Name; @ 33 c2
Event: 7.041 Thread 0x000001cd6e620800 Uncommon trap: reason=class_check action=maybe_recompile pc=0x000001cd07b85ebc method=java.lang.invoke.LambdaForm$Name.replaceNames([Ljava/lang/invoke/LambdaForm$Name;[Ljava/lang/invoke/LambdaForm$Name;II)Ljava/lang/invoke/LambdaForm$Name; @ 33 c2
Event: 7.331 Thread 0x000001cd6e620800 Uncommon trap: reason=unstable_if action=reinterpret pc=0x000001cd07b45610 method=sun.net.www.ParseUtil.firstEncodeIndex(Ljava/lang/String;)I @ 51 c2
Event: 7.331 Thread 0x000001cd6e620800 Uncommon trap: reason=unstable_if action=reinterpret pc=0x000001cd07bd1730 method=sun.net.www.ParseUtil.firstEncodeIndex(Ljava/lang/String;)I @ 51 c2
Event: 7.332 Thread 0x000001cd6e620800 Uncommon trap: reason=unstable_if action=reinterpret pc=0x000001cd07b1f684 method=sun.net.www.ParseUtil.firstEncodeIndex(Ljava/lang/String;)I @ 51 c2
Event: 7.333 Thread 0x000001cd6e620800 Uncommon trap: reason=unstable_if action=reinterpret pc=0x000001cd07b185a0 method=sun.net.www.ParseUtil.firstEncodeIndex(Ljava/lang/String;)I @ 51 c2

Classes redefined (0 events):
No events

Internal exceptions (10 events):
Event: 7.481 Thread 0x000001cd6e620800 Exception <a 'java/lang/ClassNotFoundException'{0x00000000886b5ba8}: org.springframework.boot.validation.beanvalidation.MethodValidationExcludeFilter$$Lambda$822/0x000000010044e040Customizer> (0x00000000886b5ba8) thrown at [./open/src/hotspot/share/prims/
Event: 7.481 Thread 0x000001cd6e620800 Exception <a 'java/lang/ClassNotFoundException'{0x00000000886b6718}: org.springframework.boot.validation.beanvalidation.MethodValidationExcludeFilter$$Lambda$822/0x000000010044e040Customizer> (0x00000000886b6718) thrown at [./open/src/hotspot/share/prims/
Event: 7.481 Thread 0x000001cd6e620800 Exception <a 'java/lang/ClassNotFoundException'{0x00000000886b7288}: org.springframework.boot.validation.beanvalidation.MethodValidationExcludeFilter$$Lambda$822/0x000000010044e040Customizer> (0x00000000886b7288) thrown at [./open/src/hotspot/share/prims/
Event: 7.482 Thread 0x000001cd6e620800 Exception <a 'java/lang/ClassNotFoundException'{0x00000000886cdd20}: org/springframework/boot/validation/beanvalidation/MethodValidationExcludeFilterCustomizer> (0x00000000886cdd20) thrown at [./open/src/hotspot/share/classfile/systemDictionary.cpp, line 
Event: 7.490 Thread 0x000001cd6e620800 Exception <a 'java/lang/ClassNotFoundException'{0x00000000886d67e0}: java/lang/ObjectCustomizer> (0x00000000886d67e0) thrown at [./open/src/hotspot/share/classfile/systemDictionary.cpp, line 226]
Event: 7.491 Thread 0x000001cd6e620800 Exception <a 'java/lang/ClassNotFoundException'{0x00000000886ee0b8}: org/springframework/boot/autoconfigure/web/servlet/DispatcherServletAutoConfigurationCustomizer> (0x00000000886ee0b8) thrown at [./open/src/hotspot/share/classfile/systemDictionary.cpp, 
Event: 7.492 Thread 0x000001cd6e620800 Exception <a 'java/lang/ClassNotFoundException'{0x00000000886f5290}: java/lang/ObjectCustomizer> (0x00000000886f5290) thrown at [./open/src/hotspot/share/classfile/systemDictionary.cpp, line 226]
Event: 7.495 Thread 0x000001cd6e620800 Exception <a 'java/lang/ClassNotFoundException'{0x000000008850ba30}: org/springframework/boot/autoconfigure/task/TaskExecutionAutoConfigurationCustomizer> (0x000000008850ba30) thrown at [./open/src/hotspot/share/classfile/systemDictionary.cpp, line 226]
Event: 7.499 Thread 0x000001cd6e620800 Exception <a 'java/lang/ClassNotFoundException'{0x00000000885221b0}: java/lang/ObjectCustomizer> (0x00000000885221b0) thrown at [./open/src/hotspot/share/classfile/systemDictionary.cpp, line 226]
Event: 7.502 Thread 0x000001cd6e620800 Exception <a 'java/lang/ClassNotFoundException'{0x00000000885376c8}: org/springframework/boot/autoconfigure/task/TaskExecutionPropertiesCustomizer> (0x00000000885376c8) thrown at [./open/src/hotspot/share/classfile/systemDictionary.cpp, line 226]

Events (10 events):
Event: 7.499 loading class java/lang/ObjectCustomizer
Event: 7.499 loading class java/lang/ObjectCustomizer done
Event: 7.499 loading class java/lang/ObjectCustomizer
Event: 7.499 loading class java/lang/ObjectCustomizer done
Event: 7.501 loading class org/springframework/boot/autoconfigure/task/TaskExecutionPropertiesCustomizer
Event: 7.501 loading class org/springframework/boot/autoconfigure/task/TaskExecutionPropertiesCustomizer done
Event: 7.501 loading class org/springframework/boot/autoconfigure/task/TaskExecutionPropertiesCustomizer
Event: 7.501 loading class org/springframework/boot/autoconfigure/task/TaskExecutionPropertiesCustomizer done
Event: 7.502 loading class org/springframework/boot/autoconfigure/task/TaskExecutionPropertiesCustomizer
Event: 7.502 loading class org/springframework/boot/autoconfigure/task/TaskExecutionPropertiesCustomizer done


Dynamic libraries:
0x00007ff677070000 - 0x00007ff67707f000 	C:\Program Files\Java\jdk-11.0.16\bin\java.exe
0x00007ffb5d790000 - 0x00007ffb5d988000 	C:\Windows\SYSTEM32\ntdll.dll
0x00007ffb5b850000 - 0x00007ffb5b90d000 	C:\Windows\System32\KERNEL32.DLL
0x00007ffb5b3b0000 - 0x00007ffb5b682000 	C:\Windows\System32\KERNELBASE.dll
0x00007ffb5b0b0000 - 0x00007ffb5b1b0000 	C:\Windows\System32\ucrtbase.dll
0x00007ffb50a10000 - 0x00007ffb50a28000 	C:\Program Files\Java\jdk-11.0.16\bin\jli.dll
0x00007ffb5d2b0000 - 0x00007ffb5d35e000 	C:\Windows\System32\ADVAPI32.dll
0x00007ffb5cfe0000 - 0x00007ffb5d07e000 	C:\Windows\System32\msvcrt.dll
0x00007ffb48370000 - 0x00007ffb48385000 	C:\Program Files\Java\jdk-11.0.16\bin\VCRUNTIME140.dll
0x00007ffb5c6b0000 - 0x00007ffb5c74c000 	C:\Windows\System32\sechost.dll
0x00007ffb5d480000 - 0x00007ffb5d5a5000 	C:\Windows\System32\RPCRT4.dll
0x00007ffb5d5b0000 - 0x00007ffb5d74d000 	C:\Windows\System32\USER32.dll
0x00007ffb5af30000 - 0x00007ffb5af52000 	C:\Windows\System32\win32u.dll
0x00007ffb5d3d0000 - 0x00007ffb5d3fb000 	C:\Windows\System32\GDI32.dll
0x00007ffb5b250000 - 0x00007ffb5b35f000 	C:\Windows\System32\gdi32full.dll
0x00007ffb5b1b0000 - 0x00007ffb5b24d000 	C:\Windows\System32\msvcp_win.dll
0x00007ffb45180000 - 0x00007ffb4541a000 	C:\Windows\WinSxS\amd64_microsoft.windows.common-controls_6595b64144ccf1df_6.0.19041.1110_none_60b5254171f9507e\COMCTL32.dll
0x00007ffb53ec0000 - 0x00007ffb53eca000 	C:\Windows\SYSTEM32\VERSION.dll
0x00007ffb5c750000 - 0x00007ffb5c780000 	C:\Windows\System32\IMM32.DLL
0x00007ffb38140000 - 0x00007ffb381db000 	C:\Program Files\Java\jdk-11.0.16\bin\msvcp140.dll
0x00007ffb0af40000 - 0x00007ffb0ba58000 	C:\Program Files\Java\jdk-11.0.16\bin\server\jvm.dll
0x00007ffb5ce80000 - 0x00007ffb5ce88000 	C:\Windows\System32\PSAPI.DLL
0x00007ffb50c50000 - 0x00007ffb50c59000 	C:\Windows\SYSTEM32\WSOCK32.dll
0x00007ffb5d360000 - 0x00007ffb5d3cb000 	C:\Windows\System32\WS2_32.dll
0x00007ffb3bb40000 - 0x00007ffb3bb67000 	C:\Windows\SYSTEM32\WINMM.dll
0x00007ffb58d40000 - 0x00007ffb58d52000 	C:\Windows\SYSTEM32\kernel.appcore.dll
0x00007ffb509e0000 - 0x00007ffb509f0000 	C:\Program Files\Java\jdk-11.0.16\bin\verify.dll
0x00007ffb4ded0000 - 0x00007ffb4e0b4000 	C:\Windows\SYSTEM32\DBGHELP.DLL
0x00007ffb503a0000 - 0x00007ffb503cc000 	C:\Windows\SYSTEM32\dbgcore.DLL
0x00007ffb5aea0000 - 0x00007ffb5af22000 	C:\Windows\System32\bcryptPrimitives.dll
0x00007ffb482f0000 - 0x00007ffb48318000 	C:\Program Files\Java\jdk-11.0.16\bin\java.dll
0x00007ffb4e110000 - 0x00007ffb4e11a000 	C:\Program Files\Java\jdk-11.0.16\bin\jimage.dll
0x00007ffb464d0000 - 0x00007ffb464de000 	C:\Program Files\Java\jdk-11.0.16\bin\instrument.dll
0x00007ffb41210000 - 0x00007ffb41226000 	C:\Program Files\Java\jdk-11.0.16\bin\zip.dll
0x00007ffb5bf60000 - 0x00007ffb5c6a3000 	C:\Windows\System32\SHELL32.dll
0x00007ffb58f40000 - 0x00007ffb596d1000 	C:\Windows\SYSTEM32\windows.storage.dll
0x00007ffb5cb20000 - 0x00007ffb5ce74000 	C:\Windows\System32\combase.dll
0x00007ffb5a740000 - 0x00007ffb5a770000 	C:\Windows\SYSTEM32\Wldp.dll
0x00007ffb5c940000 - 0x00007ffb5c9ed000 	C:\Windows\System32\SHCORE.dll
0x00007ffb5cf70000 - 0x00007ffb5cfc5000 	C:\Windows\System32\shlwapi.dll
0x00007ffb5ade0000 - 0x00007ffb5adff000 	C:\Windows\SYSTEM32\profapi.dll
0x00007ffb411f0000 - 0x00007ffb41209000 	C:\Program Files\Java\jdk-11.0.16\bin\net.dll
0x00007ffb537d0000 - 0x00007ffb538dd000 	C:\Windows\SYSTEM32\WINHTTP.dll
0x00007ffb5a520000 - 0x00007ffb5a58a000 	C:\Windows\system32\mswsock.dll
0x00007ffb3ae20000 - 0x00007ffb3ae32000 	C:\Program Files\Java\jdk-11.0.16\bin\nio.dll
0x00007ffb3de20000 - 0x00007ffb3de3a000 	C:\Program Files\JetBrains\IntelliJ IDEA Community Edition 2022.2.1\bin\breakgen64.dll
0x00007ffb3de10000 - 0x00007ffb3de19000 	C:\Program Files\Java\jdk-11.0.16\bin\management.dll
0x00007ffb3de00000 - 0x00007ffb3de0b000 	C:\Program Files\Java\jdk-11.0.16\bin\management_ext.dll
0x00007ffb46690000 - 0x00007ffb466a7000 	C:\Windows\system32\napinsp.dll
0x00007ffb46670000 - 0x00007ffb4668b000 	C:\Windows\system32\pnrpnsp.dll
0x00007ffb46650000 - 0x00007ffb46665000 	C:\Windows\system32\wshbth.dll
0x00007ffb55b70000 - 0x00007ffb55b8d000 	C:\Windows\system32\NLAapi.dll
0x00007ffb5a230000 - 0x00007ffb5a26b000 	C:\Windows\SYSTEM32\IPHLPAPI.DLL
0x00007ffb5a270000 - 0x00007ffb5a33a000 	C:\Windows\SYSTEM32\DNSAPI.dll
0x00007ffb5cfd0000 - 0x00007ffb5cfd8000 	C:\Windows\System32\NSI.dll
0x00007ffb46630000 - 0x00007ffb46642000 	C:\Windows\System32\winrnr.dll
0x00007ffb524a0000 - 0x00007ffb524aa000 	C:\Windows\System32\rasadhlp.dll
0x00007ffb52d10000 - 0x00007ffb52d90000 	C:\Windows\System32\fwpuclnt.dll
0x00007ffb5af60000 - 0x00007ffb5af87000 	C:\Windows\System32\bcrypt.dll

dbghelp: loaded successfully - version: 4.0.5 - missing functions: none
symbol engine: initialized successfully - sym options: 0x614 - pdb path: .;C:\Program Files\Java\jdk-11.0.16\bin;C:\Windows\SYSTEM32;C:\Windows\WinSxS\amd64_microsoft.windows.common-controls_6595b64144ccf1df_6.0.19041.1110_none_60b5254171f9507e;C:\Program Files\Java\jdk-11.0.16\bin\server;C:\Program Files\JetBrains\IntelliJ IDEA Community Edition 2022.2.1\bin

VM Arguments:
jvm_args: -ea -Didea.test.cyclic.buffer.size=1048576 -javaagent:C:\Program Files\JetBrains\IntelliJ IDEA Community Edition 2022.2.1\lib\idea_rt.jar=58631:C:\Program Files\JetBrains\IntelliJ IDEA Community Edition 2022.2.1\bin -Dfile.encoding=UTF-8 
java_command: com.intellij.rt.junit.JUnitStarter -ideVersion5 -junit5 @w@C:\Users\sfjbs\AppData\Local\Temp\idea_working_dirs_junit.tmp @C:\Users\sfjbs\AppData\Local\Temp\idea_junit.tmp -socket58630
java_class_path (initial): C:\Users\sfjbs\.m2\repository\org\junit\platform\junit-platform-launcher\1.8.2\junit-platform-launcher-1.8.2.jar;C:\Program Files\JetBrains\IntelliJ IDEA Community Edition 2022.2.1\lib\idea_rt.jar;C:\Program Files\JetBrains\IntelliJ IDEA Community Edition 2022.2.1\plugins\junit\lib\junit5-rt.jar;C:\Program Files\JetBrains\IntelliJ IDEA Community Edition 2022.2.1\plugins\junit\lib\junit-rt.jar;C:\Users\sfjbs\oct31training\SanikaDalvi\Day2\demo\target\test-classes;C:\Users\sfjbs\oct31training\SanikaDalvi\Day2\demo\target\classes;C:\Users\sfjbs\.m2\repository\org\springframework\boot\spring-boot-starter-web\2.7.5\spring-boot-starter-web-2.7.5.jar;C:\Users\sfjbs\.m2\repository\org\springframework\boot\spring-boot-starter\2.7.5\spring-boot-starter-2.7.5.jar;C:\Users\sfjbs\.m2\repository\org\springframework\boot\spring-boot\2.7.5\spring-boot-2.7.5.jar;C:\Users\sfjbs\.m2\repository\org\springframework\boot\spring-boot-autoconfigure\2.7.5\spring-boot-autoconfigure-2.7.5.jar;C:\Users\sfjbs\.m2\repository\org\springframework\boot\spring-boot-starter-logging\2.7.5\spring-boot-starter-logging-2.7.5.jar;C:\Users\sfjbs\.m2\repository\ch\qos\logback\logback-classic\1.2.11\logback-classic-1.2.11.jar;C:\Users\sfjbs\.m2\repository\ch\qos\logback\logback-core\1.2.11\logback-core-1.2.11.jar;C:\Users\sfjbs\.m2\repository\org\apache\logging\log4j\log4j-to-slf4j\2.17.2\log4j-to-slf4j-2.17.2.jar;C:\Users\sfjbs\.m2\repository\org\apache\logging\log4j\log4j-api\2.17.2\log4j-api-2.17.2.jar;C:\Users\sfjbs\.m2\repository\org\slf4j\jul-to-slf4j\1.7.36\jul-to-slf4j-1.7.36.jar;C:\Users\sfjbs\.m2\repository\jakarta\annotation\jakarta.annotation-api\1.3.5\jakarta.annotation-api-1.3.5.jar;C:\Users\sfjbs\.m2\repository\org\yaml\snakeyaml\1.30\snakeyaml-1.30.jar;C:\Users\sfjbs\.m2\repository\org\springframework\boot\spring-boot-starter-json\2.7.5\spring-boot-starter-json-2.7.5.jar;C:\Users\sfjbs\.m2\repository\com\fasterxml\jackson\core\jackson-databind\2.13.4.2\jackson-dat
Launcher Type: SUN_STANDARD

[Global flags]
     intx CICompilerCount                          = 2                                         {product} {ergonomic}
     uint ConcGCThreads                            = 1                                         {product} {ergonomic}
     uint G1ConcRefinementThreads                  = 2                                         {product} {ergonomic}
   size_t G1HeapRegionSize                         = 1048576                                   {product} {ergonomic}
    uintx GCDrainStackTargetSize                   = 64                                        {product} {ergonomic}
   size_t InitialHeapSize                          = 134217728                                 {product} {ergonomic}
   size_t MarkStackSize                            = 4194304                                   {product} {ergonomic}
   size_t MaxHeapSize                              = 2147483648                                {product} {ergonomic}
   size_t MaxNewSize                               = 1287651328                                {product} {ergonomic}
   size_t MinHeapDeltaBytes                        = 1048576                                   {product} {ergonomic}
    uintx NonNMethodCodeHeapSize                   = 5825164                                {pd product} {ergonomic}
    uintx NonProfiledCodeHeapSize                  = 122916538                              {pd product} {ergonomic}
    uintx ProfiledCodeHeapSize                     = 122916538                              {pd product} {ergonomic}
    uintx ReservedCodeCacheSize                    = 251658240                              {pd product} {ergonomic}
     bool SegmentedCodeCache                       = true                                      {product} {ergonomic}
     bool UseCompressedClassPointers               = true                                 {lp64_product} {ergonomic}
     bool UseCompressedOops                        = true                                 {lp64_product} {ergonomic}
     bool UseG1GC                                  = true                                      {product} {ergonomic}
     bool UseLargePagesIndividualAllocation        = false                                  {pd product} {ergonomic}

Logging:
Log output configuration:
 #0: stdout all=warning uptime,level,tags
 #1: stderr all=off uptime,level,tags

Environment Variables:
PATH=C:\Program Files\Common Files\Oracle\Java\javapath;C:\Windows\system32;C:\Windows;C:\Windows\System32\Wbem;C:\Windows\System32\WindowsPowerShell\v1.0\;C:\Windows\System32\OpenSSH\;C:\Users\sfjbs\Downloads\micro service-20221021T071039Z-001\micro service\apache-maven-3.8.5-bin\apache-maven-3.8.5\bin;C:\Users\sfjbs\Downloads\micro service-20221021T071039Z-001\micro service\apache-maven-3.8.5-bin\apache-maven-3.8.5\lib;C:\Program Files\Git\cmd;C:\Program Files\Docker\Docker\resources\bin;C:\Users\sfjbs\AppData\Local\Microsoft\WindowsApps;C:\Users\sfjbs\Downloads\micro service-20221021T071039Z-001\micro service\apache-maven-3.8.5-bin\apache-maven-3.8.5\bin;C:\Users\sfjbs\Downloads\micro service-20221021T071039Z-001\micro service\apache-maven-3.8.5-bin\apache-maven-3.8.5\lib;;C:\Program Files\JetBrains\IntelliJ IDEA Community Edition 2022.2.1\bin;
USERNAME=sfjbs
OS=Windows_NT
PROCESSOR_IDENTIFIER=Intel64 Family 6 Model 85 Stepping 7, GenuineIntel



---------------  S Y S T E M  ---------------

OS: Windows 10 , 64 bit Build 19041 (10.0.19041.1889)
Hyper-V role detected

CPU:total 2 (initial active 2) (1 cores per cpu, 2 threads per core) family 6 model 85 stepping 7 microcode 0xffffffff, cmov, cx8, fxsr, mmx, sse, sse2, sse3, ssse3, sse4.1, sse4.2, popcnt, avx, avx2, aes, clmul, erms, rtm, 3dnowpref, lzcnt, ht, tsc, bmi1, bmi2, adx, evex, fma

Memory: 4k page, system-wide physical 8190M (1033M free)
TotalPageFile size 10238M (AvailPageFile size 14M)
current process WorkingSet (physical memory assigned to process): 231M, peak: 231M
current process commit charge ("private bytes"): 306M, peak: 307M

vm_info: Java HotSpot(TM) 64-Bit Server VM (11.0.16+11-LTS-199) for windows-amd64 JRE (11.0.16+11-LTS-199), built on Jun 28 2022 08:23:17 by "mach5one" with MS VC++ 15.9 (VS2017)

END.
