#
# There is insufficient memory for the Java Runtime Environment to continue.
# Native memory allocation (malloc) failed to allocate 32744 bytes for ChunkPool::allocate
# Possible reasons:
#   The system is out of physical RAM or swap space
#   The process is running with CompressedOops enabled, and the Java Heap may be blocking the growth of the native heap
# Possible solutions:
#   Reduce memory load on the system
#   Increase physical memory or swap space
#   Check if swap backing store is full
#   Decrease Java heap size (-Xmx/-Xms)
#   Decrease number of Java threads
#   Decrease Java thread stack sizes (-Xss)
#   Set larger code cache with -XX:ReservedCodeCacheSize=
#   JVM is running with Unscaled Compressed Oops mode in which the Java heap is
#     placed in the first 4GB address space. The Java Heap base address is the
#     maximum limit for the native heap growth. Please use -XX:HeapBaseMinAddress
#     to set the Java Heap base and to place the Java Heap above 4GB virtual address.
# This output file may be truncated or incomplete.
#
#  Out of Memory Error (./open/src/hotspot/share/memory/arena.cpp:81), pid=12580, tid=6576
#
# JRE version: Java(TM) SE Runtime Environment 18.9 (11.0.16+11) (build 11.0.16+11-LTS-199)
# Java VM: Java HotSpot(TM) 64-Bit Server VM 18.9 (11.0.16+11-LTS-199, mixed mode, tiered, compressed oops, g1 gc, windows-amd64)
# No core dump will be written. Minidumps are not enabled by default on client versions of Windows
#

---------------  S U M M A R Y ------------

Command Line: -Dmaven.multiModuleProjectDirectory=C:\Users\sfjbs\IdeaProjects\oct31training\Aparna\Day2\Day2\first-spring-boot -Dmaven.home=C:\Program Files\JetBrains\IntelliJ IDEA Community Edition 2022.2.1\plugins\maven\lib\maven3 -Dclassworlds.conf=C:\Program Files\JetBrains\IntelliJ IDEA Community Edition 2022.2.1\plugins\maven\lib\maven3\bin\m2.conf -Dmaven.ext.class.path=C:\Program Files\JetBrains\IntelliJ IDEA Community Edition 2022.2.1\plugins\maven\lib\maven-event-listener.jar -javaagent:C:\Program Files\JetBrains\IntelliJ IDEA Community Edition 2022.2.1\lib\idea_rt.jar=50562:C:\Program Files\JetBrains\IntelliJ IDEA Community Edition 2022.2.1\bin -Dfile.encoding=UTF-8 org.codehaus.classworlds.Launcher -Didea.version=2022.2.1 clean install

Host: Intel(R) Xeon(R) Platinum 8370C CPU @ 2.80GHz, 2 cores, 7G,  Windows 10 , 64 bit Build 19041 (10.0.19041.2251)
Time: Sun Nov 13 10:55:41 2022 Coordinated Universal Time elapsed time: 13.803536 seconds (0d 0h 0m 13s)

---------------  T H R E A D  ---------------

Current thread (0x0000028bd7f6d000):  JavaThread "C2 CompilerThread0" daemon [_thread_in_native, id=6576, stack(0x000000b5ef600000,0x000000b5ef700000)]


Current CompileTask:
C2:  13803 5373   !   4       org.codehaus.plexus.interpolation.StringSearchInterpolator::interpolate (650 bytes)

Stack: [0x000000b5ef600000,0x000000b5ef700000]
Native frames: (J=compiled Java code, j=interpreted, Vv=VM code, C=native code)
V  [jvm.dll+0x62a3ea]
V  [jvm.dll+0x76418f]
V  [jvm.dll+0x765839]
V  [jvm.dll+0x765ec3]
V  [jvm.dll+0x23da98]
V  [jvm.dll+0xb2c7b]
V  [jvm.dll+0xb2fdc]
V  [jvm.dll+0xb2b2b]
V  [jvm.dll+0x60a6ef]
V  [jvm.dll+0x659bc4]
V  [jvm.dll+0x18ccfd]
V  [jvm.dll+0x1f85b2]
V  [jvm.dll+0x1f768d]
V  [jvm.dll+0x177c81]
V  [jvm.dll+0x207006]
V  [jvm.dll+0x20519b]
V  [jvm.dll+0x729fa0]
V  [jvm.dll+0x722b74]
V  [jvm.dll+0x629286]
C  [ucrtbase.dll+0x21bb2]
C  [KERNEL32.DLL+0x174b4]
C  [ntdll.dll+0x526a1]


---------------  P R O C E S S  ---------------

Threads class SMR info:
_java_thread_list=0x0000028bdc7ba520, length=22, elements={
0x0000028bba456000, 0x0000028bd7f5c000, 0x0000028bd7f5d000, 0x0000028bd8902800,
0x0000028bd7f6a000, 0x0000028bd7f6b000, 0x0000028bd7f6d000, 0x0000028bd7fa9000,
0x0000028bd7faa000, 0x0000028bba52f000, 0x0000028bd8a8a800, 0x0000028bda83f800,
0x0000028bdc584000, 0x0000028bdc3c8000, 0x0000028bdc79d800, 0x0000028bdd0f9000,
0x0000028bda9df800, 0x0000028bdbcc9800, 0x0000028bdc64b800, 0x0000028bda263000,
0x0000028bda261800, 0x0000028bda260800
}

Java Threads: ( => current thread )
  0x0000028bba456000 JavaThread "main" [_thread_in_native, id=7452, stack(0x000000b5ee900000,0x000000b5eea00000)]
  0x0000028bd7f5c000 JavaThread "Reference Handler" daemon [_thread_blocked, id=1228, stack(0x000000b5ef100000,0x000000b5ef200000)]
  0x0000028bd7f5d000 JavaThread "Finalizer" daemon [_thread_blocked, id=9232, stack(0x000000b5ef200000,0x000000b5ef300000)]
  0x0000028bd8902800 JavaThread "Signal Dispatcher" daemon [_thread_blocked, id=6828, stack(0x000000b5ef300000,0x000000b5ef400000)]
  0x0000028bd7f6a000 JavaThread "Attach Listener" daemon [_thread_blocked, id=11248, stack(0x000000b5ef400000,0x000000b5ef500000)]
  0x0000028bd7f6b000 JavaThread "Service Thread" daemon [_thread_blocked, id=1576, stack(0x000000b5ef500000,0x000000b5ef600000)]
=>0x0000028bd7f6d000 JavaThread "C2 CompilerThread0" daemon [_thread_in_native, id=6576, stack(0x000000b5ef600000,0x000000b5ef700000)]
  0x0000028bd7fa9000 JavaThread "C1 CompilerThread0" daemon [_thread_blocked, id=12584, stack(0x000000b5ef700000,0x000000b5ef800000)]
  0x0000028bd7faa000 JavaThread "Sweeper thread" daemon [_thread_blocked, id=11640, stack(0x000000b5ef800000,0x000000b5ef900000)]
  0x0000028bba52f000 JavaThread "Common-Cleaner" daemon [_thread_blocked, id=8920, stack(0x000000b5ef900000,0x000000b5efa00000)]
  0x0000028bd8a8a800 JavaThread "Monitor Ctrl-Break" daemon [_thread_in_native, id=6404, stack(0x000000b5efa00000,0x000000b5efb00000)]
  0x0000028bda83f800 JavaThread "resolver-1" daemon [_thread_blocked, id=4856, stack(0x000000b5efd00000,0x000000b5efe00000)]
  0x0000028bdc584000 JavaThread "resolver-2" daemon [_thread_blocked, id=9140, stack(0x000000b5efe00000,0x000000b5eff00000)]
  0x0000028bdc3c8000 JavaThread "resolver-3" daemon [_thread_blocked, id=8588, stack(0x000000b5eff00000,0x000000b5f0000000)]
  0x0000028bdc79d800 JavaThread "resolver-4" daemon [_thread_blocked, id=12852, stack(0x000000b5f0000000,0x000000b5f0100000)]
  0x0000028bdd0f9000 JavaThread "resolver-5" daemon [_thread_blocked, id=7152, stack(0x000000b5f0100000,0x000000b5f0200000)]
  0x0000028bda9df800 JavaThread "timeout-check-timer" daemon [_thread_blocked, id=5764, stack(0x000000b5f0200000,0x000000b5f0300000)]
  0x0000028bdbcc9800 JavaThread "ping-timer-10s" daemon [_thread_blocked, id=4200, stack(0x000000b5f0300000,0x000000b5f0400000)]
  0x0000028bdc64b800 JavaThread "ThreadedStreamConsumer" daemon [_thread_blocked, id=13252, stack(0x000000b5f0400000,0x000000b5f0500000)]
  0x0000028bda263000 JavaThread "Thread-2" [_thread_blocked, id=1940, stack(0x000000b5f0500000,0x000000b5f0600000)]
  0x0000028bda261800 JavaThread "Thread-3" [_thread_in_native, id=5260, stack(0x000000b5f0600000,0x000000b5f0700000)]
  0x0000028bda260800 JavaThread "Thread-4" [_thread_in_native, id=12484, stack(0x000000b5f0700000,0x000000b5f0800000)]

Other Threads:
  0x0000028bd7f48000 VMThread "VM Thread" [stack: 0x000000b5ef000000,0x000000b5ef100000] [id=10864]
  0x0000028bd8a8f000 WatcherThread [stack: 0x000000b5efb00000,0x000000b5efc00000] [id=2592]
  0x0000028bba46b000 GCTaskThread "GC Thread#0" [stack: 0x000000b5eeb00000,0x000000b5eec00000] [id=12752]
  0x0000028bd8e4a000 GCTaskThread "GC Thread#1" [stack: 0x000000b5efc00000,0x000000b5efd00000] [id=12628]
  0x0000028bba49b000 ConcurrentGCThread "G1 Main Marker" [stack: 0x000000b5eec00000,0x000000b5eed00000] [id=9884]
  0x0000028bba49c800 ConcurrentGCThread "G1 Conc#0" [stack: 0x000000b5eed00000,0x000000b5eee00000] [id=892]
  0x0000028bba524000 ConcurrentGCThread "G1 Refine#0" [stack: 0x000000b5eee00000,0x000000b5eef00000] [id=9332]
  0x0000028bba526000 ConcurrentGCThread "G1 Young RemSet Sampling" [stack: 0x000000b5eef00000,0x000000b5ef000000] [id=10580]

Threads with active compile tasks:
C2 CompilerThread0    13826 5373   !   4       org.codehaus.plexus.interpolation.StringSearchInterpolator::interpolate (650 bytes)

VM state:at safepoint (normal execution)

VM Mutex/Monitor currently owned by a thread:  ([mutex/lock_event])
[0x0000028bba453280] Threads_lock - owner thread: 0x0000028bd7f48000

Heap address: 0x0000000080000000, size: 2048 MB, Compressed Oops mode: 32-bit
Narrow klass base: 0x0000000000000000, Narrow klass shift: 3
Compressed class space size: 1073741824 Address: 0x0000000100000000

Heap:
 garbage-first heap   total 157696K, used 51116K [0x0000000080000000, 0x0000000100000000)
  region size 1024K, 43 young (44032K), 12 survivors (12288K)
 Metaspace       used 34289K, capacity 34943K, committed 35072K, reserved 1081344K
  class space    used 3587K, capacity 3824K, committed 3840K, reserved 1048576K
Heap Regions: E=young(eden), S=young(survivor), O=old, HS=humongous(starts), HC=humongous(continues), CS=collection set, F=free, A=archive, TAMS=top-at-mark-start (previous, next)
|   0|0x0000000080000000, 0x0000000080100000, 0x0000000080100000|100%| O|  |TAMS 0x0000000080100000, 0x0000000080000000| Untracked 
|   1|0x0000000080100000, 0x0000000080200000, 0x0000000080200000|100%| O|  |TAMS 0x0000000080200000, 0x0000000080100000| Untracked 
|   2|0x0000000080200000, 0x0000000080300000, 0x0000000080300000|100%| O|  |TAMS 0x0000000080300000, 0x0000000080200000| Untracked 
|   3|0x0000000080300000, 0x0000000080400000, 0x0000000080400000|100%| O|  |TAMS 0x000000008030c200, 0x0000000080300000| Untracked 
|   4|0x0000000080400000, 0x0000000080500000, 0x0000000080500000|100%| O|  |TAMS 0x0000000080400000, 0x0000000080400000| Untracked 
|   5|0x0000000080500000, 0x0000000080600000, 0x0000000080600000|100%| O|  |TAMS 0x0000000080500000, 0x0000000080500000| Untracked 
|   6|0x0000000080600000, 0x0000000080700000, 0x0000000080700000|100%| O|  |TAMS 0x0000000080600000, 0x0000000080600000| Untracked 
|   7|0x0000000080700000, 0x0000000080800000, 0x0000000080800000|100%| O|  |TAMS 0x0000000080700000, 0x0000000080700000| Untracked 
|   8|0x0000000080800000, 0x0000000080842c00, 0x0000000080900000| 26%| O|  |TAMS 0x0000000080800000, 0x0000000080800000| Untracked 
|   9|0x0000000080900000, 0x0000000080900000, 0x0000000080a00000|  0%| F|  |TAMS 0x0000000080900000, 0x0000000080900000| Untracked 
|  10|0x0000000080a00000, 0x0000000080a00000, 0x0000000080b00000|  0%| F|  |TAMS 0x0000000080a00000, 0x0000000080a00000| Untracked 
|  11|0x0000000080b00000, 0x0000000080b00000, 0x0000000080c00000|  0%| F|  |TAMS 0x0000000080b00000, 0x0000000080b00000| Untracked 
|  12|0x0000000080c00000, 0x0000000080c00000, 0x0000000080d00000|  0%| F|  |TAMS 0x0000000080c00000, 0x0000000080c00000| Untracked 
|  13|0x0000000080d00000, 0x0000000080d00000, 0x0000000080e00000|  0%| F|  |TAMS 0x0000000080d00000, 0x0000000080d00000| Untracked 
|  14|0x0000000080e00000, 0x0000000080e00000, 0x0000000080f00000|  0%| F|  |TAMS 0x0000000080e00000, 0x0000000080e00000| Untracked 
|  15|0x0000000080f00000, 0x0000000080f00000, 0x0000000081000000|  0%| F|  |TAMS 0x0000000080f00000, 0x0000000080f00000| Untracked 
|  16|0x0000000081000000, 0x0000000081000000, 0x0000000081100000|  0%| F|  |TAMS 0x0000000081000000, 0x0000000081000000| Untracked 
|  17|0x0000000081100000, 0x0000000081100000, 0x0000000081200000|  0%| F|  |TAMS 0x0000000081100000, 0x0000000081100000| Untracked 
|  18|0x0000000081200000, 0x0000000081200000, 0x0000000081300000|  0%| F|  |TAMS 0x0000000081200000, 0x0000000081200000| Untracked 
|  19|0x0000000081300000, 0x0000000081300000, 0x0000000081400000|  0%| F|  |TAMS 0x0000000081300000, 0x0000000081300000| Untracked 
|  20|0x0000000081400000, 0x0000000081400000, 0x0000000081500000|  0%| F|  |TAMS 0x0000000081400000, 0x0000000081400000| Untracked 
|  21|0x0000000081500000, 0x0000000081500000, 0x0000000081600000|  0%| F|  |TAMS 0x0000000081500000, 0x0000000081500000| Untracked 
|  22|0x0000000081600000, 0x0000000081600000, 0x0000000081700000|  0%| F|  |TAMS 0x0000000081600000, 0x0000000081600000| Untracked 
|  23|0x0000000081700000, 0x0000000081700000, 0x0000000081800000|  0%| F|  |TAMS 0x0000000081700000, 0x0000000081700000| Untracked 
|  24|0x0000000081800000, 0x0000000081800000, 0x0000000081900000|  0%| F|  |TAMS 0x0000000081800000, 0x0000000081800000| Untracked 
|  25|0x0000000081900000, 0x0000000081900000, 0x0000000081a00000|  0%| F|  |TAMS 0x0000000081900000, 0x0000000081900000| Untracked 
|  26|0x0000000081a00000, 0x0000000081a00000, 0x0000000081b00000|  0%| F|  |TAMS 0x0000000081a00000, 0x0000000081a00000| Untracked 
|  27|0x0000000081b00000, 0x0000000081b00000, 0x0000000081c00000|  0%| F|  |TAMS 0x0000000081b00000, 0x0000000081b00000| Untracked 
|  28|0x0000000081c00000, 0x0000000081c00000, 0x0000000081d00000|  0%| F|  |TAMS 0x0000000081c00000, 0x0000000081c00000| Untracked 
|  29|0x0000000081d00000, 0x0000000081d00000, 0x0000000081e00000|  0%| F|  |TAMS 0x0000000081d00000, 0x0000000081d00000| Untracked 
|  30|0x0000000081e00000, 0x0000000081e00000, 0x0000000081f00000|  0%| F|  |TAMS 0x0000000081e00000, 0x0000000081e00000| Untracked 
|  31|0x0000000081f00000, 0x0000000081f00000, 0x0000000082000000|  0%| F|  |TAMS 0x0000000081f00000, 0x0000000081f00000| Untracked 
|  32|0x0000000082000000, 0x0000000082000000, 0x0000000082100000|  0%| F|  |TAMS 0x0000000082000000, 0x0000000082000000| Untracked 
|  33|0x0000000082100000, 0x0000000082100000, 0x0000000082200000|  0%| F|  |TAMS 0x0000000082100000, 0x0000000082100000| Untracked 
|  34|0x0000000082200000, 0x0000000082200000, 0x0000000082300000|  0%| F|  |TAMS 0x0000000082200000, 0x0000000082200000| Untracked 
|  35|0x0000000082300000, 0x0000000082300000, 0x0000000082400000|  0%| F|  |TAMS 0x0000000082300000, 0x0000000082300000| Untracked 
|  36|0x0000000082400000, 0x0000000082400000, 0x0000000082500000|  0%| F|  |TAMS 0x0000000082400000, 0x0000000082400000| Untracked 
|  37|0x0000000082500000, 0x0000000082500000, 0x0000000082600000|  0%| F|  |TAMS 0x0000000082500000, 0x0000000082500000| Untracked 
|  38|0x0000000082600000, 0x0000000082600000, 0x0000000082700000|  0%| F|  |TAMS 0x0000000082600000, 0x0000000082600000| Untracked 
|  39|0x0000000082700000, 0x0000000082700000, 0x0000000082800000|  0%| F|  |TAMS 0x0000000082700000, 0x0000000082700000| Untracked 
|  40|0x0000000082800000, 0x0000000082800000, 0x0000000082900000|  0%| F|  |TAMS 0x0000000082800000, 0x0000000082800000| Untracked 
|  41|0x0000000082900000, 0x0000000082900000, 0x0000000082a00000|  0%| F|  |TAMS 0x0000000082900000, 0x0000000082900000| Untracked 
|  42|0x0000000082a00000, 0x0000000082a00000, 0x0000000082b00000|  0%| F|  |TAMS 0x0000000082a00000, 0x0000000082a00000| Untracked 
|  43|0x0000000082b00000, 0x0000000082b00000, 0x0000000082c00000|  0%| F|  |TAMS 0x0000000082b00000, 0x0000000082b00000| Untracked 
|  44|0x0000000082c00000, 0x0000000082c00000, 0x0000000082d00000|  0%| F|  |TAMS 0x0000000082c00000, 0x0000000082c00000| Untracked 
|  45|0x0000000082d00000, 0x0000000082d00000, 0x0000000082e00000|  0%| F|  |TAMS 0x0000000082d00000, 0x0000000082d00000| Untracked 
|  46|0x0000000082e00000, 0x0000000082e00000, 0x0000000082f00000|  0%| F|  |TAMS 0x0000000082e00000, 0x0000000082e00000| Untracked 
|  47|0x0000000082f00000, 0x0000000082f00000, 0x0000000083000000|  0%| F|  |TAMS 0x0000000082f00000, 0x0000000082f00000| Untracked 
|  48|0x0000000083000000, 0x0000000083000000, 0x0000000083100000|  0%| F|  |TAMS 0x0000000083000000, 0x0000000083000000| Untracked 
|  49|0x0000000083100000, 0x0000000083100000, 0x0000000083200000|  0%| F|  |TAMS 0x0000000083100000, 0x0000000083100000| Untracked 
|  50|0x0000000083200000, 0x00000000832a85e8, 0x0000000083300000| 65%| S|CS|TAMS 0x0000000083200000, 0x0000000083200000| Complete 
|  51|0x0000000083300000, 0x0000000083400000, 0x0000000083400000|100%| S|CS|TAMS 0x0000000083300000, 0x0000000083300000| Complete 
|  52|0x0000000083400000, 0x0000000083500000, 0x0000000083500000|100%| S|CS|TAMS 0x0000000083400000, 0x0000000083400000| Complete 
|  53|0x0000000083500000, 0x0000000083500000, 0x0000000083600000|  0%| F|  |TAMS 0x0000000083500000, 0x0000000083500000| Untracked 
|  54|0x0000000083600000, 0x0000000083600000, 0x0000000083700000|  0%| F|  |TAMS 0x0000000083600000, 0x0000000083600000| Untracked 
|  55|0x0000000083700000, 0x0000000083700000, 0x0000000083800000|  0%| F|  |TAMS 0x0000000083700000, 0x0000000083700000| Untracked 
|  56|0x0000000083800000, 0x0000000083800000, 0x0000000083900000|  0%| F|  |TAMS 0x0000000083800000, 0x0000000083800000| Untracked 
|  57|0x0000000083900000, 0x0000000083900000, 0x0000000083a00000|  0%| F|  |TAMS 0x0000000083900000, 0x0000000083900000| Untracked 
|  58|0x0000000083a00000, 0x0000000083a00000, 0x0000000083b00000|  0%| F|  |TAMS 0x0000000083a00000, 0x0000000083a00000| Untracked 
|  59|0x0000000083b00000, 0x0000000083b00000, 0x0000000083c00000|  0%| F|  |TAMS 0x0000000083b00000, 0x0000000083b00000| Untracked 
|  60|0x0000000083c00000, 0x0000000083c00000, 0x0000000083d00000|  0%| F|  |TAMS 0x0000000083c00000, 0x0000000083c00000| Untracked 
|  61|0x0000000083d00000, 0x0000000083d00000, 0x0000000083e00000|  0%| F|  |TAMS 0x0000000083d00000, 0x0000000083d00000| Untracked 
|  62|0x0000000083e00000, 0x0000000083e00000, 0x0000000083f00000|  0%| F|  |TAMS 0x0000000083e00000, 0x0000000083e00000| Untracked 
|  63|0x0000000083f00000, 0x0000000084000000, 0x0000000084000000|100%| S|CS|TAMS 0x0000000083f00000, 0x0000000083f00000| Complete 
|  64|0x0000000084000000, 0x0000000084100000, 0x0000000084100000|100%| S|CS|TAMS 0x0000000084000000, 0x0000000084000000| Complete 
|  65|0x0000000084100000, 0x0000000084200000, 0x0000000084200000|100%| S|CS|TAMS 0x0000000084100000, 0x0000000084100000| Complete 
|  66|0x0000000084200000, 0x0000000084300000, 0x0000000084300000|100%| S|CS|TAMS 0x0000000084200000, 0x0000000084200000| Complete 
|  67|0x0000000084300000, 0x0000000084400000, 0x0000000084400000|100%| S|CS|TAMS 0x0000000084300000, 0x0000000084300000| Complete 
|  68|0x0000000084400000, 0x0000000084500000, 0x0000000084500000|100%| S|CS|TAMS 0x0000000084400000, 0x0000000084400000| Complete 
|  69|0x0000000084500000, 0x0000000084600000, 0x0000000084600000|100%| S|CS|TAMS 0x0000000084500000, 0x0000000084500000| Complete 
|  70|0x0000000084600000, 0x0000000084700000, 0x0000000084700000|100%| S|CS|TAMS 0x0000000084600000, 0x0000000084600000| Complete 
|  71|0x0000000084700000, 0x0000000084800000, 0x0000000084800000|100%| S|CS|TAMS 0x0000000084700000, 0x0000000084700000| Complete 
|  72|0x0000000084800000, 0x0000000084800000, 0x0000000084900000|  0%| F|  |TAMS 0x0000000084800000, 0x0000000084800000| Untracked 
|  73|0x0000000084900000, 0x0000000084900000, 0x0000000084a00000|  0%| F|  |TAMS 0x0000000084900000, 0x0000000084900000| Untracked 
|  74|0x0000000084a00000, 0x0000000084a00000, 0x0000000084b00000|  0%| F|  |TAMS 0x0000000084a00000, 0x0000000084a00000| Untracked 
|  75|0x0000000084b00000, 0x0000000084b00000, 0x0000000084c00000|  0%| F|  |TAMS 0x0000000084b00000, 0x0000000084b00000| Untracked 
|  76|0x0000000084c00000, 0x0000000084c00000, 0x0000000084d00000|  0%| F|  |TAMS 0x0000000084c00000, 0x0000000084c00000| Untracked 
|  77|0x0000000084d00000, 0x0000000084d00000, 0x0000000084e00000|  0%| F|  |TAMS 0x0000000084d00000, 0x0000000084d00000| Untracked 
|  78|0x0000000084e00000, 0x0000000084e00000, 0x0000000084f00000|  0%| F|  |TAMS 0x0000000084e00000, 0x0000000084e00000| Untracked 
|  79|0x0000000084f00000, 0x0000000084f00000, 0x0000000085000000|  0%| F|  |TAMS 0x0000000084f00000, 0x0000000084f00000| Untracked 
|  80|0x0000000085000000, 0x0000000085000000, 0x0000000085100000|  0%| F|  |TAMS 0x0000000085000000, 0x0000000085000000| Untracked 
|  81|0x0000000085100000, 0x0000000085100000, 0x0000000085200000|  0%| F|  |TAMS 0x0000000085100000, 0x0000000085100000| Untracked 
|  82|0x0000000085200000, 0x0000000085200000, 0x0000000085300000|  0%| F|  |TAMS 0x0000000085200000, 0x0000000085200000| Untracked 
|  83|0x0000000085300000, 0x0000000085300000, 0x0000000085400000|  0%| F|  |TAMS 0x0000000085300000, 0x0000000085300000| Untracked 
|  84|0x0000000085400000, 0x0000000085400000, 0x0000000085500000|  0%| F|  |TAMS 0x0000000085400000, 0x0000000085400000| Untracked 
|  85|0x0000000085500000, 0x0000000085500000, 0x0000000085600000|  0%| F|  |TAMS 0x0000000085500000, 0x0000000085500000| Untracked 
|  86|0x0000000085600000, 0x0000000085600000, 0x0000000085700000|  0%| F|  |TAMS 0x0000000085600000, 0x0000000085600000| Untracked 
|  87|0x0000000085700000, 0x0000000085700000, 0x0000000085800000|  0%| F|  |TAMS 0x0000000085700000, 0x0000000085700000| Untracked 
|  88|0x0000000085800000, 0x0000000085800000, 0x0000000085900000|  0%| F|  |TAMS 0x0000000085800000, 0x0000000085800000| Untracked 
|  89|0x0000000085900000, 0x0000000085900000, 0x0000000085a00000|  0%| F|  |TAMS 0x0000000085900000, 0x0000000085900000| Untracked 
|  90|0x0000000085a00000, 0x0000000085a00000, 0x0000000085b00000|  0%| F|  |TAMS 0x0000000085a00000, 0x0000000085a00000| Untracked 
|  91|0x0000000085b00000, 0x0000000085b00000, 0x0000000085c00000|  0%| F|  |TAMS 0x0000000085b00000, 0x0000000085b00000| Untracked 
|  92|0x0000000085c00000, 0x0000000085c00000, 0x0000000085d00000|  0%| F|  |TAMS 0x0000000085c00000, 0x0000000085c00000| Untracked 
|  93|0x0000000085d00000, 0x0000000085d00000, 0x0000000085e00000|  0%| F|  |TAMS 0x0000000085d00000, 0x0000000085d00000| Untracked 
|  94|0x0000000085e00000, 0x0000000085e00000, 0x0000000085f00000|  0%| F|  |TAMS 0x0000000085e00000, 0x0000000085e00000| Untracked 
|  95|0x0000000085f00000, 0x0000000085f00000, 0x0000000086000000|  0%| F|  |TAMS 0x0000000085f00000, 0x0000000085f00000| Untracked 
|  96|0x0000000086000000, 0x0000000086000000, 0x0000000086100000|  0%| F|  |TAMS 0x0000000086000000, 0x0000000086000000| Untracked 
|  97|0x0000000086100000, 0x0000000086100000, 0x0000000086200000|  0%| F|  |TAMS 0x0000000086100000, 0x0000000086100000| Untracked 
|  98|0x0000000086200000, 0x0000000086200000, 0x0000000086300000|  0%| F|  |TAMS 0x0000000086200000, 0x0000000086200000| Untracked 
|  99|0x0000000086300000, 0x0000000086300000, 0x0000000086400000|  0%| F|  |TAMS 0x0000000086300000, 0x0000000086300000| Untracked 
| 100|0x0000000086400000, 0x0000000086400000, 0x0000000086500000|  0%| F|  |TAMS 0x0000000086400000, 0x0000000086400000| Untracked 
| 101|0x0000000086500000, 0x0000000086500000, 0x0000000086600000|  0%| F|  |TAMS 0x0000000086500000, 0x0000000086500000| Untracked 
| 102|0x0000000086600000, 0x0000000086600000, 0x0000000086700000|  0%| F|  |TAMS 0x0000000086600000, 0x0000000086600000| Untracked 
| 103|0x0000000086700000, 0x0000000086700000, 0x0000000086800000|  0%| F|  |TAMS 0x0000000086700000, 0x0000000086700000| Untracked 
| 104|0x0000000086800000, 0x0000000086800000, 0x0000000086900000|  0%| F|  |TAMS 0x0000000086800000, 0x0000000086800000| Untracked 
| 105|0x0000000086900000, 0x0000000086900000, 0x0000000086a00000|  0%| F|  |TAMS 0x0000000086900000, 0x0000000086900000| Untracked 
| 106|0x0000000086a00000, 0x0000000086a00000, 0x0000000086b00000|  0%| F|  |TAMS 0x0000000086a00000, 0x0000000086a00000| Untracked 
| 107|0x0000000086b00000, 0x0000000086b00000, 0x0000000086c00000|  0%| F|  |TAMS 0x0000000086b00000, 0x0000000086b00000| Untracked 
| 108|0x0000000086c00000, 0x0000000086c00000, 0x0000000086d00000|  0%| F|  |TAMS 0x0000000086c00000, 0x0000000086c00000| Untracked 
| 109|0x0000000086d00000, 0x0000000086d00000, 0x0000000086e00000|  0%| F|  |TAMS 0x0000000086d00000, 0x0000000086d00000| Untracked 
| 110|0x0000000086e00000, 0x0000000086e00000, 0x0000000086f00000|  0%| F|  |TAMS 0x0000000086e00000, 0x0000000086e00000| Untracked 
| 111|0x0000000086f00000, 0x0000000086f00000, 0x0000000087000000|  0%| F|  |TAMS 0x0000000086f00000, 0x0000000086f00000| Untracked 
| 112|0x0000000087000000, 0x0000000087000000, 0x0000000087100000|  0%| F|  |TAMS 0x0000000087000000, 0x0000000087000000| Untracked 
| 113|0x0000000087100000, 0x0000000087100000, 0x0000000087200000|  0%| F|  |TAMS 0x0000000087100000, 0x0000000087100000| Untracked 
| 114|0x0000000087200000, 0x0000000087200000, 0x0000000087300000|  0%| F|  |TAMS 0x0000000087200000, 0x0000000087200000| Untracked 
| 115|0x0000000087300000, 0x0000000087300000, 0x0000000087400000|  0%| F|  |TAMS 0x0000000087300000, 0x0000000087300000| Untracked 
| 116|0x0000000087400000, 0x0000000087400000, 0x0000000087500000|  0%| F|  |TAMS 0x0000000087400000, 0x0000000087400000| Untracked 
| 117|0x0000000087500000, 0x0000000087500000, 0x0000000087600000|  0%| F|  |TAMS 0x0000000087500000, 0x0000000087500000| Untracked 
| 118|0x0000000087600000, 0x0000000087600000, 0x0000000087700000|  0%| F|  |TAMS 0x0000000087600000, 0x0000000087600000| Untracked 
| 119|0x0000000087700000, 0x0000000087700000, 0x0000000087800000|  0%| F|  |TAMS 0x0000000087700000, 0x0000000087700000| Untracked 
| 120|0x0000000087800000, 0x0000000087800000, 0x0000000087900000|  0%| F|  |TAMS 0x0000000087800000, 0x0000000087800000| Untracked 
| 121|0x0000000087900000, 0x0000000087900000, 0x0000000087a00000|  0%| F|  |TAMS 0x0000000087900000, 0x0000000087900000| Untracked 
| 122|0x0000000087a00000, 0x0000000087a00000, 0x0000000087b00000|  0%| F|  |TAMS 0x0000000087a00000, 0x0000000087a00000| Untracked 
| 123|0x0000000087b00000, 0x0000000087b80800, 0x0000000087c00000| 50%| E|  |TAMS 0x0000000087b00000, 0x0000000087b00000| Complete 
| 124|0x0000000087c00000, 0x0000000087d00000, 0x0000000087d00000|100%| E|CS|TAMS 0x0000000087c00000, 0x0000000087c00000| Complete 
| 125|0x0000000087d00000, 0x0000000087e00000, 0x0000000087e00000|100%| E|CS|TAMS 0x0000000087d00000, 0x0000000087d00000| Complete 
| 126|0x0000000087e00000, 0x0000000087f00000, 0x0000000087f00000|100%| E|CS|TAMS 0x0000000087e00000, 0x0000000087e00000| Complete 
| 127|0x0000000087f00000, 0x0000000088000000, 0x0000000088000000|100%| E|CS|TAMS 0x0000000087f00000, 0x0000000087f00000| Complete 
| 128|0x0000000088000000, 0x0000000088100000, 0x0000000088100000|100%| E|CS|TAMS 0x0000000088000000, 0x0000000088000000| Complete 
| 129|0x0000000088100000, 0x0000000088200000, 0x0000000088200000|100%| E|CS|TAMS 0x0000000088100000, 0x0000000088100000| Complete 
| 130|0x0000000088200000, 0x0000000088300000, 0x0000000088300000|100%| E|CS|TAMS 0x0000000088200000, 0x0000000088200000| Complete 
| 131|0x0000000088300000, 0x0000000088400000, 0x0000000088400000|100%| E|CS|TAMS 0x0000000088300000, 0x0000000088300000| Complete 
| 132|0x0000000088400000, 0x0000000088500000, 0x0000000088500000|100%| E|CS|TAMS 0x0000000088400000, 0x0000000088400000| Complete 
| 133|0x0000000088500000, 0x0000000088600000, 0x0000000088600000|100%| E|CS|TAMS 0x0000000088500000, 0x0000000088500000| Complete 
| 134|0x0000000088600000, 0x0000000088700000, 0x0000000088700000|100%| E|CS|TAMS 0x0000000088600000, 0x0000000088600000| Complete 
| 135|0x0000000088700000, 0x0000000088800000, 0x0000000088800000|100%| E|CS|TAMS 0x0000000088700000, 0x0000000088700000| Complete 
| 136|0x0000000088800000, 0x0000000088900000, 0x0000000088900000|100%| E|CS|TAMS 0x0000000088800000, 0x0000000088800000| Complete 
| 137|0x0000000088900000, 0x0000000088a00000, 0x0000000088a00000|100%| E|CS|TAMS 0x0000000088900000, 0x0000000088900000| Complete 
| 138|0x0000000088a00000, 0x0000000088b00000, 0x0000000088b00000|100%| E|CS|TAMS 0x0000000088a00000, 0x0000000088a00000| Complete 
| 139|0x0000000088b00000, 0x0000000088c00000, 0x0000000088c00000|100%| E|CS|TAMS 0x0000000088b00000, 0x0000000088b00000| Complete 
| 140|0x0000000088c00000, 0x0000000088d00000, 0x0000000088d00000|100%| E|CS|TAMS 0x0000000088c00000, 0x0000000088c00000| Complete 
| 141|0x0000000088d00000, 0x0000000088e00000, 0x0000000088e00000|100%| E|CS|TAMS 0x0000000088d00000, 0x0000000088d00000| Complete 
| 142|0x0000000088e00000, 0x0000000088f00000, 0x0000000088f00000|100%| E|CS|TAMS 0x0000000088e00000, 0x0000000088e00000| Complete 
| 143|0x0000000088f00000, 0x0000000089000000, 0x0000000089000000|100%| E|CS|TAMS 0x0000000088f00000, 0x0000000088f00000| Complete 
| 144|0x0000000089000000, 0x0000000089100000, 0x0000000089100000|100%| E|CS|TAMS 0x0000000089000000, 0x0000000089000000| Complete 
| 145|0x0000000089100000, 0x0000000089200000, 0x0000000089200000|100%| E|CS|TAMS 0x0000000089100000, 0x0000000089100000| Complete 
| 146|0x0000000089200000, 0x0000000089300000, 0x0000000089300000|100%| E|CS|TAMS 0x0000000089200000, 0x0000000089200000| Complete 
| 147|0x0000000089300000, 0x0000000089400000, 0x0000000089400000|100%| E|CS|TAMS 0x0000000089300000, 0x0000000089300000| Complete 
| 148|0x0000000089400000, 0x0000000089500000, 0x0000000089500000|100%| E|CS|TAMS 0x0000000089400000, 0x0000000089400000| Complete 
| 149|0x0000000089500000, 0x0000000089600000, 0x0000000089600000|100%| E|CS|TAMS 0x0000000089500000, 0x0000000089500000| Complete 
| 150|0x0000000089600000, 0x0000000089700000, 0x0000000089700000|100%| E|CS|TAMS 0x0000000089600000, 0x0000000089600000| Complete 
| 151|0x0000000089700000, 0x0000000089800000, 0x0000000089800000|100%| E|CS|TAMS 0x0000000089700000, 0x0000000089700000| Complete 
| 152|0x0000000089800000, 0x0000000089900000, 0x0000000089900000|100%| E|CS|TAMS 0x0000000089800000, 0x0000000089800000| Complete 
| 153|0x0000000089900000, 0x0000000089a00000, 0x0000000089a00000|100%| E|CS|TAMS 0x0000000089900000, 0x0000000089900000| Complete 

Card table byte_map: [0x0000028bd1340000,0x0000028bd1740000] _byte_map_base: 0x0000028bd0f40000

Marking Bits (Prev, Next): (CMBitMap*) 0x0000028bba492200, (CMBitMap*) 0x0000028bba4921c8
 Prev Bits: [0x0000028bd3b40000, 0x0000028bd5b40000)
 Next Bits: [0x0000028bd1b40000, 0x0000028bd3b40000)

Polling page: 0x0000028bba540000

Metaspace:

Usage:
  Non-class:     30.39 MB capacity,    29.98 MB ( 99%) used,   359.27 KB (  1%) free+waste,    57.75 KB ( <1%) overhead. 
      Class:      3.73 MB capacity,     3.50 MB ( 94%) used,   211.09 KB (  6%) free+waste,    25.06 KB ( <1%) overhead. 
       Both:     34.12 MB capacity,    33.49 MB ( 98%) used,   570.35 KB (  2%) free+waste,    82.81 KB ( <1%) overhead. 

Virtual space:
  Non-class space:       32.00 MB reserved,      30.50 MB ( 95%) committed 
      Class space:        1.00 GB reserved,       3.75 MB ( <1%) committed 
             Both:        1.03 GB reserved,      34.25 MB (  3%) committed 

Chunk freelists:
   Non-Class:  6.13 KB
       Class:  2.00 KB
        Both:  8.13 KB

CodeHeap 'non-profiled nmethods': size=120064Kb used=2900Kb max_used=2900Kb free=117163Kb
 bounds [0x0000028bc95f0000, 0x0000028bc98d0000, 0x0000028bd0b30000]
CodeHeap 'profiled nmethods': size=120000Kb used=12226Kb max_used=12226Kb free=107773Kb
 bounds [0x0000028bc20c0000, 0x0000028bc2cc0000, 0x0000028bc95f0000]
CodeHeap 'non-nmethods': size=5696Kb used=1170Kb max_used=1192Kb free=4525Kb
 bounds [0x0000028bc1b30000, 0x0000028bc1da0000, 0x0000028bc20c0000]
 total_blobs=5907 nmethods=5405 adapters=413
 compilation: enabled
              stopped_count=0, restarted_count=0
 full_count=0

Compilation events (10 events):
Event: 13.594 Thread 0x0000028bd7fa9000 5415       3       java.lang.ProcessEnvironment$CheckedEntry::getKey (5 bytes)
Event: 13.595 Thread 0x0000028bd7fa9000 nmethod 5415 0x0000028bc2cace10 code [0x0000028bc2cacfc0, 0x0000028bc2cad2c8]
Event: 13.595 Thread 0x0000028bd7fa9000 5416       3       java.lang.ProcessEnvironment$NameComparator::compare (90 bytes)
Event: 13.596 Thread 0x0000028bd7fa9000 nmethod 5416 0x0000028bc2cad410 code [0x0000028bc2cad720, 0x0000028bc2cae9b8]
Event: 13.596 Thread 0x0000028bd7fa9000 5417       3       java.lang.StringBuilder::length (5 bytes)
Event: 13.597 Thread 0x0000028bd7fa9000 nmethod 5417 0x0000028bc2caf290 code [0x0000028bc2caf420, 0x0000028bc2caf538]
Event: 13.615 Thread 0x0000028bd7fa9000 5419       3       jdk.internal.org.objectweb.asm.Frame::pop (43 bytes)
Event: 13.615 Thread 0x0000028bd7fa9000 nmethod 5419 0x0000028bc2caf610 code [0x0000028bc2caf7a0, 0x0000028bc2caf938]
Event: 13.619 Thread 0x0000028bd7fa9000 5423       3       java.lang.invoke.InvokerBytecodeGenerator::loadInsnOpcode (86 bytes)
Event: 13.620 Thread 0x0000028bd7fa9000 nmethod 5423 0x0000028bc2cafa10 code [0x0000028bc2cafc80, 0x0000028bc2cb07b8]

GC Heap History (10 events):
Event: 2.073 GC heap before
{Heap before GC invocations=3 (full 0):
 garbage-first heap   total 131072K, used 22286K [0x0000000080000000, 0x0000000100000000)
  region size 1024K, 20 young (20480K), 2 survivors (2048K)
 Metaspace       used 15126K, capacity 15396K, committed 15488K, reserved 1062912K
  class space    used 1559K, capacity 1661K, committed 1664K, reserved 1048576K
}
Event: 2.078 GC heap after
{Heap after GC invocations=4 (full 0):
 garbage-first heap   total 131072K, used 4475K [0x0000000080000000, 0x0000000100000000)
  region size 1024K, 3 young (3072K), 3 survivors (3072K)
 Metaspace       used 15126K, capacity 15396K, committed 15488K, reserved 1062912K
  class space    used 1559K, capacity 1661K, committed 1664K, reserved 1048576K
}
Event: 3.064 GC heap before
{Heap before GC invocations=4 (full 0):
 garbage-first heap   total 131072K, used 34171K [0x0000000080000000, 0x0000000100000000)
  region size 1024K, 32 young (32768K), 3 survivors (3072K)
 Metaspace       used 19905K, capacity 20162K, committed 20224K, reserved 1067008K
  class space    used 2147K, capacity 2256K, committed 2304K, reserved 1048576K
}
Event: 3.077 GC heap after
{Heap after GC invocations=5 (full 0):
 garbage-first heap   total 157696K, used 6756K [0x0000000080000000, 0x0000000100000000)
  region size 1024K, 4 young (4096K), 4 survivors (4096K)
 Metaspace       used 19905K, capacity 20162K, committed 20224K, reserved 1067008K
  class space    used 2147K, capacity 2256K, committed 2304K, reserved 1048576K
}
Event: 4.364 GC heap before
{Heap before GC invocations=5 (full 0):
 garbage-first heap   total 157696K, used 22116K [0x0000000080000000, 0x0000000100000000)
  region size 1024K, 20 young (20480K), 4 survivors (4096K)
 Metaspace       used 20808K, capacity 21119K, committed 21248K, reserved 1069056K
  class space    used 2201K, capacity 2296K, committed 2304K, reserved 1048576K
}
Event: 4.379 GC heap after
{Heap after GC invocations=6 (full 0):
 garbage-first heap   total 157696K, used 8847K [0x0000000080000000, 0x0000000100000000)
  region size 1024K, 6 young (6144K), 6 survivors (6144K)
 Metaspace       used 20808K, capacity 21119K, committed 21248K, reserved 1069056K
  class space    used 2201K, capacity 2296K, committed 2304K, reserved 1048576K
}
Event: 8.323 GC heap before
{Heap before GC invocations=7 (full 0):
 garbage-first heap   total 157696K, used 95887K [0x0000000080000000, 0x0000000100000000)
  region size 1024K, 91 young (93184K), 6 survivors (6144K)
 Metaspace       used 25189K, capacity 25724K, committed 25856K, reserved 1073152K
  class space    used 2606K, capacity 2768K, committed 2816K, reserved 1048576K
}
Event: 8.350 GC heap after
{Heap after GC invocations=8 (full 0):
 garbage-first heap   total 157696K, used 13360K [0x0000000080000000, 0x0000000100000000)
  region size 1024K, 10 young (10240K), 10 survivors (10240K)
 Metaspace       used 25189K, capacity 25724K, committed 25856K, reserved 1073152K
  class space    used 2606K, capacity 2768K, committed 2816K, reserved 1048576K
}
Event: 12.784 GC heap before
{Heap before GC invocations=8 (full 0):
 garbage-first heap   total 157696K, used 96304K [0x0000000080000000, 0x0000000100000000)
  region size 1024K, 92 young (94208K), 10 survivors (10240K)
 Metaspace       used 32926K, capacity 33572K, committed 33664K, reserved 1079296K
  class space    used 3462K, capacity 3684K, committed 3712K, reserved 1048576K
}
Event: 12.815 GC heap after
{Heap after GC invocations=9 (full 0):
 garbage-first heap   total 157696K, used 20396K [0x0000000080000000, 0x0000000100000000)
  region size 1024K, 12 young (12288K), 12 survivors (12288K)
 Metaspace       used 32926K, capacity 33572K, committed 33664K, reserved 1079296K
  class space    used 3462K, capacity 3684K, committed 3712K, reserved 1048576K
}

Deoptimization events (10 events):
Event: 13.591 Thread 0x0000028bba456000 Uncommon trap: reason=class_check action=maybe_recompile pc=0x0000028bc9733a84 method=java.util.Collections$UnmodifiableMap$UnmodifiableEntrySet$UnmodifiableEntry.getValue()Ljava/lang/Object; @ 4 c2
Event: 13.591 Thread 0x0000028bba456000 Uncommon trap: reason=class_check action=maybe_recompile pc=0x0000028bc972de90 method=java.util.Collections$UnmodifiableMap$UnmodifiableEntrySet$1.hasNext()Z @ 4 c2
Event: 13.591 Thread 0x0000028bba456000 Uncommon trap: reason=class_check action=maybe_recompile pc=0x0000028bc972f924 method=java.util.Collections$UnmodifiableMap$UnmodifiableEntrySet$1.next()Ljava/util/Map$Entry; @ 8 c2
Event: 13.591 Thread 0x0000028bba456000 Uncommon trap: reason=class_check action=maybe_recompile pc=0x0000028bc9733784 method=java.util.Collections$UnmodifiableMap$UnmodifiableEntrySet$UnmodifiableEntry.getKey()Ljava/lang/Object; @ 4 c2
Event: 13.591 Thread 0x0000028bba456000 Uncommon trap: reason=class_check action=maybe_recompile pc=0x0000028bc9733a84 method=java.util.Collections$UnmodifiableMap$UnmodifiableEntrySet$UnmodifiableEntry.getValue()Ljava/lang/Object; @ 4 c2
Event: 13.591 Thread 0x0000028bba456000 Uncommon trap: reason=class_check action=maybe_recompile pc=0x0000028bc972de90 method=java.util.Collections$UnmodifiableMap$UnmodifiableEntrySet$1.hasNext()Z @ 4 c2
Event: 13.591 Thread 0x0000028bba456000 Uncommon trap: reason=class_check action=maybe_recompile pc=0x0000028bc972f924 method=java.util.Collections$UnmodifiableMap$UnmodifiableEntrySet$1.next()Ljava/util/Map$Entry; @ 8 c2
Event: 13.591 Thread 0x0000028bba456000 Uncommon trap: reason=class_check action=maybe_recompile pc=0x0000028bc9733784 method=java.util.Collections$UnmodifiableMap$UnmodifiableEntrySet$UnmodifiableEntry.getKey()Ljava/lang/Object; @ 4 c2
Event: 13.591 Thread 0x0000028bba456000 Uncommon trap: reason=class_check action=maybe_recompile pc=0x0000028bc9733a84 method=java.util.Collections$UnmodifiableMap$UnmodifiableEntrySet$UnmodifiableEntry.getValue()Ljava/lang/Object; @ 4 c2
Event: 13.771 Thread 0x0000028bdc64b800 Uncommon trap: reason=unstable_if action=reinterpret pc=0x0000028bc97108b4 method=java.util.Formatter$Conversion.isGeneral(C)Z @ 1 c2

Classes redefined (0 events):
No events

Internal exceptions (10 events):
Event: 11.825 Thread 0x0000028bba456000 Exception <a 'sun/nio/fs/WindowsException'{0x0000000085fc3208}> (0x0000000085fc3208) thrown at [./open/src/hotspot/share/prims/jni.cpp, line 611]
Event: 11.825 Thread 0x0000028bba456000 Exception <a 'sun/nio/fs/WindowsException'{0x0000000085fc3598}> (0x0000000085fc3598) thrown at [./open/src/hotspot/share/prims/jni.cpp, line 611]
Event: 11.825 Thread 0x0000028bba456000 Exception <a 'sun/nio/fs/WindowsException'{0x0000000085fc4278}> (0x0000000085fc4278) thrown at [./open/src/hotspot/share/prims/jni.cpp, line 611]
Event: 12.889 Thread 0x0000028bba456000 Exception <a 'java/lang/NoSuchMethodError'{0x00000000896905a0}: org.apache.maven.execution.MavenExecutionRequest.getFailureBehavior()Ljava/lang/String;> (0x00000000896905a0) thrown at [./open/src/hotspot/share/interpreter/linkResolver.cpp, line 864]
Event: 12.938 Thread 0x0000028bd90e8000 Exception <a 'java/lang/NoSuchMethodError'{0x0000000089407a30}: java.lang.invoke.DirectMethodHandle$Holder.invokeStaticInit(Ljava/lang/Object;Ljava/lang/Object;JLjava/lang/Object;)Ljava/lang/Object;> (0x0000000089407a30) thrown at [./open/src/hotspot/shar
Event: 12.944 Thread 0x0000028bd90e8000 Exception <a 'java/lang/NoSuchMethodError'{0x0000000089413b50}: java.lang.invoke.Invokers$Holder.linkToTargetMethod(Ljava/lang/Object;JLjava/lang/Object;)Ljava/lang/Object;> (0x0000000089413b50) thrown at [./open/src/hotspot/share/interpreter/linkResolver
Event: 13.615 Thread 0x0000028bba456000 Exception <a 'java/lang/NoSuchMethodError'{0x0000000087d23300}: java.lang.invoke.DirectMethodHandle$Holder.invokeStatic(Ljava/lang/Object;J)V> (0x0000000087d23300) thrown at [./open/src/hotspot/share/interpreter/linkResolver.cpp, line 772]
Event: 13.618 Thread 0x0000028bba456000 Exception <a 'java/lang/NoSuchMethodError'{0x0000000087d28510}: java.lang.invoke.DirectMethodHandle$Holder.invokeStatic(Ljava/lang/Object;J)Ljava/lang/Object;> (0x0000000087d28510) thrown at [./open/src/hotspot/share/interpreter/linkResolver.cpp, line 772
Event: 13.618 Thread 0x0000028bba456000 Exception <a 'java/lang/NoSuchMethodError'{0x0000000087d2b838}: java.lang.invoke.DirectMethodHandle$Holder.invokeSpecial(Ljava/lang/Object;Ljava/lang/Object;J)Ljava/lang/Object;> (0x0000000087d2b838) thrown at [./open/src/hotspot/share/interpreter/linkRes
Event: 13.620 Thread 0x0000028bba456000 Exception <a 'java/lang/NoSuchMethodError'{0x0000000087d2e5a0}: java.lang.invoke.Invokers$Holder.linkToTargetMethod(JLjava/lang/Object;)Ljava/lang/Object;> (0x0000000087d2e5a0) thrown at [./open/src/hotspot/share/interpreter/linkResolver.cpp, line 772]

Events (10 events):
Event: 13.770 loading class org/apache/maven/plugin/surefire/booterclient/output/InPluginProcessDumpSingleton done
Event: 13.770 loading class org/apache/maven/plugin/surefire/booterclient/output/InPluginProcessDumpSingleton
Event: 13.770 loading class org/apache/maven/plugin/surefire/booterclient/output/InPluginProcessDumpSingleton done
Event: 13.771 loading class org/apache/maven/plugin/surefire/booterclient/output/InPluginProcessDumpSingleton
Event: 13.771 loading class org/apache/maven/plugin/surefire/booterclient/output/InPluginProcessDumpSingleton done
Event: 13.771 loading class org/apache/maven/plugin/surefire/booterclient/output/InPluginProcessDumpSingleton
Event: 13.771 loading class org/apache/maven/plugin/surefire/booterclient/output/InPluginProcessDumpSingleton done
Event: 13.771 Thread 0x0000028bdc64b800 Uncommon trap: trap_request=0xffffff4d fr.pc=0x0000028bc97108b4 relative=0x0000000000000034
Event: 13.771 Thread 0x0000028bdc64b800 DEOPT PACKING pc=0x0000028bc97108b4 sp=0x000000b5f04fe670
Event: 13.771 Thread 0x0000028bdc64b800 DEOPT UNPACKING pc=0x0000028bc1b383af sp=0x000000b5f04fe5f8 mode 2


Dynamic libraries:
0x00007ff793b90000 - 0x00007ff793b9f000 	C:\Program Files\Java\jdk-11.0.16\bin\java.exe
0x00007ffb00bb0000 - 0x00007ffb00da8000 	C:\Windows\SYSTEM32\ntdll.dll
0x00007ffaffd10000 - 0x00007ffaffdcf000 	C:\Windows\System32\KERNEL32.DLL
0x00007ffafe460000 - 0x00007ffafe732000 	C:\Windows\System32\KERNELBASE.dll
0x00007ffafe9a0000 - 0x00007ffafeaa0000 	C:\Windows\System32\ucrtbase.dll
0x00007ffae4a20000 - 0x00007ffae4a38000 	C:\Program Files\Java\jdk-11.0.16\bin\jli.dll
0x00007ffaff160000 - 0x00007ffaff20e000 	C:\Windows\System32\ADVAPI32.dll
0x00007ffaff0c0000 - 0x00007ffaff15e000 	C:\Windows\System32\msvcrt.dll
0x00007ffaff210000 - 0x00007ffaff2ac000 	C:\Windows\System32\sechost.dll
0x00007ffb00700000 - 0x00007ffb00825000 	C:\Windows\System32\RPCRT4.dll
0x00007ffb008b0000 - 0x00007ffb00a4d000 	C:\Windows\System32\USER32.dll
0x00007ffafe350000 - 0x00007ffafe372000 	C:\Windows\System32\win32u.dll
0x00007ffafee80000 - 0x00007ffafeeab000 	C:\Windows\System32\GDI32.dll
0x00007ffafe890000 - 0x00007ffafe99f000 	C:\Windows\System32\gdi32full.dll
0x00007ffafe740000 - 0x00007ffafe7dd000 	C:\Windows\System32\msvcp_win.dll
0x00007ffae4850000 - 0x00007ffae4865000 	C:\Program Files\Java\jdk-11.0.16\bin\VCRUNTIME140.dll
0x00007ffae00b0000 - 0x00007ffae034a000 	C:\Windows\WinSxS\amd64_microsoft.windows.common-controls_6595b64144ccf1df_6.0.19041.1110_none_60b5254171f9507e\COMCTL32.dll
0x00007ffaf66e0000 - 0x00007ffaf66ea000 	C:\Windows\SYSTEM32\VERSION.dll
0x00007ffafee40000 - 0x00007ffafee72000 	C:\Windows\System32\IMM32.DLL
0x00007ffae47b0000 - 0x00007ffae484b000 	C:\Program Files\Java\jdk-11.0.16\bin\msvcp140.dll
0x00007ffabf940000 - 0x00007ffac0458000 	C:\Program Files\Java\jdk-11.0.16\bin\server\jvm.dll
0x00007ffaffe30000 - 0x00007ffaffe38000 	C:\Windows\System32\PSAPI.DLL
0x00007ffaf9d30000 - 0x00007ffaf9d39000 	C:\Windows\SYSTEM32\WSOCK32.dll
0x00007ffb00a50000 - 0x00007ffb00abb000 	C:\Windows\System32\WS2_32.dll
0x00007ffaddbc0000 - 0x00007ffaddbe7000 	C:\Windows\SYSTEM32\WINMM.dll
0x00007ffafc150000 - 0x00007ffafc162000 	C:\Windows\SYSTEM32\kernel.appcore.dll
0x00007ffae49d0000 - 0x00007ffae49e0000 	C:\Program Files\Java\jdk-11.0.16\bin\verify.dll
0x00007ffaf11f0000 - 0x00007ffaf13d4000 	C:\Windows\SYSTEM32\DBGHELP.DLL
0x00007ffaf1130000 - 0x00007ffaf115c000 	C:\Windows\SYSTEM32\dbgcore.DLL
0x00007ffafe380000 - 0x00007ffafe402000 	C:\Windows\System32\bcryptPrimitives.dll
0x00007ffae4780000 - 0x00007ffae47a8000 	C:\Program Files\Java\jdk-11.0.16\bin\java.dll
0x00007ffae4770000 - 0x00007ffae477a000 	C:\Program Files\Java\jdk-11.0.16\bin\jimage.dll
0x00007ffae49c0000 - 0x00007ffae49ce000 	C:\Program Files\Java\jdk-11.0.16\bin\instrument.dll
0x00007ffae4750000 - 0x00007ffae4766000 	C:\Program Files\Java\jdk-11.0.16\bin\zip.dll
0x00007ffafff00000 - 0x00007ffb00643000 	C:\Windows\System32\SHELL32.dll
0x00007ffafc350000 - 0x00007ffafcae2000 	C:\Windows\SYSTEM32\windows.storage.dll
0x00007ffaff7a0000 - 0x00007ffaffaf4000 	C:\Windows\System32\combase.dll
0x00007ffafdb50000 - 0x00007ffafdb80000 	C:\Windows\SYSTEM32\Wldp.dll
0x00007ffb00650000 - 0x00007ffb006fd000 	C:\Windows\System32\SHCORE.dll
0x00007ffaff720000 - 0x00007ffaff775000 	C:\Windows\System32\shlwapi.dll
0x00007ffafe1f0000 - 0x00007ffafe20f000 	C:\Windows\SYSTEM32\profapi.dll
0x00007ffae4730000 - 0x00007ffae4749000 	C:\Program Files\Java\jdk-11.0.16\bin\net.dll
0x00007ffaf5ce0000 - 0x00007ffaf5dec000 	C:\Windows\SYSTEM32\WINHTTP.dll
0x00007ffafd930000 - 0x00007ffafd99a000 	C:\Windows\system32\mswsock.dll
0x00007ffae4710000 - 0x00007ffae4722000 	C:\Program Files\Java\jdk-11.0.16\bin\nio.dll
0x00007ffae49a0000 - 0x00007ffae49ba000 	C:\Program Files\JetBrains\IntelliJ IDEA Community Edition 2022.2.1\bin\breakgen64.dll
0x00007ffafdb90000 - 0x00007ffafdba8000 	C:\Windows\SYSTEM32\CRYPTSP.dll
0x00007ffafd270000 - 0x00007ffafd2a4000 	C:\Windows\system32\rsaenh.dll
0x00007ffafe320000 - 0x00007ffafe347000 	C:\Windows\System32\bcrypt.dll
0x00007ffafe170000 - 0x00007ffafe19e000 	C:\Windows\SYSTEM32\USERENV.dll
0x00007ffafdac0000 - 0x00007ffafdacc000 	C:\Windows\SYSTEM32\CRYPTBASE.dll
0x00007ffafd640000 - 0x00007ffafd67b000 	C:\Windows\SYSTEM32\IPHLPAPI.DLL
0x00007ffafef90000 - 0x00007ffafef98000 	C:\Windows\System32\NSI.dll
0x00007ffaf6a30000 - 0x00007ffaf6a47000 	C:\Windows\SYSTEM32\dhcpcsvc6.DLL
0x00007ffaf6a10000 - 0x00007ffaf6a2d000 	C:\Windows\SYSTEM32\dhcpcsvc.DLL
0x00007ffafd680000 - 0x00007ffafd74a000 	C:\Windows\SYSTEM32\DNSAPI.dll
0x00007ffae4990000 - 0x00007ffae499a000 	C:\Users\sfjbs\AppData\Local\Temp\jansi-1.17.1-8137803333917790856.dll
0x00007ffae4980000 - 0x00007ffae498a000 	C:\Users\sfjbs\AppData\Local\Temp\jansi-1.17.1-8314686928310950943.dll

dbghelp: loaded successfully - version: 4.0.5 - missing functions: none
symbol engine: initialized successfully - sym options: 0x614 - pdb path: .;C:\Program Files\Java\jdk-11.0.16\bin;C:\Windows\SYSTEM32;C:\Windows\WinSxS\amd64_microsoft.windows.common-controls_6595b64144ccf1df_6.0.19041.1110_none_60b5254171f9507e;C:\Program Files\Java\jdk-11.0.16\bin\server;C:\Program Files\JetBrains\IntelliJ IDEA Community Edition 2022.2.1\bin;C:\Users\sfjbs\AppData\Local\Temp

VM Arguments:
jvm_args: -Dmaven.multiModuleProjectDirectory=C:\Users\sfjbs\IdeaProjects\oct31training\Aparna\Day2\Day2\first-spring-boot -Dmaven.home=C:\Program Files\JetBrains\IntelliJ IDEA Community Edition 2022.2.1\plugins\maven\lib\maven3 -Dclassworlds.conf=C:\Program Files\JetBrains\IntelliJ IDEA Community Edition 2022.2.1\plugins\maven\lib\maven3\bin\m2.conf -Dmaven.ext.class.path=C:\Program Files\JetBrains\IntelliJ IDEA Community Edition 2022.2.1\plugins\maven\lib\maven-event-listener.jar -javaagent:C:\Program Files\JetBrains\IntelliJ IDEA Community Edition 2022.2.1\lib\idea_rt.jar=50562:C:\Program Files\JetBrains\IntelliJ IDEA Community Edition 2022.2.1\bin -Dfile.encoding=UTF-8 
java_command: org.codehaus.classworlds.Launcher -Didea.version=2022.2.1 clean install
java_class_path (initial): C:\Program Files\JetBrains\IntelliJ IDEA Community Edition 2022.2.1\plugins\maven\lib\maven3\boot\plexus-classworlds-2.6.0.jar;C:\Program Files\JetBrains\IntelliJ IDEA Community Edition 2022.2.1\plugins\maven\lib\maven3\boot\plexus-classworlds.license
Launcher Type: SUN_STANDARD

[Global flags]
     intx CICompilerCount                          = 2                                         {product} {ergonomic}
     uint ConcGCThreads                            = 1                                         {product} {ergonomic}
     uint G1ConcRefinementThreads                  = 2                                         {product} {ergonomic}
   size_t G1HeapRegionSize                         = 1048576                                   {product} {ergonomic}
    uintx GCDrainStackTargetSize                   = 64                                        {product} {ergonomic}
   size_t InitialHeapSize                          = 134217728                                 {product} {ergonomic}
   size_t MarkStackSize                            = 4194304                                   {product} {ergonomic}
   size_t MaxHeapSize                              = 2147483648                                {product} {ergonomic}
   size_t MaxNewSize                               = 1287651328                                {product} {ergonomic}
   size_t MinHeapDeltaBytes                        = 1048576                                   {product} {ergonomic}
    uintx NonNMethodCodeHeapSize                   = 5825164                                {pd product} {ergonomic}
    uintx NonProfiledCodeHeapSize                  = 122916538                              {pd product} {ergonomic}
    uintx ProfiledCodeHeapSize                     = 122916538                              {pd product} {ergonomic}
    uintx ReservedCodeCacheSize                    = 251658240                              {pd product} {ergonomic}
     bool SegmentedCodeCache                       = true                                      {product} {ergonomic}
     bool UseCompressedClassPointers               = true                                 {lp64_product} {ergonomic}
     bool UseCompressedOops                        = true                                 {lp64_product} {ergonomic}
     bool UseG1GC                                  = true                                      {product} {ergonomic}
     bool UseLargePagesIndividualAllocation        = false                                  {pd product} {ergonomic}

Logging:
Log output configuration:
 #0: stdout all=warning uptime,level,tags
 #1: stderr all=off uptime,level,tags

Environment Variables:
PATH=C:\Program Files\Common Files\Oracle\Java\javapath;C:\Windows\system32;C:\Windows;C:\Windows\System32\Wbem;C:\Windows\System32\WindowsPowerShell\v1.0\;C:\Windows\System32\OpenSSH\;C:\Users\sfjbs\Downloads\micro service-20221021T071039Z-001\micro service\apache-maven-3.8.5-bin\apache-maven-3.8.5\bin;C:\Users\sfjbs\Downloads\micro service-20221021T071039Z-001\micro service\apache-maven-3.8.5-bin\apache-maven-3.8.5\lib;C:\Program Files\Git\cmd;C:\Program Files\Docker\Docker\resources\bin;C:\Users\sfjbs\AppData\Local\Microsoft\WindowsApps;C:\Users\sfjbs\Downloads\micro service-20221021T071039Z-001\micro service\apache-maven-3.8.5-bin\apache-maven-3.8.5\bin;C:\Users\sfjbs\Downloads\micro service-20221021T071039Z-001\micro service\apache-maven-3.8.5-bin\apache-maven-3.8.5\lib;;C:\Program Files\JetBrains\IntelliJ IDEA Community Edition 2022.2.1\bin;
USERNAME=sfjbs
OS=Windows_NT
PROCESSOR_IDENTIFIER=Intel64 Family 6 Model 106 Stepping 6, GenuineIntel



---------------  S Y S T E M  ---------------

OS: Windows 10 , 64 bit Build 19041 (10.0.19041.2251)
Hyper-V role detected

CPU:total 2 (initial active 2) (1 cores per cpu, 2 threads per core) family 6 model 106 stepping 6 microcode 0xffffffff, cmov, cx8, fxsr, mmx, sse, sse2, sse3, ssse3, sse4.1, sse4.2, popcnt, avx, avx2, aes, clmul, erms, rtm, 3dnowpref, lzcnt, ht, tsc, bmi1, bmi2, adx, evex, fma

Memory: 4k page, system-wide physical 8190M (2136M free)
TotalPageFile size 10238M (AvailPageFile size 49M)
current process WorkingSet (physical memory assigned to process): 239M, peak: 239M
current process commit charge ("private bytes"): 302M, peak: 302M

vm_info: Java HotSpot(TM) 64-Bit Server VM (11.0.16+11-LTS-199) for windows-amd64 JRE (11.0.16+11-LTS-199), built on Jun 28 2022 08:23:17 by "mach5one" with MS VC++ 15.9 (VS2017)

END.
