#
# There is insufficient memory for the Java Runtime Environment to continue.
# Native memory allocation (mmap) failed to map 90177536 bytes for Failed to commit area from 0x0000000089f00000 to 0x000000008f500000 of length 90177536.
# Possible reasons:
#   The system is out of physical RAM or swap space
#   The process is running with CompressedOops enabled, and the Java Heap may be blocking the growth of the native heap
# Possible solutions:
#   Reduce memory load on the system
#   Increase physical memory or swap space
#   Check if swap backing store is full
#   Decrease Java heap size (-Xmx/-Xms)
#   Decrease number of Java threads
#   Decrease Java thread stack sizes (-Xss)
#   Set larger code cache with -XX:ReservedCodeCacheSize=
#   JVM is running with Unscaled Compressed Oops mode in which the Java heap is
#     placed in the first 4GB address space. The Java Heap base address is the
#     maximum limit for the native heap growth. Please use -XX:HeapBaseMinAddress
#     to set the Java Heap base and to place the Java Heap above 4GB virtual address.
# This output file may be truncated or incomplete.
#
#  Out of Memory Error (./open/src/hotspot/os/windows/os_windows.cpp:3287), pid=12876, tid=8860
#
# JRE version: Java(TM) SE Runtime Environment 18.9 (11.0.16+11) (build 11.0.16+11-LTS-199)
# Java VM: Java HotSpot(TM) 64-Bit Server VM 18.9 (11.0.16+11-LTS-199, mixed mode, tiered, compressed oops, g1 gc, windows-amd64)
# No core dump will be written. Minidumps are not enabled by default on client versions of Windows
#

---------------  S U M M A R Y ------------

Command Line: -Xverify:none -XX:TieredStopAtLevel=1 com.example.pensionManagementSystem.PensionManagementSystemApplication

Host: Intel(R) Xeon(R) Platinum 8370C CPU @ 2.80GHz, 2 cores, 7G,  Windows 10 , 64 bit Build 19041 (10.0.19041.2251)
Time: Thu Nov 17 04:14:18 2022 Coordinated Universal Time elapsed time: 5.042289 seconds (0d 0h 0m 5s)

---------------  T H R E A D  ---------------

Current thread (0x000001fc2f630800):  VMThread "VM Thread" [stack: 0x0000008be9a00000,0x0000008be9b00000] [id=8860]

Stack: [0x0000008be9a00000,0x0000008be9b00000]
[error occurred during error reporting (printing stack bounds), id 0xc0000005, EXCEPTION_ACCESS_VIOLATION (0xc0000005) at pc=0x000001fc198910e7]

Native frames: (J=compiled Java code, j=interpreted, Vv=VM code, C=native code)
V  [jvm.dll+0x62a3ea]
V  [jvm.dll+0x76418f]
V  [jvm.dll+0x765839]
V  [jvm.dll+0x765e25]
V  [jvm.dll+0x765ddb]
V  [jvm.dll+0x6298d3]
V  [jvm.dll+0x629fe8]
C  [ntdll.dll+0xa241f]
C  [ntdll.dll+0x514a4]
C  [ntdll.dll+0xa0f4e]
C  0x000001fc198910e7

VM_Operation (0x0000008be93fc680): G1CollectForAllocation, mode: safepoint, requested by thread 0x000001fc121e0800


---------------  P R O C E S S  ---------------

Threads class SMR info:
_java_thread_list=0x000001fc321ab280, length=15, elements={
0x000001fc121e0800, 0x000001fc2f633800, 0x000001fc2f63e800, 0x000001fc2f654000,
0x000001fc2f655000, 0x000001fc2f657800, 0x000001fc2f65b800, 0x000001fc2f660800,
0x000001fc2ffd7000, 0x000001fc31f0c800, 0x000001fc31db0800, 0x000001fc31db1000,
0x000001fc31ef1800, 0x000001fc31827800, 0x000001fc322e5800
}

Java Threads: ( => current thread )
  0x000001fc121e0800 JavaThread "main" [_thread_blocked, id=2004, stack(0x0000008be9300000,0x0000008be9400000)]
  0x000001fc2f633800 JavaThread "Reference Handler" daemon [_thread_blocked, id=1840, stack(0x0000008be9b00000,0x0000008be9c00000)]
  0x000001fc2f63e800 JavaThread "Finalizer" daemon [_thread_blocked, id=5988, stack(0x0000008be9c00000,0x0000008be9d00000)]
  0x000001fc2f654000 JavaThread "Signal Dispatcher" daemon [_thread_blocked, id=8752, stack(0x0000008be9d00000,0x0000008be9e00000)]
  0x000001fc2f655000 JavaThread "Attach Listener" daemon [_thread_blocked, id=12380, stack(0x0000008be9e00000,0x0000008be9f00000)]
  0x000001fc2f657800 JavaThread "Service Thread" daemon [_thread_blocked, id=10508, stack(0x0000008be9f00000,0x0000008bea000000)]
  0x000001fc2f65b800 JavaThread "C1 CompilerThread0" daemon [_thread_blocked, id=2672, stack(0x0000008bea000000,0x0000008bea100000)]
  0x000001fc2f660800 JavaThread "Sweeper thread" daemon [_thread_blocked, id=5832, stack(0x0000008bea100000,0x0000008bea200000)]
  0x000001fc2ffd7000 JavaThread "Common-Cleaner" daemon [_thread_blocked, id=9968, stack(0x0000008bea300000,0x0000008bea400000)]
  0x000001fc31f0c800 JavaThread "Catalina-utility-1" [_thread_blocked, id=4912, stack(0x0000008bea500000,0x0000008bea600000)]
  0x000001fc31db0800 JavaThread "Catalina-utility-2" [_thread_blocked, id=10176, stack(0x0000008bea600000,0x0000008bea700000)]
  0x000001fc31db1000 JavaThread "container-0" [_thread_blocked, id=5240, stack(0x0000008bea700000,0x0000008bea800000)]
  0x000001fc31ef1800 JavaThread "mysql-cj-abandoned-connection-cleanup" daemon [_thread_blocked, id=2556, stack(0x0000008bea800000,0x0000008bea900000)]
  0x000001fc31827800 JavaThread "HikariPool-1 housekeeper" daemon [_thread_blocked, id=12912, stack(0x0000008beaa00000,0x0000008beab00000)]
  0x000001fc322e5800 JavaThread "HikariPool-1 connection adder" daemon [_thread_blocked, id=644, stack(0x0000008beab00000,0x0000008beac00000)]

Other Threads:
=>0x000001fc2f630800 VMThread "VM Thread" [stack: 0x0000008be9a00000,0x0000008be9b00000] [id=8860]
  0x000001fc2ffd2000 WatcherThread [stack: 0x0000008bea200000,0x0000008bea300000] [id=12676]
  0x000001fc121f4800 GCTaskThread "GC Thread#0" [stack: 0x0000008be9500000,0x0000008be9600000] [id=2520]
  0x000001fc303bf800 GCTaskThread "GC Thread#1" [stack: 0x0000008bea400000,0x0000008bea500000] [id=2368]
  0x000001fc12226800 ConcurrentGCThread "G1 Main Marker" [stack: 0x0000008be9600000,0x0000008be9700000] [id=6744]
  0x000001fc12228800 ConcurrentGCThread "G1 Conc#0" [stack: 0x0000008be9700000,0x0000008be9800000] [id=12172]
  0x000001fc122af800 ConcurrentGCThread "G1 Refine#0" [stack: 0x0000008be9800000,0x0000008be9900000] [id=8196]
  0x000001fc122b1800 ConcurrentGCThread "G1 Young RemSet Sampling" [stack: 0x0000008be9900000,0x0000008be9a00000] [id=12840]

Threads with active compile tasks:

VM state:at safepoint (normal execution)

VM Mutex/Monitor currently owned by a thread:  ([mutex/lock_event])
[0x000001fc121dbf00] Threads_lock - owner thread: 0x000001fc2f630800
[0x000001fc121daac0] Heap_lock - owner thread: 0x000001fc121e0800

Heap address: 0x0000000080000000, size: 2048 MB, Compressed Oops mode: 32-bit
Narrow klass base: 0x0000000000000000, Narrow klass shift: 3
Compressed class space size: 1073741824 Address: 0x0000000100000000

Heap:
 garbage-first heap   total 250880K, used 20382K [0x0000000080000000, 0x0000000100000000)
  region size 1024K, 8 young (8192K), 8 survivors (8192K)
 Metaspace       used 49139K, capacity 50464K, committed 50640K, reserved 1093632K
  class space    used 6415K, capacity 6979K, committed 7040K, reserved 1048576K
Heap Regions: E=young(eden), S=young(survivor), O=old, HS=humongous(starts), HC=humongous(continues), CS=collection set, F=free, A=archive, TAMS=top-at-mark-start (previous, next)
|   0|0x0000000080000000, 0x0000000080100000, 0x0000000080100000|100%|HS|  |TAMS 0x0000000080100000, 0x0000000080000000| Complete 
|   1|0x0000000080100000, 0x0000000080200000, 0x0000000080200000|100%| O|  |TAMS 0x0000000080200000, 0x0000000080100000| Untracked 
|   2|0x0000000080200000, 0x0000000080300000, 0x0000000080300000|100%| O|  |TAMS 0x0000000080300000, 0x0000000080200000| Untracked 
|   3|0x0000000080300000, 0x0000000080400000, 0x0000000080400000|100%| O|  |TAMS 0x0000000080400000, 0x0000000080300000| Untracked 
|   4|0x0000000080400000, 0x0000000080500000, 0x0000000080500000|100%| O|  |TAMS 0x0000000080500000, 0x0000000080400000| Untracked 
|   5|0x0000000080500000, 0x0000000080600000, 0x0000000080600000|100%| O|  |TAMS 0x0000000080600000, 0x0000000080500000| Untracked 
|   6|0x0000000080600000, 0x0000000080700000, 0x0000000080700000|100%| O|  |TAMS 0x000000008069aa00, 0x0000000080600000| Untracked 
|   7|0x0000000080700000, 0x0000000080800000, 0x0000000080800000|100%| O|  |TAMS 0x0000000080700000, 0x0000000080700000| Untracked 
|   8|0x0000000080800000, 0x0000000080900000, 0x0000000080900000|100%| O|  |TAMS 0x0000000080800000, 0x0000000080800000| Untracked 
|   9|0x0000000080900000, 0x0000000080a00000, 0x0000000080a00000|100%| O|  |TAMS 0x0000000080900000, 0x0000000080900000| Untracked 
|  10|0x0000000080a00000, 0x0000000080b00000, 0x0000000080b00000|100%| O|  |TAMS 0x0000000080a00000, 0x0000000080a00000| Untracked 
|  11|0x0000000080b00000, 0x0000000080c00000, 0x0000000080c00000|100%| O|  |TAMS 0x0000000080b00000, 0x0000000080b00000| Untracked 
|  12|0x0000000080c00000, 0x0000000080c67a00, 0x0000000080d00000| 40%| O|  |TAMS 0x0000000080c00000, 0x0000000080c00000| Untracked 
|  13|0x0000000080d00000, 0x0000000080d00000, 0x0000000080e00000|  0%| F|  |TAMS 0x0000000080d00000, 0x0000000080d00000| Untracked 
|  14|0x0000000080e00000, 0x0000000080e00000, 0x0000000080f00000|  0%| F|  |TAMS 0x0000000080e00000, 0x0000000080e00000| Untracked 
|  15|0x0000000080f00000, 0x0000000080f00000, 0x0000000081000000|  0%| F|  |TAMS 0x0000000080f00000, 0x0000000080f00000| Untracked 
|  16|0x0000000081000000, 0x0000000081000000, 0x0000000081100000|  0%| F|  |TAMS 0x0000000081000000, 0x0000000081000000| Untracked 
|  17|0x0000000081100000, 0x0000000081100000, 0x0000000081200000|  0%| F|  |TAMS 0x0000000081100000, 0x0000000081100000| Untracked 
|  18|0x0000000081200000, 0x0000000081200000, 0x0000000081300000|  0%| F|  |TAMS 0x0000000081200000, 0x0000000081200000| Untracked 
|  19|0x0000000081300000, 0x0000000081300000, 0x0000000081400000|  0%| F|  |TAMS 0x0000000081300000, 0x0000000081300000| Untracked 
|  20|0x0000000081400000, 0x0000000081400000, 0x0000000081500000|  0%| F|  |TAMS 0x0000000081400000, 0x0000000081400000| Untracked 
|  21|0x0000000081500000, 0x0000000081500000, 0x0000000081600000|  0%| F|  |TAMS 0x0000000081500000, 0x0000000081500000| Untracked 
|  22|0x0000000081600000, 0x0000000081600000, 0x0000000081700000|  0%| F|  |TAMS 0x0000000081600000, 0x0000000081600000| Untracked 
|  23|0x0000000081700000, 0x0000000081700000, 0x0000000081800000|  0%| F|  |TAMS 0x0000000081700000, 0x0000000081700000| Untracked 
|  24|0x0000000081800000, 0x0000000081800000, 0x0000000081900000|  0%| F|  |TAMS 0x0000000081800000, 0x0000000081800000| Untracked 
|  25|0x0000000081900000, 0x0000000081900000, 0x0000000081a00000|  0%| F|  |TAMS 0x0000000081900000, 0x0000000081900000| Untracked 
|  26|0x0000000081a00000, 0x0000000081a00000, 0x0000000081b00000|  0%| F|  |TAMS 0x0000000081a00000, 0x0000000081a00000| Untracked 
|  27|0x0000000081b00000, 0x0000000081b00000, 0x0000000081c00000|  0%| F|  |TAMS 0x0000000081b00000, 0x0000000081b00000| Untracked 
|  28|0x0000000081c00000, 0x0000000081c00000, 0x0000000081d00000|  0%| F|  |TAMS 0x0000000081c00000, 0x0000000081c00000| Untracked 
|  29|0x0000000081d00000, 0x0000000081d00000, 0x0000000081e00000|  0%| F|  |TAMS 0x0000000081d00000, 0x0000000081d00000| Untracked 
|  30|0x0000000081e00000, 0x0000000081e00000, 0x0000000081f00000|  0%| F|  |TAMS 0x0000000081e00000, 0x0000000081e00000| Untracked 
|  31|0x0000000081f00000, 0x0000000081f00000, 0x0000000082000000|  0%| F|  |TAMS 0x0000000081f00000, 0x0000000081f00000| Untracked 
|  32|0x0000000082000000, 0x0000000082000000, 0x0000000082100000|  0%| F|  |TAMS 0x0000000082000000, 0x0000000082000000| Untracked 
|  33|0x0000000082100000, 0x0000000082100000, 0x0000000082200000|  0%| F|  |TAMS 0x0000000082100000, 0x0000000082100000| Untracked 
|  34|0x0000000082200000, 0x0000000082200000, 0x0000000082300000|  0%| F|  |TAMS 0x0000000082200000, 0x0000000082200000| Untracked 
|  35|0x0000000082300000, 0x0000000082300000, 0x0000000082400000|  0%| F|  |TAMS 0x0000000082300000, 0x0000000082300000| Untracked 
|  36|0x0000000082400000, 0x0000000082400000, 0x0000000082500000|  0%| F|  |TAMS 0x0000000082400000, 0x0000000082400000| Untracked 
|  37|0x0000000082500000, 0x0000000082500000, 0x0000000082600000|  0%| F|  |TAMS 0x0000000082500000, 0x0000000082500000| Untracked 
|  38|0x0000000082600000, 0x0000000082600000, 0x0000000082700000|  0%| F|  |TAMS 0x0000000082600000, 0x0000000082600000| Untracked 
|  39|0x0000000082700000, 0x0000000082700000, 0x0000000082800000|  0%| F|  |TAMS 0x0000000082700000, 0x0000000082700000| Untracked 
|  40|0x0000000082800000, 0x0000000082800000, 0x0000000082900000|  0%| F|  |TAMS 0x0000000082800000, 0x0000000082800000| Untracked 
|  41|0x0000000082900000, 0x0000000082900000, 0x0000000082a00000|  0%| F|  |TAMS 0x0000000082900000, 0x0000000082900000| Untracked 
|  42|0x0000000082a00000, 0x0000000082a00000, 0x0000000082b00000|  0%| F|  |TAMS 0x0000000082a00000, 0x0000000082a00000| Untracked 
|  43|0x0000000082b00000, 0x0000000082b00000, 0x0000000082c00000|  0%| F|  |TAMS 0x0000000082b00000, 0x0000000082b00000| Untracked 
|  44|0x0000000082c00000, 0x0000000082c00000, 0x0000000082d00000|  0%| F|  |TAMS 0x0000000082c00000, 0x0000000082c00000| Untracked 
|  45|0x0000000082d00000, 0x0000000082d00000, 0x0000000082e00000|  0%| F|  |TAMS 0x0000000082d00000, 0x0000000082d00000| Untracked 
|  46|0x0000000082e00000, 0x0000000082e00000, 0x0000000082f00000|  0%| F|  |TAMS 0x0000000082e00000, 0x0000000082e00000| Untracked 
|  47|0x0000000082f00000, 0x0000000082f00000, 0x0000000083000000|  0%| F|  |TAMS 0x0000000082f00000, 0x0000000082f00000| Untracked 
|  48|0x0000000083000000, 0x0000000083000000, 0x0000000083100000|  0%| F|  |TAMS 0x0000000083000000, 0x0000000083000000| Untracked 
|  49|0x0000000083100000, 0x0000000083100000, 0x0000000083200000|  0%| F|  |TAMS 0x0000000083100000, 0x0000000083100000| Untracked 
|  50|0x0000000083200000, 0x0000000083200000, 0x0000000083300000|  0%| F|  |TAMS 0x0000000083200000, 0x0000000083200000| Untracked 
|  51|0x0000000083300000, 0x0000000083300000, 0x0000000083400000|  0%| F|  |TAMS 0x0000000083300000, 0x0000000083300000| Untracked 
|  52|0x0000000083400000, 0x0000000083400000, 0x0000000083500000|  0%| F|  |TAMS 0x0000000083400000, 0x0000000083400000| Untracked 
|  53|0x0000000083500000, 0x0000000083500000, 0x0000000083600000|  0%| F|  |TAMS 0x0000000083500000, 0x0000000083500000| Untracked 
|  54|0x0000000083600000, 0x0000000083600000, 0x0000000083700000|  0%| F|  |TAMS 0x0000000083600000, 0x0000000083600000| Untracked 
|  55|0x0000000083700000, 0x0000000083700000, 0x0000000083800000|  0%| F|  |TAMS 0x0000000083700000, 0x0000000083700000| Untracked 
|  56|0x0000000083800000, 0x0000000083880000, 0x0000000083900000| 50%| S|CS|TAMS 0x0000000083800000, 0x0000000083800000| Complete 
|  57|0x0000000083900000, 0x0000000083a00000, 0x0000000083a00000|100%| S|CS|TAMS 0x0000000083900000, 0x0000000083900000| Complete 
|  58|0x0000000083a00000, 0x0000000083b00000, 0x0000000083b00000|100%| S|CS|TAMS 0x0000000083a00000, 0x0000000083a00000| Complete 
|  59|0x0000000083b00000, 0x0000000083c00000, 0x0000000083c00000|100%| S|CS|TAMS 0x0000000083b00000, 0x0000000083b00000| Complete 
|  60|0x0000000083c00000, 0x0000000083d00000, 0x0000000083d00000|100%| S|CS|TAMS 0x0000000083c00000, 0x0000000083c00000| Complete 
|  61|0x0000000083d00000, 0x0000000083e00000, 0x0000000083e00000|100%| S|CS|TAMS 0x0000000083d00000, 0x0000000083d00000| Complete 
|  62|0x0000000083e00000, 0x0000000083f00000, 0x0000000083f00000|100%| S|CS|TAMS 0x0000000083e00000, 0x0000000083e00000| Complete 
|  63|0x0000000083f00000, 0x0000000084000000, 0x0000000084000000|100%| S|CS|TAMS 0x0000000083f00000, 0x0000000083f00000| Complete 
|  64|0x0000000084000000, 0x0000000084000000, 0x0000000084100000|  0%| F|  |TAMS 0x0000000084000000, 0x0000000084000000| Untracked 
|  65|0x0000000084100000, 0x0000000084100000, 0x0000000084200000|  0%| F|  |TAMS 0x0000000084100000, 0x0000000084100000| Untracked 
|  66|0x0000000084200000, 0x0000000084200000, 0x0000000084300000|  0%| F|  |TAMS 0x0000000084200000, 0x0000000084200000| Untracked 
|  67|0x0000000084300000, 0x0000000084300000, 0x0000000084400000|  0%| F|  |TAMS 0x0000000084300000, 0x0000000084300000| Untracked 
|  68|0x0000000084400000, 0x0000000084400000, 0x0000000084500000|  0%| F|  |TAMS 0x0000000084400000, 0x0000000084400000| Untracked 
|  69|0x0000000084500000, 0x0000000084500000, 0x0000000084600000|  0%| F|  |TAMS 0x0000000084500000, 0x0000000084500000| Untracked 
|  70|0x0000000084600000, 0x0000000084600000, 0x0000000084700000|  0%| F|  |TAMS 0x0000000084600000, 0x0000000084600000| Untracked 
|  71|0x0000000084700000, 0x0000000084700000, 0x0000000084800000|  0%| F|  |TAMS 0x0000000084700000, 0x0000000084700000| Untracked 
|  72|0x0000000084800000, 0x0000000084800000, 0x0000000084900000|  0%| F|  |TAMS 0x0000000084800000, 0x0000000084800000| Untracked 
|  73|0x0000000084900000, 0x0000000084900000, 0x0000000084a00000|  0%| F|  |TAMS 0x0000000084900000, 0x0000000084900000| Untracked 
|  74|0x0000000084a00000, 0x0000000084a00000, 0x0000000084b00000|  0%| F|  |TAMS 0x0000000084a00000, 0x0000000084a00000| Untracked 
|  75|0x0000000084b00000, 0x0000000084b00000, 0x0000000084c00000|  0%| F|  |TAMS 0x0000000084b00000, 0x0000000084b00000| Untracked 
|  76|0x0000000084c00000, 0x0000000084c00000, 0x0000000084d00000|  0%| F|  |TAMS 0x0000000084c00000, 0x0000000084c00000| Untracked 
|  77|0x0000000084d00000, 0x0000000084d00000, 0x0000000084e00000|  0%| F|  |TAMS 0x0000000084d00000, 0x0000000084d00000| Untracked 
|  78|0x0000000084e00000, 0x0000000084e00000, 0x0000000084f00000|  0%| F|  |TAMS 0x0000000084e00000, 0x0000000084e00000| Untracked 
|  79|0x0000000084f00000, 0x0000000084f00000, 0x0000000085000000|  0%| F|  |TAMS 0x0000000084f00000, 0x0000000084f00000| Untracked 
|  80|0x0000000085000000, 0x0000000085000000, 0x0000000085100000|  0%| F|  |TAMS 0x0000000085000000, 0x0000000085000000| Untracked 
|  81|0x0000000085100000, 0x0000000085100000, 0x0000000085200000|  0%| F|  |TAMS 0x0000000085100000, 0x0000000085100000| Untracked 
|  82|0x0000000085200000, 0x0000000085200000, 0x0000000085300000|  0%| F|  |TAMS 0x0000000085200000, 0x0000000085200000| Untracked 
|  83|0x0000000085300000, 0x0000000085300000, 0x0000000085400000|  0%| F|  |TAMS 0x0000000085300000, 0x0000000085300000| Untracked 
|  84|0x0000000085400000, 0x0000000085400000, 0x0000000085500000|  0%| F|  |TAMS 0x0000000085400000, 0x0000000085400000| Untracked 
|  85|0x0000000085500000, 0x0000000085500000, 0x0000000085600000|  0%| F|  |TAMS 0x0000000085500000, 0x0000000085500000| Untracked 
|  86|0x0000000085600000, 0x0000000085600000, 0x0000000085700000|  0%| F|  |TAMS 0x0000000085600000, 0x0000000085600000| Untracked 
|  87|0x0000000085700000, 0x0000000085700000, 0x0000000085800000|  0%| F|  |TAMS 0x0000000085700000, 0x0000000085700000| Untracked 
|  88|0x0000000085800000, 0x0000000085800000, 0x0000000085900000|  0%| F|  |TAMS 0x0000000085800000, 0x0000000085800000| Untracked 
|  89|0x0000000085900000, 0x0000000085900000, 0x0000000085a00000|  0%| F|  |TAMS 0x0000000085900000, 0x0000000085900000| Untracked 
|  90|0x0000000085a00000, 0x0000000085a00000, 0x0000000085b00000|  0%| F|  |TAMS 0x0000000085a00000, 0x0000000085a00000| Untracked 
|  91|0x0000000085b00000, 0x0000000085b00000, 0x0000000085c00000|  0%| F|  |TAMS 0x0000000085b00000, 0x0000000085b00000| Untracked 
|  92|0x0000000085c00000, 0x0000000085c00000, 0x0000000085d00000|  0%| F|  |TAMS 0x0000000085c00000, 0x0000000085c00000| Untracked 
|  93|0x0000000085d00000, 0x0000000085d00000, 0x0000000085e00000|  0%| F|  |TAMS 0x0000000085d00000, 0x0000000085d00000| Untracked 
|  94|0x0000000085e00000, 0x0000000085e00000, 0x0000000085f00000|  0%| F|  |TAMS 0x0000000085e00000, 0x0000000085e00000| Untracked 
|  95|0x0000000085f00000, 0x0000000085f00000, 0x0000000086000000|  0%| F|  |TAMS 0x0000000085f00000, 0x0000000085f00000| Untracked 
|  96|0x0000000086000000, 0x0000000086000000, 0x0000000086100000|  0%| F|  |TAMS 0x0000000086000000, 0x0000000086000000| Untracked 
|  97|0x0000000086100000, 0x0000000086100000, 0x0000000086200000|  0%| F|  |TAMS 0x0000000086100000, 0x0000000086100000| Untracked 
|  98|0x0000000086200000, 0x0000000086200000, 0x0000000086300000|  0%| F|  |TAMS 0x0000000086200000, 0x0000000086200000| Untracked 
|  99|0x0000000086300000, 0x0000000086300000, 0x0000000086400000|  0%| F|  |TAMS 0x0000000086300000, 0x0000000086300000| Untracked 
| 100|0x0000000086400000, 0x0000000086400000, 0x0000000086500000|  0%| F|  |TAMS 0x0000000086400000, 0x0000000086400000| Untracked 
| 101|0x0000000086500000, 0x0000000086500000, 0x0000000086600000|  0%| F|  |TAMS 0x0000000086500000, 0x0000000086500000| Untracked 
| 102|0x0000000086600000, 0x0000000086600000, 0x0000000086700000|  0%| F|  |TAMS 0x0000000086600000, 0x0000000086600000| Untracked 
| 103|0x0000000086700000, 0x0000000086700000, 0x0000000086800000|  0%| F|  |TAMS 0x0000000086700000, 0x0000000086700000| Untracked 
| 104|0x0000000086800000, 0x0000000086800000, 0x0000000086900000|  0%| F|  |TAMS 0x0000000086800000, 0x0000000086800000| Untracked 
| 105|0x0000000086900000, 0x0000000086900000, 0x0000000086a00000|  0%| F|  |TAMS 0x0000000086900000, 0x0000000086900000| Untracked 
| 106|0x0000000086a00000, 0x0000000086a00000, 0x0000000086b00000|  0%| F|  |TAMS 0x0000000086a00000, 0x0000000086a00000| Untracked 
| 107|0x0000000086b00000, 0x0000000086b00000, 0x0000000086c00000|  0%| F|  |TAMS 0x0000000086b00000, 0x0000000086b00000| Untracked 
| 108|0x0000000086c00000, 0x0000000086c00000, 0x0000000086d00000|  0%| F|  |TAMS 0x0000000086c00000, 0x0000000086c00000| Untracked 
| 109|0x0000000086d00000, 0x0000000086d00000, 0x0000000086e00000|  0%| F|  |TAMS 0x0000000086d00000, 0x0000000086d00000| Untracked 
| 110|0x0000000086e00000, 0x0000000086e00000, 0x0000000086f00000|  0%| F|  |TAMS 0x0000000086e00000, 0x0000000086e00000| Untracked 
| 111|0x0000000086f00000, 0x0000000086f00000, 0x0000000087000000|  0%| F|  |TAMS 0x0000000086f00000, 0x0000000086f00000| Untracked 
| 112|0x0000000087000000, 0x0000000087000000, 0x0000000087100000|  0%| F|  |TAMS 0x0000000087000000, 0x0000000087000000| Untracked 
| 113|0x0000000087100000, 0x0000000087100000, 0x0000000087200000|  0%| F|  |TAMS 0x0000000087100000, 0x0000000087100000| Untracked 
| 114|0x0000000087200000, 0x0000000087200000, 0x0000000087300000|  0%| F|  |TAMS 0x0000000087200000, 0x0000000087200000| Untracked 
| 115|0x0000000087300000, 0x0000000087300000, 0x0000000087400000|  0%| F|  |TAMS 0x0000000087300000, 0x0000000087300000| Untracked 
| 116|0x0000000087400000, 0x0000000087400000, 0x0000000087500000|  0%| F|  |TAMS 0x0000000087400000, 0x0000000087400000| Untracked 
| 117|0x0000000087500000, 0x0000000087500000, 0x0000000087600000|  0%| F|  |TAMS 0x0000000087500000, 0x0000000087500000| Untracked 
| 118|0x0000000087600000, 0x0000000087600000, 0x0000000087700000|  0%| F|  |TAMS 0x0000000087600000, 0x0000000087600000| Untracked 
| 119|0x0000000087700000, 0x0000000087700000, 0x0000000087800000|  0%| F|  |TAMS 0x0000000087700000, 0x0000000087700000| Untracked 
| 120|0x0000000087800000, 0x0000000087800000, 0x0000000087900000|  0%| F|  |TAMS 0x0000000087800000, 0x0000000087800000| Untracked 
| 121|0x0000000087900000, 0x0000000087900000, 0x0000000087a00000|  0%| F|  |TAMS 0x0000000087900000, 0x0000000087900000| Untracked 
| 122|0x0000000087a00000, 0x0000000087a00000, 0x0000000087b00000|  0%| F|  |TAMS 0x0000000087a00000, 0x0000000087a00000| Untracked 
| 123|0x0000000087b00000, 0x0000000087b00000, 0x0000000087c00000|  0%| F|  |TAMS 0x0000000087b00000, 0x0000000087b00000| Untracked 
| 124|0x0000000087c00000, 0x0000000087c00000, 0x0000000087d00000|  0%| F|  |TAMS 0x0000000087c00000, 0x0000000087c00000| Untracked 
| 125|0x0000000087d00000, 0x0000000087d00000, 0x0000000087e00000|  0%| F|  |TAMS 0x0000000087d00000, 0x0000000087d00000| Untracked 
| 126|0x0000000087e00000, 0x0000000087e00000, 0x0000000087f00000|  0%| F|  |TAMS 0x0000000087e00000, 0x0000000087e00000| Untracked 
| 127|0x0000000087f00000, 0x0000000087f00000, 0x0000000088000000|  0%| F|  |TAMS 0x0000000087f00000, 0x0000000087f00000| Untracked 
| 128|0x0000000088000000, 0x0000000088000000, 0x0000000088100000|  0%| F|  |TAMS 0x0000000088000000, 0x0000000088000000| Untracked 
| 129|0x0000000088100000, 0x0000000088100000, 0x0000000088200000|  0%| F|  |TAMS 0x0000000088100000, 0x0000000088100000| Untracked 
| 130|0x0000000088200000, 0x0000000088200000, 0x0000000088300000|  0%| F|  |TAMS 0x0000000088200000, 0x0000000088200000| Untracked 
| 131|0x0000000088300000, 0x0000000088300000, 0x0000000088400000|  0%| F|  |TAMS 0x0000000088300000, 0x0000000088300000| Untracked 
| 132|0x0000000088400000, 0x0000000088400000, 0x0000000088500000|  0%| F|  |TAMS 0x0000000088400000, 0x0000000088400000| Untracked 
| 133|0x0000000088500000, 0x0000000088500000, 0x0000000088600000|  0%| F|  |TAMS 0x0000000088500000, 0x0000000088500000| Untracked 
| 134|0x0000000088600000, 0x0000000088600000, 0x0000000088700000|  0%| F|  |TAMS 0x0000000088600000, 0x0000000088600000| Untracked 
| 135|0x0000000088700000, 0x0000000088700000, 0x0000000088800000|  0%| F|  |TAMS 0x0000000088700000, 0x0000000088700000| Untracked 
| 136|0x0000000088800000, 0x0000000088800000, 0x0000000088900000|  0%| F|  |TAMS 0x0000000088800000, 0x0000000088800000| Untracked 
| 137|0x0000000088900000, 0x0000000088900000, 0x0000000088a00000|  0%| F|  |TAMS 0x0000000088900000, 0x0000000088900000| Untracked 
| 138|0x0000000088a00000, 0x0000000088a00000, 0x0000000088b00000|  0%| F|  |TAMS 0x0000000088a00000, 0x0000000088a00000| Untracked 
| 139|0x0000000088b00000, 0x0000000088b00000, 0x0000000088c00000|  0%| F|  |TAMS 0x0000000088b00000, 0x0000000088b00000| Untracked 
| 140|0x0000000088c00000, 0x0000000088c00000, 0x0000000088d00000|  0%| F|  |TAMS 0x0000000088c00000, 0x0000000088c00000| Untracked 
| 141|0x0000000088d00000, 0x0000000088d00000, 0x0000000088e00000|  0%| F|  |TAMS 0x0000000088d00000, 0x0000000088d00000| Untracked 
| 142|0x0000000088e00000, 0x0000000088e00000, 0x0000000088f00000|  0%| F|  |TAMS 0x0000000088e00000, 0x0000000088e00000| Untracked 
| 143|0x0000000088f00000, 0x0000000088f00000, 0x0000000089000000|  0%| F|  |TAMS 0x0000000088f00000, 0x0000000088f00000| Untracked 
| 144|0x0000000089000000, 0x0000000089000000, 0x0000000089100000|  0%| F|  |TAMS 0x0000000089000000, 0x0000000089000000| Untracked 
| 145|0x0000000089100000, 0x0000000089100000, 0x0000000089200000|  0%| F|  |TAMS 0x0000000089100000, 0x0000000089100000| Untracked 
| 146|0x0000000089200000, 0x0000000089200000, 0x0000000089300000|  0%| F|  |TAMS 0x0000000089200000, 0x0000000089200000| Untracked 
| 147|0x0000000089300000, 0x0000000089300000, 0x0000000089400000|  0%| F|  |TAMS 0x0000000089300000, 0x0000000089300000| Untracked 
| 148|0x0000000089400000, 0x0000000089400000, 0x0000000089500000|  0%| F|  |TAMS 0x0000000089400000, 0x0000000089400000| Untracked 
| 149|0x0000000089500000, 0x0000000089500000, 0x0000000089600000|  0%| F|  |TAMS 0x0000000089500000, 0x0000000089500000| Untracked 
| 150|0x0000000089600000, 0x0000000089600000, 0x0000000089700000|  0%| F|  |TAMS 0x0000000089600000, 0x0000000089600000| Untracked 
| 151|0x0000000089700000, 0x0000000089700000, 0x0000000089800000|  0%| F|  |TAMS 0x0000000089700000, 0x0000000089700000| Untracked 
| 152|0x0000000089800000, 0x0000000089800000, 0x0000000089900000|  0%| F|  |TAMS 0x0000000089800000, 0x0000000089800000| Untracked 
| 153|0x0000000089900000, 0x0000000089900000, 0x0000000089a00000|  0%| F|  |TAMS 0x0000000089900000, 0x0000000089900000| Untracked 
| 154|0x0000000089a00000, 0x0000000089a00000, 0x0000000089b00000|  0%| F|  |TAMS 0x0000000089a00000, 0x0000000089a00000| Untracked 
| 155|0x0000000089b00000, 0x0000000089b00000, 0x0000000089c00000|  0%| F|  |TAMS 0x0000000089b00000, 0x0000000089b00000| Untracked 
| 156|0x0000000089c00000, 0x0000000089c00000, 0x0000000089d00000|  0%| F|  |TAMS 0x0000000089c00000, 0x0000000089c00000| Untracked 
| 157|0x0000000089d00000, 0x0000000089d00000, 0x0000000089e00000|  0%| F|  |TAMS 0x0000000089d00000, 0x0000000089d00000| Untracked 
| 158|0x0000000089e00000, 0x0000000089e00000, 0x0000000089f00000|  0%| F|  |TAMS 0x0000000089e00000, 0x0000000089e00000| Untracked 

Card table byte_map: [0x000001fc28c90000,0x000001fc29090000] _byte_map_base: 0x000001fc28890000

Marking Bits (Prev, Next): (CMBitMap*) 0x000001fc1221dab8, (CMBitMap*) 0x000001fc1221daf0
 Prev Bits: [0x000001fc29490000, 0x000001fc2b490000)
 Next Bits: [0x000001fc2b490000, 0x000001fc2d490000)

Polling page: 0x000001fc10130000

Metaspace:

Usage:
  Non-class:     42.47 MB capacity,    41.72 MB ( 98%) used,   607.02 KB (  1%) free+waste,   153.56 KB ( <1%) overhead. 
      Class:      6.82 MB capacity,     6.26 MB ( 92%) used,   485.80 KB (  7%) free+waste,    78.19 KB (  1%) overhead. 
       Both:     49.28 MB capacity,    47.99 MB ( 97%) used,     1.07 MB (  2%) free+waste,   231.75 KB ( <1%) overhead. 

Virtual space:
  Non-class space:       44.00 MB reserved,      42.58 MB ( 97%) committed 
      Class space:        1.00 GB reserved,       6.88 MB ( <1%) committed 
             Both:        1.04 GB reserved,      49.45 MB (  5%) committed 

Chunk freelists:
   Non-Class:  6.38 KB
       Class:  3.63 KB
        Both:  10.00 KB

CodeHeap 'non-profiled nmethods': size=239488Kb used=5935Kb max_used=5935Kb free=233552Kb
 bounds [0x000001fc19eb0000, 0x000001fc1a480000, 0x000001fc28890000]
CodeHeap 'non-nmethods': size=6272Kb used=1219Kb max_used=1219Kb free=5052Kb
 bounds [0x000001fc19890000, 0x000001fc19b00000, 0x000001fc19eb0000]
 total_blobs=4476 nmethods=3907 adapters=495
 compilation: enabled
              stopped_count=0, restarted_count=0
 full_count=0

Compilation events (10 events):
Event: 4.965 Thread 0x000001fc2f65b800 3901       1       java.util.AbstractMap$SimpleImmutableEntry::getValue (5 bytes)
Event: 4.965 Thread 0x000001fc2f65b800 nmethod 3901 0x000001fc1a47a490 code [0x000001fc1a47a620, 0x000001fc1a47a6d8]
Event: 4.965 Thread 0x000001fc2f65b800 3904       1       sun.security.ssl.HandshakeContext::isActivatable (278 bytes)
Event: 4.966 Thread 0x000001fc2f65b800 nmethod 3904 0x000001fc1a47a790 code [0x000001fc1a47a9a0, 0x000001fc1a47ad48]
Event: 4.968 Thread 0x000001fc2f65b800 3905       1       sun.security.ssl.Record::putInt16 (31 bytes)
Event: 4.969 Thread 0x000001fc2f65b800 nmethod 3905 0x000001fc1a47b010 code [0x000001fc1a47b1e0, 0x000001fc1a47b3e8]
Event: 4.987 Thread 0x000001fc2f65b800 3906       1       jdk.internal.util.ArraysSupport::vectorizedMismatch (268 bytes)
Event: 4.988 Thread 0x000001fc2f65b800 nmethod 3906 0x000001fc1a47b510 code [0x000001fc1a47b6c0, 0x000001fc1a47b8d8]
Event: 4.988 Thread 0x000001fc2f65b800 3907       1       jdk.internal.util.ArraysSupport::mismatch (73 bytes)
Event: 4.988 Thread 0x000001fc2f65b800 nmethod 3907 0x000001fc1a47ba10 code [0x000001fc1a47bbc0, 0x000001fc1a47bdd8]

GC Heap History (10 events):
Event: 1.170 GC heap after
{Heap after GC invocations=4 (full 0):
 garbage-first heap   total 131072K, used 7926K [0x0000000080000000, 0x0000000100000000)
  region size 1024K, 3 young (3072K), 3 survivors (3072K)
 Metaspace       used 14788K, capacity 15125K, committed 15488K, reserved 1062912K
  class space    used 1662K, capacity 1812K, committed 1920K, reserved 1048576K
}
Event: 1.453 GC heap before
{Heap before GC invocations=4 (full 0):
 garbage-first heap   total 131072K, used 32502K [0x0000000080000000, 0x0000000100000000)
  region size 1024K, 28 young (28672K), 3 survivors (3072K)
 Metaspace       used 19600K, capacity 20090K, committed 20224K, reserved 1067008K
  class space    used 2272K, capacity 2480K, committed 2560K, reserved 1048576K
}
Event: 1.463 GC heap after
{Heap after GC invocations=5 (full 0):
 garbage-first heap   total 162816K, used 8908K [0x0000000080000000, 0x0000000100000000)
  region size 1024K, 3 young (3072K), 3 survivors (3072K)
 Metaspace       used 19600K, capacity 20090K, committed 20224K, reserved 1067008K
  class space    used 2272K, capacity 2480K, committed 2560K, reserved 1048576K
}
Event: 1.592 GC heap before
{Heap before GC invocations=5 (full 0):
 garbage-first heap   total 162816K, used 19148K [0x0000000080000000, 0x0000000100000000)
  region size 1024K, 14 young (14336K), 3 survivors (3072K)
 Metaspace       used 20632K, capacity 21112K, committed 21296K, reserved 1069056K
  class space    used 2383K, capacity 2605K, committed 2688K, reserved 1048576K
}
Event: 1.601 GC heap after
{Heap after GC invocations=6 (full 0):
 garbage-first heap   total 162816K, used 9834K [0x0000000080000000, 0x0000000100000000)
  region size 1024K, 4 young (4096K), 4 survivors (4096K)
 Metaspace       used 20632K, capacity 21112K, committed 21296K, reserved 1069056K
  class space    used 2383K, capacity 2605K, committed 2688K, reserved 1048576K
}
Event: 2.740 GC heap before
{Heap before GC invocations=7 (full 0):
 garbage-first heap   total 162816K, used 86634K [0x0000000080000000, 0x0000000100000000)
  region size 1024K, 79 young (80896K), 4 survivors (4096K)
 Metaspace       used 27331K, capacity 28145K, committed 28336K, reserved 1073152K
  class space    used 3384K, capacity 3725K, committed 3840K, reserved 1048576K
}
Event: 2.759 GC heap after
{Heap after GC invocations=8 (full 0):
 garbage-first heap   total 162816K, used 13233K [0x0000000080000000, 0x0000000100000000)
  region size 1024K, 7 young (7168K), 7 survivors (7168K)
 Metaspace       used 27331K, capacity 28145K, committed 28336K, reserved 1073152K
  class space    used 3384K, capacity 3725K, committed 3840K, reserved 1048576K
}
Event: 3.474 GC heap before
{Heap before GC invocations=8 (full 0):
 garbage-first heap   total 162816K, used 66481K [0x0000000080000000, 0x0000000100000000)
  region size 1024K, 60 young (61440K), 7 survivors (7168K)
 Metaspace       used 34690K, capacity 35823K, committed 35920K, reserved 1081344K
  class space    used 4356K, capacity 4823K, committed 4864K, reserved 1048576K
}
Event: 3.504 GC heap after
{Heap after GC invocations=9 (full 0):
 garbage-first heap   total 162816K, used 15978K [0x0000000080000000, 0x0000000100000000)
  region size 1024K, 9 young (9216K), 9 survivors (9216K)
 Metaspace       used 34690K, capacity 35823K, committed 35920K, reserved 1081344K
  class space    used 4356K, capacity 4823K, committed 4864K, reserved 1048576K
}
Event: 4.999 GC heap before
{Heap before GC invocations=10 (full 0):
 garbage-first heap   total 162816K, used 104042K [0x0000000080000000, 0x0000000100000000)
  region size 1024K, 95 young (97280K), 9 survivors (9216K)
 Metaspace       used 49139K, capacity 50464K, committed 50640K, reserved 1093632K
  class space    used 6415K, capacity 6979K, committed 7040K, reserved 1048576K
}

Deoptimization events (0 events):
No events

Classes redefined (0 events):
No events

Internal exceptions (10 events):
Event: 3.136 Thread 0x000001fc121e0800 Exception <a 'java/io/FileNotFoundException'{0x0000000088a074d0}> (0x0000000088a074d0) thrown at [./open/src/hotspot/share/prims/jni.cpp, line 611]
Event: 3.159 Thread 0x000001fc121e0800 Exception <a 'java/lang/NoSuchMethodError'{0x00000000889dcc40}: java.lang.invoke.DirectMethodHandle$Holder.invokeInterface(Ljava/lang/Object;Ljava/lang/Object;Ljava/lang/Object;Ljava/lang/Object;)I> (0x00000000889dcc40) thrown at [./open/src/hotspot/share
Event: 3.206 Thread 0x000001fc121e0800 Exception <a 'java/lang/NoSuchMethodError'{0x00000000886acce8}: java.lang.invoke.DirectMethodHandle$Holder.invokeVirtual(Ljava/lang/Object;Ljava/lang/Object;)J> (0x00000000886acce8) thrown at [./open/src/hotspot/share/interpreter/linkResolver.cpp, line 77
Event: 3.209 Thread 0x000001fc121e0800 Exception <a 'java/io/FileNotFoundException'{0x00000000886e0190}> (0x00000000886e0190) thrown at [./open/src/hotspot/share/prims/jni.cpp, line 611]
Event: 3.844 Thread 0x000001fc121e0800 Exception <a 'sun/nio/fs/WindowsException'{0x000000008849d798}> (0x000000008849d798) thrown at [./open/src/hotspot/share/prims/jni.cpp, line 611]
Event: 3.854 Thread 0x000001fc121e0800 Exception <a 'java/lang/NoSuchMethodError'{0x00000000884c2470}: java.lang.invoke.DirectMethodHandle$Holder.invokeStaticInit(Ljava/lang/Object;Ljava/lang/Object;Ljava/lang/Object;Ljava/lang/Object;)I> (0x00000000884c2470) thrown at [./open/src/hotspot/shar
Event: 4.241 Thread 0x000001fc121e0800 Exception <a 'java/lang/NoSuchMethodError'{0x0000000087cf67b8}: java.lang.invoke.DirectMethodHandle$Holder.invokeStaticInit(Ljava/lang/Object;Ljava/lang/Object;Ljava/lang/Object;Ljava/lang/Object;)Ljava/lang/Object;> (0x0000000087cf67b8) thrown at [./open
Event: 4.409 Thread 0x000001fc121e0800 Exception <a 'java/lang/NoSuchMethodError'{0x0000000086e80328}: java.lang.invoke.DirectMethodHandle$Holder.newInvokeSpecial(Ljava/lang/Object;Ljava/lang/Object;ILjava/lang/Object;Ljava/lang/Object;)Ljava/lang/Object;> (0x0000000086e80328) thrown at [./ope
Event: 4.902 Thread 0x000001fc121e0800 Exception <a 'java/lang/NoSuchMethodError'{0x000000008457f2c0}: java.lang.invoke.DirectMethodHandle$Holder.invokeInterface(Ljava/lang/Object;Ljava/lang/Object;)V> (0x000000008457f2c0) thrown at [./open/src/hotspot/share/interpreter/linkResolver.cpp, line 
Event: 4.917 Thread 0x000001fc121e0800 Exception <a 'java/lang/NoSuchMethodError'{0x00000000844b1440}: java.lang.invoke.DirectMethodHandle$Holder.invokeStaticInit(Ljava/lang/Object;Ljava/lang/Object;Ljava/lang/Object;Ljava/lang/Object;II)Ljava/lang/Object;> (0x00000000844b1440) thrown at [./op

Events (10 events):
Event: 4.997 loading class org/hibernate/internal/EntityManagerMessageLogger_$logger_en done
Event: 4.998 loading class org/hibernate/metamodel/internal/AttributeFactory
Event: 4.998 loading class org/hibernate/metamodel/internal/AttributeFactory done
Event: 4.999 loading class org/hibernate/internal/EntityManagerMessageLogger_$logger_en_US
Event: 4.999 loading class org/hibernate/internal/EntityManagerMessageLogger_$logger_en_US done
Event: 4.999 loading class org/hibernate/internal/EntityManagerMessageLogger_$logger_en
Event: 4.999 loading class org/hibernate/internal/EntityManagerMessageLogger_$logger_en done
Event: 4.999 loading class org/hibernate/metamodel/internal/AttributeFactory$2
Event: 4.999 loading class org/hibernate/metamodel/internal/AttributeFactory$2 done
Event: 4.999 Executing VM operation: G1CollectForAllocation


Dynamic libraries:
0x00007ff735600000 - 0x00007ff73560f000 	C:\Program Files\Java\jdk-11.0.16\bin\java.exe
0x00007ffa60910000 - 0x00007ffa60b08000 	C:\Windows\SYSTEM32\ntdll.dll
0x00007ffa5eea0000 - 0x00007ffa5ef5f000 	C:\Windows\System32\KERNEL32.DLL
0x00007ffa5e5a0000 - 0x00007ffa5e872000 	C:\Windows\System32\KERNELBASE.dll
0x00007ffa5e370000 - 0x00007ffa5e470000 	C:\Windows\System32\ucrtbase.dll
0x00007ffa44b90000 - 0x00007ffa44ba8000 	C:\Program Files\Java\jdk-11.0.16\bin\jli.dll
0x00007ffa5ea10000 - 0x00007ffa5eabe000 	C:\Windows\System32\ADVAPI32.dll
0x00007ffa5eb60000 - 0x00007ffa5ebfe000 	C:\Windows\System32\msvcrt.dll
0x00007ffa607f0000 - 0x00007ffa6088c000 	C:\Windows\System32\sechost.dll
0x00007ffa5f820000 - 0x00007ffa5f945000 	C:\Windows\System32\RPCRT4.dll
0x00007ffa5f950000 - 0x00007ffa5faed000 	C:\Windows\System32\USER32.dll
0x00007ffa5e930000 - 0x00007ffa5e952000 	C:\Windows\System32\win32u.dll
0x00007ffa5eb30000 - 0x00007ffa5eb5b000 	C:\Windows\System32\GDI32.dll
0x00007ffa5e260000 - 0x00007ffa5e36f000 	C:\Windows\System32\gdi32full.dll
0x00007ffa5e470000 - 0x00007ffa5e50d000 	C:\Windows\System32\msvcp_win.dll
0x00007ffa44a70000 - 0x00007ffa44a85000 	C:\Program Files\Java\jdk-11.0.16\bin\VCRUNTIME140.dll
0x00007ffa40230000 - 0x00007ffa404ca000 	C:\Windows\WinSxS\amd64_microsoft.windows.common-controls_6595b64144ccf1df_6.0.19041.1110_none_60b5254171f9507e\COMCTL32.dll
0x00007ffa55ea0000 - 0x00007ffa55eaa000 	C:\Windows\SYSTEM32\VERSION.dll
0x00007ffa60890000 - 0x00007ffa608c2000 	C:\Windows\System32\IMM32.DLL
0x00007ffa30ae0000 - 0x00007ffa30b7b000 	C:\Program Files\Java\jdk-11.0.16\bin\msvcp140.dll
0x00007ff9fce40000 - 0x00007ff9fd958000 	C:\Program Files\Java\jdk-11.0.16\bin\server\jvm.dll
0x00007ffa5ec00000 - 0x00007ffa5ec08000 	C:\Windows\System32\PSAPI.DLL
0x00007ffa1b650000 - 0x00007ffa1b659000 	C:\Windows\SYSTEM32\WSOCK32.dll
0x00007ffa5f170000 - 0x00007ffa5f1db000 	C:\Windows\System32\WS2_32.dll
0x00007ffa3df30000 - 0x00007ffa3df57000 	C:\Windows\SYSTEM32\WINMM.dll
0x00007ffa5beb0000 - 0x00007ffa5bec2000 	C:\Windows\SYSTEM32\kernel.appcore.dll
0x00007ffa44a60000 - 0x00007ffa44a70000 	C:\Program Files\Java\jdk-11.0.16\bin\verify.dll
0x00007ffa4f2d0000 - 0x00007ffa4f4b4000 	C:\Windows\SYSTEM32\DBGHELP.DLL
0x00007ffa4f2a0000 - 0x00007ffa4f2cc000 	C:\Windows\SYSTEM32\dbgcore.DLL
0x00007ffa5e510000 - 0x00007ffa5e592000 	C:\Windows\System32\bcryptPrimitives.dll
0x00007ffa44260000 - 0x00007ffa44288000 	C:\Program Files\Java\jdk-11.0.16\bin\java.dll
0x00007ffa442c0000 - 0x00007ffa442ca000 	C:\Program Files\Java\jdk-11.0.16\bin\jimage.dll
0x00007ffa44240000 - 0x00007ffa44256000 	C:\Program Files\Java\jdk-11.0.16\bin\zip.dll
0x00007ffa5fff0000 - 0x00007ffa60733000 	C:\Windows\System32\SHELL32.dll
0x00007ffa5c0b0000 - 0x00007ffa5c842000 	C:\Windows\SYSTEM32\windows.storage.dll
0x00007ffa5f390000 - 0x00007ffa5f6e4000 	C:\Windows\System32\combase.dll
0x00007ffa5d8b0000 - 0x00007ffa5d8e0000 	C:\Windows\SYSTEM32\Wldp.dll
0x00007ffa60740000 - 0x00007ffa607ed000 	C:\Windows\System32\SHCORE.dll
0x00007ffa5ed30000 - 0x00007ffa5ed85000 	C:\Windows\System32\shlwapi.dll
0x00007ffa5df50000 - 0x00007ffa5df6f000 	C:\Windows\SYSTEM32\profapi.dll
0x00007ffa441b0000 - 0x00007ffa441c9000 	C:\Program Files\Java\jdk-11.0.16\bin\net.dll
0x00007ffa55b20000 - 0x00007ffa55c2c000 	C:\Windows\SYSTEM32\WINHTTP.dll
0x00007ffa5d690000 - 0x00007ffa5d6fa000 	C:\Windows\system32\mswsock.dll
0x00007ffa44190000 - 0x00007ffa441a2000 	C:\Program Files\Java\jdk-11.0.16\bin\nio.dll
0x00007ffa44850000 - 0x00007ffa44859000 	C:\Program Files\Java\jdk-11.0.16\bin\management.dll
0x00007ffa444d0000 - 0x00007ffa444db000 	C:\Program Files\Java\jdk-11.0.16\bin\management_ext.dll
0x00007ffa43270000 - 0x00007ffa43287000 	C:\Windows\system32\napinsp.dll
0x00007ffa43250000 - 0x00007ffa4326b000 	C:\Windows\system32\pnrpnsp.dll
0x00007ffa43230000 - 0x00007ffa43245000 	C:\Windows\system32\wshbth.dll
0x00007ffa59960000 - 0x00007ffa5997d000 	C:\Windows\system32\NLAapi.dll
0x00007ffa5d3a0000 - 0x00007ffa5d3db000 	C:\Windows\SYSTEM32\IPHLPAPI.DLL
0x00007ffa5d3f0000 - 0x00007ffa5d4ba000 	C:\Windows\SYSTEM32\DNSAPI.dll
0x00007ffa5faf0000 - 0x00007ffa5faf8000 	C:\Windows\System32\NSI.dll
0x00007ffa43210000 - 0x00007ffa43222000 	C:\Windows\System32\winrnr.dll
0x00007ffa55770000 - 0x00007ffa5577a000 	C:\Windows\System32\rasadhlp.dll
0x00007ffa55a40000 - 0x00007ffa55ac0000 	C:\Windows\System32\fwpuclnt.dll
0x00007ffa5e1e0000 - 0x00007ffa5e207000 	C:\Windows\System32\bcrypt.dll
0x00007ffa5d8f0000 - 0x00007ffa5d908000 	C:\Windows\SYSTEM32\CRYPTSP.dll
0x00007ffa5cfd0000 - 0x00007ffa5d004000 	C:\Windows\system32\rsaenh.dll
0x00007ffa5df10000 - 0x00007ffa5df3e000 	C:\Windows\SYSTEM32\USERENV.dll
0x00007ffa5d820000 - 0x00007ffa5d82c000 	C:\Windows\SYSTEM32\CRYPTBASE.dll
0x00007ffa567d0000 - 0x00007ffa567e7000 	C:\Windows\SYSTEM32\dhcpcsvc6.DLL
0x00007ffa567b0000 - 0x00007ffa567cd000 	C:\Windows\SYSTEM32\dhcpcsvc.DLL
0x00007ffa44470000 - 0x00007ffa4447d000 	C:\Program Files\Java\jdk-11.0.16\bin\sunmscapi.dll
0x00007ffa5e010000 - 0x00007ffa5e166000 	C:\Windows\System32\CRYPT32.dll
0x00007ffa5da00000 - 0x00007ffa5da27000 	C:\Windows\SYSTEM32\ncrypt.dll
0x00007ffa5d9c0000 - 0x00007ffa5d9fb000 	C:\Windows\SYSTEM32\NTASN1.dll
0x00007ffa44310000 - 0x00007ffa44335000 	C:\Program Files\Java\jdk-11.0.16\bin\sunec.dll

dbghelp: loaded successfully - version: 4.0.5 - missing functions: none
symbol engine: initialized successfully - sym options: 0x614 - pdb path: .;C:\Program Files\Java\jdk-11.0.16\bin;C:\Windows\SYSTEM32;C:\Windows\WinSxS\amd64_microsoft.windows.common-controls_6595b64144ccf1df_6.0.19041.1110_none_60b5254171f9507e;C:\Program Files\Java\jdk-11.0.16\bin\server

VM Arguments:
jvm_args: -Xverify:none -XX:TieredStopAtLevel=1 
java_command: com.example.pensionManagementSystem.PensionManagementSystemApplication
java_class_path (initial): C:\Users\sfjbs\IdeaProjects\oct31training\Mrudal\MiniProject\pensionManagementSystem\target\classes;C:\Users\sfjbs\.m2\repository\org\springframework\boot\spring-boot\2.7.5\spring-boot-2.7.5.jar;C:\Users\sfjbs\.m2\repository\org\springframework\boot\spring-boot-autoconfigure\2.7.5\spring-boot-autoconfigure-2.7.5.jar;C:\Users\sfjbs\.m2\repository\ch\qos\logback\logback-classic\1.2.11\logback-classic-1.2.11.jar;C:\Users\sfjbs\.m2\repository\ch\qos\logback\logback-core\1.2.11\logback-core-1.2.11.jar;C:\Users\sfjbs\.m2\repository\org\apache\logging\log4j\log4j-to-slf4j\2.17.2\log4j-to-slf4j-2.17.2.jar;C:\Users\sfjbs\.m2\repository\org\apache\logging\log4j\log4j-api\2.17.2\log4j-api-2.17.2.jar;C:\Users\sfjbs\.m2\repository\org\slf4j\jul-to-slf4j\1.7.36\jul-to-slf4j-1.7.36.jar;C:\Users\sfjbs\.m2\repository\jakarta\annotation\jakarta.annotation-api\1.3.5\jakarta.annotation-api-1.3.5.jar;C:\Users\sfjbs\.m2\repository\org\yaml\snakeyaml\1.30\snakeyaml-1.30.jar;C:\Users\sfjbs\.m2\repository\com\fasterxml\jackson\core\jackson-databind\2.13.4.2\jackson-databind-2.13.4.2.jar;C:\Users\sfjbs\.m2\repository\com\fasterxml\jackson\core\jackson-annotations\2.13.4\jackson-annotations-2.13.4.jar;C:\Users\sfjbs\.m2\repository\com\fasterxml\jackson\core\jackson-core\2.13.4\jackson-core-2.13.4.jar;C:\Users\sfjbs\.m2\repository\com\fasterxml\jackson\datatype\jackson-datatype-jdk8\2.13.4\jackson-datatype-jdk8-2.13.4.jar;C:\Users\sfjbs\.m2\repository\com\fasterxml\jackson\datatype\jackson-datatype-jsr310\2.13.4\jackson-datatype-jsr310-2.13.4.jar;C:\Users\sfjbs\.m2\repository\com\fasterxml\jackson\module\jackson-module-parameter-names\2.13.4\jackson-module-parameter-names-2.13.4.jar;C:\Users\sfjbs\.m2\repository\org\apache\tomcat\embed\tomcat-embed-core\9.0.68\tomcat-embed-core-9.0.68.jar;C:\Users\sfjbs\.m2\repository\org\apache\tomcat\embed\tomcat-embed-el\9.0.68\tomcat-embed-el-9.0.68.jar;C:\Users\sfjbs\.m2\repository\org\apache\tomcat\embed\tomcat-embed-websocke
Launcher Type: SUN_STANDARD

[Global flags]
     bool BytecodeVerificationLocal                = false                                     {product} {command line}
     bool BytecodeVerificationRemote               = false                                     {product} {command line}
     intx CICompilerCount                          = 2                                         {product} {ergonomic}
     uint ConcGCThreads                            = 1                                         {product} {ergonomic}
     uint G1ConcRefinementThreads                  = 2                                         {product} {ergonomic}
   size_t G1HeapRegionSize                         = 1048576                                   {product} {ergonomic}
    uintx GCDrainStackTargetSize                   = 64                                        {product} {ergonomic}
   size_t InitialHeapSize                          = 134217728                                 {product} {ergonomic}
   size_t MarkStackSize                            = 4194304                                   {product} {ergonomic}
   size_t MaxHeapSize                              = 2147483648                                {product} {ergonomic}
   size_t MaxNewSize                               = 1287651328                                {product} {ergonomic}
   size_t MinHeapDeltaBytes                        = 1048576                                   {product} {ergonomic}
    uintx NonNMethodCodeHeapSize                   = 6396312                                {pd product} {ergonomic}
    uintx NonProfiledCodeHeapSize                  = 245261928                              {pd product} {ergonomic}
    uintx ProfiledCodeHeapSize                     = 0                                      {pd product} {ergonomic}
    uintx ReservedCodeCacheSize                    = 251658240                              {pd product} {ergonomic}
     bool SegmentedCodeCache                       = true                                      {product} {ergonomic}
     intx TieredStopAtLevel                        = 1                                         {product} {command line}
     bool UseCompressedClassPointers               = true                                 {lp64_product} {ergonomic}
     bool UseCompressedOops                        = true                                 {lp64_product} {ergonomic}
     bool UseG1GC                                  = true                                      {product} {ergonomic}
     bool UseLargePagesIndividualAllocation        = false                                  {pd product} {ergonomic}

Logging:
Log output configuration:
 #0: stdout all=warning uptime,level,tags
 #1: stderr all=off uptime,level,tags

Environment Variables:
PATH=C:\Program Files\Common Files\Oracle\Java\javapath;C:\Windows\system32;C:\Windows;C:\Windows\System32\Wbem;C:\Windows\System32\WindowsPowerShell\v1.0\;C:\Windows\System32\OpenSSH\;C:\Users\sfjbs\Downloads\micro service-20221021T071039Z-001\micro service\apache-maven-3.8.5-bin\apache-maven-3.8.5\bin;C:\Users\sfjbs\Downloads\micro service-20221021T071039Z-001\micro service\apache-maven-3.8.5-bin\apache-maven-3.8.5\lib;C:\Program Files\Git\cmd;C:\Program Files\Docker\Docker\resources\bin;C:\Users\sfjbs\AppData\Local\Microsoft\WindowsApps;C:\Users\sfjbs\Downloads\micro service-20221021T071039Z-001\micro service\apache-maven-3.8.5-bin\apache-maven-3.8.5\bin;C:\Users\sfjbs\Downloads\micro service-20221021T071039Z-001\micro service\apache-maven-3.8.5-bin\apache-maven-3.8.5\lib;;C:\Program Files\JetBrains\IntelliJ IDEA Community Edition 2022.2.1\bin;
USERNAME=sfjbs
OS=Windows_NT
PROCESSOR_IDENTIFIER=Intel64 Family 6 Model 106 Stepping 6, GenuineIntel



---------------  S Y S T E M  ---------------

OS: Windows 10 , 64 bit Build 19041 (10.0.19041.2251)
Hyper-V role detected

CPU:total 2 (initial active 2) (1 cores per cpu, 2 threads per core) family 6 model 106 stepping 6 microcode 0xffffffff, cmov, cx8, fxsr, mmx, sse, sse2, sse3, ssse3, sse4.1, sse4.2, popcnt, avx, avx2, aes, clmul, erms, rtm, 3dnowpref, lzcnt, ht, tsc, bmi1, bmi2, adx, evex, fma

Memory: 4k page, system-wide physical 8190M (1768M free)
TotalPageFile size 10238M (AvailPageFile size 85M)
current process WorkingSet (physical memory assigned to process): 220M, peak: 220M
current process commit charge ("private bytes"): 294M, peak: 380M

vm_info: Java HotSpot(TM) 64-Bit Server VM (11.0.16+11-LTS-199) for windows-amd64 JRE (11.0.16+11-LTS-199), built on Jun 28 2022 08:23:17 by "mach5one" with MS VC++ 15.9 (VS2017)

END.
