#
# There is insufficient memory for the Java Runtime Environment to continue.
# Native memory allocation (mmap) failed to map 65536 bytes for Failed to commit metaspace.
# Possible reasons:
#   The system is out of physical RAM or swap space
#   The process is running with CompressedOops enabled, and the Java Heap may be blocking the growth of the native heap
# Possible solutions:
#   Reduce memory load on the system
#   Increase physical memory or swap space
#   Check if swap backing store is full
#   Decrease Java heap size (-Xmx/-Xms)
#   Decrease number of Java threads
#   Decrease Java thread stack sizes (-Xss)
#   Set larger code cache with -XX:ReservedCodeCacheSize=
#   JVM is running with Unscaled Compressed Oops mode in which the Java heap is
#     placed in the first 4GB address space. The Java Heap base address is the
#     maximum limit for the native heap growth. Please use -XX:HeapBaseMinAddress
#     to set the Java Heap base and to place the Java Heap above 4GB virtual address.
# This output file may be truncated or incomplete.
#
#  Out of Memory Error (virtualSpaceNode.cpp:110), pid=4684, tid=8432
#
# JRE version: OpenJDK Runtime Environment Corretto-17.0.5.8.1 (17.0.5+8) (build 17.0.5+8-LTS)
# Java VM: OpenJDK 64-Bit Server VM Corretto-17.0.5.8.1 (17.0.5+8-LTS, mixed mode, sharing, tiered, compressed oops, compressed class ptrs, g1 gc, windows-amd64)
# No core dump will be written. Minidumps are not enabled by default on client versions of Windows
#

---------------  S U M M A R Y ------------

Command Line: -ea -javaagent:C:\Users\sfjbs\AppData\Local\JetBrains\IdeaIC2022.2\testAgent\intellij-coverage-agent-1.0.673.jar=C:\Users\sfjbs\AppData\Local\Temp\coverage5223args -Didea.new.sampling.coverage=true -Dcoverage.ignore.private.constructor.util.class=true -Didea.test.cyclic.buffer.size=1048576 -javaagent:C:\Program Files\JetBrains\IntelliJ IDEA Community Edition 2022.2.1\lib\idea_rt.jar=59898:C:\Program Files\JetBrains\IntelliJ IDEA Community Edition 2022.2.1\bin -Dfile.encoding=UTF-8 com.intellij.rt.junit.JUnitStarter -ideVersion5 -junit5 com.example.pensionManagementSystem.PensionManagementSystemApplicationTests,contextLoads

Host: Intel(R) Xeon(R) Platinum 8370C CPU @ 2.80GHz, 2 cores, 7G,  Windows 10 , 64 bit Build 19041 (10.0.19041.2251)
Time: Thu Nov 17 15:28:20 2022 Coordinated Universal Time elapsed time: 0.678889 seconds (0d 0h 0m 0s)

---------------  T H R E A D  ---------------

Current thread (0x000002b0647d4940):  JavaThread "main" [_thread_in_vm, id=8432, stack(0x000000b849200000,0x000000b849300000)]

Stack: [0x000000b849200000,0x000000b849300000]
Native frames: (J=compiled Java code, j=interpreted, Vv=VM code, C=native code)
V  [jvm.dll+0x646e0a]
V  [jvm.dll+0x7f7f14]
V  [jvm.dll+0x7f96ce]
V  [jvm.dll+0x7f9d23]
V  [jvm.dll+0x234c98]
V  [jvm.dll+0x7f3fdb]
V  [jvm.dll+0x5ee0e6]
V  [jvm.dll+0x5ee14a]
V  [jvm.dll+0x5f0868]
V  [jvm.dll+0x5eea9d]
V  [jvm.dll+0x354f19]
V  [jvm.dll+0x1d4e19]
V  [jvm.dll+0x513789]
V  [jvm.dll+0x1e3627]
V  [jvm.dll+0x775572]
V  [jvm.dll+0x776891]
V  [jvm.dll+0x776bc8]
V  [jvm.dll+0x22d22a]
V  [jvm.dll+0x36837e]
C  0x000002b06c2eb7f7

Java frames: (J=compiled Java code, j=interpreted, Vv=VM code)
j  sun.net.www.protocol.jar.JarURLConnection.getInputStream()Ljava/io/InputStream;+75 java.base@17.0.5
j  java.util.ServiceLoader$LazyClassPathLookupIterator.parse(Ljava/net/URL;)Ljava/util/Iterator;+19 java.base@17.0.5
j  java.util.ServiceLoader$LazyClassPathLookupIterator.nextProviderClass()Ljava/lang/Class;+176 java.base@17.0.5
j  java.util.ServiceLoader$LazyClassPathLookupIterator.hasNextService()Z+15 java.base@17.0.5
j  java.util.ServiceLoader$LazyClassPathLookupIterator.hasNext()Z+11 java.base@17.0.5
j  java.util.ServiceLoader$2.hasNext()Z+16 java.base@17.0.5
j  java.util.ServiceLoader$3.hasNext()Z+32 java.base@17.0.5
j  java.lang.Iterable.forEach(Ljava/util/function/Consumer;)V+13 java.base@17.0.5
j  org.junit.platform.launcher.core.LauncherFactory.collectTestEngines(Lorg/junit/platform/launcher/core/LauncherConfig;)Ljava/util/Set;+38
j  org.junit.platform.launcher.core.LauncherFactory.createDefaultLauncher(Lorg/junit/platform/launcher/core/LauncherConfig;)Lorg/junit/platform/launcher/core/DefaultLauncher;+8
j  org.junit.platform.launcher.core.LauncherFactory.create(Lorg/junit/platform/launcher/core/LauncherConfig;)Lorg/junit/platform/launcher/Launcher;+5
j  org.junit.platform.launcher.core.LauncherFactory.create()Lorg/junit/platform/launcher/Launcher;+3
j  com.intellij.junit5.JUnit5IdeaTestRunner.createListeners(Ljava/util/ArrayList;I)V+42
j  com.intellij.rt.junit.IdeaTestRunner$Repeater.startRunnerWithArgs(Lcom/intellij/rt/junit/IdeaTestRunner;[Ljava/lang/String;Ljava/util/ArrayList;Ljava/lang/String;IZ)I+4
j  com.intellij.rt.junit.JUnitStarter.prepareStreamsAndStart([Ljava/lang/String;Ljava/lang/String;Ljava/util/ArrayList;Ljava/lang/String;)I+116
j  com.intellij.rt.junit.JUnitStarter.main([Ljava/lang/String;)V+97
v  ~StubRoutines::call_stub

---------------  P R O C E S S  ---------------

Threads class SMR info:
_java_thread_list=0x000002b0029fa6e0, length=13, elements={
0x000002b0647d4940, 0x000002b07fe51200, 0x000002b07fe51db0, 0x000002b07fe61110,
0x000002b07fe65be0, 0x000002b07fe66590, 0x000002b07fe66f40, 0x000002b07fe6ccf0,
0x000002b07fe6d790, 0x000002b07fe6e920, 0x000002b07fe35b70, 0x000002b0029ef690,
0x000002b0029efb60
}

Java Threads: ( => current thread )
=>0x000002b0647d4940 JavaThread "main" [_thread_in_vm, id=8432, stack(0x000000b849200000,0x000000b849300000)]
  0x000002b07fe51200 JavaThread "Reference Handler" daemon [_thread_blocked, id=2392, stack(0x000000b849900000,0x000000b849a00000)]
  0x000002b07fe51db0 JavaThread "Finalizer" daemon [_thread_blocked, id=5280, stack(0x000000b849a00000,0x000000b849b00000)]
  0x000002b07fe61110 JavaThread "Signal Dispatcher" daemon [_thread_blocked, id=13176, stack(0x000000b849b00000,0x000000b849c00000)]
  0x000002b07fe65be0 JavaThread "Attach Listener" daemon [_thread_blocked, id=5480, stack(0x000000b849c00000,0x000000b849d00000)]
  0x000002b07fe66590 JavaThread "Service Thread" daemon [_thread_blocked, id=6704, stack(0x000000b849d00000,0x000000b849e00000)]
  0x000002b07fe66f40 JavaThread "Monitor Deflation Thread" daemon [_thread_blocked, id=7780, stack(0x000000b849e00000,0x000000b849f00000)]
  0x000002b07fe6ccf0 JavaThread "C2 CompilerThread0" daemon [_thread_blocked, id=9464, stack(0x000000b849f00000,0x000000b84a000000)]
  0x000002b07fe6d790 JavaThread "C1 CompilerThread0" daemon [_thread_blocked, id=13272, stack(0x000000b84a000000,0x000000b84a100000)]
  0x000002b07fe6e920 JavaThread "Sweeper thread" daemon [_thread_blocked, id=3096, stack(0x000000b84a100000,0x000000b84a200000)]
  0x000002b07fe35b70 JavaThread "Common-Cleaner" daemon [_thread_blocked, id=5576, stack(0x000000b84a200000,0x000000b84a300000)]
  0x000002b0029ef690 JavaThread "Monitor Ctrl-Break" daemon [_thread_in_native, id=7140, stack(0x000000b84a300000,0x000000b84a400000)]
  0x000002b0029efb60 JavaThread "Notification Thread" daemon [_thread_blocked, id=3032, stack(0x000000b84a400000,0x000000b84a500000)]

Other Threads:
  0x000002b07fe48a10 VMThread "VM Thread" [stack: 0x000000b849800000,0x000000b849900000] [id=6672]
  0x000002b0029e2480 WatcherThread [stack: 0x000000b84a500000,0x000000b84a600000] [id=6240]
  0x000002b0648332a0 GCTaskThread "GC Thread#0" [stack: 0x000000b849300000,0x000000b849400000] [id=3720]
  0x000002b0029f6f10 GCTaskThread "GC Thread#1" [stack: 0x000000b84a600000,0x000000b84a700000] [id=3040]
  0x000002b0648441e0 ConcurrentGCThread "G1 Main Marker" [stack: 0x000000b849400000,0x000000b849500000] [id=8764]
  0x000002b064844bf0 ConcurrentGCThread "G1 Conc#0" [stack: 0x000000b849500000,0x000000b849600000] [id=4964]
  0x000002b06489dbf0 ConcurrentGCThread "G1 Refine#0" [stack: 0x000000b849600000,0x000000b849700000] [id=5304]
  0x000002b002a032e0 ConcurrentGCThread "G1 Refine#1" [stack: 0x000000b84a700000,0x000000b84a800000] [id=11292]
  0x000002b06489e610 ConcurrentGCThread "G1 Service" [stack: 0x000000b849700000,0x000000b849800000] [id=12788]

Threads with active compile tasks:

VM state: not at safepoint (normal execution)

VM Mutex/Monitor currently owned by a thread:  ([mutex/lock_event])
[0x000002b0647cf9c0] Metaspace_lock - owner thread: 0x000002b0647d4940

Heap address: 0x0000000080000000, size: 2048 MB, Compressed Oops mode: 32-bit

CDS archive(s) mapped at: [0x0000000800000000-0x0000000800bc0000-0x0000000800bc0000), size 12320768, SharedBaseAddress: 0x0000000800000000, ArchiveRelocationMode: 0.
Compressed class space mapped at: 0x0000000800c00000-0x0000000840c00000, reserved size: 1073741824
Narrow klass base: 0x0000000800000000, Narrow klass shift: 0, Narrow klass range: 0x100000000

GC Precious Log:
 CPUs: 2 total, 2 available
 Memory: 8190M
 Large Page Support: Disabled
 NUMA Support: Disabled
 Compressed Oops: Enabled (32-bit)
 Heap Region Size: 1M
 Heap Min Capacity: 8M
 Heap Initial Capacity: 128M
 Heap Max Capacity: 2G
 Pre-touch: Disabled
 Parallel Workers: 2
 Concurrent Workers: 1
 Concurrent Refinement Workers: 2
 Periodic GC: Disabled

Heap:
 garbage-first heap   total 131072K, used 7762K [0x0000000080000000, 0x0000000100000000)
  region size 1024K, 2 young (2048K), 1 survivors (1024K)
 Metaspace       used 1933K, committed 2048K, reserved 1056768K
  class space    used 161K, committed 192K, reserved 1048576K

Heap Regions: E=young(eden), S=young(survivor), O=old, HS=humongous(starts), HC=humongous(continues), CS=collection set, F=free, OA=open archive, CA=closed archive, TAMS=top-at-mark-start (previous, next)
|   0|0x0000000080000000, 0x0000000080100000, 0x0000000080100000|100%| O|  |TAMS 0x0000000080000000, 0x0000000080000000| Untracked 
|   1|0x0000000080100000, 0x0000000080200000, 0x0000000080200000|100%| O|  |TAMS 0x0000000080100000, 0x0000000080100000| Untracked 
|   2|0x0000000080200000, 0x0000000080300000, 0x0000000080300000|100%| O|  |TAMS 0x0000000080200000, 0x0000000080200000| Untracked 
|   3|0x0000000080300000, 0x0000000080400000, 0x0000000080400000|100%|HS|  |TAMS 0x0000000080300000, 0x0000000080300000| Complete 
|   4|0x0000000080400000, 0x0000000080500000, 0x0000000080500000|100%| O|  |TAMS 0x0000000080400000, 0x0000000080400000| Untracked 
|   5|0x0000000080500000, 0x0000000080600000, 0x0000000080600000|100%| O|  |TAMS 0x0000000080500000, 0x0000000080500000| Untracked 
|   6|0x0000000080600000, 0x0000000080694800, 0x0000000080700000| 58%| O|  |TAMS 0x0000000080600000, 0x0000000080600000| Untracked 
|   7|0x0000000080700000, 0x0000000080700000, 0x0000000080800000|  0%| F|  |TAMS 0x0000000080700000, 0x0000000080700000| Untracked 
|   8|0x0000000080800000, 0x0000000080800000, 0x0000000080900000|  0%| F|  |TAMS 0x0000000080800000, 0x0000000080800000| Untracked 
|   9|0x0000000080900000, 0x0000000080900000, 0x0000000080a00000|  0%| F|  |TAMS 0x0000000080900000, 0x0000000080900000| Untracked 
|  10|0x0000000080a00000, 0x0000000080a00000, 0x0000000080b00000|  0%| F|  |TAMS 0x0000000080a00000, 0x0000000080a00000| Untracked 
|  11|0x0000000080b00000, 0x0000000080b00000, 0x0000000080c00000|  0%| F|  |TAMS 0x0000000080b00000, 0x0000000080b00000| Untracked 
|  12|0x0000000080c00000, 0x0000000080c00000, 0x0000000080d00000|  0%| F|  |TAMS 0x0000000080c00000, 0x0000000080c00000| Untracked 
|  13|0x0000000080d00000, 0x0000000080d00000, 0x0000000080e00000|  0%| F|  |TAMS 0x0000000080d00000, 0x0000000080d00000| Untracked 
|  14|0x0000000080e00000, 0x0000000080e00000, 0x0000000080f00000|  0%| F|  |TAMS 0x0000000080e00000, 0x0000000080e00000| Untracked 
|  15|0x0000000080f00000, 0x0000000080f00000, 0x0000000081000000|  0%| F|  |TAMS 0x0000000080f00000, 0x0000000080f00000| Untracked 
|  16|0x0000000081000000, 0x0000000081000000, 0x0000000081100000|  0%| F|  |TAMS 0x0000000081000000, 0x0000000081000000| Untracked 
|  17|0x0000000081100000, 0x0000000081100000, 0x0000000081200000|  0%| F|  |TAMS 0x0000000081100000, 0x0000000081100000| Untracked 
|  18|0x0000000081200000, 0x0000000081200000, 0x0000000081300000|  0%| F|  |TAMS 0x0000000081200000, 0x0000000081200000| Untracked 
|  19|0x0000000081300000, 0x0000000081300000, 0x0000000081400000|  0%| F|  |TAMS 0x0000000081300000, 0x0000000081300000| Untracked 
|  20|0x0000000081400000, 0x0000000081400000, 0x0000000081500000|  0%| F|  |TAMS 0x0000000081400000, 0x0000000081400000| Untracked 
|  21|0x0000000081500000, 0x0000000081500000, 0x0000000081600000|  0%| F|  |TAMS 0x0000000081500000, 0x0000000081500000| Untracked 
|  22|0x0000000081600000, 0x0000000081600000, 0x0000000081700000|  0%| F|  |TAMS 0x0000000081600000, 0x0000000081600000| Untracked 
|  23|0x0000000081700000, 0x0000000081700000, 0x0000000081800000|  0%| F|  |TAMS 0x0000000081700000, 0x0000000081700000| Untracked 
|  24|0x0000000081800000, 0x0000000081800000, 0x0000000081900000|  0%| F|  |TAMS 0x0000000081800000, 0x0000000081800000| Untracked 
|  25|0x0000000081900000, 0x0000000081900000, 0x0000000081a00000|  0%| F|  |TAMS 0x0000000081900000, 0x0000000081900000| Untracked 
|  26|0x0000000081a00000, 0x0000000081a00000, 0x0000000081b00000|  0%| F|  |TAMS 0x0000000081a00000, 0x0000000081a00000| Untracked 
|  27|0x0000000081b00000, 0x0000000081b00000, 0x0000000081c00000|  0%| F|  |TAMS 0x0000000081b00000, 0x0000000081b00000| Untracked 
|  28|0x0000000081c00000, 0x0000000081c00000, 0x0000000081d00000|  0%| F|  |TAMS 0x0000000081c00000, 0x0000000081c00000| Untracked 
|  29|0x0000000081d00000, 0x0000000081d00000, 0x0000000081e00000|  0%| F|  |TAMS 0x0000000081d00000, 0x0000000081d00000| Untracked 
|  30|0x0000000081e00000, 0x0000000081e00000, 0x0000000081f00000|  0%| F|  |TAMS 0x0000000081e00000, 0x0000000081e00000| Untracked 
|  31|0x0000000081f00000, 0x0000000081f00000, 0x0000000082000000|  0%| F|  |TAMS 0x0000000081f00000, 0x0000000081f00000| Untracked 
|  32|0x0000000082000000, 0x0000000082000000, 0x0000000082100000|  0%| F|  |TAMS 0x0000000082000000, 0x0000000082000000| Untracked 
|  33|0x0000000082100000, 0x0000000082100000, 0x0000000082200000|  0%| F|  |TAMS 0x0000000082100000, 0x0000000082100000| Untracked 
|  34|0x0000000082200000, 0x0000000082200000, 0x0000000082300000|  0%| F|  |TAMS 0x0000000082200000, 0x0000000082200000| Untracked 
|  35|0x0000000082300000, 0x0000000082300000, 0x0000000082400000|  0%| F|  |TAMS 0x0000000082300000, 0x0000000082300000| Untracked 
|  36|0x0000000082400000, 0x0000000082400000, 0x0000000082500000|  0%| F|  |TAMS 0x0000000082400000, 0x0000000082400000| Untracked 
|  37|0x0000000082500000, 0x0000000082500000, 0x0000000082600000|  0%| F|  |TAMS 0x0000000082500000, 0x0000000082500000| Untracked 
|  38|0x0000000082600000, 0x0000000082600000, 0x0000000082700000|  0%| F|  |TAMS 0x0000000082600000, 0x0000000082600000| Untracked 
|  39|0x0000000082700000, 0x0000000082700000, 0x0000000082800000|  0%| F|  |TAMS 0x0000000082700000, 0x0000000082700000| Untracked 
|  40|0x0000000082800000, 0x0000000082800000, 0x0000000082900000|  0%| F|  |TAMS 0x0000000082800000, 0x0000000082800000| Untracked 
|  41|0x0000000082900000, 0x0000000082900000, 0x0000000082a00000|  0%| F|  |TAMS 0x0000000082900000, 0x0000000082900000| Untracked 
|  42|0x0000000082a00000, 0x0000000082a00000, 0x0000000082b00000|  0%| F|  |TAMS 0x0000000082a00000, 0x0000000082a00000| Untracked 
|  43|0x0000000082b00000, 0x0000000082b00000, 0x0000000082c00000|  0%| F|  |TAMS 0x0000000082b00000, 0x0000000082b00000| Untracked 
|  44|0x0000000082c00000, 0x0000000082c00000, 0x0000000082d00000|  0%| F|  |TAMS 0x0000000082c00000, 0x0000000082c00000| Untracked 
|  45|0x0000000082d00000, 0x0000000082d00000, 0x0000000082e00000|  0%| F|  |TAMS 0x0000000082d00000, 0x0000000082d00000| Untracked 
|  46|0x0000000082e00000, 0x0000000082e00000, 0x0000000082f00000|  0%| F|  |TAMS 0x0000000082e00000, 0x0000000082e00000| Untracked 
|  47|0x0000000082f00000, 0x0000000082f00000, 0x0000000083000000|  0%| F|  |TAMS 0x0000000082f00000, 0x0000000082f00000| Untracked 
|  48|0x0000000083000000, 0x0000000083000000, 0x0000000083100000|  0%| F|  |TAMS 0x0000000083000000, 0x0000000083000000| Untracked 
|  49|0x0000000083100000, 0x0000000083100000, 0x0000000083200000|  0%| F|  |TAMS 0x0000000083100000, 0x0000000083100000| Untracked 
|  50|0x0000000083200000, 0x0000000083200000, 0x0000000083300000|  0%| F|  |TAMS 0x0000000083200000, 0x0000000083200000| Untracked 
|  51|0x0000000083300000, 0x0000000083300000, 0x0000000083400000|  0%| F|  |TAMS 0x0000000083300000, 0x0000000083300000| Untracked 
|  52|0x0000000083400000, 0x0000000083400000, 0x0000000083500000|  0%| F|  |TAMS 0x0000000083400000, 0x0000000083400000| Untracked 
|  53|0x0000000083500000, 0x0000000083500000, 0x0000000083600000|  0%| F|  |TAMS 0x0000000083500000, 0x0000000083500000| Untracked 
|  54|0x0000000083600000, 0x0000000083600000, 0x0000000083700000|  0%| F|  |TAMS 0x0000000083600000, 0x0000000083600000| Untracked 
|  55|0x0000000083700000, 0x0000000083700000, 0x0000000083800000|  0%| F|  |TAMS 0x0000000083700000, 0x0000000083700000| Untracked 
|  56|0x0000000083800000, 0x0000000083800000, 0x0000000083900000|  0%| F|  |TAMS 0x0000000083800000, 0x0000000083800000| Untracked 
|  57|0x0000000083900000, 0x0000000083900000, 0x0000000083a00000|  0%| F|  |TAMS 0x0000000083900000, 0x0000000083900000| Untracked 
|  58|0x0000000083a00000, 0x0000000083a00000, 0x0000000083b00000|  0%| F|  |TAMS 0x0000000083a00000, 0x0000000083a00000| Untracked 
|  59|0x0000000083b00000, 0x0000000083b00000, 0x0000000083c00000|  0%| F|  |TAMS 0x0000000083b00000, 0x0000000083b00000| Untracked 
|  60|0x0000000083c00000, 0x0000000083c00000, 0x0000000083d00000|  0%| F|  |TAMS 0x0000000083c00000, 0x0000000083c00000| Untracked 
|  61|0x0000000083d00000, 0x0000000083d00000, 0x0000000083e00000|  0%| F|  |TAMS 0x0000000083d00000, 0x0000000083d00000| Untracked 
|  62|0x0000000083e00000, 0x0000000083e00000, 0x0000000083f00000|  0%| F|  |TAMS 0x0000000083e00000, 0x0000000083e00000| Untracked 
|  63|0x0000000083f00000, 0x0000000083f00000, 0x0000000084000000|  0%| F|  |TAMS 0x0000000083f00000, 0x0000000083f00000| Untracked 
|  64|0x0000000084000000, 0x0000000084000000, 0x0000000084100000|  0%| F|  |TAMS 0x0000000084000000, 0x0000000084000000| Untracked 
|  65|0x0000000084100000, 0x0000000084100000, 0x0000000084200000|  0%| F|  |TAMS 0x0000000084100000, 0x0000000084100000| Untracked 
|  66|0x0000000084200000, 0x0000000084200000, 0x0000000084300000|  0%| F|  |TAMS 0x0000000084200000, 0x0000000084200000| Untracked 
|  67|0x0000000084300000, 0x0000000084300000, 0x0000000084400000|  0%| F|  |TAMS 0x0000000084300000, 0x0000000084300000| Untracked 
|  68|0x0000000084400000, 0x0000000084400000, 0x0000000084500000|  0%| F|  |TAMS 0x0000000084400000, 0x0000000084400000| Untracked 
|  69|0x0000000084500000, 0x0000000084500000, 0x0000000084600000|  0%| F|  |TAMS 0x0000000084500000, 0x0000000084500000| Untracked 
|  70|0x0000000084600000, 0x0000000084600000, 0x0000000084700000|  0%| F|  |TAMS 0x0000000084600000, 0x0000000084600000| Untracked 
|  71|0x0000000084700000, 0x0000000084700000, 0x0000000084800000|  0%| F|  |TAMS 0x0000000084700000, 0x0000000084700000| Untracked 
|  72|0x0000000084800000, 0x0000000084800000, 0x0000000084900000|  0%| F|  |TAMS 0x0000000084800000, 0x0000000084800000| Untracked 
|  73|0x0000000084900000, 0x0000000084900000, 0x0000000084a00000|  0%| F|  |TAMS 0x0000000084900000, 0x0000000084900000| Untracked 
|  74|0x0000000084a00000, 0x0000000084a00000, 0x0000000084b00000|  0%| F|  |TAMS 0x0000000084a00000, 0x0000000084a00000| Untracked 
|  75|0x0000000084b00000, 0x0000000084b00000, 0x0000000084c00000|  0%| F|  |TAMS 0x0000000084b00000, 0x0000000084b00000| Untracked 
|  76|0x0000000084c00000, 0x0000000084c00000, 0x0000000084d00000|  0%| F|  |TAMS 0x0000000084c00000, 0x0000000084c00000| Untracked 
|  77|0x0000000084d00000, 0x0000000084d00000, 0x0000000084e00000|  0%| F|  |TAMS 0x0000000084d00000, 0x0000000084d00000| Untracked 
|  78|0x0000000084e00000, 0x0000000084e00000, 0x0000000084f00000|  0%| F|  |TAMS 0x0000000084e00000, 0x0000000084e00000| Untracked 
|  79|0x0000000084f00000, 0x0000000084f00000, 0x0000000085000000|  0%| F|  |TAMS 0x0000000084f00000, 0x0000000084f00000| Untracked 
|  80|0x0000000085000000, 0x0000000085000000, 0x0000000085100000|  0%| F|  |TAMS 0x0000000085000000, 0x0000000085000000| Untracked 
|  81|0x0000000085100000, 0x0000000085100000, 0x0000000085200000|  0%| F|  |TAMS 0x0000000085100000, 0x0000000085100000| Untracked 
|  82|0x0000000085200000, 0x0000000085200000, 0x0000000085300000|  0%| F|  |TAMS 0x0000000085200000, 0x0000000085200000| Untracked 
|  83|0x0000000085300000, 0x0000000085300000, 0x0000000085400000|  0%| F|  |TAMS 0x0000000085300000, 0x0000000085300000| Untracked 
|  84|0x0000000085400000, 0x0000000085400000, 0x0000000085500000|  0%| F|  |TAMS 0x0000000085400000, 0x0000000085400000| Untracked 
|  85|0x0000000085500000, 0x0000000085500000, 0x0000000085600000|  0%| F|  |TAMS 0x0000000085500000, 0x0000000085500000| Untracked 
|  86|0x0000000085600000, 0x0000000085600000, 0x0000000085700000|  0%| F|  |TAMS 0x0000000085600000, 0x0000000085600000| Untracked 
|  87|0x0000000085700000, 0x0000000085700000, 0x0000000085800000|  0%| F|  |TAMS 0x0000000085700000, 0x0000000085700000| Untracked 
|  88|0x0000000085800000, 0x0000000085800000, 0x0000000085900000|  0%| F|  |TAMS 0x0000000085800000, 0x0000000085800000| Untracked 
|  89|0x0000000085900000, 0x0000000085900000, 0x0000000085a00000|  0%| F|  |TAMS 0x0000000085900000, 0x0000000085900000| Untracked 
|  90|0x0000000085a00000, 0x0000000085a00000, 0x0000000085b00000|  0%| F|  |TAMS 0x0000000085a00000, 0x0000000085a00000| Untracked 
|  91|0x0000000085b00000, 0x0000000085b00000, 0x0000000085c00000|  0%| F|  |TAMS 0x0000000085b00000, 0x0000000085b00000| Untracked 
|  92|0x0000000085c00000, 0x0000000085c00000, 0x0000000085d00000|  0%| F|  |TAMS 0x0000000085c00000, 0x0000000085c00000| Untracked 
|  93|0x0000000085d00000, 0x0000000085d00000, 0x0000000085e00000|  0%| F|  |TAMS 0x0000000085d00000, 0x0000000085d00000| Untracked 
|  94|0x0000000085e00000, 0x0000000085e00000, 0x0000000085f00000|  0%| F|  |TAMS 0x0000000085e00000, 0x0000000085e00000| Untracked 
|  95|0x0000000085f00000, 0x0000000085f00000, 0x0000000086000000|  0%| F|  |TAMS 0x0000000085f00000, 0x0000000085f00000| Untracked 
|  96|0x0000000086000000, 0x0000000086000000, 0x0000000086100000|  0%| F|  |TAMS 0x0000000086000000, 0x0000000086000000| Untracked 
|  97|0x0000000086100000, 0x0000000086100000, 0x0000000086200000|  0%| F|  |TAMS 0x0000000086100000, 0x0000000086100000| Untracked 
|  98|0x0000000086200000, 0x0000000086200000, 0x0000000086300000|  0%| F|  |TAMS 0x0000000086200000, 0x0000000086200000| Untracked 
|  99|0x0000000086300000, 0x0000000086300000, 0x0000000086400000|  0%| F|  |TAMS 0x0000000086300000, 0x0000000086300000| Untracked 
| 100|0x0000000086400000, 0x0000000086400000, 0x0000000086500000|  0%| F|  |TAMS 0x0000000086400000, 0x0000000086400000| Untracked 
| 101|0x0000000086500000, 0x0000000086500000, 0x0000000086600000|  0%| F|  |TAMS 0x0000000086500000, 0x0000000086500000| Untracked 
| 102|0x0000000086600000, 0x0000000086600000, 0x0000000086700000|  0%| F|  |TAMS 0x0000000086600000, 0x0000000086600000| Untracked 
| 103|0x0000000086700000, 0x0000000086700000, 0x0000000086800000|  0%| F|  |TAMS 0x0000000086700000, 0x0000000086700000| Untracked 
| 104|0x0000000086800000, 0x0000000086800000, 0x0000000086900000|  0%| F|  |TAMS 0x0000000086800000, 0x0000000086800000| Untracked 
| 105|0x0000000086900000, 0x0000000086900000, 0x0000000086a00000|  0%| F|  |TAMS 0x0000000086900000, 0x0000000086900000| Untracked 
| 106|0x0000000086a00000, 0x0000000086a00000, 0x0000000086b00000|  0%| F|  |TAMS 0x0000000086a00000, 0x0000000086a00000| Untracked 
| 107|0x0000000086b00000, 0x0000000086b00000, 0x0000000086c00000|  0%| F|  |TAMS 0x0000000086b00000, 0x0000000086b00000| Untracked 
| 108|0x0000000086c00000, 0x0000000086c00000, 0x0000000086d00000|  0%| F|  |TAMS 0x0000000086c00000, 0x0000000086c00000| Untracked 
| 109|0x0000000086d00000, 0x0000000086d00000, 0x0000000086e00000|  0%| F|  |TAMS 0x0000000086d00000, 0x0000000086d00000| Untracked 
| 110|0x0000000086e00000, 0x0000000086e00000, 0x0000000086f00000|  0%| F|  |TAMS 0x0000000086e00000, 0x0000000086e00000| Untracked 
| 111|0x0000000086f00000, 0x0000000086f00000, 0x0000000087000000|  0%| F|  |TAMS 0x0000000086f00000, 0x0000000086f00000| Untracked 
| 112|0x0000000087000000, 0x0000000087000000, 0x0000000087100000|  0%| F|  |TAMS 0x0000000087000000, 0x0000000087000000| Untracked 
| 113|0x0000000087100000, 0x0000000087100000, 0x0000000087200000|  0%| F|  |TAMS 0x0000000087100000, 0x0000000087100000| Untracked 
| 114|0x0000000087200000, 0x0000000087200000, 0x0000000087300000|  0%| F|  |TAMS 0x0000000087200000, 0x0000000087200000| Untracked 
| 115|0x0000000087300000, 0x0000000087300000, 0x0000000087400000|  0%| F|  |TAMS 0x0000000087300000, 0x0000000087300000| Untracked 
| 116|0x0000000087400000, 0x0000000087400000, 0x0000000087500000|  0%| F|  |TAMS 0x0000000087400000, 0x0000000087400000| Untracked 
| 117|0x0000000087500000, 0x0000000087500000, 0x0000000087600000|  0%| F|  |TAMS 0x0000000087500000, 0x0000000087500000| Untracked 
| 118|0x0000000087600000, 0x0000000087600000, 0x0000000087700000|  0%| F|  |TAMS 0x0000000087600000, 0x0000000087600000| Untracked 
| 119|0x0000000087700000, 0x0000000087700000, 0x0000000087800000|  0%| F|  |TAMS 0x0000000087700000, 0x0000000087700000| Untracked 
| 120|0x0000000087800000, 0x0000000087800000, 0x0000000087900000|  0%| F|  |TAMS 0x0000000087800000, 0x0000000087800000| Untracked 
| 121|0x0000000087900000, 0x0000000087900000, 0x0000000087a00000|  0%| F|  |TAMS 0x0000000087900000, 0x0000000087900000| Untracked 
| 122|0x0000000087a00000, 0x0000000087b00000, 0x0000000087b00000|100%| S|CS|TAMS 0x0000000087a00000, 0x0000000087a00000| Complete 
| 123|0x0000000087b00000, 0x0000000087b00000, 0x0000000087c00000|  0%| F|  |TAMS 0x0000000087b00000, 0x0000000087b00000| Untracked 
| 124|0x0000000087c00000, 0x0000000087c00000, 0x0000000087d00000|  0%| F|  |TAMS 0x0000000087c00000, 0x0000000087c00000| Untracked 
| 125|0x0000000087d00000, 0x0000000087d00000, 0x0000000087e00000|  0%| F|  |TAMS 0x0000000087d00000, 0x0000000087d00000| Untracked 
| 126|0x0000000087e00000, 0x0000000087e00000, 0x0000000087f00000|  0%| F|  |TAMS 0x0000000087e00000, 0x0000000087e00000| Untracked 
| 127|0x0000000087f00000, 0x0000000087fd33c0, 0x0000000088000000| 82%| E|  |TAMS 0x0000000087f00000, 0x0000000087f00000| Complete 

Card table byte_map: [0x000002b07b2d0000,0x000002b07b6d0000] _byte_map_base: 0x000002b07aed0000

Marking Bits (Prev, Next): (CMBitMap*) 0x000002b0648338b0, (CMBitMap*) 0x000002b0648338f0
 Prev Bits: [0x000002b07bad0000, 0x000002b07dad0000)
 Next Bits: [0x000002b07dad0000, 0x000002b07fad0000)

Polling page: 0x000002b0625a0000

Metaspace:

Usage:
  Non-class:      1.73 MB used.
      Class:    161.22 KB used.
       Both:      1.89 MB used.

Virtual space:
  Non-class space:        8.00 MB reserved,       1.81 MB ( 23%) committed,  1 nodes.
      Class space:        1.00 GB reserved,     192.00 KB ( <1%) committed,  1 nodes.
             Both:        1.01 GB reserved,       2.00 MB ( <1%) committed. 

Chunk freelists:
   Non-Class:  3.77 MB
       Class:  3.70 MB
        Both:  7.47 MB

MaxMetaspaceSize: unlimited
CompressedClassSpaceSize: 1.00 GB
Initial GC threshold: 21.00 MB
Current GC threshold: 21.00 MB
CDS: on
MetaspaceReclaimPolicy: balanced
 - commit_granule_bytes: 65536.
 - commit_granule_words: 8192.
 - virtual_space_node_default_size: 1048576.
 - enlarge_chunks_in_place: 1.
 - new_chunks_are_fully_committed: 0.
 - uncommit_free_chunks: 1.
 - use_allocation_guard: 0.
 - handle_deallocations: 1.


Internal statistics:

num_allocs_failed_limit: 0.
num_arena_births: 20.
num_arena_deaths: 0.
num_vsnodes_births: 2.
num_vsnodes_deaths: 0.
num_space_committed: 32.
num_space_uncommitted: 0.
num_chunks_returned_to_freelist: 0.
num_chunks_taken_from_freelist: 49.
num_chunk_merges: 0.
num_chunk_splits: 23.
num_chunks_enlarged: 11.
num_purges: 0.
num_inconsistent_stats: 0.

CodeHeap 'non-profiled nmethods': size=120064Kb used=198Kb max_used=198Kb free=119865Kb
 bounds [0x000002b073d90000, 0x000002b074000000, 0x000002b07b2d0000]
CodeHeap 'profiled nmethods': size=120000Kb used=1035Kb max_used=1035Kb free=118964Kb
 bounds [0x000002b06c860000, 0x000002b06cad0000, 0x000002b073d90000]
CodeHeap 'non-nmethods': size=5696Kb used=1151Kb max_used=1165Kb free=4544Kb
 bounds [0x000002b06c2d0000, 0x000002b06c540000, 0x000002b06c860000]
 total_blobs=1053 nmethods=626 adapters=340
 compilation: enabled
              stopped_count=0, restarted_count=0
 full_count=0

Compilation events (20 events):
Event: 0.666 Thread 0x000002b07fe6d790 nmethod 616 0x000002b06c95b310 code [0x000002b06c95b4a0, 0x000002b06c95b5f8]
Event: 0.666 Thread 0x000002b07fe6ccf0  617       4       java.lang.String::substring (58 bytes)
Event: 0.667 Thread 0x000002b07fe6d790  618       3       jdk.internal.org.objectweb.asm.ClassReader::readUnsignedShort (26 bytes)
Event: 0.667 Thread 0x000002b07fe6d790 nmethod 618 0x000002b06c95b690 code [0x000002b06c95b820, 0x000002b06c95b998]
Event: 0.667 Thread 0x000002b07fe6d790  619   !   3       java.lang.invoke.MemberName::clone (14 bytes)
Event: 0.667 Thread 0x000002b07fe6d790 nmethod 619 0x000002b06c95ba90 code [0x000002b06c95bc60, 0x000002b06c95bfd8]
Event: 0.668 Thread 0x000002b07fe6d790  620       3       java.util.concurrent.ConcurrentHashMap$Traverser::advance (188 bytes)
Event: 0.669 Thread 0x000002b07fe6d790 nmethod 620 0x000002b06c95c110 code [0x000002b06c95c360, 0x000002b06c95cf48]
Event: 0.669 Thread 0x000002b07fe6d790  621       3       jdk.internal.jimage.ImageLocation::readValue (61 bytes)
Event: 0.669 Thread 0x000002b07fe6d790 nmethod 621 0x000002b06c95d210 code [0x000002b06c95d3e0, 0x000002b06c95d798]
Event: 0.669 Thread 0x000002b07fe6d790  623       3       java.util.concurrent.ConcurrentHashMap$BaseIterator::hasNext (13 bytes)
Event: 0.670 Thread 0x000002b07fe6d790 nmethod 623 0x000002b06c95d910 code [0x000002b06c95daa0, 0x000002b06c95dc18]
Event: 0.670 Thread 0x000002b07fe6d790  624   !   3       sun.instrument.TransformerManager::transform (100 bytes)
Event: 0.671 Thread 0x000002b07fe6d790 nmethod 624 0x000002b06c95dc90 code [0x000002b06c95de60, 0x000002b06c95e308]
Event: 0.671 Thread 0x000002b07fe6d790  625   !   3       com.intellij.rt.coverage.instrumentation.AbstractIntellijClassfileTransformer::transform (73 bytes)
Event: 0.671 Thread 0x000002b07fe6d790 nmethod 625 0x000002b06c95e590 code [0x000002b06c95e740, 0x000002b06c95e9a8]
Event: 0.672 Thread 0x000002b07fe6ccf0 nmethod 617 0x000002b073dc0c90 code [0x000002b073dc0e20, 0x000002b073dc1398]
Event: 0.672 Thread 0x000002b07fe6ccf0  622       4       java.nio.DirectByteBuffer::ix (10 bytes)
Event: 0.673 Thread 0x000002b07fe6ccf0 nmethod 622 0x000002b073dc1610 code [0x000002b073dc1780, 0x000002b073dc17f8]
Event: 0.674 Thread 0x000002b07fe6d790  626       3       sun.nio.fs.WindowsPathParser::normalize (233 bytes)

GC Heap History (4 events):
Event: 0.484 GC heap before
{Heap before GC invocations=0 (full 0):
 garbage-first heap   total 131072K, used 5120K [0x0000000080000000, 0x0000000100000000)
  region size 1024K, 6 young (6144K), 0 survivors (0K)
 Metaspace       used 1092K, committed 1280K, reserved 1056768K
  class space    used 87K, committed 192K, reserved 1048576K
}
Event: 0.491 GC heap after
{Heap after GC invocations=1 (full 0):
 garbage-first heap   total 131072K, used 3293K [0x0000000080000000, 0x0000000100000000)
  region size 1024K, 1 young (1024K), 1 survivors (1024K)
 Metaspace       used 1092K, committed 1280K, reserved 1056768K
  class space    used 87K, committed 192K, reserved 1048576K
}
Event: 0.637 GC heap before
{Heap before GC invocations=1 (full 0):
 garbage-first heap   total 131072K, used 8413K [0x0000000080000000, 0x0000000100000000)
  region size 1024K, 6 young (6144K), 1 survivors (1024K)
 Metaspace       used 1744K, committed 1920K, reserved 1056768K
  class space    used 144K, committed 192K, reserved 1048576K
}
Event: 0.641 GC heap after
{Heap after GC invocations=2 (full 0):
 garbage-first heap   total 131072K, used 7762K [0x0000000080000000, 0x0000000100000000)
  region size 1024K, 1 young (1024K), 1 survivors (1024K)
 Metaspace       used 1744K, committed 1920K, reserved 1056768K
  class space    used 144K, committed 192K, reserved 1048576K
}

Dll operation events (9 events):
Event: 0.036 Loaded shared library C:\Users\sfjbs\.jdks\corretto-17.0.5\bin\java.dll
Event: 0.037 Loaded shared library C:\Users\sfjbs\.jdks\corretto-17.0.5\bin\zip.dll
Event: 0.061 Loaded shared library C:\Users\sfjbs\.jdks\corretto-17.0.5\bin\jsvml.dll
Event: 0.277 Loaded shared library C:\Users\sfjbs\.jdks\corretto-17.0.5\bin\instrument.dll
Event: 0.293 Loaded shared library C:\Users\sfjbs\.jdks\corretto-17.0.5\bin\jimage.dll
Event: 0.394 Loaded shared library C:\Users\sfjbs\.jdks\corretto-17.0.5\bin\net.dll
Event: 0.396 Loaded shared library C:\Users\sfjbs\.jdks\corretto-17.0.5\bin\nio.dll
Event: 0.401 Loaded shared library C:\Users\sfjbs\.jdks\corretto-17.0.5\bin\zip.dll
Event: 0.412 Loaded shared library C:\Program Files\JetBrains\IntelliJ IDEA Community Edition 2022.2.1\bin\breakgen64.dll

Deoptimization events (20 events):
Event: 0.444 Thread 0x000002b0647d4940 DEOPT PACKING pc=0x000002b073da60a4 sp=0x000000b8492fa410
Event: 0.444 Thread 0x000002b0647d4940 DEOPT UNPACKING pc=0x000002b06c325ba3 sp=0x000000b8492fa348 mode 2
Event: 0.445 Thread 0x000002b0647d4940 Uncommon trap: trap_request=0xffffffde fr.pc=0x000002b073da60a4 relative=0x0000000000000824
Event: 0.445 Thread 0x000002b0647d4940 Uncommon trap: reason=class_check action=maybe_recompile pc=0x000002b073da60a4 method=java.util.HashMap.putVal(ILjava/lang/Object;Ljava/lang/Object;ZZ)Ljava/lang/Object; @ 152 c2
Event: 0.445 Thread 0x000002b0647d4940 DEOPT PACKING pc=0x000002b073da60a4 sp=0x000000b8492fa410
Event: 0.445 Thread 0x000002b0647d4940 DEOPT UNPACKING pc=0x000002b06c325ba3 sp=0x000000b8492fa348 mode 2
Event: 0.445 Thread 0x000002b0647d4940 Uncommon trap: trap_request=0xffffffde fr.pc=0x000002b073da60a4 relative=0x0000000000000824
Event: 0.445 Thread 0x000002b0647d4940 Uncommon trap: reason=class_check action=maybe_recompile pc=0x000002b073da60a4 method=java.util.HashMap.putVal(ILjava/lang/Object;Ljava/lang/Object;ZZ)Ljava/lang/Object; @ 152 c2
Event: 0.445 Thread 0x000002b0647d4940 DEOPT PACKING pc=0x000002b073da60a4 sp=0x000000b8492fa410
Event: 0.445 Thread 0x000002b0647d4940 DEOPT UNPACKING pc=0x000002b06c325ba3 sp=0x000000b8492fa348 mode 2
Event: 0.445 Thread 0x000002b0647d4940 Uncommon trap: trap_request=0xffffffde fr.pc=0x000002b073d9d460 relative=0x0000000000000600
Event: 0.445 Thread 0x000002b0647d4940 Uncommon trap: reason=class_check action=maybe_recompile pc=0x000002b073d9d460 method=java.util.HashMap.putVal(ILjava/lang/Object;Ljava/lang/Object;ZZ)Ljava/lang/Object; @ 152 c2
Event: 0.445 Thread 0x000002b0647d4940 DEOPT PACKING pc=0x000002b073d9d460 sp=0x000000b8492fa3a0
Event: 0.445 Thread 0x000002b0647d4940 DEOPT UNPACKING pc=0x000002b06c325ba3 sp=0x000000b8492fa350 mode 2
Event: 0.576 Thread 0x000002b0647d4940 DEOPT PACKING pc=0x000002b06c8f7bac sp=0x000000b8492fd240
Event: 0.576 Thread 0x000002b0647d4940 DEOPT UNPACKING pc=0x000002b06c3266e3 sp=0x000000b8492fc6f0 mode 0
Event: 0.674 Thread 0x000002b0647d4940 Uncommon trap: trap_request=0xffffff45 fr.pc=0x000002b073db0764 relative=0x0000000000000064
Event: 0.674 Thread 0x000002b0647d4940 Uncommon trap: reason=unstable_if action=reinterpret pc=0x000002b073db0764 method=java.io.WinNTFileSystem.isSlash(C)Z @ 9 c2
Event: 0.674 Thread 0x000002b0647d4940 DEOPT PACKING pc=0x000002b073db0764 sp=0x000000b8492fea90
Event: 0.674 Thread 0x000002b0647d4940 DEOPT UNPACKING pc=0x000002b06c325ba3 sp=0x000000b8492fea18 mode 2

Classes unloaded (0 events):
No events

Classes redefined (0 events):
No events

Internal exceptions (4 events):
Event: 0.420 Thread 0x000002b0029ef690 Exception <a 'java/lang/NoSuchMethodError'{0x0000000087ca9a58}: 'java.lang.Object java.lang.invoke.DirectMethodHandle$Holder.invokeStaticInit(java.lang.Object)'> (0x0000000087ca9a58) 
thrown [s\src\hotspot\share\interpreter\linkResolver.cpp, line 759]
Event: 0.437 Thread 0x000002b0029ef690 Exception <a 'java/lang/NoSuchMethodError'{0x0000000087b4b198}: 'void java.lang.invoke.DirectMethodHandle$Holder.invokeStatic(java.lang.Object, java.lang.Object)'> (0x0000000087b4b198) 
thrown [s\src\hotspot\share\interpreter\linkResolver.cpp, line 759]
Event: 0.595 Thread 0x000002b0647d4940 Exception <a 'java/lang/NoSuchMethodError'{0x0000000087b16f10}: 'java.lang.Object java.lang.invoke.DirectMethodHandle$Holder.invokeStaticInit(java.lang.Object, int)'> (0x0000000087b16f10) 
thrown [s\src\hotspot\share\interpreter\linkResolver.cpp, line 759]
Event: 0.621 Thread 0x000002b0647d4940 Exception <a 'java/lang/NoSuchMethodError'{0x0000000087ba3dd8}: 'java.lang.Object java.lang.invoke.DirectMethodHandle$Holder.invokeInterface(java.lang.Object, java.lang.Object)'> (0x0000000087ba3dd8) 
thrown [s\src\hotspot\share\interpreter\linkResolver.cpp, line 759]

VM Operations (14 events):
Event: 0.244 Executing VM operation: HandshakeAllThreads
Event: 0.244 Executing VM operation: HandshakeAllThreads done
Event: 0.397 Executing VM operation: HandshakeAllThreads
Event: 0.397 Executing VM operation: HandshakeAllThreads done
Event: 0.416 Executing VM operation: HandshakeAllThreads
Event: 0.416 Executing VM operation: HandshakeAllThreads done
Event: 0.484 Executing VM operation: G1CollectForAllocation
Event: 0.491 Executing VM operation: G1CollectForAllocation done
Event: 0.588 Executing VM operation: HandshakeAllThreads
Event: 0.588 Executing VM operation: HandshakeAllThreads done
Event: 0.637 Executing VM operation: G1CollectForAllocation
Event: 0.641 Executing VM operation: G1CollectForAllocation done
Event: 0.673 Executing VM operation: HandshakeAllThreads
Event: 0.674 Executing VM operation: HandshakeAllThreads done

Events (20 events):
Event: 0.670 loading class java/net/JarURLConnection
Event: 0.670 loading class java/net/URLConnection
Event: 0.672 loading class java/net/URLConnection done
Event: 0.672 loading class java/net/JarURLConnection done
Event: 0.672 loading class sun/net/www/protocol/jar/JarURLConnection done
Event: 0.672 loading class sun/net/www/protocol/jar/JarFileFactory
Event: 0.672 loading class sun/net/www/protocol/jar/URLJarFile$URLJarFileCloseController
Event: 0.672 loading class sun/net/www/protocol/jar/URLJarFile$URLJarFileCloseController done
Event: 0.672 loading class sun/net/www/protocol/jar/JarFileFactory done
Event: 0.672 loading class sun/net/www/protocol/file/FileURLConnection
Event: 0.673 loading class sun/net/www/URLConnection
Event: 0.673 loading class sun/net/www/URLConnection done
Event: 0.673 loading class sun/net/www/protocol/file/FileURLConnection done
Event: 0.673 loading class sun/net/www/MessageHeader
Event: 0.673 loading class sun/net/www/MessageHeader done
Event: 0.673 loading class sun/net/www/protocol/jar/URLJarFile
Event: 0.673 loading class sun/net/www/protocol/jar/URLJarFile done
Event: 0.674 loading class sun/net/www/protocol/jar/URLJarFile$URLJarFileEntry
Event: 0.674 loading class sun/net/www/protocol/jar/URLJarFile$URLJarFileEntry done
Event: 0.674 loading class sun/net/www/protocol/jar/JarURLConnection$JarURLInputStream


Dynamic libraries:
0x00007ff6bf6c0000 - 0x00007ff6bf6cd000 	C:\Users\sfjbs\.jdks\corretto-17.0.5\bin\java.exe
0x00007ffa60910000 - 0x00007ffa60b08000 	C:\Windows\SYSTEM32\ntdll.dll
0x00007ffa5eea0000 - 0x00007ffa5ef5f000 	C:\Windows\System32\KERNEL32.DLL
0x00007ffa5e5a0000 - 0x00007ffa5e872000 	C:\Windows\System32\KERNELBASE.dll
0x00007ffa5e370000 - 0x00007ffa5e470000 	C:\Windows\System32\ucrtbase.dll
0x00007ffa48450000 - 0x00007ffa48467000 	C:\Users\sfjbs\.jdks\corretto-17.0.5\bin\jli.dll
0x00007ffa5f950000 - 0x00007ffa5faed000 	C:\Windows\System32\USER32.dll
0x00007ffa5e930000 - 0x00007ffa5e952000 	C:\Windows\System32\win32u.dll
0x00007ffa5eb30000 - 0x00007ffa5eb5b000 	C:\Windows\System32\GDI32.dll
0x00007ffa5e260000 - 0x00007ffa5e36f000 	C:\Windows\System32\gdi32full.dll
0x00007ffa5e470000 - 0x00007ffa5e50d000 	C:\Windows\System32\msvcp_win.dll
0x00007ffa48430000 - 0x00007ffa48445000 	C:\Users\sfjbs\.jdks\corretto-17.0.5\bin\VCRUNTIME140.dll
0x00007ffa40230000 - 0x00007ffa404ca000 	C:\Windows\WinSxS\amd64_microsoft.windows.common-controls_6595b64144ccf1df_6.0.19041.1110_none_60b5254171f9507e\COMCTL32.dll
0x00007ffa5eb60000 - 0x00007ffa5ebfe000 	C:\Windows\System32\msvcrt.dll
0x00007ffa60890000 - 0x00007ffa608c2000 	C:\Windows\System32\IMM32.DLL
0x00007ffa3fc70000 - 0x00007ffa3fd0b000 	C:\Users\sfjbs\.jdks\corretto-17.0.5\bin\msvcp140.dll
0x00007ffa188b0000 - 0x00007ffa194c4000 	C:\Users\sfjbs\.jdks\corretto-17.0.5\bin\server\jvm.dll
0x00007ffa5ea10000 - 0x00007ffa5eabe000 	C:\Windows\System32\ADVAPI32.dll
0x00007ffa607f0000 - 0x00007ffa6088c000 	C:\Windows\System32\sechost.dll
0x00007ffa5f820000 - 0x00007ffa5f945000 	C:\Windows\System32\RPCRT4.dll
0x00007ffa59ac0000 - 0x00007ffa59ac9000 	C:\Windows\SYSTEM32\WSOCK32.dll
0x00007ffa5f170000 - 0x00007ffa5f1db000 	C:\Windows\System32\WS2_32.dll
0x00007ffa3df30000 - 0x00007ffa3df57000 	C:\Windows\SYSTEM32\WINMM.dll
0x00007ffa55ea0000 - 0x00007ffa55eaa000 	C:\Windows\SYSTEM32\VERSION.dll
0x00007ffa5beb0000 - 0x00007ffa5bec2000 	C:\Windows\SYSTEM32\kernel.appcore.dll
0x00007ffa44a60000 - 0x00007ffa44a6a000 	C:\Users\sfjbs\.jdks\corretto-17.0.5\bin\jimage.dll
0x00007ffa4f2d0000 - 0x00007ffa4f4b4000 	C:\Windows\SYSTEM32\DBGHELP.DLL
0x00007ffa4f2a0000 - 0x00007ffa4f2cc000 	C:\Windows\SYSTEM32\dbgcore.DLL
0x00007ffa5e510000 - 0x00007ffa5e592000 	C:\Windows\System32\bcryptPrimitives.dll
0x00007ffa4cac0000 - 0x00007ffa4cace000 	C:\Users\sfjbs\.jdks\corretto-17.0.5\bin\instrument.dll
0x00007ffa43b00000 - 0x00007ffa43b25000 	C:\Users\sfjbs\.jdks\corretto-17.0.5\bin\java.dll
0x00007ffa42750000 - 0x00007ffa42768000 	C:\Users\sfjbs\.jdks\corretto-17.0.5\bin\zip.dll
0x00007ffa32ed0000 - 0x00007ffa32fa6000 	C:\Users\sfjbs\.jdks\corretto-17.0.5\bin\jsvml.dll
0x00007ffa5fff0000 - 0x00007ffa60733000 	C:\Windows\System32\SHELL32.dll
0x00007ffa5c0b0000 - 0x00007ffa5c842000 	C:\Windows\SYSTEM32\windows.storage.dll
0x00007ffa5f390000 - 0x00007ffa5f6e4000 	C:\Windows\System32\combase.dll
0x00007ffa5d8b0000 - 0x00007ffa5d8e0000 	C:\Windows\SYSTEM32\Wldp.dll
0x00007ffa60740000 - 0x00007ffa607ed000 	C:\Windows\System32\SHCORE.dll
0x00007ffa5ed30000 - 0x00007ffa5ed85000 	C:\Windows\System32\shlwapi.dll
0x00007ffa5df50000 - 0x00007ffa5df6f000 	C:\Windows\SYSTEM32\profapi.dll
0x00007ffa44170000 - 0x00007ffa44189000 	C:\Users\sfjbs\.jdks\corretto-17.0.5\bin\net.dll
0x00007ffa55b20000 - 0x00007ffa55c2c000 	C:\Windows\SYSTEM32\WINHTTP.dll
0x00007ffa5d690000 - 0x00007ffa5d6fa000 	C:\Windows\system32\mswsock.dll
0x00007ffa43ae0000 - 0x00007ffa43af5000 	C:\Users\sfjbs\.jdks\corretto-17.0.5\bin\nio.dll
0x00007ffa4caa0000 - 0x00007ffa4caba000 	C:\Program Files\JetBrains\IntelliJ IDEA Community Edition 2022.2.1\bin\breakgen64.dll

dbghelp: loaded successfully - version: 4.0.5 - missing functions: none
symbol engine: initialized successfully - sym options: 0x614 - pdb path: .;C:\Users\sfjbs\.jdks\corretto-17.0.5\bin;C:\Windows\SYSTEM32;C:\Windows\WinSxS\amd64_microsoft.windows.common-controls_6595b64144ccf1df_6.0.19041.1110_none_60b5254171f9507e;C:\Users\sfjbs\.jdks\corretto-17.0.5\bin\server;C:\Program Files\JetBrains\IntelliJ IDEA Community Edition 2022.2.1\bin

VM Arguments:
jvm_args: -ea -javaagent:C:\Users\sfjbs\AppData\Local\JetBrains\IdeaIC2022.2\testAgent\intellij-coverage-agent-1.0.673.jar=C:\Users\sfjbs\AppData\Local\Temp\coverage5223args -Didea.new.sampling.coverage=true -Dcoverage.ignore.private.constructor.util.class=true -Didea.test.cyclic.buffer.size=1048576 -javaagent:C:\Program Files\JetBrains\IntelliJ IDEA Community Edition 2022.2.1\lib\idea_rt.jar=59898:C:\Program Files\JetBrains\IntelliJ IDEA Community Edition 2022.2.1\bin -Dfile.encoding=UTF-8 
java_command: com.intellij.rt.junit.JUnitStarter -ideVersion5 -junit5 com.example.pensionManagementSystem.PensionManagementSystemApplicationTests,contextLoads
java_class_path (initial): C:\Users\sfjbs\.m2\repository\org\junit\platform\junit-platform-launcher\1.8.2\junit-platform-launcher-1.8.2.jar;C:\Program Files\JetBrains\IntelliJ IDEA Community Edition 2022.2.1\lib\idea_rt.jar;C:\Program Files\JetBrains\IntelliJ IDEA Community Edition 2022.2.1\plugins\junit\lib\junit5-rt.jar;C:\Program Files\JetBrains\IntelliJ IDEA Community Edition 2022.2.1\plugins\junit\lib\junit-rt.jar;C:\Users\sfjbs\IdeaProjects\oct31training\Mrudal\MiniProject\pensionManagementSystem\target\test-classes;C:\Users\sfjbs\IdeaProjects\oct31training\Mrudal\MiniProject\pensionManagementSystem\target\classes;C:\Users\sfjbs\.m2\repository\org\springframework\boot\spring-boot-starter-web\2.7.5\spring-boot-starter-web-2.7.5.jar;C:\Users\sfjbs\.m2\repository\org\springframework\boot\spring-boot-starter\2.7.5\spring-boot-starter-2.7.5.jar;C:\Users\sfjbs\.m2\repository\org\springframework\boot\spring-boot\2.7.5\spring-boot-2.7.5.jar;C:\Users\sfjbs\.m2\repository\org\springframework\boot\spring-boot-autoconfigure\2.7.5\spring-boot-autoconfigure-2.7.5.jar;C:\Users\sfjbs\.m2\repository\org\springframework\boot\spring-boot-starter-logging\2.7.5\spring-boot-starter-logging-2.7.5.jar;C:\Users\sfjbs\.m2\repository\ch\qos\logback\logback-classic\1.2.11\logback-classic-1.2.11.jar;C:\Users\sfjbs\.m2\repository\ch\qos\logback\logback-core\1.2.11\logback-core-1.2.11.jar;C:\Users\sfjbs\.m2\repository\org\apache\logging\log4j\log4j-to-slf4j\2.17.2\log4j-to-slf4j-2.17.2.jar;C:\Users\sfjbs\.m2\repository\org\apache\logging\log4j\log4j-api\2.17.2\log4j-api-2.17.2.jar;C:\Users\sfjbs\.m2\repository\org\slf4j\jul-to-slf4j\1.7.36\jul-to-slf4j-1.7.36.jar;C:\Users\sfjbs\.m2\repository\jakarta\annotation\jakarta.annotation-api\1.3.5\jakarta.annotation-api-1.3.5.jar;C:\Users\sfjbs\.m2\repository\org\yaml\snakeyaml\1.30\snakeyaml-1.30.jar;C:\Users\sfjbs\.m2\repository\org\springframework\boot\spring-boot-starter-json\2.7.5\spring-boot-starter-json-2.7.5.jar;C:\Users\sfjbs\.m2\reposit
Launcher Type: SUN_STANDARD

[Global flags]
     intx CICompilerCount                          = 2                                         {product} {ergonomic}
     uint ConcGCThreads                            = 1                                         {product} {ergonomic}
     uint G1ConcRefinementThreads                  = 2                                         {product} {ergonomic}
   size_t G1HeapRegionSize                         = 1048576                                   {product} {ergonomic}
    uintx GCDrainStackTargetSize                   = 64                                        {product} {ergonomic}
   size_t InitialHeapSize                          = 134217728                                 {product} {ergonomic}
   size_t MarkStackSize                            = 4194304                                   {product} {ergonomic}
   size_t MaxHeapSize                              = 2147483648                                {product} {ergonomic}
   size_t MaxNewSize                               = 1287651328                                {product} {ergonomic}
   size_t MinHeapDeltaBytes                        = 1048576                                   {product} {ergonomic}
   size_t MinHeapSize                              = 8388608                                   {product} {ergonomic}
    uintx NonNMethodCodeHeapSize                   = 5826188                                {pd product} {ergonomic}
    uintx NonProfiledCodeHeapSize                  = 122916026                              {pd product} {ergonomic}
    uintx ProfiledCodeHeapSize                     = 122916026                              {pd product} {ergonomic}
    uintx ReservedCodeCacheSize                    = 251658240                              {pd product} {ergonomic}
     bool SegmentedCodeCache                       = true                                      {product} {ergonomic}
   size_t SoftMaxHeapSize                          = 2147483648                             {manageable} {ergonomic}
     bool UseCompressedClassPointers               = true                           {product lp64_product} {ergonomic}
     bool UseCompressedOops                        = true                           {product lp64_product} {ergonomic}
     bool UseG1GC                                  = true                                      {product} {ergonomic}
     bool UseLargePagesIndividualAllocation        = false                                  {pd product} {ergonomic}

Logging:
Log output configuration:
 #0: stdout all=warning uptime,level,tags
 #1: stderr all=off uptime,level,tags

Environment Variables:
PATH=C:\Program Files\Common Files\Oracle\Java\javapath;C:\Windows\system32;C:\Windows;C:\Windows\System32\Wbem;C:\Windows\System32\WindowsPowerShell\v1.0\;C:\Windows\System32\OpenSSH\;C:\Users\sfjbs\Downloads\micro service-20221021T071039Z-001\micro service\apache-maven-3.8.5-bin\apache-maven-3.8.5\bin;C:\Users\sfjbs\Downloads\micro service-20221021T071039Z-001\micro service\apache-maven-3.8.5-bin\apache-maven-3.8.5\lib;C:\Program Files\Git\cmd;C:\Program Files\Docker\Docker\resources\bin;C:\Users\sfjbs\AppData\Local\Microsoft\WindowsApps;C:\Users\sfjbs\Downloads\micro service-20221021T071039Z-001\micro service\apache-maven-3.8.5-bin\apache-maven-3.8.5\bin;C:\Users\sfjbs\Downloads\micro service-20221021T071039Z-001\micro service\apache-maven-3.8.5-bin\apache-maven-3.8.5\lib;;C:\Program Files\JetBrains\IntelliJ IDEA Community Edition 2022.2.1\bin;
USERNAME=sfjbs
OS=Windows_NT
PROCESSOR_IDENTIFIER=Intel64 Family 6 Model 106 Stepping 6, GenuineIntel
TMP=C:\Users\sfjbs\AppData\Local\Temp
TEMP=C:\Users\sfjbs\AppData\Local\Temp



---------------  S Y S T E M  ---------------

OS:
 Windows 10 , 64 bit Build 19041 (10.0.19041.2251)
OS uptime: 3 days 11:32 hours
Hyper-V role detected

CPU: total 2 (initial active 2) (1 cores per cpu, 2 threads per core) family 6 model 106 stepping 6 microcode 0xffffffff, cx8, cmov, fxsr, ht, mmx, 3dnowpref, sse, sse2, sse3, ssse3, sse4.1, sse4.2, popcnt, lzcnt, tsc, avx, avx2, aes, erms, clmul, bmi1, bmi2, rtm, adx, avx512f, avx512dq, avx512cd, avx512bw, avx512vl, fma, vzeroupper, clflush, clflushopt, hv

Memory: 4k page, system-wide physical 8190M (1301M free)
TotalPageFile size 10238M (AvailPageFile size 4M)
current process WorkingSet (physical memory assigned to process): 53M, peak: 53M
current process commit charge ("private bytes"): 205M, peak: 205M

vm_info: OpenJDK 64-Bit Server VM (17.0.5+8-LTS) for windows-amd64 JRE (17.0.5+8-LTS), built on Oct 13 2022 05:18:14 by "Administrator" with MS VC++ 15.9 (VS2017)

END.
