#
# There is insufficient memory for the Java Runtime Environment to continue.
# Native memory allocation (mmap) failed to map 65536 bytes for Failed to commit metaspace.
# Possible reasons:
#   The system is out of physical RAM or swap space
#   The process is running with CompressedOops enabled, and the Java Heap may be blocking the growth of the native heap
# Possible solutions:
#   Reduce memory load on the system
#   Increase physical memory or swap space
#   Check if swap backing store is full
#   Decrease Java heap size (-Xmx/-Xms)
#   Decrease number of Java threads
#   Decrease Java thread stack sizes (-Xss)
#   Set larger code cache with -XX:ReservedCodeCacheSize=
#   JVM is running with Unscaled Compressed Oops mode in which the Java heap is
#     placed in the first 4GB address space. The Java Heap base address is the
#     maximum limit for the native heap growth. Please use -XX:HeapBaseMinAddress
#     to set the Java Heap base and to place the Java Heap above 4GB virtual address.
# This output file may be truncated or incomplete.
#
#  Out of Memory Error (virtualSpaceNode.cpp:110), pid=12204, tid=2676
#
# JRE version: OpenJDK Runtime Environment Corretto-17.0.5.8.1 (17.0.5+8) (build 17.0.5+8-LTS)
# Java VM: OpenJDK 64-Bit Server VM Corretto-17.0.5.8.1 (17.0.5+8-LTS, mixed mode, sharing, tiered, compressed oops, compressed class ptrs, g1 gc, windows-amd64)
# No core dump will be written. Minidumps are not enabled by default on client versions of Windows
#

---------------  S U M M A R Y ------------

Command Line: -ea -javaagent:C:\Users\sfjbs\AppData\Local\JetBrains\IdeaIC2022.2\testAgent\intellij-coverage-agent-1.0.673.jar=C:\Users\sfjbs\AppData\Local\Temp\coverage2args -Didea.new.sampling.coverage=true -Dcoverage.ignore.private.constructor.util.class=true -Didea.test.cyclic.buffer.size=1048576 -javaagent:C:\Program Files\JetBrains\IntelliJ IDEA Community Edition 2022.2.1\lib\idea_rt.jar=54011:C:\Program Files\JetBrains\IntelliJ IDEA Community Edition 2022.2.1\bin -Dfile.encoding=UTF-8 com.intellij.rt.junit.JUnitStarter -ideVersion5 -junit5 com.example.pensionManagementSystem.PensionManagementSystemApplicationTests

Host: Intel(R) Xeon(R) Platinum 8370C CPU @ 2.80GHz, 2 cores, 7G,  Windows 10 , 64 bit Build 19041 (10.0.19041.2251)
Time: Thu Nov 17 08:05:49 2022 Coordinated Universal Time elapsed time: 1.128299 seconds (0d 0h 0m 1s)

---------------  T H R E A D  ---------------

Current thread (0x000001cd95554840):  JavaThread "main" [_thread_in_vm, id=2676, stack(0x000000484b900000,0x000000484ba00000)]

Stack: [0x000000484b900000,0x000000484ba00000]
Native frames: (J=compiled Java code, j=interpreted, Vv=VM code, C=native code)
V  [jvm.dll+0x646e0a]
V  [jvm.dll+0x7f7f14]
V  [jvm.dll+0x7f96ce]
V  [jvm.dll+0x7f9d23]
V  [jvm.dll+0x234c98]
V  [jvm.dll+0x7f3fdb]
V  [jvm.dll+0x5ee0e6]
V  [jvm.dll+0x1b46be]
V  [jvm.dll+0x5f0934]
V  [jvm.dll+0x5eea9d]
V  [jvm.dll+0x22a968]
V  [jvm.dll+0x1dd39e]
V  [jvm.dll+0x1d3509]
V  [jvm.dll+0x513760]
V  [jvm.dll+0x7760ac]
V  [jvm.dll+0x776194]
V  [jvm.dll+0x3edae5]
V  [jvm.dll+0x3f3671]
C  [java.dll+0x17ec]

Java frames: (J=compiled Java code, j=interpreted, Vv=VM code)
j  java.lang.ClassLoader.defineClass1(Ljava/lang/ClassLoader;Ljava/lang/String;[BIILjava/security/ProtectionDomain;Ljava/lang/String;)Ljava/lang/Class;+0 java.base@17.0.5
j  java.lang.ClassLoader.defineClass(Ljava/lang/String;[BIILjava/security/ProtectionDomain;)Ljava/lang/Class;+27 java.base@17.0.5
j  java.security.SecureClassLoader.defineClass(Ljava/lang/String;[BIILjava/security/CodeSource;)Ljava/lang/Class;+12 java.base@17.0.5
j  jdk.internal.loader.BuiltinClassLoader.defineClass(Ljava/lang/String;Ljdk/internal/loader/Resource;)Ljava/lang/Class;+117 java.base@17.0.5
j  jdk.internal.loader.BuiltinClassLoader.findClassOnClassPathOrNull(Ljava/lang/String;)Ljava/lang/Class;+37 java.base@17.0.5
J 721 c1 jdk.internal.loader.BuiltinClassLoader.loadClassOrNull(Ljava/lang/String;Z)Ljava/lang/Class; java.base@17.0.5 (143 bytes) @ 0x000001cd9d71724c [0x000001cd9d716340+0x0000000000000f0c]
J 887 c1 jdk.internal.loader.ClassLoaders$AppClassLoader.loadClass(Ljava/lang/String;Z)Ljava/lang/Class; java.base@17.0.5 (40 bytes) @ 0x000001cd9d76ff04 [0x000001cd9d76f8e0+0x0000000000000624]
j  java.lang.ClassLoader.loadClass(Ljava/lang/String;)Ljava/lang/Class;+3 java.base@17.0.5
v  ~StubRoutines::call_stub
j  org.junit.platform.commons.util.ReflectionUtils.<clinit>()V+42
v  ~StubRoutines::call_stub
j  org.junit.platform.engine.discovery.ClassSelector.getJavaClass()Ljava/lang/Class;+12
j  org.junit.jupiter.engine.discovery.ClassSelectorResolver.resolve(Lorg/junit/platform/engine/discovery/ClassSelector;Lorg/junit/platform/engine/support/discovery/SelectorResolver$Context;)Lorg/junit/platform/engine/support/discovery/SelectorResolver$Resolution;+1
j  org.junit.platform.engine.support.discovery.EngineDiscoveryRequestResolution.lambda$resolve$2(Lorg/junit/platform/engine/DiscoverySelector;Lorg/junit/platform/engine/support/discovery/SelectorResolver;)Lorg/junit/platform/engine/support/discovery/SelectorResolver$Resolution;+57
j  org.junit.platform.engine.support.discovery.EngineDiscoveryRequestResolution$$Lambda$116+0x0000000800c29378.apply(Ljava/lang/Object;)Ljava/lang/Object;+12
j  java.util.stream.ReferencePipeline$3$1.accept(Ljava/lang/Object;)V+12 java.base@17.0.5
j  java.util.ArrayList$ArrayListSpliterator.tryAdvance(Ljava/util/function/Consumer;)Z+48 java.base@17.0.5
j  java.util.stream.ReferencePipeline.forEachWithCancel(Ljava/util/Spliterator;Ljava/util/stream/Sink;)Z+13 java.base@17.0.5
j  java.util.stream.AbstractPipeline.copyIntoWithCancel(Ljava/util/stream/Sink;Ljava/util/Spliterator;)Z+32 java.base@17.0.5
j  java.util.stream.AbstractPipeline.copyInto(Ljava/util/stream/Sink;Ljava/util/Spliterator;)V+49 java.base@17.0.5
j  java.util.stream.AbstractPipeline.wrapAndCopyInto(Ljava/util/stream/Sink;Ljava/util/Spliterator;)Ljava/util/stream/Sink;+13 java.base@17.0.5
j  java.util.stream.FindOps$FindOp.evaluateSequential(Ljava/util/stream/PipelineHelper;Ljava/util/Spliterator;)Ljava/lang/Object;+14 java.base@17.0.5
j  java.util.stream.AbstractPipeline.evaluate(Ljava/util/stream/TerminalOp;)Ljava/lang/Object;+88 java.base@17.0.5
j  java.util.stream.ReferencePipeline.findFirst()Ljava/util/Optional;+5 java.base@17.0.5
j  org.junit.platform.engine.support.discovery.EngineDiscoveryRequestResolution.resolve(Lorg/junit/platform/engine/DiscoverySelector;Ljava/util/function/Function;)Ljava/util/Optional;+25
j  org.junit.platform.engine.support.discovery.EngineDiscoveryRequestResolution.resolve(Lorg/junit/platform/engine/DiscoverySelector;)Ljava/util/Optional;+55
j  org.junit.platform.engine.support.discovery.EngineDiscoveryRequestResolution.resolveCompletely(Lorg/junit/platform/engine/DiscoverySelector;)V+22
j  org.junit.platform.engine.support.discovery.EngineDiscoveryRequestResolution.run()V+46
j  org.junit.platform.engine.support.discovery.EngineDiscoveryRequestResolver.resolve(Lorg/junit/platform/engine/EngineDiscoveryRequest;Lorg/junit/platform/engine/TestDescriptor;)V+59
j  org.junit.jupiter.engine.discovery.DiscoverySelectorResolver.resolveSelectors(Lorg/junit/platform/engine/EngineDiscoveryRequest;Lorg/junit/jupiter/engine/descriptor/JupiterEngineDescriptor;)V+5
j  org.junit.jupiter.engine.JupiterTestEngine.discover(Lorg/junit/platform/engine/EngineDiscoveryRequest;Lorg/junit/platform/engine/UniqueId;)Lorg/junit/platform/engine/TestDescriptor;+42
j  org.junit.platform.launcher.core.EngineDiscoveryOrchestrator.discoverEngineRoot(Lorg/junit/platform/engine/TestEngine;Lorg/junit/platform/launcher/LauncherDiscoveryRequest;Lorg/junit/platform/launcher/LauncherDiscoveryListener;Ljava/util/function/Function;)Lorg/junit/platform/engine/TestDescriptor;+30
j  org.junit.platform.launcher.core.EngineDiscoveryOrchestrator.discoverSafely(Lorg/junit/platform/launcher/LauncherDiscoveryRequest;Lorg/junit/platform/launcher/core/EngineDiscoveryOrchestrator$Phase;Lorg/junit/platform/launcher/LauncherDiscoveryListener;Ljava/util/function/Function;)Ljava/util/Map;+124
j  org.junit.platform.launcher.core.EngineDiscoveryOrchestrator.discover(Lorg/junit/platform/launcher/LauncherDiscoveryRequest;Lorg/junit/platform/launcher/core/EngineDiscoveryOrchestrator$Phase;Ljava/util/function/Function;)Ljava/util/Map;+21
j  org.junit.platform.launcher.core.EngineDiscoveryOrchestrator.discover(Lorg/junit/platform/launcher/LauncherDiscoveryRequest;Lorg/junit/platform/launcher/core/EngineDiscoveryOrchestrator$Phase;)Lorg/junit/platform/launcher/core/LauncherDiscoveryResult;+8
j  org.junit.platform.launcher.core.DefaultLauncher.discover(Lorg/junit/platform/launcher/LauncherDiscoveryRequest;Lorg/junit/platform/launcher/core/EngineDiscoveryOrchestrator$Phase;)Lorg/junit/platform/launcher/core/LauncherDiscoveryResult;+6
j  org.junit.platform.launcher.core.DefaultLauncher.execute(Lorg/junit/platform/launcher/LauncherDiscoveryRequest;[Lorg/junit/platform/launcher/TestExecutionListener;)V+27
j  org.junit.platform.launcher.core.DefaultLauncherSession$DelegatingLauncher.execute(Lorg/junit/platform/launcher/LauncherDiscoveryRequest;[Lorg/junit/platform/launcher/TestExecutionListener;)V+6
j  org.junit.platform.launcher.core.SessionPerRequestLauncher.execute(Lorg/junit/platform/launcher/LauncherDiscoveryRequest;[Lorg/junit/platform/launcher/TestExecutionListener;)V+13
j  com.intellij.junit5.JUnit5IdeaTestRunner.startRunnerWithArgs([Ljava/lang/String;Ljava/lang/String;IZ)I+202
j  com.intellij.rt.junit.IdeaTestRunner$Repeater$1.execute(Z)I+17
j  com.intellij.rt.execution.junit.TestsRepeater.repeat(IZLcom/intellij/rt/execution/junit/TestsRepeater$TestRun;)I+7
j  com.intellij.rt.junit.IdeaTestRunner$Repeater.startRunnerWithArgs(Lcom/intellij/rt/junit/IdeaTestRunner;[Ljava/lang/String;Ljava/util/ArrayList;Ljava/lang/String;IZ)I+25
j  com.intellij.rt.junit.JUnitStarter.prepareStreamsAndStart([Ljava/lang/String;Ljava/lang/String;Ljava/util/ArrayList;Ljava/lang/String;)I+116
j  com.intellij.rt.junit.JUnitStarter.main([Ljava/lang/String;)V+97
v  ~StubRoutines::call_stub

---------------  P R O C E S S  ---------------

Threads class SMR info:
_java_thread_list=0x000001cdb39dd740, length=13, elements={
0x000001cd95554840, 0x000001cdb2db6ee0, 0x000001cdb2db80a0, 0x000001cdb2dc41b0,
0x000001cdb2dc8c80, 0x000001cdb2dc9630, 0x000001cdb2dcdff0, 0x000001cdb2dd0ad0,
0x000001cdb2ddbd40, 0x000001cdb2defb50, 0x000001cdb2d9e500, 0x000001cdb39d6490,
0x000001cdb39d6960
}

Java Threads: ( => current thread )
=>0x000001cd95554840 JavaThread "main" [_thread_in_vm, id=2676, stack(0x000000484b900000,0x000000484ba00000)]
  0x000001cdb2db6ee0 JavaThread "Reference Handler" daemon [_thread_blocked, id=9128, stack(0x000000484c100000,0x000000484c200000)]
  0x000001cdb2db80a0 JavaThread "Finalizer" daemon [_thread_blocked, id=4600, stack(0x000000484c200000,0x000000484c300000)]
  0x000001cdb2dc41b0 JavaThread "Signal Dispatcher" daemon [_thread_blocked, id=7296, stack(0x000000484c300000,0x000000484c400000)]
  0x000001cdb2dc8c80 JavaThread "Attach Listener" daemon [_thread_blocked, id=8136, stack(0x000000484c400000,0x000000484c500000)]
  0x000001cdb2dc9630 JavaThread "Service Thread" daemon [_thread_blocked, id=11704, stack(0x000000484c500000,0x000000484c600000)]
  0x000001cdb2dcdff0 JavaThread "Monitor Deflation Thread" daemon [_thread_blocked, id=13148, stack(0x000000484c600000,0x000000484c700000)]
  0x000001cdb2dd0ad0 JavaThread "C2 CompilerThread0" daemon [_thread_blocked, id=7164, stack(0x000000484c700000,0x000000484c800000)]
  0x000001cdb2ddbd40 JavaThread "C1 CompilerThread0" daemon [_thread_blocked, id=3608, stack(0x000000484c800000,0x000000484c900000)]
  0x000001cdb2defb50 JavaThread "Sweeper thread" daemon [_thread_blocked, id=8212, stack(0x000000484c900000,0x000000484ca00000)]
  0x000001cdb2d9e500 JavaThread "Common-Cleaner" daemon [_thread_blocked, id=5760, stack(0x000000484ca00000,0x000000484cb00000)]
  0x000001cdb39d6490 JavaThread "Monitor Ctrl-Break" daemon [_thread_in_native, id=12912, stack(0x000000484cb00000,0x000000484cc00000)]
  0x000001cdb39d6960 JavaThread "Notification Thread" daemon [_thread_blocked, id=7824, stack(0x000000484cc00000,0x000000484cd00000)]

Other Threads:
  0x000001cdb2dafb70 VMThread "VM Thread" [stack: 0x000000484c000000,0x000000484c100000] [id=13184]
  0x000001cdb399f0c0 WatcherThread [stack: 0x000000484cd00000,0x000000484ce00000] [id=7372]
  0x000001cd955b3850 GCTaskThread "GC Thread#0" [stack: 0x000000484bb00000,0x000000484bc00000] [id=7952]
  0x000001cdb3a2fec0 GCTaskThread "GC Thread#1" [stack: 0x000000484ce00000,0x000000484cf00000] [id=1472]
  0x000001cd955c40c0 ConcurrentGCThread "G1 Main Marker" [stack: 0x000000484bc00000,0x000000484bd00000] [id=9148]
  0x000001cd955c5270 ConcurrentGCThread "G1 Conc#0" [stack: 0x000000484bd00000,0x000000484be00000] [id=11660]
  0x000001cd95616b30 ConcurrentGCThread "G1 Refine#0" [stack: 0x000000484be00000,0x000000484bf00000] [id=6404]
  0x000001cdb3b8af70 ConcurrentGCThread "G1 Refine#1" [stack: 0x000000484cf00000,0x000000484d000000] [id=10852]
  0x000001cdb2c720b0 ConcurrentGCThread "G1 Service" [stack: 0x000000484bf00000,0x000000484c000000] [id=9496]

Threads with active compile tasks:

VM state: not at safepoint (normal execution)

VM Mutex/Monitor currently owned by a thread:  ([mutex/lock_event])
[0x000001cd955502e0] Metaspace_lock - owner thread: 0x000001cd95554840

Heap address: 0x0000000080000000, size: 2048 MB, Compressed Oops mode: 32-bit

CDS archive(s) mapped at: [0x0000000800000000-0x0000000800bc0000-0x0000000800bc0000), size 12320768, SharedBaseAddress: 0x0000000800000000, ArchiveRelocationMode: 0.
Compressed class space mapped at: 0x0000000800c00000-0x0000000840c00000, reserved size: 1073741824
Narrow klass base: 0x0000000800000000, Narrow klass shift: 0, Narrow klass range: 0x100000000

GC Precious Log:
 CPUs: 2 total, 2 available
 Memory: 8190M
 Large Page Support: Disabled
 NUMA Support: Disabled
 Compressed Oops: Enabled (32-bit)
 Heap Region Size: 1M
 Heap Min Capacity: 8M
 Heap Initial Capacity: 128M
 Heap Max Capacity: 2G
 Pre-touch: Disabled
 Parallel Workers: 2
 Concurrent Workers: 1
 Concurrent Refinement Workers: 2
 Periodic GC: Disabled

Heap:
 garbage-first heap   total 131072K, used 9205K [0x0000000080000000, 0x0000000100000000)
  region size 1024K, 3 young (3072K), 1 survivors (1024K)
 Metaspace       used 3742K, committed 3840K, reserved 1056768K
  class space    used 375K, committed 448K, reserved 1048576K

Heap Regions: E=young(eden), S=young(survivor), O=old, HS=humongous(starts), HC=humongous(continues), CS=collection set, F=free, OA=open archive, CA=closed archive, TAMS=top-at-mark-start (previous, next)
|   0|0x0000000080000000, 0x0000000080100000, 0x0000000080100000|100%| O|  |TAMS 0x0000000080000000, 0x0000000080000000| Untracked 
|   1|0x0000000080100000, 0x0000000080200000, 0x0000000080200000|100%| O|  |TAMS 0x0000000080100000, 0x0000000080100000| Untracked 
|   2|0x0000000080200000, 0x0000000080300000, 0x0000000080300000|100%| O|  |TAMS 0x0000000080200000, 0x0000000080200000| Untracked 
|   3|0x0000000080300000, 0x0000000080400000, 0x0000000080400000|100%|HS|  |TAMS 0x0000000080300000, 0x0000000080300000| Complete 
|   4|0x0000000080400000, 0x0000000080500000, 0x0000000080500000|100%| O|  |TAMS 0x0000000080400000, 0x0000000080400000| Untracked 
|   5|0x0000000080500000, 0x0000000080600000, 0x0000000080600000|100%| O|  |TAMS 0x0000000080500000, 0x0000000080500000| Untracked 
|   6|0x0000000080600000, 0x0000000080700000, 0x0000000080700000|100%| O|  |TAMS 0x0000000080600000, 0x0000000080600000| Untracked 
|   7|0x0000000080700000, 0x0000000080742400, 0x0000000080800000| 25%| O|  |TAMS 0x0000000080700000, 0x0000000080700000| Untracked 
|   8|0x0000000080800000, 0x0000000080800000, 0x0000000080900000|  0%| F|  |TAMS 0x0000000080800000, 0x0000000080800000| Untracked 
|   9|0x0000000080900000, 0x0000000080900000, 0x0000000080a00000|  0%| F|  |TAMS 0x0000000080900000, 0x0000000080900000| Untracked 
|  10|0x0000000080a00000, 0x0000000080a00000, 0x0000000080b00000|  0%| F|  |TAMS 0x0000000080a00000, 0x0000000080a00000| Untracked 
|  11|0x0000000080b00000, 0x0000000080b00000, 0x0000000080c00000|  0%| F|  |TAMS 0x0000000080b00000, 0x0000000080b00000| Untracked 
|  12|0x0000000080c00000, 0x0000000080c00000, 0x0000000080d00000|  0%| F|  |TAMS 0x0000000080c00000, 0x0000000080c00000| Untracked 
|  13|0x0000000080d00000, 0x0000000080d00000, 0x0000000080e00000|  0%| F|  |TAMS 0x0000000080d00000, 0x0000000080d00000| Untracked 
|  14|0x0000000080e00000, 0x0000000080e00000, 0x0000000080f00000|  0%| F|  |TAMS 0x0000000080e00000, 0x0000000080e00000| Untracked 
|  15|0x0000000080f00000, 0x0000000080f00000, 0x0000000081000000|  0%| F|  |TAMS 0x0000000080f00000, 0x0000000080f00000| Untracked 
|  16|0x0000000081000000, 0x0000000081000000, 0x0000000081100000|  0%| F|  |TAMS 0x0000000081000000, 0x0000000081000000| Untracked 
|  17|0x0000000081100000, 0x0000000081100000, 0x0000000081200000|  0%| F|  |TAMS 0x0000000081100000, 0x0000000081100000| Untracked 
|  18|0x0000000081200000, 0x0000000081200000, 0x0000000081300000|  0%| F|  |TAMS 0x0000000081200000, 0x0000000081200000| Untracked 
|  19|0x0000000081300000, 0x0000000081300000, 0x0000000081400000|  0%| F|  |TAMS 0x0000000081300000, 0x0000000081300000| Untracked 
|  20|0x0000000081400000, 0x0000000081400000, 0x0000000081500000|  0%| F|  |TAMS 0x0000000081400000, 0x0000000081400000| Untracked 
|  21|0x0000000081500000, 0x0000000081500000, 0x0000000081600000|  0%| F|  |TAMS 0x0000000081500000, 0x0000000081500000| Untracked 
|  22|0x0000000081600000, 0x0000000081600000, 0x0000000081700000|  0%| F|  |TAMS 0x0000000081600000, 0x0000000081600000| Untracked 
|  23|0x0000000081700000, 0x0000000081700000, 0x0000000081800000|  0%| F|  |TAMS 0x0000000081700000, 0x0000000081700000| Untracked 
|  24|0x0000000081800000, 0x0000000081800000, 0x0000000081900000|  0%| F|  |TAMS 0x0000000081800000, 0x0000000081800000| Untracked 
|  25|0x0000000081900000, 0x0000000081900000, 0x0000000081a00000|  0%| F|  |TAMS 0x0000000081900000, 0x0000000081900000| Untracked 
|  26|0x0000000081a00000, 0x0000000081a00000, 0x0000000081b00000|  0%| F|  |TAMS 0x0000000081a00000, 0x0000000081a00000| Untracked 
|  27|0x0000000081b00000, 0x0000000081b00000, 0x0000000081c00000|  0%| F|  |TAMS 0x0000000081b00000, 0x0000000081b00000| Untracked 
|  28|0x0000000081c00000, 0x0000000081c00000, 0x0000000081d00000|  0%| F|  |TAMS 0x0000000081c00000, 0x0000000081c00000| Untracked 
|  29|0x0000000081d00000, 0x0000000081d00000, 0x0000000081e00000|  0%| F|  |TAMS 0x0000000081d00000, 0x0000000081d00000| Untracked 
|  30|0x0000000081e00000, 0x0000000081e00000, 0x0000000081f00000|  0%| F|  |TAMS 0x0000000081e00000, 0x0000000081e00000| Untracked 
|  31|0x0000000081f00000, 0x0000000081f00000, 0x0000000082000000|  0%| F|  |TAMS 0x0000000081f00000, 0x0000000081f00000| Untracked 
|  32|0x0000000082000000, 0x0000000082000000, 0x0000000082100000|  0%| F|  |TAMS 0x0000000082000000, 0x0000000082000000| Untracked 
|  33|0x0000000082100000, 0x0000000082100000, 0x0000000082200000|  0%| F|  |TAMS 0x0000000082100000, 0x0000000082100000| Untracked 
|  34|0x0000000082200000, 0x0000000082200000, 0x0000000082300000|  0%| F|  |TAMS 0x0000000082200000, 0x0000000082200000| Untracked 
|  35|0x0000000082300000, 0x0000000082300000, 0x0000000082400000|  0%| F|  |TAMS 0x0000000082300000, 0x0000000082300000| Untracked 
|  36|0x0000000082400000, 0x0000000082400000, 0x0000000082500000|  0%| F|  |TAMS 0x0000000082400000, 0x0000000082400000| Untracked 
|  37|0x0000000082500000, 0x0000000082500000, 0x0000000082600000|  0%| F|  |TAMS 0x0000000082500000, 0x0000000082500000| Untracked 
|  38|0x0000000082600000, 0x0000000082600000, 0x0000000082700000|  0%| F|  |TAMS 0x0000000082600000, 0x0000000082600000| Untracked 
|  39|0x0000000082700000, 0x0000000082700000, 0x0000000082800000|  0%| F|  |TAMS 0x0000000082700000, 0x0000000082700000| Untracked 
|  40|0x0000000082800000, 0x0000000082800000, 0x0000000082900000|  0%| F|  |TAMS 0x0000000082800000, 0x0000000082800000| Untracked 
|  41|0x0000000082900000, 0x0000000082900000, 0x0000000082a00000|  0%| F|  |TAMS 0x0000000082900000, 0x0000000082900000| Untracked 
|  42|0x0000000082a00000, 0x0000000082a00000, 0x0000000082b00000|  0%| F|  |TAMS 0x0000000082a00000, 0x0000000082a00000| Untracked 
|  43|0x0000000082b00000, 0x0000000082b00000, 0x0000000082c00000|  0%| F|  |TAMS 0x0000000082b00000, 0x0000000082b00000| Untracked 
|  44|0x0000000082c00000, 0x0000000082c00000, 0x0000000082d00000|  0%| F|  |TAMS 0x0000000082c00000, 0x0000000082c00000| Untracked 
|  45|0x0000000082d00000, 0x0000000082d00000, 0x0000000082e00000|  0%| F|  |TAMS 0x0000000082d00000, 0x0000000082d00000| Untracked 
|  46|0x0000000082e00000, 0x0000000082e00000, 0x0000000082f00000|  0%| F|  |TAMS 0x0000000082e00000, 0x0000000082e00000| Untracked 
|  47|0x0000000082f00000, 0x0000000082f00000, 0x0000000083000000|  0%| F|  |TAMS 0x0000000082f00000, 0x0000000082f00000| Untracked 
|  48|0x0000000083000000, 0x0000000083000000, 0x0000000083100000|  0%| F|  |TAMS 0x0000000083000000, 0x0000000083000000| Untracked 
|  49|0x0000000083100000, 0x0000000083100000, 0x0000000083200000|  0%| F|  |TAMS 0x0000000083100000, 0x0000000083100000| Untracked 
|  50|0x0000000083200000, 0x0000000083200000, 0x0000000083300000|  0%| F|  |TAMS 0x0000000083200000, 0x0000000083200000| Untracked 
|  51|0x0000000083300000, 0x0000000083300000, 0x0000000083400000|  0%| F|  |TAMS 0x0000000083300000, 0x0000000083300000| Untracked 
|  52|0x0000000083400000, 0x0000000083400000, 0x0000000083500000|  0%| F|  |TAMS 0x0000000083400000, 0x0000000083400000| Untracked 
|  53|0x0000000083500000, 0x0000000083500000, 0x0000000083600000|  0%| F|  |TAMS 0x0000000083500000, 0x0000000083500000| Untracked 
|  54|0x0000000083600000, 0x0000000083600000, 0x0000000083700000|  0%| F|  |TAMS 0x0000000083600000, 0x0000000083600000| Untracked 
|  55|0x0000000083700000, 0x0000000083700000, 0x0000000083800000|  0%| F|  |TAMS 0x0000000083700000, 0x0000000083700000| Untracked 
|  56|0x0000000083800000, 0x0000000083800000, 0x0000000083900000|  0%| F|  |TAMS 0x0000000083800000, 0x0000000083800000| Untracked 
|  57|0x0000000083900000, 0x0000000083900000, 0x0000000083a00000|  0%| F|  |TAMS 0x0000000083900000, 0x0000000083900000| Untracked 
|  58|0x0000000083a00000, 0x0000000083a00000, 0x0000000083b00000|  0%| F|  |TAMS 0x0000000083a00000, 0x0000000083a00000| Untracked 
|  59|0x0000000083b00000, 0x0000000083b00000, 0x0000000083c00000|  0%| F|  |TAMS 0x0000000083b00000, 0x0000000083b00000| Untracked 
|  60|0x0000000083c00000, 0x0000000083c00000, 0x0000000083d00000|  0%| F|  |TAMS 0x0000000083c00000, 0x0000000083c00000| Untracked 
|  61|0x0000000083d00000, 0x0000000083d00000, 0x0000000083e00000|  0%| F|  |TAMS 0x0000000083d00000, 0x0000000083d00000| Untracked 
|  62|0x0000000083e00000, 0x0000000083e00000, 0x0000000083f00000|  0%| F|  |TAMS 0x0000000083e00000, 0x0000000083e00000| Untracked 
|  63|0x0000000083f00000, 0x0000000083f00000, 0x0000000084000000|  0%| F|  |TAMS 0x0000000083f00000, 0x0000000083f00000| Untracked 
|  64|0x0000000084000000, 0x0000000084000000, 0x0000000084100000|  0%| F|  |TAMS 0x0000000084000000, 0x0000000084000000| Untracked 
|  65|0x0000000084100000, 0x0000000084100000, 0x0000000084200000|  0%| F|  |TAMS 0x0000000084100000, 0x0000000084100000| Untracked 
|  66|0x0000000084200000, 0x0000000084200000, 0x0000000084300000|  0%| F|  |TAMS 0x0000000084200000, 0x0000000084200000| Untracked 
|  67|0x0000000084300000, 0x0000000084300000, 0x0000000084400000|  0%| F|  |TAMS 0x0000000084300000, 0x0000000084300000| Untracked 
|  68|0x0000000084400000, 0x0000000084400000, 0x0000000084500000|  0%| F|  |TAMS 0x0000000084400000, 0x0000000084400000| Untracked 
|  69|0x0000000084500000, 0x0000000084500000, 0x0000000084600000|  0%| F|  |TAMS 0x0000000084500000, 0x0000000084500000| Untracked 
|  70|0x0000000084600000, 0x0000000084600000, 0x0000000084700000|  0%| F|  |TAMS 0x0000000084600000, 0x0000000084600000| Untracked 
|  71|0x0000000084700000, 0x0000000084700000, 0x0000000084800000|  0%| F|  |TAMS 0x0000000084700000, 0x0000000084700000| Untracked 
|  72|0x0000000084800000, 0x0000000084800000, 0x0000000084900000|  0%| F|  |TAMS 0x0000000084800000, 0x0000000084800000| Untracked 
|  73|0x0000000084900000, 0x0000000084900000, 0x0000000084a00000|  0%| F|  |TAMS 0x0000000084900000, 0x0000000084900000| Untracked 
|  74|0x0000000084a00000, 0x0000000084a00000, 0x0000000084b00000|  0%| F|  |TAMS 0x0000000084a00000, 0x0000000084a00000| Untracked 
|  75|0x0000000084b00000, 0x0000000084b00000, 0x0000000084c00000|  0%| F|  |TAMS 0x0000000084b00000, 0x0000000084b00000| Untracked 
|  76|0x0000000084c00000, 0x0000000084c00000, 0x0000000084d00000|  0%| F|  |TAMS 0x0000000084c00000, 0x0000000084c00000| Untracked 
|  77|0x0000000084d00000, 0x0000000084d00000, 0x0000000084e00000|  0%| F|  |TAMS 0x0000000084d00000, 0x0000000084d00000| Untracked 
|  78|0x0000000084e00000, 0x0000000084e00000, 0x0000000084f00000|  0%| F|  |TAMS 0x0000000084e00000, 0x0000000084e00000| Untracked 
|  79|0x0000000084f00000, 0x0000000084f00000, 0x0000000085000000|  0%| F|  |TAMS 0x0000000084f00000, 0x0000000084f00000| Untracked 
|  80|0x0000000085000000, 0x0000000085000000, 0x0000000085100000|  0%| F|  |TAMS 0x0000000085000000, 0x0000000085000000| Untracked 
|  81|0x0000000085100000, 0x0000000085100000, 0x0000000085200000|  0%| F|  |TAMS 0x0000000085100000, 0x0000000085100000| Untracked 
|  82|0x0000000085200000, 0x0000000085200000, 0x0000000085300000|  0%| F|  |TAMS 0x0000000085200000, 0x0000000085200000| Untracked 
|  83|0x0000000085300000, 0x0000000085300000, 0x0000000085400000|  0%| F|  |TAMS 0x0000000085300000, 0x0000000085300000| Untracked 
|  84|0x0000000085400000, 0x0000000085400000, 0x0000000085500000|  0%| F|  |TAMS 0x0000000085400000, 0x0000000085400000| Untracked 
|  85|0x0000000085500000, 0x0000000085500000, 0x0000000085600000|  0%| F|  |TAMS 0x0000000085500000, 0x0000000085500000| Untracked 
|  86|0x0000000085600000, 0x0000000085600000, 0x0000000085700000|  0%| F|  |TAMS 0x0000000085600000, 0x0000000085600000| Untracked 
|  87|0x0000000085700000, 0x0000000085700000, 0x0000000085800000|  0%| F|  |TAMS 0x0000000085700000, 0x0000000085700000| Untracked 
|  88|0x0000000085800000, 0x0000000085800000, 0x0000000085900000|  0%| F|  |TAMS 0x0000000085800000, 0x0000000085800000| Untracked 
|  89|0x0000000085900000, 0x0000000085900000, 0x0000000085a00000|  0%| F|  |TAMS 0x0000000085900000, 0x0000000085900000| Untracked 
|  90|0x0000000085a00000, 0x0000000085a00000, 0x0000000085b00000|  0%| F|  |TAMS 0x0000000085a00000, 0x0000000085a00000| Untracked 
|  91|0x0000000085b00000, 0x0000000085b00000, 0x0000000085c00000|  0%| F|  |TAMS 0x0000000085b00000, 0x0000000085b00000| Untracked 
|  92|0x0000000085c00000, 0x0000000085c00000, 0x0000000085d00000|  0%| F|  |TAMS 0x0000000085c00000, 0x0000000085c00000| Untracked 
|  93|0x0000000085d00000, 0x0000000085d00000, 0x0000000085e00000|  0%| F|  |TAMS 0x0000000085d00000, 0x0000000085d00000| Untracked 
|  94|0x0000000085e00000, 0x0000000085e00000, 0x0000000085f00000|  0%| F|  |TAMS 0x0000000085e00000, 0x0000000085e00000| Untracked 
|  95|0x0000000085f00000, 0x0000000085f00000, 0x0000000086000000|  0%| F|  |TAMS 0x0000000085f00000, 0x0000000085f00000| Untracked 
|  96|0x0000000086000000, 0x0000000086000000, 0x0000000086100000|  0%| F|  |TAMS 0x0000000086000000, 0x0000000086000000| Untracked 
|  97|0x0000000086100000, 0x0000000086100000, 0x0000000086200000|  0%| F|  |TAMS 0x0000000086100000, 0x0000000086100000| Untracked 
|  98|0x0000000086200000, 0x0000000086200000, 0x0000000086300000|  0%| F|  |TAMS 0x0000000086200000, 0x0000000086200000| Untracked 
|  99|0x0000000086300000, 0x0000000086300000, 0x0000000086400000|  0%| F|  |TAMS 0x0000000086300000, 0x0000000086300000| Untracked 
| 100|0x0000000086400000, 0x0000000086400000, 0x0000000086500000|  0%| F|  |TAMS 0x0000000086400000, 0x0000000086400000| Untracked 
| 101|0x0000000086500000, 0x0000000086500000, 0x0000000086600000|  0%| F|  |TAMS 0x0000000086500000, 0x0000000086500000| Untracked 
| 102|0x0000000086600000, 0x0000000086600000, 0x0000000086700000|  0%| F|  |TAMS 0x0000000086600000, 0x0000000086600000| Untracked 
| 103|0x0000000086700000, 0x0000000086700000, 0x0000000086800000|  0%| F|  |TAMS 0x0000000086700000, 0x0000000086700000| Untracked 
| 104|0x0000000086800000, 0x0000000086800000, 0x0000000086900000|  0%| F|  |TAMS 0x0000000086800000, 0x0000000086800000| Untracked 
| 105|0x0000000086900000, 0x0000000086900000, 0x0000000086a00000|  0%| F|  |TAMS 0x0000000086900000, 0x0000000086900000| Untracked 
| 106|0x0000000086a00000, 0x0000000086a00000, 0x0000000086b00000|  0%| F|  |TAMS 0x0000000086a00000, 0x0000000086a00000| Untracked 
| 107|0x0000000086b00000, 0x0000000086b00000, 0x0000000086c00000|  0%| F|  |TAMS 0x0000000086b00000, 0x0000000086b00000| Untracked 
| 108|0x0000000086c00000, 0x0000000086c00000, 0x0000000086d00000|  0%| F|  |TAMS 0x0000000086c00000, 0x0000000086c00000| Untracked 
| 109|0x0000000086d00000, 0x0000000086d00000, 0x0000000086e00000|  0%| F|  |TAMS 0x0000000086d00000, 0x0000000086d00000| Untracked 
| 110|0x0000000086e00000, 0x0000000086e00000, 0x0000000086f00000|  0%| F|  |TAMS 0x0000000086e00000, 0x0000000086e00000| Untracked 
| 111|0x0000000086f00000, 0x0000000086f00000, 0x0000000087000000|  0%| F|  |TAMS 0x0000000086f00000, 0x0000000086f00000| Untracked 
| 112|0x0000000087000000, 0x0000000087000000, 0x0000000087100000|  0%| F|  |TAMS 0x0000000087000000, 0x0000000087000000| Untracked 
| 113|0x0000000087100000, 0x0000000087100000, 0x0000000087200000|  0%| F|  |TAMS 0x0000000087100000, 0x0000000087100000| Untracked 
| 114|0x0000000087200000, 0x0000000087200000, 0x0000000087300000|  0%| F|  |TAMS 0x0000000087200000, 0x0000000087200000| Untracked 
| 115|0x0000000087300000, 0x0000000087300000, 0x0000000087400000|  0%| F|  |TAMS 0x0000000087300000, 0x0000000087300000| Untracked 
| 116|0x0000000087400000, 0x0000000087400000, 0x0000000087500000|  0%| F|  |TAMS 0x0000000087400000, 0x0000000087400000| Untracked 
| 117|0x0000000087500000, 0x0000000087500000, 0x0000000087600000|  0%| F|  |TAMS 0x0000000087500000, 0x0000000087500000| Untracked 
| 118|0x0000000087600000, 0x0000000087600000, 0x0000000087700000|  0%| F|  |TAMS 0x0000000087600000, 0x0000000087600000| Untracked 
| 119|0x0000000087700000, 0x0000000087700000, 0x0000000087800000|  0%| F|  |TAMS 0x0000000087700000, 0x0000000087700000| Untracked 
| 120|0x0000000087800000, 0x00000000878bb030, 0x0000000087900000| 73%| S|CS|TAMS 0x0000000087800000, 0x0000000087800000| Complete 
| 121|0x0000000087900000, 0x0000000087900000, 0x0000000087a00000|  0%| F|  |TAMS 0x0000000087900000, 0x0000000087900000| Untracked 
| 122|0x0000000087a00000, 0x0000000087a00000, 0x0000000087b00000|  0%| F|  |TAMS 0x0000000087a00000, 0x0000000087a00000| Untracked 
| 123|0x0000000087b00000, 0x0000000087b00000, 0x0000000087c00000|  0%| F|  |TAMS 0x0000000087b00000, 0x0000000087b00000| Untracked 
| 124|0x0000000087c00000, 0x0000000087c00000, 0x0000000087d00000|  0%| F|  |TAMS 0x0000000087c00000, 0x0000000087c00000| Untracked 
| 125|0x0000000087d00000, 0x0000000087d00000, 0x0000000087e00000|  0%| F|  |TAMS 0x0000000087d00000, 0x0000000087d00000| Untracked 
| 126|0x0000000087e00000, 0x0000000087e6bbe0, 0x0000000087f00000| 42%| E|  |TAMS 0x0000000087e00000, 0x0000000087e00000| Complete 
| 127|0x0000000087f00000, 0x0000000088000000, 0x0000000088000000|100%| E|CS|TAMS 0x0000000087f00000, 0x0000000087f00000| Complete 

Card table byte_map: [0x000001cdac450000,0x000001cdac850000] _byte_map_base: 0x000001cdac050000

Marking Bits (Prev, Next): (CMBitMap*) 0x000001cd95575960, (CMBitMap*) 0x000001cd955759a0
 Prev Bits: [0x000001cdacc50000, 0x000001cdaec50000)
 Next Bits: [0x000001cdaec50000, 0x000001cdb0c50000)

Polling page: 0x000001cd93560000

Metaspace:

Usage:
  Non-class:      3.29 MB used.
      Class:    375.86 KB used.
       Both:      3.65 MB used.

Virtual space:
  Non-class space:        8.00 MB reserved,       3.31 MB ( 41%) committed,  1 nodes.
      Class space:        1.00 GB reserved,     448.00 KB ( <1%) committed,  1 nodes.
             Both:        1.01 GB reserved,       3.75 MB ( <1%) committed. 

Chunk freelists:
   Non-Class:  3.11 MB
       Class:  3.58 MB
        Both:  6.69 MB

MaxMetaspaceSize: unlimited
CompressedClassSpaceSize: 1.00 GB
Initial GC threshold: 21.00 MB
Current GC threshold: 21.00 MB
CDS: on
MetaspaceReclaimPolicy: balanced
 - commit_granule_bytes: 65536.
 - commit_granule_words: 8192.
 - virtual_space_node_default_size: 1048576.
 - enlarge_chunks_in_place: 1.
 - new_chunks_are_fully_committed: 0.
 - uncommit_free_chunks: 1.
 - use_allocation_guard: 0.
 - handle_deallocations: 1.


Internal statistics:

num_allocs_failed_limit: 0.
num_arena_births: 36.
num_arena_deaths: 0.
num_vsnodes_births: 2.
num_vsnodes_deaths: 0.
num_space_committed: 60.
num_space_uncommitted: 0.
num_chunks_returned_to_freelist: 0.
num_chunks_taken_from_freelist: 122.
num_chunk_merges: 0.
num_chunk_splits: 57.
num_chunks_enlarged: 32.
num_purges: 0.
num_inconsistent_stats: 0.

CodeHeap 'non-profiled nmethods': size=120064Kb used=319Kb max_used=319Kb free=119744Kb
 bounds [0x000001cda4b10000, 0x000001cda4d80000, 0x000001cdac050000]
CodeHeap 'profiled nmethods': size=120000Kb used=1718Kb max_used=1718Kb free=118281Kb
 bounds [0x000001cd9d5e0000, 0x000001cd9d850000, 0x000001cda4b10000]
CodeHeap 'non-nmethods': size=5696Kb used=1157Kb max_used=1176Kb free=4538Kb
 bounds [0x000001cd9d050000, 0x000001cd9d2c0000, 0x000001cd9d5e0000]
 total_blobs=1365 nmethods=931 adapters=347
 compilation: enabled
              stopped_count=0, restarted_count=0
 full_count=0

Compilation events (20 events):
Event: 1.116 Thread 0x000001cdb2dd0ad0 nmethod 916 0x000001cda4b5f790 code [0x000001cda4b5f900, 0x000001cda4b5f9d8]
Event: 1.117 Thread 0x000001cdb2ddbd40  921       3       jdk.internal.org.objectweb.asm.ClassWriter::visitMethod (57 bytes)
Event: 1.117 Thread 0x000001cdb2ddbd40 nmethod 921 0x000001cd9d786490 code [0x000001cd9d786640, 0x000001cd9d7869a8]
Event: 1.118 Thread 0x000001cdb2ddbd40  922       3       jdk.internal.org.objectweb.asm.MethodWriter::<init> (232 bytes)
Event: 1.119 Thread 0x000001cdb2ddbd40 nmethod 922 0x000001cd9d786b10 code [0x000001cd9d786da0, 0x000001cd9d787b38]
Event: 1.119 Thread 0x000001cdb2ddbd40  924       3       java.lang.invoke.TypeConvertingMethodAdapter::descriptorToName (36 bytes)
Event: 1.119 Thread 0x000001cdb2ddbd40 nmethod 924 0x000001cd9d788010 code [0x000001cd9d7882a0, 0x000001cd9d788e48]
Event: 1.120 Thread 0x000001cdb2ddbd40  923       3       jdk.internal.org.objectweb.asm.MethodVisitor::<init> (7 bytes)
Event: 1.120 Thread 0x000001cdb2ddbd40 nmethod 923 0x000001cd9d789310 code [0x000001cd9d7894c0, 0x000001cd9d789608]
Event: 1.123 Thread 0x000001cdb2ddbd40  925       3       java.lang.String::codePointAt (50 bytes)
Event: 1.123 Thread 0x000001cdb2ddbd40 nmethod 925 0x000001cd9d789690 code [0x000001cd9d789880, 0x000001cd9d789c28]
Event: 1.123 Thread 0x000001cdb2ddbd40  926       3       java.util.regex.Pattern::has (15 bytes)
Event: 1.123 Thread 0x000001cdb2ddbd40 nmethod 926 0x000001cd9d789e10 code [0x000001cd9d789fa0, 0x000001cd9d78a118]
Event: 1.123 Thread 0x000001cdb2ddbd40  927       3       java.util.regex.Pattern::isSupplementary (21 bytes)
Event: 1.123 Thread 0x000001cdb2ddbd40 nmethod 927 0x000001cd9d78a190 code [0x000001cd9d78a340, 0x000001cd9d78a5b8]
Event: 1.123 Thread 0x000001cdb2ddbd40  930       3       java.lang.Class::descriptorString (170 bytes)
Event: 1.125 Thread 0x000001cdb2ddbd40 nmethod 930 0x000001cd9d78a690 code [0x000001cd9d78ab60, 0x000001cd9d78c778]
Event: 1.125 Thread 0x000001cdb2ddbd40  931       3       java.util.regex.Pattern::peek (26 bytes)
Event: 1.126 Thread 0x000001cdb2ddbd40 nmethod 931 0x000001cd9d78d190 code [0x000001cd9d78d340, 0x000001cd9d78d5a8]
Event: 1.126 Thread 0x000001cdb2ddbd40  928       3       java.lang.Character::isSurrogate (18 bytes)

GC Heap History (6 events):
Event: 0.448 GC heap before
{Heap before GC invocations=0 (full 0):
 garbage-first heap   total 131072K, used 5120K [0x0000000080000000, 0x0000000100000000)
  region size 1024K, 6 young (6144K), 0 survivors (0K)
 Metaspace       used 1089K, committed 1280K, reserved 1056768K
  class space    used 87K, committed 192K, reserved 1048576K
}
Event: 0.459 GC heap after
{Heap after GC invocations=1 (full 0):
 garbage-first heap   total 131072K, used 3136K [0x0000000080000000, 0x0000000100000000)
  region size 1024K, 1 young (1024K), 1 survivors (1024K)
 Metaspace       used 1089K, committed 1280K, reserved 1056768K
  class space    used 87K, committed 192K, reserved 1048576K
}
Event: 0.622 GC heap before
{Heap before GC invocations=1 (full 0):
 garbage-first heap   total 131072K, used 8256K [0x0000000080000000, 0x0000000100000000)
  region size 1024K, 6 young (6144K), 1 survivors (1024K)
 Metaspace       used 1729K, committed 1792K, reserved 1056768K
  class space    used 143K, committed 192K, reserved 1048576K
}
Event: 0.626 GC heap after
{Heap after GC invocations=2 (full 0):
 garbage-first heap   total 131072K, used 7432K [0x0000000080000000, 0x0000000100000000)
  region size 1024K, 1 young (1024K), 1 survivors (1024K)
 Metaspace       used 1729K, committed 1792K, reserved 1056768K
  class space    used 143K, committed 192K, reserved 1048576K
}
Event: 1.087 GC heap before
{Heap before GC invocations=2 (full 0):
 garbage-first heap   total 131072K, used 13576K [0x0000000080000000, 0x0000000100000000)
  region size 1024K, 7 young (7168K), 1 survivors (1024K)
 Metaspace       used 3500K, committed 3712K, reserved 1056768K
  class space    used 349K, committed 448K, reserved 1048576K
}
Event: 1.089 GC heap after
{Heap after GC invocations=3 (full 0):
 garbage-first heap   total 131072K, used 8181K [0x0000000080000000, 0x0000000100000000)
  region size 1024K, 1 young (1024K), 1 survivors (1024K)
 Metaspace       used 3500K, committed 3712K, reserved 1056768K
  class space    used 349K, committed 448K, reserved 1048576K
}

Dll operation events (9 events):
Event: 0.030 Loaded shared library C:\Users\sfjbs\.jdks\corretto-17.0.5\bin\java.dll
Event: 0.031 Loaded shared library C:\Users\sfjbs\.jdks\corretto-17.0.5\bin\zip.dll
Event: 0.055 Loaded shared library C:\Users\sfjbs\.jdks\corretto-17.0.5\bin\jsvml.dll
Event: 0.251 Loaded shared library C:\Users\sfjbs\.jdks\corretto-17.0.5\bin\instrument.dll
Event: 0.269 Loaded shared library C:\Users\sfjbs\.jdks\corretto-17.0.5\bin\jimage.dll
Event: 0.355 Loaded shared library C:\Users\sfjbs\.jdks\corretto-17.0.5\bin\net.dll
Event: 0.356 Loaded shared library C:\Users\sfjbs\.jdks\corretto-17.0.5\bin\nio.dll
Event: 0.361 Loaded shared library C:\Users\sfjbs\.jdks\corretto-17.0.5\bin\zip.dll
Event: 0.370 Loaded shared library C:\Program Files\JetBrains\IntelliJ IDEA Community Edition 2022.2.1\bin\breakgen64.dll

Deoptimization events (20 events):
Event: 0.673 Thread 0x000001cd95554840 Uncommon trap: trap_request=0xffffff45 fr.pc=0x000001cda4b2efe4 relative=0x0000000000000064
Event: 0.673 Thread 0x000001cd95554840 Uncommon trap: reason=unstable_if action=reinterpret pc=0x000001cda4b2efe4 method=java.io.WinNTFileSystem.isSlash(C)Z @ 9 c2
Event: 0.673 Thread 0x000001cd95554840 DEOPT PACKING pc=0x000001cda4b2efe4 sp=0x000000484b9fea00
Event: 0.673 Thread 0x000001cd95554840 DEOPT UNPACKING pc=0x000001cd9d0a5ba3 sp=0x000000484b9fe988 mode 2
Event: 0.679 Thread 0x000001cd95554840 DEOPT PACKING pc=0x000001cd9d674568 sp=0x000000484b9fde90
Event: 0.679 Thread 0x000001cd95554840 DEOPT UNPACKING pc=0x000001cd9d0a66e3 sp=0x000000484b9fd320 mode 0
Event: 0.679 Thread 0x000001cd95554840 DEOPT PACKING pc=0x000001cd9d670156 sp=0x000000484b9fdd80
Event: 0.679 Thread 0x000001cd95554840 DEOPT UNPACKING pc=0x000001cd9d0a66e3 sp=0x000000484b9fd208 mode 0
Event: 0.841 Thread 0x000001cd95554840 Uncommon trap: trap_request=0xffffffde fr.pc=0x000001cda4b2ccc0 relative=0x00000000000004e0
Event: 0.841 Thread 0x000001cd95554840 Uncommon trap: reason=class_check action=maybe_recompile pc=0x000001cda4b2ccc0 method=java.util.HashMap.putVal(ILjava/lang/Object;Ljava/lang/Object;ZZ)Ljava/lang/Object; @ 253 c2
Event: 0.841 Thread 0x000001cd95554840 DEOPT PACKING pc=0x000001cda4b2ccc0 sp=0x000000484b9feb50
Event: 0.841 Thread 0x000001cd95554840 DEOPT UNPACKING pc=0x000001cd9d0a5ba3 sp=0x000000484b9feaf0 mode 2
Event: 0.894 Thread 0x000001cd95554840 DEOPT PACKING pc=0x000001cd9d6669e5 sp=0x000000484b9fd420
Event: 0.894 Thread 0x000001cd95554840 DEOPT UNPACKING pc=0x000001cd9d0a66e3 sp=0x000000484b9fc870 mode 0
Event: 0.910 Thread 0x000001cd95554840 Uncommon trap: trap_request=0xffffffde fr.pc=0x000001cda4b2ccc0 relative=0x00000000000004e0
Event: 0.910 Thread 0x000001cd95554840 Uncommon trap: reason=class_check action=maybe_recompile pc=0x000001cda4b2ccc0 method=java.util.HashMap.putVal(ILjava/lang/Object;Ljava/lang/Object;ZZ)Ljava/lang/Object; @ 253 c2
Event: 0.910 Thread 0x000001cd95554840 DEOPT PACKING pc=0x000001cda4b2ccc0 sp=0x000000484b9fea00
Event: 0.910 Thread 0x000001cd95554840 DEOPT UNPACKING pc=0x000001cd9d0a5ba3 sp=0x000000484b9fe9a0 mode 2
Event: 1.102 Thread 0x000001cd95554840 DEOPT PACKING pc=0x000001cd9d5ed0be sp=0x000000484b9fd210
Event: 1.102 Thread 0x000001cd95554840 DEOPT UNPACKING pc=0x000001cd9d0a66e3 sp=0x000000484b9fc688 mode 0

Classes unloaded (0 events):
No events

Classes redefined (0 events):
No events

Internal exceptions (11 events):
Event: 0.383 Thread 0x000001cdb39d6490 Exception <a 'java/lang/NoSuchMethodError'{0x0000000087ccf548}: 'java.lang.Object java.lang.invoke.DirectMethodHandle$Holder.invokeStaticInit(java.lang.Object)'> (0x0000000087ccf548) 
thrown [s\src\hotspot\share\interpreter\linkResolver.cpp, line 759]
Event: 0.404 Thread 0x000001cdb39d6490 Exception <a 'java/lang/NoSuchMethodError'{0x0000000087b90f30}: 'void java.lang.invoke.DirectMethodHandle$Holder.invokeStatic(java.lang.Object, java.lang.Object)'> (0x0000000087b90f30) 
thrown [s\src\hotspot\share\interpreter\linkResolver.cpp, line 759]
Event: 0.577 Thread 0x000001cd95554840 Exception <a 'java/lang/NoSuchMethodError'{0x0000000087b29bd8}: 'java.lang.Object java.lang.invoke.DirectMethodHandle$Holder.invokeStaticInit(java.lang.Object, int)'> (0x0000000087b29bd8) 
thrown [s\src\hotspot\share\interpreter\linkResolver.cpp, line 759]
Event: 0.609 Thread 0x000001cd95554840 Exception <a 'java/lang/NoSuchMethodError'{0x0000000087bb6bf0}: 'java.lang.Object java.lang.invoke.DirectMethodHandle$Holder.invokeInterface(java.lang.Object, java.lang.Object)'> (0x0000000087bb6bf0) 
thrown [s\src\hotspot\share\interpreter\linkResolver.cpp, line 759]
Event: 0.702 Thread 0x000001cd95554840 Exception <a 'java/lang/NoSuchMethodError'{0x0000000087e76340}: 'void java.lang.invoke.DirectMethodHandle$Holder.invokeStatic(java.lang.Object, java.lang.Object, java.lang.Object)'> (0x0000000087e76340) 
thrown [s\src\hotspot\share\interpreter\linkResolver.cpp, line 759]
Event: 0.735 Thread 0x000001cd95554840 Exception <a 'java/lang/NoSuchMethodError'{0x0000000087d05660}: 'java.lang.Object java.lang.invoke.DirectMethodHandle$Holder.invokeVirtual(java.lang.Object, java.lang.Object, java.lang.Object)'> (0x0000000087d05660) 
thrown [s\src\hotspot\share\interpreter\linkResolver.cpp, line 759]
Event: 0.782 Thread 0x000001cd95554840 Exception <a 'java/lang/NoSuchMethodError'{0x0000000087df9118}: 'java.lang.Object java.lang.invoke.DirectMethodHandle$Holder.newInvokeSpecial(java.lang.Object, java.lang.Object, java.lang.Object, java.lang.Object, java.lang.Object)'> (0x0000000087df9118) 
thrown [s\src\hotspot\share\interpreter\linkResolver.cpp, line 759]
Event: 1.053 Thread 0x000001cd95554840 Exception <a 'java/lang/NoSuchMethodError'{0x000000008792fa48}: 'int java.lang.invoke.DirectMethodHandle$Holder.invokeVirtual(java.lang.Object, java.lang.Object)'> (0x000000008792fa48) 
thrown [s\src\hotspot\share\interpreter\linkResolver.cpp, line 759]
Event: 1.092 Thread 0x000001cd95554840 Exception <a 'java/lang/NoSuchMethodError'{0x0000000087f07728}: 'int java.lang.invoke.DirectMethodHandle$Holder.invokeSpecial(java.lang.Object, java.lang.Object, java.lang.Object)'> (0x0000000087f07728) 
thrown [s\src\hotspot\share\interpreter\linkResolver.cpp, line 759]
Event: 1.109 Thread 0x000001cd95554840 Exception <a 'java/lang/NoSuchMethodError'{0x0000000087f92870}: 'void java.lang.invoke.DirectMethodHandle$Holder.invokeInterface(java.lang.Object, java.lang.Object)'> (0x0000000087f92870) 
thrown [s\src\hotspot\share\interpreter\linkResolver.cpp, line 759]
Event: 1.109 Thread 0x000001cd95554840 Exception <a 'java/lang/IncompatibleClassChangeError'{0x0000000087f95e00}: Found class java.lang.Object, but interface was expected> (0x0000000087f95e00) 
thrown [s\src\hotspot\share\interpreter\linkResolver.cpp, line 826]

VM Operations (18 events):
Event: 0.210 Executing VM operation: HandshakeAllThreads
Event: 0.210 Executing VM operation: HandshakeAllThreads done
Event: 0.357 Executing VM operation: HandshakeAllThreads
Event: 0.357 Executing VM operation: HandshakeAllThreads done
Event: 0.380 Executing VM operation: HandshakeAllThreads
Event: 0.380 Executing VM operation: HandshakeAllThreads done
Event: 0.448 Executing VM operation: G1CollectForAllocation
Event: 0.460 Executing VM operation: G1CollectForAllocation done
Event: 0.571 Executing VM operation: HandshakeAllThreads
Event: 0.571 Executing VM operation: HandshakeAllThreads done
Event: 0.622 Executing VM operation: G1CollectForAllocation
Event: 0.626 Executing VM operation: G1CollectForAllocation done
Event: 0.673 Executing VM operation: HandshakeAllThreads
Event: 0.673 Executing VM operation: HandshakeAllThreads done
Event: 0.742 Executing VM operation: HandshakeAllThreads
Event: 0.742 Executing VM operation: HandshakeAllThreads done
Event: 1.086 Executing VM operation: G1CollectForAllocation
Event: 1.090 Executing VM operation: G1CollectForAllocation done

Events (20 events):
Event: 1.116 loading class org/junit/platform/engine/DiscoverySelector
Event: 1.116 loading class org/junit/platform/engine/DiscoverySelector done
Event: 1.116 loading class org/junit/platform/engine/support/discovery/SelectorResolver$Resolution
Event: 1.116 loading class org/junit/platform/engine/support/discovery/SelectorResolver$Resolution done
Event: 1.117 loading class org/junit/platform/engine/support/discovery/SelectorResolver
Event: 1.117 loading class org/junit/platform/engine/support/discovery/SelectorResolver done
Event: 1.118 loading class org/junit/platform/engine/support/discovery/SelectorResolver$Resolution
Event: 1.118 loading class org/junit/platform/engine/support/discovery/SelectorResolver$Resolution done
Event: 1.118 loading class org/junit/platform/engine/discovery/ClasspathResourceSelector
Event: 1.118 loading class org/junit/platform/engine/discovery/ClasspathResourceSelector done
Event: 1.119 loading class org/junit/platform/engine/discovery/ClasspathRootSelector
Event: 1.119 loading class org/junit/platform/engine/discovery/ClasspathRootSelector done
Event: 1.119 loading class org/junit/platform/commons/util/ReflectionUtils
Event: 1.119 loading class org/junit/platform/commons/util/ReflectionUtils done
Event: 1.124 loading class java/util/regex/Pattern$Loop
Event: 1.124 loading class java/util/regex/Pattern$Loop done
Event: 1.124 loading class java/util/regex/Pattern$Prolog
Event: 1.124 loading class java/util/regex/Pattern$Prolog done
Event: 1.124 loading class org/junit/platform/commons/util/ClasspathScanner
Event: 1.124 loading class org/junit/platform/commons/util/ClasspathScanner done


Dynamic libraries:
0x00007ff6bf6c0000 - 0x00007ff6bf6cd000 	C:\Users\sfjbs\.jdks\corretto-17.0.5\bin\java.exe
0x00007ffa60910000 - 0x00007ffa60b08000 	C:\Windows\SYSTEM32\ntdll.dll
0x00007ffa5eea0000 - 0x00007ffa5ef5f000 	C:\Windows\System32\KERNEL32.DLL
0x00007ffa5e5a0000 - 0x00007ffa5e872000 	C:\Windows\System32\KERNELBASE.dll
0x00007ffa5e370000 - 0x00007ffa5e470000 	C:\Windows\System32\ucrtbase.dll
0x00007ffa444e0000 - 0x00007ffa444f7000 	C:\Users\sfjbs\.jdks\corretto-17.0.5\bin\jli.dll
0x00007ffa5f950000 - 0x00007ffa5faed000 	C:\Windows\System32\USER32.dll
0x00007ffa5e930000 - 0x00007ffa5e952000 	C:\Windows\System32\win32u.dll
0x00007ffa5eb30000 - 0x00007ffa5eb5b000 	C:\Windows\System32\GDI32.dll
0x00007ffa5e260000 - 0x00007ffa5e36f000 	C:\Windows\System32\gdi32full.dll
0x00007ffa5e470000 - 0x00007ffa5e50d000 	C:\Windows\System32\msvcp_win.dll
0x00007ffa444c0000 - 0x00007ffa444d5000 	C:\Users\sfjbs\.jdks\corretto-17.0.5\bin\VCRUNTIME140.dll
0x00007ffa40230000 - 0x00007ffa404ca000 	C:\Windows\WinSxS\amd64_microsoft.windows.common-controls_6595b64144ccf1df_6.0.19041.1110_none_60b5254171f9507e\COMCTL32.dll
0x00007ffa5eb60000 - 0x00007ffa5ebfe000 	C:\Windows\System32\msvcrt.dll
0x00007ffa60890000 - 0x00007ffa608c2000 	C:\Windows\System32\IMM32.DLL
0x00007ffa43b20000 - 0x00007ffa43bbb000 	C:\Users\sfjbs\.jdks\corretto-17.0.5\bin\msvcp140.dll
0x00007ffa19890000 - 0x00007ffa1a4a4000 	C:\Users\sfjbs\.jdks\corretto-17.0.5\bin\server\jvm.dll
0x00007ffa5ea10000 - 0x00007ffa5eabe000 	C:\Windows\System32\ADVAPI32.dll
0x00007ffa607f0000 - 0x00007ffa6088c000 	C:\Windows\System32\sechost.dll
0x00007ffa5f820000 - 0x00007ffa5f945000 	C:\Windows\System32\RPCRT4.dll
0x00007ffa59ac0000 - 0x00007ffa59ac9000 	C:\Windows\SYSTEM32\WSOCK32.dll
0x00007ffa5f170000 - 0x00007ffa5f1db000 	C:\Windows\System32\WS2_32.dll
0x00007ffa3df30000 - 0x00007ffa3df57000 	C:\Windows\SYSTEM32\WINMM.dll
0x00007ffa55ea0000 - 0x00007ffa55eaa000 	C:\Windows\SYSTEM32\VERSION.dll
0x00007ffa5beb0000 - 0x00007ffa5bec2000 	C:\Windows\SYSTEM32\kernel.appcore.dll
0x00007ffa59a90000 - 0x00007ffa59a9a000 	C:\Users\sfjbs\.jdks\corretto-17.0.5\bin\jimage.dll
0x00007ffa4f2d0000 - 0x00007ffa4f4b4000 	C:\Windows\SYSTEM32\DBGHELP.DLL
0x00007ffa4f2a0000 - 0x00007ffa4f2cc000 	C:\Windows\SYSTEM32\dbgcore.DLL
0x00007ffa5e510000 - 0x00007ffa5e592000 	C:\Windows\System32\bcryptPrimitives.dll
0x00007ffa44a60000 - 0x00007ffa44a6e000 	C:\Users\sfjbs\.jdks\corretto-17.0.5\bin\instrument.dll
0x00007ffa44210000 - 0x00007ffa44235000 	C:\Users\sfjbs\.jdks\corretto-17.0.5\bin\java.dll
0x00007ffa44060000 - 0x00007ffa44078000 	C:\Users\sfjbs\.jdks\corretto-17.0.5\bin\zip.dll
0x00007ffa42740000 - 0x00007ffa42816000 	C:\Users\sfjbs\.jdks\corretto-17.0.5\bin\jsvml.dll
0x00007ffa5fff0000 - 0x00007ffa60733000 	C:\Windows\System32\SHELL32.dll
0x00007ffa5c0b0000 - 0x00007ffa5c842000 	C:\Windows\SYSTEM32\windows.storage.dll
0x00007ffa5f390000 - 0x00007ffa5f6e4000 	C:\Windows\System32\combase.dll
0x00007ffa5d8b0000 - 0x00007ffa5d8e0000 	C:\Windows\SYSTEM32\Wldp.dll
0x00007ffa60740000 - 0x00007ffa607ed000 	C:\Windows\System32\SHCORE.dll
0x00007ffa5ed30000 - 0x00007ffa5ed85000 	C:\Windows\System32\shlwapi.dll
0x00007ffa5df50000 - 0x00007ffa5df6f000 	C:\Windows\SYSTEM32\profapi.dll
0x00007ffa442b0000 - 0x00007ffa442c9000 	C:\Users\sfjbs\.jdks\corretto-17.0.5\bin\net.dll
0x00007ffa55b20000 - 0x00007ffa55c2c000 	C:\Windows\SYSTEM32\WINHTTP.dll
0x00007ffa5d690000 - 0x00007ffa5d6fa000 	C:\Windows\system32\mswsock.dll
0x00007ffa44080000 - 0x00007ffa44095000 	C:\Users\sfjbs\.jdks\corretto-17.0.5\bin\nio.dll
0x00007ffa43f20000 - 0x00007ffa43f3a000 	C:\Program Files\JetBrains\IntelliJ IDEA Community Edition 2022.2.1\bin\breakgen64.dll

dbghelp: loaded successfully - version: 4.0.5 - missing functions: none
symbol engine: initialized successfully - sym options: 0x614 - pdb path: .;C:\Users\sfjbs\.jdks\corretto-17.0.5\bin;C:\Windows\SYSTEM32;C:\Windows\WinSxS\amd64_microsoft.windows.common-controls_6595b64144ccf1df_6.0.19041.1110_none_60b5254171f9507e;C:\Users\sfjbs\.jdks\corretto-17.0.5\bin\server;C:\Program Files\JetBrains\IntelliJ IDEA Community Edition 2022.2.1\bin

VM Arguments:
jvm_args: -ea -javaagent:C:\Users\sfjbs\AppData\Local\JetBrains\IdeaIC2022.2\testAgent\intellij-coverage-agent-1.0.673.jar=C:\Users\sfjbs\AppData\Local\Temp\coverage2args -Didea.new.sampling.coverage=true -Dcoverage.ignore.private.constructor.util.class=true -Didea.test.cyclic.buffer.size=1048576 -javaagent:C:\Program Files\JetBrains\IntelliJ IDEA Community Edition 2022.2.1\lib\idea_rt.jar=54011:C:\Program Files\JetBrains\IntelliJ IDEA Community Edition 2022.2.1\bin -Dfile.encoding=UTF-8 
java_command: com.intellij.rt.junit.JUnitStarter -ideVersion5 -junit5 com.example.pensionManagementSystem.PensionManagementSystemApplicationTests
java_class_path (initial): C:\Users\sfjbs\.m2\repository\org\junit\platform\junit-platform-launcher\1.8.2\junit-platform-launcher-1.8.2.jar;C:\Program Files\JetBrains\IntelliJ IDEA Community Edition 2022.2.1\lib\idea_rt.jar;C:\Program Files\JetBrains\IntelliJ IDEA Community Edition 2022.2.1\plugins\junit\lib\junit5-rt.jar;C:\Program Files\JetBrains\IntelliJ IDEA Community Edition 2022.2.1\plugins\junit\lib\junit-rt.jar;C:\Users\sfjbs\IdeaProjects\oct31training\Mrudal\MiniProject\pensionManagementSystem\target\test-classes;C:\Users\sfjbs\IdeaProjects\oct31training\Mrudal\MiniProject\pensionManagementSystem\target\classes;C:\Users\sfjbs\.m2\repository\org\springframework\boot\spring-boot-starter-web\2.7.5\spring-boot-starter-web-2.7.5.jar;C:\Users\sfjbs\.m2\repository\org\springframework\boot\spring-boot-starter\2.7.5\spring-boot-starter-2.7.5.jar;C:\Users\sfjbs\.m2\repository\org\springframework\boot\spring-boot\2.7.5\spring-boot-2.7.5.jar;C:\Users\sfjbs\.m2\repository\org\springframework\boot\spring-boot-autoconfigure\2.7.5\spring-boot-autoconfigure-2.7.5.jar;C:\Users\sfjbs\.m2\repository\org\springframework\boot\spring-boot-starter-logging\2.7.5\spring-boot-starter-logging-2.7.5.jar;C:\Users\sfjbs\.m2\repository\ch\qos\logback\logback-classic\1.2.11\logback-classic-1.2.11.jar;C:\Users\sfjbs\.m2\repository\ch\qos\logback\logback-core\1.2.11\logback-core-1.2.11.jar;C:\Users\sfjbs\.m2\repository\org\apache\logging\log4j\log4j-to-slf4j\2.17.2\log4j-to-slf4j-2.17.2.jar;C:\Users\sfjbs\.m2\repository\org\apache\logging\log4j\log4j-api\2.17.2\log4j-api-2.17.2.jar;C:\Users\sfjbs\.m2\repository\org\slf4j\jul-to-slf4j\1.7.36\jul-to-slf4j-1.7.36.jar;C:\Users\sfjbs\.m2\repository\jakarta\annotation\jakarta.annotation-api\1.3.5\jakarta.annotation-api-1.3.5.jar;C:\Users\sfjbs\.m2\repository\org\yaml\snakeyaml\1.30\snakeyaml-1.30.jar;C:\Users\sfjbs\.m2\repository\org\springframework\boot\spring-boot-starter-json\2.7.5\spring-boot-starter-json-2.7.5.jar;C:\Users\sfjbs\.m2\reposit
Launcher Type: SUN_STANDARD

[Global flags]
     intx CICompilerCount                          = 2                                         {product} {ergonomic}
     uint ConcGCThreads                            = 1                                         {product} {ergonomic}
     uint G1ConcRefinementThreads                  = 2                                         {product} {ergonomic}
   size_t G1HeapRegionSize                         = 1048576                                   {product} {ergonomic}
    uintx GCDrainStackTargetSize                   = 64                                        {product} {ergonomic}
   size_t InitialHeapSize                          = 134217728                                 {product} {ergonomic}
   size_t MarkStackSize                            = 4194304                                   {product} {ergonomic}
   size_t MaxHeapSize                              = 2147483648                                {product} {ergonomic}
   size_t MaxNewSize                               = 1287651328                                {product} {ergonomic}
   size_t MinHeapDeltaBytes                        = 1048576                                   {product} {ergonomic}
   size_t MinHeapSize                              = 8388608                                   {product} {ergonomic}
    uintx NonNMethodCodeHeapSize                   = 5826188                                {pd product} {ergonomic}
    uintx NonProfiledCodeHeapSize                  = 122916026                              {pd product} {ergonomic}
    uintx ProfiledCodeHeapSize                     = 122916026                              {pd product} {ergonomic}
    uintx ReservedCodeCacheSize                    = 251658240                              {pd product} {ergonomic}
     bool SegmentedCodeCache                       = true                                      {product} {ergonomic}
   size_t SoftMaxHeapSize                          = 2147483648                             {manageable} {ergonomic}
     bool UseCompressedClassPointers               = true                           {product lp64_product} {ergonomic}
     bool UseCompressedOops                        = true                           {product lp64_product} {ergonomic}
     bool UseG1GC                                  = true                                      {product} {ergonomic}
     bool UseLargePagesIndividualAllocation        = false                                  {pd product} {ergonomic}

Logging:
Log output configuration:
 #0: stdout all=warning uptime,level,tags
 #1: stderr all=off uptime,level,tags

Environment Variables:
PATH=C:\Program Files\Common Files\Oracle\Java\javapath;C:\Windows\system32;C:\Windows;C:\Windows\System32\Wbem;C:\Windows\System32\WindowsPowerShell\v1.0\;C:\Windows\System32\OpenSSH\;C:\Users\sfjbs\Downloads\micro service-20221021T071039Z-001\micro service\apache-maven-3.8.5-bin\apache-maven-3.8.5\bin;C:\Users\sfjbs\Downloads\micro service-20221021T071039Z-001\micro service\apache-maven-3.8.5-bin\apache-maven-3.8.5\lib;C:\Program Files\Git\cmd;C:\Program Files\Docker\Docker\resources\bin;C:\Users\sfjbs\AppData\Local\Microsoft\WindowsApps;C:\Users\sfjbs\Downloads\micro service-20221021T071039Z-001\micro service\apache-maven-3.8.5-bin\apache-maven-3.8.5\bin;C:\Users\sfjbs\Downloads\micro service-20221021T071039Z-001\micro service\apache-maven-3.8.5-bin\apache-maven-3.8.5\lib;;C:\Program Files\JetBrains\IntelliJ IDEA Community Edition 2022.2.1\bin;
USERNAME=sfjbs
OS=Windows_NT
PROCESSOR_IDENTIFIER=Intel64 Family 6 Model 106 Stepping 6, GenuineIntel
TMP=C:\Users\sfjbs\AppData\Local\Temp
TEMP=C:\Users\sfjbs\AppData\Local\Temp



---------------  S Y S T E M  ---------------

OS:
 Windows 10 , 64 bit Build 19041 (10.0.19041.2251)
OS uptime: 3 days 4:09 hours
Hyper-V role detected

CPU: total 2 (initial active 2) (1 cores per cpu, 2 threads per core) family 6 model 106 stepping 6 microcode 0xffffffff, cx8, cmov, fxsr, ht, mmx, 3dnowpref, sse, sse2, sse3, ssse3, sse4.1, sse4.2, popcnt, lzcnt, tsc, avx, avx2, aes, erms, clmul, bmi1, bmi2, rtm, adx, avx512f, avx512dq, avx512cd, avx512bw, avx512vl, fma, vzeroupper, clflush, clflushopt, hv

Memory: 4k page, system-wide physical 8190M (1018M free)
TotalPageFile size 10238M (AvailPageFile size 13M)
current process WorkingSet (physical memory assigned to process): 61M, peak: 61M
current process commit charge ("private bytes"): 210M, peak: 210M

vm_info: OpenJDK 64-Bit Server VM (17.0.5+8-LTS) for windows-amd64 JRE (17.0.5+8-LTS), built on Oct 13 2022 05:18:14 by "Administrator" with MS VC++ 15.9 (VS2017)

END.
