#
# There is insufficient memory for the Java Runtime Environment to continue.
# Native memory allocation (mmap) failed to map 27262976 bytes for Failed to commit area from 0x0000000088000000 to 0x0000000089a00000 of length 27262976.
# Possible reasons:
#   The system is out of physical RAM or swap space
#   The process is running with CompressedOops enabled, and the Java Heap may be blocking the growth of the native heap
# Possible solutions:
#   Reduce memory load on the system
#   Increase physical memory or swap space
#   Check if swap backing store is full
#   Decrease Java heap size (-Xmx/-Xms)
#   Decrease number of Java threads
#   Decrease Java thread stack sizes (-Xss)
#   Set larger code cache with -XX:ReservedCodeCacheSize=
#   JVM is running with Unscaled Compressed Oops mode in which the Java heap is
#     placed in the first 4GB address space. The Java Heap base address is the
#     maximum limit for the native heap growth. Please use -XX:HeapBaseMinAddress
#     to set the Java Heap base and to place the Java Heap above 4GB virtual address.
# This output file may be truncated or incomplete.
#
#  Out of Memory Error (./open/src/hotspot/os/windows/os_windows.cpp:3287), pid=11748, tid=5892
#
# JRE version: Java(TM) SE Runtime Environment 18.9 (11.0.16+11) (build 11.0.16+11-LTS-199)
# Java VM: Java HotSpot(TM) 64-Bit Server VM 18.9 (11.0.16+11-LTS-199, mixed mode, tiered, compressed oops, g1 gc, windows-amd64)
# No core dump will be written. Minidumps are not enabled by default on client versions of Windows
#

---------------  S U M M A R Y ------------

Command Line: -ea -Didea.test.cyclic.buffer.size=1048576 -javaagent:C:\Program Files\JetBrains\IntelliJ IDEA Community Edition 2022.2.1\lib\idea_rt.jar=57444:C:\Program Files\JetBrains\IntelliJ IDEA Community Edition 2022.2.1\bin -Dfile.encoding=UTF-8 com.intellij.rt.junit.JUnitStarter -ideVersion5 -junit5 com.example.Pension.Managment.System.PensionControllerTest

Host: Intel(R) Xeon(R) Platinum 8370C CPU @ 2.80GHz, 2 cores, 7G,  Windows 10 , 64 bit Build 19041 (10.0.19041.2251)
Time: Thu Nov 17 04:19:51 2022 Coordinated Universal Time elapsed time: 7.475341 seconds (0d 0h 0m 7s)

---------------  T H R E A D  ---------------

Current thread (0x0000020aff649800):  VMThread "VM Thread" [stack: 0x0000001b17200000,0x0000001b17300000] [id=5892]

Stack: [0x0000001b17200000,0x0000001b17300000]
[error occurred during error reporting (printing stack bounds), id 0xc0000005, EXCEPTION_ACCESS_VIOLATION (0xc0000005) at pc=0x0000020aef8a10e7]

Native frames: (J=compiled Java code, j=interpreted, Vv=VM code, C=native code)
V  [jvm.dll+0x62a3ea]
V  [jvm.dll+0x76418f]
V  [jvm.dll+0x765839]
V  [jvm.dll+0x765e25]
V  [jvm.dll+0x765ddb]
V  [jvm.dll+0x6298d3]
V  [jvm.dll+0x629fe8]
C  [ntdll.dll+0xa241f]
C  [ntdll.dll+0x514a4]
C  [ntdll.dll+0xa0f4e]
C  0x0000020aef8a10e7

VM_Operation (0x0000001b16bf3df0): G1CollectForAllocation, mode: safepoint, requested by thread 0x0000020ae81f8000


---------------  P R O C E S S  ---------------

Threads class SMR info:
_java_thread_list=0x0000020a877385c0, length=11, elements={
0x0000020ae81f8000, 0x0000020aff65d000, 0x0000020aff65e000, 0x0000020a86042800,
0x0000020a86043800, 0x0000020aff66c800, 0x0000020aff66d800, 0x0000020aff672000,
0x0000020a8607e000, 0x0000020a86165000, 0x0000020a862eb800
}

Java Threads: ( => current thread )
  0x0000020ae81f8000 JavaThread "main" [_thread_blocked, id=8920, stack(0x0000001b16b00000,0x0000001b16c00000)]
  0x0000020aff65d000 JavaThread "Reference Handler" daemon [_thread_blocked, id=4548, stack(0x0000001b17300000,0x0000001b17400000)]
  0x0000020aff65e000 JavaThread "Finalizer" daemon [_thread_blocked, id=8528, stack(0x0000001b17400000,0x0000001b17500000)]
  0x0000020a86042800 JavaThread "Signal Dispatcher" daemon [_thread_blocked, id=9876, stack(0x0000001b17500000,0x0000001b17600000)]
  0x0000020a86043800 JavaThread "Attach Listener" daemon [_thread_blocked, id=9952, stack(0x0000001b17600000,0x0000001b17700000)]
  0x0000020aff66c800 JavaThread "Service Thread" daemon [_thread_blocked, id=10392, stack(0x0000001b17700000,0x0000001b17800000)]
  0x0000020aff66d800 JavaThread "C2 CompilerThread0" daemon [_thread_blocked, id=5988, stack(0x0000001b17800000,0x0000001b17900000)]
  0x0000020aff672000 JavaThread "C1 CompilerThread0" daemon [_thread_blocked, id=4464, stack(0x0000001b17900000,0x0000001b17a00000)]
  0x0000020a8607e000 JavaThread "Sweeper thread" daemon [_thread_blocked, id=11656, stack(0x0000001b17a00000,0x0000001b17b00000)]
  0x0000020a86165000 JavaThread "Common-Cleaner" daemon [_thread_blocked, id=2252, stack(0x0000001b17b00000,0x0000001b17c00000)]
  0x0000020a862eb800 JavaThread "Monitor Ctrl-Break" daemon [_thread_in_native, id=10188, stack(0x0000001b17c00000,0x0000001b17d00000)]

Other Threads:
=>0x0000020aff649800 VMThread "VM Thread" [stack: 0x0000001b17200000,0x0000001b17300000] [id=5892]
  0x0000020a862ec000 WatcherThread [stack: 0x0000001b17d00000,0x0000001b17e00000] [id=6388]
  0x0000020ae820d000 GCTaskThread "GC Thread#0" [stack: 0x0000001b16d00000,0x0000001b16e00000] [id=2552]
  0x0000020a862ed000 GCTaskThread "GC Thread#1" [stack: 0x0000001b17e00000,0x0000001b17f00000] [id=11580]
  0x0000020ae823e000 ConcurrentGCThread "G1 Main Marker" [stack: 0x0000001b16e00000,0x0000001b16f00000] [id=2668]
  0x0000020ae8240800 ConcurrentGCThread "G1 Conc#0" [stack: 0x0000001b16f00000,0x0000001b17000000] [id=11976]
  0x0000020ae82c5800 ConcurrentGCThread "G1 Refine#0" [stack: 0x0000001b17000000,0x0000001b17100000] [id=10168]
  0x0000020ae82c7800 ConcurrentGCThread "G1 Young RemSet Sampling" [stack: 0x0000001b17100000,0x0000001b17200000] [id=7908]

Threads with active compile tasks:

VM state:at safepoint (normal execution)

VM Mutex/Monitor currently owned by a thread:  ([mutex/lock_event])
[0x0000020ae81f4110] Threads_lock - owner thread: 0x0000020aff649800
[0x0000020ae81f3ed0] Heap_lock - owner thread: 0x0000020ae81f8000

Heap address: 0x0000000080000000, size: 2048 MB, Compressed Oops mode: 32-bit
Narrow klass base: 0x0000000000000000, Narrow klass shift: 3
Compressed class space size: 1073741824 Address: 0x0000000100000000

Heap:
 garbage-first heap   total 157696K, used 14148K [0x0000000080000000, 0x0000000100000000)
  region size 1024K, 6 young (6144K), 6 survivors (6144K)
 Metaspace       used 33569K, capacity 34595K, committed 34864K, reserved 1079296K
  class space    used 4131K, capacity 4580K, committed 4656K, reserved 1048576K
Heap Regions: E=young(eden), S=young(survivor), O=old, HS=humongous(starts), HC=humongous(continues), CS=collection set, F=free, A=archive, TAMS=top-at-mark-start (previous, next)
|   0|0x0000000080000000, 0x0000000080100000, 0x0000000080100000|100%|HS|  |TAMS 0x0000000080100000, 0x0000000080000000| Complete 
|   1|0x0000000080100000, 0x0000000080200000, 0x0000000080200000|100%| O|  |TAMS 0x0000000080200000, 0x0000000080100000| Untracked 
|   2|0x0000000080200000, 0x0000000080300000, 0x0000000080300000|100%| O|  |TAMS 0x0000000080300000, 0x0000000080200000| Untracked 
|   3|0x0000000080300000, 0x0000000080400000, 0x0000000080400000|100%| O|  |TAMS 0x0000000080400000, 0x0000000080300000| Untracked 
|   4|0x0000000080400000, 0x0000000080500000, 0x0000000080500000|100%| O|  |TAMS 0x0000000080500000, 0x0000000080400000| Untracked 
|   5|0x0000000080500000, 0x0000000080600000, 0x0000000080600000|100%| O|  |TAMS 0x0000000080600000, 0x0000000080500000| Untracked 
|   6|0x0000000080600000, 0x0000000080700000, 0x0000000080700000|100%| O|  |TAMS 0x0000000080700000, 0x0000000080600000| Untracked 
|   7|0x0000000080700000, 0x00000000807d1000, 0x0000000080800000| 81%| O|  |TAMS 0x000000008070f600, 0x0000000080700000| Untracked 
|   8|0x0000000080800000, 0x0000000080800000, 0x0000000080900000|  0%| F|  |TAMS 0x0000000080800000, 0x0000000080800000| Untracked 
|   9|0x0000000080900000, 0x0000000080900000, 0x0000000080a00000|  0%| F|  |TAMS 0x0000000080900000, 0x0000000080900000| Untracked 
|  10|0x0000000080a00000, 0x0000000080a00000, 0x0000000080b00000|  0%| F|  |TAMS 0x0000000080a00000, 0x0000000080a00000| Untracked 
|  11|0x0000000080b00000, 0x0000000080b00000, 0x0000000080c00000|  0%| F|  |TAMS 0x0000000080b00000, 0x0000000080b00000| Untracked 
|  12|0x0000000080c00000, 0x0000000080c00000, 0x0000000080d00000|  0%| F|  |TAMS 0x0000000080c00000, 0x0000000080c00000| Untracked 
|  13|0x0000000080d00000, 0x0000000080d00000, 0x0000000080e00000|  0%| F|  |TAMS 0x0000000080d00000, 0x0000000080d00000| Untracked 
|  14|0x0000000080e00000, 0x0000000080e00000, 0x0000000080f00000|  0%| F|  |TAMS 0x0000000080e00000, 0x0000000080e00000| Untracked 
|  15|0x0000000080f00000, 0x0000000080f00000, 0x0000000081000000|  0%| F|  |TAMS 0x0000000080f00000, 0x0000000080f00000| Untracked 
|  16|0x0000000081000000, 0x0000000081000000, 0x0000000081100000|  0%| F|  |TAMS 0x0000000081000000, 0x0000000081000000| Untracked 
|  17|0x0000000081100000, 0x0000000081100000, 0x0000000081200000|  0%| F|  |TAMS 0x0000000081100000, 0x0000000081100000| Untracked 
|  18|0x0000000081200000, 0x0000000081200000, 0x0000000081300000|  0%| F|  |TAMS 0x0000000081200000, 0x0000000081200000| Untracked 
|  19|0x0000000081300000, 0x0000000081300000, 0x0000000081400000|  0%| F|  |TAMS 0x0000000081300000, 0x0000000081300000| Untracked 
|  20|0x0000000081400000, 0x0000000081400000, 0x0000000081500000|  0%| F|  |TAMS 0x0000000081400000, 0x0000000081400000| Untracked 
|  21|0x0000000081500000, 0x0000000081500000, 0x0000000081600000|  0%| F|  |TAMS 0x0000000081500000, 0x0000000081500000| Untracked 
|  22|0x0000000081600000, 0x0000000081600000, 0x0000000081700000|  0%| F|  |TAMS 0x0000000081600000, 0x0000000081600000| Untracked 
|  23|0x0000000081700000, 0x0000000081700000, 0x0000000081800000|  0%| F|  |TAMS 0x0000000081700000, 0x0000000081700000| Untracked 
|  24|0x0000000081800000, 0x0000000081800000, 0x0000000081900000|  0%| F|  |TAMS 0x0000000081800000, 0x0000000081800000| Untracked 
|  25|0x0000000081900000, 0x0000000081900000, 0x0000000081a00000|  0%| F|  |TAMS 0x0000000081900000, 0x0000000081900000| Untracked 
|  26|0x0000000081a00000, 0x0000000081a00000, 0x0000000081b00000|  0%| F|  |TAMS 0x0000000081a00000, 0x0000000081a00000| Untracked 
|  27|0x0000000081b00000, 0x0000000081b00000, 0x0000000081c00000|  0%| F|  |TAMS 0x0000000081b00000, 0x0000000081b00000| Untracked 
|  28|0x0000000081c00000, 0x0000000081c00000, 0x0000000081d00000|  0%| F|  |TAMS 0x0000000081c00000, 0x0000000081c00000| Untracked 
|  29|0x0000000081d00000, 0x0000000081d00000, 0x0000000081e00000|  0%| F|  |TAMS 0x0000000081d00000, 0x0000000081d00000| Untracked 
|  30|0x0000000081e00000, 0x0000000081e00000, 0x0000000081f00000|  0%| F|  |TAMS 0x0000000081e00000, 0x0000000081e00000| Untracked 
|  31|0x0000000081f00000, 0x0000000081f00000, 0x0000000082000000|  0%| F|  |TAMS 0x0000000081f00000, 0x0000000081f00000| Untracked 
|  32|0x0000000082000000, 0x0000000082000000, 0x0000000082100000|  0%| F|  |TAMS 0x0000000082000000, 0x0000000082000000| Untracked 
|  33|0x0000000082100000, 0x0000000082100000, 0x0000000082200000|  0%| F|  |TAMS 0x0000000082100000, 0x0000000082100000| Untracked 
|  34|0x0000000082200000, 0x0000000082200000, 0x0000000082300000|  0%| F|  |TAMS 0x0000000082200000, 0x0000000082200000| Untracked 
|  35|0x0000000082300000, 0x0000000082300000, 0x0000000082400000|  0%| F|  |TAMS 0x0000000082300000, 0x0000000082300000| Untracked 
|  36|0x0000000082400000, 0x0000000082400000, 0x0000000082500000|  0%| F|  |TAMS 0x0000000082400000, 0x0000000082400000| Untracked 
|  37|0x0000000082500000, 0x0000000082500000, 0x0000000082600000|  0%| F|  |TAMS 0x0000000082500000, 0x0000000082500000| Untracked 
|  38|0x0000000082600000, 0x0000000082600000, 0x0000000082700000|  0%| F|  |TAMS 0x0000000082600000, 0x0000000082600000| Untracked 
|  39|0x0000000082700000, 0x0000000082700000, 0x0000000082800000|  0%| F|  |TAMS 0x0000000082700000, 0x0000000082700000| Untracked 
|  40|0x0000000082800000, 0x0000000082800000, 0x0000000082900000|  0%| F|  |TAMS 0x0000000082800000, 0x0000000082800000| Untracked 
|  41|0x0000000082900000, 0x0000000082900000, 0x0000000082a00000|  0%| F|  |TAMS 0x0000000082900000, 0x0000000082900000| Untracked 
|  42|0x0000000082a00000, 0x0000000082a00000, 0x0000000082b00000|  0%| F|  |TAMS 0x0000000082a00000, 0x0000000082a00000| Untracked 
|  43|0x0000000082b00000, 0x0000000082b00000, 0x0000000082c00000|  0%| F|  |TAMS 0x0000000082b00000, 0x0000000082b00000| Untracked 
|  44|0x0000000082c00000, 0x0000000082c00000, 0x0000000082d00000|  0%| F|  |TAMS 0x0000000082c00000, 0x0000000082c00000| Untracked 
|  45|0x0000000082d00000, 0x0000000082d00000, 0x0000000082e00000|  0%| F|  |TAMS 0x0000000082d00000, 0x0000000082d00000| Untracked 
|  46|0x0000000082e00000, 0x0000000082e00000, 0x0000000082f00000|  0%| F|  |TAMS 0x0000000082e00000, 0x0000000082e00000| Untracked 
|  47|0x0000000082f00000, 0x0000000082f00000, 0x0000000083000000|  0%| F|  |TAMS 0x0000000082f00000, 0x0000000082f00000| Untracked 
|  48|0x0000000083000000, 0x0000000083000000, 0x0000000083100000|  0%| F|  |TAMS 0x0000000083000000, 0x0000000083000000| Untracked 
|  49|0x0000000083100000, 0x0000000083100000, 0x0000000083200000|  0%| F|  |TAMS 0x0000000083100000, 0x0000000083100000| Untracked 
|  50|0x0000000083200000, 0x0000000083200000, 0x0000000083300000|  0%| F|  |TAMS 0x0000000083200000, 0x0000000083200000| Untracked 
|  51|0x0000000083300000, 0x0000000083300000, 0x0000000083400000|  0%| F|  |TAMS 0x0000000083300000, 0x0000000083300000| Untracked 
|  52|0x0000000083400000, 0x0000000083400000, 0x0000000083500000|  0%| F|  |TAMS 0x0000000083400000, 0x0000000083400000| Untracked 
|  53|0x0000000083500000, 0x0000000083500000, 0x0000000083600000|  0%| F|  |TAMS 0x0000000083500000, 0x0000000083500000| Untracked 
|  54|0x0000000083600000, 0x0000000083600000, 0x0000000083700000|  0%| F|  |TAMS 0x0000000083600000, 0x0000000083600000| Untracked 
|  55|0x0000000083700000, 0x0000000083700000, 0x0000000083800000|  0%| F|  |TAMS 0x0000000083700000, 0x0000000083700000| Untracked 
|  56|0x0000000083800000, 0x0000000083800000, 0x0000000083900000|  0%| F|  |TAMS 0x0000000083800000, 0x0000000083800000| Untracked 
|  57|0x0000000083900000, 0x0000000083900000, 0x0000000083a00000|  0%| F|  |TAMS 0x0000000083900000, 0x0000000083900000| Untracked 
|  58|0x0000000083a00000, 0x0000000083a00000, 0x0000000083b00000|  0%| F|  |TAMS 0x0000000083a00000, 0x0000000083a00000| Untracked 
|  59|0x0000000083b00000, 0x0000000083c00000, 0x0000000083c00000|100%| S|CS|TAMS 0x0000000083b00000, 0x0000000083b00000| Complete 
|  60|0x0000000083c00000, 0x0000000083d00000, 0x0000000083d00000|100%| S|CS|TAMS 0x0000000083c00000, 0x0000000083c00000| Complete 
|  61|0x0000000083d00000, 0x0000000083e00000, 0x0000000083e00000|100%| S|CS|TAMS 0x0000000083d00000, 0x0000000083d00000| Complete 
|  62|0x0000000083e00000, 0x0000000083f00000, 0x0000000083f00000|100%| S|CS|TAMS 0x0000000083e00000, 0x0000000083e00000| Complete 
|  63|0x0000000083f00000, 0x0000000084000000, 0x0000000084000000|100%| S|CS|TAMS 0x0000000083f00000, 0x0000000083f00000| Complete 
|  64|0x0000000084000000, 0x0000000084100000, 0x0000000084100000|100%| S|CS|TAMS 0x0000000084000000, 0x0000000084000000| Complete 
|  65|0x0000000084100000, 0x0000000084100000, 0x0000000084200000|  0%| F|  |TAMS 0x0000000084100000, 0x0000000084100000| Untracked 
|  66|0x0000000084200000, 0x0000000084200000, 0x0000000084300000|  0%| F|  |TAMS 0x0000000084200000, 0x0000000084200000| Untracked 
|  67|0x0000000084300000, 0x0000000084300000, 0x0000000084400000|  0%| F|  |TAMS 0x0000000084300000, 0x0000000084300000| Untracked 
|  68|0x0000000084400000, 0x0000000084400000, 0x0000000084500000|  0%| F|  |TAMS 0x0000000084400000, 0x0000000084400000| Untracked 
|  69|0x0000000084500000, 0x0000000084500000, 0x0000000084600000|  0%| F|  |TAMS 0x0000000084500000, 0x0000000084500000| Untracked 
|  70|0x0000000084600000, 0x0000000084600000, 0x0000000084700000|  0%| F|  |TAMS 0x0000000084600000, 0x0000000084600000| Untracked 
|  71|0x0000000084700000, 0x0000000084700000, 0x0000000084800000|  0%| F|  |TAMS 0x0000000084700000, 0x0000000084700000| Untracked 
|  72|0x0000000084800000, 0x0000000084800000, 0x0000000084900000|  0%| F|  |TAMS 0x0000000084800000, 0x0000000084800000| Untracked 
|  73|0x0000000084900000, 0x0000000084900000, 0x0000000084a00000|  0%| F|  |TAMS 0x0000000084900000, 0x0000000084900000| Untracked 
|  74|0x0000000084a00000, 0x0000000084a00000, 0x0000000084b00000|  0%| F|  |TAMS 0x0000000084a00000, 0x0000000084a00000| Untracked 
|  75|0x0000000084b00000, 0x0000000084b00000, 0x0000000084c00000|  0%| F|  |TAMS 0x0000000084b00000, 0x0000000084b00000| Untracked 
|  76|0x0000000084c00000, 0x0000000084c00000, 0x0000000084d00000|  0%| F|  |TAMS 0x0000000084c00000, 0x0000000084c00000| Untracked 
|  77|0x0000000084d00000, 0x0000000084d00000, 0x0000000084e00000|  0%| F|  |TAMS 0x0000000084d00000, 0x0000000084d00000| Untracked 
|  78|0x0000000084e00000, 0x0000000084e00000, 0x0000000084f00000|  0%| F|  |TAMS 0x0000000084e00000, 0x0000000084e00000| Untracked 
|  79|0x0000000084f00000, 0x0000000084f00000, 0x0000000085000000|  0%| F|  |TAMS 0x0000000084f00000, 0x0000000084f00000| Untracked 
|  80|0x0000000085000000, 0x0000000085000000, 0x0000000085100000|  0%| F|  |TAMS 0x0000000085000000, 0x0000000085000000| Untracked 
|  81|0x0000000085100000, 0x0000000085100000, 0x0000000085200000|  0%| F|  |TAMS 0x0000000085100000, 0x0000000085100000| Untracked 
|  82|0x0000000085200000, 0x0000000085200000, 0x0000000085300000|  0%| F|  |TAMS 0x0000000085200000, 0x0000000085200000| Untracked 
|  83|0x0000000085300000, 0x0000000085300000, 0x0000000085400000|  0%| F|  |TAMS 0x0000000085300000, 0x0000000085300000| Untracked 
|  84|0x0000000085400000, 0x0000000085400000, 0x0000000085500000|  0%| F|  |TAMS 0x0000000085400000, 0x0000000085400000| Untracked 
|  85|0x0000000085500000, 0x0000000085500000, 0x0000000085600000|  0%| F|  |TAMS 0x0000000085500000, 0x0000000085500000| Untracked 
|  86|0x0000000085600000, 0x0000000085600000, 0x0000000085700000|  0%| F|  |TAMS 0x0000000085600000, 0x0000000085600000| Untracked 
|  87|0x0000000085700000, 0x0000000085700000, 0x0000000085800000|  0%| F|  |TAMS 0x0000000085700000, 0x0000000085700000| Untracked 
|  88|0x0000000085800000, 0x0000000085800000, 0x0000000085900000|  0%| F|  |TAMS 0x0000000085800000, 0x0000000085800000| Untracked 
|  89|0x0000000085900000, 0x0000000085900000, 0x0000000085a00000|  0%| F|  |TAMS 0x0000000085900000, 0x0000000085900000| Untracked 
|  90|0x0000000085a00000, 0x0000000085a00000, 0x0000000085b00000|  0%| F|  |TAMS 0x0000000085a00000, 0x0000000085a00000| Untracked 
|  91|0x0000000085b00000, 0x0000000085b00000, 0x0000000085c00000|  0%| F|  |TAMS 0x0000000085b00000, 0x0000000085b00000| Untracked 
|  92|0x0000000085c00000, 0x0000000085c00000, 0x0000000085d00000|  0%| F|  |TAMS 0x0000000085c00000, 0x0000000085c00000| Untracked 
|  93|0x0000000085d00000, 0x0000000085d00000, 0x0000000085e00000|  0%| F|  |TAMS 0x0000000085d00000, 0x0000000085d00000| Untracked 
|  94|0x0000000085e00000, 0x0000000085e00000, 0x0000000085f00000|  0%| F|  |TAMS 0x0000000085e00000, 0x0000000085e00000| Untracked 
|  95|0x0000000085f00000, 0x0000000085f00000, 0x0000000086000000|  0%| F|  |TAMS 0x0000000085f00000, 0x0000000085f00000| Untracked 
|  96|0x0000000086000000, 0x0000000086000000, 0x0000000086100000|  0%| F|  |TAMS 0x0000000086000000, 0x0000000086000000| Untracked 
|  97|0x0000000086100000, 0x0000000086100000, 0x0000000086200000|  0%| F|  |TAMS 0x0000000086100000, 0x0000000086100000| Untracked 
|  98|0x0000000086200000, 0x0000000086200000, 0x0000000086300000|  0%| F|  |TAMS 0x0000000086200000, 0x0000000086200000| Untracked 
|  99|0x0000000086300000, 0x0000000086300000, 0x0000000086400000|  0%| F|  |TAMS 0x0000000086300000, 0x0000000086300000| Untracked 
| 100|0x0000000086400000, 0x0000000086400000, 0x0000000086500000|  0%| F|  |TAMS 0x0000000086400000, 0x0000000086400000| Untracked 
| 101|0x0000000086500000, 0x0000000086500000, 0x0000000086600000|  0%| F|  |TAMS 0x0000000086500000, 0x0000000086500000| Untracked 
| 102|0x0000000086600000, 0x0000000086600000, 0x0000000086700000|  0%| F|  |TAMS 0x0000000086600000, 0x0000000086600000| Untracked 
| 103|0x0000000086700000, 0x0000000086700000, 0x0000000086800000|  0%| F|  |TAMS 0x0000000086700000, 0x0000000086700000| Untracked 
| 104|0x0000000086800000, 0x0000000086800000, 0x0000000086900000|  0%| F|  |TAMS 0x0000000086800000, 0x0000000086800000| Untracked 
| 105|0x0000000086900000, 0x0000000086900000, 0x0000000086a00000|  0%| F|  |TAMS 0x0000000086900000, 0x0000000086900000| Untracked 
| 106|0x0000000086a00000, 0x0000000086a00000, 0x0000000086b00000|  0%| F|  |TAMS 0x0000000086a00000, 0x0000000086a00000| Untracked 
| 107|0x0000000086b00000, 0x0000000086b00000, 0x0000000086c00000|  0%| F|  |TAMS 0x0000000086b00000, 0x0000000086b00000| Untracked 
| 108|0x0000000086c00000, 0x0000000086c00000, 0x0000000086d00000|  0%| F|  |TAMS 0x0000000086c00000, 0x0000000086c00000| Untracked 
| 109|0x0000000086d00000, 0x0000000086d00000, 0x0000000086e00000|  0%| F|  |TAMS 0x0000000086d00000, 0x0000000086d00000| Untracked 
| 110|0x0000000086e00000, 0x0000000086e00000, 0x0000000086f00000|  0%| F|  |TAMS 0x0000000086e00000, 0x0000000086e00000| Untracked 
| 111|0x0000000086f00000, 0x0000000086f00000, 0x0000000087000000|  0%| F|  |TAMS 0x0000000086f00000, 0x0000000086f00000| Untracked 
| 112|0x0000000087000000, 0x0000000087000000, 0x0000000087100000|  0%| F|  |TAMS 0x0000000087000000, 0x0000000087000000| Untracked 
| 113|0x0000000087100000, 0x0000000087100000, 0x0000000087200000|  0%| F|  |TAMS 0x0000000087100000, 0x0000000087100000| Untracked 
| 114|0x0000000087200000, 0x0000000087200000, 0x0000000087300000|  0%| F|  |TAMS 0x0000000087200000, 0x0000000087200000| Untracked 
| 115|0x0000000087300000, 0x0000000087300000, 0x0000000087400000|  0%| F|  |TAMS 0x0000000087300000, 0x0000000087300000| Untracked 
| 116|0x0000000087400000, 0x0000000087400000, 0x0000000087500000|  0%| F|  |TAMS 0x0000000087400000, 0x0000000087400000| Untracked 
| 117|0x0000000087500000, 0x0000000087500000, 0x0000000087600000|  0%| F|  |TAMS 0x0000000087500000, 0x0000000087500000| Untracked 
| 118|0x0000000087600000, 0x0000000087600000, 0x0000000087700000|  0%| F|  |TAMS 0x0000000087600000, 0x0000000087600000| Untracked 
| 119|0x0000000087700000, 0x0000000087700000, 0x0000000087800000|  0%| F|  |TAMS 0x0000000087700000, 0x0000000087700000| Untracked 
| 120|0x0000000087800000, 0x0000000087800000, 0x0000000087900000|  0%| F|  |TAMS 0x0000000087800000, 0x0000000087800000| Untracked 
| 121|0x0000000087900000, 0x0000000087900000, 0x0000000087a00000|  0%| F|  |TAMS 0x0000000087900000, 0x0000000087900000| Untracked 
| 122|0x0000000087a00000, 0x0000000087a00000, 0x0000000087b00000|  0%| F|  |TAMS 0x0000000087a00000, 0x0000000087a00000| Untracked 
| 123|0x0000000087b00000, 0x0000000087b00000, 0x0000000087c00000|  0%| F|  |TAMS 0x0000000087b00000, 0x0000000087b00000| Untracked 
| 124|0x0000000087c00000, 0x0000000087c00000, 0x0000000087d00000|  0%| F|  |TAMS 0x0000000087c00000, 0x0000000087c00000| Untracked 
| 125|0x0000000087d00000, 0x0000000087d00000, 0x0000000087e00000|  0%| F|  |TAMS 0x0000000087d00000, 0x0000000087d00000| Untracked 
| 126|0x0000000087e00000, 0x0000000087e00000, 0x0000000087f00000|  0%| F|  |TAMS 0x0000000087e00000, 0x0000000087e00000| Untracked 
| 127|0x0000000087f00000, 0x0000000087f00000, 0x0000000088000000|  0%| F|  |TAMS 0x0000000087f00000, 0x0000000087f00000| Untracked 

Card table byte_map: [0x0000020afeca0000,0x0000020aff0a0000] _byte_map_base: 0x0000020afe8a0000

Marking Bits (Prev, Next): (CMBitMap*) 0x0000020ae8235550, (CMBitMap*) 0x0000020ae8235518
 Prev Bits: [0x0000020a82000000, 0x0000020a84000000)
 Next Bits: [0x0000020a80000000, 0x0000020a82000000)

Polling page: 0x0000020ae6210000

Metaspace:

Usage:
  Non-class:     29.31 MB capacity,    28.75 MB ( 98%) used,   455.23 KB (  2%) free+waste,   122.25 KB ( <1%) overhead. 
      Class:      4.47 MB capacity,     4.03 MB ( 90%) used,   386.36 KB (  8%) free+waste,    62.13 KB (  1%) overhead. 
       Both:     33.78 MB capacity,    32.78 MB ( 97%) used,   841.59 KB (  2%) free+waste,   184.38 KB ( <1%) overhead. 

Virtual space:
  Non-class space:       30.00 MB reserved,      29.50 MB ( 98%) committed 
      Class space:        1.00 GB reserved,       4.55 MB ( <1%) committed 
             Both:        1.03 GB reserved,      34.05 MB (  3%) committed 

Chunk freelists:
   Non-Class:  128 bytes
       Class:  3.50 KB
        Both:  3.63 KB

CodeHeap 'non-profiled nmethods': size=120064Kb used=1340Kb max_used=1340Kb free=118723Kb
 bounds [0x0000020af7360000, 0x0000020af75d0000, 0x0000020afe8a0000]
CodeHeap 'profiled nmethods': size=120000Kb used=6681Kb max_used=6681Kb free=113318Kb
 bounds [0x0000020aefe30000, 0x0000020af04c0000, 0x0000020af7360000]
CodeHeap 'non-nmethods': size=5696Kb used=1156Kb max_used=1206Kb free=4539Kb
 bounds [0x0000020aef8a0000, 0x0000020aefb10000, 0x0000020aefe30000]
 total_blobs=3455 nmethods=2977 adapters=389
 compilation: enabled
              stopped_count=0, restarted_count=0
 full_count=0

Compilation events (10 events):
Event: 7.449 Thread 0x0000020aff672000 2973       3       net.bytebuddy.description.ByteCodeElement$Token$TokenList::size (10 bytes)
Event: 7.450 Thread 0x0000020aff672000 nmethod 2973 0x0000020af04b4f90 code [0x0000020af04b5140, 0x0000020af04b5308]
Event: 7.450 Thread 0x0000020aff66d800 2974       4       java.util.Objects::checkIndex (7 bytes)
Event: 7.450 Thread 0x0000020aff672000 2976       3       net.bytebuddy.description.ByteCodeElement$Token$TokenList::get (6 bytes)
Event: 7.450 Thread 0x0000020aff672000 nmethod 2976 0x0000020af04b5410 code [0x0000020af04b55c0, 0x0000020af04b58e8]
Event: 7.450 Thread 0x0000020aff672000 2977   !   3       java.util.AbstractList$Itr::next (45 bytes)
Event: 7.450 Thread 0x0000020aff66d800 nmethod 2974 0x0000020af74aeb90 code [0x0000020af74aed00, 0x0000020af74aed78]
Event: 7.450 Thread 0x0000020aff66d800 2975       4       jdk.internal.util.Preconditions::checkIndex (18 bytes)
Event: 7.451 Thread 0x0000020aff672000 nmethod 2977 0x0000020af04b5a10 code [0x0000020af04b5c20, 0x0000020af04b61d8]
Event: 7.451 Thread 0x0000020aff66d800 nmethod 2975 0x0000020af74aee10 code [0x0000020af74aef80, 0x0000020af74aeff8]

GC Heap History (10 events):
Event: 2.203 GC heap after
{Heap after GC invocations=3 (full 0):
 garbage-first heap   total 131072K, used 7598K [0x0000000080000000, 0x0000000100000000)
  region size 1024K, 2 young (2048K), 2 survivors (2048K)
 Metaspace       used 10435K, capacity 10649K, committed 10880K, reserved 1058816K
  class space    used 1015K, capacity 1103K, committed 1152K, reserved 1048576K
}
Event: 2.688 GC heap before
{Heap before GC invocations=3 (full 0):
 garbage-first heap   total 131072K, used 21934K [0x0000000080000000, 0x0000000100000000)
  region size 1024K, 16 young (16384K), 2 survivors (2048K)
 Metaspace       used 12572K, capacity 13016K, committed 13056K, reserved 1060864K
  class space    used 1332K, capacity 1525K, committed 1536K, reserved 1048576K
}
Event: 2.692 GC heap after
{Heap after GC invocations=4 (full 0):
 garbage-first heap   total 131072K, used 8155K [0x0000000080000000, 0x0000000100000000)
  region size 1024K, 1 young (1024K), 1 survivors (1024K)
 Metaspace       used 12572K, capacity 13016K, committed 13056K, reserved 1060864K
  class space    used 1332K, capacity 1525K, committed 1536K, reserved 1048576K
}
Event: 4.161 GC heap before
{Heap before GC invocations=4 (full 0):
 garbage-first heap   total 131072K, used 46043K [0x0000000080000000, 0x0000000100000000)
  region size 1024K, 38 young (38912K), 1 survivors (1024K)
 Metaspace       used 18906K, capacity 19524K, committed 19840K, reserved 1067008K
  class space    used 2106K, capacity 2359K, committed 2432K, reserved 1048576K
}
Event: 4.169 GC heap after
{Heap after GC invocations=5 (full 0):
 garbage-first heap   total 131072K, used 10217K [0x0000000080000000, 0x0000000100000000)
  region size 1024K, 3 young (3072K), 3 survivors (3072K)
 Metaspace       used 18906K, capacity 19524K, committed 19840K, reserved 1067008K
  class space    used 2106K, capacity 2359K, committed 2432K, reserved 1048576K
}
Event: 4.421 GC heap before
{Heap before GC invocations=5 (full 0):
 garbage-first heap   total 131072K, used 15337K [0x0000000080000000, 0x0000000100000000)
  region size 1024K, 9 young (9216K), 3 survivors (3072K)
 Metaspace       used 20392K, capacity 21038K, committed 21296K, reserved 1069056K
  class space    used 2299K, capacity 2570K, committed 2608K, reserved 1048576K
}
Event: 4.429 GC heap after
{Heap after GC invocations=6 (full 0):
 garbage-first heap   total 131072K, used 10536K [0x0000000080000000, 0x0000000100000000)
  region size 1024K, 4 young (4096K), 4 survivors (4096K)
 Metaspace       used 20392K, capacity 21038K, committed 21296K, reserved 1069056K
  class space    used 2299K, capacity 2570K, committed 2608K, reserved 1048576K
}
Event: 5.608 GC heap before
{Heap before GC invocations=7 (full 0):
 garbage-first heap   total 131072K, used 50472K [0x0000000080000000, 0x0000000100000000)
  region size 1024K, 43 young (44032K), 4 survivors (4096K)
 Metaspace       used 27066K, capacity 27913K, committed 28208K, reserved 1073152K
  class space    used 3158K, capacity 3531K, committed 3632K, reserved 1048576K
}
Event: 5.622 GC heap after
{Heap after GC invocations=8 (full 0):
 garbage-first heap   total 131072K, used 12215K [0x0000000080000000, 0x0000000100000000)
  region size 1024K, 5 young (5120K), 5 survivors (5120K)
 Metaspace       used 27066K, capacity 27913K, committed 28208K, reserved 1073152K
  class space    used 3158K, capacity 3531K, committed 3632K, reserved 1048576K
}
Event: 7.454 GC heap before
{Heap before GC invocations=8 (full 0):
 garbage-first heap   total 131072K, used 71607K [0x0000000080000000, 0x0000000100000000)
  region size 1024K, 63 young (64512K), 5 survivors (5120K)
 Metaspace       used 33569K, capacity 34595K, committed 34864K, reserved 1079296K
  class space    used 4131K, capacity 4580K, committed 4656K, reserved 1048576K
}

Deoptimization events (10 events):
Event: 4.990 Thread 0x0000020ae81f8000 Uncommon trap: reason=unstable_if action=reinterpret pc=0x0000020af739ab90 method=java.util.HashMap.hash(Ljava/lang/Object;)I @ 1 c2
Event: 5.183 Thread 0x0000020ae81f8000 Uncommon trap: reason=bimorphic_or_optimized_type_check action=maybe_recompile pc=0x0000020af73d9a94 method=java.util.HashMap.getNode(ILjava/lang/Object;)Ljava/util/HashMap$Node; @ 126 c2
Event: 5.183 Thread 0x0000020ae81f8000 Uncommon trap: reason=bimorphic_or_optimized_type_check action=maybe_recompile pc=0x0000020af73d9a94 method=java.util.HashMap.getNode(ILjava/lang/Object;)Ljava/util/HashMap$Node; @ 126 c2
Event: 5.184 Thread 0x0000020ae81f8000 Uncommon trap: reason=bimorphic_or_optimized_type_check action=maybe_recompile pc=0x0000020af73d9a94 method=java.util.HashMap.getNode(ILjava/lang/Object;)Ljava/util/HashMap$Node; @ 126 c2
Event: 5.220 Thread 0x0000020ae81f8000 Uncommon trap: reason=unstable_if action=reinterpret pc=0x0000020af73c6cdc method=java.util.concurrent.ConcurrentHashMap.get(Ljava/lang/Object;)Ljava/lang/Object; @ 76 c2
Event: 5.891 Thread 0x0000020a879cb000 Uncommon trap: reason=unstable_if action=reinterpret pc=0x0000020af73bb318 method=jdk.internal.org.objectweb.asm.Type.getArgumentsAndReturnSizes(Ljava/lang/String;)I @ 47 c2
Event: 6.304 Thread 0x0000020ae81f8000 Uncommon trap: reason=unstable_if action=reinterpret pc=0x0000020af743681c method=java.util.Arrays.equals([Ljava/lang/Object;[Ljava/lang/Object;)Z @ 44 c2
Event: 6.446 Thread 0x0000020ae81f8000 Uncommon trap: reason=intrinsic_or_type_checked_inlining action=make_not_entrant pc=0x0000020af74864d8 method=java.util.Arrays.copyOf([Ljava/lang/Object;ILjava/lang/Class;)[Ljava/lang/Object; @ 35 c2
Event: 6.611 Thread 0x0000020ae81f8000 Uncommon trap: reason=unstable_if action=reinterpret pc=0x0000020af74899a8 method=org.springframework.beans.factory.support.AbstractBeanFactory.getMergedLocalBeanDefinition(Ljava/lang/String;)Lorg/springframework/beans/factory/support/RootBeanDefinition; 
Event: 6.959 Thread 0x0000020ae81f8000 Uncommon trap: reason=unstable_if action=reinterpret pc=0x0000020af7452724 method=org.springframework.util.ConcurrentReferenceHashMap$Segment.findInChain(Lorg/springframework/util/ConcurrentReferenceHashMap$Reference;Ljava/lang/Object;I)Lorg/springframewo

Classes redefined (0 events):
No events

Internal exceptions (10 events):
Event: 5.233 Thread 0x0000020ae81f8000 Exception <a 'java/lang/ClassNotFoundException'{0x00000000866b0530}: org/springframework/context/EnvironmentAwareCustomizer> (0x00000000866b0530) thrown at [./open/src/hotspot/share/classfile/systemDictionary.cpp, line 226]
Event: 5.234 Thread 0x0000020ae81f8000 Exception <a 'java/lang/ClassNotFoundException'{0x00000000866c4b08}: org/springframework/beans/factory/AwareCustomizer> (0x00000000866c4b08) thrown at [./open/src/hotspot/share/classfile/systemDictionary.cpp, line 226]
Event: 5.625 Thread 0x0000020ae81f8000 Exception <a 'java/lang/IncompatibleClassChangeError'{0x0000000087f10190}: Found class java.lang.Object, but interface was expected> (0x0000000087f10190) thrown at [./open/src/hotspot/share/interpreter/linkResolver.cpp, line 838]
Event: 5.891 Thread 0x0000020a879cb000 Exception <a 'java/lang/NoSuchMethodError'{0x00000000876adac0}: java.lang.invoke.DirectMethodHandle$Holder.invokeSpecial(Ljava/lang/Object;Ljava/lang/Object;)J> (0x00000000876adac0) thrown at [./open/src/hotspot/share/interpreter/linkResolver.cpp, line 77
Event: 5.894 Thread 0x0000020a879cb000 Exception <a 'java/lang/NoSuchMethodError'{0x00000000876b7e70}: java.lang.invoke.DirectMethodHandle$Holder.invokeStatic(Ljava/lang/Object;Ljava/lang/Object;)J> (0x00000000876b7e70) thrown at [./open/src/hotspot/share/interpreter/linkResolver.cpp, line 772
Event: 5.894 Thread 0x0000020a879cb000 Exception <a 'java/lang/NoSuchMethodError'{0x00000000876bac98}: java.lang.invoke.DirectMethodHandle$Holder.invokeStaticInit(Ljava/lang/Object;Ljava/lang/Object;)J> (0x00000000876bac98) thrown at [./open/src/hotspot/share/interpreter/linkResolver.cpp, line
Event: 5.895 Thread 0x0000020a879cb000 Exception <a 'java/lang/NoSuchMethodError'{0x00000000876c7158}: java.lang.invoke.DirectMethodHandle$Holder.invokeInterface(Ljava/lang/Object;Ljava/lang/Object;)J> (0x00000000876c7158) thrown at [./open/src/hotspot/share/interpreter/linkResolver.cpp, line 
Event: 5.896 Thread 0x0000020a879cb000 Exception <a 'java/lang/IncompatibleClassChangeError'{0x00000000876c9ef0}: Found class java.lang.Object, but interface was expected> (0x00000000876c9ef0) thrown at [./open/src/hotspot/share/interpreter/linkResolver.cpp, line 838]
Event: 5.958 Thread 0x0000020a879cb000 Exception <a 'java/lang/NoSuchMethodError'{0x00000000874f46b8}: java.lang.invoke.DirectMethodHandle$Holder.invokeVirtual(Ljava/lang/Object;Ljava/lang/Object;Ljava/lang/Object;Ljava/lang/Object;)Ljava/lang/Object;> (0x00000000874f46b8) thrown at [./open/sr
Event: 7.108 Thread 0x0000020ae81f8000 Exception <a 'java/lang/NoSuchMethodError'{0x0000000084df56c0}: java.lang.invoke.DirectMethodHandle$Holder.invokeStaticInit(Ljava/lang/Object;Ljava/lang/Object;Ljava/lang/Object;Ljava/lang/Object;)I> (0x0000000084df56c0) thrown at [./open/src/hotspot/shar

Events (10 events):
Event: 7.451 loading class net/bytebuddy/description/type/TypeDescription$Generic$LazyProjection$WithEagerNavigation$OfAnnotatedElement done
Event: 7.452 loading class net/bytebuddy/description/type/TypeDescription$Generic$LazyProjection$WithEagerNavigation
Event: 7.452 loading class net/bytebuddy/description/type/TypeDescription$Generic$LazyProjection$WithEagerNavigation done
Event: 7.452 loading class net/bytebuddy/description/type/TypeDescription$Generic$LazyProjection
Event: 7.452 loading class net/bytebuddy/description/type/TypeDescription$Generic$LazyProjection done
Event: 7.453 loading class net/bytebuddy/description/method/ParameterList$ForLoadedExecutable
Event: 7.453 loading class net/bytebuddy/description/method/ParameterList$ForLoadedExecutable done
Event: 7.454 loading class net/bytebuddy/description/method/ParameterList$ForLoadedExecutable$OfConstructor
Event: 7.454 loading class net/bytebuddy/description/method/ParameterList$ForLoadedExecutable$OfConstructor done
Event: 7.454 Executing VM operation: G1CollectForAllocation


Dynamic libraries:
0x00007ff78ba90000 - 0x00007ff78ba9f000 	C:\Program Files\Java\jdk-11.0.16\bin\java.exe
0x00007fffdc7f0000 - 0x00007fffdc9e8000 	C:\Windows\SYSTEM32\ntdll.dll
0x00007fffdc6f0000 - 0x00007fffdc7af000 	C:\Windows\System32\KERNEL32.DLL
0x00007fffda300000 - 0x00007fffda5d2000 	C:\Windows\System32\KERNELBASE.dll
0x00007fffd9ef0000 - 0x00007fffd9ff0000 	C:\Windows\System32\ucrtbase.dll
0x00007fffc7a20000 - 0x00007fffc7a38000 	C:\Program Files\Java\jdk-11.0.16\bin\jli.dll
0x00007fffdc640000 - 0x00007fffdc6ee000 	C:\Windows\System32\ADVAPI32.dll
0x00007fffdb4b0000 - 0x00007fffdb54e000 	C:\Windows\System32\msvcrt.dll
0x00007fffdb1a0000 - 0x00007fffdb23c000 	C:\Windows\System32\sechost.dll
0x00007fffdb310000 - 0x00007fffdb435000 	C:\Windows\System32\RPCRT4.dll
0x00007fffdb000000 - 0x00007fffdb19d000 	C:\Windows\System32\USER32.dll
0x00007fffd9ff0000 - 0x00007fffda012000 	C:\Windows\System32\win32u.dll
0x00007fffdc2e0000 - 0x00007fffdc30b000 	C:\Windows\System32\GDI32.dll
0x00007fffda650000 - 0x00007fffda75f000 	C:\Windows\System32\gdi32full.dll
0x00007fffda180000 - 0x00007fffda21d000 	C:\Windows\System32\msvcp_win.dll
0x00007fffbf500000 - 0x00007fffbf515000 	C:\Program Files\Java\jdk-11.0.16\bin\VCRUNTIME140.dll
0x00007fffbbfb0000 - 0x00007fffbc24a000 	C:\Windows\WinSxS\amd64_microsoft.windows.common-controls_6595b64144ccf1df_6.0.19041.1110_none_60b5254171f9507e\COMCTL32.dll
0x00007fffd21e0000 - 0x00007fffd21ea000 	C:\Windows\SYSTEM32\VERSION.dll
0x00007fffdaee0000 - 0x00007fffdaf12000 	C:\Windows\System32\IMM32.DLL
0x00007fffb1e60000 - 0x00007fffb1efb000 	C:\Program Files\Java\jdk-11.0.16\bin\msvcp140.dll
0x00007fffa7b70000 - 0x00007fffa8688000 	C:\Program Files\Java\jdk-11.0.16\bin\server\jvm.dll
0x00007fffdc390000 - 0x00007fffdc398000 	C:\Windows\System32\PSAPI.DLL
0x00007fffc5450000 - 0x00007fffc5459000 	C:\Windows\SYSTEM32\WSOCK32.dll
0x00007fffdb440000 - 0x00007fffdb4ab000 	C:\Windows\System32\WS2_32.dll
0x00007fffba490000 - 0x00007fffba4b7000 	C:\Windows\SYSTEM32\WINMM.dll
0x00007fffd7d90000 - 0x00007fffd7da2000 	C:\Windows\SYSTEM32\kernel.appcore.dll
0x00007fffc7940000 - 0x00007fffc7950000 	C:\Program Files\Java\jdk-11.0.16\bin\verify.dll
0x00007fffc7f70000 - 0x00007fffc8154000 	C:\Windows\SYSTEM32\DBGHELP.DLL
0x00007fffca560000 - 0x00007fffca58c000 	C:\Windows\SYSTEM32\dbgcore.DLL
0x00007fffda7b0000 - 0x00007fffda832000 	C:\Windows\System32\bcryptPrimitives.dll
0x00007fffbf4d0000 - 0x00007fffbf4f8000 	C:\Program Files\Java\jdk-11.0.16\bin\java.dll
0x00007fffc7890000 - 0x00007fffc789a000 	C:\Program Files\Java\jdk-11.0.16\bin\jimage.dll
0x00007fffbeba0000 - 0x00007fffbebae000 	C:\Program Files\Java\jdk-11.0.16\bin\instrument.dll
0x00007fffbf4b0000 - 0x00007fffbf4c6000 	C:\Program Files\Java\jdk-11.0.16\bin\zip.dll
0x00007fffdb9d0000 - 0x00007fffdc113000 	C:\Windows\System32\SHELL32.dll
0x00007fffd7f90000 - 0x00007fffd8722000 	C:\Windows\SYSTEM32\windows.storage.dll
0x00007fffdb560000 - 0x00007fffdb8b4000 	C:\Windows\System32\combase.dll
0x00007fffd9790000 - 0x00007fffd97c0000 	C:\Windows\SYSTEM32\Wldp.dll
0x00007fffdb8c0000 - 0x00007fffdb96d000 	C:\Windows\System32\SHCORE.dll
0x00007fffda840000 - 0x00007fffda895000 	C:\Windows\System32\shlwapi.dll
0x00007fffd9e30000 - 0x00007fffd9e4f000 	C:\Windows\SYSTEM32\profapi.dll
0x00007fffbec60000 - 0x00007fffbec79000 	C:\Program Files\Java\jdk-11.0.16\bin\net.dll
0x00007fffd1da0000 - 0x00007fffd1eac000 	C:\Windows\SYSTEM32\WINHTTP.dll
0x00007fffd9570000 - 0x00007fffd95da000 	C:\Windows\system32\mswsock.dll
0x00007fffbeb40000 - 0x00007fffbeb52000 	C:\Program Files\Java\jdk-11.0.16\bin\nio.dll
0x00007fffbe800000 - 0x00007fffbe81a000 	C:\Program Files\JetBrains\IntelliJ IDEA Community Edition 2022.2.1\bin\breakgen64.dll
0x00007fffd5830000 - 0x00007fffd5839000 	C:\Program Files\Java\jdk-11.0.16\bin\management.dll
0x00007fffbebe0000 - 0x00007fffbebeb000 	C:\Program Files\Java\jdk-11.0.16\bin\management_ext.dll
0x00007fffd0900000 - 0x00007fffd0917000 	C:\Windows\system32\napinsp.dll
0x00007fffc2140000 - 0x00007fffc215b000 	C:\Windows\system32\pnrpnsp.dll
0x00007fffc2120000 - 0x00007fffc2135000 	C:\Windows\system32\wshbth.dll
0x00007fffd5700000 - 0x00007fffd571d000 	C:\Windows\system32\NLAapi.dll
0x00007fffd9280000 - 0x00007fffd92bb000 	C:\Windows\SYSTEM32\IPHLPAPI.DLL
0x00007fffd92c0000 - 0x00007fffd938a000 	C:\Windows\SYSTEM32\DNSAPI.dll
0x00007fffdc3a0000 - 0x00007fffdc3a8000 	C:\Windows\System32\NSI.dll
0x00007fffc2100000 - 0x00007fffc2112000 	C:\Windows\System32\winrnr.dll
0x00007fffd1150000 - 0x00007fffd115a000 	C:\Windows\System32\rasadhlp.dll
0x00007fffd13e0000 - 0x00007fffd1460000 	C:\Windows\System32\fwpuclnt.dll
0x00007fffda2d0000 - 0x00007fffda2f7000 	C:\Windows\System32\bcrypt.dll

dbghelp: loaded successfully - version: 4.0.5 - missing functions: none
symbol engine: initialized successfully - sym options: 0x614 - pdb path: .;C:\Program Files\Java\jdk-11.0.16\bin;C:\Windows\SYSTEM32;C:\Windows\WinSxS\amd64_microsoft.windows.common-controls_6595b64144ccf1df_6.0.19041.1110_none_60b5254171f9507e;C:\Program Files\Java\jdk-11.0.16\bin\server;C:\Program Files\JetBrains\IntelliJ IDEA Community Edition 2022.2.1\bin

VM Arguments:
jvm_args: -ea -Didea.test.cyclic.buffer.size=1048576 -javaagent:C:\Program Files\JetBrains\IntelliJ IDEA Community Edition 2022.2.1\lib\idea_rt.jar=57444:C:\Program Files\JetBrains\IntelliJ IDEA Community Edition 2022.2.1\bin -Dfile.encoding=UTF-8 
java_command: com.intellij.rt.junit.JUnitStarter -ideVersion5 -junit5 com.example.Pension.Managment.System.PensionControllerTest
java_class_path (initial): C:\Users\sfjbs\.m2\repository\org\junit\platform\junit-platform-launcher\1.8.2\junit-platform-launcher-1.8.2.jar;C:\Users\sfjbs\.m2\repository\org\junit\vintage\junit-vintage-engine\5.8.2\junit-vintage-engine-5.8.2.jar;C:\Program Files\JetBrains\IntelliJ IDEA Community Edition 2022.2.1\lib\idea_rt.jar;C:\Program Files\JetBrains\IntelliJ IDEA Community Edition 2022.2.1\plugins\junit\lib\junit5-rt.jar;C:\Program Files\JetBrains\IntelliJ IDEA Community Edition 2022.2.1\plugins\junit\lib\junit-rt.jar;C:\Mini Project\Pension-Managment-System\target\test-classes;C:\Mini Project\Pension-Managment-System\target\classes;C:\Users\sfjbs\.m2\repository\org\springframework\boot\spring-boot-starter-web\2.7.5\spring-boot-starter-web-2.7.5.jar;C:\Users\sfjbs\.m2\repository\org\springframework\boot\spring-boot-starter\2.7.5\spring-boot-starter-2.7.5.jar;C:\Users\sfjbs\.m2\repository\org\springframework\boot\spring-boot\2.7.5\spring-boot-2.7.5.jar;C:\Users\sfjbs\.m2\repository\org\springframework\boot\spring-boot-autoconfigure\2.7.5\spring-boot-autoconfigure-2.7.5.jar;C:\Users\sfjbs\.m2\repository\org\springframework\boot\spring-boot-starter-logging\2.7.5\spring-boot-starter-logging-2.7.5.jar;C:\Users\sfjbs\.m2\repository\ch\qos\logback\logback-classic\1.2.11\logback-classic-1.2.11.jar;C:\Users\sfjbs\.m2\repository\ch\qos\logback\logback-core\1.2.11\logback-core-1.2.11.jar;C:\Users\sfjbs\.m2\repository\org\apache\logging\log4j\log4j-to-slf4j\2.17.2\log4j-to-slf4j-2.17.2.jar;C:\Users\sfjbs\.m2\repository\org\apache\logging\log4j\log4j-api\2.17.2\log4j-api-2.17.2.jar;C:\Users\sfjbs\.m2\repository\org\slf4j\jul-to-slf4j\1.7.36\jul-to-slf4j-1.7.36.jar;C:\Users\sfjbs\.m2\repository\jakarta\annotation\jakarta.annotation-api\1.3.5\jakarta.annotation-api-1.3.5.jar;C:\Users\sfjbs\.m2\repository\org\yaml\snakeyaml\1.30\snakeyaml-1.30.jar;C:\Users\sfjbs\.m2\repository\org\springframework\boot\spring-boot-starter-json\2.7.5\spring-boot-starter-json-2.7.5.jar;C:\Users
Launcher Type: SUN_STANDARD

[Global flags]
     intx CICompilerCount                          = 2                                         {product} {ergonomic}
     uint ConcGCThreads                            = 1                                         {product} {ergonomic}
     uint G1ConcRefinementThreads                  = 2                                         {product} {ergonomic}
   size_t G1HeapRegionSize                         = 1048576                                   {product} {ergonomic}
    uintx GCDrainStackTargetSize                   = 64                                        {product} {ergonomic}
   size_t InitialHeapSize                          = 134217728                                 {product} {ergonomic}
   size_t MarkStackSize                            = 4194304                                   {product} {ergonomic}
   size_t MaxHeapSize                              = 2147483648                                {product} {ergonomic}
   size_t MaxNewSize                               = 1287651328                                {product} {ergonomic}
   size_t MinHeapDeltaBytes                        = 1048576                                   {product} {ergonomic}
    uintx NonNMethodCodeHeapSize                   = 5825164                                {pd product} {ergonomic}
    uintx NonProfiledCodeHeapSize                  = 122916538                              {pd product} {ergonomic}
    uintx ProfiledCodeHeapSize                     = 122916538                              {pd product} {ergonomic}
    uintx ReservedCodeCacheSize                    = 251658240                              {pd product} {ergonomic}
     bool SegmentedCodeCache                       = true                                      {product} {ergonomic}
     bool UseCompressedClassPointers               = true                                 {lp64_product} {ergonomic}
     bool UseCompressedOops                        = true                                 {lp64_product} {ergonomic}
     bool UseG1GC                                  = true                                      {product} {ergonomic}
     bool UseLargePagesIndividualAllocation        = false                                  {pd product} {ergonomic}

Logging:
Log output configuration:
 #0: stdout all=warning uptime,level,tags
 #1: stderr all=off uptime,level,tags

Environment Variables:
PATH=C:\Program Files\Common Files\Oracle\Java\javapath;C:\Windows\system32;C:\Windows;C:\Windows\System32\Wbem;C:\Windows\System32\WindowsPowerShell\v1.0\;C:\Windows\System32\OpenSSH\;C:\Users\sfjbs\Downloads\micro service-20221021T071039Z-001\micro service\apache-maven-3.8.5-bin\apache-maven-3.8.5\bin;C:\Users\sfjbs\Downloads\micro service-20221021T071039Z-001\micro service\apache-maven-3.8.5-bin\apache-maven-3.8.5\lib;C:\Program Files\Git\cmd;C:\Program Files\Docker\Docker\resources\bin;C:\Users\sfjbs\AppData\Local\Microsoft\WindowsApps;C:\Users\sfjbs\Downloads\micro service-20221021T071039Z-001\micro service\apache-maven-3.8.5-bin\apache-maven-3.8.5\bin;C:\Users\sfjbs\Downloads\micro service-20221021T071039Z-001\micro service\apache-maven-3.8.5-bin\apache-maven-3.8.5\lib;;C:\Program Files\JetBrains\IntelliJ IDEA Community Edition 2022.2.1\bin;
USERNAME=sfjbs
OS=Windows_NT
PROCESSOR_IDENTIFIER=Intel64 Family 6 Model 106 Stepping 6, GenuineIntel



---------------  S Y S T E M  ---------------

OS: Windows 10 , 64 bit Build 19041 (10.0.19041.2251)
Hyper-V role detected

CPU:total 2 (initial active 2) (1 cores per cpu, 2 threads per core) family 6 model 106 stepping 6 microcode 0xffffffff, cmov, cx8, fxsr, mmx, sse, sse2, sse3, ssse3, sse4.1, sse4.2, popcnt, avx, avx2, aes, clmul, erms, rtm, 3dnowpref, lzcnt, ht, tsc, bmi1, bmi2, adx, evex, fma

Memory: 4k page, system-wide physical 8190M (843M free)
TotalPageFile size 10238M (AvailPageFile size 25M)
current process WorkingSet (physical memory assigned to process): 196M, peak: 196M
current process commit charge ("private bytes"): 278M, peak: 304M

vm_info: Java HotSpot(TM) 64-Bit Server VM (11.0.16+11-LTS-199) for windows-amd64 JRE (11.0.16+11-LTS-199), built on Jun 28 2022 08:23:17 by "mach5one" with MS VC++ 15.9 (VS2017)

END.
