#
# There is insufficient memory for the Java Runtime Environment to continue.
# Native memory allocation (mmap) failed to map 134217728 bytes for Failed to commit area from 0x0000000080000000 to 0x0000000088000000 of length 134217728.
# Possible reasons:
#   The system is out of physical RAM or swap space
#   The process is running with CompressedOops enabled, and the Java Heap may be blocking the growth of the native heap
# Possible solutions:
#   Reduce memory load on the system
#   Increase physical memory or swap space
#   Check if swap backing store is full
#   Decrease Java heap size (-Xmx/-Xms)
#   Decrease number of Java threads
#   Decrease Java thread stack sizes (-Xss)
#   Set larger code cache with -XX:ReservedCodeCacheSize=
# This output file may be truncated or incomplete.
#
#  Out of Memory Error (./open/src/hotspot/os/windows/os_windows.cpp:3287), pid=9236, tid=4528
#
# JRE version:  (11.0.16+11) (build )
# Java VM: Java HotSpot(TM) 64-Bit Server VM (11.0.16+11-LTS-199, mixed mode, sharing, tiered, compressed oops, g1 gc, windows-amd64)
# No core dump will be written. Minidumps are not enabled by default on client versions of Windows
#

---------------  S U M M A R Y ------------

Command Line: C:\Users\sfjbs\AppData\Local\Temp\surefire7104685748785061066\surefirebooter17367679522670419824.jar C:\Users\sfjbs\AppData\Local\Temp\surefire7104685748785061066 2022-11-16T14-34-11_395-jvmRun1 surefire10809140810099963330tmp surefire_08360137637894777810tmp

Host: Intel(R) Xeon(R) Platinum 8370C CPU @ 2.80GHz, 2 cores, 7G,  Windows 10 , 64 bit Build 19041 (10.0.19041.2251)
Time: Wed Nov 16 14:34:13 2022 Coordinated Universal Time elapsed time: 0.027786 seconds (0d 0h 0m 0s)

---------------  T H R E A D  ---------------

Current thread (0x00000287dcfdb000):  JavaThread "Unknown thread" [_thread_in_vm, id=4528, stack(0x000000dd40000000,0x000000dd40100000)]

Stack: [0x000000dd40000000,0x000000dd40100000]
Native frames: (J=compiled Java code, j=interpreted, Vv=VM code, C=native code)
V  [jvm.dll+0x62a3ea]
V  [jvm.dll+0x76418f]
V  [jvm.dll+0x765839]
V  [jvm.dll+0x765ec3]
V  [jvm.dll+0x23da98]
V  [jvm.dll+0x62770a]
V  [jvm.dll+0x61c475]
V  [jvm.dll+0x2f2aac]
V  [jvm.dll+0x2f2932]
V  [jvm.dll+0x2f7656]
V  [jvm.dll+0x33a1cf]
V  [jvm.dll+0x339c00]
V  [jvm.dll+0x2d00c8]
V  [jvm.dll+0x2d1236]
V  [jvm.dll+0x73e757]
V  [jvm.dll+0x73ffef]
V  [jvm.dll+0x346ef9]
V  [jvm.dll+0x723f90]
V  [jvm.dll+0x3b5adf]
V  [jvm.dll+0x3b7bf1]
C  [jli.dll+0x5207]
C  [ucrtbase.dll+0x21bb2]
C  [KERNEL32.DLL+0x174b4]
C  [ntdll.dll+0x526a1]


---------------  P R O C E S S  ---------------

Threads class SMR info:
_java_thread_list=0x00000287dceff5c0, length=0, elements={
}

Java Threads: ( => current thread )

Other Threads:
  0x00000287df0ca000 GCTaskThread "GC Thread#0" [stack: 0x000000dd40100000,0x000000dd40200000] [id=12216]
  0x00000287df0fa800 ConcurrentGCThread "G1 Main Marker" [stack: 0x000000dd40200000,0x000000dd40300000] [id=1272]
  0x00000287df0fd000 ConcurrentGCThread "G1 Conc#0" [stack: 0x000000dd40300000,0x000000dd40400000] [id=10144]

[error occurred during error reporting (printing all threads), id 0xc0000005, EXCEPTION_ACCESS_VIOLATION (0xc0000005) at pc=0x00007fff6ed0f357]

VM state:not at safepoint (not fully initialized)

VM Mutex/Monitor currently owned by a thread:  ([mutex/lock_event])
[0x00000287df0b4990] Heap_lock - owner thread: 0x00000287dcfdb000

Heap address: 0x0000000080000000, size: 2048 MB, Compressed Oops mode: Non-zero based: 0x0000000080000000
Narrow klass base: 0x0000000000000000, Narrow klass shift: 0

GC Heap History (0 events):
No events

Deoptimization events (0 events):
No events

Classes redefined (0 events):
No events

Internal exceptions (0 events):
No events

Events (0 events):
No events


Dynamic libraries:
0x00007ff78ba90000 - 0x00007ff78ba9f000 	C:\Program Files\Java\jdk-11.0.16\bin\java.exe
0x00007fffdc7f0000 - 0x00007fffdc9e8000 	C:\Windows\SYSTEM32\ntdll.dll
0x00007fffdc6f0000 - 0x00007fffdc7af000 	C:\Windows\System32\KERNEL32.DLL
0x00007fffda300000 - 0x00007fffda5d2000 	C:\Windows\System32\KERNELBASE.dll
0x00007fffd9ef0000 - 0x00007fffd9ff0000 	C:\Windows\System32\ucrtbase.dll
0x00007fff98f70000 - 0x00007fff98f88000 	C:\Program Files\Java\jdk-11.0.16\bin\jli.dll
0x00007fffdc640000 - 0x00007fffdc6ee000 	C:\Windows\System32\ADVAPI32.dll
0x00007fffdb4b0000 - 0x00007fffdb54e000 	C:\Windows\System32\msvcrt.dll
0x00007fffdb1a0000 - 0x00007fffdb23c000 	C:\Windows\System32\sechost.dll
0x00007fffdb310000 - 0x00007fffdb435000 	C:\Windows\System32\RPCRT4.dll
0x00007fffdb000000 - 0x00007fffdb19d000 	C:\Windows\System32\USER32.dll
0x00007fffd9ff0000 - 0x00007fffda012000 	C:\Windows\System32\win32u.dll
0x00007fffdc2e0000 - 0x00007fffdc30b000 	C:\Windows\System32\GDI32.dll
0x00007fffda650000 - 0x00007fffda75f000 	C:\Windows\System32\gdi32full.dll
0x00007fffda180000 - 0x00007fffda21d000 	C:\Windows\System32\msvcp_win.dll
0x00007fff894e0000 - 0x00007fff894f5000 	C:\Program Files\Java\jdk-11.0.16\bin\VCRUNTIME140.dll
0x00007fffbbfb0000 - 0x00007fffbc24a000 	C:\Windows\WinSxS\amd64_microsoft.windows.common-controls_6595b64144ccf1df_6.0.19041.1110_none_60b5254171f9507e\COMCTL32.dll
0x00007fffd21e0000 - 0x00007fffd21ea000 	C:\Windows\SYSTEM32\VERSION.dll
0x00007fffdaee0000 - 0x00007fffdaf12000 	C:\Windows\System32\IMM32.DLL
0x00007fff85ad0000 - 0x00007fff85b6b000 	C:\Program Files\Java\jdk-11.0.16\bin\msvcp140.dll
0x00007fff6ea30000 - 0x00007fff6f548000 	C:\Program Files\Java\jdk-11.0.16\bin\server\jvm.dll
0x00007fffdc390000 - 0x00007fffdc398000 	C:\Windows\System32\PSAPI.DLL
0x00007fffc0620000 - 0x00007fffc0629000 	C:\Windows\SYSTEM32\WSOCK32.dll
0x00007fffdb440000 - 0x00007fffdb4ab000 	C:\Windows\System32\WS2_32.dll
0x00007fffba490000 - 0x00007fffba4b7000 	C:\Windows\SYSTEM32\WINMM.dll
0x00007fffd7d90000 - 0x00007fffd7da2000 	C:\Windows\SYSTEM32\kernel.appcore.dll
0x00007fffae8d0000 - 0x00007fffae8e0000 	C:\Program Files\Java\jdk-11.0.16\bin\verify.dll
0x00007fffc7f70000 - 0x00007fffc8154000 	C:\Windows\SYSTEM32\DBGHELP.DLL
0x00007fffca560000 - 0x00007fffca58c000 	C:\Windows\SYSTEM32\dbgcore.DLL
0x00007fffda7b0000 - 0x00007fffda832000 	C:\Windows\System32\bcryptPrimitives.dll
0x00007fff894b0000 - 0x00007fff894d8000 	C:\Program Files\Java\jdk-11.0.16\bin\java.dll
0x00007fffad370000 - 0x00007fffad37a000 	C:\Program Files\Java\jdk-11.0.16\bin\jimage.dll
0x00007fff88f30000 - 0x00007fff88f46000 	C:\Program Files\Java\jdk-11.0.16\bin\zip.dll

dbghelp: loaded successfully - version: 4.0.5 - missing functions: none
symbol engine: initialized successfully - sym options: 0x614 - pdb path: .;C:\Program Files\Java\jdk-11.0.16\bin;C:\Windows\SYSTEM32;C:\Windows\WinSxS\amd64_microsoft.windows.common-controls_6595b64144ccf1df_6.0.19041.1110_none_60b5254171f9507e;C:\Program Files\Java\jdk-11.0.16\bin\server

VM Arguments:
java_command: C:\Users\sfjbs\AppData\Local\Temp\surefire7104685748785061066\surefirebooter17367679522670419824.jar C:\Users\sfjbs\AppData\Local\Temp\surefire7104685748785061066 2022-11-16T14-34-11_395-jvmRun1 surefire10809140810099963330tmp surefire_08360137637894777810tmp
java_class_path (initial): C:\Users\sfjbs\AppData\Local\Temp\surefire7104685748785061066\surefirebooter17367679522670419824.jar
Launcher Type: SUN_STANDARD

[Global flags]
     intx CICompilerCount                          = 2                                         {product} {ergonomic}
     uint ConcGCThreads                            = 1                                         {product} {ergonomic}
     uint G1ConcRefinementThreads                  = 2                                         {product} {ergonomic}
   size_t G1HeapRegionSize                         = 1048576                                   {product} {ergonomic}
    uintx GCDrainStackTargetSize                   = 64                                        {product} {ergonomic}
   size_t InitialHeapSize                          = 134217728                                 {product} {ergonomic}
   size_t MarkStackSize                            = 4194304                                   {product} {ergonomic}
   size_t MaxHeapSize                              = 2147483648                                {product} {ergonomic}
   size_t MinHeapDeltaBytes                        = 1048576                                   {product} {ergonomic}
    uintx NonNMethodCodeHeapSize                   = 5825164                                {pd product} {ergonomic}
    uintx NonProfiledCodeHeapSize                  = 122916538                              {pd product} {ergonomic}
    uintx ProfiledCodeHeapSize                     = 122916538                              {pd product} {ergonomic}
    uintx ReservedCodeCacheSize                    = 251658240                              {pd product} {ergonomic}
     bool SegmentedCodeCache                       = true                                      {product} {ergonomic}
     bool UseCompressedClassPointers               = true                                 {lp64_product} {ergonomic}
     bool UseCompressedOops                        = true                                 {lp64_product} {ergonomic}
     bool UseG1GC                                  = true                                      {product} {ergonomic}
     bool UseLargePagesIndividualAllocation        = false                                  {pd product} {ergonomic}

Logging:
Log output configuration:
 #0: stdout all=warning uptime,level,tags
 #1: stderr all=off uptime,level,tags

Environment Variables:
PATH=C:\Program Files\Common Files\Oracle\Java\javapath;C:\Windows\system32;C:\Windows;C:\Windows\System32\Wbem;C:\Windows\System32\WindowsPowerShell\v1.0\;C:\Windows\System32\OpenSSH\;C:\Users\sfjbs\Downloads\micro service-20221021T071039Z-001\micro service\apache-maven-3.8.5-bin\apache-maven-3.8.5\bin;C:\Users\sfjbs\Downloads\micro service-20221021T071039Z-001\micro service\apache-maven-3.8.5-bin\apache-maven-3.8.5\lib;C:\Program Files\Git\cmd;C:\Program Files\Docker\Docker\resources\bin;C:\Users\sfjbs\AppData\Local\Microsoft\WindowsApps;C:\Users\sfjbs\Downloads\micro service-20221021T071039Z-001\micro service\apache-maven-3.8.5-bin\apache-maven-3.8.5\bin;C:\Users\sfjbs\Downloads\micro service-20221021T071039Z-001\micro service\apache-maven-3.8.5-bin\apache-maven-3.8.5\lib;;C:\Program Files\JetBrains\IntelliJ IDEA Community Edition 2022.2.1\bin;
USERNAME=sfjbs
OS=Windows_NT
PROCESSOR_IDENTIFIER=Intel64 Family 6 Model 106 Stepping 6, GenuineIntel



---------------  S Y S T E M  ---------------

OS: Windows 10 , 64 bit Build 19041 (10.0.19041.2251)
Hyper-V role detected

CPU:total 2 (initial active 2) (1 cores per cpu, 2 threads per core) family 6 model 106 stepping 6 microcode 0xffffffff, cmov, cx8, fxsr, mmx, sse, sse2, sse3, ssse3, sse4.1, sse4.2, popcnt, avx, avx2, aes, clmul, erms, rtm, 3dnowpref, lzcnt, ht, tsc, bmi1, bmi2, adx, evex, fma

Memory: 4k page, system-wide physical 8190M (357M free)
TotalPageFile size 10238M (AvailPageFile size 5M)
current process WorkingSet (physical memory assigned to process): 9M, peak: 9M
current process commit charge ("private bytes"): 47M, peak: 175M

vm_info: Java HotSpot(TM) 64-Bit Server VM (11.0.16+11-LTS-199) for windows-amd64 JRE (11.0.16+11-LTS-199), built on Jun 28 2022 08:23:17 by "mach5one" with MS VC++ 15.9 (VS2017)

END.
