#
# There is insufficient memory for the Java Runtime Environment to continue.
# Native memory allocation (mmap) failed to map 32505856 bytes for Failed to commit area from 0x0000000089a00000 to 0x000000008b900000 of length 32505856.
# Possible reasons:
#   The system is out of physical RAM or swap space
#   The process is running with CompressedOops enabled, and the Java Heap may be blocking the growth of the native heap
# Possible solutions:
#   Reduce memory load on the system
#   Increase physical memory or swap space
#   Check if swap backing store is full
#   Decrease Java heap size (-Xmx/-Xms)
#   Decrease number of Java threads
#   Decrease Java thread stack sizes (-Xss)
#   Set larger code cache with -XX:ReservedCodeCacheSize=
#   JVM is running with Unscaled Compressed Oops mode in which the Java heap is
#     placed in the first 4GB address space. The Java Heap base address is the
#     maximum limit for the native heap growth. Please use -XX:HeapBaseMinAddress
#     to set the Java Heap base and to place the Java Heap above 4GB virtual address.
# This output file may be truncated or incomplete.
#
#  Out of Memory Error (./open/src/hotspot/os/windows/os_windows.cpp:3287), pid=4100, tid=12208
#
# JRE version: Java(TM) SE Runtime Environment 18.9 (11.0.16+11) (build 11.0.16+11-LTS-199)
# Java VM: Java HotSpot(TM) 64-Bit Server VM 18.9 (11.0.16+11-LTS-199, mixed mode, tiered, compressed oops, g1 gc, windows-amd64)
# No core dump will be written. Minidumps are not enabled by default on client versions of Windows
#

---------------  S U M M A R Y ------------

Command Line: -ea -Didea.test.cyclic.buffer.size=1048576 -javaagent:C:\Program Files\JetBrains\IntelliJ IDEA Community Edition 2022.2.1\lib\idea_rt.jar=63757:C:\Program Files\JetBrains\IntelliJ IDEA Community Edition 2022.2.1\bin -Dfile.encoding=UTF-8 com.intellij.rt.junit.JUnitStarter -ideVersion5 -junit5 com.example.Pension.Managment.System.PensionServiceTest

Host: Intel(R) Xeon(R) Platinum 8370C CPU @ 2.80GHz, 2 cores, 7G,  Windows 10 , 64 bit Build 19041 (10.0.19041.2251)
Time: Wed Nov 16 19:30:38 2022 Coordinated Universal Time elapsed time: 9.155379 seconds (0d 0h 0m 9s)

---------------  T H R E A D  ---------------

Current thread (0x00000201d8d07800):  VMThread "VM Thread" [stack: 0x0000001b2d700000,0x0000001b2d800000] [id=12208]

Stack: [0x0000001b2d700000,0x0000001b2d800000]
[error occurred during error reporting (printing stack bounds), id 0xc0000005, EXCEPTION_ACCESS_VIOLATION (0xc0000005) at pc=0x00000201c31310e7]

Native frames: (J=compiled Java code, j=interpreted, Vv=VM code, C=native code)
V  [jvm.dll+0x62a3ea]
V  [jvm.dll+0x76418f]
V  [jvm.dll+0x765839]
V  [jvm.dll+0x765e25]
V  [jvm.dll+0x765ddb]
V  [jvm.dll+0x6298d3]
V  [jvm.dll+0x629fe8]
C  [ntdll.dll+0xa241f]
C  [ntdll.dll+0x514a4]
C  [ntdll.dll+0xa0f4e]
C  0x00000201c31310e7

VM_Operation (0x0000001b2d0fa670): G1CollectForAllocation, mode: safepoint, requested by thread 0x00000201bba88000


---------------  P R O C E S S  ---------------

Threads class SMR info:
_java_thread_list=0x00000201df2d28b0, length=12, elements={
0x00000201bba88000, 0x00000201d8cef800, 0x00000201d8cf1000, 0x00000201d9692800,
0x00000201d8d1a000, 0x00000201d8d1d000, 0x00000201d8d1e000, 0x00000201d8d22000,
0x00000201d96ce000, 0x00000201d97d2000, 0x00000201d98f4800, 0x00000201db350000
}

Java Threads: ( => current thread )
  0x00000201bba88000 JavaThread "main" [_thread_blocked, id=11612, stack(0x0000001b2d000000,0x0000001b2d100000)]
  0x00000201d8cef800 JavaThread "Reference Handler" daemon [_thread_blocked, id=11776, stack(0x0000001b2d800000,0x0000001b2d900000)]
  0x00000201d8cf1000 JavaThread "Finalizer" daemon [_thread_blocked, id=4812, stack(0x0000001b2d900000,0x0000001b2da00000)]
  0x00000201d9692800 JavaThread "Signal Dispatcher" daemon [_thread_blocked, id=8028, stack(0x0000001b2da00000,0x0000001b2db00000)]
  0x00000201d8d1a000 JavaThread "Attach Listener" daemon [_thread_blocked, id=7092, stack(0x0000001b2db00000,0x0000001b2dc00000)]
  0x00000201d8d1d000 JavaThread "Service Thread" daemon [_thread_blocked, id=3300, stack(0x0000001b2dc00000,0x0000001b2dd00000)]
  0x00000201d8d1e000 JavaThread "C2 CompilerThread0" daemon [_thread_in_native, id=5988, stack(0x0000001b2dd00000,0x0000001b2de00000)]
  0x00000201d8d22000 JavaThread "C1 CompilerThread0" daemon [_thread_blocked, id=3744, stack(0x0000001b2de00000,0x0000001b2df00000)]
  0x00000201d96ce000 JavaThread "Sweeper thread" daemon [_thread_blocked, id=9204, stack(0x0000001b2df00000,0x0000001b2e000000)]
  0x00000201d97d2000 JavaThread "Common-Cleaner" daemon [_thread_blocked, id=10176, stack(0x0000001b2e000000,0x0000001b2e100000)]
  0x00000201d98f4800 JavaThread "Monitor Ctrl-Break" daemon [_thread_in_native, id=7084, stack(0x0000001b2e100000,0x0000001b2e200000)]
  0x00000201db350000 JavaThread "mysql-cj-abandoned-connection-cleanup" daemon [_thread_blocked, id=10464, stack(0x0000001b2e400000,0x0000001b2e500000)]

Other Threads:
=>0x00000201d8d07800 VMThread "VM Thread" [stack: 0x0000001b2d700000,0x0000001b2d800000] [id=12208]
  0x00000201d98f5800 WatcherThread [stack: 0x0000001b2e200000,0x0000001b2e300000] [id=7164]
  0x00000201bba9d000 GCTaskThread "GC Thread#0" [stack: 0x0000001b2d200000,0x0000001b2d300000] [id=8556]
  0x00000201d9cff000 GCTaskThread "GC Thread#1" [stack: 0x0000001b2e300000,0x0000001b2e400000] [id=10488]
  0x00000201bbace000 ConcurrentGCThread "G1 Main Marker" [stack: 0x0000001b2d300000,0x0000001b2d400000] [id=10188]
  0x00000201bbad0800 ConcurrentGCThread "G1 Conc#0" [stack: 0x0000001b2d400000,0x0000001b2d500000] [id=9564]
  0x00000201bbb55800 ConcurrentGCThread "G1 Refine#0" [stack: 0x0000001b2d500000,0x0000001b2d600000] [id=3924]
  0x00000201bbb57800 ConcurrentGCThread "G1 Young RemSet Sampling" [stack: 0x0000001b2d600000,0x0000001b2d700000] [id=11288]

Threads with active compile tasks:
C2 CompilerThread0     9167 3905       4       java.net.URLStreamHandler::toExternalForm (156 bytes)

VM state:at safepoint (normal execution)

VM Mutex/Monitor currently owned by a thread:  ([mutex/lock_event])
[0x00000201bba84e00] Threads_lock - owner thread: 0x00000201d8d07800
[0x00000201bba83ff0] Heap_lock - owner thread: 0x00000201bba88000

Heap address: 0x0000000080000000, size: 2048 MB, Compressed Oops mode: 32-bit
Narrow klass base: 0x0000000000000000, Narrow klass shift: 3
Compressed class space size: 1073741824 Address: 0x0000000100000000

Heap:
 garbage-first heap   total 189440K, used 18029K [0x0000000080000000, 0x0000000100000000)
  region size 1024K, 9 young (9216K), 9 survivors (9216K)
 Metaspace       used 43549K, capacity 44924K, committed 45008K, reserved 1087488K
  class space    used 5628K, capacity 6199K, committed 6272K, reserved 1048576K
Heap Regions: E=young(eden), S=young(survivor), O=old, HS=humongous(starts), HC=humongous(continues), CS=collection set, F=free, A=archive, TAMS=top-at-mark-start (previous, next)
|   0|0x0000000080000000, 0x0000000080100000, 0x0000000080100000|100%|HS|  |TAMS 0x0000000080100000, 0x0000000080000000| Complete 
|   1|0x0000000080100000, 0x0000000080200000, 0x0000000080200000|100%| O|  |TAMS 0x0000000080200000, 0x0000000080100000| Untracked 
|   2|0x0000000080200000, 0x0000000080300000, 0x0000000080300000|100%| O|  |TAMS 0x0000000080300000, 0x0000000080200000| Untracked 
|   3|0x0000000080300000, 0x0000000080400000, 0x0000000080400000|100%| O|  |TAMS 0x0000000080400000, 0x0000000080300000| Untracked 
|   4|0x0000000080400000, 0x0000000080500000, 0x0000000080500000|100%| O|  |TAMS 0x0000000080500000, 0x0000000080400000| Untracked 
|   5|0x0000000080500000, 0x0000000080600000, 0x0000000080600000|100%| O|  |TAMS 0x0000000080600000, 0x0000000080500000| Untracked 
|   6|0x0000000080600000, 0x0000000080700000, 0x0000000080700000|100%| O|  |TAMS 0x00000000806f6800, 0x0000000080600000| Untracked 
|   7|0x0000000080700000, 0x0000000080800000, 0x0000000080800000|100%| O|  |TAMS 0x0000000080700000, 0x0000000080700000| Untracked 
|   8|0x0000000080800000, 0x0000000080900000, 0x0000000080900000|100%| O|  |TAMS 0x0000000080800000, 0x0000000080800000| Untracked 
|   9|0x0000000080900000, 0x000000008091b600, 0x0000000080a00000| 10%| O|  |TAMS 0x0000000080900000, 0x0000000080900000| Untracked 
|  10|0x0000000080a00000, 0x0000000080a00000, 0x0000000080b00000|  0%| F|  |TAMS 0x0000000080a00000, 0x0000000080a00000| Untracked 
|  11|0x0000000080b00000, 0x0000000080b00000, 0x0000000080c00000|  0%| F|  |TAMS 0x0000000080b00000, 0x0000000080b00000| Untracked 
|  12|0x0000000080c00000, 0x0000000080c00000, 0x0000000080d00000|  0%| F|  |TAMS 0x0000000080c00000, 0x0000000080c00000| Untracked 
|  13|0x0000000080d00000, 0x0000000080d00000, 0x0000000080e00000|  0%| F|  |TAMS 0x0000000080d00000, 0x0000000080d00000| Untracked 
|  14|0x0000000080e00000, 0x0000000080e00000, 0x0000000080f00000|  0%| F|  |TAMS 0x0000000080e00000, 0x0000000080e00000| Untracked 
|  15|0x0000000080f00000, 0x0000000080f00000, 0x0000000081000000|  0%| F|  |TAMS 0x0000000080f00000, 0x0000000080f00000| Untracked 
|  16|0x0000000081000000, 0x0000000081000000, 0x0000000081100000|  0%| F|  |TAMS 0x0000000081000000, 0x0000000081000000| Untracked 
|  17|0x0000000081100000, 0x0000000081100000, 0x0000000081200000|  0%| F|  |TAMS 0x0000000081100000, 0x0000000081100000| Untracked 
|  18|0x0000000081200000, 0x0000000081200000, 0x0000000081300000|  0%| F|  |TAMS 0x0000000081200000, 0x0000000081200000| Untracked 
|  19|0x0000000081300000, 0x0000000081300000, 0x0000000081400000|  0%| F|  |TAMS 0x0000000081300000, 0x0000000081300000| Untracked 
|  20|0x0000000081400000, 0x0000000081400000, 0x0000000081500000|  0%| F|  |TAMS 0x0000000081400000, 0x0000000081400000| Untracked 
|  21|0x0000000081500000, 0x0000000081500000, 0x0000000081600000|  0%| F|  |TAMS 0x0000000081500000, 0x0000000081500000| Untracked 
|  22|0x0000000081600000, 0x0000000081600000, 0x0000000081700000|  0%| F|  |TAMS 0x0000000081600000, 0x0000000081600000| Untracked 
|  23|0x0000000081700000, 0x0000000081700000, 0x0000000081800000|  0%| F|  |TAMS 0x0000000081700000, 0x0000000081700000| Untracked 
|  24|0x0000000081800000, 0x0000000081800000, 0x0000000081900000|  0%| F|  |TAMS 0x0000000081800000, 0x0000000081800000| Untracked 
|  25|0x0000000081900000, 0x0000000081900000, 0x0000000081a00000|  0%| F|  |TAMS 0x0000000081900000, 0x0000000081900000| Untracked 
|  26|0x0000000081a00000, 0x0000000081a00000, 0x0000000081b00000|  0%| F|  |TAMS 0x0000000081a00000, 0x0000000081a00000| Untracked 
|  27|0x0000000081b00000, 0x0000000081b00000, 0x0000000081c00000|  0%| F|  |TAMS 0x0000000081b00000, 0x0000000081b00000| Untracked 
|  28|0x0000000081c00000, 0x0000000081c00000, 0x0000000081d00000|  0%| F|  |TAMS 0x0000000081c00000, 0x0000000081c00000| Untracked 
|  29|0x0000000081d00000, 0x0000000081d00000, 0x0000000081e00000|  0%| F|  |TAMS 0x0000000081d00000, 0x0000000081d00000| Untracked 
|  30|0x0000000081e00000, 0x0000000081e00000, 0x0000000081f00000|  0%| F|  |TAMS 0x0000000081e00000, 0x0000000081e00000| Untracked 
|  31|0x0000000081f00000, 0x0000000081f00000, 0x0000000082000000|  0%| F|  |TAMS 0x0000000081f00000, 0x0000000081f00000| Untracked 
|  32|0x0000000082000000, 0x0000000082000000, 0x0000000082100000|  0%| F|  |TAMS 0x0000000082000000, 0x0000000082000000| Untracked 
|  33|0x0000000082100000, 0x0000000082100000, 0x0000000082200000|  0%| F|  |TAMS 0x0000000082100000, 0x0000000082100000| Untracked 
|  34|0x0000000082200000, 0x0000000082200000, 0x0000000082300000|  0%| F|  |TAMS 0x0000000082200000, 0x0000000082200000| Untracked 
|  35|0x0000000082300000, 0x0000000082300000, 0x0000000082400000|  0%| F|  |TAMS 0x0000000082300000, 0x0000000082300000| Untracked 
|  36|0x0000000082400000, 0x0000000082400000, 0x0000000082500000|  0%| F|  |TAMS 0x0000000082400000, 0x0000000082400000| Untracked 
|  37|0x0000000082500000, 0x0000000082500000, 0x0000000082600000|  0%| F|  |TAMS 0x0000000082500000, 0x0000000082500000| Untracked 
|  38|0x0000000082600000, 0x0000000082600000, 0x0000000082700000|  0%| F|  |TAMS 0x0000000082600000, 0x0000000082600000| Untracked 
|  39|0x0000000082700000, 0x0000000082700000, 0x0000000082800000|  0%| F|  |TAMS 0x0000000082700000, 0x0000000082700000| Untracked 
|  40|0x0000000082800000, 0x0000000082800000, 0x0000000082900000|  0%| F|  |TAMS 0x0000000082800000, 0x0000000082800000| Untracked 
|  41|0x0000000082900000, 0x0000000082900000, 0x0000000082a00000|  0%| F|  |TAMS 0x0000000082900000, 0x0000000082900000| Untracked 
|  42|0x0000000082a00000, 0x0000000082a00000, 0x0000000082b00000|  0%| F|  |TAMS 0x0000000082a00000, 0x0000000082a00000| Untracked 
|  43|0x0000000082b00000, 0x0000000082b00000, 0x0000000082c00000|  0%| F|  |TAMS 0x0000000082b00000, 0x0000000082b00000| Untracked 
|  44|0x0000000082c00000, 0x0000000082c00000, 0x0000000082d00000|  0%| F|  |TAMS 0x0000000082c00000, 0x0000000082c00000| Untracked 
|  45|0x0000000082d00000, 0x0000000082d00000, 0x0000000082e00000|  0%| F|  |TAMS 0x0000000082d00000, 0x0000000082d00000| Untracked 
|  46|0x0000000082e00000, 0x0000000082e00000, 0x0000000082f00000|  0%| F|  |TAMS 0x0000000082e00000, 0x0000000082e00000| Untracked 
|  47|0x0000000082f00000, 0x0000000082f00000, 0x0000000083000000|  0%| F|  |TAMS 0x0000000082f00000, 0x0000000082f00000| Untracked 
|  48|0x0000000083000000, 0x0000000083000000, 0x0000000083100000|  0%| F|  |TAMS 0x0000000083000000, 0x0000000083000000| Untracked 
|  49|0x0000000083100000, 0x0000000083100000, 0x0000000083200000|  0%| F|  |TAMS 0x0000000083100000, 0x0000000083100000| Untracked 
|  50|0x0000000083200000, 0x0000000083200000, 0x0000000083300000|  0%| F|  |TAMS 0x0000000083200000, 0x0000000083200000| Untracked 
|  51|0x0000000083300000, 0x0000000083300000, 0x0000000083400000|  0%| F|  |TAMS 0x0000000083300000, 0x0000000083300000| Untracked 
|  52|0x0000000083400000, 0x0000000083400000, 0x0000000083500000|  0%| F|  |TAMS 0x0000000083400000, 0x0000000083400000| Untracked 
|  53|0x0000000083500000, 0x0000000083500000, 0x0000000083600000|  0%| F|  |TAMS 0x0000000083500000, 0x0000000083500000| Untracked 
|  54|0x0000000083600000, 0x0000000083680000, 0x0000000083700000| 50%| S|CS|TAMS 0x0000000083600000, 0x0000000083600000| Complete 
|  55|0x0000000083700000, 0x0000000083800000, 0x0000000083800000|100%| S|CS|TAMS 0x0000000083700000, 0x0000000083700000| Complete 
|  56|0x0000000083800000, 0x0000000083900000, 0x0000000083900000|100%| S|CS|TAMS 0x0000000083800000, 0x0000000083800000| Complete 
|  57|0x0000000083900000, 0x0000000083a00000, 0x0000000083a00000|100%| S|CS|TAMS 0x0000000083900000, 0x0000000083900000| Complete 
|  58|0x0000000083a00000, 0x0000000083b00000, 0x0000000083b00000|100%| S|CS|TAMS 0x0000000083a00000, 0x0000000083a00000| Complete 
|  59|0x0000000083b00000, 0x0000000083c00000, 0x0000000083c00000|100%| S|CS|TAMS 0x0000000083b00000, 0x0000000083b00000| Complete 
|  60|0x0000000083c00000, 0x0000000083d00000, 0x0000000083d00000|100%| S|CS|TAMS 0x0000000083c00000, 0x0000000083c00000| Complete 
|  61|0x0000000083d00000, 0x0000000083e00000, 0x0000000083e00000|100%| S|CS|TAMS 0x0000000083d00000, 0x0000000083d00000| Complete 
|  62|0x0000000083e00000, 0x0000000083f00000, 0x0000000083f00000|100%| S|CS|TAMS 0x0000000083e00000, 0x0000000083e00000| Complete 
|  63|0x0000000083f00000, 0x0000000083f00000, 0x0000000084000000|  0%| F|  |TAMS 0x0000000083f00000, 0x0000000083f00000| Untracked 
|  64|0x0000000084000000, 0x0000000084000000, 0x0000000084100000|  0%| F|  |TAMS 0x0000000084000000, 0x0000000084000000| Untracked 
|  65|0x0000000084100000, 0x0000000084100000, 0x0000000084200000|  0%| F|  |TAMS 0x0000000084100000, 0x0000000084100000| Untracked 
|  66|0x0000000084200000, 0x0000000084200000, 0x0000000084300000|  0%| F|  |TAMS 0x0000000084200000, 0x0000000084200000| Untracked 
|  67|0x0000000084300000, 0x0000000084300000, 0x0000000084400000|  0%| F|  |TAMS 0x0000000084300000, 0x0000000084300000| Untracked 
|  68|0x0000000084400000, 0x0000000084400000, 0x0000000084500000|  0%| F|  |TAMS 0x0000000084400000, 0x0000000084400000| Untracked 
|  69|0x0000000084500000, 0x0000000084500000, 0x0000000084600000|  0%| F|  |TAMS 0x0000000084500000, 0x0000000084500000| Untracked 
|  70|0x0000000084600000, 0x0000000084600000, 0x0000000084700000|  0%| F|  |TAMS 0x0000000084600000, 0x0000000084600000| Untracked 
|  71|0x0000000084700000, 0x0000000084700000, 0x0000000084800000|  0%| F|  |TAMS 0x0000000084700000, 0x0000000084700000| Untracked 
|  72|0x0000000084800000, 0x0000000084800000, 0x0000000084900000|  0%| F|  |TAMS 0x0000000084800000, 0x0000000084800000| Untracked 
|  73|0x0000000084900000, 0x0000000084900000, 0x0000000084a00000|  0%| F|  |TAMS 0x0000000084900000, 0x0000000084900000| Untracked 
|  74|0x0000000084a00000, 0x0000000084a00000, 0x0000000084b00000|  0%| F|  |TAMS 0x0000000084a00000, 0x0000000084a00000| Untracked 
|  75|0x0000000084b00000, 0x0000000084b00000, 0x0000000084c00000|  0%| F|  |TAMS 0x0000000084b00000, 0x0000000084b00000| Untracked 
|  76|0x0000000084c00000, 0x0000000084c00000, 0x0000000084d00000|  0%| F|  |TAMS 0x0000000084c00000, 0x0000000084c00000| Untracked 
|  77|0x0000000084d00000, 0x0000000084d00000, 0x0000000084e00000|  0%| F|  |TAMS 0x0000000084d00000, 0x0000000084d00000| Untracked 
|  78|0x0000000084e00000, 0x0000000084e00000, 0x0000000084f00000|  0%| F|  |TAMS 0x0000000084e00000, 0x0000000084e00000| Untracked 
|  79|0x0000000084f00000, 0x0000000084f00000, 0x0000000085000000|  0%| F|  |TAMS 0x0000000084f00000, 0x0000000084f00000| Untracked 
|  80|0x0000000085000000, 0x0000000085000000, 0x0000000085100000|  0%| F|  |TAMS 0x0000000085000000, 0x0000000085000000| Untracked 
|  81|0x0000000085100000, 0x0000000085100000, 0x0000000085200000|  0%| F|  |TAMS 0x0000000085100000, 0x0000000085100000| Untracked 
|  82|0x0000000085200000, 0x0000000085200000, 0x0000000085300000|  0%| F|  |TAMS 0x0000000085200000, 0x0000000085200000| Untracked 
|  83|0x0000000085300000, 0x0000000085300000, 0x0000000085400000|  0%| F|  |TAMS 0x0000000085300000, 0x0000000085300000| Untracked 
|  84|0x0000000085400000, 0x0000000085400000, 0x0000000085500000|  0%| F|  |TAMS 0x0000000085400000, 0x0000000085400000| Untracked 
|  85|0x0000000085500000, 0x0000000085500000, 0x0000000085600000|  0%| F|  |TAMS 0x0000000085500000, 0x0000000085500000| Untracked 
|  86|0x0000000085600000, 0x0000000085600000, 0x0000000085700000|  0%| F|  |TAMS 0x0000000085600000, 0x0000000085600000| Untracked 
|  87|0x0000000085700000, 0x0000000085700000, 0x0000000085800000|  0%| F|  |TAMS 0x0000000085700000, 0x0000000085700000| Untracked 
|  88|0x0000000085800000, 0x0000000085800000, 0x0000000085900000|  0%| F|  |TAMS 0x0000000085800000, 0x0000000085800000| Untracked 
|  89|0x0000000085900000, 0x0000000085900000, 0x0000000085a00000|  0%| F|  |TAMS 0x0000000085900000, 0x0000000085900000| Untracked 
|  90|0x0000000085a00000, 0x0000000085a00000, 0x0000000085b00000|  0%| F|  |TAMS 0x0000000085a00000, 0x0000000085a00000| Untracked 
|  91|0x0000000085b00000, 0x0000000085b00000, 0x0000000085c00000|  0%| F|  |TAMS 0x0000000085b00000, 0x0000000085b00000| Untracked 
|  92|0x0000000085c00000, 0x0000000085c00000, 0x0000000085d00000|  0%| F|  |TAMS 0x0000000085c00000, 0x0000000085c00000| Untracked 
|  93|0x0000000085d00000, 0x0000000085d00000, 0x0000000085e00000|  0%| F|  |TAMS 0x0000000085d00000, 0x0000000085d00000| Untracked 
|  94|0x0000000085e00000, 0x0000000085e00000, 0x0000000085f00000|  0%| F|  |TAMS 0x0000000085e00000, 0x0000000085e00000| Untracked 
|  95|0x0000000085f00000, 0x0000000085f00000, 0x0000000086000000|  0%| F|  |TAMS 0x0000000085f00000, 0x0000000085f00000| Untracked 
|  96|0x0000000086000000, 0x0000000086000000, 0x0000000086100000|  0%| F|  |TAMS 0x0000000086000000, 0x0000000086000000| Untracked 
|  97|0x0000000086100000, 0x0000000086100000, 0x0000000086200000|  0%| F|  |TAMS 0x0000000086100000, 0x0000000086100000| Untracked 
|  98|0x0000000086200000, 0x0000000086200000, 0x0000000086300000|  0%| F|  |TAMS 0x0000000086200000, 0x0000000086200000| Untracked 
|  99|0x0000000086300000, 0x0000000086300000, 0x0000000086400000|  0%| F|  |TAMS 0x0000000086300000, 0x0000000086300000| Untracked 
| 100|0x0000000086400000, 0x0000000086400000, 0x0000000086500000|  0%| F|  |TAMS 0x0000000086400000, 0x0000000086400000| Untracked 
| 101|0x0000000086500000, 0x0000000086500000, 0x0000000086600000|  0%| F|  |TAMS 0x0000000086500000, 0x0000000086500000| Untracked 
| 102|0x0000000086600000, 0x0000000086600000, 0x0000000086700000|  0%| F|  |TAMS 0x0000000086600000, 0x0000000086600000| Untracked 
| 103|0x0000000086700000, 0x0000000086700000, 0x0000000086800000|  0%| F|  |TAMS 0x0000000086700000, 0x0000000086700000| Untracked 
| 104|0x0000000086800000, 0x0000000086800000, 0x0000000086900000|  0%| F|  |TAMS 0x0000000086800000, 0x0000000086800000| Untracked 
| 105|0x0000000086900000, 0x0000000086900000, 0x0000000086a00000|  0%| F|  |TAMS 0x0000000086900000, 0x0000000086900000| Untracked 
| 106|0x0000000086a00000, 0x0000000086a00000, 0x0000000086b00000|  0%| F|  |TAMS 0x0000000086a00000, 0x0000000086a00000| Untracked 
| 107|0x0000000086b00000, 0x0000000086b00000, 0x0000000086c00000|  0%| F|  |TAMS 0x0000000086b00000, 0x0000000086b00000| Untracked 
| 108|0x0000000086c00000, 0x0000000086c00000, 0x0000000086d00000|  0%| F|  |TAMS 0x0000000086c00000, 0x0000000086c00000| Untracked 
| 109|0x0000000086d00000, 0x0000000086d00000, 0x0000000086e00000|  0%| F|  |TAMS 0x0000000086d00000, 0x0000000086d00000| Untracked 
| 110|0x0000000086e00000, 0x0000000086e00000, 0x0000000086f00000|  0%| F|  |TAMS 0x0000000086e00000, 0x0000000086e00000| Untracked 
| 111|0x0000000086f00000, 0x0000000086f00000, 0x0000000087000000|  0%| F|  |TAMS 0x0000000086f00000, 0x0000000086f00000| Untracked 
| 112|0x0000000087000000, 0x0000000087000000, 0x0000000087100000|  0%| F|  |TAMS 0x0000000087000000, 0x0000000087000000| Untracked 
| 113|0x0000000087100000, 0x0000000087100000, 0x0000000087200000|  0%| F|  |TAMS 0x0000000087100000, 0x0000000087100000| Untracked 
| 114|0x0000000087200000, 0x0000000087200000, 0x0000000087300000|  0%| F|  |TAMS 0x0000000087200000, 0x0000000087200000| Untracked 
| 115|0x0000000087300000, 0x0000000087300000, 0x0000000087400000|  0%| F|  |TAMS 0x0000000087300000, 0x0000000087300000| Untracked 
| 116|0x0000000087400000, 0x0000000087400000, 0x0000000087500000|  0%| F|  |TAMS 0x0000000087400000, 0x0000000087400000| Untracked 
| 117|0x0000000087500000, 0x0000000087500000, 0x0000000087600000|  0%| F|  |TAMS 0x0000000087500000, 0x0000000087500000| Untracked 
| 118|0x0000000087600000, 0x0000000087600000, 0x0000000087700000|  0%| F|  |TAMS 0x0000000087600000, 0x0000000087600000| Untracked 
| 119|0x0000000087700000, 0x0000000087700000, 0x0000000087800000|  0%| F|  |TAMS 0x0000000087700000, 0x0000000087700000| Untracked 
| 120|0x0000000087800000, 0x0000000087800000, 0x0000000087900000|  0%| F|  |TAMS 0x0000000087800000, 0x0000000087800000| Untracked 
| 121|0x0000000087900000, 0x0000000087900000, 0x0000000087a00000|  0%| F|  |TAMS 0x0000000087900000, 0x0000000087900000| Untracked 
| 122|0x0000000087a00000, 0x0000000087a00000, 0x0000000087b00000|  0%| F|  |TAMS 0x0000000087a00000, 0x0000000087a00000| Untracked 
| 123|0x0000000087b00000, 0x0000000087b00000, 0x0000000087c00000|  0%| F|  |TAMS 0x0000000087b00000, 0x0000000087b00000| Untracked 
| 124|0x0000000087c00000, 0x0000000087c00000, 0x0000000087d00000|  0%| F|  |TAMS 0x0000000087c00000, 0x0000000087c00000| Untracked 
| 125|0x0000000087d00000, 0x0000000087d00000, 0x0000000087e00000|  0%| F|  |TAMS 0x0000000087d00000, 0x0000000087d00000| Untracked 
| 126|0x0000000087e00000, 0x0000000087e00000, 0x0000000087f00000|  0%| F|  |TAMS 0x0000000087e00000, 0x0000000087e00000| Untracked 
| 127|0x0000000087f00000, 0x0000000087f00000, 0x0000000088000000|  0%| F|  |TAMS 0x0000000087f00000, 0x0000000087f00000| Untracked 
| 128|0x0000000088000000, 0x0000000088000000, 0x0000000088100000|  0%| F|  |TAMS 0x0000000088000000, 0x0000000088000000| Untracked 
| 129|0x0000000088100000, 0x0000000088100000, 0x0000000088200000|  0%| F|  |TAMS 0x0000000088100000, 0x0000000088100000| Untracked 
| 130|0x0000000088200000, 0x0000000088200000, 0x0000000088300000|  0%| F|  |TAMS 0x0000000088200000, 0x0000000088200000| Untracked 
| 131|0x0000000088300000, 0x0000000088300000, 0x0000000088400000|  0%| F|  |TAMS 0x0000000088300000, 0x0000000088300000| Untracked 
| 132|0x0000000088400000, 0x0000000088400000, 0x0000000088500000|  0%| F|  |TAMS 0x0000000088400000, 0x0000000088400000| Untracked 
| 133|0x0000000088500000, 0x0000000088500000, 0x0000000088600000|  0%| F|  |TAMS 0x0000000088500000, 0x0000000088500000| Untracked 
| 134|0x0000000088600000, 0x0000000088600000, 0x0000000088700000|  0%| F|  |TAMS 0x0000000088600000, 0x0000000088600000| Untracked 
| 135|0x0000000088700000, 0x0000000088700000, 0x0000000088800000|  0%| F|  |TAMS 0x0000000088700000, 0x0000000088700000| Untracked 
| 136|0x0000000088800000, 0x0000000088800000, 0x0000000088900000|  0%| F|  |TAMS 0x0000000088800000, 0x0000000088800000| Untracked 
| 137|0x0000000088900000, 0x0000000088900000, 0x0000000088a00000|  0%| F|  |TAMS 0x0000000088900000, 0x0000000088900000| Untracked 
| 138|0x0000000088a00000, 0x0000000088a00000, 0x0000000088b00000|  0%| F|  |TAMS 0x0000000088a00000, 0x0000000088a00000| Untracked 
| 139|0x0000000088b00000, 0x0000000088b00000, 0x0000000088c00000|  0%| F|  |TAMS 0x0000000088b00000, 0x0000000088b00000| Untracked 
| 140|0x0000000088c00000, 0x0000000088c00000, 0x0000000088d00000|  0%| F|  |TAMS 0x0000000088c00000, 0x0000000088c00000| Untracked 
| 141|0x0000000088d00000, 0x0000000088d00000, 0x0000000088e00000|  0%| F|  |TAMS 0x0000000088d00000, 0x0000000088d00000| Untracked 
| 142|0x0000000088e00000, 0x0000000088e00000, 0x0000000088f00000|  0%| F|  |TAMS 0x0000000088e00000, 0x0000000088e00000| Untracked 
| 143|0x0000000088f00000, 0x0000000088f00000, 0x0000000089000000|  0%| F|  |TAMS 0x0000000088f00000, 0x0000000088f00000| Untracked 
| 144|0x0000000089000000, 0x0000000089000000, 0x0000000089100000|  0%| F|  |TAMS 0x0000000089000000, 0x0000000089000000| Untracked 
| 145|0x0000000089100000, 0x0000000089100000, 0x0000000089200000|  0%| F|  |TAMS 0x0000000089100000, 0x0000000089100000| Untracked 
| 146|0x0000000089200000, 0x0000000089200000, 0x0000000089300000|  0%| F|  |TAMS 0x0000000089200000, 0x0000000089200000| Untracked 
| 147|0x0000000089300000, 0x0000000089300000, 0x0000000089400000|  0%| F|  |TAMS 0x0000000089300000, 0x0000000089300000| Untracked 
| 148|0x0000000089400000, 0x0000000089400000, 0x0000000089500000|  0%| F|  |TAMS 0x0000000089400000, 0x0000000089400000| Untracked 
| 149|0x0000000089500000, 0x0000000089500000, 0x0000000089600000|  0%| F|  |TAMS 0x0000000089500000, 0x0000000089500000| Untracked 
| 150|0x0000000089600000, 0x0000000089600000, 0x0000000089700000|  0%| F|  |TAMS 0x0000000089600000, 0x0000000089600000| Untracked 
| 151|0x0000000089700000, 0x0000000089700000, 0x0000000089800000|  0%| F|  |TAMS 0x0000000089700000, 0x0000000089700000| Untracked 
| 152|0x0000000089800000, 0x0000000089800000, 0x0000000089900000|  0%| F|  |TAMS 0x0000000089800000, 0x0000000089800000| Untracked 
| 153|0x0000000089900000, 0x0000000089900000, 0x0000000089a00000|  0%| F|  |TAMS 0x0000000089900000, 0x0000000089900000| Untracked 

Card table byte_map: [0x00000201d2130000,0x00000201d2530000] _byte_map_base: 0x00000201d1d30000

Marking Bits (Prev, Next): (CMBitMap*) 0x00000201bbac5518, (CMBitMap*) 0x00000201bbac5550
 Prev Bits: [0x00000201d2930000, 0x00000201d4930000)
 Next Bits: [0x00000201d4930000, 0x00000201d6930000)

Polling page: 0x00000201b9a20000

Metaspace:

Usage:
  Non-class:     37.82 MB capacity,    37.03 MB ( 98%) used,   645.49 KB (  2%) free+waste,   157.94 KB ( <1%) overhead. 
      Class:      6.05 MB capacity,     5.50 MB ( 91%) used,   490.84 KB (  8%) free+waste,    79.81 KB (  1%) overhead. 
       Both:     43.87 MB capacity,    42.53 MB ( 97%) used,     1.11 MB (  3%) free+waste,   237.75 KB ( <1%) overhead. 

Virtual space:
  Non-class space:       38.00 MB reserved,      37.83 MB (>99%) committed 
      Class space:        1.00 GB reserved,       6.13 MB ( <1%) committed 
             Both:        1.04 GB reserved,      43.95 MB (  4%) committed 

Chunk freelists:
   Non-Class:  1.38 KB
       Class:  1.13 KB
        Both:  2.50 KB

CodeHeap 'non-profiled nmethods': size=120064Kb used=1722Kb max_used=1722Kb free=118341Kb
 bounds [0x00000201cabf0000, 0x00000201cae60000, 0x00000201d2130000]
CodeHeap 'profiled nmethods': size=120000Kb used=8659Kb max_used=8659Kb free=111340Kb
 bounds [0x00000201c36c0000, 0x00000201c3f40000, 0x00000201cabf0000]
CodeHeap 'non-nmethods': size=5696Kb used=1169Kb max_used=1214Kb free=4526Kb
 bounds [0x00000201c3130000, 0x00000201c33a0000, 0x00000201c36c0000]
 total_blobs=4388 nmethods=3893 adapters=406
 compilation: enabled
              stopped_count=0, restarted_count=0
 full_count=0

Compilation events (10 events):
Event: 9.054 Thread 0x00000201d8d22000 3901       3       jdk.internal.loader.BuiltinClassLoader::findResources (182 bytes)
Event: 9.056 Thread 0x00000201d8d22000 nmethod 3901 0x00000201c3f2eb90 code [0x00000201c3f2f000, 0x00000201c3f31588]
Event: 9.061 Thread 0x00000201d8d22000 3902       3       java.util.concurrent.ConcurrentHashMap::<init> (5 bytes)
Event: 9.061 Thread 0x00000201d8d22000 nmethod 3902 0x00000201c3f32290 code [0x00000201c3f32440, 0x00000201c3f325f8]
Event: 9.075 Thread 0x00000201d8d1e000 nmethod 3899 0x00000201cad9c810 code [0x00000201cad9ca40, 0x00000201cad9e070]
Event: 9.090 Thread 0x00000201d8d22000 3903       3       java.lang.PublicMethods$MethodList::merge (192 bytes)
Event: 9.090 Thread 0x00000201d8d22000 nmethod 3903 0x00000201c3f32710 code [0x00000201c3f32980, 0x00000201c3f33408]
Event: 9.109 Thread 0x00000201d8d22000 3904       3       java.util.jar.JarFile::getManEntry (91 bytes)
Event: 9.110 Thread 0x00000201d8d22000 nmethod 3904 0x00000201c3f33810 code [0x00000201c3f33ac0, 0x00000201c3f349f8]
Event: 9.110 Thread 0x00000201d8d1e000 3905       4       java.net.URLStreamHandler::toExternalForm (156 bytes)

GC Heap History (10 events):
Event: 1.842 GC heap after
{Heap after GC invocations=4 (full 0):
 garbage-first heap   total 131072K, used 8124K [0x0000000080000000, 0x0000000100000000)
  region size 1024K, 1 young (1024K), 1 survivors (1024K)
 Metaspace       used 13566K, capacity 14027K, committed 14208K, reserved 1062912K
  class space    used 1423K, capacity 1626K, committed 1664K, reserved 1048576K
}
Event: 2.776 GC heap before
{Heap before GC invocations=4 (full 0):
 garbage-first heap   total 131072K, used 37820K [0x0000000080000000, 0x0000000100000000)
  region size 1024K, 30 young (30720K), 1 survivors (1024K)
 Metaspace       used 18360K, capacity 18974K, committed 19200K, reserved 1067008K
  class space    used 1990K, capacity 2234K, committed 2304K, reserved 1048576K
}
Event: 2.784 GC heap after
{Heap after GC invocations=5 (full 0):
 garbage-first heap   total 157696K, used 9635K [0x0000000080000000, 0x0000000100000000)
  region size 1024K, 3 young (3072K), 3 survivors (3072K)
 Metaspace       used 18360K, capacity 18974K, committed 19200K, reserved 1067008K
  class space    used 1990K, capacity 2234K, committed 2304K, reserved 1048576K
}
Event: 3.261 GC heap before
{Heap before GC invocations=5 (full 0):
 garbage-first heap   total 157696K, used 22947K [0x0000000080000000, 0x0000000100000000)
  region size 1024K, 17 young (17408K), 3 survivors (3072K)
 Metaspace       used 20433K, capacity 21085K, committed 21296K, reserved 1069056K
  class space    used 2307K, capacity 2587K, committed 2688K, reserved 1048576K
}
Event: 3.271 GC heap after
{Heap after GC invocations=6 (full 0):
 garbage-first heap   total 157696K, used 10403K [0x0000000080000000, 0x0000000100000000)
  region size 1024K, 4 young (4096K), 4 survivors (4096K)
 Metaspace       used 20433K, capacity 21085K, committed 21296K, reserved 1069056K
  class space    used 2307K, capacity 2587K, committed 2688K, reserved 1048576K
}
Event: 4.352 GC heap before
{Heap before GC invocations=7 (full 0):
 garbage-first heap   total 157696K, used 52387K [0x0000000080000000, 0x0000000100000000)
  region size 1024K, 46 young (47104K), 4 survivors (4096K)
 Metaspace       used 27654K, capacity 28527K, committed 28592K, reserved 1075200K
  class space    used 3207K, capacity 3564K, committed 3584K, reserved 1048576K
}
Event: 4.364 GC heap after
{Heap after GC invocations=8 (full 0):
 garbage-first heap   total 157696K, used 12250K [0x0000000080000000, 0x0000000100000000)
  region size 1024K, 5 young (5120K), 5 survivors (5120K)
 Metaspace       used 27654K, capacity 28527K, committed 28592K, reserved 1075200K
  class space    used 3207K, capacity 3564K, committed 3584K, reserved 1048576K
}
Event: 6.632 GC heap before
{Heap before GC invocations=8 (full 0):
 garbage-first heap   total 157696K, used 88026K [0x0000000080000000, 0x0000000100000000)
  region size 1024K, 80 young (81920K), 5 survivors (5120K)
 Metaspace       used 34639K, capacity 35764K, committed 35920K, reserved 1081344K
  class space    used 4149K, capacity 4603K, committed 4608K, reserved 1048576K
}
Event: 6.653 GC heap after
{Heap after GC invocations=9 (full 0):
 garbage-first heap   total 157696K, used 14731K [0x0000000080000000, 0x0000000100000000)
  region size 1024K, 8 young (8192K), 8 survivors (8192K)
 Metaspace       used 34639K, capacity 35764K, committed 35920K, reserved 1081344K
  class space    used 4149K, capacity 4603K, committed 4608K, reserved 1048576K
}
Event: 9.124 GC heap before
{Heap before GC invocations=10 (full 0):
 garbage-first heap   total 157696K, used 99723K [0x0000000080000000, 0x0000000100000000)
  region size 1024K, 91 young (93184K), 8 survivors (8192K)
 Metaspace       used 43549K, capacity 44924K, committed 45008K, reserved 1087488K
  class space    used 5628K, capacity 6199K, committed 6272K, reserved 1048576K
}

Deoptimization events (10 events):
Event: 8.061 Thread 0x00000201bba88000 Uncommon trap: reason=class_check action=maybe_recompile pc=0x00000201cac5ff1c method=java.util.concurrent.ConcurrentHashMap.putVal(Ljava/lang/Object;Ljava/lang/Object;Z)Ljava/lang/Object; @ 242 c2
Event: 8.070 Thread 0x00000201bba88000 Uncommon trap: reason=class_check action=maybe_recompile pc=0x00000201cac5ff1c method=java.util.concurrent.ConcurrentHashMap.putVal(Ljava/lang/Object;Ljava/lang/Object;Z)Ljava/lang/Object; @ 242 c2
Event: 8.347 Thread 0x00000201bba88000 Uncommon trap: reason=class_check action=maybe_recompile pc=0x00000201cac5ff1c method=java.util.concurrent.ConcurrentHashMap.putVal(Ljava/lang/Object;Ljava/lang/Object;Z)Ljava/lang/Object; @ 242 c2
Event: 8.395 Thread 0x00000201db350000 Uncommon trap: reason=unstable_if action=reinterpret pc=0x00000201cac77cf4 method=java.util.zip.ZipFile$Source.getEntryPos([BZ)I @ 145 c2
Event: 8.395 Thread 0x00000201db350000 Uncommon trap: reason=unstable_if action=reinterpret pc=0x00000201cacb525c method=java.net.URL.<init>(Ljava/net/URL;Ljava/lang/String;Ljava/net/URLStreamHandler;)V @ 57 c2
Event: 8.395 Thread 0x00000201db350000 Uncommon trap: reason=unstable_if action=reinterpret pc=0x00000201caca16d0 method=java.net.URLStreamHandler.parseURL(Ljava/net/URL;Ljava/lang/String;II)V @ 57 c2
Event: 8.756 Thread 0x00000201bba88000 Uncommon trap: reason=null_check action=make_not_entrant pc=0x00000201cad2e710 method=org.springframework.beans.factory.support.DefaultListableBeanFactory.getBeanDefinition(Ljava/lang/String;)Lorg/springframework/beans/factory/config/BeanDefinition; @ 10 
Event: 8.821 Thread 0x00000201bba88000 Uncommon trap: reason=unstable_if action=reinterpret pc=0x00000201cac87d74 method=sun.net.www.ParseUtil.firstEncodeIndex(Ljava/lang/String;)I @ 51 c2
Event: 8.822 Thread 0x00000201bba88000 Uncommon trap: reason=unstable_if action=reinterpret pc=0x00000201cac5187c method=sun.net.www.ParseUtil.firstEncodeIndex(Ljava/lang/String;)I @ 51 c2
Event: 8.823 Thread 0x00000201bba88000 Uncommon trap: reason=unstable_if action=reinterpret pc=0x00000201cac4a120 method=sun.net.www.ParseUtil.firstEncodeIndex(Ljava/lang/String;)I @ 51 c2

Classes redefined (0 events):
No events

Internal exceptions (10 events):
Event: 8.784 Thread 0x00000201bba88000 Exception <a 'java/lang/ClassNotFoundException'{0x00000000855cd858}: org/springframework/beans/factory/BeanClassLoaderAwareCustomizer> (0x00000000855cd858) thrown at [./open/src/hotspot/share/classfile/systemDictionary.cpp, line 226]
Event: 8.785 Thread 0x00000201bba88000 Exception <a 'java/lang/ClassNotFoundException'{0x00000000855e1a50}: org/springframework/beans/factory/AwareCustomizer> (0x00000000855e1a50) thrown at [./open/src/hotspot/share/classfile/systemDictionary.cpp, line 226]
Event: 8.785 Thread 0x00000201bba88000 Exception <a 'java/lang/ClassNotFoundException'{0x00000000855f7108}: org/springframework/beans/factory/BeanFactoryAwareCustomizer> (0x00000000855f7108) thrown at [./open/src/hotspot/share/classfile/systemDictionary.cpp, line 226]
Event: 8.786 Thread 0x00000201bba88000 Exception <a 'java/lang/ClassNotFoundException'{0x000000008540bcd8}: org/springframework/beans/factory/AwareCustomizer> (0x000000008540bcd8) thrown at [./open/src/hotspot/share/classfile/systemDictionary.cpp, line 226]
Event: 8.786 Thread 0x00000201bba88000 Exception <a 'java/lang/ClassNotFoundException'{0x0000000085420680}: org/springframework/beans/factory/BeanNameAwareCustomizer> (0x0000000085420680) thrown at [./open/src/hotspot/share/classfile/systemDictionary.cpp, line 226]
Event: 8.787 Thread 0x00000201bba88000 Exception <a 'java/lang/ClassNotFoundException'{0x0000000085434c38}: org/springframework/beans/factory/AwareCustomizer> (0x0000000085434c38) thrown at [./open/src/hotspot/share/classfile/systemDictionary.cpp, line 226]
Event: 8.787 Thread 0x00000201bba88000 Exception <a 'java/lang/ClassNotFoundException'{0x000000008544a2f0}: org/springframework/beans/factory/InitializingBeanCustomizer> (0x000000008544a2f0) thrown at [./open/src/hotspot/share/classfile/systemDictionary.cpp, line 226]
Event: 8.788 Thread 0x00000201bba88000 Exception <a 'java/lang/ClassNotFoundException'{0x000000008545fad8}: org/springframework/beans/factory/DisposableBeanCustomizer> (0x000000008545fad8) thrown at [./open/src/hotspot/share/classfile/systemDictionary.cpp, line 226]
Event: 8.789 Thread 0x00000201bba88000 Exception <a 'java/lang/ClassNotFoundException'{0x0000000085476510}: org/springframework/orm/jpa/EntityManagerFactoryInfoCustomizer> (0x0000000085476510) thrown at [./open/src/hotspot/share/classfile/systemDictionary.cpp, line 226]
Event: 8.790 Thread 0x00000201bba88000 Exception <a 'java/lang/ClassNotFoundException'{0x0000000085498480}: org/springframework/dao/support/PersistenceExceptionTranslatorCustomizer> (0x0000000085498480) thrown at [./open/src/hotspot/share/classfile/systemDictionary.cpp, line 226]

Events (10 events):
Event: 9.121 loading class com/fasterxml/classmate/util/ResolvedTypeCache done
Event: 9.122 loading class com/fasterxml/classmate/util/LRUTypeCache
Event: 9.122 loading class com/fasterxml/classmate/util/LRUTypeCache done
Event: 9.122 loading class com/fasterxml/classmate/util/ConcurrentTypeCache
Event: 9.122 loading class com/fasterxml/classmate/util/ConcurrentTypeCache done
Event: 9.123 loading class com/fasterxml/classmate/util/LRUTypeCache$CacheMap
Event: 9.123 loading class com/fasterxml/classmate/util/LRUTypeCache$CacheMap done
Event: 9.123 loading class com/fasterxml/classmate/MemberResolver
Event: 9.123 loading class com/fasterxml/classmate/MemberResolver done
Event: 9.123 Executing VM operation: G1CollectForAllocation


Dynamic libraries:
0x00007ff78ba90000 - 0x00007ff78ba9f000 	C:\Program Files\Java\jdk-11.0.16\bin\java.exe
0x00007fffdc7f0000 - 0x00007fffdc9e8000 	C:\Windows\SYSTEM32\ntdll.dll
0x00007fffdc6f0000 - 0x00007fffdc7af000 	C:\Windows\System32\KERNEL32.DLL
0x00007fffda300000 - 0x00007fffda5d2000 	C:\Windows\System32\KERNELBASE.dll
0x00007fffd9ef0000 - 0x00007fffd9ff0000 	C:\Windows\System32\ucrtbase.dll
0x00007fffc7a20000 - 0x00007fffc7a38000 	C:\Program Files\Java\jdk-11.0.16\bin\jli.dll
0x00007fffdc640000 - 0x00007fffdc6ee000 	C:\Windows\System32\ADVAPI32.dll
0x00007fffdb4b0000 - 0x00007fffdb54e000 	C:\Windows\System32\msvcrt.dll
0x00007fffdb1a0000 - 0x00007fffdb23c000 	C:\Windows\System32\sechost.dll
0x00007fffdb310000 - 0x00007fffdb435000 	C:\Windows\System32\RPCRT4.dll
0x00007fffdb000000 - 0x00007fffdb19d000 	C:\Windows\System32\USER32.dll
0x00007fffd9ff0000 - 0x00007fffda012000 	C:\Windows\System32\win32u.dll
0x00007fffdc2e0000 - 0x00007fffdc30b000 	C:\Windows\System32\GDI32.dll
0x00007fffda650000 - 0x00007fffda75f000 	C:\Windows\System32\gdi32full.dll
0x00007fffda180000 - 0x00007fffda21d000 	C:\Windows\System32\msvcp_win.dll
0x00007fffbf500000 - 0x00007fffbf515000 	C:\Program Files\Java\jdk-11.0.16\bin\VCRUNTIME140.dll
0x00007fffbbfb0000 - 0x00007fffbc24a000 	C:\Windows\WinSxS\amd64_microsoft.windows.common-controls_6595b64144ccf1df_6.0.19041.1110_none_60b5254171f9507e\COMCTL32.dll
0x00007fffd21e0000 - 0x00007fffd21ea000 	C:\Windows\SYSTEM32\VERSION.dll
0x00007fffdaee0000 - 0x00007fffdaf12000 	C:\Windows\System32\IMM32.DLL
0x00007fffb1e60000 - 0x00007fffb1efb000 	C:\Program Files\Java\jdk-11.0.16\bin\msvcp140.dll
0x00007fffa7b70000 - 0x00007fffa8688000 	C:\Program Files\Java\jdk-11.0.16\bin\server\jvm.dll
0x00007fffdc390000 - 0x00007fffdc398000 	C:\Windows\System32\PSAPI.DLL
0x00007fffc5450000 - 0x00007fffc5459000 	C:\Windows\SYSTEM32\WSOCK32.dll
0x00007fffdb440000 - 0x00007fffdb4ab000 	C:\Windows\System32\WS2_32.dll
0x00007fffba490000 - 0x00007fffba4b7000 	C:\Windows\SYSTEM32\WINMM.dll
0x00007fffd7d90000 - 0x00007fffd7da2000 	C:\Windows\SYSTEM32\kernel.appcore.dll
0x00007fffc7940000 - 0x00007fffc7950000 	C:\Program Files\Java\jdk-11.0.16\bin\verify.dll
0x00007fffc7f70000 - 0x00007fffc8154000 	C:\Windows\SYSTEM32\DBGHELP.DLL
0x00007fffca560000 - 0x00007fffca58c000 	C:\Windows\SYSTEM32\dbgcore.DLL
0x00007fffda7b0000 - 0x00007fffda832000 	C:\Windows\System32\bcryptPrimitives.dll
0x00007fffbf4d0000 - 0x00007fffbf4f8000 	C:\Program Files\Java\jdk-11.0.16\bin\java.dll
0x00007fffc7890000 - 0x00007fffc789a000 	C:\Program Files\Java\jdk-11.0.16\bin\jimage.dll
0x00007fffbeba0000 - 0x00007fffbebae000 	C:\Program Files\Java\jdk-11.0.16\bin\instrument.dll
0x00007fffbf4b0000 - 0x00007fffbf4c6000 	C:\Program Files\Java\jdk-11.0.16\bin\zip.dll
0x00007fffdb9d0000 - 0x00007fffdc113000 	C:\Windows\System32\SHELL32.dll
0x00007fffd7f90000 - 0x00007fffd8722000 	C:\Windows\SYSTEM32\windows.storage.dll
0x00007fffdb560000 - 0x00007fffdb8b4000 	C:\Windows\System32\combase.dll
0x00007fffd9790000 - 0x00007fffd97c0000 	C:\Windows\SYSTEM32\Wldp.dll
0x00007fffdb8c0000 - 0x00007fffdb96d000 	C:\Windows\System32\SHCORE.dll
0x00007fffda840000 - 0x00007fffda895000 	C:\Windows\System32\shlwapi.dll
0x00007fffd9e30000 - 0x00007fffd9e4f000 	C:\Windows\SYSTEM32\profapi.dll
0x00007fffbec60000 - 0x00007fffbec79000 	C:\Program Files\Java\jdk-11.0.16\bin\net.dll
0x00007fffd1da0000 - 0x00007fffd1eac000 	C:\Windows\SYSTEM32\WINHTTP.dll
0x00007fffd9570000 - 0x00007fffd95da000 	C:\Windows\system32\mswsock.dll
0x00007fffbeb40000 - 0x00007fffbeb52000 	C:\Program Files\Java\jdk-11.0.16\bin\nio.dll
0x00007fffbe800000 - 0x00007fffbe81a000 	C:\Program Files\JetBrains\IntelliJ IDEA Community Edition 2022.2.1\bin\breakgen64.dll
0x00007fffd5830000 - 0x00007fffd5839000 	C:\Program Files\Java\jdk-11.0.16\bin\management.dll
0x00007fffbebe0000 - 0x00007fffbebeb000 	C:\Program Files\Java\jdk-11.0.16\bin\management_ext.dll
0x00007fffd0900000 - 0x00007fffd0917000 	C:\Windows\system32\napinsp.dll
0x00007fffc2140000 - 0x00007fffc215b000 	C:\Windows\system32\pnrpnsp.dll
0x00007fffc2120000 - 0x00007fffc2135000 	C:\Windows\system32\wshbth.dll
0x00007fffd5700000 - 0x00007fffd571d000 	C:\Windows\system32\NLAapi.dll
0x00007fffd9280000 - 0x00007fffd92bb000 	C:\Windows\SYSTEM32\IPHLPAPI.DLL
0x00007fffd92c0000 - 0x00007fffd938a000 	C:\Windows\SYSTEM32\DNSAPI.dll
0x00007fffdc3a0000 - 0x00007fffdc3a8000 	C:\Windows\System32\NSI.dll
0x00007fffc2100000 - 0x00007fffc2112000 	C:\Windows\System32\winrnr.dll
0x00007fffd1150000 - 0x00007fffd115a000 	C:\Windows\System32\rasadhlp.dll
0x00007fffd13e0000 - 0x00007fffd1460000 	C:\Windows\System32\fwpuclnt.dll
0x00007fffda2d0000 - 0x00007fffda2f7000 	C:\Windows\System32\bcrypt.dll

dbghelp: loaded successfully - version: 4.0.5 - missing functions: none
symbol engine: initialized successfully - sym options: 0x614 - pdb path: .;C:\Program Files\Java\jdk-11.0.16\bin;C:\Windows\SYSTEM32;C:\Windows\WinSxS\amd64_microsoft.windows.common-controls_6595b64144ccf1df_6.0.19041.1110_none_60b5254171f9507e;C:\Program Files\Java\jdk-11.0.16\bin\server;C:\Program Files\JetBrains\IntelliJ IDEA Community Edition 2022.2.1\bin

VM Arguments:
jvm_args: -ea -Didea.test.cyclic.buffer.size=1048576 -javaagent:C:\Program Files\JetBrains\IntelliJ IDEA Community Edition 2022.2.1\lib\idea_rt.jar=63757:C:\Program Files\JetBrains\IntelliJ IDEA Community Edition 2022.2.1\bin -Dfile.encoding=UTF-8 
java_command: com.intellij.rt.junit.JUnitStarter -ideVersion5 -junit5 com.example.Pension.Managment.System.PensionServiceTest
java_class_path (initial): C:\Users\sfjbs\.m2\repository\org\junit\platform\junit-platform-launcher\1.8.2\junit-platform-launcher-1.8.2.jar;C:\Users\sfjbs\.m2\repository\org\junit\vintage\junit-vintage-engine\5.8.2\junit-vintage-engine-5.8.2.jar;C:\Program Files\JetBrains\IntelliJ IDEA Community Edition 2022.2.1\lib\idea_rt.jar;C:\Program Files\JetBrains\IntelliJ IDEA Community Edition 2022.2.1\plugins\junit\lib\junit5-rt.jar;C:\Program Files\JetBrains\IntelliJ IDEA Community Edition 2022.2.1\plugins\junit\lib\junit-rt.jar;C:\Mini Project\Pension-Managment-System\target\test-classes;C:\Mini Project\Pension-Managment-System\target\classes;C:\Users\sfjbs\.m2\repository\org\springframework\boot\spring-boot-starter-web\2.7.5\spring-boot-starter-web-2.7.5.jar;C:\Users\sfjbs\.m2\repository\org\springframework\boot\spring-boot-starter\2.7.5\spring-boot-starter-2.7.5.jar;C:\Users\sfjbs\.m2\repository\org\springframework\boot\spring-boot\2.7.5\spring-boot-2.7.5.jar;C:\Users\sfjbs\.m2\repository\org\springframework\boot\spring-boot-autoconfigure\2.7.5\spring-boot-autoconfigure-2.7.5.jar;C:\Users\sfjbs\.m2\repository\org\springframework\boot\spring-boot-starter-logging\2.7.5\spring-boot-starter-logging-2.7.5.jar;C:\Users\sfjbs\.m2\repository\ch\qos\logback\logback-classic\1.2.11\logback-classic-1.2.11.jar;C:\Users\sfjbs\.m2\repository\ch\qos\logback\logback-core\1.2.11\logback-core-1.2.11.jar;C:\Users\sfjbs\.m2\repository\org\apache\logging\log4j\log4j-to-slf4j\2.17.2\log4j-to-slf4j-2.17.2.jar;C:\Users\sfjbs\.m2\repository\org\apache\logging\log4j\log4j-api\2.17.2\log4j-api-2.17.2.jar;C:\Users\sfjbs\.m2\repository\org\slf4j\jul-to-slf4j\1.7.36\jul-to-slf4j-1.7.36.jar;C:\Users\sfjbs\.m2\repository\jakarta\annotation\jakarta.annotation-api\1.3.5\jakarta.annotation-api-1.3.5.jar;C:\Users\sfjbs\.m2\repository\org\yaml\snakeyaml\1.30\snakeyaml-1.30.jar;C:\Users\sfjbs\.m2\repository\org\springframework\boot\spring-boot-starter-json\2.7.5\spring-boot-starter-json-2.7.5.jar;C:\Users
Launcher Type: SUN_STANDARD

[Global flags]
     intx CICompilerCount                          = 2                                         {product} {ergonomic}
     uint ConcGCThreads                            = 1                                         {product} {ergonomic}
     uint G1ConcRefinementThreads                  = 2                                         {product} {ergonomic}
   size_t G1HeapRegionSize                         = 1048576                                   {product} {ergonomic}
    uintx GCDrainStackTargetSize                   = 64                                        {product} {ergonomic}
   size_t InitialHeapSize                          = 134217728                                 {product} {ergonomic}
   size_t MarkStackSize                            = 4194304                                   {product} {ergonomic}
   size_t MaxHeapSize                              = 2147483648                                {product} {ergonomic}
   size_t MaxNewSize                               = 1287651328                                {product} {ergonomic}
   size_t MinHeapDeltaBytes                        = 1048576                                   {product} {ergonomic}
    uintx NonNMethodCodeHeapSize                   = 5825164                                {pd product} {ergonomic}
    uintx NonProfiledCodeHeapSize                  = 122916538                              {pd product} {ergonomic}
    uintx ProfiledCodeHeapSize                     = 122916538                              {pd product} {ergonomic}
    uintx ReservedCodeCacheSize                    = 251658240                              {pd product} {ergonomic}
     bool SegmentedCodeCache                       = true                                      {product} {ergonomic}
     bool UseCompressedClassPointers               = true                                 {lp64_product} {ergonomic}
     bool UseCompressedOops                        = true                                 {lp64_product} {ergonomic}
     bool UseG1GC                                  = true                                      {product} {ergonomic}
     bool UseLargePagesIndividualAllocation        = false                                  {pd product} {ergonomic}

Logging:
Log output configuration:
 #0: stdout all=warning uptime,level,tags
 #1: stderr all=off uptime,level,tags

Environment Variables:
PATH=C:\Program Files\Common Files\Oracle\Java\javapath;C:\Windows\system32;C:\Windows;C:\Windows\System32\Wbem;C:\Windows\System32\WindowsPowerShell\v1.0\;C:\Windows\System32\OpenSSH\;C:\Users\sfjbs\Downloads\micro service-20221021T071039Z-001\micro service\apache-maven-3.8.5-bin\apache-maven-3.8.5\bin;C:\Users\sfjbs\Downloads\micro service-20221021T071039Z-001\micro service\apache-maven-3.8.5-bin\apache-maven-3.8.5\lib;C:\Program Files\Git\cmd;C:\Program Files\Docker\Docker\resources\bin;C:\Users\sfjbs\AppData\Local\Microsoft\WindowsApps;C:\Users\sfjbs\Downloads\micro service-20221021T071039Z-001\micro service\apache-maven-3.8.5-bin\apache-maven-3.8.5\bin;C:\Users\sfjbs\Downloads\micro service-20221021T071039Z-001\micro service\apache-maven-3.8.5-bin\apache-maven-3.8.5\lib;;C:\Program Files\JetBrains\IntelliJ IDEA Community Edition 2022.2.1\bin;
USERNAME=sfjbs
OS=Windows_NT
PROCESSOR_IDENTIFIER=Intel64 Family 6 Model 106 Stepping 6, GenuineIntel



---------------  S Y S T E M  ---------------

OS: Windows 10 , 64 bit Build 19041 (10.0.19041.2251)
Hyper-V role detected

CPU:total 2 (initial active 2) (1 cores per cpu, 2 threads per core) family 6 model 106 stepping 6 microcode 0xffffffff, cmov, cx8, fxsr, mmx, sse, sse2, sse3, ssse3, sse4.1, sse4.2, popcnt, avx, avx2, aes, clmul, erms, rtm, 3dnowpref, lzcnt, ht, tsc, bmi1, bmi2, adx, evex, fma

Memory: 4k page, system-wide physical 8190M (1055M free)
TotalPageFile size 10238M (AvailPageFile size 8M)
current process WorkingSet (physical memory assigned to process): 236M, peak: 236M
current process commit charge ("private bytes"): 311M, peak: 341M

vm_info: Java HotSpot(TM) 64-Bit Server VM (11.0.16+11-LTS-199) for windows-amd64 JRE (11.0.16+11-LTS-199), built on Jun 28 2022 08:23:17 by "mach5one" with MS VC++ 15.9 (VS2017)

END.
