#
# There is insufficient memory for the Java Runtime Environment to continue.
# Native memory allocation (mmap) failed to map 27262976 bytes for Failed to commit area from 0x0000000088000000 to 0x0000000089a00000 of length 27262976.
# Possible reasons:
#   The system is out of physical RAM or swap space
#   The process is running with CompressedOops enabled, and the Java Heap may be blocking the growth of the native heap
# Possible solutions:
#   Reduce memory load on the system
#   Increase physical memory or swap space
#   Check if swap backing store is full
#   Decrease Java heap size (-Xmx/-Xms)
#   Decrease number of Java threads
#   Decrease Java thread stack sizes (-Xss)
#   Set larger code cache with -XX:ReservedCodeCacheSize=
#   JVM is running with Unscaled Compressed Oops mode in which the Java heap is
#     placed in the first 4GB address space. The Java Heap base address is the
#     maximum limit for the native heap growth. Please use -XX:HeapBaseMinAddress
#     to set the Java Heap base and to place the Java Heap above 4GB virtual address.
# This output file may be truncated or incomplete.
#
#  Out of Memory Error (./open/src/hotspot/os/windows/os_windows.cpp:3287), pid=5048, tid=1188
#
# JRE version: Java(TM) SE Runtime Environment 18.9 (11.0.16+11) (build 11.0.16+11-LTS-199)
# Java VM: Java HotSpot(TM) 64-Bit Server VM 18.9 (11.0.16+11-LTS-199, mixed mode, tiered, compressed oops, g1 gc, windows-amd64)
# No core dump will be written. Minidumps are not enabled by default on client versions of Windows
#

---------------  S U M M A R Y ------------

Command Line: -Dmaven.multiModuleProjectDirectory=C:\Mini Project\Pension-Managment-System -Dmaven.home=C:\Program Files\JetBrains\IntelliJ IDEA Community Edition 2022.2.1\plugins\maven\lib\maven3 -Dclassworlds.conf=C:\Program Files\JetBrains\IntelliJ IDEA Community Edition 2022.2.1\plugins\maven\lib\maven3\bin\m2.conf -Dmaven.ext.class.path=C:\Program Files\JetBrains\IntelliJ IDEA Community Edition 2022.2.1\plugins\maven\lib\maven-event-listener.jar -javaagent:C:\Program Files\JetBrains\IntelliJ IDEA Community Edition 2022.2.1\lib\idea_rt.jar=63121:C:\Program Files\JetBrains\IntelliJ IDEA Community Edition 2022.2.1\bin -Dfile.encoding=UTF-8 org.codehaus.classworlds.Launcher -Didea.version=2022.2.1 clean install

Host: Intel(R) Xeon(R) Platinum 8370C CPU @ 2.80GHz, 2 cores, 7G,  Windows 10 , 64 bit Build 19041 (10.0.19041.2251)
Time: Wed Nov 16 19:04:30 2022 Coordinated Universal Time elapsed time: 4.951121 seconds (0d 0h 0m 4s)

---------------  T H R E A D  ---------------

Current thread (0x000002e928054000):  VMThread "VM Thread" [stack: 0x000000f420000000,0x000000f420100000] [id=1188]

Stack: [0x000000f420000000,0x000000f420100000]
[error occurred during error reporting (printing stack bounds), id 0xc0000005, EXCEPTION_ACCESS_VIOLATION (0xc0000005) at pc=0x000002e911c810e7]

Native frames: (J=compiled Java code, j=interpreted, Vv=VM code, C=native code)
V  [jvm.dll+0x62a3ea]
V  [jvm.dll+0x76418f]
V  [jvm.dll+0x765839]
V  [jvm.dll+0x765e25]
V  [jvm.dll+0x765ddb]
V  [jvm.dll+0x6298d3]
V  [jvm.dll+0x629fe8]
C  [ntdll.dll+0xa241f]
C  [ntdll.dll+0x514a4]
C  [ntdll.dll+0xa0f4e]
C  0x000002e911c810e7

VM_Operation (0x000000f41f9fb050): CollectForMetadataAllocation, mode: safepoint, requested by thread 0x000002e908d96000


---------------  P R O C E S S  ---------------

Threads class SMR info:
_java_thread_list=0x000002e928cf2c20, length=11, elements={
0x000002e908d96000, 0x000002e928040000, 0x000002e928041800, 0x000002e9289f2800,
0x000002e928069800, 0x000002e92806a000, 0x000002e92806d800, 0x000002e928a1a800,
0x000002e928a1d800, 0x000002e908e6d000, 0x000002e928ba3800
}

Java Threads: ( => current thread )
  0x000002e908d96000 JavaThread "main" [_thread_blocked, id=11068, stack(0x000000f41f900000,0x000000f41fa00000)]
  0x000002e928040000 JavaThread "Reference Handler" daemon [_thread_blocked, id=5664, stack(0x000000f420100000,0x000000f420200000)]
  0x000002e928041800 JavaThread "Finalizer" daemon [_thread_blocked, id=7744, stack(0x000000f420200000,0x000000f420300000)]
  0x000002e9289f2800 JavaThread "Signal Dispatcher" daemon [_thread_blocked, id=10084, stack(0x000000f420300000,0x000000f420400000)]
  0x000002e928069800 JavaThread "Attach Listener" daemon [_thread_blocked, id=7680, stack(0x000000f420400000,0x000000f420500000)]
  0x000002e92806a000 JavaThread "Service Thread" daemon [_thread_blocked, id=2352, stack(0x000000f420500000,0x000000f420600000)]
  0x000002e92806d800 JavaThread "C2 CompilerThread0" daemon [_thread_blocked, id=2156, stack(0x000000f420600000,0x000000f420700000)]
  0x000002e928a1a800 JavaThread "C1 CompilerThread0" daemon [_thread_blocked, id=5380, stack(0x000000f420700000,0x000000f420800000)]
  0x000002e928a1d800 JavaThread "Sweeper thread" daemon [_thread_blocked, id=11836, stack(0x000000f420800000,0x000000f420900000)]
  0x000002e908e6d000 JavaThread "Common-Cleaner" daemon [_thread_blocked, id=5400, stack(0x000000f420900000,0x000000f420a00000)]
  0x000002e928ba3800 JavaThread "Monitor Ctrl-Break" daemon [_thread_in_native, id=1056, stack(0x000000f420a00000,0x000000f420b00000)]

Other Threads:
=>0x000002e928054000 VMThread "VM Thread" [stack: 0x000000f420000000,0x000000f420100000] [id=1188]
  0x000002e928ba5800 WatcherThread [stack: 0x000000f420b00000,0x000000f420c00000] [id=8532]
  0x000002e908dab000 GCTaskThread "GC Thread#0" [stack: 0x000000f41fb00000,0x000000f41fc00000] [id=6836]
  0x000002e928ed4000 GCTaskThread "GC Thread#1" [stack: 0x000000f420c00000,0x000000f420d00000] [id=6136]
  0x000002e908dda000 ConcurrentGCThread "G1 Main Marker" [stack: 0x000000f41fc00000,0x000000f41fd00000] [id=8852]
  0x000002e908ddc800 ConcurrentGCThread "G1 Conc#0" [stack: 0x000000f41fd00000,0x000000f41fe00000] [id=7232]
  0x000002e908e64000 ConcurrentGCThread "G1 Refine#0" [stack: 0x000000f41fe00000,0x000000f41ff00000] [id=8320]
  0x000002e908e65000 ConcurrentGCThread "G1 Young RemSet Sampling" [stack: 0x000000f41ff00000,0x000000f420000000] [id=12024]

Threads with active compile tasks:
C2 CompilerThread0     4968 2633       4       org.apache.maven.model.Dependency::getManagementKey (94 bytes)

VM state:at safepoint (normal execution)

VM Mutex/Monitor currently owned by a thread:  ([mutex/lock_event])
[0x000002e908d91a70] Threads_lock - owner thread: 0x000002e928054000
[0x000002e908d915f0] Heap_lock - owner thread: 0x000002e908d96000

Heap address: 0x0000000080000000, size: 2048 MB, Compressed Oops mode: 32-bit
Narrow klass base: 0x0000000000000000, Narrow klass shift: 3
Compressed class space size: 1073741824 Address: 0x0000000100000000

Heap:
 garbage-first heap   total 157696K, used 8968K [0x0000000080000000, 0x0000000100000000)
  region size 1024K, 5 young (5120K), 5 survivors (5120K)
 Metaspace       used 20858K, capacity 21111K, committed 21248K, reserved 1069056K
  class space    used 2202K, capacity 2296K, committed 2304K, reserved 1048576K
Heap Regions: E=young(eden), S=young(survivor), O=old, HS=humongous(starts), HC=humongous(continues), CS=collection set, F=free, A=archive, TAMS=top-at-mark-start (previous, next)
|   0|0x0000000080000000, 0x0000000080100000, 0x0000000080100000|100%| O|  |TAMS 0x0000000080000000, 0x0000000080100000| Untracked 
|   1|0x0000000080100000, 0x0000000080200000, 0x0000000080200000|100%| O|  |TAMS 0x0000000080100000, 0x0000000080200000| Untracked 
|   2|0x0000000080200000, 0x0000000080300000, 0x0000000080300000|100%| O|  |TAMS 0x0000000080200000, 0x0000000080300000| Untracked 
|   3|0x0000000080300000, 0x00000000803c2000, 0x0000000080400000| 75%| O|  |TAMS 0x0000000080300000, 0x00000000803c2000| Untracked 
|   4|0x0000000080400000, 0x0000000080400000, 0x0000000080500000|  0%| F|  |TAMS 0x0000000080400000, 0x0000000080400000| Untracked 
|   5|0x0000000080500000, 0x0000000080500000, 0x0000000080600000|  0%| F|  |TAMS 0x0000000080500000, 0x0000000080500000| Untracked 
|   6|0x0000000080600000, 0x0000000080600000, 0x0000000080700000|  0%| F|  |TAMS 0x0000000080600000, 0x0000000080600000| Untracked 
|   7|0x0000000080700000, 0x0000000080700000, 0x0000000080800000|  0%| F|  |TAMS 0x0000000080700000, 0x0000000080700000| Untracked 
|   8|0x0000000080800000, 0x0000000080800000, 0x0000000080900000|  0%| F|  |TAMS 0x0000000080800000, 0x0000000080800000| Untracked 
|   9|0x0000000080900000, 0x0000000080900000, 0x0000000080a00000|  0%| F|  |TAMS 0x0000000080900000, 0x0000000080900000| Untracked 
|  10|0x0000000080a00000, 0x0000000080a00000, 0x0000000080b00000|  0%| F|  |TAMS 0x0000000080a00000, 0x0000000080a00000| Untracked 
|  11|0x0000000080b00000, 0x0000000080b00000, 0x0000000080c00000|  0%| F|  |TAMS 0x0000000080b00000, 0x0000000080b00000| Untracked 
|  12|0x0000000080c00000, 0x0000000080c00000, 0x0000000080d00000|  0%| F|  |TAMS 0x0000000080c00000, 0x0000000080c00000| Untracked 
|  13|0x0000000080d00000, 0x0000000080d00000, 0x0000000080e00000|  0%| F|  |TAMS 0x0000000080d00000, 0x0000000080d00000| Untracked 
|  14|0x0000000080e00000, 0x0000000080e00000, 0x0000000080f00000|  0%| F|  |TAMS 0x0000000080e00000, 0x0000000080e00000| Untracked 
|  15|0x0000000080f00000, 0x0000000080f00000, 0x0000000081000000|  0%| F|  |TAMS 0x0000000080f00000, 0x0000000080f00000| Untracked 
|  16|0x0000000081000000, 0x0000000081000000, 0x0000000081100000|  0%| F|  |TAMS 0x0000000081000000, 0x0000000081000000| Untracked 
|  17|0x0000000081100000, 0x0000000081100000, 0x0000000081200000|  0%| F|  |TAMS 0x0000000081100000, 0x0000000081100000| Untracked 
|  18|0x0000000081200000, 0x0000000081200000, 0x0000000081300000|  0%| F|  |TAMS 0x0000000081200000, 0x0000000081200000| Untracked 
|  19|0x0000000081300000, 0x0000000081300000, 0x0000000081400000|  0%| F|  |TAMS 0x0000000081300000, 0x0000000081300000| Untracked 
|  20|0x0000000081400000, 0x0000000081400000, 0x0000000081500000|  0%| F|  |TAMS 0x0000000081400000, 0x0000000081400000| Untracked 
|  21|0x0000000081500000, 0x0000000081500000, 0x0000000081600000|  0%| F|  |TAMS 0x0000000081500000, 0x0000000081500000| Untracked 
|  22|0x0000000081600000, 0x0000000081600000, 0x0000000081700000|  0%| F|  |TAMS 0x0000000081600000, 0x0000000081600000| Untracked 
|  23|0x0000000081700000, 0x0000000081700000, 0x0000000081800000|  0%| F|  |TAMS 0x0000000081700000, 0x0000000081700000| Untracked 
|  24|0x0000000081800000, 0x0000000081800000, 0x0000000081900000|  0%| F|  |TAMS 0x0000000081800000, 0x0000000081800000| Untracked 
|  25|0x0000000081900000, 0x0000000081900000, 0x0000000081a00000|  0%| F|  |TAMS 0x0000000081900000, 0x0000000081900000| Untracked 
|  26|0x0000000081a00000, 0x0000000081a00000, 0x0000000081b00000|  0%| F|  |TAMS 0x0000000081a00000, 0x0000000081a00000| Untracked 
|  27|0x0000000081b00000, 0x0000000081b00000, 0x0000000081c00000|  0%| F|  |TAMS 0x0000000081b00000, 0x0000000081b00000| Untracked 
|  28|0x0000000081c00000, 0x0000000081c00000, 0x0000000081d00000|  0%| F|  |TAMS 0x0000000081c00000, 0x0000000081c00000| Untracked 
|  29|0x0000000081d00000, 0x0000000081d00000, 0x0000000081e00000|  0%| F|  |TAMS 0x0000000081d00000, 0x0000000081d00000| Untracked 
|  30|0x0000000081e00000, 0x0000000081e00000, 0x0000000081f00000|  0%| F|  |TAMS 0x0000000081e00000, 0x0000000081e00000| Untracked 
|  31|0x0000000081f00000, 0x0000000081f00000, 0x0000000082000000|  0%| F|  |TAMS 0x0000000081f00000, 0x0000000081f00000| Untracked 
|  32|0x0000000082000000, 0x0000000082000000, 0x0000000082100000|  0%| F|  |TAMS 0x0000000082000000, 0x0000000082000000| Untracked 
|  33|0x0000000082100000, 0x0000000082100000, 0x0000000082200000|  0%| F|  |TAMS 0x0000000082100000, 0x0000000082100000| Untracked 
|  34|0x0000000082200000, 0x0000000082200000, 0x0000000082300000|  0%| F|  |TAMS 0x0000000082200000, 0x0000000082200000| Untracked 
|  35|0x0000000082300000, 0x0000000082300000, 0x0000000082400000|  0%| F|  |TAMS 0x0000000082300000, 0x0000000082300000| Untracked 
|  36|0x0000000082400000, 0x0000000082400000, 0x0000000082500000|  0%| F|  |TAMS 0x0000000082400000, 0x0000000082400000| Untracked 
|  37|0x0000000082500000, 0x0000000082500000, 0x0000000082600000|  0%| F|  |TAMS 0x0000000082500000, 0x0000000082500000| Untracked 
|  38|0x0000000082600000, 0x0000000082600000, 0x0000000082700000|  0%| F|  |TAMS 0x0000000082600000, 0x0000000082600000| Untracked 
|  39|0x0000000082700000, 0x0000000082700000, 0x0000000082800000|  0%| F|  |TAMS 0x0000000082700000, 0x0000000082700000| Untracked 
|  40|0x0000000082800000, 0x0000000082800000, 0x0000000082900000|  0%| F|  |TAMS 0x0000000082800000, 0x0000000082800000| Untracked 
|  41|0x0000000082900000, 0x0000000082900000, 0x0000000082a00000|  0%| F|  |TAMS 0x0000000082900000, 0x0000000082900000| Untracked 
|  42|0x0000000082a00000, 0x0000000082a00000, 0x0000000082b00000|  0%| F|  |TAMS 0x0000000082a00000, 0x0000000082a00000| Untracked 
|  43|0x0000000082b00000, 0x0000000082b00000, 0x0000000082c00000|  0%| F|  |TAMS 0x0000000082b00000, 0x0000000082b00000| Untracked 
|  44|0x0000000082c00000, 0x0000000082c00000, 0x0000000082d00000|  0%| F|  |TAMS 0x0000000082c00000, 0x0000000082c00000| Untracked 
|  45|0x0000000082d00000, 0x0000000082d00000, 0x0000000082e00000|  0%| F|  |TAMS 0x0000000082d00000, 0x0000000082d00000| Untracked 
|  46|0x0000000082e00000, 0x0000000082e00000, 0x0000000082f00000|  0%| F|  |TAMS 0x0000000082e00000, 0x0000000082e00000| Untracked 
|  47|0x0000000082f00000, 0x0000000082f00000, 0x0000000083000000|  0%| F|  |TAMS 0x0000000082f00000, 0x0000000082f00000| Untracked 
|  48|0x0000000083000000, 0x0000000083000000, 0x0000000083100000|  0%| F|  |TAMS 0x0000000083000000, 0x0000000083000000| Untracked 
|  49|0x0000000083100000, 0x0000000083100000, 0x0000000083200000|  0%| F|  |TAMS 0x0000000083100000, 0x0000000083100000| Untracked 
|  50|0x0000000083200000, 0x0000000083200000, 0x0000000083300000|  0%| F|  |TAMS 0x0000000083200000, 0x0000000083200000| Untracked 
|  51|0x0000000083300000, 0x0000000083300000, 0x0000000083400000|  0%| F|  |TAMS 0x0000000083300000, 0x0000000083300000| Untracked 
|  52|0x0000000083400000, 0x0000000083400000, 0x0000000083500000|  0%| F|  |TAMS 0x0000000083400000, 0x0000000083400000| Untracked 
|  53|0x0000000083500000, 0x0000000083500000, 0x0000000083600000|  0%| F|  |TAMS 0x0000000083500000, 0x0000000083500000| Untracked 
|  54|0x0000000083600000, 0x0000000083600000, 0x0000000083700000|  0%| F|  |TAMS 0x0000000083600000, 0x0000000083600000| Untracked 
|  55|0x0000000083700000, 0x0000000083700000, 0x0000000083800000|  0%| F|  |TAMS 0x0000000083700000, 0x0000000083700000| Untracked 
|  56|0x0000000083800000, 0x0000000083800000, 0x0000000083900000|  0%| F|  |TAMS 0x0000000083800000, 0x0000000083800000| Untracked 
|  57|0x0000000083900000, 0x0000000083900000, 0x0000000083a00000|  0%| F|  |TAMS 0x0000000083900000, 0x0000000083900000| Untracked 
|  58|0x0000000083a00000, 0x0000000083a00000, 0x0000000083b00000|  0%| F|  |TAMS 0x0000000083a00000, 0x0000000083a00000| Untracked 
|  59|0x0000000083b00000, 0x0000000083b00000, 0x0000000083c00000|  0%| F|  |TAMS 0x0000000083b00000, 0x0000000083b00000| Untracked 
|  60|0x0000000083c00000, 0x0000000083c00000, 0x0000000083d00000|  0%| F|  |TAMS 0x0000000083c00000, 0x0000000083c00000| Untracked 
|  61|0x0000000083d00000, 0x0000000083d00000, 0x0000000083e00000|  0%| F|  |TAMS 0x0000000083d00000, 0x0000000083d00000| Untracked 
|  62|0x0000000083e00000, 0x0000000083e00000, 0x0000000083f00000|  0%| F|  |TAMS 0x0000000083e00000, 0x0000000083e00000| Untracked 
|  63|0x0000000083f00000, 0x0000000083f00000, 0x0000000084000000|  0%| F|  |TAMS 0x0000000083f00000, 0x0000000083f00000| Untracked 
|  64|0x0000000084000000, 0x0000000084000000, 0x0000000084100000|  0%| F|  |TAMS 0x0000000084000000, 0x0000000084000000| Untracked 
|  65|0x0000000084100000, 0x0000000084100000, 0x0000000084200000|  0%| F|  |TAMS 0x0000000084100000, 0x0000000084100000| Untracked 
|  66|0x0000000084200000, 0x0000000084200000, 0x0000000084300000|  0%| F|  |TAMS 0x0000000084200000, 0x0000000084200000| Untracked 
|  67|0x0000000084300000, 0x0000000084300000, 0x0000000084400000|  0%| F|  |TAMS 0x0000000084300000, 0x0000000084300000| Untracked 
|  68|0x0000000084400000, 0x0000000084400000, 0x0000000084500000|  0%| F|  |TAMS 0x0000000084400000, 0x0000000084400000| Untracked 
|  69|0x0000000084500000, 0x0000000084500000, 0x0000000084600000|  0%| F|  |TAMS 0x0000000084500000, 0x0000000084500000| Untracked 
|  70|0x0000000084600000, 0x0000000084600000, 0x0000000084700000|  0%| F|  |TAMS 0x0000000084600000, 0x0000000084600000| Untracked 
|  71|0x0000000084700000, 0x0000000084700000, 0x0000000084800000|  0%| F|  |TAMS 0x0000000084700000, 0x0000000084700000| Untracked 
|  72|0x0000000084800000, 0x0000000084800000, 0x0000000084900000|  0%| F|  |TAMS 0x0000000084800000, 0x0000000084800000| Untracked 
|  73|0x0000000084900000, 0x0000000084900000, 0x0000000084a00000|  0%| F|  |TAMS 0x0000000084900000, 0x0000000084900000| Untracked 
|  74|0x0000000084a00000, 0x0000000084a00000, 0x0000000084b00000|  0%| F|  |TAMS 0x0000000084a00000, 0x0000000084a00000| Untracked 
|  75|0x0000000084b00000, 0x0000000084b00000, 0x0000000084c00000|  0%| F|  |TAMS 0x0000000084b00000, 0x0000000084b00000| Untracked 
|  76|0x0000000084c00000, 0x0000000084c00000, 0x0000000084d00000|  0%| F|  |TAMS 0x0000000084c00000, 0x0000000084c00000| Untracked 
|  77|0x0000000084d00000, 0x0000000084d00000, 0x0000000084e00000|  0%| F|  |TAMS 0x0000000084d00000, 0x0000000084d00000| Untracked 
|  78|0x0000000084e00000, 0x0000000084e00000, 0x0000000084f00000|  0%| F|  |TAMS 0x0000000084e00000, 0x0000000084e00000| Untracked 
|  79|0x0000000084f00000, 0x0000000084f00000, 0x0000000085000000|  0%| F|  |TAMS 0x0000000084f00000, 0x0000000084f00000| Untracked 
|  80|0x0000000085000000, 0x0000000085000000, 0x0000000085100000|  0%| F|  |TAMS 0x0000000085000000, 0x0000000085000000| Untracked 
|  81|0x0000000085100000, 0x0000000085100000, 0x0000000085200000|  0%| F|  |TAMS 0x0000000085100000, 0x0000000085100000| Untracked 
|  82|0x0000000085200000, 0x0000000085200000, 0x0000000085300000|  0%| F|  |TAMS 0x0000000085200000, 0x0000000085200000| Untracked 
|  83|0x0000000085300000, 0x0000000085300000, 0x0000000085400000|  0%| F|  |TAMS 0x0000000085300000, 0x0000000085300000| Untracked 
|  84|0x0000000085400000, 0x0000000085400000, 0x0000000085500000|  0%| F|  |TAMS 0x0000000085400000, 0x0000000085400000| Untracked 
|  85|0x0000000085500000, 0x0000000085500000, 0x0000000085600000|  0%| F|  |TAMS 0x0000000085500000, 0x0000000085500000| Untracked 
|  86|0x0000000085600000, 0x0000000085600000, 0x0000000085700000|  0%| F|  |TAMS 0x0000000085600000, 0x0000000085600000| Untracked 
|  87|0x0000000085700000, 0x0000000085700000, 0x0000000085800000|  0%| F|  |TAMS 0x0000000085700000, 0x0000000085700000| Untracked 
|  88|0x0000000085800000, 0x0000000085800000, 0x0000000085900000|  0%| F|  |TAMS 0x0000000085800000, 0x0000000085800000| Untracked 
|  89|0x0000000085900000, 0x0000000085900000, 0x0000000085a00000|  0%| F|  |TAMS 0x0000000085900000, 0x0000000085900000| Untracked 
|  90|0x0000000085a00000, 0x0000000085a00000, 0x0000000085b00000|  0%| F|  |TAMS 0x0000000085a00000, 0x0000000085a00000| Untracked 
|  91|0x0000000085b00000, 0x0000000085b00000, 0x0000000085c00000|  0%| F|  |TAMS 0x0000000085b00000, 0x0000000085b00000| Untracked 
|  92|0x0000000085c00000, 0x0000000085c00000, 0x0000000085d00000|  0%| F|  |TAMS 0x0000000085c00000, 0x0000000085c00000| Untracked 
|  93|0x0000000085d00000, 0x0000000085d00000, 0x0000000085e00000|  0%| F|  |TAMS 0x0000000085d00000, 0x0000000085d00000| Untracked 
|  94|0x0000000085e00000, 0x0000000085e00000, 0x0000000085f00000|  0%| F|  |TAMS 0x0000000085e00000, 0x0000000085e00000| Untracked 
|  95|0x0000000085f00000, 0x0000000085f00000, 0x0000000086000000|  0%| F|  |TAMS 0x0000000085f00000, 0x0000000085f00000| Untracked 
|  96|0x0000000086000000, 0x0000000086000000, 0x0000000086100000|  0%| F|  |TAMS 0x0000000086000000, 0x0000000086000000| Untracked 
|  97|0x0000000086100000, 0x0000000086100000, 0x0000000086200000|  0%| F|  |TAMS 0x0000000086100000, 0x0000000086100000| Untracked 
|  98|0x0000000086200000, 0x0000000086200000, 0x0000000086300000|  0%| F|  |TAMS 0x0000000086200000, 0x0000000086200000| Untracked 
|  99|0x0000000086300000, 0x0000000086300000, 0x0000000086400000|  0%| F|  |TAMS 0x0000000086300000, 0x0000000086300000| Untracked 
| 100|0x0000000086400000, 0x0000000086400000, 0x0000000086500000|  0%| F|  |TAMS 0x0000000086400000, 0x0000000086400000| Untracked 
| 101|0x0000000086500000, 0x0000000086500000, 0x0000000086600000|  0%| F|  |TAMS 0x0000000086500000, 0x0000000086500000| Untracked 
| 102|0x0000000086600000, 0x0000000086600000, 0x0000000086700000|  0%| F|  |TAMS 0x0000000086600000, 0x0000000086600000| Untracked 
| 103|0x0000000086700000, 0x0000000086700000, 0x0000000086800000|  0%| F|  |TAMS 0x0000000086700000, 0x0000000086700000| Untracked 
| 104|0x0000000086800000, 0x0000000086800000, 0x0000000086900000|  0%| F|  |TAMS 0x0000000086800000, 0x0000000086800000| Untracked 
| 105|0x0000000086900000, 0x0000000086900000, 0x0000000086a00000|  0%| F|  |TAMS 0x0000000086900000, 0x0000000086900000| Untracked 
| 106|0x0000000086a00000, 0x0000000086a00000, 0x0000000086b00000|  0%| F|  |TAMS 0x0000000086a00000, 0x0000000086a00000| Untracked 
| 107|0x0000000086b00000, 0x0000000086b00000, 0x0000000086c00000|  0%| F|  |TAMS 0x0000000086b00000, 0x0000000086b00000| Untracked 
| 108|0x0000000086c00000, 0x0000000086c00000, 0x0000000086d00000|  0%| F|  |TAMS 0x0000000086c00000, 0x0000000086c00000| Untracked 
| 109|0x0000000086d00000, 0x0000000086d00000, 0x0000000086e00000|  0%| F|  |TAMS 0x0000000086d00000, 0x0000000086d00000| Untracked 
| 110|0x0000000086e00000, 0x0000000086e00000, 0x0000000086f00000|  0%| F|  |TAMS 0x0000000086e00000, 0x0000000086e00000| Untracked 
| 111|0x0000000086f00000, 0x0000000087000000, 0x0000000087000000|100%| S|CS|TAMS 0x0000000086f00000, 0x0000000086f00000| Complete 
| 112|0x0000000087000000, 0x0000000087100000, 0x0000000087100000|100%| S|CS|TAMS 0x0000000087000000, 0x0000000087000000| Complete 
| 113|0x0000000087100000, 0x0000000087200000, 0x0000000087200000|100%| S|CS|TAMS 0x0000000087100000, 0x0000000087100000| Complete 
| 114|0x0000000087200000, 0x0000000087300000, 0x0000000087300000|100%| S|CS|TAMS 0x0000000087200000, 0x0000000087200000| Complete 
| 115|0x0000000087300000, 0x0000000087400000, 0x0000000087400000|100%| S|CS|TAMS 0x0000000087300000, 0x0000000087300000| Complete 
| 116|0x0000000087400000, 0x0000000087400000, 0x0000000087500000|  0%| F|  |TAMS 0x0000000087400000, 0x0000000087400000| Untracked 
| 117|0x0000000087500000, 0x0000000087500000, 0x0000000087600000|  0%| F|  |TAMS 0x0000000087500000, 0x0000000087500000| Untracked 
| 118|0x0000000087600000, 0x0000000087600000, 0x0000000087700000|  0%| F|  |TAMS 0x0000000087600000, 0x0000000087600000| Untracked 
| 119|0x0000000087700000, 0x0000000087700000, 0x0000000087800000|  0%| F|  |TAMS 0x0000000087700000, 0x0000000087700000| Untracked 
| 120|0x0000000087800000, 0x0000000087800000, 0x0000000087900000|  0%| F|  |TAMS 0x0000000087800000, 0x0000000087800000| Untracked 
| 121|0x0000000087900000, 0x0000000087900000, 0x0000000087a00000|  0%| F|  |TAMS 0x0000000087900000, 0x0000000087900000| Untracked 
| 122|0x0000000087a00000, 0x0000000087a00000, 0x0000000087b00000|  0%| F|  |TAMS 0x0000000087a00000, 0x0000000087a00000| Untracked 
| 123|0x0000000087b00000, 0x0000000087b00000, 0x0000000087c00000|  0%| F|  |TAMS 0x0000000087b00000, 0x0000000087b00000| Untracked 
| 124|0x0000000087c00000, 0x0000000087c00000, 0x0000000087d00000|  0%| F|  |TAMS 0x0000000087c00000, 0x0000000087c00000| Untracked 
| 125|0x0000000087d00000, 0x0000000087d00000, 0x0000000087e00000|  0%| F|  |TAMS 0x0000000087d00000, 0x0000000087d00000| Untracked 
| 126|0x0000000087e00000, 0x0000000087e00000, 0x0000000087f00000|  0%| F|  |TAMS 0x0000000087e00000, 0x0000000087e00000| Untracked 
| 127|0x0000000087f00000, 0x0000000087f00000, 0x0000000088000000|  0%| F|  |TAMS 0x0000000087f00000, 0x0000000087f00000| Untracked 

Card table byte_map: [0x000002e921490000,0x000002e921890000] _byte_map_base: 0x000002e921090000

Marking Bits (Prev, Next): (CMBitMap*) 0x000002e908dd14c8, (CMBitMap*) 0x000002e908dd1500
 Prev Bits: [0x000002e921c90000, 0x000002e923c90000)
 Next Bits: [0x000002e923c90000, 0x000002e925c90000)

Polling page: 0x000002e908b60000

Metaspace:

Usage:
  Non-class:     18.37 MB capacity,    18.22 MB (>99%) used,   134.87 KB ( <1%) free+waste,    24.50 KB ( <1%) overhead. 
      Class:      2.24 MB capacity,     2.15 MB ( 96%) used,    83.42 KB (  4%) free+waste,     9.94 KB ( <1%) overhead. 
       Both:     20.62 MB capacity,    20.37 MB ( 99%) used,   218.29 KB (  1%) free+waste,    34.44 KB ( <1%) overhead. 

Virtual space:
  Non-class space:       20.00 MB reserved,      18.50 MB ( 93%) committed 
      Class space:        1.00 GB reserved,       2.25 MB ( <1%) committed 
             Both:        1.02 GB reserved,      20.75 MB (  2%) committed 

Chunk freelists:
   Non-Class:  128 bytes
       Class:  1.00 KB
        Both:  1.13 KB

CodeHeap 'non-profiled nmethods': size=120064Kb used=1088Kb max_used=1088Kb free=118975Kb
 bounds [0x000002e919740000, 0x000002e9199b0000, 0x000002e920c80000]
CodeHeap 'profiled nmethods': size=120000Kb used=5537Kb max_used=5537Kb free=114462Kb
 bounds [0x000002e912210000, 0x000002e912780000, 0x000002e919740000]
CodeHeap 'non-nmethods': size=5696Kb used=1117Kb max_used=1156Kb free=4578Kb
 bounds [0x000002e911c80000, 0x000002e911ef0000, 0x000002e912210000]
 total_blobs=3068 nmethods=2650 adapters=329
 compilation: enabled
              stopped_count=0, restarted_count=0
 full_count=0

Compilation events (10 events):
Event: 4.918 Thread 0x000002e928a1a800 2657       1       org.apache.maven.model.building.DefaultModelBuildingRequest::getModelCache (5 bytes)
Event: 4.918 Thread 0x000002e928a1a800 nmethod 2657 0x000002e91984f790 code [0x000002e91984f920, 0x000002e91984f9d8]
Event: 4.918 Thread 0x000002e928a1a800 2658       1       org.apache.maven.project.ReactorModelCache$CacheKey::hashCode (5 bytes)
Event: 4.918 Thread 0x000002e928a1a800 nmethod 2658 0x000002e91984fa90 code [0x000002e91984fc20, 0x000002e91984fcd8]
Event: 4.918 Thread 0x000002e928a1a800 2659   !   3       org.apache.maven.model.DependencyManagement::clone (137 bytes)
Event: 4.920 Thread 0x000002e928a1a800 nmethod 2659 0x000002e912775310 code [0x000002e912775680, 0x000002e912776c48]
Event: 4.921 Thread 0x000002e928a1a800 2660       3       org.apache.maven.model.validation.DefaultModelValidator::isValidIdWithWildCards (34 bytes)
Event: 4.922 Thread 0x000002e928a1a800 nmethod 2660 0x000002e912777590 code [0x000002e9127777c0, 0x000002e912778108]
Event: 4.925 Thread 0x000002e928a1a800 2661       1       org.apache.maven.model.ModelBase::getDistributionManagement (5 bytes)
Event: 4.925 Thread 0x000002e928a1a800 nmethod 2661 0x000002e91984fd90 code [0x000002e91984ff20, 0x000002e91984ffd8]

GC Heap History (10 events):
Event: 1.282 GC heap after
{Heap after GC invocations=1 (full 0):
 garbage-first heap   total 131072K, used 2590K [0x0000000080000000, 0x0000000100000000)
  region size 1024K, 1 young (1024K), 1 survivors (1024K)
 Metaspace       used 8757K, capacity 8875K, committed 9088K, reserved 1056768K
  class space    used 793K, capacity 858K, committed 896K, reserved 1048576K
}
Event: 1.565 GC heap before
{Heap before GC invocations=1 (full 0):
 garbage-first heap   total 131072K, used 7710K [0x0000000080000000, 0x0000000100000000)
  region size 1024K, 6 young (6144K), 1 survivors (1024K)
 Metaspace       used 10469K, capacity 10662K, committed 10880K, reserved 1058816K
  class space    used 960K, capacity 1027K, committed 1152K, reserved 1048576K
}
Event: 1.569 GC heap after
{Heap after GC invocations=2 (full 0):
 garbage-first heap   total 131072K, used 3461K [0x0000000080000000, 0x0000000100000000)
  region size 1024K, 1 young (1024K), 1 survivors (1024K)
 Metaspace       used 10469K, capacity 10662K, committed 10880K, reserved 1058816K
  class space    used 960K, capacity 1027K, committed 1152K, reserved 1048576K
}
Event: 1.980 GC heap before
{Heap before GC invocations=2 (full 0):
 garbage-first heap   total 131072K, used 15749K [0x0000000080000000, 0x0000000100000000)
  region size 1024K, 13 young (13312K), 1 survivors (1024K)
 Metaspace       used 13425K, capacity 13725K, committed 14080K, reserved 1062912K
  class space    used 1352K, capacity 1431K, committed 1536K, reserved 1048576K
}
Event: 1.986 GC heap after
{Heap after GC invocations=3 (full 0):
 garbage-first heap   total 131072K, used 4064K [0x0000000080000000, 0x0000000100000000)
  region size 1024K, 2 young (2048K), 2 survivors (2048K)
 Metaspace       used 13425K, capacity 13725K, committed 14080K, reserved 1062912K
  class space    used 1352K, capacity 1431K, committed 1536K, reserved 1048576K
}
Event: 2.376 GC heap before
{Heap before GC invocations=3 (full 0):
 garbage-first heap   total 131072K, used 20448K [0x0000000080000000, 0x0000000100000000)
  region size 1024K, 19 young (19456K), 2 survivors (2048K)
 Metaspace       used 14788K, capacity 15062K, committed 15232K, reserved 1062912K
  class space    used 1517K, capacity 1596K, committed 1664K, reserved 1048576K
}
Event: 2.381 GC heap after
{Heap after GC invocations=4 (full 0):
 garbage-first heap   total 131072K, used 4617K [0x0000000080000000, 0x0000000100000000)
  region size 1024K, 2 young (2048K), 2 survivors (2048K)
 Metaspace       used 14788K, capacity 15062K, committed 15232K, reserved 1062912K
  class space    used 1517K, capacity 1596K, committed 1664K, reserved 1048576K
}
Event: 4.122 GC heap before
{Heap before GC invocations=4 (full 0):
 garbage-first heap   total 131072K, used 40457K [0x0000000080000000, 0x0000000100000000)
  region size 1024K, 37 young (37888K), 2 survivors (2048K)
 Metaspace       used 20580K, capacity 20906K, committed 20992K, reserved 1069056K
  class space    used 2196K, capacity 2292K, committed 2304K, reserved 1048576K
}
Event: 4.138 GC heap after
{Heap after GC invocations=5 (full 0):
 garbage-first heap   total 131072K, used 7110K [0x0000000080000000, 0x0000000100000000)
  region size 1024K, 5 young (5120K), 5 survivors (5120K)
 Metaspace       used 20580K, capacity 20906K, committed 20992K, reserved 1069056K
  class space    used 2196K, capacity 2292K, committed 2304K, reserved 1048576K
}
Event: 4.933 GC heap before
{Heap before GC invocations=5 (full 0):
 garbage-first heap   total 131072K, used 18374K [0x0000000080000000, 0x0000000100000000)
  region size 1024K, 17 young (17408K), 5 survivors (5120K)
 Metaspace       used 20858K, capacity 21111K, committed 21248K, reserved 1069056K
  class space    used 2202K, capacity 2296K, committed 2304K, reserved 1048576K
}

Deoptimization events (10 events):
Event: 4.143 Thread 0x000002e908d96000 Uncommon trap: reason=unstable_if action=reinterpret pc=0x000002e919792e6c method=sun.nio.cs.UTF_8$Decoder.decodeArrayLoop(Ljava/nio/ByteBuffer;Ljava/nio/CharBuffer;)Ljava/nio/charset/CoderResult; @ 84 c2
Event: 4.146 Thread 0x000002e908d96000 Uncommon trap: reason=unstable_if action=reinterpret pc=0x000002e9197abd98 method=java.lang.StringUTF16.compress([CII)[B @ 13 c2
Event: 4.155 Thread 0x000002e908d96000 Uncommon trap: reason=unstable_if action=reinterpret pc=0x000002e9197c8644 method=java.lang.String.indexOf(Ljava/lang/String;)I @ 8 c2
Event: 4.290 Thread 0x000002e908d96000 Uncommon trap: reason=unstable_if action=reinterpret pc=0x000002e9197b3d8c method=java.lang.String.regionMatches(ZILjava/lang/String;II)Z @ 21 c2
Event: 4.329 Thread 0x000002e908d96000 Uncommon trap: reason=unstable_if action=reinterpret pc=0x000002e919822840 method=org.codehaus.plexus.util.xml.pull.MXParser.nextImpl()I @ 879 c2
Event: 4.681 Thread 0x000002e908d96000 Uncommon trap: reason=unstable_if action=reinterpret pc=0x000002e919751ddc method=java.lang.String.indexOf(II)I @ 4 c2
Event: 4.681 Thread 0x000002e908d96000 Uncommon trap: reason=unstable_if action=reinterpret pc=0x000002e919775cf4 method=java.lang.String.substring(II)Ljava/lang/String; @ 31 c2
Event: 4.693 Thread 0x000002e908d96000 Uncommon trap: reason=unstable_if action=reinterpret pc=0x000002e9198208f8 method=java.lang.String.indexOf(Ljava/lang/String;)I @ 8 c2
Event: 4.705 Thread 0x000002e908d96000 Uncommon trap: reason=unstable_if action=reinterpret pc=0x000002e91982fd40 method=org.codehaus.plexus.util.xml.pull.MXParser.nextImpl()I @ 972 c2
Event: 4.858 Thread 0x000002e908d96000 Uncommon trap: reason=unstable_if action=reinterpret pc=0x000002e919830f88 method=org.apache.maven.model.validation.DefaultModelValidator.isValidIdCharacter(C)Z @ 51 c2

Classes redefined (0 events):
No events

Internal exceptions (10 events):
Event: 0.626 Thread 0x000002e908d96000 Exception <a 'java/security/PrivilegedActionException'{0x0000000087e9a648}> (0x0000000087e9a648) thrown at [./open/src/hotspot/share/prims/jvm.cpp, line 1305]
Event: 0.626 Thread 0x000002e908d96000 Exception <a 'java/security/PrivilegedActionException'{0x0000000087e9a918}> (0x0000000087e9a918) thrown at [./open/src/hotspot/share/prims/jvm.cpp, line 1305]
Event: 0.900 Thread 0x000002e908d96000 Exception <a 'java/lang/NoSuchMethodError'{0x0000000087bb2238}: java.lang.invoke.DirectMethodHandle$Holder.invokeSpecialIFC(Ljava/lang/Object;Ljava/lang/Object;I)I> (0x0000000087bb2238) thrown at [./open/src/hotspot/share/interpreter/linkResolver.cpp, lin
Event: 0.986 Thread 0x000002e908d96000 Exception <a 'java/lang/NoSuchMethodError'{0x0000000087ac2ba8}: java.lang.invoke.DirectMethodHandle$Holder.invokeStaticInit(Ljava/lang/Object;IIII)Ljava/lang/Object;> (0x0000000087ac2ba8) thrown at [./open/src/hotspot/share/interpreter/linkResolver.cpp, l
Event: 1.184 Thread 0x000002e908d96000 Exception <a 'java/lang/NoSuchMethodError'{0x000000008798b1a8}: java.lang.invoke.DirectMethodHandle$Holder.invokeStaticInit(Ljava/lang/Object;Ljava/lang/Object;IIII)Ljava/lang/Object;> (0x000000008798b1a8) thrown at [./open/src/hotspot/share/interpreter/l
Event: 3.182 Thread 0x000002e908d96000 Exception <a 'java/lang/NoClassDefFoundError'{0x0000000086785b20}: com/google/inject/servlet/ServletModuleTargetVisitor> (0x0000000086785b20) thrown at [./open/src/hotspot/share/classfile/systemDictionary.cpp, line 215]
Event: 3.182 Thread 0x000002e908d96000 Exception <a 'java/lang/NoClassDefFoundError'{0x0000000086785b20}> (0x0000000086785b20) thrown at [./open/src/hotspot/share/prims/jvm.cpp, line 1309]
Event: 3.183 Thread 0x000002e908d96000 Exception <a 'java/lang/NoClassDefFoundError'{0x0000000086788c48}: javax/annotation/Priority> (0x0000000086788c48) thrown at [./open/src/hotspot/share/classfile/systemDictionary.cpp, line 215]
Event: 3.670 Thread 0x000002e908d96000 Implicit null exception at 0x000002e91976b774 to 0x000002e91976bc80
Event: 3.671 Thread 0x000002e908d96000 Implicit null exception at 0x000002e919769bf4 to 0x000002e91976a0e0

Events (10 events):
Event: 4.883 loading class org/apache/maven/lifecycle/mapping/DefaultLifecycleMapping done
Event: 4.924 loading class org/apache/maven/project/DefaultProjectBuildingResult
Event: 4.924 loading class org/apache/maven/project/DefaultProjectBuildingResult done
Event: 4.926 loading class org/apache/maven/graph/DefaultProjectDependencyGraph
Event: 4.926 loading class org/apache/maven/graph/DefaultProjectDependencyGraph done
Event: 4.926 loading class org/apache/maven/project/ProjectSorter
Event: 4.926 loading class org/apache/maven/project/ProjectSorter done
Event: 4.927 loading class org/codehaus/plexus/util/dag/DAG
Event: 4.927 loading class org/codehaus/plexus/util/dag/DAG done
Event: 4.933 Executing VM operation: CollectForMetadataAllocation


Dynamic libraries:
0x00007ff78ba90000 - 0x00007ff78ba9f000 	C:\Program Files\Java\jdk-11.0.16\bin\java.exe
0x00007fffdc7f0000 - 0x00007fffdc9e8000 	C:\Windows\SYSTEM32\ntdll.dll
0x00007fffdc6f0000 - 0x00007fffdc7af000 	C:\Windows\System32\KERNEL32.DLL
0x00007fffda300000 - 0x00007fffda5d2000 	C:\Windows\System32\KERNELBASE.dll
0x00007fffd9ef0000 - 0x00007fffd9ff0000 	C:\Windows\System32\ucrtbase.dll
0x00007fffc7a20000 - 0x00007fffc7a38000 	C:\Program Files\Java\jdk-11.0.16\bin\jli.dll
0x00007fffdc640000 - 0x00007fffdc6ee000 	C:\Windows\System32\ADVAPI32.dll
0x00007fffdb4b0000 - 0x00007fffdb54e000 	C:\Windows\System32\msvcrt.dll
0x00007fffdb1a0000 - 0x00007fffdb23c000 	C:\Windows\System32\sechost.dll
0x00007fffdb310000 - 0x00007fffdb435000 	C:\Windows\System32\RPCRT4.dll
0x00007fffdb000000 - 0x00007fffdb19d000 	C:\Windows\System32\USER32.dll
0x00007fffd9ff0000 - 0x00007fffda012000 	C:\Windows\System32\win32u.dll
0x00007fffdc2e0000 - 0x00007fffdc30b000 	C:\Windows\System32\GDI32.dll
0x00007fffda650000 - 0x00007fffda75f000 	C:\Windows\System32\gdi32full.dll
0x00007fffda180000 - 0x00007fffda21d000 	C:\Windows\System32\msvcp_win.dll
0x00007fffbf500000 - 0x00007fffbf515000 	C:\Program Files\Java\jdk-11.0.16\bin\VCRUNTIME140.dll
0x00007fffbbfb0000 - 0x00007fffbc24a000 	C:\Windows\WinSxS\amd64_microsoft.windows.common-controls_6595b64144ccf1df_6.0.19041.1110_none_60b5254171f9507e\COMCTL32.dll
0x00007fffd21e0000 - 0x00007fffd21ea000 	C:\Windows\SYSTEM32\VERSION.dll
0x00007fffdaee0000 - 0x00007fffdaf12000 	C:\Windows\System32\IMM32.DLL
0x00007fffb1e60000 - 0x00007fffb1efb000 	C:\Program Files\Java\jdk-11.0.16\bin\msvcp140.dll
0x00007fffa7b70000 - 0x00007fffa8688000 	C:\Program Files\Java\jdk-11.0.16\bin\server\jvm.dll
0x00007fffdc390000 - 0x00007fffdc398000 	C:\Windows\System32\PSAPI.DLL
0x00007fffc5450000 - 0x00007fffc5459000 	C:\Windows\SYSTEM32\WSOCK32.dll
0x00007fffdb440000 - 0x00007fffdb4ab000 	C:\Windows\System32\WS2_32.dll
0x00007fffba490000 - 0x00007fffba4b7000 	C:\Windows\SYSTEM32\WINMM.dll
0x00007fffd7d90000 - 0x00007fffd7da2000 	C:\Windows\SYSTEM32\kernel.appcore.dll
0x00007fffc7940000 - 0x00007fffc7950000 	C:\Program Files\Java\jdk-11.0.16\bin\verify.dll
0x00007fffc7f70000 - 0x00007fffc8154000 	C:\Windows\SYSTEM32\DBGHELP.DLL
0x00007fffca560000 - 0x00007fffca58c000 	C:\Windows\SYSTEM32\dbgcore.DLL
0x00007fffda7b0000 - 0x00007fffda832000 	C:\Windows\System32\bcryptPrimitives.dll
0x00007fffbf4d0000 - 0x00007fffbf4f8000 	C:\Program Files\Java\jdk-11.0.16\bin\java.dll
0x00007fffc7890000 - 0x00007fffc789a000 	C:\Program Files\Java\jdk-11.0.16\bin\jimage.dll
0x00007fffbeba0000 - 0x00007fffbebae000 	C:\Program Files\Java\jdk-11.0.16\bin\instrument.dll
0x00007fffbf4b0000 - 0x00007fffbf4c6000 	C:\Program Files\Java\jdk-11.0.16\bin\zip.dll
0x00007fffdb9d0000 - 0x00007fffdc113000 	C:\Windows\System32\SHELL32.dll
0x00007fffd7f90000 - 0x00007fffd8722000 	C:\Windows\SYSTEM32\windows.storage.dll
0x00007fffdb560000 - 0x00007fffdb8b4000 	C:\Windows\System32\combase.dll
0x00007fffd9790000 - 0x00007fffd97c0000 	C:\Windows\SYSTEM32\Wldp.dll
0x00007fffdb8c0000 - 0x00007fffdb96d000 	C:\Windows\System32\SHCORE.dll
0x00007fffda840000 - 0x00007fffda895000 	C:\Windows\System32\shlwapi.dll
0x00007fffd9e30000 - 0x00007fffd9e4f000 	C:\Windows\SYSTEM32\profapi.dll
0x00007fffbec60000 - 0x00007fffbec79000 	C:\Program Files\Java\jdk-11.0.16\bin\net.dll
0x00007fffd1da0000 - 0x00007fffd1eac000 	C:\Windows\SYSTEM32\WINHTTP.dll
0x00007fffd9570000 - 0x00007fffd95da000 	C:\Windows\system32\mswsock.dll
0x00007fffbeb40000 - 0x00007fffbeb52000 	C:\Program Files\Java\jdk-11.0.16\bin\nio.dll
0x00007fffbe800000 - 0x00007fffbe81a000 	C:\Program Files\JetBrains\IntelliJ IDEA Community Edition 2022.2.1\bin\breakgen64.dll
0x00007fffd97d0000 - 0x00007fffd97e8000 	C:\Windows\SYSTEM32\CRYPTSP.dll
0x00007fffd8eb0000 - 0x00007fffd8ee4000 	C:\Windows\system32\rsaenh.dll
0x00007fffda2d0000 - 0x00007fffda2f7000 	C:\Windows\System32\bcrypt.dll
0x00007fffd9df0000 - 0x00007fffd9e1e000 	C:\Windows\SYSTEM32\USERENV.dll
0x00007fffd9700000 - 0x00007fffd970c000 	C:\Windows\SYSTEM32\CRYPTBASE.dll
0x00007fffd9280000 - 0x00007fffd92bb000 	C:\Windows\SYSTEM32\IPHLPAPI.DLL
0x00007fffdc3a0000 - 0x00007fffdc3a8000 	C:\Windows\System32\NSI.dll
0x00007fffd2940000 - 0x00007fffd2957000 	C:\Windows\SYSTEM32\dhcpcsvc6.DLL
0x00007fffd2920000 - 0x00007fffd293d000 	C:\Windows\SYSTEM32\dhcpcsvc.DLL
0x00007fffd92c0000 - 0x00007fffd938a000 	C:\Windows\SYSTEM32\DNSAPI.dll
0x00007fffd26d0000 - 0x00007fffd26da000 	C:\Users\sfjbs\AppData\Local\Temp\jansi-1.17.1-9017935528457717286.dll
0x00007fffd26c0000 - 0x00007fffd26ca000 	C:\Users\sfjbs\AppData\Local\Temp\jansi-1.17.1-4912892776716065600.dll

dbghelp: loaded successfully - version: 4.0.5 - missing functions: none
symbol engine: initialized successfully - sym options: 0x614 - pdb path: .;C:\Program Files\Java\jdk-11.0.16\bin;C:\Windows\SYSTEM32;C:\Windows\WinSxS\amd64_microsoft.windows.common-controls_6595b64144ccf1df_6.0.19041.1110_none_60b5254171f9507e;C:\Program Files\Java\jdk-11.0.16\bin\server;C:\Program Files\JetBrains\IntelliJ IDEA Community Edition 2022.2.1\bin;C:\Users\sfjbs\AppData\Local\Temp

VM Arguments:
jvm_args: -Dmaven.multiModuleProjectDirectory=C:\Mini Project\Pension-Managment-System -Dmaven.home=C:\Program Files\JetBrains\IntelliJ IDEA Community Edition 2022.2.1\plugins\maven\lib\maven3 -Dclassworlds.conf=C:\Program Files\JetBrains\IntelliJ IDEA Community Edition 2022.2.1\plugins\maven\lib\maven3\bin\m2.conf -Dmaven.ext.class.path=C:\Program Files\JetBrains\IntelliJ IDEA Community Edition 2022.2.1\plugins\maven\lib\maven-event-listener.jar -javaagent:C:\Program Files\JetBrains\IntelliJ IDEA Community Edition 2022.2.1\lib\idea_rt.jar=63121:C:\Program Files\JetBrains\IntelliJ IDEA Community Edition 2022.2.1\bin -Dfile.encoding=UTF-8 
java_command: org.codehaus.classworlds.Launcher -Didea.version=2022.2.1 clean install
java_class_path (initial): C:\Program Files\JetBrains\IntelliJ IDEA Community Edition 2022.2.1\plugins\maven\lib\maven3\boot\plexus-classworlds-2.6.0.jar;C:\Program Files\JetBrains\IntelliJ IDEA Community Edition 2022.2.1\plugins\maven\lib\maven3\boot\plexus-classworlds.license
Launcher Type: SUN_STANDARD

[Global flags]
     intx CICompilerCount                          = 2                                         {product} {ergonomic}
     uint ConcGCThreads                            = 1                                         {product} {ergonomic}
     uint G1ConcRefinementThreads                  = 2                                         {product} {ergonomic}
   size_t G1HeapRegionSize                         = 1048576                                   {product} {ergonomic}
    uintx GCDrainStackTargetSize                   = 64                                        {product} {ergonomic}
   size_t InitialHeapSize                          = 134217728                                 {product} {ergonomic}
   size_t MarkStackSize                            = 4194304                                   {product} {ergonomic}
   size_t MaxHeapSize                              = 2147483648                                {product} {ergonomic}
   size_t MaxNewSize                               = 1287651328                                {product} {ergonomic}
   size_t MinHeapDeltaBytes                        = 1048576                                   {product} {ergonomic}
    uintx NonNMethodCodeHeapSize                   = 5825164                                {pd product} {ergonomic}
    uintx NonProfiledCodeHeapSize                  = 122916538                              {pd product} {ergonomic}
    uintx ProfiledCodeHeapSize                     = 122916538                              {pd product} {ergonomic}
    uintx ReservedCodeCacheSize                    = 251658240                              {pd product} {ergonomic}
     bool SegmentedCodeCache                       = true                                      {product} {ergonomic}
     bool UseCompressedClassPointers               = true                                 {lp64_product} {ergonomic}
     bool UseCompressedOops                        = true                                 {lp64_product} {ergonomic}
     bool UseG1GC                                  = true                                      {product} {ergonomic}
     bool UseLargePagesIndividualAllocation        = false                                  {pd product} {ergonomic}

Logging:
Log output configuration:
 #0: stdout all=warning uptime,level,tags
 #1: stderr all=off uptime,level,tags

Environment Variables:
PATH=C:\Program Files\Common Files\Oracle\Java\javapath;C:\Windows\system32;C:\Windows;C:\Windows\System32\Wbem;C:\Windows\System32\WindowsPowerShell\v1.0\;C:\Windows\System32\OpenSSH\;C:\Users\sfjbs\Downloads\micro service-20221021T071039Z-001\micro service\apache-maven-3.8.5-bin\apache-maven-3.8.5\bin;C:\Users\sfjbs\Downloads\micro service-20221021T071039Z-001\micro service\apache-maven-3.8.5-bin\apache-maven-3.8.5\lib;C:\Program Files\Git\cmd;C:\Program Files\Docker\Docker\resources\bin;C:\Users\sfjbs\AppData\Local\Microsoft\WindowsApps;C:\Users\sfjbs\Downloads\micro service-20221021T071039Z-001\micro service\apache-maven-3.8.5-bin\apache-maven-3.8.5\bin;C:\Users\sfjbs\Downloads\micro service-20221021T071039Z-001\micro service\apache-maven-3.8.5-bin\apache-maven-3.8.5\lib;;C:\Program Files\JetBrains\IntelliJ IDEA Community Edition 2022.2.1\bin;
USERNAME=sfjbs
OS=Windows_NT
PROCESSOR_IDENTIFIER=Intel64 Family 6 Model 106 Stepping 6, GenuineIntel



---------------  S Y S T E M  ---------------

OS: Windows 10 , 64 bit Build 19041 (10.0.19041.2251)
Hyper-V role detected

CPU:total 2 (initial active 2) (1 cores per cpu, 2 threads per core) family 6 model 106 stepping 6 microcode 0xffffffff, cmov, cx8, fxsr, mmx, sse, sse2, sse3, ssse3, sse4.1, sse4.2, popcnt, avx, avx2, aes, clmul, erms, rtm, 3dnowpref, lzcnt, ht, tsc, bmi1, bmi2, adx, evex, fma

Memory: 4k page, system-wide physical 8190M (603M free)
TotalPageFile size 10238M (AvailPageFile size 6M)
current process WorkingSet (physical memory assigned to process): 128M, peak: 128M
current process commit charge ("private bytes"): 239M, peak: 265M

vm_info: Java HotSpot(TM) 64-Bit Server VM (11.0.16+11-LTS-199) for windows-amd64 JRE (11.0.16+11-LTS-199), built on Jun 28 2022 08:23:17 by "mach5one" with MS VC++ 15.9 (VS2017)

END.
