#
# There is insufficient memory for the Java Runtime Environment to continue.
# Native memory allocation (malloc) failed to allocate 1048576 bytes for AllocateHeap
# Possible reasons:
#   The system is out of physical RAM or swap space
#   The process is running with CompressedOops enabled, and the Java Heap may be blocking the growth of the native heap
# Possible solutions:
#   Reduce memory load on the system
#   Increase physical memory or swap space
#   Check if swap backing store is full
#   Decrease Java heap size (-Xmx/-Xms)
#   Decrease number of Java threads
#   Decrease Java thread stack sizes (-Xss)
#   Set larger code cache with -XX:ReservedCodeCacheSize=
#   JVM is running with Unscaled Compressed Oops mode in which the Java heap is
#     placed in the first 4GB address space. The Java Heap base address is the
#     maximum limit for the native heap growth. Please use -XX:HeapBaseMinAddress
#     to set the Java Heap base and to place the Java Heap above 4GB virtual address.
# This output file may be truncated or incomplete.
#
#  Out of Memory Error (./open/src/hotspot/share/memory/allocation.cpp:46), pid=10060, tid=5656
#
# JRE version: Java(TM) SE Runtime Environment 18.9 (11.0.16+11) (build 11.0.16+11-LTS-199)
# Java VM: Java HotSpot(TM) 64-Bit Server VM 18.9 (11.0.16+11-LTS-199, mixed mode, tiered, compressed oops, g1 gc, windows-amd64)
# No core dump will be written. Minidumps are not enabled by default on client versions of Windows
#

---------------  S U M M A R Y ------------

Command Line: -Xverify:none -XX:TieredStopAtLevel=1 com.rama.artemis.ArtemisProducerApp

Host: Intel(R) Xeon(R) Platinum 8272CL CPU @ 2.60GHz, 2 cores, 7G,  Windows 10 , 64 bit Build 19041 (10.0.19041.2251)
Time: Mon Nov 21 14:58:10 2022 Coordinated Universal Time elapsed time: 4.029034 seconds (0d 0h 0m 4s)

---------------  T H R E A D  ---------------

Current thread (0x0000028e0f3bc800):  VMThread "VM Thread" [stack: 0x000000fbdca00000,0x000000fbdcb00000] [id=5656]

Stack: [0x000000fbdca00000,0x000000fbdcb00000]
[error occurred during error reporting (printing stack bounds), id 0xc0000005, EXCEPTION_ACCESS_VIOLATION (0xc0000005) at pc=0x0000028e000010e7]

Native frames: (J=compiled Java code, j=interpreted, Vv=VM code, C=native code)
V  [jvm.dll+0x62a3ea]
V  [jvm.dll+0x76418f]
V  [jvm.dll+0x765839]
V  [jvm.dll+0x765e25]
V  [jvm.dll+0x765ddb]
V  [jvm.dll+0x6298d3]
V  [jvm.dll+0x629fe8]
C  [ntdll.dll+0xa241f]
C  [ntdll.dll+0x514a4]
C  [ntdll.dll+0xa0f4e]
C  0x0000028e000010e7

VM_Operation (0x000000fbdc3f95c0): CollectForMetadataAllocation, mode: safepoint, requested by thread 0x0000028e7209d000


---------------  P R O C E S S  ---------------

Threads class SMR info:
_java_thread_list=0x0000028e11c6e560, length=12, elements={
0x0000028e7209d000, 0x0000028e0f3bf800, 0x0000028e0f3c2000, 0x0000028e0f3e0000,
0x0000028e0f3e3000, 0x0000028e0f3e7000, 0x0000028e0f3ec000, 0x0000028e0f409800,
0x0000028e0fe56000, 0x0000028e11a49000, 0x0000028e11851000, 0x0000028e11950800
}

Java Threads: ( => current thread )
  0x0000028e7209d000 JavaThread "main" [_thread_blocked, id=10616, stack(0x000000fbdc300000,0x000000fbdc400000)]
  0x0000028e0f3bf800 JavaThread "Reference Handler" daemon [_thread_blocked, id=10080, stack(0x000000fbdcb00000,0x000000fbdcc00000)]
  0x0000028e0f3c2000 JavaThread "Finalizer" daemon [_thread_blocked, id=9968, stack(0x000000fbdcc00000,0x000000fbdcd00000)]
  0x0000028e0f3e0000 JavaThread "Signal Dispatcher" daemon [_thread_blocked, id=11928, stack(0x000000fbdcd00000,0x000000fbdce00000)]
  0x0000028e0f3e3000 JavaThread "Attach Listener" daemon [_thread_blocked, id=9184, stack(0x000000fbdce00000,0x000000fbdcf00000)]
  0x0000028e0f3e7000 JavaThread "Service Thread" daemon [_thread_blocked, id=9456, stack(0x000000fbdcf00000,0x000000fbdd000000)]
  0x0000028e0f3ec000 JavaThread "C1 CompilerThread0" daemon [_thread_blocked, id=8780, stack(0x000000fbdd000000,0x000000fbdd100000)]
  0x0000028e0f409800 JavaThread "Sweeper thread" daemon [_thread_blocked, id=6616, stack(0x000000fbdd100000,0x000000fbdd200000)]
  0x0000028e0fe56000 JavaThread "Common-Cleaner" daemon [_thread_blocked, id=5820, stack(0x000000fbdd300000,0x000000fbdd400000)]
  0x0000028e11a49000 JavaThread "Catalina-utility-1" [_thread_blocked, id=5840, stack(0x000000fbdd600000,0x000000fbdd700000)]
  0x0000028e11851000 JavaThread "Catalina-utility-2" [_thread_blocked, id=6552, stack(0x000000fbdd700000,0x000000fbdd800000)]
  0x0000028e11950800 JavaThread "container-0" [_thread_blocked, id=6548, stack(0x000000fbdd800000,0x000000fbdd900000)]

Other Threads:
=>0x0000028e0f3bc800 VMThread "VM Thread" [stack: 0x000000fbdca00000,0x000000fbdcb00000] [id=5656]
  0x0000028e0fe51800 WatcherThread [stack: 0x000000fbdd200000,0x000000fbdd300000] [id=2444]
  0x0000028e720b2000 GCTaskThread "GC Thread#0" [stack: 0x000000fbdc500000,0x000000fbdc600000] [id=8808]
  0x0000028e1021c800 GCTaskThread "GC Thread#1" [stack: 0x000000fbdd400000,0x000000fbdd500000] [id=12192]
  0x0000028e720e1000 ConcurrentGCThread "G1 Main Marker" [stack: 0x000000fbdc600000,0x000000fbdc700000] [id=8632]
  0x0000028e720e3800 ConcurrentGCThread "G1 Conc#0" [stack: 0x000000fbdc700000,0x000000fbdc800000] [id=1216]
  0x0000028e7216b800 ConcurrentGCThread "G1 Refine#0" [stack: 0x000000fbdc800000,0x000000fbdc900000] [id=10192]
  0x0000028e1003c800 ConcurrentGCThread "G1 Refine#1" [stack: 0x000000fbdd500000,0x000000fbdd600000] [id=12152]
  0x0000028e7216c800 ConcurrentGCThread "G1 Young RemSet Sampling" [stack: 0x000000fbdc900000,0x000000fbdca00000] [id=3864]

Threads with active compile tasks:

VM state:at safepoint (normal execution)

VM Mutex/Monitor currently owned by a thread:  ([mutex/lock_event])
[0x0000028e72098e60] Threads_lock - owner thread: 0x0000028e0f3bc800
[0x0000028e720992e0] Heap_lock - owner thread: 0x0000028e7209d000

Heap address: 0x0000000080000000, size: 2048 MB, Compressed Oops mode: 32-bit
Narrow klass base: 0x0000000000000000, Narrow klass shift: 3
Compressed class space size: 1073741824 Address: 0x0000000100000000

Heap:
 garbage-first heap   total 157696K, used 12978K [0x0000000080000000, 0x0000000100000000)
  region size 1024K, 8 young (8192K), 8 survivors (8192K)
 Metaspace       used 30770K, capacity 31759K, committed 31792K, reserved 1085440K
  class space    used 3794K, capacity 4212K, committed 4224K, reserved 1048576K
Heap Regions: E=young(eden), S=young(survivor), O=old, HS=humongous(starts), HC=humongous(continues), CS=collection set, F=free, A=archive, TAMS=top-at-mark-start (previous, next)
|   0|0x0000000080000000, 0x0000000080100000, 0x0000000080100000|100%| O|  |TAMS 0x0000000080100000, 0x0000000080100000| Untracked 
|   1|0x0000000080100000, 0x0000000080200000, 0x0000000080200000|100%| O|  |TAMS 0x0000000080200000, 0x0000000080200000| Untracked 
|   2|0x0000000080200000, 0x0000000080300000, 0x0000000080300000|100%| O|  |TAMS 0x0000000080300000, 0x0000000080300000| Untracked 
|   3|0x0000000080300000, 0x0000000080400000, 0x0000000080400000|100%| O|  |TAMS 0x00000000803e3800, 0x0000000080400000| Untracked 
|   4|0x0000000080400000, 0x00000000804d1800, 0x0000000080500000| 81%| O|  |TAMS 0x0000000080400000, 0x00000000804d1800| Untracked 
|   5|0x0000000080500000, 0x0000000080500000, 0x0000000080600000|  0%| F|  |TAMS 0x0000000080500000, 0x0000000080500000| Untracked 
|   6|0x0000000080600000, 0x0000000080600000, 0x0000000080700000|  0%| F|  |TAMS 0x0000000080600000, 0x0000000080600000| Untracked 
|   7|0x0000000080700000, 0x0000000080700000, 0x0000000080800000|  0%| F|  |TAMS 0x0000000080700000, 0x0000000080700000| Untracked 
|   8|0x0000000080800000, 0x0000000080800000, 0x0000000080900000|  0%| F|  |TAMS 0x0000000080800000, 0x0000000080800000| Untracked 
|   9|0x0000000080900000, 0x0000000080900000, 0x0000000080a00000|  0%| F|  |TAMS 0x0000000080900000, 0x0000000080900000| Untracked 
|  10|0x0000000080a00000, 0x0000000080a00000, 0x0000000080b00000|  0%| F|  |TAMS 0x0000000080a00000, 0x0000000080a00000| Untracked 
|  11|0x0000000080b00000, 0x0000000080b00000, 0x0000000080c00000|  0%| F|  |TAMS 0x0000000080b00000, 0x0000000080b00000| Untracked 
|  12|0x0000000080c00000, 0x0000000080c00000, 0x0000000080d00000|  0%| F|  |TAMS 0x0000000080c00000, 0x0000000080c00000| Untracked 
|  13|0x0000000080d00000, 0x0000000080d00000, 0x0000000080e00000|  0%| F|  |TAMS 0x0000000080d00000, 0x0000000080d00000| Untracked 
|  14|0x0000000080e00000, 0x0000000080e00000, 0x0000000080f00000|  0%| F|  |TAMS 0x0000000080e00000, 0x0000000080e00000| Untracked 
|  15|0x0000000080f00000, 0x0000000080f00000, 0x0000000081000000|  0%| F|  |TAMS 0x0000000080f00000, 0x0000000080f00000| Untracked 
|  16|0x0000000081000000, 0x0000000081000000, 0x0000000081100000|  0%| F|  |TAMS 0x0000000081000000, 0x0000000081000000| Untracked 
|  17|0x0000000081100000, 0x0000000081100000, 0x0000000081200000|  0%| F|  |TAMS 0x0000000081100000, 0x0000000081100000| Untracked 
|  18|0x0000000081200000, 0x0000000081200000, 0x0000000081300000|  0%| F|  |TAMS 0x0000000081200000, 0x0000000081200000| Untracked 
|  19|0x0000000081300000, 0x0000000081300000, 0x0000000081400000|  0%| F|  |TAMS 0x0000000081300000, 0x0000000081300000| Untracked 
|  20|0x0000000081400000, 0x0000000081400000, 0x0000000081500000|  0%| F|  |TAMS 0x0000000081400000, 0x0000000081400000| Untracked 
|  21|0x0000000081500000, 0x0000000081500000, 0x0000000081600000|  0%| F|  |TAMS 0x0000000081500000, 0x0000000081500000| Untracked 
|  22|0x0000000081600000, 0x0000000081600000, 0x0000000081700000|  0%| F|  |TAMS 0x0000000081600000, 0x0000000081600000| Untracked 
|  23|0x0000000081700000, 0x0000000081700000, 0x0000000081800000|  0%| F|  |TAMS 0x0000000081700000, 0x0000000081700000| Untracked 
|  24|0x0000000081800000, 0x0000000081800000, 0x0000000081900000|  0%| F|  |TAMS 0x0000000081800000, 0x0000000081800000| Untracked 
|  25|0x0000000081900000, 0x0000000081900000, 0x0000000081a00000|  0%| F|  |TAMS 0x0000000081900000, 0x0000000081900000| Untracked 
|  26|0x0000000081a00000, 0x0000000081a00000, 0x0000000081b00000|  0%| F|  |TAMS 0x0000000081a00000, 0x0000000081a00000| Untracked 
|  27|0x0000000081b00000, 0x0000000081b00000, 0x0000000081c00000|  0%| F|  |TAMS 0x0000000081b00000, 0x0000000081b00000| Untracked 
|  28|0x0000000081c00000, 0x0000000081c00000, 0x0000000081d00000|  0%| F|  |TAMS 0x0000000081c00000, 0x0000000081c00000| Untracked 
|  29|0x0000000081d00000, 0x0000000081d00000, 0x0000000081e00000|  0%| F|  |TAMS 0x0000000081d00000, 0x0000000081d00000| Untracked 
|  30|0x0000000081e00000, 0x0000000081e00000, 0x0000000081f00000|  0%| F|  |TAMS 0x0000000081e00000, 0x0000000081e00000| Untracked 
|  31|0x0000000081f00000, 0x0000000081f00000, 0x0000000082000000|  0%| F|  |TAMS 0x0000000081f00000, 0x0000000081f00000| Untracked 
|  32|0x0000000082000000, 0x0000000082000000, 0x0000000082100000|  0%| F|  |TAMS 0x0000000082000000, 0x0000000082000000| Untracked 
|  33|0x0000000082100000, 0x0000000082100000, 0x0000000082200000|  0%| F|  |TAMS 0x0000000082100000, 0x0000000082100000| Untracked 
|  34|0x0000000082200000, 0x0000000082200000, 0x0000000082300000|  0%| F|  |TAMS 0x0000000082200000, 0x0000000082200000| Untracked 
|  35|0x0000000082300000, 0x0000000082300000, 0x0000000082400000|  0%| F|  |TAMS 0x0000000082300000, 0x0000000082300000| Untracked 
|  36|0x0000000082400000, 0x0000000082400000, 0x0000000082500000|  0%| F|  |TAMS 0x0000000082400000, 0x0000000082400000| Untracked 
|  37|0x0000000082500000, 0x0000000082500000, 0x0000000082600000|  0%| F|  |TAMS 0x0000000082500000, 0x0000000082500000| Untracked 
|  38|0x0000000082600000, 0x0000000082600000, 0x0000000082700000|  0%| F|  |TAMS 0x0000000082600000, 0x0000000082600000| Untracked 
|  39|0x0000000082700000, 0x0000000082700000, 0x0000000082800000|  0%| F|  |TAMS 0x0000000082700000, 0x0000000082700000| Untracked 
|  40|0x0000000082800000, 0x0000000082800000, 0x0000000082900000|  0%| F|  |TAMS 0x0000000082800000, 0x0000000082800000| Untracked 
|  41|0x0000000082900000, 0x0000000082900000, 0x0000000082a00000|  0%| F|  |TAMS 0x0000000082900000, 0x0000000082900000| Untracked 
|  42|0x0000000082a00000, 0x0000000082a00000, 0x0000000082b00000|  0%| F|  |TAMS 0x0000000082a00000, 0x0000000082a00000| Untracked 
|  43|0x0000000082b00000, 0x0000000082b00000, 0x0000000082c00000|  0%| F|  |TAMS 0x0000000082b00000, 0x0000000082b00000| Untracked 
|  44|0x0000000082c00000, 0x0000000082c00000, 0x0000000082d00000|  0%| F|  |TAMS 0x0000000082c00000, 0x0000000082c00000| Untracked 
|  45|0x0000000082d00000, 0x0000000082d00000, 0x0000000082e00000|  0%| F|  |TAMS 0x0000000082d00000, 0x0000000082d00000| Untracked 
|  46|0x0000000082e00000, 0x0000000082e00000, 0x0000000082f00000|  0%| F|  |TAMS 0x0000000082e00000, 0x0000000082e00000| Untracked 
|  47|0x0000000082f00000, 0x0000000082f00000, 0x0000000083000000|  0%| F|  |TAMS 0x0000000082f00000, 0x0000000082f00000| Untracked 
|  48|0x0000000083000000, 0x0000000083000000, 0x0000000083100000|  0%| F|  |TAMS 0x0000000083000000, 0x0000000083000000| Untracked 
|  49|0x0000000083100000, 0x0000000083100000, 0x0000000083200000|  0%| F|  |TAMS 0x0000000083100000, 0x0000000083100000| Untracked 
|  50|0x0000000083200000, 0x0000000083200000, 0x0000000083300000|  0%| F|  |TAMS 0x0000000083200000, 0x0000000083200000| Untracked 
|  51|0x0000000083300000, 0x0000000083300000, 0x0000000083400000|  0%| F|  |TAMS 0x0000000083300000, 0x0000000083300000| Untracked 
|  52|0x0000000083400000, 0x0000000083400000, 0x0000000083500000|  0%| F|  |TAMS 0x0000000083400000, 0x0000000083400000| Untracked 
|  53|0x0000000083500000, 0x0000000083500000, 0x0000000083600000|  0%| F|  |TAMS 0x0000000083500000, 0x0000000083500000| Untracked 
|  54|0x0000000083600000, 0x0000000083600000, 0x0000000083700000|  0%| F|  |TAMS 0x0000000083600000, 0x0000000083600000| Untracked 
|  55|0x0000000083700000, 0x0000000083700000, 0x0000000083800000|  0%| F|  |TAMS 0x0000000083700000, 0x0000000083700000| Untracked 
|  56|0x0000000083800000, 0x0000000083800000, 0x0000000083900000|  0%| F|  |TAMS 0x0000000083800000, 0x0000000083800000| Untracked 
|  57|0x0000000083900000, 0x0000000083900000, 0x0000000083a00000|  0%| F|  |TAMS 0x0000000083900000, 0x0000000083900000| Untracked 
|  58|0x0000000083a00000, 0x0000000083a00000, 0x0000000083b00000|  0%| F|  |TAMS 0x0000000083a00000, 0x0000000083a00000| Untracked 
|  59|0x0000000083b00000, 0x0000000083b00000, 0x0000000083c00000|  0%| F|  |TAMS 0x0000000083b00000, 0x0000000083b00000| Untracked 
|  60|0x0000000083c00000, 0x0000000083c00000, 0x0000000083d00000|  0%| F|  |TAMS 0x0000000083c00000, 0x0000000083c00000| Untracked 
|  61|0x0000000083d00000, 0x0000000083d00000, 0x0000000083e00000|  0%| F|  |TAMS 0x0000000083d00000, 0x0000000083d00000| Untracked 
|  62|0x0000000083e00000, 0x0000000083e00000, 0x0000000083f00000|  0%| F|  |TAMS 0x0000000083e00000, 0x0000000083e00000| Untracked 
|  63|0x0000000083f00000, 0x0000000083f00000, 0x0000000084000000|  0%| F|  |TAMS 0x0000000083f00000, 0x0000000083f00000| Untracked 
|  64|0x0000000084000000, 0x0000000084000000, 0x0000000084100000|  0%| F|  |TAMS 0x0000000084000000, 0x0000000084000000| Untracked 
|  65|0x0000000084100000, 0x0000000084100000, 0x0000000084200000|  0%| F|  |TAMS 0x0000000084100000, 0x0000000084100000| Untracked 
|  66|0x0000000084200000, 0x0000000084200000, 0x0000000084300000|  0%| F|  |TAMS 0x0000000084200000, 0x0000000084200000| Untracked 
|  67|0x0000000084300000, 0x0000000084300000, 0x0000000084400000|  0%| F|  |TAMS 0x0000000084300000, 0x0000000084300000| Untracked 
|  68|0x0000000084400000, 0x0000000084400000, 0x0000000084500000|  0%| F|  |TAMS 0x0000000084400000, 0x0000000084400000| Untracked 
|  69|0x0000000084500000, 0x0000000084500000, 0x0000000084600000|  0%| F|  |TAMS 0x0000000084500000, 0x0000000084500000| Untracked 
|  70|0x0000000084600000, 0x0000000084600000, 0x0000000084700000|  0%| F|  |TAMS 0x0000000084600000, 0x0000000084600000| Untracked 
|  71|0x0000000084700000, 0x0000000084700000, 0x0000000084800000|  0%| F|  |TAMS 0x0000000084700000, 0x0000000084700000| Untracked 
|  72|0x0000000084800000, 0x0000000084800000, 0x0000000084900000|  0%| F|  |TAMS 0x0000000084800000, 0x0000000084800000| Untracked 
|  73|0x0000000084900000, 0x0000000084900000, 0x0000000084a00000|  0%| F|  |TAMS 0x0000000084900000, 0x0000000084900000| Untracked 
|  74|0x0000000084a00000, 0x0000000084a00000, 0x0000000084b00000|  0%| F|  |TAMS 0x0000000084a00000, 0x0000000084a00000| Untracked 
|  75|0x0000000084b00000, 0x0000000084b00000, 0x0000000084c00000|  0%| F|  |TAMS 0x0000000084b00000, 0x0000000084b00000| Untracked 
|  76|0x0000000084c00000, 0x0000000084c00000, 0x0000000084d00000|  0%| F|  |TAMS 0x0000000084c00000, 0x0000000084c00000| Untracked 
|  77|0x0000000084d00000, 0x0000000084d00000, 0x0000000084e00000|  0%| F|  |TAMS 0x0000000084d00000, 0x0000000084d00000| Untracked 
|  78|0x0000000084e00000, 0x0000000084e00000, 0x0000000084f00000|  0%| F|  |TAMS 0x0000000084e00000, 0x0000000084e00000| Untracked 
|  79|0x0000000084f00000, 0x0000000084f00000, 0x0000000085000000|  0%| F|  |TAMS 0x0000000084f00000, 0x0000000084f00000| Untracked 
|  80|0x0000000085000000, 0x0000000085000000, 0x0000000085100000|  0%| F|  |TAMS 0x0000000085000000, 0x0000000085000000| Untracked 
|  81|0x0000000085100000, 0x0000000085100000, 0x0000000085200000|  0%| F|  |TAMS 0x0000000085100000, 0x0000000085100000| Untracked 
|  82|0x0000000085200000, 0x0000000085200000, 0x0000000085300000|  0%| F|  |TAMS 0x0000000085200000, 0x0000000085200000| Untracked 
|  83|0x0000000085300000, 0x0000000085300000, 0x0000000085400000|  0%| F|  |TAMS 0x0000000085300000, 0x0000000085300000| Untracked 
|  84|0x0000000085400000, 0x0000000085400000, 0x0000000085500000|  0%| F|  |TAMS 0x0000000085400000, 0x0000000085400000| Untracked 
|  85|0x0000000085500000, 0x0000000085500000, 0x0000000085600000|  0%| F|  |TAMS 0x0000000085500000, 0x0000000085500000| Untracked 
|  86|0x0000000085600000, 0x0000000085600000, 0x0000000085700000|  0%| F|  |TAMS 0x0000000085600000, 0x0000000085600000| Untracked 
|  87|0x0000000085700000, 0x0000000085700000, 0x0000000085800000|  0%| F|  |TAMS 0x0000000085700000, 0x0000000085700000| Untracked 
|  88|0x0000000085800000, 0x0000000085800000, 0x0000000085900000|  0%| F|  |TAMS 0x0000000085800000, 0x0000000085800000| Untracked 
|  89|0x0000000085900000, 0x0000000085900000, 0x0000000085a00000|  0%| F|  |TAMS 0x0000000085900000, 0x0000000085900000| Untracked 
|  90|0x0000000085a00000, 0x0000000085a00000, 0x0000000085b00000|  0%| F|  |TAMS 0x0000000085a00000, 0x0000000085a00000| Untracked 
|  91|0x0000000085b00000, 0x0000000085b00000, 0x0000000085c00000|  0%| F|  |TAMS 0x0000000085b00000, 0x0000000085b00000| Untracked 
|  92|0x0000000085c00000, 0x0000000085c00000, 0x0000000085d00000|  0%| F|  |TAMS 0x0000000085c00000, 0x0000000085c00000| Untracked 
|  93|0x0000000085d00000, 0x0000000085d00000, 0x0000000085e00000|  0%| F|  |TAMS 0x0000000085d00000, 0x0000000085d00000| Untracked 
|  94|0x0000000085e00000, 0x0000000085e00000, 0x0000000085f00000|  0%| F|  |TAMS 0x0000000085e00000, 0x0000000085e00000| Untracked 
|  95|0x0000000085f00000, 0x0000000085f00000, 0x0000000086000000|  0%| F|  |TAMS 0x0000000085f00000, 0x0000000085f00000| Untracked 
|  96|0x0000000086000000, 0x0000000086000000, 0x0000000086100000|  0%| F|  |TAMS 0x0000000086000000, 0x0000000086000000| Untracked 
|  97|0x0000000086100000, 0x0000000086100000, 0x0000000086200000|  0%| F|  |TAMS 0x0000000086100000, 0x0000000086100000| Untracked 
|  98|0x0000000086200000, 0x0000000086200000, 0x0000000086300000|  0%| F|  |TAMS 0x0000000086200000, 0x0000000086200000| Untracked 
|  99|0x0000000086300000, 0x0000000086300000, 0x0000000086400000|  0%| F|  |TAMS 0x0000000086300000, 0x0000000086300000| Untracked 
| 100|0x0000000086400000, 0x0000000086400000, 0x0000000086500000|  0%| F|  |TAMS 0x0000000086400000, 0x0000000086400000| Untracked 
| 101|0x0000000086500000, 0x0000000086500000, 0x0000000086600000|  0%| F|  |TAMS 0x0000000086500000, 0x0000000086500000| Untracked 
| 102|0x0000000086600000, 0x0000000086600000, 0x0000000086700000|  0%| F|  |TAMS 0x0000000086600000, 0x0000000086600000| Untracked 
| 103|0x0000000086700000, 0x0000000086700000, 0x0000000086800000|  0%| F|  |TAMS 0x0000000086700000, 0x0000000086700000| Untracked 
| 104|0x0000000086800000, 0x0000000086800000, 0x0000000086900000|  0%| F|  |TAMS 0x0000000086800000, 0x0000000086800000| Untracked 
| 105|0x0000000086900000, 0x0000000086900000, 0x0000000086a00000|  0%| F|  |TAMS 0x0000000086900000, 0x0000000086900000| Untracked 
| 106|0x0000000086a00000, 0x0000000086a00000, 0x0000000086b00000|  0%| F|  |TAMS 0x0000000086a00000, 0x0000000086a00000| Untracked 
| 107|0x0000000086b00000, 0x0000000086b00000, 0x0000000086c00000|  0%| F|  |TAMS 0x0000000086b00000, 0x0000000086b00000| Untracked 
| 108|0x0000000086c00000, 0x0000000086c00000, 0x0000000086d00000|  0%| F|  |TAMS 0x0000000086c00000, 0x0000000086c00000| Untracked 
| 109|0x0000000086d00000, 0x0000000086d00000, 0x0000000086e00000|  0%| F|  |TAMS 0x0000000086d00000, 0x0000000086d00000| Untracked 
| 110|0x0000000086e00000, 0x0000000086e00000, 0x0000000086f00000|  0%| F|  |TAMS 0x0000000086e00000, 0x0000000086e00000| Untracked 
| 111|0x0000000086f00000, 0x0000000086f00000, 0x0000000087000000|  0%| F|  |TAMS 0x0000000086f00000, 0x0000000086f00000| Untracked 
| 112|0x0000000087000000, 0x0000000087000000, 0x0000000087100000|  0%| F|  |TAMS 0x0000000087000000, 0x0000000087000000| Untracked 
| 113|0x0000000087100000, 0x0000000087100000, 0x0000000087200000|  0%| F|  |TAMS 0x0000000087100000, 0x0000000087100000| Untracked 
| 114|0x0000000087200000, 0x0000000087200000, 0x0000000087300000|  0%| F|  |TAMS 0x0000000087200000, 0x0000000087200000| Untracked 
| 115|0x0000000087300000, 0x0000000087300000, 0x0000000087400000|  0%| F|  |TAMS 0x0000000087300000, 0x0000000087300000| Untracked 
| 116|0x0000000087400000, 0x00000000874db330, 0x0000000087500000| 85%| S|CS|TAMS 0x0000000087400000, 0x0000000087400000| Complete 
| 117|0x0000000087500000, 0x0000000087600000, 0x0000000087600000|100%| S|CS|TAMS 0x0000000087500000, 0x0000000087500000| Complete 
| 118|0x0000000087600000, 0x0000000087700000, 0x0000000087700000|100%| S|CS|TAMS 0x0000000087600000, 0x0000000087600000| Complete 
| 119|0x0000000087700000, 0x0000000087800000, 0x0000000087800000|100%| S|CS|TAMS 0x0000000087700000, 0x0000000087700000| Complete 
| 120|0x0000000087800000, 0x0000000087900000, 0x0000000087900000|100%| S|CS|TAMS 0x0000000087800000, 0x0000000087800000| Complete 
| 121|0x0000000087900000, 0x0000000087a00000, 0x0000000087a00000|100%| S|CS|TAMS 0x0000000087900000, 0x0000000087900000| Complete 
| 122|0x0000000087a00000, 0x0000000087b00000, 0x0000000087b00000|100%| S|CS|TAMS 0x0000000087a00000, 0x0000000087a00000| Complete 
| 123|0x0000000087b00000, 0x0000000087c00000, 0x0000000087c00000|100%| S|CS|TAMS 0x0000000087b00000, 0x0000000087b00000| Complete 
| 124|0x0000000087c00000, 0x0000000087c00000, 0x0000000087d00000|  0%| F|  |TAMS 0x0000000087c00000, 0x0000000087c00000| Untracked 
| 125|0x0000000087d00000, 0x0000000087d00000, 0x0000000087e00000|  0%| F|  |TAMS 0x0000000087d00000, 0x0000000087d00000| Untracked 
| 126|0x0000000087e00000, 0x0000000087e00000, 0x0000000087f00000|  0%| F|  |TAMS 0x0000000087e00000, 0x0000000087e00000| Untracked 
| 127|0x0000000087f00000, 0x0000000087f00000, 0x0000000088000000|  0%| F|  |TAMS 0x0000000087f00000, 0x0000000087f00000| Untracked 
| 128|0x0000000088000000, 0x0000000088000000, 0x0000000088100000|  0%| F|  |TAMS 0x0000000088000000, 0x0000000088000000| Untracked 
| 129|0x0000000088100000, 0x0000000088100000, 0x0000000088200000|  0%| F|  |TAMS 0x0000000088100000, 0x0000000088100000| Untracked 
| 130|0x0000000088200000, 0x0000000088200000, 0x0000000088300000|  0%| F|  |TAMS 0x0000000088200000, 0x0000000088200000| Untracked 
| 131|0x0000000088300000, 0x0000000088300000, 0x0000000088400000|  0%| F|  |TAMS 0x0000000088300000, 0x0000000088300000| Untracked 
| 132|0x0000000088400000, 0x0000000088400000, 0x0000000088500000|  0%| F|  |TAMS 0x0000000088400000, 0x0000000088400000| Untracked 
| 133|0x0000000088500000, 0x0000000088500000, 0x0000000088600000|  0%| F|  |TAMS 0x0000000088500000, 0x0000000088500000| Untracked 
| 134|0x0000000088600000, 0x0000000088600000, 0x0000000088700000|  0%| F|  |TAMS 0x0000000088600000, 0x0000000088600000| Untracked 
| 135|0x0000000088700000, 0x0000000088700000, 0x0000000088800000|  0%| F|  |TAMS 0x0000000088700000, 0x0000000088700000| Untracked 
| 136|0x0000000088800000, 0x0000000088800000, 0x0000000088900000|  0%| F|  |TAMS 0x0000000088800000, 0x0000000088800000| Untracked 
| 137|0x0000000088900000, 0x0000000088900000, 0x0000000088a00000|  0%| F|  |TAMS 0x0000000088900000, 0x0000000088900000| Untracked 
| 138|0x0000000088a00000, 0x0000000088a00000, 0x0000000088b00000|  0%| F|  |TAMS 0x0000000088a00000, 0x0000000088a00000| Untracked 
| 139|0x0000000088b00000, 0x0000000088b00000, 0x0000000088c00000|  0%| F|  |TAMS 0x0000000088b00000, 0x0000000088b00000| Untracked 
| 140|0x0000000088c00000, 0x0000000088c00000, 0x0000000088d00000|  0%| F|  |TAMS 0x0000000088c00000, 0x0000000088c00000| Untracked 
| 141|0x0000000088d00000, 0x0000000088d00000, 0x0000000088e00000|  0%| F|  |TAMS 0x0000000088d00000, 0x0000000088d00000| Untracked 
| 142|0x0000000088e00000, 0x0000000088e00000, 0x0000000088f00000|  0%| F|  |TAMS 0x0000000088e00000, 0x0000000088e00000| Untracked 
| 143|0x0000000088f00000, 0x0000000088f00000, 0x0000000089000000|  0%| F|  |TAMS 0x0000000088f00000, 0x0000000088f00000| Untracked 
| 144|0x0000000089000000, 0x0000000089000000, 0x0000000089100000|  0%| F|  |TAMS 0x0000000089000000, 0x0000000089000000| Untracked 
| 145|0x0000000089100000, 0x0000000089100000, 0x0000000089200000|  0%| F|  |TAMS 0x0000000089100000, 0x0000000089100000| Untracked 
| 146|0x0000000089200000, 0x0000000089200000, 0x0000000089300000|  0%| F|  |TAMS 0x0000000089200000, 0x0000000089200000| Untracked 
| 147|0x0000000089300000, 0x0000000089300000, 0x0000000089400000|  0%| F|  |TAMS 0x0000000089300000, 0x0000000089300000| Untracked 
| 148|0x0000000089400000, 0x0000000089400000, 0x0000000089500000|  0%| F|  |TAMS 0x0000000089400000, 0x0000000089400000| Untracked 
| 149|0x0000000089500000, 0x0000000089500000, 0x0000000089600000|  0%| F|  |TAMS 0x0000000089500000, 0x0000000089500000| Untracked 
| 150|0x0000000089600000, 0x0000000089600000, 0x0000000089700000|  0%| F|  |TAMS 0x0000000089600000, 0x0000000089600000| Untracked 
| 151|0x0000000089700000, 0x0000000089700000, 0x0000000089800000|  0%| F|  |TAMS 0x0000000089700000, 0x0000000089700000| Untracked 
| 152|0x0000000089800000, 0x0000000089800000, 0x0000000089900000|  0%| F|  |TAMS 0x0000000089800000, 0x0000000089800000| Untracked 
| 153|0x0000000089900000, 0x0000000089900000, 0x0000000089a00000|  0%| F|  |TAMS 0x0000000089900000, 0x0000000089900000| Untracked 

Card table byte_map: [0x0000028e79750000,0x0000028e79b50000] _byte_map_base: 0x0000028e79350000

Marking Bits (Prev, Next): (CMBitMap*) 0x0000028e720d8640, (CMBitMap*) 0x0000028e720d8608
 Prev Bits: [0x0000028e7bf50000, 0x0000028e7df50000)
 Next Bits: [0x0000028e79f50000, 0x0000028e7bf50000)

Polling page: 0x0000028e70050000

Metaspace:

Usage:
  Non-class:     26.90 MB capacity,    26.34 MB ( 98%) used,   457.58 KB (  2%) free+waste,   113.13 KB ( <1%) overhead. 
      Class:      4.11 MB capacity,     3.71 MB ( 90%) used,   358.97 KB (  9%) free+waste,    58.38 KB (  1%) overhead. 
       Both:     31.01 MB capacity,    30.05 MB ( 97%) used,   816.55 KB (  3%) free+waste,   171.50 KB ( <1%) overhead. 

Virtual space:
  Non-class space:       36.00 MB reserved,      26.92 MB ( 75%) committed 
      Class space:        1.00 GB reserved,       4.13 MB ( <1%) committed 
             Both:        1.04 GB reserved,      31.05 MB (  3%) committed 

Chunk freelists:
   Non-Class:  2.63 KB
       Class:  1.50 KB
        Both:  4.13 KB

CodeHeap 'non-profiled nmethods': size=239488Kb used=4771Kb max_used=4771Kb free=234716Kb
 bounds [0x0000028e00620000, 0x0000028e00ad0000, 0x0000028e0f000000]
CodeHeap 'non-nmethods': size=6272Kb used=1140Kb max_used=1140Kb free=5131Kb
 bounds [0x0000028e00000000, 0x0000028e00270000, 0x0000028e00620000]
 total_blobs=3618 nmethods=3170 adapters=374
 compilation: enabled
              stopped_count=0, restarted_count=0
 full_count=0

Compilation events (10 events):
Event: 3.975 Thread 0x0000028e0f3ec000 3166       1       org.springframework.core.SerializableTypeWrapper$MethodParameterTypeProvider::<init> (59 bytes)
Event: 3.976 Thread 0x0000028e0f3ec000 nmethod 3166 0x0000028e00ac7310 code [0x0000028e00ac74e0, 0x0000028e00ac78b8]
Event: 3.987 Thread 0x0000028e0f3ec000 3167       1       org.springframework.core.annotation.AnnotatedElementUtils::hasAnnotation (38 bytes)
Event: 3.988 Thread 0x0000028e0f3ec000 nmethod 3167 0x0000028e00ac7a10 code [0x0000028e00ac7c20, 0x0000028e00ac7f98]
Event: 3.991 Thread 0x0000028e0f3ec000 3168       1       java.lang.invoke.BoundMethodHandle::bindArgumentL (11 bytes)
Event: 3.992 Thread 0x0000028e0f3ec000 nmethod 3168 0x0000028e00ac8210 code [0x0000028e00ac83c0, 0x0000028e00ac8598]
Event: 3.992 Thread 0x0000028e0f3ec000 3169       1       java.lang.invoke.LambdaFormEditor::bindArgumentL (59 bytes)
Event: 3.992 Thread 0x0000028e0f3ec000 nmethod 3169 0x0000028e00ac8710 code [0x0000028e00ac88c0, 0x0000028e00ac8a28]
Event: 3.992 Thread 0x0000028e0f3ec000 3170       1       java.util.TreeMap::size (5 bytes)
Event: 3.993 Thread 0x0000028e0f3ec000 nmethod 3170 0x0000028e00ac8b10 code [0x0000028e00ac8ca0, 0x0000028e00ac8d58]

GC Heap History (10 events):
Event: 1.134 GC heap before
{Heap before GC invocations=2 (full 0):
 garbage-first heap   total 131072K, used 15326K [0x0000000080000000, 0x0000000100000000)
  region size 1024K, 12 young (12288K), 1 survivors (1024K)
 Metaspace       used 13561K, capacity 13878K, committed 13952K, reserved 1060864K
  class space    used 1459K, capacity 1602K, committed 1664K, reserved 1048576K
}
Event: 1.140 GC heap after
{Heap after GC invocations=3 (full 0):
 garbage-first heap   total 131072K, used 5089K [0x0000000080000000, 0x0000000100000000)
  region size 1024K, 2 young (2048K), 2 survivors (2048K)
 Metaspace       used 13561K, capacity 13878K, committed 13952K, reserved 1060864K
  class space    used 1459K, capacity 1602K, committed 1664K, reserved 1048576K
}
Event: 1.516 GC heap before
{Heap before GC invocations=3 (full 0):
 garbage-first heap   total 131072K, used 21473K [0x0000000080000000, 0x0000000100000000)
  region size 1024K, 19 young (19456K), 2 survivors (2048K)
 Metaspace       used 17531K, capacity 18011K, committed 18176K, reserved 1064960K
  class space    used 1987K, capacity 2204K, committed 2304K, reserved 1048576K
}
Event: 1.525 GC heap after
{Heap after GC invocations=4 (full 0):
 garbage-first heap   total 131072K, used 6008K [0x0000000080000000, 0x0000000100000000)
  region size 1024K, 3 young (3072K), 3 survivors (3072K)
 Metaspace       used 17531K, capacity 18011K, committed 18176K, reserved 1064960K
  class space    used 1987K, capacity 2204K, committed 2304K, reserved 1048576K
}
Event: 1.877 GC heap before
{Heap before GC invocations=4 (full 0):
 garbage-first heap   total 131072K, used 25464K [0x0000000080000000, 0x0000000100000000)
  region size 1024K, 24 young (24576K), 3 survivors (3072K)
 Metaspace       used 20646K, capacity 21171K, committed 21296K, reserved 1069056K
  class space    used 2411K, capacity 2646K, committed 2688K, reserved 1048576K
}
Event: 1.889 GC heap after
{Heap after GC invocations=5 (full 0):
 garbage-first heap   total 157696K, used 7254K [0x0000000080000000, 0x0000000100000000)
  region size 1024K, 4 young (4096K), 4 survivors (4096K)
 Metaspace       used 20646K, capacity 21171K, committed 21296K, reserved 1069056K
  class space    used 2411K, capacity 2646K, committed 2688K, reserved 1048576K
}
Event: 3.291 GC heap before
{Heap before GC invocations=6 (full 0):
 garbage-first heap   total 157696K, used 52310K [0x0000000080000000, 0x0000000100000000)
  region size 1024K, 48 young (49152K), 4 survivors (4096K)
 Metaspace       used 26428K, capacity 27288K, committed 27440K, reserved 1073152K
  class space    used 3257K, capacity 3615K, committed 3712K, reserved 1048576K
}
Event: 3.308 GC heap after
{Heap after GC invocations=7 (full 0):
 garbage-first heap   total 157696K, used 10054K [0x0000000080000000, 0x0000000100000000)
  region size 1024K, 5 young (5120K), 5 survivors (5120K)
 Metaspace       used 26428K, capacity 27288K, committed 27440K, reserved 1073152K
  class space    used 3257K, capacity 3615K, committed 3712K, reserved 1048576K
}
Event: 3.997 GC heap before
{Heap before GC invocations=7 (full 0):
 garbage-first heap   total 157696K, used 39750K [0x0000000080000000, 0x0000000100000000)
  region size 1024K, 35 young (35840K), 5 survivors (5120K)
 Metaspace       used 30770K, capacity 31759K, committed 31792K, reserved 1083392K
  class space    used 3794K, capacity 4212K, committed 4224K, reserved 1048576K
}
Event: 4.017 GC heap after
{Heap after GC invocations=8 (full 0):
 garbage-first heap   total 157696K, used 12978K [0x0000000080000000, 0x0000000100000000)
  region size 1024K, 8 young (8192K), 8 survivors (8192K)
 Metaspace       used 30770K, capacity 31759K, committed 31792K, reserved 1083392K
  class space    used 3794K, capacity 4212K, committed 4224K, reserved 1048576K
}

Deoptimization events (0 events):
No events

Classes redefined (0 events):
No events

Internal exceptions (10 events):
Event: 3.774 Thread 0x0000028e7209d000 Exception <a 'java/lang/ClassNotFoundException'{0x00000000889bd8d8}: java/lang/ObjectCustomizer> (0x00000000889bd8d8) thrown at [./open/src/hotspot/share/classfile/systemDictionary.cpp, line 226]
Event: 3.775 Thread 0x0000028e7209d000 Exception <a 'java/lang/ClassNotFoundException'{0x00000000889ce2d0}: org/springframework/web/servlet/config/annotation/WebMvcConfigurationSupportCustomizer> (0x00000000889ce2d0) thrown at [./open/src/hotspot/share/classfile/systemDictionary.cpp, line 226]
Event: 3.777 Thread 0x0000028e7209d000 Exception <a 'java/lang/ClassNotFoundException'{0x00000000889eb218}: org/springframework/web/servlet/config/annotation/DelegatingWebMvcConfigurationCustomizer> (0x00000000889eb218) thrown at [./open/src/hotspot/share/classfile/systemDictionary.cpp, line 2
Event: 3.778 Thread 0x0000028e7209d000 Exception <a 'java/lang/ClassNotFoundException'{0x00000000889fee20}: org/springframework/boot/autoconfigure/web/servlet/WebMvcAutoConfiguration$EnableWebMvcConfigurationCustomizer> (0x00000000889fee20) thrown at [./open/src/hotspot/share/classfile/systemD
Event: 3.779 Thread 0x0000028e7209d000 Exception <a 'java/lang/ClassNotFoundException'{0x0000000088818420}: org/springframework/context/ResourceLoaderAwareCustomizer> (0x0000000088818420) thrown at [./open/src/hotspot/share/classfile/systemDictionary.cpp, line 226]
Event: 3.780 Thread 0x0000028e7209d000 Exception <a 'java/lang/ClassNotFoundException'{0x0000000088823980}: org/springframework/beans/factory/AwareCustomizer> (0x0000000088823980) thrown at [./open/src/hotspot/share/classfile/systemDictionary.cpp, line 226]
Event: 3.780 Thread 0x0000028e7209d000 Exception <a 'java/lang/ClassNotFoundException'{0x000000008882f0e0}: org/springframework/context/ApplicationContextAwareCustomizer> (0x000000008882f0e0) thrown at [./open/src/hotspot/share/classfile/systemDictionary.cpp, line 226]
Event: 3.781 Thread 0x0000028e7209d000 Exception <a 'java/lang/ClassNotFoundException'{0x000000008883afd0}: org/springframework/beans/factory/AwareCustomizer> (0x000000008883afd0) thrown at [./open/src/hotspot/share/classfile/systemDictionary.cpp, line 226]
Event: 3.781 Thread 0x0000028e7209d000 Exception <a 'java/lang/ClassNotFoundException'{0x0000000088846708}: org/springframework/web/context/ServletContextAwareCustomizer> (0x0000000088846708) thrown at [./open/src/hotspot/share/classfile/systemDictionary.cpp, line 226]
Event: 3.782 Thread 0x0000028e7209d000 Exception <a 'java/lang/ClassNotFoundException'{0x00000000888520d0}: org/springframework/beans/factory/AwareCustomizer> (0x00000000888520d0) thrown at [./open/src/hotspot/share/classfile/systemDictionary.cpp, line 226]

Events (10 events):
Event: 3.994 loading class org/springframework/web/servlet/mvc/condition/ConsumesRequestCondition done
Event: 3.995 loading class org/springframework/web/servlet/mvc/condition/ProducesRequestCondition
Event: 3.995 loading class org/springframework/web/servlet/mvc/condition/ProducesRequestCondition done
Event: 3.996 loading class org/springframework/web/servlet/mvc/condition/ProducesRequestCondition$ProduceMediaTypeExpression
Event: 3.996 loading class org/springframework/web/servlet/mvc/condition/ProducesRequestCondition$ProduceMediaTypeExpression done
Event: 3.996 loading class org/springframework/web/servlet/mvc/condition/AbstractMediaTypeExpression
Event: 3.996 loading class org/springframework/web/servlet/mvc/condition/AbstractMediaTypeExpression done
Event: 3.996 loading class org/springframework/web/servlet/mvc/condition/MediaTypeExpression
Event: 3.996 loading class org/springframework/web/servlet/mvc/condition/MediaTypeExpression done
Event: 3.997 Executing VM operation: CollectForMetadataAllocation


Dynamic libraries:
0x00007ff725ac0000 - 0x00007ff725acf000 	C:\Program Files\Java\jdk-11.0.16\bin\java.exe
0x00007ffbe8870000 - 0x00007ffbe8a68000 	C:\Windows\SYSTEM32\ntdll.dll
0x00007ffbe6f60000 - 0x00007ffbe701f000 	C:\Windows\System32\KERNEL32.DLL
0x00007ffbe6320000 - 0x00007ffbe65f2000 	C:\Windows\System32\KERNELBASE.dll
0x00007ffbe6010000 - 0x00007ffbe6110000 	C:\Windows\System32\ucrtbase.dll
0x00007ffbc8820000 - 0x00007ffbc8838000 	C:\Program Files\Java\jdk-11.0.16\bin\jli.dll
0x00007ffbe86f0000 - 0x00007ffbe879e000 	C:\Windows\System32\ADVAPI32.dll
0x00007ffbe68c0000 - 0x00007ffbe695e000 	C:\Windows\System32\msvcrt.dll
0x00007ffbe6d50000 - 0x00007ffbe6dec000 	C:\Windows\System32\sechost.dll
0x00007ffbe7770000 - 0x00007ffbe7895000 	C:\Windows\System32\RPCRT4.dll
0x00007ffbe6af0000 - 0x00007ffbe6c8d000 	C:\Windows\System32\USER32.dll
0x00007ffbe6760000 - 0x00007ffbe6782000 	C:\Windows\System32\win32u.dll
0x00007ffbe86b0000 - 0x00007ffbe86db000 	C:\Windows\System32\GDI32.dll
0x00007ffbe6650000 - 0x00007ffbe675f000 	C:\Windows\System32\gdi32full.dll
0x00007ffbe6790000 - 0x00007ffbe682d000 	C:\Windows\System32\msvcp_win.dll
0x00007ffbc6ab0000 - 0x00007ffbc6ac5000 	C:\Program Files\Java\jdk-11.0.16\bin\VCRUNTIME140.dll
0x00007ffbcb040000 - 0x00007ffbcb2da000 	C:\Windows\WinSxS\amd64_microsoft.windows.common-controls_6595b64144ccf1df_6.0.19041.1110_none_60b5254171f9507e\COMCTL32.dll
0x00007ffbde700000 - 0x00007ffbde70a000 	C:\Windows\SYSTEM32\VERSION.dll
0x00007ffbe6ab0000 - 0x00007ffbe6ae2000 	C:\Windows\System32\IMM32.DLL
0x00007ffbc2330000 - 0x00007ffbc23cb000 	C:\Program Files\Java\jdk-11.0.16\bin\msvcp140.dll
0x00007ffb9e550000 - 0x00007ffb9f068000 	C:\Program Files\Java\jdk-11.0.16\bin\server\jvm.dll
0x00007ffbe86e0000 - 0x00007ffbe86e8000 	C:\Windows\System32\PSAPI.DLL
0x00007ffbe2600000 - 0x00007ffbe2609000 	C:\Windows\SYSTEM32\WSOCK32.dll
0x00007ffbe6ef0000 - 0x00007ffbe6f5b000 	C:\Windows\System32\WS2_32.dll
0x00007ffbc6d40000 - 0x00007ffbc6d67000 	C:\Windows\SYSTEM32\WINMM.dll
0x00007ffbe3e10000 - 0x00007ffbe3e22000 	C:\Windows\SYSTEM32\kernel.appcore.dll
0x00007ffbcb480000 - 0x00007ffbcb490000 	C:\Program Files\Java\jdk-11.0.16\bin\verify.dll
0x00007ffbd96b0000 - 0x00007ffbd9894000 	C:\Windows\SYSTEM32\DBGHELP.DLL
0x00007ffbde1e0000 - 0x00007ffbde20c000 	C:\Windows\SYSTEM32\dbgcore.DLL
0x00007ffbe6830000 - 0x00007ffbe68b2000 	C:\Windows\System32\bcryptPrimitives.dll
0x00007ffbc2300000 - 0x00007ffbc2328000 	C:\Program Files\Java\jdk-11.0.16\bin\java.dll
0x00007ffbc89b0000 - 0x00007ffbc89ba000 	C:\Program Files\Java\jdk-11.0.16\bin\jimage.dll
0x00007ffbc6070000 - 0x00007ffbc6086000 	C:\Program Files\Java\jdk-11.0.16\bin\zip.dll
0x00007ffbe7020000 - 0x00007ffbe7763000 	C:\Windows\System32\SHELL32.dll
0x00007ffbe4010000 - 0x00007ffbe47a2000 	C:\Windows\SYSTEM32\windows.storage.dll
0x00007ffbe78a0000 - 0x00007ffbe7bf4000 	C:\Windows\System32\combase.dll
0x00007ffbe5810000 - 0x00007ffbe5840000 	C:\Windows\SYSTEM32\Wldp.dll
0x00007ffbe8540000 - 0x00007ffbe85ed000 	C:\Windows\System32\SHCORE.dll
0x00007ffbe7c00000 - 0x00007ffbe7c55000 	C:\Windows\System32\shlwapi.dll
0x00007ffbe5eb0000 - 0x00007ffbe5ecf000 	C:\Windows\SYSTEM32\profapi.dll
0x00007ffbc6020000 - 0x00007ffbc6039000 	C:\Program Files\Java\jdk-11.0.16\bin\net.dll
0x00007ffbdf660000 - 0x00007ffbdf76c000 	C:\Windows\SYSTEM32\WINHTTP.dll
0x00007ffbe55f0000 - 0x00007ffbe565a000 	C:\Windows\system32\mswsock.dll
0x00007ffbc38c0000 - 0x00007ffbc38d2000 	C:\Program Files\Java\jdk-11.0.16\bin\nio.dll
0x00007ffbe2650000 - 0x00007ffbe2659000 	C:\Program Files\Java\jdk-11.0.16\bin\management.dll
0x00007ffbce190000 - 0x00007ffbce19b000 	C:\Program Files\Java\jdk-11.0.16\bin\management_ext.dll
0x00007ffbd2030000 - 0x00007ffbd2047000 	C:\Windows\system32\napinsp.dll
0x00007ffbd2010000 - 0x00007ffbd202b000 	C:\Windows\system32\pnrpnsp.dll
0x00007ffbd1ff0000 - 0x00007ffbd2005000 	C:\Windows\system32\wshbth.dll
0x00007ffbe2450000 - 0x00007ffbe246d000 	C:\Windows\system32\NLAapi.dll
0x00007ffbe5300000 - 0x00007ffbe533b000 	C:\Windows\SYSTEM32\IPHLPAPI.DLL
0x00007ffbe5340000 - 0x00007ffbe540a000 	C:\Windows\SYSTEM32\DNSAPI.dll
0x00007ffbe86a0000 - 0x00007ffbe86a8000 	C:\Windows\System32\NSI.dll
0x00007ffbd1fd0000 - 0x00007ffbd1fe2000 	C:\Windows\System32\winrnr.dll
0x00007ffbdf180000 - 0x00007ffbdf18a000 	C:\Windows\System32\rasadhlp.dll
0x00007ffbdf8b0000 - 0x00007ffbdf930000 	C:\Windows\System32\fwpuclnt.dll
0x00007ffbe5f70000 - 0x00007ffbe5f97000 	C:\Windows\System32\bcrypt.dll
0x00007ffbe5850000 - 0x00007ffbe5868000 	C:\Windows\SYSTEM32\CRYPTSP.dll
0x00007ffbe4f30000 - 0x00007ffbe4f64000 	C:\Windows\system32\rsaenh.dll
0x00007ffbe5e30000 - 0x00007ffbe5e5e000 	C:\Windows\SYSTEM32\USERENV.dll
0x00007ffbe5780000 - 0x00007ffbe578c000 	C:\Windows\SYSTEM32\CRYPTBASE.dll
0x00007ffbdf790000 - 0x00007ffbdf7a7000 	C:\Windows\SYSTEM32\dhcpcsvc6.DLL
0x00007ffbdf770000 - 0x00007ffbdf78d000 	C:\Windows\SYSTEM32\dhcpcsvc.DLL
0x00007ffbce1a0000 - 0x00007ffbce1c5000 	C:\Program Files\Java\jdk-11.0.16\bin\sunec.dll
0x00007ffbe2670000 - 0x00007ffbe267d000 	C:\Program Files\Java\jdk-11.0.16\bin\sunmscapi.dll
0x00007ffbe6110000 - 0x00007ffbe6266000 	C:\Windows\System32\CRYPT32.dll
0x00007ffbe5960000 - 0x00007ffbe5987000 	C:\Windows\SYSTEM32\ncrypt.dll
0x00007ffbe5920000 - 0x00007ffbe595b000 	C:\Windows\SYSTEM32\NTASN1.dll

dbghelp: loaded successfully - version: 4.0.5 - missing functions: none
symbol engine: initialized successfully - sym options: 0x614 - pdb path: .;C:\Program Files\Java\jdk-11.0.16\bin;C:\Windows\SYSTEM32;C:\Windows\WinSxS\amd64_microsoft.windows.common-controls_6595b64144ccf1df_6.0.19041.1110_none_60b5254171f9507e;C:\Program Files\Java\jdk-11.0.16\bin\server

VM Arguments:
jvm_args: -Xverify:none -XX:TieredStopAtLevel=1 
java_command: com.rama.artemis.ArtemisProducerApp
java_class_path (initial): C:\Users\sfjbs\IdeaProjects\oct31training\Komali\Day12\fourth-artemis-demo\artemis-demo-producer\target\classes;C:\Users\sfjbs\.m2\repository\org\springframework\boot\spring-boot\2.7.0\spring-boot-2.7.0.jar;C:\Users\sfjbs\.m2\repository\org\springframework\spring-context\5.3.20\spring-context-5.3.20.jar;C:\Users\sfjbs\.m2\repository\org\springframework\boot\spring-boot-autoconfigure\2.7.0\spring-boot-autoconfigure-2.7.0.jar;C:\Users\sfjbs\.m2\repository\jakarta\annotation\jakarta.annotation-api\1.3.5\jakarta.annotation-api-1.3.5.jar;C:\Users\sfjbs\.m2\repository\org\springframework\spring-core\5.3.20\spring-core-5.3.20.jar;C:\Users\sfjbs\.m2\repository\org\springframework\spring-jcl\5.3.20\spring-jcl-5.3.20.jar;C:\Users\sfjbs\.m2\repository\org\yaml\snakeyaml\1.30\snakeyaml-1.30.jar;C:\Users\sfjbs\.m2\repository\org\springframework\spring-jms\5.3.20\spring-jms-5.3.20.jar;C:\Users\sfjbs\.m2\repository\org\springframework\spring-beans\5.3.20\spring-beans-5.3.20.jar;C:\Users\sfjbs\.m2\repository\org\springframework\spring-messaging\5.3.20\spring-messaging-5.3.20.jar;C:\Users\sfjbs\.m2\repository\org\springframework\spring-tx\5.3.20\spring-tx-5.3.20.jar;C:\Users\sfjbs\.m2\repository\org\apache\activemq\activemq-broker\5.16.5\activemq-broker-5.16.5.jar;C:\Users\sfjbs\.m2\repository\org\apache\activemq\activemq-client\5.16.5\activemq-client-5.16.5.jar;C:\Users\sfjbs\.m2\repository\org\fusesource\hawtbuf\hawtbuf\1.11\hawtbuf-1.11.jar;C:\Users\sfjbs\.m2\repository\org\apache\activemq\activemq-openwire-legacy\5.16.5\activemq-openwire-legacy-5.16.5.jar;C:\Users\sfjbs\.m2\repository\com\fasterxml\jackson\core\jackson-databind\2.13.3\jackson-databind-2.13.3.jar;C:\Users\sfjbs\.m2\repository\com\fasterxml\jackson\core\jackson-annotations\2.13.3\jackson-annotations-2.13.3.jar;C:\Users\sfjbs\.m2\repository\com\fasterxml\jackson\core\jackson-core\2.13.3\jackson-core-2.13.3.jar;C:\Users\sfjbs\.m2\repository\jakarta\jms\jakarta.jms-api\2.0.3\jakarta.jms-a
Launcher Type: SUN_STANDARD

[Global flags]
     bool BytecodeVerificationLocal                = false                                     {product} {command line}
     bool BytecodeVerificationRemote               = false                                     {product} {command line}
     intx CICompilerCount                          = 2                                         {product} {ergonomic}
     uint ConcGCThreads                            = 1                                         {product} {ergonomic}
     uint G1ConcRefinementThreads                  = 2                                         {product} {ergonomic}
   size_t G1HeapRegionSize                         = 1048576                                   {product} {ergonomic}
    uintx GCDrainStackTargetSize                   = 64                                        {product} {ergonomic}
   size_t InitialHeapSize                          = 134217728                                 {product} {ergonomic}
   size_t MarkStackSize                            = 4194304                                   {product} {ergonomic}
   size_t MaxHeapSize                              = 2147483648                                {product} {ergonomic}
   size_t MaxNewSize                               = 1287651328                                {product} {ergonomic}
   size_t MinHeapDeltaBytes                        = 1048576                                   {product} {ergonomic}
    uintx NonNMethodCodeHeapSize                   = 6396312                                {pd product} {ergonomic}
    uintx NonProfiledCodeHeapSize                  = 245261928                              {pd product} {ergonomic}
    uintx ProfiledCodeHeapSize                     = 0                                      {pd product} {ergonomic}
    uintx ReservedCodeCacheSize                    = 251658240                              {pd product} {ergonomic}
     bool SegmentedCodeCache                       = true                                      {product} {ergonomic}
     intx TieredStopAtLevel                        = 1                                         {product} {command line}
     bool UseCompressedClassPointers               = true                                 {lp64_product} {ergonomic}
     bool UseCompressedOops                        = true                                 {lp64_product} {ergonomic}
     bool UseG1GC                                  = true                                      {product} {ergonomic}
     bool UseLargePagesIndividualAllocation        = false                                  {pd product} {ergonomic}

Logging:
Log output configuration:
 #0: stdout all=warning uptime,level,tags
 #1: stderr all=off uptime,level,tags

Environment Variables:
PATH=C:\Program Files\Common Files\Oracle\Java\javapath;C:\Windows\system32;C:\Windows;C:\Windows\System32\Wbem;C:\Windows\System32\WindowsPowerShell\v1.0\;C:\Windows\System32\OpenSSH\;C:\Users\sfjbs\Downloads\micro service-20221021T071039Z-001\micro service\apache-maven-3.8.5-bin\apache-maven-3.8.5\bin;C:\Users\sfjbs\Downloads\micro service-20221021T071039Z-001\micro service\apache-maven-3.8.5-bin\apache-maven-3.8.5\lib;C:\Program Files\Git\cmd;C:\Program Files\Docker\Docker\resources\bin;C:\Users\sfjbs\AppData\Local\Microsoft\WindowsApps;C:\Users\sfjbs\Downloads\micro service-20221021T071039Z-001\micro service\apache-maven-3.8.5-bin\apache-maven-3.8.5\bin;C:\Users\sfjbs\Downloads\micro service-20221021T071039Z-001\micro service\apache-maven-3.8.5-bin\apache-maven-3.8.5\lib;;C:\Program Files\JetBrains\IntelliJ IDEA Community Edition 2022.2.1\bin;
USERNAME=sfjbs
OS=Windows_NT
PROCESSOR_IDENTIFIER=Intel64 Family 6 Model 85 Stepping 7, GenuineIntel



---------------  S Y S T E M  ---------------

OS: Windows 10 , 64 bit Build 19041 (10.0.19041.2251)
Hyper-V role detected

CPU:total 2 (initial active 2) (1 cores per cpu, 2 threads per core) family 6 model 85 stepping 7 microcode 0xffffffff, cmov, cx8, fxsr, mmx, sse, sse2, sse3, ssse3, sse4.1, sse4.2, popcnt, avx, avx2, aes, clmul, erms, rtm, 3dnowpref, lzcnt, ht, tsc, bmi1, bmi2, adx, evex, fma

Memory: 4k page, system-wide physical 8190M (659M free)
TotalPageFile size 10238M (AvailPageFile size 10M)
current process WorkingSet (physical memory assigned to process): 137M, peak: 137M
current process commit charge ("private bytes"): 261M, peak: 262M

vm_info: Java HotSpot(TM) 64-Bit Server VM (11.0.16+11-LTS-199) for windows-amd64 JRE (11.0.16+11-LTS-199), built on Jun 28 2022 08:23:17 by "mach5one" with MS VC++ 15.9 (VS2017)

END.
