#
# There is insufficient memory for the Java Runtime Environment to continue.
# Native memory allocation (malloc) failed to allocate 32744 bytes for ChunkPool::allocate
# Possible reasons:
#   The system is out of physical RAM or swap space
#   The process is running with CompressedOops enabled, and the Java Heap may be blocking the growth of the native heap
# Possible solutions:
#   Reduce memory load on the system
#   Increase physical memory or swap space
#   Check if swap backing store is full
#   Decrease Java heap size (-Xmx/-Xms)
#   Decrease number of Java threads
#   Decrease Java thread stack sizes (-Xss)
#   Set larger code cache with -XX:ReservedCodeCacheSize=
#   JVM is running with Unscaled Compressed Oops mode in which the Java heap is
#     placed in the first 4GB address space. The Java Heap base address is the
#     maximum limit for the native heap growth. Please use -XX:HeapBaseMinAddress
#     to set the Java Heap base and to place the Java Heap above 4GB virtual address.
# This output file may be truncated or incomplete.
#
#  Out of Memory Error (./open/src/hotspot/share/memory/arena.cpp:81), pid=1184, tid=12624
#
# JRE version: Java(TM) SE Runtime Environment 18.9 (11.0.16+11) (build 11.0.16+11-LTS-199)
# Java VM: Java HotSpot(TM) 64-Bit Server VM 18.9 (11.0.16+11-LTS-199, mixed mode, tiered, compressed oops, g1 gc, windows-amd64)
# No core dump will be written. Minidumps are not enabled by default on client versions of Windows
#

---------------  S U M M A R Y ------------

Command Line: -agentlib:jdwp=transport=dt_socket,address=127.0.0.1:54266,suspend=y,server=n -javaagent:C:\Users\sfjbs\AppData\Local\JetBrains\IdeaIC2022.2\captureAgent\debugger-agent.jar -Dfile.encoding=UTF-8 com.example.demo.CalculatorApplication

Host: Intel(R) Xeon(R) Platinum 8370C CPU @ 2.80GHz, 2 cores, 7G,  Windows 10 , 64 bit Build 19041 (10.0.19041.1889)
Time: Wed Nov  2 06:06:32 2022 Coordinated Universal Time elapsed time: 9.280143 seconds (0d 0h 0m 9s)

---------------  T H R E A D  ---------------

Current thread (0x000002999da43000):  JavaThread "C2 CompilerThread0" daemon [_thread_in_native, id=12624, stack(0x000000b9d2100000,0x000000b9d2200000)]


Current CompileTask:
C2:   9280 2991   !   4       jdk.internal.loader.BuiltinClassLoader::loadClassOrNull (143 bytes)

Stack: [0x000000b9d2100000,0x000000b9d2200000]
Native frames: (J=compiled Java code, j=interpreted, Vv=VM code, C=native code)
V  [jvm.dll+0x62a3ea]
V  [jvm.dll+0x76418f]
V  [jvm.dll+0x765839]
V  [jvm.dll+0x765ec3]
V  [jvm.dll+0x23da98]
V  [jvm.dll+0xb2c7b]
V  [jvm.dll+0xb2fdc]
V  [jvm.dll+0xb2b2b]
V  [jvm.dll+0x60a6ef]
V  [jvm.dll+0x659bc4]
V  [jvm.dll+0x18ccfd]
V  [jvm.dll+0x1f85b2]
V  [jvm.dll+0x1f768d]
V  [jvm.dll+0x177c81]
V  [jvm.dll+0x207006]
V  [jvm.dll+0x20519b]
V  [jvm.dll+0x729fa0]
V  [jvm.dll+0x722b74]
V  [jvm.dll+0x629286]
C  [ucrtbase.dll+0x21bb2]
C  [KERNEL32.DLL+0x17034]
C  [ntdll.dll+0x526a1]


---------------  P R O C E S S  ---------------

Threads class SMR info:
_java_thread_list=0x000002999fdf7bc0, length=16, elements={
0x00000299fb2ac000, 0x000002999da23800, 0x000002999da25000, 0x000002999e3d2800,
0x000002999da3f000, 0x000002999da40000, 0x000002999da43000, 0x000002999da46000,
0x000002999da7d000, 0x000002999e502800, 0x000002999e5f7000, 0x000002999e5fc800,
0x000002999e5fd000, 0x000002999edd5800, 0x00000299a23a7800, 0x000002999f96a800
}

Java Threads: ( => current thread )
  0x00000299fb2ac000 JavaThread "main" [_thread_in_vm, id=6492, stack(0x000000b9d1500000,0x000000b9d1600000)]
  0x000002999da23800 JavaThread "Reference Handler" daemon [_thread_blocked, id=13396, stack(0x000000b9d1c00000,0x000000b9d1d00000)]
  0x000002999da25000 JavaThread "Finalizer" daemon [_thread_blocked, id=3312, stack(0x000000b9d1d00000,0x000000b9d1e00000)]
  0x000002999e3d2800 JavaThread "Signal Dispatcher" daemon [_thread_blocked, id=13600, stack(0x000000b9d1e00000,0x000000b9d1f00000)]
  0x000002999da3f000 JavaThread "Attach Listener" daemon [_thread_blocked, id=11340, stack(0x000000b9d1f00000,0x000000b9d2000000)]
  0x000002999da40000 JavaThread "Service Thread" daemon [_thread_blocked, id=6252, stack(0x000000b9d2000000,0x000000b9d2100000)]
=>0x000002999da43000 JavaThread "C2 CompilerThread0" daemon [_thread_in_native, id=12624, stack(0x000000b9d2100000,0x000000b9d2200000)]
  0x000002999da46000 JavaThread "C1 CompilerThread0" daemon [_thread_blocked, id=3764, stack(0x000000b9d2200000,0x000000b9d2300000)]
  0x000002999da7d000 JavaThread "Sweeper thread" daemon [_thread_blocked, id=7904, stack(0x000000b9d2300000,0x000000b9d2400000)]
  0x000002999e502800 JavaThread "Common-Cleaner" daemon [_thread_blocked, id=3492, stack(0x000000b9d2400000,0x000000b9d2500000)]
  0x000002999e5f7000 JavaThread "JDWP Transport Listener: dt_socket" daemon [_thread_blocked, id=5512, stack(0x000000b9d2500000,0x000000b9d2600000)]
  0x000002999e5fc800 JavaThread "JDWP Event Helper Thread" daemon [_thread_blocked, id=1332, stack(0x000000b9d2600000,0x000000b9d2700000)]
  0x000002999e5fd000 JavaThread "JDWP Command Reader" daemon [_thread_in_native, id=5196, stack(0x000000b9d2700000,0x000000b9d2800000)]
  0x000002999edd5800 JavaThread "Catalina-utility-1" [_thread_new, id=4064, stack(0x0000000000000000,0x0000000000000000)]
  0x00000299a23a7800 JavaThread "Catalina-utility-2" [_thread_new, id=9376, stack(0x0000000000000000,0x0000000000000000)]
  0x000002999f96a800 JavaThread "container-0" [_thread_blocked, id=432, stack(0x000000b9d2c00000,0x000000b9d2d00000)]

Other Threads:
  0x000002999da21000 VMThread "VM Thread" [stack: 0x000000b9d1b00000,0x000000b9d1c00000] [id=10048] _threads_hazard_ptr=0x000002999fdf7bc0
  0x000002999e5a6000 WatcherThread [stack: 0x000000b9d2800000,0x000000b9d2900000] [id=10468]
  0x00000299fb2c1000 GCTaskThread "GC Thread#0" [stack: 0x000000b9d1600000,0x000000b9d1700000] [id=13284]
  0x000002999e651800 GCTaskThread "GC Thread#1" [stack: 0x000000b9d2900000,0x000000b9d2a00000] [id=5464]
  0x00000299fb2f2000 ConcurrentGCThread "G1 Main Marker" [stack: 0x000000b9d1700000,0x000000b9d1800000] [id=3752]
  0x00000299fb2f3800 ConcurrentGCThread "G1 Conc#0" [stack: 0x000000b9d1800000,0x000000b9d1900000] [id=11116]
  0x00000299fb37a000 ConcurrentGCThread "G1 Refine#0" [stack: 0x000000b9d1900000,0x000000b9d1a00000] [id=7276]
  0x00000299fb37c800 ConcurrentGCThread "G1 Young RemSet Sampling" [stack: 0x000000b9d1a00000,0x000000b9d1b00000] [id=6828]

Threads with active compile tasks:
C2 CompilerThread0     9298 2991   !   4       jdk.internal.loader.BuiltinClassLoader::loadClassOrNull (143 bytes)

VM state:synchronizing (normal execution)

VM Mutex/Monitor currently owned by a thread:  ([mutex/lock_event])
[0x00000299fb2a8230] Safepoint_lock - owner thread: 0x000002999da21000
[0x00000299fb2a7ff0] Threads_lock - owner thread: 0x000002999da21000
[0x00000299fb2a6b20] Compile_lock - owner thread: 0x00000299fb2ac000

Heap address: 0x0000000080000000, size: 2048 MB, Compressed Oops mode: 32-bit
Narrow klass base: 0x0000000000000000, Narrow klass shift: 3
Compressed class space size: 1073741824 Address: 0x0000000100000000

Heap:
 garbage-first heap   total 157696K, used 21122K [0x0000000080000000, 0x0000000100000000)
  region size 1024K, 17 young (17408K), 5 survivors (5120K)
 Metaspace       used 33651K, capacity 34535K, committed 34608K, reserved 1079296K
  class space    used 3836K, capacity 4219K, committed 4224K, reserved 1048576K
Heap Regions: E=young(eden), S=young(survivor), O=old, HS=humongous(starts), HC=humongous(continues), CS=collection set, F=free, A=archive, TAMS=top-at-mark-start (previous, next)
|   0|0x0000000080000000, 0x0000000080100000, 0x0000000080100000|100%| O|  |TAMS 0x0000000080100000, 0x0000000080000000| Untracked 
|   1|0x0000000080100000, 0x0000000080200000, 0x0000000080200000|100%| O|  |TAMS 0x0000000080200000, 0x0000000080100000| Untracked 
|   2|0x0000000080200000, 0x0000000080300000, 0x0000000080300000|100%| O|  |TAMS 0x0000000080300000, 0x0000000080200000| Untracked 
|   3|0x0000000080300000, 0x0000000080400000, 0x0000000080400000|100%| O|  |TAMS 0x00000000803f0600, 0x0000000080300000| Untracked 
|   4|0x0000000080400000, 0x00000000804d0a00, 0x0000000080500000| 81%| O|  |TAMS 0x0000000080400000, 0x0000000080400000| Untracked 
|   5|0x0000000080500000, 0x0000000080500000, 0x0000000080600000|  0%| F|  |TAMS 0x0000000080500000, 0x0000000080500000| Untracked 
|   6|0x0000000080600000, 0x0000000080600000, 0x0000000080700000|  0%| F|  |TAMS 0x0000000080600000, 0x0000000080600000| Untracked 
|   7|0x0000000080700000, 0x0000000080700000, 0x0000000080800000|  0%| F|  |TAMS 0x0000000080700000, 0x0000000080700000| Untracked 
|   8|0x0000000080800000, 0x0000000080800000, 0x0000000080900000|  0%| F|  |TAMS 0x0000000080800000, 0x0000000080800000| Untracked 
|   9|0x0000000080900000, 0x0000000080900000, 0x0000000080a00000|  0%| F|  |TAMS 0x0000000080900000, 0x0000000080900000| Untracked 
|  10|0x0000000080a00000, 0x0000000080a00000, 0x0000000080b00000|  0%| F|  |TAMS 0x0000000080a00000, 0x0000000080a00000| Untracked 
|  11|0x0000000080b00000, 0x0000000080b00000, 0x0000000080c00000|  0%| F|  |TAMS 0x0000000080b00000, 0x0000000080b00000| Untracked 
|  12|0x0000000080c00000, 0x0000000080c00000, 0x0000000080d00000|  0%| F|  |TAMS 0x0000000080c00000, 0x0000000080c00000| Untracked 
|  13|0x0000000080d00000, 0x0000000080d00000, 0x0000000080e00000|  0%| F|  |TAMS 0x0000000080d00000, 0x0000000080d00000| Untracked 
|  14|0x0000000080e00000, 0x0000000080e00000, 0x0000000080f00000|  0%| F|  |TAMS 0x0000000080e00000, 0x0000000080e00000| Untracked 
|  15|0x0000000080f00000, 0x0000000080f00000, 0x0000000081000000|  0%| F|  |TAMS 0x0000000080f00000, 0x0000000080f00000| Untracked 
|  16|0x0000000081000000, 0x0000000081000000, 0x0000000081100000|  0%| F|  |TAMS 0x0000000081000000, 0x0000000081000000| Untracked 
|  17|0x0000000081100000, 0x0000000081100000, 0x0000000081200000|  0%| F|  |TAMS 0x0000000081100000, 0x0000000081100000| Untracked 
|  18|0x0000000081200000, 0x0000000081200000, 0x0000000081300000|  0%| F|  |TAMS 0x0000000081200000, 0x0000000081200000| Untracked 
|  19|0x0000000081300000, 0x0000000081300000, 0x0000000081400000|  0%| F|  |TAMS 0x0000000081300000, 0x0000000081300000| Untracked 
|  20|0x0000000081400000, 0x0000000081400000, 0x0000000081500000|  0%| F|  |TAMS 0x0000000081400000, 0x0000000081400000| Untracked 
|  21|0x0000000081500000, 0x0000000081500000, 0x0000000081600000|  0%| F|  |TAMS 0x0000000081500000, 0x0000000081500000| Untracked 
|  22|0x0000000081600000, 0x0000000081600000, 0x0000000081700000|  0%| F|  |TAMS 0x0000000081600000, 0x0000000081600000| Untracked 
|  23|0x0000000081700000, 0x0000000081700000, 0x0000000081800000|  0%| F|  |TAMS 0x0000000081700000, 0x0000000081700000| Untracked 
|  24|0x0000000081800000, 0x0000000081800000, 0x0000000081900000|  0%| F|  |TAMS 0x0000000081800000, 0x0000000081800000| Untracked 
|  25|0x0000000081900000, 0x0000000081900000, 0x0000000081a00000|  0%| F|  |TAMS 0x0000000081900000, 0x0000000081900000| Untracked 
|  26|0x0000000081a00000, 0x0000000081a00000, 0x0000000081b00000|  0%| F|  |TAMS 0x0000000081a00000, 0x0000000081a00000| Untracked 
|  27|0x0000000081b00000, 0x0000000081b00000, 0x0000000081c00000|  0%| F|  |TAMS 0x0000000081b00000, 0x0000000081b00000| Untracked 
|  28|0x0000000081c00000, 0x0000000081c00000, 0x0000000081d00000|  0%| F|  |TAMS 0x0000000081c00000, 0x0000000081c00000| Untracked 
|  29|0x0000000081d00000, 0x0000000081d00000, 0x0000000081e00000|  0%| F|  |TAMS 0x0000000081d00000, 0x0000000081d00000| Untracked 
|  30|0x0000000081e00000, 0x0000000081e00000, 0x0000000081f00000|  0%| F|  |TAMS 0x0000000081e00000, 0x0000000081e00000| Untracked 
|  31|0x0000000081f00000, 0x0000000081f00000, 0x0000000082000000|  0%| F|  |TAMS 0x0000000081f00000, 0x0000000081f00000| Untracked 
|  32|0x0000000082000000, 0x0000000082000000, 0x0000000082100000|  0%| F|  |TAMS 0x0000000082000000, 0x0000000082000000| Untracked 
|  33|0x0000000082100000, 0x0000000082100000, 0x0000000082200000|  0%| F|  |TAMS 0x0000000082100000, 0x0000000082100000| Untracked 
|  34|0x0000000082200000, 0x0000000082200000, 0x0000000082300000|  0%| F|  |TAMS 0x0000000082200000, 0x0000000082200000| Untracked 
|  35|0x0000000082300000, 0x0000000082300000, 0x0000000082400000|  0%| F|  |TAMS 0x0000000082300000, 0x0000000082300000| Untracked 
|  36|0x0000000082400000, 0x0000000082400000, 0x0000000082500000|  0%| F|  |TAMS 0x0000000082400000, 0x0000000082400000| Untracked 
|  37|0x0000000082500000, 0x0000000082500000, 0x0000000082600000|  0%| F|  |TAMS 0x0000000082500000, 0x0000000082500000| Untracked 
|  38|0x0000000082600000, 0x0000000082600000, 0x0000000082700000|  0%| F|  |TAMS 0x0000000082600000, 0x0000000082600000| Untracked 
|  39|0x0000000082700000, 0x0000000082700000, 0x0000000082800000|  0%| F|  |TAMS 0x0000000082700000, 0x0000000082700000| Untracked 
|  40|0x0000000082800000, 0x0000000082800000, 0x0000000082900000|  0%| F|  |TAMS 0x0000000082800000, 0x0000000082800000| Untracked 
|  41|0x0000000082900000, 0x0000000082900000, 0x0000000082a00000|  0%| F|  |TAMS 0x0000000082900000, 0x0000000082900000| Untracked 
|  42|0x0000000082a00000, 0x0000000082a00000, 0x0000000082b00000|  0%| F|  |TAMS 0x0000000082a00000, 0x0000000082a00000| Untracked 
|  43|0x0000000082b00000, 0x0000000082b00000, 0x0000000082c00000|  0%| F|  |TAMS 0x0000000082b00000, 0x0000000082b00000| Untracked 
|  44|0x0000000082c00000, 0x0000000082c00000, 0x0000000082d00000|  0%| F|  |TAMS 0x0000000082c00000, 0x0000000082c00000| Untracked 
|  45|0x0000000082d00000, 0x0000000082d00000, 0x0000000082e00000|  0%| F|  |TAMS 0x0000000082d00000, 0x0000000082d00000| Untracked 
|  46|0x0000000082e00000, 0x0000000082e00000, 0x0000000082f00000|  0%| F|  |TAMS 0x0000000082e00000, 0x0000000082e00000| Untracked 
|  47|0x0000000082f00000, 0x0000000082f00000, 0x0000000083000000|  0%| F|  |TAMS 0x0000000082f00000, 0x0000000082f00000| Untracked 
|  48|0x0000000083000000, 0x0000000083000000, 0x0000000083100000|  0%| F|  |TAMS 0x0000000083000000, 0x0000000083000000| Untracked 
|  49|0x0000000083100000, 0x0000000083100000, 0x0000000083200000|  0%| F|  |TAMS 0x0000000083100000, 0x0000000083100000| Untracked 
|  50|0x0000000083200000, 0x0000000083200000, 0x0000000083300000|  0%| F|  |TAMS 0x0000000083200000, 0x0000000083200000| Untracked 
|  51|0x0000000083300000, 0x0000000083300000, 0x0000000083400000|  0%| F|  |TAMS 0x0000000083300000, 0x0000000083300000| Untracked 
|  52|0x0000000083400000, 0x0000000083400000, 0x0000000083500000|  0%| F|  |TAMS 0x0000000083400000, 0x0000000083400000| Untracked 
|  53|0x0000000083500000, 0x0000000083500000, 0x0000000083600000|  0%| F|  |TAMS 0x0000000083500000, 0x0000000083500000| Untracked 
|  54|0x0000000083600000, 0x0000000083600000, 0x0000000083700000|  0%| F|  |TAMS 0x0000000083600000, 0x0000000083600000| Untracked 
|  55|0x0000000083700000, 0x0000000083700000, 0x0000000083800000|  0%| F|  |TAMS 0x0000000083700000, 0x0000000083700000| Untracked 
|  56|0x0000000083800000, 0x0000000083800000, 0x0000000083900000|  0%| F|  |TAMS 0x0000000083800000, 0x0000000083800000| Untracked 
|  57|0x0000000083900000, 0x0000000083900000, 0x0000000083a00000|  0%| F|  |TAMS 0x0000000083900000, 0x0000000083900000| Untracked 
|  58|0x0000000083a00000, 0x0000000083a00000, 0x0000000083b00000|  0%| F|  |TAMS 0x0000000083a00000, 0x0000000083a00000| Untracked 
|  59|0x0000000083b00000, 0x0000000083b00000, 0x0000000083c00000|  0%| F|  |TAMS 0x0000000083b00000, 0x0000000083b00000| Untracked 
|  60|0x0000000083c00000, 0x0000000083c00000, 0x0000000083d00000|  0%| F|  |TAMS 0x0000000083c00000, 0x0000000083c00000| Untracked 
|  61|0x0000000083d00000, 0x0000000083d00000, 0x0000000083e00000|  0%| F|  |TAMS 0x0000000083d00000, 0x0000000083d00000| Untracked 
|  62|0x0000000083e00000, 0x0000000083e00000, 0x0000000083f00000|  0%| F|  |TAMS 0x0000000083e00000, 0x0000000083e00000| Untracked 
|  63|0x0000000083f00000, 0x0000000083f00000, 0x0000000084000000|  0%| F|  |TAMS 0x0000000083f00000, 0x0000000083f00000| Untracked 
|  64|0x0000000084000000, 0x0000000084000000, 0x0000000084100000|  0%| F|  |TAMS 0x0000000084000000, 0x0000000084000000| Untracked 
|  65|0x0000000084100000, 0x0000000084100000, 0x0000000084200000|  0%| F|  |TAMS 0x0000000084100000, 0x0000000084100000| Untracked 
|  66|0x0000000084200000, 0x0000000084200000, 0x0000000084300000|  0%| F|  |TAMS 0x0000000084200000, 0x0000000084200000| Untracked 
|  67|0x0000000084300000, 0x0000000084300000, 0x0000000084400000|  0%| F|  |TAMS 0x0000000084300000, 0x0000000084300000| Untracked 
|  68|0x0000000084400000, 0x0000000084400000, 0x0000000084500000|  0%| F|  |TAMS 0x0000000084400000, 0x0000000084400000| Untracked 
|  69|0x0000000084500000, 0x0000000084500000, 0x0000000084600000|  0%| F|  |TAMS 0x0000000084500000, 0x0000000084500000| Untracked 
|  70|0x0000000084600000, 0x0000000084600000, 0x0000000084700000|  0%| F|  |TAMS 0x0000000084600000, 0x0000000084600000| Untracked 
|  71|0x0000000084700000, 0x0000000084700000, 0x0000000084800000|  0%| F|  |TAMS 0x0000000084700000, 0x0000000084700000| Untracked 
|  72|0x0000000084800000, 0x0000000084800000, 0x0000000084900000|  0%| F|  |TAMS 0x0000000084800000, 0x0000000084800000| Untracked 
|  73|0x0000000084900000, 0x0000000084900000, 0x0000000084a00000|  0%| F|  |TAMS 0x0000000084900000, 0x0000000084900000| Untracked 
|  74|0x0000000084a00000, 0x0000000084a00000, 0x0000000084b00000|  0%| F|  |TAMS 0x0000000084a00000, 0x0000000084a00000| Untracked 
|  75|0x0000000084b00000, 0x0000000084b00000, 0x0000000084c00000|  0%| F|  |TAMS 0x0000000084b00000, 0x0000000084b00000| Untracked 
|  76|0x0000000084c00000, 0x0000000084c00000, 0x0000000084d00000|  0%| F|  |TAMS 0x0000000084c00000, 0x0000000084c00000| Untracked 
|  77|0x0000000084d00000, 0x0000000084dd0068, 0x0000000084e00000| 81%| S|CS|TAMS 0x0000000084d00000, 0x0000000084d00000| Complete 
|  78|0x0000000084e00000, 0x0000000084f00000, 0x0000000084f00000|100%| S|CS|TAMS 0x0000000084e00000, 0x0000000084e00000| Complete 
|  79|0x0000000084f00000, 0x0000000085000000, 0x0000000085000000|100%| S|CS|TAMS 0x0000000084f00000, 0x0000000084f00000| Complete 
|  80|0x0000000085000000, 0x0000000085100000, 0x0000000085100000|100%| S|CS|TAMS 0x0000000085000000, 0x0000000085000000| Complete 
|  81|0x0000000085100000, 0x0000000085200000, 0x0000000085200000|100%| S|CS|TAMS 0x0000000085100000, 0x0000000085100000| Complete 
|  82|0x0000000085200000, 0x0000000085200000, 0x0000000085300000|  0%| F|  |TAMS 0x0000000085200000, 0x0000000085200000| Untracked 
|  83|0x0000000085300000, 0x0000000085300000, 0x0000000085400000|  0%| F|  |TAMS 0x0000000085300000, 0x0000000085300000| Untracked 
|  84|0x0000000085400000, 0x0000000085400000, 0x0000000085500000|  0%| F|  |TAMS 0x0000000085400000, 0x0000000085400000| Untracked 
|  85|0x0000000085500000, 0x0000000085500000, 0x0000000085600000|  0%| F|  |TAMS 0x0000000085500000, 0x0000000085500000| Untracked 
|  86|0x0000000085600000, 0x0000000085600000, 0x0000000085700000|  0%| F|  |TAMS 0x0000000085600000, 0x0000000085600000| Untracked 
|  87|0x0000000085700000, 0x0000000085700000, 0x0000000085800000|  0%| F|  |TAMS 0x0000000085700000, 0x0000000085700000| Untracked 
|  88|0x0000000085800000, 0x0000000085800000, 0x0000000085900000|  0%| F|  |TAMS 0x0000000085800000, 0x0000000085800000| Untracked 
|  89|0x0000000085900000, 0x0000000085900000, 0x0000000085a00000|  0%| F|  |TAMS 0x0000000085900000, 0x0000000085900000| Untracked 
|  90|0x0000000085a00000, 0x0000000085a00000, 0x0000000085b00000|  0%| F|  |TAMS 0x0000000085a00000, 0x0000000085a00000| Untracked 
|  91|0x0000000085b00000, 0x0000000085b00000, 0x0000000085c00000|  0%| F|  |TAMS 0x0000000085b00000, 0x0000000085b00000| Untracked 
|  92|0x0000000085c00000, 0x0000000085c00000, 0x0000000085d00000|  0%| F|  |TAMS 0x0000000085c00000, 0x0000000085c00000| Untracked 
|  93|0x0000000085d00000, 0x0000000085d00000, 0x0000000085e00000|  0%| F|  |TAMS 0x0000000085d00000, 0x0000000085d00000| Untracked 
|  94|0x0000000085e00000, 0x0000000085e00000, 0x0000000085f00000|  0%| F|  |TAMS 0x0000000085e00000, 0x0000000085e00000| Untracked 
|  95|0x0000000085f00000, 0x0000000085f00000, 0x0000000086000000|  0%| F|  |TAMS 0x0000000085f00000, 0x0000000085f00000| Untracked 
|  96|0x0000000086000000, 0x0000000086000000, 0x0000000086100000|  0%| F|  |TAMS 0x0000000086000000, 0x0000000086000000| Untracked 
|  97|0x0000000086100000, 0x0000000086100000, 0x0000000086200000|  0%| F|  |TAMS 0x0000000086100000, 0x0000000086100000| Untracked 
|  98|0x0000000086200000, 0x0000000086200000, 0x0000000086300000|  0%| F|  |TAMS 0x0000000086200000, 0x0000000086200000| Untracked 
|  99|0x0000000086300000, 0x0000000086300000, 0x0000000086400000|  0%| F|  |TAMS 0x0000000086300000, 0x0000000086300000| Untracked 
| 100|0x0000000086400000, 0x0000000086400000, 0x0000000086500000|  0%| F|  |TAMS 0x0000000086400000, 0x0000000086400000| Untracked 
| 101|0x0000000086500000, 0x0000000086500000, 0x0000000086600000|  0%| F|  |TAMS 0x0000000086500000, 0x0000000086500000| Untracked 
| 102|0x0000000086600000, 0x0000000086600000, 0x0000000086700000|  0%| F|  |TAMS 0x0000000086600000, 0x0000000086600000| Untracked 
| 103|0x0000000086700000, 0x0000000086700000, 0x0000000086800000|  0%| F|  |TAMS 0x0000000086700000, 0x0000000086700000| Untracked 
| 104|0x0000000086800000, 0x0000000086800000, 0x0000000086900000|  0%| F|  |TAMS 0x0000000086800000, 0x0000000086800000| Untracked 
| 105|0x0000000086900000, 0x0000000086900000, 0x0000000086a00000|  0%| F|  |TAMS 0x0000000086900000, 0x0000000086900000| Untracked 
| 106|0x0000000086a00000, 0x0000000086a00000, 0x0000000086b00000|  0%| F|  |TAMS 0x0000000086a00000, 0x0000000086a00000| Untracked 
| 107|0x0000000086b00000, 0x0000000086b00000, 0x0000000086c00000|  0%| F|  |TAMS 0x0000000086b00000, 0x0000000086b00000| Untracked 
| 108|0x0000000086c00000, 0x0000000086c00000, 0x0000000086d00000|  0%| F|  |TAMS 0x0000000086c00000, 0x0000000086c00000| Untracked 
| 109|0x0000000086d00000, 0x0000000086d00000, 0x0000000086e00000|  0%| F|  |TAMS 0x0000000086d00000, 0x0000000086d00000| Untracked 
| 110|0x0000000086e00000, 0x0000000086e00000, 0x0000000086f00000|  0%| F|  |TAMS 0x0000000086e00000, 0x0000000086e00000| Untracked 
| 111|0x0000000086f00000, 0x0000000086f00000, 0x0000000087000000|  0%| F|  |TAMS 0x0000000086f00000, 0x0000000086f00000| Untracked 
| 112|0x0000000087000000, 0x0000000087000000, 0x0000000087100000|  0%| F|  |TAMS 0x0000000087000000, 0x0000000087000000| Untracked 
| 113|0x0000000087100000, 0x0000000087100000, 0x0000000087200000|  0%| F|  |TAMS 0x0000000087100000, 0x0000000087100000| Untracked 
| 114|0x0000000087200000, 0x0000000087200000, 0x0000000087300000|  0%| F|  |TAMS 0x0000000087200000, 0x0000000087200000| Untracked 
| 115|0x0000000087300000, 0x0000000087300000, 0x0000000087400000|  0%| F|  |TAMS 0x0000000087300000, 0x0000000087300000| Untracked 
| 116|0x0000000087400000, 0x0000000087400000, 0x0000000087500000|  0%| F|  |TAMS 0x0000000087400000, 0x0000000087400000| Untracked 
| 117|0x0000000087500000, 0x0000000087500000, 0x0000000087600000|  0%| F|  |TAMS 0x0000000087500000, 0x0000000087500000| Untracked 
| 118|0x0000000087600000, 0x0000000087600000, 0x0000000087700000|  0%| F|  |TAMS 0x0000000087600000, 0x0000000087600000| Untracked 
| 119|0x0000000087700000, 0x0000000087700000, 0x0000000087800000|  0%| F|  |TAMS 0x0000000087700000, 0x0000000087700000| Untracked 
| 120|0x0000000087800000, 0x0000000087800000, 0x0000000087900000|  0%| F|  |TAMS 0x0000000087800000, 0x0000000087800000| Untracked 
| 121|0x0000000087900000, 0x0000000087900000, 0x0000000087a00000|  0%| F|  |TAMS 0x0000000087900000, 0x0000000087900000| Untracked 
| 122|0x0000000087a00000, 0x0000000087a00000, 0x0000000087b00000|  0%| F|  |TAMS 0x0000000087a00000, 0x0000000087a00000| Untracked 
| 123|0x0000000087b00000, 0x0000000087b00000, 0x0000000087c00000|  0%| F|  |TAMS 0x0000000087b00000, 0x0000000087b00000| Untracked 
| 124|0x0000000087c00000, 0x0000000087c00000, 0x0000000087d00000|  0%| F|  |TAMS 0x0000000087c00000, 0x0000000087c00000| Untracked 
| 125|0x0000000087d00000, 0x0000000087d00000, 0x0000000087e00000|  0%| F|  |TAMS 0x0000000087d00000, 0x0000000087d00000| Untracked 
| 126|0x0000000087e00000, 0x0000000087e00000, 0x0000000087f00000|  0%| F|  |TAMS 0x0000000087e00000, 0x0000000087e00000| Untracked 
| 127|0x0000000087f00000, 0x0000000087f00000, 0x0000000088000000|  0%| F|  |TAMS 0x0000000087f00000, 0x0000000087f00000| Untracked 
| 128|0x0000000088000000, 0x0000000088000000, 0x0000000088100000|  0%| F|  |TAMS 0x0000000088000000, 0x0000000088000000| Untracked 
| 129|0x0000000088100000, 0x0000000088100000, 0x0000000088200000|  0%| F|  |TAMS 0x0000000088100000, 0x0000000088100000| Untracked 
| 130|0x0000000088200000, 0x0000000088200000, 0x0000000088300000|  0%| F|  |TAMS 0x0000000088200000, 0x0000000088200000| Untracked 
| 131|0x0000000088300000, 0x0000000088300000, 0x0000000088400000|  0%| F|  |TAMS 0x0000000088300000, 0x0000000088300000| Untracked 
| 132|0x0000000088400000, 0x0000000088400000, 0x0000000088500000|  0%| F|  |TAMS 0x0000000088400000, 0x0000000088400000| Untracked 
| 133|0x0000000088500000, 0x0000000088500000, 0x0000000088600000|  0%| F|  |TAMS 0x0000000088500000, 0x0000000088500000| Untracked 
| 134|0x0000000088600000, 0x0000000088600000, 0x0000000088700000|  0%| F|  |TAMS 0x0000000088600000, 0x0000000088600000| Untracked 
| 135|0x0000000088700000, 0x0000000088700000, 0x0000000088800000|  0%| F|  |TAMS 0x0000000088700000, 0x0000000088700000| Untracked 
| 136|0x0000000088800000, 0x0000000088800000, 0x0000000088900000|  0%| F|  |TAMS 0x0000000088800000, 0x0000000088800000| Untracked 
| 137|0x0000000088900000, 0x0000000088900000, 0x0000000088a00000|  0%| F|  |TAMS 0x0000000088900000, 0x0000000088900000| Untracked 
| 138|0x0000000088a00000, 0x0000000088a00000, 0x0000000088b00000|  0%| F|  |TAMS 0x0000000088a00000, 0x0000000088a00000| Untracked 
| 139|0x0000000088b00000, 0x0000000088b00000, 0x0000000088c00000|  0%| F|  |TAMS 0x0000000088b00000, 0x0000000088b00000| Untracked 
| 140|0x0000000088c00000, 0x0000000088c00000, 0x0000000088d00000|  0%| F|  |TAMS 0x0000000088c00000, 0x0000000088c00000| Untracked 
| 141|0x0000000088d00000, 0x0000000088d00000, 0x0000000088e00000|  0%| F|  |TAMS 0x0000000088d00000, 0x0000000088d00000| Untracked 
| 142|0x0000000088e00000, 0x0000000088f00000, 0x0000000088f00000|100%| E|  |TAMS 0x0000000088e00000, 0x0000000088e00000| Complete 
| 143|0x0000000088f00000, 0x0000000089000000, 0x0000000089000000|100%| E|CS|TAMS 0x0000000088f00000, 0x0000000088f00000| Complete 
| 144|0x0000000089000000, 0x0000000089100000, 0x0000000089100000|100%| E|CS|TAMS 0x0000000089000000, 0x0000000089000000| Complete 
| 145|0x0000000089100000, 0x0000000089200000, 0x0000000089200000|100%| E|CS|TAMS 0x0000000089100000, 0x0000000089100000| Complete 
| 146|0x0000000089200000, 0x0000000089300000, 0x0000000089300000|100%| E|CS|TAMS 0x0000000089200000, 0x0000000089200000| Complete 
| 147|0x0000000089300000, 0x0000000089400000, 0x0000000089400000|100%| E|CS|TAMS 0x0000000089300000, 0x0000000089300000| Complete 
| 148|0x0000000089400000, 0x0000000089500000, 0x0000000089500000|100%| E|CS|TAMS 0x0000000089400000, 0x0000000089400000| Complete 
| 149|0x0000000089500000, 0x0000000089600000, 0x0000000089600000|100%| E|CS|TAMS 0x0000000089500000, 0x0000000089500000| Complete 
| 150|0x0000000089600000, 0x0000000089700000, 0x0000000089700000|100%| E|CS|TAMS 0x0000000089600000, 0x0000000089600000| Complete 
| 151|0x0000000089700000, 0x0000000089800000, 0x0000000089800000|100%| E|CS|TAMS 0x0000000089700000, 0x0000000089700000| Complete 
| 152|0x0000000089800000, 0x0000000089900000, 0x0000000089900000|100%| E|CS|TAMS 0x0000000089800000, 0x0000000089800000| Complete 
| 153|0x0000000089900000, 0x0000000089a00000, 0x0000000089a00000|100%| E|CS|TAMS 0x0000000089900000, 0x0000000089900000| Complete 

Card table byte_map: [0x0000029996e10000,0x0000029997210000] _byte_map_base: 0x0000029996a10000

Marking Bits (Prev, Next): (CMBitMap*) 0x00000299fb2e9580, (CMBitMap*) 0x00000299fb2e9548
 Prev Bits: [0x0000029999610000, 0x000002999b610000)
 Next Bits: [0x0000029997610000, 0x0000029999610000)

Polling page: 0x0000029980000000

Metaspace:

Usage:
  Non-class:     29.61 MB capacity,    29.12 MB ( 98%) used,   390.34 KB (  1%) free+waste,   110.50 KB ( <1%) overhead. 
      Class:      4.12 MB capacity,     3.75 MB ( 91%) used,   329.57 KB (  8%) free+waste,    53.00 KB (  1%) overhead. 
       Both:     33.73 MB capacity,    32.86 MB ( 97%) used,   719.91 KB (  2%) free+waste,   163.50 KB ( <1%) overhead. 

Virtual space:
  Non-class space:       30.00 MB reserved,      29.67 MB ( 99%) committed 
      Class space:        1.00 GB reserved,       4.13 MB ( <1%) committed 
             Both:        1.03 GB reserved,      33.80 MB (  3%) committed 

Chunk freelists:
   Non-Class:  512 bytes
       Class:  640 bytes
        Both:  1.13 KB

CodeHeap 'non-profiled nmethods': size=120064Kb used=1428Kb max_used=1428Kb free=118635Kb
 bounds [0x000002998f0b0000, 0x000002998f320000, 0x00000299965f0000]
CodeHeap 'profiled nmethods': size=120000Kb used=7263Kb max_used=7263Kb free=112736Kb
 bounds [0x0000029987b80000, 0x00000299882a0000, 0x000002998f0b0000]
CodeHeap 'non-nmethods': size=5696Kb used=1231Kb max_used=1262Kb free=4464Kb
 bounds [0x00000299875f0000, 0x0000029987860000, 0x0000029987b80000]
 total_blobs=3598 nmethods=3138 adapters=378
 compilation: enabled
              stopped_count=0, restarted_count=0
 full_count=0

Compilation events (10 events):
Event: 8.898 Thread 0x000002999da46000 3146       2       java.util.Dictionary::<init> (5 bytes)
Event: 8.898 Thread 0x000002999da46000 nmethod 3146 0x0000029988295e10 code [0x0000029988295fa0, 0x0000029988296098]
Event: 8.898 Thread 0x000002999da46000 3147       2       java.util.TreeMap$PrivateEntryIterator::hasNext (13 bytes)
Event: 8.898 Thread 0x000002999da46000 nmethod 3147 0x0000029988296190 code [0x0000029988296320, 0x0000029988296438]
Event: 8.907 Thread 0x000002999da46000 3148       2       org.springframework.core.annotation.AnnotationsScanner::processMethodAnnotations (98 bytes)
Event: 8.907 Thread 0x000002999da46000 nmethod 3148 0x0000029988296510 code [0x0000029988296700, 0x0000029988296a38]
Event: 8.908 Thread 0x000002999da46000 3149       2       org.springframework.core.annotation.AnnotationsScanner::processMethod (116 bytes)
Event: 8.909 Thread 0x000002999da46000 nmethod 3149 0x0000029988296c90 code [0x0000029988296ee0, 0x0000029988297648]
Event: 8.909 Thread 0x000002999da46000 3150       2       org.springframework.beans.factory.InjectionPoint::obtainMethodParameter (22 bytes)
Event: 8.910 Thread 0x000002999da46000 nmethod 3150 0x0000029988297a90 code [0x0000029988297c40, 0x0000029988297e28]

GC Heap History (10 events):
Event: 3.977 GC heap before
{Heap before GC invocations=2 (full 0):
 garbage-first heap   total 131072K, used 18422K [0x0000000080000000, 0x0000000100000000)
  region size 1024K, 17 young (17408K), 2 survivors (2048K)
 Metaspace       used 15967K, capacity 16338K, committed 16512K, reserved 1064960K
  class space    used 1652K, capacity 1804K, committed 1920K, reserved 1048576K
}
Event: 3.987 GC heap after
{Heap after GC invocations=3 (full 0):
 garbage-first heap   total 131072K, used 5073K [0x0000000080000000, 0x0000000100000000)
  region size 1024K, 2 young (2048K), 2 survivors (2048K)
 Metaspace       used 15967K, capacity 16338K, committed 16512K, reserved 1064960K
  class space    used 1652K, capacity 1804K, committed 1920K, reserved 1048576K
}
Event: 4.471 GC heap before
{Heap before GC invocations=3 (full 0):
 garbage-first heap   total 131072K, used 24529K [0x0000000080000000, 0x0000000100000000)
  region size 1024K, 22 young (22528K), 2 survivors (2048K)
 Metaspace       used 20019K, capacity 20494K, committed 20608K, reserved 1067008K
  class space    used 2144K, capacity 2362K, committed 2432K, reserved 1048576K
}
Event: 4.480 GC heap after
{Heap after GC invocations=4 (full 0):
 garbage-first heap   total 131072K, used 5916K [0x0000000080000000, 0x0000000100000000)
  region size 1024K, 2 young (2048K), 2 survivors (2048K)
 Metaspace       used 20019K, capacity 20494K, committed 20608K, reserved 1067008K
  class space    used 2144K, capacity 2362K, committed 2432K, reserved 1048576K
}
Event: 4.596 GC heap before
{Heap before GC invocations=4 (full 0):
 garbage-first heap   total 131072K, used 8988K [0x0000000080000000, 0x0000000100000000)
  region size 1024K, 6 young (6144K), 2 survivors (2048K)
 Metaspace       used 20677K, capacity 21198K, committed 21296K, reserved 1069056K
  class space    used 2218K, capacity 2405K, committed 2432K, reserved 1048576K
}
Event: 4.602 GC heap after
{Heap after GC invocations=5 (full 0):
 garbage-first heap   total 131072K, used 5864K [0x0000000080000000, 0x0000000100000000)
  region size 1024K, 2 young (2048K), 2 survivors (2048K)
 Metaspace       used 20677K, capacity 21198K, committed 21296K, reserved 1069056K
  class space    used 2218K, capacity 2405K, committed 2432K, reserved 1048576K
}
Event: 5.636 GC heap before
{Heap before GC invocations=6 (full 0):
 garbage-first heap   total 131072K, used 34536K [0x0000000080000000, 0x0000000100000000)
  region size 1024K, 31 young (31744K), 2 survivors (2048K)
 Metaspace       used 24607K, capacity 25238K, committed 25520K, reserved 1071104K
  class space    used 2740K, capacity 2983K, committed 3072K, reserved 1048576K
}
Event: 5.646 GC heap after
{Heap after GC invocations=7 (full 0):
 garbage-first heap   total 131072K, used 7439K [0x0000000080000000, 0x0000000100000000)
  region size 1024K, 4 young (4096K), 4 survivors (4096K)
 Metaspace       used 24607K, capacity 25238K, committed 25520K, reserved 1071104K
  class space    used 2740K, capacity 2983K, committed 3072K, reserved 1048576K
}
Event: 8.402 GC heap before
{Heap before GC invocations=7 (full 0):
 garbage-first heap   total 131072K, used 50447K [0x0000000080000000, 0x0000000100000000)
  region size 1024K, 46 young (47104K), 4 survivors (4096K)
 Metaspace       used 31972K, capacity 32787K, committed 32816K, reserved 1079296K
  class space    used 3626K, capacity 3953K, committed 3968K, reserved 1048576K
}
Event: 8.422 GC heap after
{Heap after GC invocations=8 (full 0):
 garbage-first heap   total 157696K, used 9858K [0x0000000080000000, 0x0000000100000000)
  region size 1024K, 5 young (5120K), 5 survivors (5120K)
 Metaspace       used 31972K, capacity 32787K, committed 32816K, reserved 1079296K
  class space    used 3626K, capacity 3953K, committed 3968K, reserved 1048576K
}

Deoptimization events (10 events):
Event: 7.153 Thread 0x00000299fb2ac000 Uncommon trap: reason=class_check action=maybe_recompile pc=0x000002998f1302f0 method=java.lang.invoke.LambdaForm$Name.replaceNames([Ljava/lang/invoke/LambdaForm$Name;[Ljava/lang/invoke/LambdaForm$Name;II)Ljava/lang/invoke/LambdaForm$Name; @ 33 c2
Event: 7.153 Thread 0x00000299fb2ac000 Uncommon trap: reason=class_check action=maybe_recompile pc=0x000002998f1302f0 method=java.lang.invoke.LambdaForm$Name.replaceNames([Ljava/lang/invoke/LambdaForm$Name;[Ljava/lang/invoke/LambdaForm$Name;II)Ljava/lang/invoke/LambdaForm$Name; @ 33 c2
Event: 7.465 Thread 0x00000299fb2ac000 Uncommon trap: reason=unstable_if action=reinterpret pc=0x000002998f1d8924 method=sun.net.www.ParseUtil.firstEncodeIndex(Ljava/lang/String;)I @ 51 c2
Event: 7.465 Thread 0x00000299fb2ac000 Uncommon trap: reason=unstable_if action=reinterpret pc=0x000002998f10c91c method=sun.net.www.ParseUtil.firstEncodeIndex(Ljava/lang/String;)I @ 51 c2
Event: 7.549 Thread 0x00000299fb2ac000 Uncommon trap: reason=unstable_if action=reinterpret pc=0x000002998f1ac65c method=java.util.LinkedHashMap.get(Ljava/lang/Object;)Ljava/lang/Object; @ 20 c2
Event: 7.569 Thread 0x00000299fb2ac000 Uncommon trap: reason=unstable_if action=reinterpret pc=0x000002998f16da3c method=java.util.Properties.loadConvert([CIILjava/lang/StringBuilder;)Ljava/lang/String; @ 26 c2
Event: 8.428 Thread 0x00000299fb2ac000 Uncommon trap: reason=null_check action=make_not_entrant pc=0x000002998f1a1514 method=java.net.URL.getURLStreamHandler(Ljava/lang/String;)Ljava/net/URLStreamHandler; @ 7 c2
Event: 8.458 Thread 0x00000299fb2ac000 Uncommon trap: reason=unstable_if action=reinterpret pc=0x000002998f0cde60 method=java.util.jar.Manifest$FastInputStream.readLine([BII)I @ 106 c2
Event: 8.623 Thread 0x00000299fb2ac000 Uncommon trap: reason=unstable_if action=reinterpret pc=0x000002998f0f05e8 method=java.util.jar.JarFile.getVersionedEntry(Ljava/lang/String;Ljava/util/jar/JarEntry;)Ljava/util/jar/JarEntry; @ 7 c2
Event: 8.844 Thread 0x00000299fb2ac000 Uncommon trap: reason=unstable_if action=reinterpret pc=0x000002998f1d5d54 method=org.springframework.util.ConcurrentReferenceHashMap$Segment.findInChain(Lorg/springframework/util/ConcurrentReferenceHashMap$Reference;Ljava/lang/Object;I)Lorg/springframewo

Classes redefined (0 events):
No events

Internal exceptions (10 events):
Event: 8.888 Thread 0x00000299fb2ac000 Exception <a 'java/lang/ClassNotFoundException'{0x0000000088f9d008}: java/lang/ObjectCustomizer> (0x0000000088f9d008) thrown at [./open/src/hotspot/share/classfile/systemDictionary.cpp, line 226]
Event: 8.890 Thread 0x00000299fb2ac000 Exception <a 'java/lang/ClassNotFoundException'{0x0000000088facca0}: org/springframework/web/servlet/config/annotation/WebMvcConfigurationSupportCustomizer> (0x0000000088facca0) thrown at [./open/src/hotspot/share/classfile/systemDictionary.cpp, line 226]
Event: 8.894 Thread 0x00000299fb2ac000 Exception <a 'java/lang/ClassNotFoundException'{0x0000000088fc8ea0}: org/springframework/web/servlet/config/annotation/DelegatingWebMvcConfigurationCustomizer> (0x0000000088fc8ea0) thrown at [./open/src/hotspot/share/classfile/systemDictionary.cpp, line 2
Event: 8.895 Thread 0x00000299fb2ac000 Exception <a 'java/lang/ClassNotFoundException'{0x0000000088fdc0a0}: org/springframework/boot/autoconfigure/web/servlet/WebMvcAutoConfiguration$EnableWebMvcConfigurationCustomizer> (0x0000000088fdc0a0) thrown at [./open/src/hotspot/share/classfile/systemD
Event: 8.899 Thread 0x00000299fb2ac000 Exception <a 'java/lang/ClassNotFoundException'{0x0000000088ff5280}: org/springframework/context/ResourceLoaderAwareCustomizer> (0x0000000088ff5280) thrown at [./open/src/hotspot/share/classfile/systemDictionary.cpp, line 226]
Event: 8.900 Thread 0x00000299fb2ac000 Exception <a 'java/lang/ClassNotFoundException'{0x0000000088fffca0}: org/springframework/beans/factory/AwareCustomizer> (0x0000000088fffca0) thrown at [./open/src/hotspot/share/classfile/systemDictionary.cpp, line 226]
Event: 8.901 Thread 0x00000299fb2ac000 Exception <a 'java/lang/ClassNotFoundException'{0x0000000088e0acd0}: org/springframework/context/ApplicationContextAwareCustomizer> (0x0000000088e0acd0) thrown at [./open/src/hotspot/share/classfile/systemDictionary.cpp, line 226]
Event: 8.903 Thread 0x00000299fb2ac000 Exception <a 'java/lang/ClassNotFoundException'{0x0000000088e16090}: org/springframework/beans/factory/AwareCustomizer> (0x0000000088e16090) thrown at [./open/src/hotspot/share/classfile/systemDictionary.cpp, line 226]
Event: 8.904 Thread 0x00000299fb2ac000 Exception <a 'java/lang/ClassNotFoundException'{0x0000000088e20b98}: org/springframework/web/context/ServletContextAwareCustomizer> (0x0000000088e20b98) thrown at [./open/src/hotspot/share/classfile/systemDictionary.cpp, line 226]
Event: 8.904 Thread 0x00000299fb2ac000 Exception <a 'java/lang/ClassNotFoundException'{0x0000000088e2ba20}: org/springframework/beans/factory/AwareCustomizer> (0x0000000088e2ba20) thrown at [./open/src/hotspot/share/classfile/systemDictionary.cpp, line 226]

Events (10 events):
Event: 8.981 loading class org/springframework/http/MediaType done
Event: 8.981 loading class org/springframework/web/accept/MappingMediaTypeFileExtensionResolver
Event: 8.981 loading class org/springframework/web/accept/MappingMediaTypeFileExtensionResolver done
Event: 8.981 loading class org/springframework/http/MediaType
Event: 8.981 loading class org/springframework/http/MediaType done
Event: 8.981 loading class org/springframework/http/MediaType
Event: 8.981 loading class org/springframework/http/MediaType done
Event: 8.982 loading class java/util/ArrayList$ListItr
Event: 8.982 loading class java/util/ArrayList$ListItr done
Event: 8.982 Executing VM operation: Deoptimize


Dynamic libraries:
0x00007ff67f400000 - 0x00007ff67f40f000 	C:\Program Files\Java\jdk-11.0.16\bin\java.exe
0x00007ffe17fd0000 - 0x00007ffe181c8000 	C:\Windows\SYSTEM32\ntdll.dll
0x00007ffe16eb0000 - 0x00007ffe16f6d000 	C:\Windows\System32\KERNEL32.DLL
0x00007ffe15990000 - 0x00007ffe15c62000 	C:\Windows\System32\KERNELBASE.dll
0x00007ffe15d70000 - 0x00007ffe15e70000 	C:\Windows\System32\ucrtbase.dll
0x00007ffdf4460000 - 0x00007ffdf4478000 	C:\Program Files\Java\jdk-11.0.16\bin\jli.dll
0x00007ffe167a0000 - 0x00007ffe1684e000 	C:\Windows\System32\ADVAPI32.dll
0x00007ffe162e0000 - 0x00007ffe1637e000 	C:\Windows\System32\msvcrt.dll
0x00007ffe174d0000 - 0x00007ffe1756c000 	C:\Windows\System32\sechost.dll
0x00007ffe160e0000 - 0x00007ffe16205000 	C:\Windows\System32\RPCRT4.dll
0x00007ffe170c0000 - 0x00007ffe1725d000 	C:\Windows\System32\USER32.dll
0x00007ffe15ea0000 - 0x00007ffe15ec2000 	C:\Windows\System32\win32u.dll
0x00007ffe168b0000 - 0x00007ffe168db000 	C:\Windows\System32\GDI32.dll
0x00007ffe15790000 - 0x00007ffe1589f000 	C:\Windows\System32\gdi32full.dll
0x00007ffe158a0000 - 0x00007ffe1593d000 	C:\Windows\System32\msvcp_win.dll
0x00007ffdf00c0000 - 0x00007ffdf00d5000 	C:\Program Files\Java\jdk-11.0.16\bin\VCRUNTIME140.dll
0x00007ffdf9760000 - 0x00007ffdf99fa000 	C:\Windows\WinSxS\amd64_microsoft.windows.common-controls_6595b64144ccf1df_6.0.19041.1110_none_60b5254171f9507e\COMCTL32.dll
0x00007ffe0bb70000 - 0x00007ffe0bb7a000 	C:\Windows\SYSTEM32\VERSION.dll
0x00007ffe168e0000 - 0x00007ffe16910000 	C:\Windows\System32\IMM32.DLL
0x00007ffdee650000 - 0x00007ffdee6eb000 	C:\Program Files\Java\jdk-11.0.16\bin\msvcp140.dll
0x00007ffdd2c10000 - 0x00007ffdd3728000 	C:\Program Files\Java\jdk-11.0.16\bin\server\jvm.dll
0x00007ffe17260000 - 0x00007ffe17268000 	C:\Windows\System32\PSAPI.DLL
0x00007ffe06a70000 - 0x00007ffe06a79000 	C:\Windows\SYSTEM32\WSOCK32.dll
0x00007ffe17050000 - 0x00007ffe170bb000 	C:\Windows\System32\WS2_32.dll
0x00007ffdf0940000 - 0x00007ffdf0967000 	C:\Windows\SYSTEM32\WINMM.dll
0x00007ffe13580000 - 0x00007ffe13592000 	C:\Windows\SYSTEM32\kernel.appcore.dll
0x00007ffdf9f50000 - 0x00007ffdf9f60000 	C:\Program Files\Java\jdk-11.0.16\bin\verify.dll
0x00007ffe0d0a0000 - 0x00007ffe0d284000 	C:\Windows\SYSTEM32\DBGHELP.DLL
0x00007ffe0d070000 - 0x00007ffe0d09c000 	C:\Windows\SYSTEM32\dbgcore.DLL
0x00007ffe15ce0000 - 0x00007ffe15d62000 	C:\Windows\System32\bcryptPrimitives.dll
0x00007ffdee620000 - 0x00007ffdee648000 	C:\Program Files\Java\jdk-11.0.16\bin\java.dll
0x00007ffdf9eb0000 - 0x00007ffdf9eba000 	C:\Program Files\Java\jdk-11.0.16\bin\jimage.dll
0x00007ffdf76a0000 - 0x00007ffdf76d8000 	C:\Program Files\Java\jdk-11.0.16\bin\jdwp.dll
0x00007ffe0b060000 - 0x00007ffe0b06e000 	C:\Program Files\Java\jdk-11.0.16\bin\instrument.dll
0x00007ffdeff70000 - 0x00007ffdeff86000 	C:\Program Files\Java\jdk-11.0.16\bin\zip.dll
0x00007ffe17830000 - 0x00007ffe17f73000 	C:\Windows\System32\SHELL32.dll
0x00007ffe13780000 - 0x00007ffe13f11000 	C:\Windows\SYSTEM32\windows.storage.dll
0x00007ffe16430000 - 0x00007ffe16784000 	C:\Windows\System32\combase.dll
0x00007ffe14f80000 - 0x00007ffe14fb0000 	C:\Windows\SYSTEM32\Wldp.dll
0x00007ffe16030000 - 0x00007ffe160dd000 	C:\Windows\System32\SHCORE.dll
0x00007ffe17350000 - 0x00007ffe173a5000 	C:\Windows\System32\shlwapi.dll
0x00007ffe15620000 - 0x00007ffe1563f000 	C:\Windows\SYSTEM32\profapi.dll
0x00007ffe068d0000 - 0x00007ffe068da000 	C:\Program Files\Java\jdk-11.0.16\bin\dt_socket.dll
0x00007ffe14d60000 - 0x00007ffe14dca000 	C:\Windows\system32\mswsock.dll
0x00007ffdefb60000 - 0x00007ffdefb79000 	C:\Program Files\Java\jdk-11.0.16\bin\net.dll
0x00007ffe0bd40000 - 0x00007ffe0be4d000 	C:\Windows\SYSTEM32\WINHTTP.dll
0x00007ffdee600000 - 0x00007ffdee612000 	C:\Program Files\Java\jdk-11.0.16\bin\nio.dll
0x00007ffe02130000 - 0x00007ffe02139000 	C:\Program Files\Java\jdk-11.0.16\bin\management.dll
0x00007ffdf7d50000 - 0x00007ffdf7d5b000 	C:\Program Files\Java\jdk-11.0.16\bin\management_ext.dll
0x00007ffdf9670000 - 0x00007ffdf9687000 	C:\Windows\system32\napinsp.dll
0x00007ffdf9650000 - 0x00007ffdf966b000 	C:\Windows\system32\pnrpnsp.dll
0x00007ffdf9630000 - 0x00007ffdf9645000 	C:\Windows\system32\wshbth.dll
0x00007ffe0efe0000 - 0x00007ffe0effd000 	C:\Windows\system32\NLAapi.dll
0x00007ffe14a70000 - 0x00007ffe14aab000 	C:\Windows\SYSTEM32\IPHLPAPI.DLL
0x00007ffe14ab0000 - 0x00007ffe14b7a000 	C:\Windows\SYSTEM32\DNSAPI.dll
0x00007ffe17f80000 - 0x00007ffe17f88000 	C:\Windows\System32\NSI.dll
0x00007ffdf9610000 - 0x00007ffdf9622000 	C:\Windows\System32\winrnr.dll
0x00007ffe09880000 - 0x00007ffe0988a000 	C:\Windows\System32\rasadhlp.dll
0x00007ffe0c3c0000 - 0x00007ffe0c440000 	C:\Windows\System32\fwpuclnt.dll
0x00007ffe15e70000 - 0x00007ffe15e97000 	C:\Windows\System32\bcrypt.dll
0x00007ffe14fc0000 - 0x00007ffe14fd8000 	C:\Windows\SYSTEM32\CRYPTSP.dll
0x00007ffe146a0000 - 0x00007ffe146d4000 	C:\Windows\system32\rsaenh.dll
0x00007ffe155a0000 - 0x00007ffe155ce000 	C:\Windows\SYSTEM32\USERENV.dll
0x00007ffe14ef0000 - 0x00007ffe14efc000 	C:\Windows\SYSTEM32\CRYPTBASE.dll
0x00007ffe0e660000 - 0x00007ffe0e677000 	C:\Windows\SYSTEM32\dhcpcsvc6.DLL
0x00007ffe0e640000 - 0x00007ffe0e65d000 	C:\Windows\SYSTEM32\dhcpcsvc.DLL
0x00007ffdee540000 - 0x00007ffdee565000 	C:\Program Files\Java\jdk-11.0.16\bin\sunec.dll
0x00007ffdf00b0000 - 0x00007ffdf00bd000 	C:\Program Files\Java\jdk-11.0.16\bin\sunmscapi.dll
0x00007ffe15ed0000 - 0x00007ffe16026000 	C:\Windows\System32\CRYPT32.dll
0x00007ffe150d0000 - 0x00007ffe150f7000 	C:\Windows\SYSTEM32\ncrypt.dll
0x00007ffe15090000 - 0x00007ffe150cb000 	C:\Windows\SYSTEM32\NTASN1.dll

dbghelp: loaded successfully - version: 4.0.5 - missing functions: none
symbol engine: initialized successfully - sym options: 0x614 - pdb path: .;C:\Program Files\Java\jdk-11.0.16\bin;C:\Windows\SYSTEM32;C:\Windows\WinSxS\amd64_microsoft.windows.common-controls_6595b64144ccf1df_6.0.19041.1110_none_60b5254171f9507e;C:\Program Files\Java\jdk-11.0.16\bin\server

VM Arguments:
jvm_args: -agentlib:jdwp=transport=dt_socket,address=127.0.0.1:54266,suspend=y,server=n -javaagent:C:\Users\sfjbs\AppData\Local\JetBrains\IdeaIC2022.2\captureAgent\debugger-agent.jar -Dfile.encoding=UTF-8 
java_command: com.example.demo.CalculatorApplication
java_class_path (initial): C:\New folder\Calculator\demo\target\classes;C:\Users\sfjbs\.m2\repository\org\springframework\boot\spring-boot-starter-web\2.7.5\spring-boot-starter-web-2.7.5.jar;C:\Users\sfjbs\.m2\repository\org\springframework\boot\spring-boot-starter\2.7.5\spring-boot-starter-2.7.5.jar;C:\Users\sfjbs\.m2\repository\org\springframework\boot\spring-boot\2.7.5\spring-boot-2.7.5.jar;C:\Users\sfjbs\.m2\repository\org\springframework\boot\spring-boot-autoconfigure\2.7.5\spring-boot-autoconfigure-2.7.5.jar;C:\Users\sfjbs\.m2\repository\org\springframework\boot\spring-boot-starter-logging\2.7.5\spring-boot-starter-logging-2.7.5.jar;C:\Users\sfjbs\.m2\repository\ch\qos\logback\logback-classic\1.2.11\logback-classic-1.2.11.jar;C:\Users\sfjbs\.m2\repository\ch\qos\logback\logback-core\1.2.11\logback-core-1.2.11.jar;C:\Users\sfjbs\.m2\repository\org\apache\logging\log4j\log4j-to-slf4j\2.17.2\log4j-to-slf4j-2.17.2.jar;C:\Users\sfjbs\.m2\repository\org\apache\logging\log4j\log4j-api\2.17.2\log4j-api-2.17.2.jar;C:\Users\sfjbs\.m2\repository\org\slf4j\jul-to-slf4j\1.7.36\jul-to-slf4j-1.7.36.jar;C:\Users\sfjbs\.m2\repository\jakarta\annotation\jakarta.annotation-api\1.3.5\jakarta.annotation-api-1.3.5.jar;C:\Users\sfjbs\.m2\repository\org\yaml\snakeyaml\1.30\snakeyaml-1.30.jar;C:\Users\sfjbs\.m2\repository\org\springframework\boot\spring-boot-starter-json\2.7.5\spring-boot-starter-json-2.7.5.jar;C:\Users\sfjbs\.m2\repository\com\fasterxml\jackson\core\jackson-databind\2.13.4.2\jackson-databind-2.13.4.2.jar;C:\Users\sfjbs\.m2\repository\com\fasterxml\jackson\core\jackson-annotations\2.13.4\jackson-annotations-2.13.4.jar;C:\Users\sfjbs\.m2\repository\com\fasterxml\jackson\core\jackson-core\2.13.4\jackson-core-2.13.4.jar;C:\Users\sfjbs\.m2\repository\com\fasterxml\jackson\datatype\jackson-datatype-jdk8\2.13.4\jackson-datatype-jdk8-2.13.4.jar;C:\Users\sfjbs\.m2\repository\com\fasterxml\jackson\datatype\jackson-datatype-jsr310\2.13.4\jackson-datatype-jsr310-2.13.4.jar;C:\
Launcher Type: SUN_STANDARD

[Global flags]
     intx CICompilerCount                          = 2                                         {product} {ergonomic}
     uint ConcGCThreads                            = 1                                         {product} {ergonomic}
     uint G1ConcRefinementThreads                  = 2                                         {product} {ergonomic}
   size_t G1HeapRegionSize                         = 1048576                                   {product} {ergonomic}
    uintx GCDrainStackTargetSize                   = 64                                        {product} {ergonomic}
   size_t InitialHeapSize                          = 134217728                                 {product} {ergonomic}
   size_t MarkStackSize                            = 4194304                                   {product} {ergonomic}
   size_t MaxHeapSize                              = 2147483648                                {product} {ergonomic}
   size_t MaxNewSize                               = 1287651328                                {product} {ergonomic}
   size_t MinHeapDeltaBytes                        = 1048576                                   {product} {ergonomic}
    uintx NonNMethodCodeHeapSize                   = 5825164                                {pd product} {ergonomic}
    uintx NonProfiledCodeHeapSize                  = 122916538                              {pd product} {ergonomic}
    uintx ProfiledCodeHeapSize                     = 122916538                              {pd product} {ergonomic}
    uintx ReservedCodeCacheSize                    = 251658240                              {pd product} {ergonomic}
     bool SegmentedCodeCache                       = true                                      {product} {ergonomic}
     bool UseCompressedClassPointers               = true                                 {lp64_product} {ergonomic}
     bool UseCompressedOops                        = true                                 {lp64_product} {ergonomic}
     bool UseG1GC                                  = true                                      {product} {ergonomic}
     bool UseLargePagesIndividualAllocation        = false                                  {pd product} {ergonomic}

Logging:
Log output configuration:
 #0: stdout all=warning uptime,level,tags
 #1: stderr all=off uptime,level,tags

Environment Variables:
PATH=C:\Program Files\Common Files\Oracle\Java\javapath;C:\Windows\system32;C:\Windows;C:\Windows\System32\Wbem;C:\Windows\System32\WindowsPowerShell\v1.0\;C:\Windows\System32\OpenSSH\;C:\Users\sfjbs\Downloads\micro service-20221021T071039Z-001\micro service\apache-maven-3.8.5-bin\apache-maven-3.8.5\bin;C:\Users\sfjbs\Downloads\micro service-20221021T071039Z-001\micro service\apache-maven-3.8.5-bin\apache-maven-3.8.5\lib;C:\Program Files\Git\cmd;C:\Program Files\Docker\Docker\resources\bin;C:\Users\sfjbs\AppData\Local\Microsoft\WindowsApps;C:\Users\sfjbs\Downloads\micro service-20221021T071039Z-001\micro service\apache-maven-3.8.5-bin\apache-maven-3.8.5\bin;C:\Users\sfjbs\Downloads\micro service-20221021T071039Z-001\micro service\apache-maven-3.8.5-bin\apache-maven-3.8.5\lib;;C:\Program Files\JetBrains\IntelliJ IDEA Community Edition 2022.2.1\bin;
USERNAME=sfjbs
OS=Windows_NT
PROCESSOR_IDENTIFIER=Intel64 Family 6 Model 106 Stepping 6, GenuineIntel



---------------  S Y S T E M  ---------------

OS: Windows 10 , 64 bit Build 19041 (10.0.19041.1889)
Hyper-V role detected

CPU:total 2 (initial active 2) (1 cores per cpu, 2 threads per core) family 6 model 106 stepping 6 microcode 0xffffffff, cmov, cx8, fxsr, mmx, sse, sse2, sse3, ssse3, sse4.1, sse4.2, popcnt, avx, avx2, aes, clmul, erms, rtm, 3dnowpref, lzcnt, ht, tsc, bmi1, bmi2, adx, evex, fma

Memory: 4k page, system-wide physical 8190M (695M free)
TotalPageFile size 10238M (AvailPageFile size 4M)
current process WorkingSet (physical memory assigned to process): 209M, peak: 209M
current process commit charge ("private bytes"): 323M, peak: 323M

vm_info: Java HotSpot(TM) 64-Bit Server VM (11.0.16+11-LTS-199) for windows-amd64 JRE (11.0.16+11-LTS-199), built on Jun 28 2022 08:23:17 by "mach5one" with MS VC++ 15.9 (VS2017)

END.
