#
# There is insufficient memory for the Java Runtime Environment to continue.
# Native memory allocation (malloc) failed to allocate 1226736 bytes for Chunk::new
# Possible reasons:
#   The system is out of physical RAM or swap space
#   The process is running with CompressedOops enabled, and the Java Heap may be blocking the growth of the native heap
# Possible solutions:
#   Reduce memory load on the system
#   Increase physical memory or swap space
#   Check if swap backing store is full
#   Decrease Java heap size (-Xmx/-Xms)
#   Decrease number of Java threads
#   Decrease Java thread stack sizes (-Xss)
#   Set larger code cache with -XX:ReservedCodeCacheSize=
#   JVM is running with Unscaled Compressed Oops mode in which the Java heap is
#     placed in the first 4GB address space. The Java Heap base address is the
#     maximum limit for the native heap growth. Please use -XX:HeapBaseMinAddress
#     to set the Java Heap base and to place the Java Heap above 4GB virtual address.
# This output file may be truncated or incomplete.
#
#  Out of Memory Error (./open/src/hotspot/share/memory/arena.cpp:197), pid=3008, tid=7748
#
# JRE version: Java(TM) SE Runtime Environment 18.9 (11.0.16+11) (build 11.0.16+11-LTS-199)
# Java VM: Java HotSpot(TM) 64-Bit Server VM 18.9 (11.0.16+11-LTS-199, mixed mode, tiered, compressed oops, g1 gc, windows-amd64)
# No core dump will be written. Minidumps are not enabled by default on client versions of Windows
#

---------------  S U M M A R Y ------------

Command Line: -Dclassworlds.conf=C:\Users\sfjbs\Downloads\micro service-20221021T071039Z-001\micro service\apache-maven-3.8.5-bin\apache-maven-3.8.5\bin\m2.conf -Dmaven.home=C:\Users\sfjbs\Downloads\micro service-20221021T071039Z-001\micro service\apache-maven-3.8.5-bin\apache-maven-3.8.5 -Dlibrary.jansi.path=C:\Users\sfjbs\Downloads\micro service-20221021T071039Z-001\micro service\apache-maven-3.8.5-bin\apache-maven-3.8.5\lib\jansi-native -Dmaven.multiModuleProjectDirectory=C:\Users\sfjbs\IdeaProjects\oct31training\Aparna\Day4\Day4\spring-boot-app org.codehaus.plexus.classworlds.launcher.Launcher install dockerfile:build

Host: Intel(R) Xeon(R) Platinum 8370C CPU @ 2.80GHz, 2 cores, 7G,  Windows 10 , 64 bit Build 19041 (10.0.19041.2251)
Time: Tue Nov 15 02:29:56 2022 Coordinated Universal Time elapsed time: 11.659911 seconds (0d 0h 0m 11s)

---------------  T H R E A D  ---------------

Current thread (0x0000021e5d713800):  JavaThread "C2 CompilerThread0" daemon [_thread_in_native, id=7748, stack(0x000000cc0c500000,0x000000cc0c600000)]


Current CompileTask:
C2:  11660 4777       4       org.eclipse.aether.util.graph.transformer.ConflictResolver::gatherConflictItems (111 bytes)

Stack: [0x000000cc0c500000,0x000000cc0c600000]
Native frames: (J=compiled Java code, j=interpreted, Vv=VM code, C=native code)
V  [jvm.dll+0x62a3ea]
V  [jvm.dll+0x76418f]
V  [jvm.dll+0x765839]
V  [jvm.dll+0x765ec3]
V  [jvm.dll+0x23da98]
V  [jvm.dll+0xb2a1c]
V  [jvm.dll+0xb2fdc]
V  [jvm.dll+0x341487]
V  [jvm.dll+0x30ec83]
V  [jvm.dll+0x30dfca]
V  [jvm.dll+0x1f84a5]
V  [jvm.dll+0x1f768d]
V  [jvm.dll+0x177c81]
V  [jvm.dll+0x207006]
V  [jvm.dll+0x20519b]
V  [jvm.dll+0x729fa0]
V  [jvm.dll+0x722b74]
V  [jvm.dll+0x629286]
C  [ucrtbase.dll+0x21bb2]
C  [KERNEL32.DLL+0x174b4]
C  [ntdll.dll+0x526a1]


---------------  P R O C E S S  ---------------

Threads class SMR info:
_java_thread_list=0x0000021e60eb82e0, length=10, elements={
0x0000021e3fbf6000, 0x0000021e5d6f0000, 0x0000021e5d6f9800, 0x0000021e5d70a000,
0x0000021e5d70d800, 0x0000021e5d70f800, 0x0000021e5d713800, 0x0000021e5d715000,
0x0000021e5d723000, 0x0000021e5e1d6800
}

Java Threads: ( => current thread )
  0x0000021e3fbf6000 JavaThread "main" [_thread_in_Java, id=11736, stack(0x000000cc0b900000,0x000000cc0ba00000)]
  0x0000021e5d6f0000 JavaThread "Reference Handler" daemon [_thread_blocked, id=8020, stack(0x000000cc0c000000,0x000000cc0c100000)]
  0x0000021e5d6f9800 JavaThread "Finalizer" daemon [_thread_blocked, id=2720, stack(0x000000cc0c100000,0x000000cc0c200000)]
  0x0000021e5d70a000 JavaThread "Signal Dispatcher" daemon [_thread_blocked, id=9972, stack(0x000000cc0c200000,0x000000cc0c300000)]
  0x0000021e5d70d800 JavaThread "Attach Listener" daemon [_thread_blocked, id=7924, stack(0x000000cc0c300000,0x000000cc0c400000)]
  0x0000021e5d70f800 JavaThread "Service Thread" daemon [_thread_blocked, id=10596, stack(0x000000cc0c400000,0x000000cc0c500000)]
=>0x0000021e5d713800 JavaThread "C2 CompilerThread0" daemon [_thread_in_native, id=7748, stack(0x000000cc0c500000,0x000000cc0c600000)]
  0x0000021e5d715000 JavaThread "C1 CompilerThread0" daemon [_thread_in_native, id=12200, stack(0x000000cc0c600000,0x000000cc0c700000)]
  0x0000021e5d723000 JavaThread "Sweeper thread" daemon [_thread_blocked, id=7764, stack(0x000000cc0c700000,0x000000cc0c800000)]
  0x0000021e5e1d6800 JavaThread "Common-Cleaner" daemon [_thread_blocked, id=2032, stack(0x000000cc0c900000,0x000000cc0ca00000)]

Other Threads:
  0x0000021e5d6ec800 VMThread "VM Thread" [stack: 0x000000cc0bf00000,0x000000cc0c000000] [id=6132]
  0x0000021e5e1d4000 WatcherThread [stack: 0x000000cc0c800000,0x000000cc0c900000] [id=6840]
  0x0000021e3fc0b800 GCTaskThread "GC Thread#0" [stack: 0x000000cc0ba00000,0x000000cc0bb00000] [id=11596]
  0x0000021e5e6ac800 GCTaskThread "GC Thread#1" [stack: 0x000000cc0ca00000,0x000000cc0cb00000] [id=10720]
  0x0000021e3fc3b000 ConcurrentGCThread "G1 Main Marker" [stack: 0x000000cc0bb00000,0x000000cc0bc00000] [id=7644]
  0x0000021e3fc3d800 ConcurrentGCThread "G1 Conc#0" [stack: 0x000000cc0bc00000,0x000000cc0bd00000] [id=10484]
  0x0000021e3fcc9800 ConcurrentGCThread "G1 Refine#0" [stack: 0x000000cc0bd00000,0x000000cc0be00000] [id=3664]
  0x0000021e3fcca800 ConcurrentGCThread "G1 Young RemSet Sampling" [stack: 0x000000cc0be00000,0x000000cc0bf00000] [id=5208]

Threads with active compile tasks:
C2 CompilerThread0    11690 4777       4       org.eclipse.aether.util.graph.transformer.ConflictResolver::gatherConflictItems (111 bytes)
C1 CompilerThread0    11690 4801       3       org.apache.maven.artifact.versioning.DefaultArtifactVersion::toString (8 bytes)

VM state:not at safepoint (normal execution)

VM Mutex/Monitor currently owned by a thread:  ([mutex/lock_event])
[0x0000021e3fbf2880] Compile_lock - owner thread: 0x0000021e5d715000

Heap address: 0x0000000080000000, size: 2048 MB, Compressed Oops mode: 32-bit
Narrow klass base: 0x0000000000000000, Narrow klass shift: 3
Compressed class space size: 1073741824 Address: 0x0000000100000000

Heap:
 garbage-first heap   total 157696K, used 68064K [0x0000000080000000, 0x0000000100000000)
  region size 1024K, 55 young (56320K), 8 survivors (8192K)
 Metaspace       used 28446K, capacity 29113K, committed 29440K, reserved 1075200K
  class space    used 2989K, capacity 3235K, committed 3328K, reserved 1048576K
Heap Regions: E=young(eden), S=young(survivor), O=old, HS=humongous(starts), HC=humongous(continues), CS=collection set, F=free, A=archive, TAMS=top-at-mark-start (previous, next)
|   0|0x0000000080000000, 0x0000000080100000, 0x0000000080100000|100%| O|  |TAMS 0x0000000080100000, 0x0000000080000000| Untracked 
|   1|0x0000000080100000, 0x0000000080200000, 0x0000000080200000|100%| O|  |TAMS 0x0000000080200000, 0x0000000080100000| Untracked 
|   2|0x0000000080200000, 0x0000000080300000, 0x0000000080300000|100%| O|  |TAMS 0x000000008028be00, 0x0000000080200000| Untracked 
|   3|0x0000000080300000, 0x0000000080400000, 0x0000000080400000|100%| O|  |TAMS 0x0000000080300000, 0x0000000080300000| Untracked 
|   4|0x0000000080400000, 0x0000000080500000, 0x0000000080500000|100%| O|  |TAMS 0x0000000080400000, 0x0000000080400000| Untracked 
|   5|0x0000000080500000, 0x0000000080600000, 0x0000000080600000|100%| O|  |TAMS 0x0000000080500000, 0x0000000080500000| Untracked 
|   6|0x0000000080600000, 0x0000000080700000, 0x0000000080700000|100%| O|  |TAMS 0x0000000080600000, 0x0000000080600000| Untracked 
|   7|0x0000000080700000, 0x0000000080800000, 0x0000000080800000|100%| O|  |TAMS 0x0000000080700000, 0x0000000080700000| Untracked 
|   8|0x0000000080800000, 0x0000000080900000, 0x0000000080900000|100%| O|  |TAMS 0x0000000080800000, 0x0000000080800000| Untracked 
|   9|0x0000000080900000, 0x0000000080a00000, 0x0000000080a00000|100%| O|  |TAMS 0x0000000080900000, 0x0000000080900000| Untracked 
|  10|0x0000000080a00000, 0x0000000080b00000, 0x0000000080b00000|100%| O|  |TAMS 0x0000000080a00000, 0x0000000080a00000| Untracked 
|  11|0x0000000080b00000, 0x0000000080c00000, 0x0000000080c00000|100%| O|  |TAMS 0x0000000080b00000, 0x0000000080b00000| Untracked 
|  12|0x0000000080c00000, 0x0000000080cf8e00, 0x0000000080d00000| 97%| O|  |TAMS 0x0000000080c00000, 0x0000000080c00000| Untracked 
|  13|0x0000000080d00000, 0x0000000080d00000, 0x0000000080e00000|  0%| F|  |TAMS 0x0000000080d00000, 0x0000000080d00000| Untracked 
|  14|0x0000000080e00000, 0x0000000080e00000, 0x0000000080f00000|  0%| F|  |TAMS 0x0000000080e00000, 0x0000000080e00000| Untracked 
|  15|0x0000000080f00000, 0x0000000080f00000, 0x0000000081000000|  0%| F|  |TAMS 0x0000000080f00000, 0x0000000080f00000| Untracked 
|  16|0x0000000081000000, 0x0000000081000000, 0x0000000081100000|  0%| F|  |TAMS 0x0000000081000000, 0x0000000081000000| Untracked 
|  17|0x0000000081100000, 0x0000000081100000, 0x0000000081200000|  0%| F|  |TAMS 0x0000000081100000, 0x0000000081100000| Untracked 
|  18|0x0000000081200000, 0x0000000081200000, 0x0000000081300000|  0%| F|  |TAMS 0x0000000081200000, 0x0000000081200000| Untracked 
|  19|0x0000000081300000, 0x0000000081300000, 0x0000000081400000|  0%| F|  |TAMS 0x0000000081300000, 0x0000000081300000| Untracked 
|  20|0x0000000081400000, 0x0000000081400000, 0x0000000081500000|  0%| F|  |TAMS 0x0000000081400000, 0x0000000081400000| Untracked 
|  21|0x0000000081500000, 0x0000000081500000, 0x0000000081600000|  0%| F|  |TAMS 0x0000000081500000, 0x0000000081500000| Untracked 
|  22|0x0000000081600000, 0x0000000081600000, 0x0000000081700000|  0%| F|  |TAMS 0x0000000081600000, 0x0000000081600000| Untracked 
|  23|0x0000000081700000, 0x0000000081700000, 0x0000000081800000|  0%| F|  |TAMS 0x0000000081700000, 0x0000000081700000| Untracked 
|  24|0x0000000081800000, 0x0000000081800000, 0x0000000081900000|  0%| F|  |TAMS 0x0000000081800000, 0x0000000081800000| Untracked 
|  25|0x0000000081900000, 0x0000000081900000, 0x0000000081a00000|  0%| F|  |TAMS 0x0000000081900000, 0x0000000081900000| Untracked 
|  26|0x0000000081a00000, 0x0000000081a00000, 0x0000000081b00000|  0%| F|  |TAMS 0x0000000081a00000, 0x0000000081a00000| Untracked 
|  27|0x0000000081b00000, 0x0000000081b00000, 0x0000000081c00000|  0%| F|  |TAMS 0x0000000081b00000, 0x0000000081b00000| Untracked 
|  28|0x0000000081c00000, 0x0000000081c00000, 0x0000000081d00000|  0%| F|  |TAMS 0x0000000081c00000, 0x0000000081c00000| Untracked 
|  29|0x0000000081d00000, 0x0000000081d00000, 0x0000000081e00000|  0%| F|  |TAMS 0x0000000081d00000, 0x0000000081d00000| Untracked 
|  30|0x0000000081e00000, 0x0000000081e00000, 0x0000000081f00000|  0%| F|  |TAMS 0x0000000081e00000, 0x0000000081e00000| Untracked 
|  31|0x0000000081f00000, 0x0000000081f00000, 0x0000000082000000|  0%| F|  |TAMS 0x0000000081f00000, 0x0000000081f00000| Untracked 
|  32|0x0000000082000000, 0x0000000082000000, 0x0000000082100000|  0%| F|  |TAMS 0x0000000082000000, 0x0000000082000000| Untracked 
|  33|0x0000000082100000, 0x0000000082100000, 0x0000000082200000|  0%| F|  |TAMS 0x0000000082100000, 0x0000000082100000| Untracked 
|  34|0x0000000082200000, 0x0000000082200000, 0x0000000082300000|  0%| F|  |TAMS 0x0000000082200000, 0x0000000082200000| Untracked 
|  35|0x0000000082300000, 0x0000000082300000, 0x0000000082400000|  0%| F|  |TAMS 0x0000000082300000, 0x0000000082300000| Untracked 
|  36|0x0000000082400000, 0x0000000082400000, 0x0000000082500000|  0%| F|  |TAMS 0x0000000082400000, 0x0000000082400000| Untracked 
|  37|0x0000000082500000, 0x0000000082500000, 0x0000000082600000|  0%| F|  |TAMS 0x0000000082500000, 0x0000000082500000| Untracked 
|  38|0x0000000082600000, 0x0000000082600000, 0x0000000082700000|  0%| F|  |TAMS 0x0000000082600000, 0x0000000082600000| Untracked 
|  39|0x0000000082700000, 0x0000000082700000, 0x0000000082800000|  0%| F|  |TAMS 0x0000000082700000, 0x0000000082700000| Untracked 
|  40|0x0000000082800000, 0x0000000082800000, 0x0000000082900000|  0%| F|  |TAMS 0x0000000082800000, 0x0000000082800000| Untracked 
|  41|0x0000000082900000, 0x0000000082900000, 0x0000000082a00000|  0%| F|  |TAMS 0x0000000082900000, 0x0000000082900000| Untracked 
|  42|0x0000000082a00000, 0x0000000082a00000, 0x0000000082b00000|  0%| F|  |TAMS 0x0000000082a00000, 0x0000000082a00000| Untracked 
|  43|0x0000000082b00000, 0x0000000082b00000, 0x0000000082c00000|  0%| F|  |TAMS 0x0000000082b00000, 0x0000000082b00000| Untracked 
|  44|0x0000000082c00000, 0x0000000082c00000, 0x0000000082d00000|  0%| F|  |TAMS 0x0000000082c00000, 0x0000000082c00000| Untracked 
|  45|0x0000000082d00000, 0x0000000082d00000, 0x0000000082e00000|  0%| F|  |TAMS 0x0000000082d00000, 0x0000000082d00000| Untracked 
|  46|0x0000000082e00000, 0x0000000082e00000, 0x0000000082f00000|  0%| F|  |TAMS 0x0000000082e00000, 0x0000000082e00000| Untracked 
|  47|0x0000000082f00000, 0x0000000082f00000, 0x0000000083000000|  0%| F|  |TAMS 0x0000000082f00000, 0x0000000082f00000| Untracked 
|  48|0x0000000083000000, 0x0000000083000000, 0x0000000083100000|  0%| F|  |TAMS 0x0000000083000000, 0x0000000083000000| Untracked 
|  49|0x0000000083100000, 0x0000000083100000, 0x0000000083200000|  0%| F|  |TAMS 0x0000000083100000, 0x0000000083100000| Untracked 
|  50|0x0000000083200000, 0x0000000083200000, 0x0000000083300000|  0%| F|  |TAMS 0x0000000083200000, 0x0000000083200000| Untracked 
|  51|0x0000000083300000, 0x0000000083300000, 0x0000000083400000|  0%| F|  |TAMS 0x0000000083300000, 0x0000000083300000| Untracked 
|  52|0x0000000083400000, 0x0000000083400000, 0x0000000083500000|  0%| F|  |TAMS 0x0000000083400000, 0x0000000083400000| Untracked 
|  53|0x0000000083500000, 0x0000000083500000, 0x0000000083600000|  0%| F|  |TAMS 0x0000000083500000, 0x0000000083500000| Untracked 
|  54|0x0000000083600000, 0x0000000083600000, 0x0000000083700000|  0%| F|  |TAMS 0x0000000083600000, 0x0000000083600000| Untracked 
|  55|0x0000000083700000, 0x0000000083700000, 0x0000000083800000|  0%| F|  |TAMS 0x0000000083700000, 0x0000000083700000| Untracked 
|  56|0x0000000083800000, 0x0000000083800000, 0x0000000083900000|  0%| F|  |TAMS 0x0000000083800000, 0x0000000083800000| Untracked 
|  57|0x0000000083900000, 0x0000000083900000, 0x0000000083a00000|  0%| F|  |TAMS 0x0000000083900000, 0x0000000083900000| Untracked 
|  58|0x0000000083a00000, 0x0000000083a00000, 0x0000000083b00000|  0%| F|  |TAMS 0x0000000083a00000, 0x0000000083a00000| Untracked 
|  59|0x0000000083b00000, 0x0000000083b00000, 0x0000000083c00000|  0%| F|  |TAMS 0x0000000083b00000, 0x0000000083b00000| Untracked 
|  60|0x0000000083c00000, 0x0000000083c00000, 0x0000000083d00000|  0%| F|  |TAMS 0x0000000083c00000, 0x0000000083c00000| Untracked 
|  61|0x0000000083d00000, 0x0000000083d7f218, 0x0000000083e00000| 49%| S|CS|TAMS 0x0000000083d00000, 0x0000000083d00000| Complete 
|  62|0x0000000083e00000, 0x0000000083f00000, 0x0000000083f00000|100%| S|CS|TAMS 0x0000000083e00000, 0x0000000083e00000| Complete 
|  63|0x0000000083f00000, 0x0000000084000000, 0x0000000084000000|100%| S|CS|TAMS 0x0000000083f00000, 0x0000000083f00000| Complete 
|  64|0x0000000084000000, 0x0000000084100000, 0x0000000084100000|100%| S|CS|TAMS 0x0000000084000000, 0x0000000084000000| Complete 
|  65|0x0000000084100000, 0x0000000084200000, 0x0000000084200000|100%| S|CS|TAMS 0x0000000084100000, 0x0000000084100000| Complete 
|  66|0x0000000084200000, 0x0000000084300000, 0x0000000084300000|100%| S|CS|TAMS 0x0000000084200000, 0x0000000084200000| Complete 
|  67|0x0000000084300000, 0x0000000084400000, 0x0000000084400000|100%| S|CS|TAMS 0x0000000084300000, 0x0000000084300000| Complete 
|  68|0x0000000084400000, 0x0000000084500000, 0x0000000084500000|100%| S|CS|TAMS 0x0000000084400000, 0x0000000084400000| Complete 
|  69|0x0000000084500000, 0x0000000084500000, 0x0000000084600000|  0%| F|  |TAMS 0x0000000084500000, 0x0000000084500000| Untracked 
|  70|0x0000000084600000, 0x0000000084600000, 0x0000000084700000|  0%| F|  |TAMS 0x0000000084600000, 0x0000000084600000| Untracked 
|  71|0x0000000084700000, 0x0000000084700000, 0x0000000084800000|  0%| F|  |TAMS 0x0000000084700000, 0x0000000084700000| Untracked 
|  72|0x0000000084800000, 0x0000000084800000, 0x0000000084900000|  0%| F|  |TAMS 0x0000000084800000, 0x0000000084800000| Untracked 
|  73|0x0000000084900000, 0x0000000084900000, 0x0000000084a00000|  0%| F|  |TAMS 0x0000000084900000, 0x0000000084900000| Untracked 
|  74|0x0000000084a00000, 0x0000000084a00000, 0x0000000084b00000|  0%| F|  |TAMS 0x0000000084a00000, 0x0000000084a00000| Untracked 
|  75|0x0000000084b00000, 0x0000000084b00000, 0x0000000084c00000|  0%| F|  |TAMS 0x0000000084b00000, 0x0000000084b00000| Untracked 
|  76|0x0000000084c00000, 0x0000000084c00000, 0x0000000084d00000|  0%| F|  |TAMS 0x0000000084c00000, 0x0000000084c00000| Untracked 
|  77|0x0000000084d00000, 0x0000000084d00000, 0x0000000084e00000|  0%| F|  |TAMS 0x0000000084d00000, 0x0000000084d00000| Untracked 
|  78|0x0000000084e00000, 0x0000000084e00000, 0x0000000084f00000|  0%| F|  |TAMS 0x0000000084e00000, 0x0000000084e00000| Untracked 
|  79|0x0000000084f00000, 0x0000000084f00000, 0x0000000085000000|  0%| F|  |TAMS 0x0000000084f00000, 0x0000000084f00000| Untracked 
|  80|0x0000000085000000, 0x0000000085000000, 0x0000000085100000|  0%| F|  |TAMS 0x0000000085000000, 0x0000000085000000| Untracked 
|  81|0x0000000085100000, 0x0000000085100000, 0x0000000085200000|  0%| F|  |TAMS 0x0000000085100000, 0x0000000085100000| Untracked 
|  82|0x0000000085200000, 0x0000000085200000, 0x0000000085300000|  0%| F|  |TAMS 0x0000000085200000, 0x0000000085200000| Untracked 
|  83|0x0000000085300000, 0x0000000085300000, 0x0000000085400000|  0%| F|  |TAMS 0x0000000085300000, 0x0000000085300000| Untracked 
|  84|0x0000000085400000, 0x0000000085400000, 0x0000000085500000|  0%| F|  |TAMS 0x0000000085400000, 0x0000000085400000| Untracked 
|  85|0x0000000085500000, 0x0000000085500000, 0x0000000085600000|  0%| F|  |TAMS 0x0000000085500000, 0x0000000085500000| Untracked 
|  86|0x0000000085600000, 0x0000000085600000, 0x0000000085700000|  0%| F|  |TAMS 0x0000000085600000, 0x0000000085600000| Untracked 
|  87|0x0000000085700000, 0x0000000085700000, 0x0000000085800000|  0%| F|  |TAMS 0x0000000085700000, 0x0000000085700000| Untracked 
|  88|0x0000000085800000, 0x0000000085800000, 0x0000000085900000|  0%| F|  |TAMS 0x0000000085800000, 0x0000000085800000| Untracked 
|  89|0x0000000085900000, 0x0000000085900000, 0x0000000085a00000|  0%| F|  |TAMS 0x0000000085900000, 0x0000000085900000| Untracked 
|  90|0x0000000085a00000, 0x0000000085a00000, 0x0000000085b00000|  0%| F|  |TAMS 0x0000000085a00000, 0x0000000085a00000| Untracked 
|  91|0x0000000085b00000, 0x0000000085b00000, 0x0000000085c00000|  0%| F|  |TAMS 0x0000000085b00000, 0x0000000085b00000| Untracked 
|  92|0x0000000085c00000, 0x0000000085c00000, 0x0000000085d00000|  0%| F|  |TAMS 0x0000000085c00000, 0x0000000085c00000| Untracked 
|  93|0x0000000085d00000, 0x0000000085d00000, 0x0000000085e00000|  0%| F|  |TAMS 0x0000000085d00000, 0x0000000085d00000| Untracked 
|  94|0x0000000085e00000, 0x0000000085e00000, 0x0000000085f00000|  0%| F|  |TAMS 0x0000000085e00000, 0x0000000085e00000| Untracked 
|  95|0x0000000085f00000, 0x0000000085f00000, 0x0000000086000000|  0%| F|  |TAMS 0x0000000085f00000, 0x0000000085f00000| Untracked 
|  96|0x0000000086000000, 0x0000000086000000, 0x0000000086100000|  0%| F|  |TAMS 0x0000000086000000, 0x0000000086000000| Untracked 
|  97|0x0000000086100000, 0x0000000086100000, 0x0000000086200000|  0%| F|  |TAMS 0x0000000086100000, 0x0000000086100000| Untracked 
|  98|0x0000000086200000, 0x0000000086200000, 0x0000000086300000|  0%| F|  |TAMS 0x0000000086200000, 0x0000000086200000| Untracked 
|  99|0x0000000086300000, 0x0000000086300000, 0x0000000086400000|  0%| F|  |TAMS 0x0000000086300000, 0x0000000086300000| Untracked 
| 100|0x0000000086400000, 0x0000000086400000, 0x0000000086500000|  0%| F|  |TAMS 0x0000000086400000, 0x0000000086400000| Untracked 
| 101|0x0000000086500000, 0x0000000086500000, 0x0000000086600000|  0%| F|  |TAMS 0x0000000086500000, 0x0000000086500000| Untracked 
| 102|0x0000000086600000, 0x0000000086600000, 0x0000000086700000|  0%| F|  |TAMS 0x0000000086600000, 0x0000000086600000| Untracked 
| 103|0x0000000086700000, 0x0000000086700000, 0x0000000086800000|  0%| F|  |TAMS 0x0000000086700000, 0x0000000086700000| Untracked 
| 104|0x0000000086800000, 0x0000000086800000, 0x0000000086900000|  0%| F|  |TAMS 0x0000000086800000, 0x0000000086800000| Untracked 
| 105|0x0000000086900000, 0x0000000086900000, 0x0000000086a00000|  0%| F|  |TAMS 0x0000000086900000, 0x0000000086900000| Untracked 
| 106|0x0000000086a00000, 0x0000000086a00000, 0x0000000086b00000|  0%| F|  |TAMS 0x0000000086a00000, 0x0000000086a00000| Untracked 
| 107|0x0000000086b00000, 0x0000000086c00000, 0x0000000086c00000|100%| E|  |TAMS 0x0000000086b00000, 0x0000000086b00000| Complete 
| 108|0x0000000086c00000, 0x0000000086d00000, 0x0000000086d00000|100%| E|CS|TAMS 0x0000000086c00000, 0x0000000086c00000| Complete 
| 109|0x0000000086d00000, 0x0000000086e00000, 0x0000000086e00000|100%| E|CS|TAMS 0x0000000086d00000, 0x0000000086d00000| Complete 
| 110|0x0000000086e00000, 0x0000000086f00000, 0x0000000086f00000|100%| E|CS|TAMS 0x0000000086e00000, 0x0000000086e00000| Complete 
| 111|0x0000000086f00000, 0x0000000087000000, 0x0000000087000000|100%| E|CS|TAMS 0x0000000086f00000, 0x0000000086f00000| Complete 
| 112|0x0000000087000000, 0x0000000087100000, 0x0000000087100000|100%| E|CS|TAMS 0x0000000087000000, 0x0000000087000000| Complete 
| 113|0x0000000087100000, 0x0000000087200000, 0x0000000087200000|100%| E|CS|TAMS 0x0000000087100000, 0x0000000087100000| Complete 
| 114|0x0000000087200000, 0x0000000087300000, 0x0000000087300000|100%| E|CS|TAMS 0x0000000087200000, 0x0000000087200000| Complete 
| 115|0x0000000087300000, 0x0000000087400000, 0x0000000087400000|100%| E|CS|TAMS 0x0000000087300000, 0x0000000087300000| Complete 
| 116|0x0000000087400000, 0x0000000087500000, 0x0000000087500000|100%| E|CS|TAMS 0x0000000087400000, 0x0000000087400000| Complete 
| 117|0x0000000087500000, 0x0000000087600000, 0x0000000087600000|100%| E|CS|TAMS 0x0000000087500000, 0x0000000087500000| Complete 
| 118|0x0000000087600000, 0x0000000087700000, 0x0000000087700000|100%| E|CS|TAMS 0x0000000087600000, 0x0000000087600000| Complete 
| 119|0x0000000087700000, 0x0000000087800000, 0x0000000087800000|100%| E|CS|TAMS 0x0000000087700000, 0x0000000087700000| Complete 
| 120|0x0000000087800000, 0x0000000087900000, 0x0000000087900000|100%| E|CS|TAMS 0x0000000087800000, 0x0000000087800000| Complete 
| 121|0x0000000087900000, 0x0000000087a00000, 0x0000000087a00000|100%| E|CS|TAMS 0x0000000087900000, 0x0000000087900000| Complete 
| 122|0x0000000087a00000, 0x0000000087b00000, 0x0000000087b00000|100%| E|CS|TAMS 0x0000000087a00000, 0x0000000087a00000| Complete 
| 123|0x0000000087b00000, 0x0000000087c00000, 0x0000000087c00000|100%| E|CS|TAMS 0x0000000087b00000, 0x0000000087b00000| Complete 
| 124|0x0000000087c00000, 0x0000000087d00000, 0x0000000087d00000|100%| E|CS|TAMS 0x0000000087c00000, 0x0000000087c00000| Complete 
| 125|0x0000000087d00000, 0x0000000087e00000, 0x0000000087e00000|100%| E|CS|TAMS 0x0000000087d00000, 0x0000000087d00000| Complete 
| 126|0x0000000087e00000, 0x0000000087f00000, 0x0000000087f00000|100%| E|CS|TAMS 0x0000000087e00000, 0x0000000087e00000| Complete 
| 127|0x0000000087f00000, 0x0000000088000000, 0x0000000088000000|100%| E|CS|TAMS 0x0000000087f00000, 0x0000000087f00000| Complete 
| 128|0x0000000088000000, 0x0000000088100000, 0x0000000088100000|100%| E|CS|TAMS 0x0000000088000000, 0x0000000088000000| Complete 
| 129|0x0000000088100000, 0x0000000088200000, 0x0000000088200000|100%| E|CS|TAMS 0x0000000088100000, 0x0000000088100000| Complete 
| 130|0x0000000088200000, 0x0000000088300000, 0x0000000088300000|100%| E|CS|TAMS 0x0000000088200000, 0x0000000088200000| Complete 
| 131|0x0000000088300000, 0x0000000088400000, 0x0000000088400000|100%| E|CS|TAMS 0x0000000088300000, 0x0000000088300000| Complete 
| 132|0x0000000088400000, 0x0000000088500000, 0x0000000088500000|100%| E|CS|TAMS 0x0000000088400000, 0x0000000088400000| Complete 
| 133|0x0000000088500000, 0x0000000088600000, 0x0000000088600000|100%| E|CS|TAMS 0x0000000088500000, 0x0000000088500000| Complete 
| 134|0x0000000088600000, 0x0000000088700000, 0x0000000088700000|100%| E|CS|TAMS 0x0000000088600000, 0x0000000088600000| Complete 
| 135|0x0000000088700000, 0x0000000088800000, 0x0000000088800000|100%| E|CS|TAMS 0x0000000088700000, 0x0000000088700000| Complete 
| 136|0x0000000088800000, 0x0000000088900000, 0x0000000088900000|100%| E|CS|TAMS 0x0000000088800000, 0x0000000088800000| Complete 
| 137|0x0000000088900000, 0x0000000088a00000, 0x0000000088a00000|100%| E|CS|TAMS 0x0000000088900000, 0x0000000088900000| Complete 
| 138|0x0000000088a00000, 0x0000000088b00000, 0x0000000088b00000|100%| E|CS|TAMS 0x0000000088a00000, 0x0000000088a00000| Complete 
| 139|0x0000000088b00000, 0x0000000088c00000, 0x0000000088c00000|100%| E|CS|TAMS 0x0000000088b00000, 0x0000000088b00000| Complete 
| 140|0x0000000088c00000, 0x0000000088d00000, 0x0000000088d00000|100%| E|CS|TAMS 0x0000000088c00000, 0x0000000088c00000| Complete 
| 141|0x0000000088d00000, 0x0000000088e00000, 0x0000000088e00000|100%| E|CS|TAMS 0x0000000088d00000, 0x0000000088d00000| Complete 
| 142|0x0000000088e00000, 0x0000000088f00000, 0x0000000088f00000|100%| E|CS|TAMS 0x0000000088e00000, 0x0000000088e00000| Complete 
| 143|0x0000000088f00000, 0x0000000089000000, 0x0000000089000000|100%| E|CS|TAMS 0x0000000088f00000, 0x0000000088f00000| Complete 
| 144|0x0000000089000000, 0x0000000089100000, 0x0000000089100000|100%| E|CS|TAMS 0x0000000089000000, 0x0000000089000000| Complete 
| 145|0x0000000089100000, 0x0000000089200000, 0x0000000089200000|100%| E|CS|TAMS 0x0000000089100000, 0x0000000089100000| Complete 
| 146|0x0000000089200000, 0x0000000089300000, 0x0000000089300000|100%| E|CS|TAMS 0x0000000089200000, 0x0000000089200000| Complete 
| 147|0x0000000089300000, 0x0000000089400000, 0x0000000089400000|100%| E|CS|TAMS 0x0000000089300000, 0x0000000089300000| Complete 
| 148|0x0000000089400000, 0x0000000089500000, 0x0000000089500000|100%| E|CS|TAMS 0x0000000089400000, 0x0000000089400000| Complete 
| 149|0x0000000089500000, 0x0000000089600000, 0x0000000089600000|100%| E|CS|TAMS 0x0000000089500000, 0x0000000089500000| Complete 
| 150|0x0000000089600000, 0x0000000089700000, 0x0000000089700000|100%| E|CS|TAMS 0x0000000089600000, 0x0000000089600000| Complete 
| 151|0x0000000089700000, 0x0000000089800000, 0x0000000089800000|100%| E|CS|TAMS 0x0000000089700000, 0x0000000089700000| Complete 
| 152|0x0000000089800000, 0x0000000089900000, 0x0000000089900000|100%| E|CS|TAMS 0x0000000089800000, 0x0000000089800000| Complete 
| 153|0x0000000089900000, 0x0000000089a00000, 0x0000000089a00000|100%| E|CS|TAMS 0x0000000089900000, 0x0000000089900000| Complete 

Card table byte_map: [0x0000021e56ae0000,0x0000021e56ee0000] _byte_map_base: 0x0000021e566e0000

Marking Bits (Prev, Next): (CMBitMap*) 0x0000021e3fc325b0, (CMBitMap*) 0x0000021e3fc32578
 Prev Bits: [0x0000021e592e0000, 0x0000021e5b2e0000)
 Next Bits: [0x0000021e572e0000, 0x0000021e592e0000)

Polling page: 0x0000021e472b0000

Metaspace:

Usage:
  Non-class:     25.27 MB capacity,    24.87 MB ( 98%) used,   380.32 KB (  1%) free+waste,    35.25 KB ( <1%) overhead. 
      Class:      3.16 MB capacity,     2.92 MB ( 92%) used,   231.05 KB (  7%) free+waste,    14.56 KB ( <1%) overhead. 
       Both:     28.43 MB capacity,    27.78 MB ( 98%) used,   611.38 KB (  2%) free+waste,    49.81 KB ( <1%) overhead. 

Virtual space:
  Non-class space:       26.00 MB reserved,      25.50 MB ( 98%) committed 
      Class space:        1.00 GB reserved,       3.25 MB ( <1%) committed 
             Both:        1.03 GB reserved,      28.75 MB (  3%) committed 

Chunk freelists:
   Non-Class:  5.25 KB
       Class:  3.63 KB
        Both:  8.88 KB

CodeHeap 'non-profiled nmethods': size=120064Kb used=2574Kb max_used=2574Kb free=117489Kb
 bounds [0x0000021e4ed90000, 0x0000021e4f020000, 0x0000021e562d0000]
CodeHeap 'profiled nmethods': size=120000Kb used=11423Kb max_used=11423Kb free=108576Kb
 bounds [0x0000021e47860000, 0x0000021e48390000, 0x0000021e4ed90000]
CodeHeap 'non-nmethods': size=5696Kb used=1151Kb max_used=1196Kb free=4544Kb
 bounds [0x0000021e472d0000, 0x0000021e47540000, 0x0000021e47860000]
 total_blobs=5267 nmethods=4793 adapters=385
 compilation: enabled
              stopped_count=0, restarted_count=0
 full_count=0

Compilation events (10 events):
Event: 11.565 Thread 0x0000021e5d715000 4786       3       org.eclipse.aether.util.graph.visitor.FilteringDependencyVisitor::visitEnter (66 bytes)
Event: 11.566 Thread 0x0000021e5d715000 nmethod 4786 0x0000021e48377010 code [0x0000021e48377200, 0x0000021e483776f8]
Event: 11.566 Thread 0x0000021e5d715000 4787       3       org.eclipse.aether.internal.impl.ArtifactRequestBuilder::visitEnter (40 bytes)
Event: 11.566 Thread 0x0000021e5d715000 nmethod 4787 0x0000021e48377890 code [0x0000021e48377a60, 0x0000021e48377e18]
Event: 11.567 Thread 0x0000021e5d715000 4788       3       org.eclipse.aether.resolution.ArtifactRequest::setDependencyNode (25 bytes)
Event: 11.567 Thread 0x0000021e5d715000 nmethod 4788 0x0000021e48377f90 code [0x0000021e48378140, 0x0000021e48378418]
Event: 11.567 Thread 0x0000021e5d715000 4789       3       org.eclipse.aether.util.graph.visitor.TreeDependencyVisitor::visitLeave (31 bytes)
Event: 11.567 Thread 0x0000021e5d715000 nmethod 4789 0x0000021e48378590 code [0x0000021e48378780, 0x0000021e48378c58]
Event: 11.567 Thread 0x0000021e5d715000 4790       3       org.eclipse.aether.util.graph.visitor.FilteringDependencyVisitor::visitLeave (39 bytes)
Event: 11.568 Thread 0x0000021e5d715000 nmethod 4790 0x0000021e48378e90 code [0x0000021e483790a0, 0x0000021e48379728]

GC Heap History (10 events):
Event: 2.281 GC heap before
{Heap before GC invocations=3 (full 0):
 garbage-first heap   total 131072K, used 23074K [0x0000000080000000, 0x0000000100000000)
  region size 1024K, 21 young (21504K), 2 survivors (2048K)
 Metaspace       used 14528K, capacity 14745K, committed 14976K, reserved 1062912K
  class space    used 1520K, capacity 1615K, committed 1664K, reserved 1048576K
}
Event: 2.289 GC heap after
{Heap after GC invocations=4 (full 0):
 garbage-first heap   total 131072K, used 4296K [0x0000000080000000, 0x0000000100000000)
  region size 1024K, 3 young (3072K), 3 survivors (3072K)
 Metaspace       used 14528K, capacity 14745K, committed 14976K, reserved 1062912K
  class space    used 1520K, capacity 1615K, committed 1664K, reserved 1048576K
}
Event: 3.838 GC heap before
{Heap before GC invocations=4 (full 0):
 garbage-first heap   total 131072K, used 40136K [0x0000000080000000, 0x0000000100000000)
  region size 1024K, 38 young (38912K), 3 survivors (3072K)
 Metaspace       used 19929K, capacity 20263K, committed 20480K, reserved 1067008K
  class space    used 2127K, capacity 2247K, committed 2304K, reserved 1048576K
}
Event: 3.857 GC heap after
{Heap after GC invocations=5 (full 0):
 garbage-first heap   total 157696K, used 7727K [0x0000000080000000, 0x0000000100000000)
  region size 1024K, 5 young (5120K), 5 survivors (5120K)
 Metaspace       used 19929K, capacity 20263K, committed 20480K, reserved 1067008K
  class space    used 2127K, capacity 2247K, committed 2304K, reserved 1048576K
}
Event: 6.229 GC heap before
{Heap before GC invocations=5 (full 0):
 garbage-first heap   total 157696K, used 63023K [0x0000000080000000, 0x0000000100000000)
  region size 1024K, 60 young (61440K), 5 survivors (5120K)
 Metaspace       used 20938K, capacity 21206K, committed 21248K, reserved 1069056K
  class space    used 2178K, capacity 2283K, committed 2304K, reserved 1048576K
}
Event: 6.258 GC heap after
{Heap after GC invocations=6 (full 0):
 garbage-first heap   total 157696K, used 14732K [0x0000000080000000, 0x0000000100000000)
  region size 1024K, 12 young (12288K), 12 survivors (12288K)
 Metaspace       used 20938K, capacity 21206K, committed 21248K, reserved 1069056K
  class space    used 2178K, capacity 2283K, committed 2304K, reserved 1048576K
}
Event: 8.117 GC heap before
{Heap before GC invocations=7 (full 0):
 garbage-first heap   total 157696K, used 74124K [0x0000000080000000, 0x0000000100000000)
  region size 1024K, 70 young (71680K), 12 survivors (12288K)
 Metaspace       used 23639K, capacity 24136K, committed 24320K, reserved 1071104K
  class space    used 2389K, capacity 2536K, committed 2560K, reserved 1048576K
}
Event: 8.154 GC heap after
{Heap after GC invocations=8 (full 0):
 garbage-first heap   total 157696K, used 17379K [0x0000000080000000, 0x0000000100000000)
  region size 1024K, 4 young (4096K), 4 survivors (4096K)
 Metaspace       used 23639K, capacity 24136K, committed 24320K, reserved 1071104K
  class space    used 2389K, capacity 2536K, committed 2560K, reserved 1048576K
}
Event: 10.770 GC heap before
{Heap before GC invocations=8 (full 0):
 garbage-first heap   total 157696K, used 131043K [0x0000000080000000, 0x0000000100000000)
  region size 1024K, 85 young (87040K), 4 survivors (4096K)
 Metaspace       used 28308K, capacity 28981K, committed 29184K, reserved 1075200K
  class space    used 2987K, capacity 3234K, committed 3328K, reserved 1048576K
}
Event: 10.788 GC heap after
{Heap after GC invocations=9 (full 0):
 garbage-first heap   total 157696K, used 20960K [0x0000000080000000, 0x0000000100000000)
  region size 1024K, 8 young (8192K), 8 survivors (8192K)
 Metaspace       used 28308K, capacity 28981K, committed 29184K, reserved 1075200K
  class space    used 2987K, capacity 3234K, committed 3328K, reserved 1048576K
}

Deoptimization events (10 events):
Event: 10.861 Thread 0x0000021e3fbf6000 Uncommon trap: reason=unstable_if action=reinterpret pc=0x0000021e4efa0c68 method=org.apache.maven.model.inheritance.DefaultInheritanceAssembler$InheritanceModelMerger.mergePluginContainer_Plugins(Lorg/apache/maven/model/PluginContainer;Lorg/apache/maven/
Event: 10.988 Thread 0x0000021e3fbf6000 Uncommon trap: reason=unstable_if action=reinterpret pc=0x0000021e4ef71f10 method=org.apache.maven.model.merge.ModelMerger.mergePlugin_Extensions(Lorg/apache/maven/model/Plugin;Lorg/apache/maven/model/Plugin;ZLjava/util/Map;)V @ 19 c2
Event: 11.020 Thread 0x0000021e3fbf6000 Uncommon trap: reason=unstable_if action=reinterpret pc=0x0000021e4ef772ec method=org.apache.maven.model.inheritance.DefaultInheritanceAssembler$InheritanceModelMerger.mergePlugin(Lorg/apache/maven/model/Plugin;Lorg/apache/maven/model/Plugin;ZLjava/util/M
Event: 11.021 Thread 0x0000021e3fbf6000 Uncommon trap: reason=unstable_if action=reinterpret pc=0x0000021e4ef6dd4c method=org.apache.maven.model.merge.MavenModelMerger.mergePlugin_Executions(Lorg/apache/maven/model/Plugin;Lorg/apache/maven/model/Plugin;ZLjava/util/Map;)V @ 106 c2
Event: 11.053 Thread 0x0000021e3fbf6000 Uncommon trap: reason=unstable_if action=reinterpret pc=0x0000021e4eeb73a4 method=org.apache.maven.model.validation.DefaultModelValidator.validateEffectiveDependency(Lorg/apache/maven/model/building/ModelProblemCollector;Lorg/apache/maven/model/Dependency
Event: 11.054 Thread 0x0000021e3fbf6000 Uncommon trap: reason=unstable_if action=reinterpret pc=0x0000021e4eed3de4 method=org.apache.maven.repository.internal.ArtifactDescriptorReaderDelegate.convert(Lorg/apache/maven/model/Dependency;Lorg/eclipse/aether/artifact/ArtifactTypeRegistry;)Lorg/ecli
Event: 11.116 Thread 0x0000021e3fbf6000 Uncommon trap: reason=profile_predicate action=maybe_recompile pc=0x0000021e4efe12f8 method=sun.nio.cs.ISO_8859_1$Decoder.decodeArrayLoop(Ljava/nio/ByteBuffer;Ljava/nio/CharBuffer;)Ljava/nio/charset/CoderResult; @ 133 c2
Event: 11.117 Thread 0x0000021e3fbf6000 Uncommon trap: reason=profile_predicate action=maybe_recompile pc=0x0000021e4efe12f8 method=sun.nio.cs.ISO_8859_1$Decoder.decodeArrayLoop(Ljava/nio/ByteBuffer;Ljava/nio/CharBuffer;)Ljava/nio/charset/CoderResult; @ 133 c2
Event: 11.117 Thread 0x0000021e3fbf6000 Uncommon trap: reason=profile_predicate action=maybe_recompile pc=0x0000021e4efe12f8 method=sun.nio.cs.ISO_8859_1$Decoder.decodeArrayLoop(Ljava/nio/ByteBuffer;Ljava/nio/CharBuffer;)Ljava/nio/charset/CoderResult; @ 133 c2
Event: 11.117 Thread 0x0000021e3fbf6000 Uncommon trap: reason=profile_predicate action=maybe_recompile pc=0x0000021e4efe12f8 method=sun.nio.cs.ISO_8859_1$Decoder.decodeArrayLoop(Ljava/nio/ByteBuffer;Ljava/nio/CharBuffer;)Ljava/nio/charset/CoderResult; @ 133 c2

Classes redefined (0 events):
No events

Internal exceptions (10 events):
Event: 7.968 Thread 0x0000021e5e5de800 Exception <a 'java/lang/NoSuchMethodError'{0x0000000086ad4fe8}: java.lang.invoke.Invokers$Holder.linkToTargetMethod(Ljava/lang/Object;JLjava/lang/Object;)Ljava/lang/Object;> (0x0000000086ad4fe8) thrown at [./open/src/hotspot/share/interpreter/linkResolver
Event: 9.629 Thread 0x0000021e3fbf6000 Exception <a 'java/lang/NoClassDefFoundError'{0x00000000862d8ae0}: org/sonatype/aether/artifact/Artifact> (0x00000000862d8ae0) thrown at [./open/src/hotspot/share/classfile/systemDictionary.cpp, line 215]
Event: 9.637 Thread 0x0000021e3fbf6000 Exception <a 'java/lang/NoClassDefFoundError'{0x0000000086169b30}: org/sonatype/aether/graph/Dependency> (0x0000000086169b30) thrown at [./open/src/hotspot/share/classfile/systemDictionary.cpp, line 215]
Event: 9.656 Thread 0x0000021e3fbf6000 Exception <a 'java/lang/NoClassDefFoundError'{0x00000000860725e8}: org/sonatype/aether/resolution/ArtifactDescriptorException> (0x00000000860725e8) thrown at [./open/src/hotspot/share/classfile/systemDictionary.cpp, line 215]
Event: 9.682 Thread 0x0000021e3fbf6000 Exception <a 'java/lang/NoClassDefFoundError'{0x0000000085e4bb18}: org/sonatype/aether/installation/InstallationException> (0x0000000085e4bb18) thrown at [./open/src/hotspot/share/classfile/systemDictionary.cpp, line 215]
Event: 9.705 Thread 0x0000021e3fbf6000 Exception <a 'java/lang/NoClassDefFoundError'{0x0000000085d143f0}: org/sonatype/aether/metadata/Metadata> (0x0000000085d143f0) thrown at [./open/src/hotspot/share/classfile/systemDictionary.cpp, line 215]
Event: 9.722 Thread 0x0000021e3fbf6000 Exception <a 'java/lang/NoClassDefFoundError'{0x0000000085c5a820}: org/sonatype/aether/deployment/DeploymentException> (0x0000000085c5a820) thrown at [./open/src/hotspot/share/classfile/systemDictionary.cpp, line 215]
Event: 9.743 Thread 0x0000021e3fbf6000 Exception <a 'java/lang/NoClassDefFoundError'{0x0000000085ba3a30}: org/sonatype/aether/metadata/Metadata> (0x0000000085ba3a30) thrown at [./open/src/hotspot/share/classfile/systemDictionary.cpp, line 215]
Event: 9.751 Thread 0x0000021e3fbf6000 Exception <a 'java/lang/NoClassDefFoundError'{0x0000000085bda0c0}: org/sonatype/aether/artifact/ArtifactType> (0x0000000085bda0c0) thrown at [./open/src/hotspot/share/classfile/systemDictionary.cpp, line 215]
Event: 9.872 Thread 0x0000021e3fbf6000 Exception <a 'java/lang/NoSuchMethodError'{0x00000000858cd688}: java.lang.invoke.DirectMethodHandle$Holder.invokeStaticInit(Ljava/lang/Object;Ljava/lang/Object;)I> (0x00000000858cd688) thrown at [./open/src/hotspot/share/interpreter/linkResolver.cpp, line

Events (10 events):
Event: 11.117 Thread 0x0000021e3fbf6000 DEOPT PACKING pc=0x0000021e4efe12f8 sp=0x000000cc0b9fb290
Event: 11.117 Thread 0x0000021e3fbf6000 DEOPT UNPACKING pc=0x0000021e472d83af sp=0x000000cc0b9fb200 mode 2
Event: 11.117 Thread 0x0000021e3fbf6000 Uncommon trap: trap_request=0xffffffbe fr.pc=0x0000021e4efe12f8 relative=0x00000000000006b8
Event: 11.117 Thread 0x0000021e3fbf6000 DEOPT PACKING pc=0x0000021e4efe12f8 sp=0x000000cc0b9fb1d0
Event: 11.117 Thread 0x0000021e3fbf6000 DEOPT UNPACKING pc=0x0000021e472d83af sp=0x000000cc0b9fb140 mode 2
Event: 11.117 Thread 0x0000021e3fbf6000 Uncommon trap: trap_request=0xffffffbe fr.pc=0x0000021e4efe12f8 relative=0x00000000000006b8
Event: 11.117 Thread 0x0000021e3fbf6000 DEOPT PACKING pc=0x0000021e4efe12f8 sp=0x000000cc0b9faf50
Event: 11.117 Thread 0x0000021e3fbf6000 DEOPT UNPACKING pc=0x0000021e472d83af sp=0x000000cc0b9faec0 mode 2
Event: 11.161 Thread 0x0000021e3fbf6000 DEOPT PACKING pc=0x0000021e47d5da45 sp=0x000000cc0b9fbba0
Event: 11.161 Thread 0x0000021e3fbf6000 DEOPT UNPACKING pc=0x0000021e472f7c0e sp=0x000000cc0b9fb0b0 mode 0


Dynamic libraries:
0x00007ff734f90000 - 0x00007ff734f9f000 	C:\Program Files\Java\jdk-11.0.16\bin\java.exe
0x00007ff81ec50000 - 0x00007ff81ee48000 	C:\Windows\SYSTEM32\ntdll.dll
0x00007ff81e620000 - 0x00007ff81e6df000 	C:\Windows\System32\KERNEL32.DLL
0x00007ff81c7e0000 - 0x00007ff81cab2000 	C:\Windows\System32\KERNELBASE.dll
0x00007ff81c530000 - 0x00007ff81c630000 	C:\Windows\System32\ucrtbase.dll
0x00007ff801ad0000 - 0x00007ff801ae5000 	C:\Program Files\Java\jdk-11.0.16\bin\VCRUNTIME140.dll
0x00007ff801d50000 - 0x00007ff801d68000 	C:\Program Files\Java\jdk-11.0.16\bin\jli.dll
0x00007ff81e750000 - 0x00007ff81e7fe000 	C:\Windows\System32\ADVAPI32.dll
0x00007ff81eb70000 - 0x00007ff81ec0e000 	C:\Windows\System32\msvcrt.dll
0x00007ff81d690000 - 0x00007ff81d72c000 	C:\Windows\System32\sechost.dll
0x00007ff81d1e0000 - 0x00007ff81d305000 	C:\Windows\System32\RPCRT4.dll
0x00007ff81da50000 - 0x00007ff81dbed000 	C:\Windows\System32\USER32.dll
0x00007ff81c7b0000 - 0x00007ff81c7d2000 	C:\Windows\System32\win32u.dll
0x00007ffffbff0000 - 0x00007ffffc28a000 	C:\Windows\WinSxS\amd64_microsoft.windows.common-controls_6595b64144ccf1df_6.0.19041.1110_none_60b5254171f9507e\COMCTL32.dll
0x00007ff81e8d0000 - 0x00007ff81e8fb000 	C:\Windows\System32\GDI32.dll
0x00007ff81c6a0000 - 0x00007ff81c7af000 	C:\Windows\System32\gdi32full.dll
0x00007ff81c350000 - 0x00007ff81c3ed000 	C:\Windows\System32\msvcp_win.dll
0x00007ff814640000 - 0x00007ff81464a000 	C:\Windows\SYSTEM32\VERSION.dll
0x00007ff81d8d0000 - 0x00007ff81d902000 	C:\Windows\System32\IMM32.DLL
0x00007ffff5fe0000 - 0x00007ffff607b000 	C:\Program Files\Java\jdk-11.0.16\bin\msvcp140.dll
0x00007fffeddd0000 - 0x00007fffee8e8000 	C:\Program Files\Java\jdk-11.0.16\bin\server\jvm.dll
0x00007ff81d1d0000 - 0x00007ff81d1d8000 	C:\Windows\System32\PSAPI.DLL
0x00007ff817d00000 - 0x00007ff817d09000 	C:\Windows\SYSTEM32\WSOCK32.dll
0x00007ff81e6e0000 - 0x00007ff81e74b000 	C:\Windows\System32\WS2_32.dll
0x00007ffffb210000 - 0x00007ffffb237000 	C:\Windows\SYSTEM32\WINMM.dll
0x00007ff81a1f0000 - 0x00007ff81a202000 	C:\Windows\SYSTEM32\kernel.appcore.dll
0x00007ff801dd0000 - 0x00007ff801de0000 	C:\Program Files\Java\jdk-11.0.16\bin\verify.dll
0x00007ff811920000 - 0x00007ff811b04000 	C:\Windows\SYSTEM32\DBGHELP.DLL
0x00007ff8118f0000 - 0x00007ff81191c000 	C:\Windows\SYSTEM32\dbgcore.DLL
0x00007ff81c4a0000 - 0x00007ff81c522000 	C:\Windows\System32\bcryptPrimitives.dll
0x00007ff800520000 - 0x00007ff800548000 	C:\Program Files\Java\jdk-11.0.16\bin\java.dll
0x00007ff801690000 - 0x00007ff80169a000 	C:\Program Files\Java\jdk-11.0.16\bin\jimage.dll
0x00007ff800ab0000 - 0x00007ff800ac6000 	C:\Program Files\Java\jdk-11.0.16\bin\zip.dll
0x00007ff81de20000 - 0x00007ff81e563000 	C:\Windows\System32\SHELL32.dll
0x00007ff81a3f0000 - 0x00007ff81ab82000 	C:\Windows\SYSTEM32\windows.storage.dll
0x00007ff81d310000 - 0x00007ff81d664000 	C:\Windows\System32\combase.dll
0x00007ff81bbf0000 - 0x00007ff81bc20000 	C:\Windows\SYSTEM32\Wldp.dll
0x00007ff81d9a0000 - 0x00007ff81da4d000 	C:\Windows\System32\SHCORE.dll
0x00007ff81d850000 - 0x00007ff81d8a5000 	C:\Windows\System32\shlwapi.dll
0x00007ff81c290000 - 0x00007ff81c2af000 	C:\Windows\SYSTEM32\profapi.dll
0x00007fffff530000 - 0x00007fffff549000 	C:\Program Files\Java\jdk-11.0.16\bin\net.dll
0x00007ff813fd0000 - 0x00007ff8140dc000 	C:\Windows\SYSTEM32\WINHTTP.dll
0x00007ff81b9d0000 - 0x00007ff81ba3a000 	C:\Windows\system32\mswsock.dll
0x00007fffff510000 - 0x00007fffff522000 	C:\Program Files\Java\jdk-11.0.16\bin\nio.dll
0x0000000069ac0000 - 0x0000000069ae4000 	C:\Users\sfjbs\Downloads\micro service-20221021T071039Z-001\micro service\apache-maven-3.8.5-bin\apache-maven-3.8.5\lib\jansi-native\Windows\x86_64\jansi.dll

dbghelp: loaded successfully - version: 4.0.5 - missing functions: none
symbol engine: initialized successfully - sym options: 0x614 - pdb path: .;C:\Program Files\Java\jdk-11.0.16\bin;C:\Windows\SYSTEM32;C:\Windows\WinSxS\amd64_microsoft.windows.common-controls_6595b64144ccf1df_6.0.19041.1110_none_60b5254171f9507e;C:\Program Files\Java\jdk-11.0.16\bin\server;C:\Users\sfjbs\Downloads\micro service-20221021T071039Z-001\micro service\apache-maven-3.8.5-bin\apache-maven-3.8.5\lib\jansi-native\Windows\x86_64

VM Arguments:
jvm_args: -Dclassworlds.conf=C:\Users\sfjbs\Downloads\micro service-20221021T071039Z-001\micro service\apache-maven-3.8.5-bin\apache-maven-3.8.5\bin\m2.conf -Dmaven.home=C:\Users\sfjbs\Downloads\micro service-20221021T071039Z-001\micro service\apache-maven-3.8.5-bin\apache-maven-3.8.5 -Dlibrary.jansi.path=C:\Users\sfjbs\Downloads\micro service-20221021T071039Z-001\micro service\apache-maven-3.8.5-bin\apache-maven-3.8.5\lib\jansi-native -Dmaven.multiModuleProjectDirectory=C:\Users\sfjbs\IdeaProjects\oct31training\Aparna\Day4\Day4\spring-boot-app 
java_command: org.codehaus.plexus.classworlds.launcher.Launcher install dockerfile:build
java_class_path (initial): C:\Users\sfjbs\Downloads\micro service-20221021T071039Z-001\micro service\apache-maven-3.8.5-bin\apache-maven-3.8.5\boot\plexus-classworlds-2.6.0.jar
Launcher Type: SUN_STANDARD

[Global flags]
     intx CICompilerCount                          = 2                                         {product} {ergonomic}
     uint ConcGCThreads                            = 1                                         {product} {ergonomic}
     uint G1ConcRefinementThreads                  = 2                                         {product} {ergonomic}
   size_t G1HeapRegionSize                         = 1048576                                   {product} {ergonomic}
    uintx GCDrainStackTargetSize                   = 64                                        {product} {ergonomic}
   size_t InitialHeapSize                          = 134217728                                 {product} {ergonomic}
   size_t MarkStackSize                            = 4194304                                   {product} {ergonomic}
   size_t MaxHeapSize                              = 2147483648                                {product} {ergonomic}
   size_t MaxNewSize                               = 1287651328                                {product} {ergonomic}
   size_t MinHeapDeltaBytes                        = 1048576                                   {product} {ergonomic}
    uintx NonNMethodCodeHeapSize                   = 5825164                                {pd product} {ergonomic}
    uintx NonProfiledCodeHeapSize                  = 122916538                              {pd product} {ergonomic}
    uintx ProfiledCodeHeapSize                     = 122916538                              {pd product} {ergonomic}
    uintx ReservedCodeCacheSize                    = 251658240                              {pd product} {ergonomic}
     bool SegmentedCodeCache                       = true                                      {product} {ergonomic}
     bool UseCompressedClassPointers               = true                                 {lp64_product} {ergonomic}
     bool UseCompressedOops                        = true                                 {lp64_product} {ergonomic}
     bool UseG1GC                                  = true                                      {product} {ergonomic}
     bool UseLargePagesIndividualAllocation        = false                                  {pd product} {ergonomic}

Logging:
Log output configuration:
 #0: stdout all=warning uptime,level,tags
 #1: stderr all=off uptime,level,tags

Environment Variables:
PATH=C:\Program Files\Common Files\Oracle\Java\javapath;C:\Windows\system32;C:\Windows;C:\Windows\System32\Wbem;C:\Windows\System32\WindowsPowerShell\v1.0\;C:\Windows\System32\OpenSSH\;C:\Users\sfjbs\Downloads\micro service-20221021T071039Z-001\micro service\apache-maven-3.8.5-bin\apache-maven-3.8.5\bin;C:\Users\sfjbs\Downloads\micro service-20221021T071039Z-001\micro service\apache-maven-3.8.5-bin\apache-maven-3.8.5\lib;C:\Program Files\Git\cmd;C:\Program Files\Docker\Docker\resources\bin;C:\Users\sfjbs\AppData\Local\Microsoft\WindowsApps;C:\Users\sfjbs\Downloads\micro service-20221021T071039Z-001\micro service\apache-maven-3.8.5-bin\apache-maven-3.8.5\bin;C:\Users\sfjbs\Downloads\micro service-20221021T071039Z-001\micro service\apache-maven-3.8.5-bin\apache-maven-3.8.5\lib;;C:\Program Files\JetBrains\IntelliJ IDEA Community Edition 2022.2.1\bin;
USERNAME=sfjbs
OS=Windows_NT
PROCESSOR_IDENTIFIER=Intel64 Family 6 Model 106 Stepping 6, GenuineIntel



---------------  S Y S T E M  ---------------

OS: Windows 10 , 64 bit Build 19041 (10.0.19041.2251)
Hyper-V role detected

CPU:total 2 (initial active 2) (1 cores per cpu, 2 threads per core) family 6 model 106 stepping 6 microcode 0xffffffff, cmov, cx8, fxsr, mmx, sse, sse2, sse3, ssse3, sse4.1, sse4.2, popcnt, avx, avx2, aes, clmul, erms, rtm, 3dnowpref, lzcnt, ht, tsc, bmi1, bmi2, adx, evex, fma

Memory: 4k page, system-wide physical 8190M (372M free)
TotalPageFile size 10238M (AvailPageFile size 5M)
current process WorkingSet (physical memory assigned to process): 240M, peak: 242M
current process commit charge ("private bytes"): 290M, peak: 296M

vm_info: Java HotSpot(TM) 64-Bit Server VM (11.0.16+11-LTS-199) for windows-amd64 JRE (11.0.16+11-LTS-199), built on Jun 28 2022 08:23:17 by "mach5one" with MS VC++ 15.9 (VS2017)

END.
