#
# There is insufficient memory for the Java Runtime Environment to continue.
# Native memory allocation (malloc) failed to allocate 750896 bytes for Chunk::new
# Possible reasons:
#   The system is out of physical RAM or swap space
#   The process is running with CompressedOops enabled, and the Java Heap may be blocking the growth of the native heap
# Possible solutions:
#   Reduce memory load on the system
#   Increase physical memory or swap space
#   Check if swap backing store is full
#   Decrease Java heap size (-Xmx/-Xms)
#   Decrease number of Java threads
#   Decrease Java thread stack sizes (-Xss)
#   Set larger code cache with -XX:ReservedCodeCacheSize=
#   JVM is running with Unscaled Compressed Oops mode in which the Java heap is
#     placed in the first 4GB address space. The Java Heap base address is the
#     maximum limit for the native heap growth. Please use -XX:HeapBaseMinAddress
#     to set the Java Heap base and to place the Java Heap above 4GB virtual address.
# This output file may be truncated or incomplete.
#
#  Out of Memory Error (./open/src/hotspot/share/memory/arena.cpp:197), pid=3364, tid=7436
#
# JRE version: Java(TM) SE Runtime Environment 18.9 (11.0.16+11) (build 11.0.16+11-LTS-199)
# Java VM: Java HotSpot(TM) 64-Bit Server VM 18.9 (11.0.16+11-LTS-199, mixed mode, tiered, compressed oops, g1 gc, windows-amd64)
# No core dump will be written. Minidumps are not enabled by default on client versions of Windows
#

---------------  S U M M A R Y ------------

Command Line: -Dclassworlds.conf=C:\Users\sfjbs\Downloads\micro service-20221021T071039Z-001\micro service\apache-maven-3.8.5-bin\apache-maven-3.8.5\bin\m2.conf -Dmaven.home=C:\Users\sfjbs\Downloads\micro service-20221021T071039Z-001\micro service\apache-maven-3.8.5-bin\apache-maven-3.8.5 -Dlibrary.jansi.path=C:\Users\sfjbs\Downloads\micro service-20221021T071039Z-001\micro service\apache-maven-3.8.5-bin\apache-maven-3.8.5\lib\jansi-native -Dmaven.multiModuleProjectDirectory=C:\Users\sfjbs\IdeaProjects\oct31training\Aparna\Day4\Day4\spring-boot-app org.codehaus.plexus.classworlds.launcher.Launcher install dockerfile:build

Host: Intel(R) Xeon(R) Platinum 8370C CPU @ 2.80GHz, 2 cores, 7G,  Windows 10 , 64 bit Build 19041 (10.0.19041.2251)
Time: Tue Nov 15 02:35:22 2022 Coordinated Universal Time elapsed time: 8.864153 seconds (0d 0h 0m 8s)

---------------  T H R E A D  ---------------

Current thread (0x000001bb300a4000):  JavaThread "C2 CompilerThread0" daemon [_thread_in_native, id=7436, stack(0x0000001e5d900000,0x0000001e5da00000)]


Current CompileTask:
C2:   8864 4393   !   4       com.google.inject.spi.InjectionPoint::getInjectionPoints (489 bytes)

Stack: [0x0000001e5d900000,0x0000001e5da00000]
Native frames: (J=compiled Java code, j=interpreted, Vv=VM code, C=native code)
V  [jvm.dll+0x62a3ea]
V  [jvm.dll+0x76418f]
V  [jvm.dll+0x765839]
V  [jvm.dll+0x765ec3]
V  [jvm.dll+0x23da98]
V  [jvm.dll+0xb2a1c]
V  [jvm.dll+0xb2fdc]
V  [jvm.dll+0x2ae814]
V  [jvm.dll+0x53d97b]
V  [jvm.dll+0x1f9c2f]
V  [jvm.dll+0x1f756d]
V  [jvm.dll+0x177c81]
V  [jvm.dll+0x207006]
V  [jvm.dll+0x20519b]
V  [jvm.dll+0x729fa0]
V  [jvm.dll+0x722b74]
V  [jvm.dll+0x629286]
C  [ucrtbase.dll+0x21bb2]
C  [KERNEL32.DLL+0x174b4]
C  [ntdll.dll+0x526a1]


---------------  P R O C E S S  ---------------

Threads class SMR info:
_java_thread_list=0x000001bb33bd40c0, length=10, elements={
0x000001bb12606000, 0x000001bb3007f000, 0x000001bb30088800, 0x000001bb30099800,
0x000001bb3009c800, 0x000001bb3009e800, 0x000001bb300a4000, 0x000001bb300af000,
0x000001bb300b4000, 0x000001bb30b6f800
}

Java Threads: ( => current thread )
  0x000001bb12606000 JavaThread "main" [_thread_in_Java, id=7200, stack(0x0000001e5cd00000,0x0000001e5ce00000)]
  0x000001bb3007f000 JavaThread "Reference Handler" daemon [_thread_blocked, id=10524, stack(0x0000001e5d400000,0x0000001e5d500000)]
  0x000001bb30088800 JavaThread "Finalizer" daemon [_thread_blocked, id=6316, stack(0x0000001e5d500000,0x0000001e5d600000)]
  0x000001bb30099800 JavaThread "Signal Dispatcher" daemon [_thread_blocked, id=640, stack(0x0000001e5d600000,0x0000001e5d700000)]
  0x000001bb3009c800 JavaThread "Attach Listener" daemon [_thread_blocked, id=5156, stack(0x0000001e5d700000,0x0000001e5d800000)]
  0x000001bb3009e800 JavaThread "Service Thread" daemon [_thread_blocked, id=10512, stack(0x0000001e5d800000,0x0000001e5d900000)]
=>0x000001bb300a4000 JavaThread "C2 CompilerThread0" daemon [_thread_in_native, id=7436, stack(0x0000001e5d900000,0x0000001e5da00000)]
  0x000001bb300af000 JavaThread "C1 CompilerThread0" daemon [_thread_in_native, id=8044, stack(0x0000001e5da00000,0x0000001e5db00000)]
  0x000001bb300b4000 JavaThread "Sweeper thread" daemon [_thread_blocked, id=7592, stack(0x0000001e5db00000,0x0000001e5dc00000)]
  0x000001bb30b6f800 JavaThread "Common-Cleaner" daemon [_thread_blocked, id=6740, stack(0x0000001e5dd00000,0x0000001e5de00000)]

Other Threads:
  0x000001bb3007d000 VMThread "VM Thread" [stack: 0x0000001e5d300000,0x0000001e5d400000] [id=7684]
  0x000001bb30b68000 WatcherThread [stack: 0x0000001e5dc00000,0x0000001e5dd00000] [id=5196]
  0x000001bb1261b800 GCTaskThread "GC Thread#0" [stack: 0x0000001e5ce00000,0x0000001e5cf00000] [id=9828]
  0x000001bb31195000 GCTaskThread "GC Thread#1" [stack: 0x0000001e5de00000,0x0000001e5df00000] [id=8736]
  0x000001bb1264b000 ConcurrentGCThread "G1 Main Marker" [stack: 0x0000001e5cf00000,0x0000001e5d000000] [id=5440]
  0x000001bb1264d800 ConcurrentGCThread "G1 Conc#0" [stack: 0x0000001e5d000000,0x0000001e5d100000] [id=7532]
  0x000001bb126d9800 ConcurrentGCThread "G1 Refine#0" [stack: 0x0000001e5d100000,0x0000001e5d200000] [id=10284]
  0x000001bb126da800 ConcurrentGCThread "G1 Young RemSet Sampling" [stack: 0x0000001e5d200000,0x0000001e5d300000] [id=5656]

Threads with active compile tasks:
C2 CompilerThread0     8898 4393   !   4       com.google.inject.spi.InjectionPoint::getInjectionPoints (489 bytes)
C1 CompilerThread0     8898 4408       3       com.google.inject.internal.BindingProcessor$1::visit (159 bytes)

VM state:not at safepoint (normal execution)

VM Mutex/Monitor currently owned by a thread: None

Heap address: 0x0000000080000000, size: 2048 MB, Compressed Oops mode: 32-bit
Narrow klass base: 0x0000000000000000, Narrow klass shift: 3
Compressed class space size: 1073741824 Address: 0x0000000100000000

Heap:
 garbage-first heap   total 157696K, used 112597K [0x0000000080000000, 0x0000000100000000)
  region size 1024K, 68 young (69632K), 4 survivors (4096K)
 Metaspace       used 26991K, capacity 27606K, committed 27648K, reserved 1073152K
  class space    used 2857K, capacity 3052K, committed 3072K, reserved 1048576K
Heap Regions: E=young(eden), S=young(survivor), O=old, HS=humongous(starts), HC=humongous(continues), CS=collection set, F=free, A=archive, TAMS=top-at-mark-start (previous, next)
|   0|0x0000000080000000, 0x0000000080100000, 0x0000000080100000|100%| O|  |TAMS 0x0000000080100000, 0x0000000080000000| Untracked 
|   1|0x0000000080100000, 0x0000000080200000, 0x0000000080200000|100%| O|  |TAMS 0x0000000080200000, 0x0000000080100000| Untracked 
|   2|0x0000000080200000, 0x0000000080300000, 0x0000000080300000|100%| O|  |TAMS 0x000000008028e800, 0x0000000080200000| Untracked 
|   3|0x0000000080300000, 0x0000000080400000, 0x0000000080400000|100%| O|  |TAMS 0x0000000080300000, 0x0000000080300000| Untracked 
|   4|0x0000000080400000, 0x0000000080500000, 0x0000000080500000|100%| O|  |TAMS 0x0000000080400000, 0x0000000080400000| Untracked 
|   5|0x0000000080500000, 0x0000000080600000, 0x0000000080600000|100%| O|  |TAMS 0x0000000080500000, 0x0000000080500000| Untracked 
|   6|0x0000000080600000, 0x0000000080700000, 0x0000000080700000|100%| O|  |TAMS 0x0000000080600000, 0x0000000080600000| Untracked 
|   7|0x0000000080700000, 0x0000000080800000, 0x0000000080800000|100%| O|  |TAMS 0x0000000080700000, 0x0000000080700000| Untracked 
|   8|0x0000000080800000, 0x0000000080900000, 0x0000000080900000|100%| O|  |TAMS 0x0000000080800000, 0x0000000080800000| Untracked 
|   9|0x0000000080900000, 0x0000000080a00000, 0x0000000080a00000|100%| O|  |TAMS 0x0000000080900000, 0x0000000080900000| Untracked 
|  10|0x0000000080a00000, 0x0000000080b00000, 0x0000000080b00000|100%| O|  |TAMS 0x0000000080a00000, 0x0000000080a00000| Untracked 
|  11|0x0000000080b00000, 0x0000000080c00000, 0x0000000080c00000|100%| O|  |TAMS 0x0000000080b00000, 0x0000000080b00000| Untracked 
|  12|0x0000000080c00000, 0x0000000080cf5400, 0x0000000080d00000| 95%| O|  |TAMS 0x0000000080c00000, 0x0000000080c00000| Untracked 
|  13|0x0000000080d00000, 0x0000000080e00000, 0x0000000080e00000|100%|HS|  |TAMS 0x0000000080d00000, 0x0000000080d00000| Complete 
|  14|0x0000000080e00000, 0x0000000080f00000, 0x0000000080f00000|100%|HC|  |TAMS 0x0000000080e00000, 0x0000000080e00000| Complete 
|  15|0x0000000080f00000, 0x0000000081000000, 0x0000000081000000|100%|HC|  |TAMS 0x0000000080f00000, 0x0000000080f00000| Complete 
|  16|0x0000000081000000, 0x0000000081100000, 0x0000000081100000|100%|HC|  |TAMS 0x0000000081000000, 0x0000000081000000| Complete 
|  17|0x0000000081100000, 0x0000000081200000, 0x0000000081200000|100%|HC|  |TAMS 0x0000000081100000, 0x0000000081100000| Complete 
|  18|0x0000000081200000, 0x0000000081300000, 0x0000000081300000|100%|HS|  |TAMS 0x0000000081200000, 0x0000000081200000| Complete 
|  19|0x0000000081300000, 0x0000000081400000, 0x0000000081400000|100%|HC|  |TAMS 0x0000000081300000, 0x0000000081300000| Complete 
|  20|0x0000000081400000, 0x0000000081500000, 0x0000000081500000|100%|HC|  |TAMS 0x0000000081400000, 0x0000000081400000| Complete 
|  21|0x0000000081500000, 0x0000000081600000, 0x0000000081600000|100%|HC|  |TAMS 0x0000000081500000, 0x0000000081500000| Complete 
|  22|0x0000000081600000, 0x0000000081700000, 0x0000000081700000|100%|HC|  |TAMS 0x0000000081600000, 0x0000000081600000| Complete 
|  23|0x0000000081700000, 0x0000000081800000, 0x0000000081800000|100%|HS|  |TAMS 0x0000000081700000, 0x0000000081700000| Complete 
|  24|0x0000000081800000, 0x0000000081900000, 0x0000000081900000|100%|HC|  |TAMS 0x0000000081800000, 0x0000000081800000| Complete 
|  25|0x0000000081900000, 0x0000000081a00000, 0x0000000081a00000|100%|HC|  |TAMS 0x0000000081900000, 0x0000000081900000| Complete 
|  26|0x0000000081a00000, 0x0000000081b00000, 0x0000000081b00000|100%|HC|  |TAMS 0x0000000081a00000, 0x0000000081a00000| Complete 
|  27|0x0000000081b00000, 0x0000000081c00000, 0x0000000081c00000|100%|HC|  |TAMS 0x0000000081b00000, 0x0000000081b00000| Complete 
|  28|0x0000000081c00000, 0x0000000081d00000, 0x0000000081d00000|100%|HS|  |TAMS 0x0000000081c00000, 0x0000000081c00000| Complete 
|  29|0x0000000081d00000, 0x0000000081e00000, 0x0000000081e00000|100%|HC|  |TAMS 0x0000000081d00000, 0x0000000081d00000| Complete 
|  30|0x0000000081e00000, 0x0000000081f00000, 0x0000000081f00000|100%|HC|  |TAMS 0x0000000081e00000, 0x0000000081e00000| Complete 
|  31|0x0000000081f00000, 0x0000000082000000, 0x0000000082000000|100%|HC|  |TAMS 0x0000000081f00000, 0x0000000081f00000| Complete 
|  32|0x0000000082000000, 0x0000000082100000, 0x0000000082100000|100%|HC|  |TAMS 0x0000000082000000, 0x0000000082000000| Complete 
|  33|0x0000000082100000, 0x0000000082200000, 0x0000000082200000|100%|HS|  |TAMS 0x0000000082100000, 0x0000000082100000| Complete 
|  34|0x0000000082200000, 0x0000000082300000, 0x0000000082300000|100%|HC|  |TAMS 0x0000000082200000, 0x0000000082200000| Complete 
|  35|0x0000000082300000, 0x0000000082400000, 0x0000000082400000|100%|HC|  |TAMS 0x0000000082300000, 0x0000000082300000| Complete 
|  36|0x0000000082400000, 0x0000000082500000, 0x0000000082500000|100%|HC|  |TAMS 0x0000000082400000, 0x0000000082400000| Complete 
|  37|0x0000000082500000, 0x0000000082600000, 0x0000000082600000|100%|HC|  |TAMS 0x0000000082500000, 0x0000000082500000| Complete 
|  38|0x0000000082600000, 0x0000000082700000, 0x0000000082700000|100%|HS|  |TAMS 0x0000000082600000, 0x0000000082600000| Complete 
|  39|0x0000000082700000, 0x0000000082800000, 0x0000000082800000|100%|HC|  |TAMS 0x0000000082700000, 0x0000000082700000| Complete 
|  40|0x0000000082800000, 0x0000000082900000, 0x0000000082900000|100%|HC|  |TAMS 0x0000000082800000, 0x0000000082800000| Complete 
|  41|0x0000000082900000, 0x0000000082a00000, 0x0000000082a00000|100%|HC|  |TAMS 0x0000000082900000, 0x0000000082900000| Complete 
|  42|0x0000000082a00000, 0x0000000082b00000, 0x0000000082b00000|100%|HC|  |TAMS 0x0000000082a00000, 0x0000000082a00000| Complete 
|  43|0x0000000082b00000, 0x0000000082b00000, 0x0000000082c00000|  0%| F|  |TAMS 0x0000000082b00000, 0x0000000082b00000| Untracked 
|  44|0x0000000082c00000, 0x0000000082c00000, 0x0000000082d00000|  0%| F|  |TAMS 0x0000000082c00000, 0x0000000082c00000| Untracked 
|  45|0x0000000082d00000, 0x0000000082d00000, 0x0000000082e00000|  0%| F|  |TAMS 0x0000000082d00000, 0x0000000082d00000| Untracked 
|  46|0x0000000082e00000, 0x0000000082e00000, 0x0000000082f00000|  0%| F|  |TAMS 0x0000000082e00000, 0x0000000082e00000| Untracked 
|  47|0x0000000082f00000, 0x0000000082f00000, 0x0000000083000000|  0%| F|  |TAMS 0x0000000082f00000, 0x0000000082f00000| Untracked 
|  48|0x0000000083000000, 0x0000000083000000, 0x0000000083100000|  0%| F|  |TAMS 0x0000000083000000, 0x0000000083000000| Untracked 
|  49|0x0000000083100000, 0x0000000083100000, 0x0000000083200000|  0%| F|  |TAMS 0x0000000083100000, 0x0000000083100000| Untracked 
|  50|0x0000000083200000, 0x0000000083200000, 0x0000000083300000|  0%| F|  |TAMS 0x0000000083200000, 0x0000000083200000| Untracked 
|  51|0x0000000083300000, 0x0000000083300000, 0x0000000083400000|  0%| F|  |TAMS 0x0000000083300000, 0x0000000083300000| Untracked 
|  52|0x0000000083400000, 0x0000000083400000, 0x0000000083500000|  0%| F|  |TAMS 0x0000000083400000, 0x0000000083400000| Untracked 
|  53|0x0000000083500000, 0x0000000083500000, 0x0000000083600000|  0%| F|  |TAMS 0x0000000083500000, 0x0000000083500000| Untracked 
|  54|0x0000000083600000, 0x0000000083600000, 0x0000000083700000|  0%| F|  |TAMS 0x0000000083600000, 0x0000000083600000| Untracked 
|  55|0x0000000083700000, 0x0000000083700000, 0x0000000083800000|  0%| F|  |TAMS 0x0000000083700000, 0x0000000083700000| Untracked 
|  56|0x0000000083800000, 0x0000000083800000, 0x0000000083900000|  0%| F|  |TAMS 0x0000000083800000, 0x0000000083800000| Untracked 
|  57|0x0000000083900000, 0x0000000083900000, 0x0000000083a00000|  0%| F|  |TAMS 0x0000000083900000, 0x0000000083900000| Untracked 
|  58|0x0000000083a00000, 0x0000000083a00000, 0x0000000083b00000|  0%| F|  |TAMS 0x0000000083a00000, 0x0000000083a00000| Untracked 
|  59|0x0000000083b00000, 0x0000000083b00000, 0x0000000083c00000|  0%| F|  |TAMS 0x0000000083b00000, 0x0000000083b00000| Untracked 
|  60|0x0000000083c00000, 0x0000000083c00000, 0x0000000083d00000|  0%| F|  |TAMS 0x0000000083c00000, 0x0000000083c00000| Untracked 
|  61|0x0000000083d00000, 0x0000000083d00000, 0x0000000083e00000|  0%| F|  |TAMS 0x0000000083d00000, 0x0000000083d00000| Untracked 
|  62|0x0000000083e00000, 0x0000000083e00000, 0x0000000083f00000|  0%| F|  |TAMS 0x0000000083e00000, 0x0000000083e00000| Untracked 
|  63|0x0000000083f00000, 0x0000000083f00000, 0x0000000084000000|  0%| F|  |TAMS 0x0000000083f00000, 0x0000000083f00000| Untracked 
|  64|0x0000000084000000, 0x0000000084000000, 0x0000000084100000|  0%| F|  |TAMS 0x0000000084000000, 0x0000000084000000| Untracked 
|  65|0x0000000084100000, 0x0000000084100000, 0x0000000084200000|  0%| F|  |TAMS 0x0000000084100000, 0x0000000084100000| Untracked 
|  66|0x0000000084200000, 0x0000000084200000, 0x0000000084300000|  0%| F|  |TAMS 0x0000000084200000, 0x0000000084200000| Untracked 
|  67|0x0000000084300000, 0x0000000084300000, 0x0000000084400000|  0%| F|  |TAMS 0x0000000084300000, 0x0000000084300000| Untracked 
|  68|0x0000000084400000, 0x0000000084400000, 0x0000000084500000|  0%| F|  |TAMS 0x0000000084400000, 0x0000000084400000| Untracked 
|  69|0x0000000084500000, 0x0000000084500000, 0x0000000084600000|  0%| F|  |TAMS 0x0000000084500000, 0x0000000084500000| Untracked 
|  70|0x0000000084600000, 0x0000000084600000, 0x0000000084700000|  0%| F|  |TAMS 0x0000000084600000, 0x0000000084600000| Untracked 
|  71|0x0000000084700000, 0x0000000084700000, 0x0000000084800000|  0%| F|  |TAMS 0x0000000084700000, 0x0000000084700000| Untracked 
|  72|0x0000000084800000, 0x0000000084800000, 0x0000000084900000|  0%| F|  |TAMS 0x0000000084800000, 0x0000000084800000| Untracked 
|  73|0x0000000084900000, 0x0000000084900000, 0x0000000084a00000|  0%| F|  |TAMS 0x0000000084900000, 0x0000000084900000| Untracked 
|  74|0x0000000084a00000, 0x0000000084a00000, 0x0000000084b00000|  0%| F|  |TAMS 0x0000000084a00000, 0x0000000084a00000| Untracked 
|  75|0x0000000084b00000, 0x0000000084b00000, 0x0000000084c00000|  0%| F|  |TAMS 0x0000000084b00000, 0x0000000084b00000| Untracked 
|  76|0x0000000084c00000, 0x0000000084c00000, 0x0000000084d00000|  0%| F|  |TAMS 0x0000000084c00000, 0x0000000084c00000| Untracked 
|  77|0x0000000084d00000, 0x0000000084d00000, 0x0000000084e00000|  0%| F|  |TAMS 0x0000000084d00000, 0x0000000084d00000| Untracked 
|  78|0x0000000084e00000, 0x0000000084e00000, 0x0000000084f00000|  0%| F|  |TAMS 0x0000000084e00000, 0x0000000084e00000| Untracked 
|  79|0x0000000084f00000, 0x0000000084f00000, 0x0000000085000000|  0%| F|  |TAMS 0x0000000084f00000, 0x0000000084f00000| Untracked 
|  80|0x0000000085000000, 0x0000000085000000, 0x0000000085100000|  0%| F|  |TAMS 0x0000000085000000, 0x0000000085000000| Untracked 
|  81|0x0000000085100000, 0x0000000085200000, 0x0000000085200000|100%| S|CS|TAMS 0x0000000085100000, 0x0000000085100000| Complete 
|  82|0x0000000085200000, 0x0000000085300000, 0x0000000085300000|100%| S|CS|TAMS 0x0000000085200000, 0x0000000085200000| Complete 
|  83|0x0000000085300000, 0x0000000085300000, 0x0000000085400000|  0%| F|  |TAMS 0x0000000085300000, 0x0000000085300000| Untracked 
|  84|0x0000000085400000, 0x0000000085400000, 0x0000000085500000|  0%| F|  |TAMS 0x0000000085400000, 0x0000000085400000| Untracked 
|  85|0x0000000085500000, 0x0000000085600000, 0x0000000085600000|100%| S|CS|TAMS 0x0000000085500000, 0x0000000085500000| Complete 
|  86|0x0000000085600000, 0x0000000085700000, 0x0000000085700000|100%| S|CS|TAMS 0x0000000085600000, 0x0000000085600000| Complete 
|  87|0x0000000085700000, 0x0000000085700000, 0x0000000085800000|  0%| F|  |TAMS 0x0000000085700000, 0x0000000085700000| Untracked 
|  88|0x0000000085800000, 0x0000000085800000, 0x0000000085900000|  0%| F|  |TAMS 0x0000000085800000, 0x0000000085800000| Untracked 
|  89|0x0000000085900000, 0x0000000085900000, 0x0000000085a00000|  0%| F|  |TAMS 0x0000000085900000, 0x0000000085900000| Untracked 
|  90|0x0000000085a00000, 0x0000000085b00000, 0x0000000085b00000|100%| E|  |TAMS 0x0000000085a00000, 0x0000000085a00000| Complete 
|  91|0x0000000085b00000, 0x0000000085c00000, 0x0000000085c00000|100%| E|CS|TAMS 0x0000000085b00000, 0x0000000085b00000| Complete 
|  92|0x0000000085c00000, 0x0000000085d00000, 0x0000000085d00000|100%| E|CS|TAMS 0x0000000085c00000, 0x0000000085c00000| Complete 
|  93|0x0000000085d00000, 0x0000000085e00000, 0x0000000085e00000|100%| E|CS|TAMS 0x0000000085d00000, 0x0000000085d00000| Complete 
|  94|0x0000000085e00000, 0x0000000085f00000, 0x0000000085f00000|100%| E|CS|TAMS 0x0000000085e00000, 0x0000000085e00000| Complete 
|  95|0x0000000085f00000, 0x0000000086000000, 0x0000000086000000|100%| E|CS|TAMS 0x0000000085f00000, 0x0000000085f00000| Complete 
|  96|0x0000000086000000, 0x0000000086100000, 0x0000000086100000|100%| E|CS|TAMS 0x0000000086000000, 0x0000000086000000| Complete 
|  97|0x0000000086100000, 0x0000000086200000, 0x0000000086200000|100%| E|CS|TAMS 0x0000000086100000, 0x0000000086100000| Complete 
|  98|0x0000000086200000, 0x0000000086300000, 0x0000000086300000|100%| E|CS|TAMS 0x0000000086200000, 0x0000000086200000| Complete 
|  99|0x0000000086300000, 0x0000000086400000, 0x0000000086400000|100%| E|CS|TAMS 0x0000000086300000, 0x0000000086300000| Complete 
| 100|0x0000000086400000, 0x0000000086500000, 0x0000000086500000|100%| E|CS|TAMS 0x0000000086400000, 0x0000000086400000| Complete 
| 101|0x0000000086500000, 0x0000000086600000, 0x0000000086600000|100%| E|CS|TAMS 0x0000000086500000, 0x0000000086500000| Complete 
| 102|0x0000000086600000, 0x0000000086700000, 0x0000000086700000|100%| E|CS|TAMS 0x0000000086600000, 0x0000000086600000| Complete 
| 103|0x0000000086700000, 0x0000000086800000, 0x0000000086800000|100%| E|CS|TAMS 0x0000000086700000, 0x0000000086700000| Complete 
| 104|0x0000000086800000, 0x0000000086900000, 0x0000000086900000|100%| E|CS|TAMS 0x0000000086800000, 0x0000000086800000| Complete 
| 105|0x0000000086900000, 0x0000000086a00000, 0x0000000086a00000|100%| E|CS|TAMS 0x0000000086900000, 0x0000000086900000| Complete 
| 106|0x0000000086a00000, 0x0000000086b00000, 0x0000000086b00000|100%| E|CS|TAMS 0x0000000086a00000, 0x0000000086a00000| Complete 
| 107|0x0000000086b00000, 0x0000000086c00000, 0x0000000086c00000|100%| E|CS|TAMS 0x0000000086b00000, 0x0000000086b00000| Complete 
| 108|0x0000000086c00000, 0x0000000086d00000, 0x0000000086d00000|100%| E|CS|TAMS 0x0000000086c00000, 0x0000000086c00000| Complete 
| 109|0x0000000086d00000, 0x0000000086e00000, 0x0000000086e00000|100%| E|CS|TAMS 0x0000000086d00000, 0x0000000086d00000| Complete 
| 110|0x0000000086e00000, 0x0000000086f00000, 0x0000000086f00000|100%| E|CS|TAMS 0x0000000086e00000, 0x0000000086e00000| Complete 
| 111|0x0000000086f00000, 0x0000000087000000, 0x0000000087000000|100%| E|CS|TAMS 0x0000000086f00000, 0x0000000086f00000| Complete 
| 112|0x0000000087000000, 0x0000000087100000, 0x0000000087100000|100%| E|CS|TAMS 0x0000000087000000, 0x0000000087000000| Complete 
| 113|0x0000000087100000, 0x0000000087200000, 0x0000000087200000|100%| E|CS|TAMS 0x0000000087100000, 0x0000000087100000| Complete 
| 114|0x0000000087200000, 0x0000000087300000, 0x0000000087300000|100%| E|CS|TAMS 0x0000000087200000, 0x0000000087200000| Complete 
| 115|0x0000000087300000, 0x0000000087400000, 0x0000000087400000|100%| E|CS|TAMS 0x0000000087300000, 0x0000000087300000| Complete 
| 116|0x0000000087400000, 0x0000000087500000, 0x0000000087500000|100%| E|CS|TAMS 0x0000000087400000, 0x0000000087400000| Complete 
| 117|0x0000000087500000, 0x0000000087600000, 0x0000000087600000|100%| E|CS|TAMS 0x0000000087500000, 0x0000000087500000| Complete 
| 118|0x0000000087600000, 0x0000000087700000, 0x0000000087700000|100%| E|CS|TAMS 0x0000000087600000, 0x0000000087600000| Complete 
| 119|0x0000000087700000, 0x0000000087800000, 0x0000000087800000|100%| E|CS|TAMS 0x0000000087700000, 0x0000000087700000| Complete 
| 120|0x0000000087800000, 0x0000000087900000, 0x0000000087900000|100%| E|CS|TAMS 0x0000000087800000, 0x0000000087800000| Complete 
| 121|0x0000000087900000, 0x0000000087a00000, 0x0000000087a00000|100%| E|CS|TAMS 0x0000000087900000, 0x0000000087900000| Complete 
| 122|0x0000000087a00000, 0x0000000087b00000, 0x0000000087b00000|100%| E|CS|TAMS 0x0000000087a00000, 0x0000000087a00000| Complete 
| 123|0x0000000087b00000, 0x0000000087c00000, 0x0000000087c00000|100%| E|CS|TAMS 0x0000000087b00000, 0x0000000087b00000| Complete 
| 124|0x0000000087c00000, 0x0000000087d00000, 0x0000000087d00000|100%| E|CS|TAMS 0x0000000087c00000, 0x0000000087c00000| Complete 
| 125|0x0000000087d00000, 0x0000000087e00000, 0x0000000087e00000|100%| E|CS|TAMS 0x0000000087d00000, 0x0000000087d00000| Complete 
| 126|0x0000000087e00000, 0x0000000087f00000, 0x0000000087f00000|100%| E|CS|TAMS 0x0000000087e00000, 0x0000000087e00000| Complete 
| 127|0x0000000087f00000, 0x0000000088000000, 0x0000000088000000|100%| E|CS|TAMS 0x0000000087f00000, 0x0000000087f00000| Complete 
| 128|0x0000000088000000, 0x0000000088100000, 0x0000000088100000|100%| E|CS|TAMS 0x0000000088000000, 0x0000000088000000| Complete 
| 129|0x0000000088100000, 0x0000000088200000, 0x0000000088200000|100%| E|CS|TAMS 0x0000000088100000, 0x0000000088100000| Complete 
| 130|0x0000000088200000, 0x0000000088300000, 0x0000000088300000|100%| E|CS|TAMS 0x0000000088200000, 0x0000000088200000| Complete 
| 131|0x0000000088300000, 0x0000000088400000, 0x0000000088400000|100%| E|CS|TAMS 0x0000000088300000, 0x0000000088300000| Complete 
| 132|0x0000000088400000, 0x0000000088500000, 0x0000000088500000|100%| E|CS|TAMS 0x0000000088400000, 0x0000000088400000| Complete 
| 133|0x0000000088500000, 0x0000000088600000, 0x0000000088600000|100%| E|CS|TAMS 0x0000000088500000, 0x0000000088500000| Complete 
| 134|0x0000000088600000, 0x0000000088700000, 0x0000000088700000|100%| E|CS|TAMS 0x0000000088600000, 0x0000000088600000| Complete 
| 135|0x0000000088700000, 0x0000000088800000, 0x0000000088800000|100%| E|CS|TAMS 0x0000000088700000, 0x0000000088700000| Complete 
| 136|0x0000000088800000, 0x0000000088900000, 0x0000000088900000|100%| E|CS|TAMS 0x0000000088800000, 0x0000000088800000| Complete 
| 137|0x0000000088900000, 0x0000000088a00000, 0x0000000088a00000|100%| E|CS|TAMS 0x0000000088900000, 0x0000000088900000| Complete 
| 138|0x0000000088a00000, 0x0000000088b00000, 0x0000000088b00000|100%| E|CS|TAMS 0x0000000088a00000, 0x0000000088a00000| Complete 
| 139|0x0000000088b00000, 0x0000000088c00000, 0x0000000088c00000|100%| E|CS|TAMS 0x0000000088b00000, 0x0000000088b00000| Complete 
| 140|0x0000000088c00000, 0x0000000088d00000, 0x0000000088d00000|100%| E|CS|TAMS 0x0000000088c00000, 0x0000000088c00000| Complete 
| 141|0x0000000088d00000, 0x0000000088e00000, 0x0000000088e00000|100%| E|CS|TAMS 0x0000000088d00000, 0x0000000088d00000| Complete 
| 142|0x0000000088e00000, 0x0000000088f00000, 0x0000000088f00000|100%| E|CS|TAMS 0x0000000088e00000, 0x0000000088e00000| Complete 
| 143|0x0000000088f00000, 0x0000000089000000, 0x0000000089000000|100%| E|CS|TAMS 0x0000000088f00000, 0x0000000088f00000| Complete 
| 144|0x0000000089000000, 0x0000000089100000, 0x0000000089100000|100%| E|CS|TAMS 0x0000000089000000, 0x0000000089000000| Complete 
| 145|0x0000000089100000, 0x0000000089200000, 0x0000000089200000|100%| E|CS|TAMS 0x0000000089100000, 0x0000000089100000| Complete 
| 146|0x0000000089200000, 0x0000000089300000, 0x0000000089300000|100%| E|CS|TAMS 0x0000000089200000, 0x0000000089200000| Complete 
| 147|0x0000000089300000, 0x0000000089400000, 0x0000000089400000|100%| E|CS|TAMS 0x0000000089300000, 0x0000000089300000| Complete 
| 148|0x0000000089400000, 0x0000000089500000, 0x0000000089500000|100%| E|CS|TAMS 0x0000000089400000, 0x0000000089400000| Complete 
| 149|0x0000000089500000, 0x0000000089600000, 0x0000000089600000|100%| E|CS|TAMS 0x0000000089500000, 0x0000000089500000| Complete 
| 150|0x0000000089600000, 0x0000000089700000, 0x0000000089700000|100%| E|CS|TAMS 0x0000000089600000, 0x0000000089600000| Complete 
| 151|0x0000000089700000, 0x0000000089800000, 0x0000000089800000|100%| E|CS|TAMS 0x0000000089700000, 0x0000000089700000| Complete 
| 152|0x0000000089800000, 0x0000000089900000, 0x0000000089900000|100%| E|CS|TAMS 0x0000000089800000, 0x0000000089800000| Complete 
| 153|0x0000000089900000, 0x0000000089a00000, 0x0000000089a00000|100%| E|CS|TAMS 0x0000000089900000, 0x0000000089900000| Complete 

Card table byte_map: [0x000001bb294c0000,0x000001bb298c0000] _byte_map_base: 0x000001bb290c0000

Marking Bits (Prev, Next): (CMBitMap*) 0x000001bb12642700, (CMBitMap*) 0x000001bb126426c8
 Prev Bits: [0x000001bb2bcc0000, 0x000001bb2dcc0000)
 Next Bits: [0x000001bb29cc0000, 0x000001bb2bcc0000)

Polling page: 0x000001bb10d70000

Metaspace:

Usage:
  Non-class:     23.98 MB capacity,    23.58 MB ( 98%) used,   375.53 KB (  2%) free+waste,    32.19 KB ( <1%) overhead. 
      Class:      2.98 MB capacity,     2.79 MB ( 94%) used,   181.24 KB (  6%) free+waste,    13.06 KB ( <1%) overhead. 
       Both:     26.96 MB capacity,    26.37 MB ( 98%) used,   556.77 KB (  2%) free+waste,    45.25 KB ( <1%) overhead. 

Virtual space:
  Non-class space:       24.00 MB reserved,      24.00 MB (100%) committed 
      Class space:        1.00 GB reserved,       3.00 MB ( <1%) committed 
             Both:        1.02 GB reserved,      27.00 MB (  3%) committed 

Chunk freelists:
   Non-Class:  2.75 KB
       Class:  2.50 KB
        Both:  5.25 KB

CodeHeap 'non-profiled nmethods': size=120064Kb used=2160Kb max_used=2160Kb free=117903Kb
 bounds [0x000001bb21780000, 0x000001bb219f0000, 0x000001bb28cc0000]
CodeHeap 'profiled nmethods': size=120000Kb used=10188Kb max_used=10188Kb free=109811Kb
 bounds [0x000001bb1a250000, 0x000001bb1ac50000, 0x000001bb21780000]
CodeHeap 'non-nmethods': size=5696Kb used=1147Kb max_used=1182Kb free=4548Kb
 bounds [0x000001bb19cc0000, 0x000001bb19f30000, 0x000001bb1a250000]
 total_blobs=4869 nmethods=4401 adapters=379
 compilation: enabled
              stopped_count=0, restarted_count=0
 full_count=0

Compilation events (10 events):
Event: 8.823 Thread 0x000001bb300af000 4395       3       org.eclipse.sisu.space.asm.Item::<init> (5 bytes)
Event: 8.823 Thread 0x000001bb300af000 nmethod 4395 0x000001bb1ac34410 code [0x000001bb1ac345a0, 0x000001bb1ac346f8]
Event: 8.823 Thread 0x000001bb300af000 4396       3       org.eclipse.sisu.space.asm.ByteVector::putInt (74 bytes)
Event: 8.823 Thread 0x000001bb300af000 nmethod 4396 0x000001bb1ac34790 code [0x000001bb1ac34940, 0x000001bb1ac34b88]
Event: 8.826 Thread 0x000001bb300af000 4397       3       java.lang.ClassLoader::loadClass (7 bytes)
Event: 8.826 Thread 0x000001bb300af000 nmethod 4397 0x000001bb1ac34d10 code [0x000001bb1ac34ec0, 0x000001bb1ac35088]
Event: 8.827 Thread 0x000001bb300af000 4398       3       java.lang.String::lastIndexOf (104 bytes)
Event: 8.827 Thread 0x000001bb300af000 nmethod 4398 0x000001bb1ac35110 code [0x000001bb1ac35300, 0x000001bb1ac357c8]
Event: 8.851 Thread 0x000001bb300af000 4399       3       java.util.HashMap::resize (356 bytes)
Event: 8.853 Thread 0x000001bb300af000 nmethod 4399 0x000001bb1ac35990 code [0x000001bb1ac35c40, 0x000001bb1ac36fe8]

GC Heap History (10 events):
Event: 1.226 GC heap before
{Heap before GC invocations=2 (full 0):
 garbage-first heap   total 131072K, used 15364K [0x0000000080000000, 0x0000000100000000)
  region size 1024K, 14 young (14336K), 1 survivors (1024K)
 Metaspace       used 12363K, capacity 12532K, committed 12672K, reserved 1060864K
  class space    used 1250K, capacity 1348K, committed 1408K, reserved 1048576K
}
Event: 1.230 GC heap after
{Heap after GC invocations=3 (full 0):
 garbage-first heap   total 131072K, used 3621K [0x0000000080000000, 0x0000000100000000)
  region size 1024K, 2 young (2048K), 2 survivors (2048K)
 Metaspace       used 12363K, capacity 12532K, committed 12672K, reserved 1060864K
  class space    used 1250K, capacity 1348K, committed 1408K, reserved 1048576K
}
Event: 1.724 GC heap before
{Heap before GC invocations=3 (full 0):
 garbage-first heap   total 131072K, used 23077K [0x0000000080000000, 0x0000000100000000)
  region size 1024K, 21 young (21504K), 2 survivors (2048K)
 Metaspace       used 14522K, capacity 14745K, committed 14976K, reserved 1062912K
  class space    used 1520K, capacity 1615K, committed 1664K, reserved 1048576K
}
Event: 1.733 GC heap after
{Heap after GC invocations=4 (full 0):
 garbage-first heap   total 131072K, used 4402K [0x0000000080000000, 0x0000000100000000)
  region size 1024K, 3 young (3072K), 3 survivors (3072K)
 Metaspace       used 14522K, capacity 14745K, committed 14976K, reserved 1062912K
  class space    used 1520K, capacity 1615K, committed 1664K, reserved 1048576K
}
Event: 3.132 GC heap before
{Heap before GC invocations=4 (full 0):
 garbage-first heap   total 131072K, used 40242K [0x0000000080000000, 0x0000000100000000)
  region size 1024K, 38 young (38912K), 3 survivors (3072K)
 Metaspace       used 19926K, capacity 20263K, committed 20480K, reserved 1067008K
  class space    used 2127K, capacity 2247K, committed 2304K, reserved 1048576K
}
Event: 3.149 GC heap after
{Heap after GC invocations=5 (full 0):
 garbage-first heap   total 157696K, used 7738K [0x0000000080000000, 0x0000000100000000)
  region size 1024K, 5 young (5120K), 5 survivors (5120K)
 Metaspace       used 19926K, capacity 20263K, committed 20480K, reserved 1067008K
  class space    used 2127K, capacity 2247K, committed 2304K, reserved 1048576K
}
Event: 5.810 GC heap before
{Heap before GC invocations=5 (full 0):
 garbage-first heap   total 157696K, used 63034K [0x0000000080000000, 0x0000000100000000)
  region size 1024K, 60 young (61440K), 5 survivors (5120K)
 Metaspace       used 20929K, capacity 21206K, committed 21248K, reserved 1069056K
  class space    used 2178K, capacity 2283K, committed 2304K, reserved 1048576K
}
Event: 5.836 GC heap after
{Heap after GC invocations=6 (full 0):
 garbage-first heap   total 157696K, used 13719K [0x0000000080000000, 0x0000000100000000)
  region size 1024K, 11 young (11264K), 11 survivors (11264K)
 Metaspace       used 20929K, capacity 21206K, committed 21248K, reserved 1069056K
  class space    used 2178K, capacity 2283K, committed 2304K, reserved 1048576K
}
Event: 7.570 GC heap before
{Heap before GC invocations=7 (full 0):
 garbage-first heap   total 157696K, used 73111K [0x0000000080000000, 0x0000000100000000)
  region size 1024K, 69 young (70656K), 11 survivors (11264K)
 Metaspace       used 23609K, capacity 24072K, committed 24320K, reserved 1071104K
  class space    used 2389K, capacity 2536K, committed 2560K, reserved 1048576K
}
Event: 7.610 GC heap after
{Heap after GC invocations=8 (full 0):
 garbage-first heap   total 157696K, used 17365K [0x0000000080000000, 0x0000000100000000)
  region size 1024K, 4 young (4096K), 4 survivors (4096K)
 Metaspace       used 23609K, capacity 24072K, committed 24320K, reserved 1071104K
  class space    used 2389K, capacity 2536K, committed 2560K, reserved 1048576K
}

Deoptimization events (10 events):
Event: 7.934 Thread 0x000001bb12606000 Uncommon trap: reason=array_check action=maybe_recompile pc=0x000001bb219722cc method=java.util.TimSort.binarySort([Ljava/lang/Object;IIILjava/util/Comparator;)V @ 215 c2
Event: 7.934 Thread 0x000001bb12606000 Uncommon trap: reason=array_check action=maybe_recompile pc=0x000001bb219722cc method=java.util.TimSort.binarySort([Ljava/lang/Object;IIILjava/util/Comparator;)V @ 215 c2
Event: 7.934 Thread 0x000001bb12606000 Uncommon trap: reason=array_check action=maybe_recompile pc=0x000001bb219724a0 method=java.util.TimSort.binarySort([Ljava/lang/Object;IIILjava/util/Comparator;)V @ 193 c2
Event: 7.934 Thread 0x000001bb12606000 Uncommon trap: reason=array_check action=maybe_recompile pc=0x000001bb219724a0 method=java.util.TimSort.binarySort([Ljava/lang/Object;IIILjava/util/Comparator;)V @ 193 c2
Event: 7.941 Thread 0x000001bb12606000 Uncommon trap: reason=class_check action=maybe_recompile pc=0x000001bb21942a04 method=org.apache.maven.model.Plugin.clone()Lorg/apache/maven/model/Plugin; @ 94 c2
Event: 8.059 Thread 0x000001bb12606000 Uncommon trap: reason=unstable_if action=reinterpret pc=0x000001bb217b727c method=sun.net.www.ParseUtil.firstEncodeIndex(Ljava/lang/String;)I @ 51 c2
Event: 8.271 Thread 0x000001bb12606000 Uncommon trap: reason=unstable_if action=reinterpret pc=0x000001bb218ecfbc method=org.codehaus.plexus.interpolation.StringSearchInterpolator.interpolate(Ljava/lang/String;Lorg/codehaus/plexus/interpolation/RecursionInterceptor;Ljava/util/Set;)Ljava/lang/S
Event: 8.616 Thread 0x000001bb12606000 Uncommon trap: reason=unstable_if action=reinterpret pc=0x000001bb217eef04 method=java.util.jar.Manifest$FastInputStream.readLine([BII)I @ 130 c2
Event: 8.706 Thread 0x000001bb12606000 Uncommon trap: reason=unstable_if action=reinterpret pc=0x000001bb218ba584 method=java.util.HashMap.putVal(ILjava/lang/Object;Ljava/lang/Object;ZZ)Ljava/lang/Object; @ 162 c2
Event: 8.706 Thread 0x000001bb12606000 Uncommon trap: reason=unstable_if action=reinterpret pc=0x000001bb21810604 method=java.util.HashMap.resize()[Ljava/util/HashMap$Node; @ 203 c2

Classes redefined (0 events):
No events

Internal exceptions (10 events):
Event: 7.371 Thread 0x000001bb12606000 Exception <a 'java/lang/NoSuchMethodError'{0x00000000868a3f90}: org.apache.maven.execution.MavenExecutionRequest.getFailureBehavior()Ljava/lang/String;> (0x00000000868a3f90) thrown at [./open/src/hotspot/share/interpreter/linkResolver.cpp, line 864]
Event: 7.393 Thread 0x000001bb3118d800 Exception <a 'java/lang/NoSuchMethodError'{0x0000000086ac8e88}: java.lang.invoke.DirectMethodHandle$Holder.invokeStaticInit(Ljava/lang/Object;Ljava/lang/Object;JLjava/lang/Object;)Ljava/lang/Object;> (0x0000000086ac8e88) thrown at [./open/src/hotspot/shar
Event: 7.397 Thread 0x000001bb3118d800 Exception <a 'java/lang/NoSuchMethodError'{0x0000000086ad4fe8}: java.lang.invoke.Invokers$Holder.linkToTargetMethod(Ljava/lang/Object;JLjava/lang/Object;)Ljava/lang/Object;> (0x0000000086ad4fe8) thrown at [./open/src/hotspot/share/interpreter/linkResolver
Event: 8.822 Thread 0x000001bb12606000 Exception <a 'java/lang/NoClassDefFoundError'{0x0000000085d3c828}: org/sonatype/aether/metadata/Metadata> (0x0000000085d3c828) thrown at [./open/src/hotspot/share/classfile/systemDictionary.cpp, line 215]
Event: 8.823 Thread 0x000001bb12606000 Exception <a 'java/lang/NoClassDefFoundError'{0x0000000085d4aad8}: org/sonatype/aether/installation/InstallationException> (0x0000000085d4aad8) thrown at [./open/src/hotspot/share/classfile/systemDictionary.cpp, line 215]
Event: 8.826 Thread 0x000001bb12606000 Exception <a 'java/lang/NoClassDefFoundError'{0x0000000085d72bd8}: org/sonatype/aether/metadata/Metadata> (0x0000000085d72bd8) thrown at [./open/src/hotspot/share/classfile/systemDictionary.cpp, line 215]
Event: 8.832 Thread 0x000001bb12606000 Exception <a 'java/lang/NoClassDefFoundError'{0x0000000085de6cc0}: org/sonatype/aether/collection/DependencyCollectionException> (0x0000000085de6cc0) thrown at [./open/src/hotspot/share/classfile/systemDictionary.cpp, line 215]
Event: 8.835 Thread 0x000001bb12606000 Exception <a 'java/lang/NoClassDefFoundError'{0x0000000085c1da48}: org/sonatype/aether/graph/DependencyNode> (0x0000000085c1da48) thrown at [./open/src/hotspot/share/classfile/systemDictionary.cpp, line 215]
Event: 8.842 Thread 0x000001bb12606000 Exception <a 'java/lang/NoClassDefFoundError'{0x0000000085c7ae78}: org/sonatype/aether/resolution/ArtifactResolutionException> (0x0000000085c7ae78) thrown at [./open/src/hotspot/share/classfile/systemDictionary.cpp, line 215]
Event: 8.844 Thread 0x000001bb12606000 Exception <a 'java/lang/NoClassDefFoundError'{0x0000000085b219e8}: org/sonatype/aether/resolution/ArtifactDescriptorException> (0x0000000085b219e8) thrown at [./open/src/hotspot/share/classfile/systemDictionary.cpp, line 215]

Events (10 events):
Event: 8.856 loading class org/apache/commons/compress/compressors/CompressorOutputStream
Event: 8.856 loading class org/apache/commons/compress/compressors/CompressorOutputStream done
Event: 8.856 loading class org/iq80/snappy/SnappyOutputStream
Event: 8.856 loading class org/iq80/snappy/SnappyOutputStream done
Event: 8.856 loading class org/iq80/snappy/SnappyOutputStream
Event: 8.856 loading class org/iq80/snappy/SnappyOutputStream done
Event: 8.856 loading class org/iq80/snappy/AbstractSnappyOutputStream
Event: 8.856 loading class org/iq80/snappy/AbstractSnappyOutputStream done
Event: 8.856 loading class org/iq80/snappy/AbstractSnappyOutputStream
Event: 8.856 loading class org/iq80/snappy/AbstractSnappyOutputStream done


Dynamic libraries:
0x00007ff734f90000 - 0x00007ff734f9f000 	C:\Program Files\Java\jdk-11.0.16\bin\java.exe
0x00007ff81ec50000 - 0x00007ff81ee48000 	C:\Windows\SYSTEM32\ntdll.dll
0x00007ff81e620000 - 0x00007ff81e6df000 	C:\Windows\System32\KERNEL32.DLL
0x00007ff81c7e0000 - 0x00007ff81cab2000 	C:\Windows\System32\KERNELBASE.dll
0x00007ff81c530000 - 0x00007ff81c630000 	C:\Windows\System32\ucrtbase.dll
0x00007ff801ad0000 - 0x00007ff801ae5000 	C:\Program Files\Java\jdk-11.0.16\bin\VCRUNTIME140.dll
0x00007ff801d50000 - 0x00007ff801d68000 	C:\Program Files\Java\jdk-11.0.16\bin\jli.dll
0x00007ff81e750000 - 0x00007ff81e7fe000 	C:\Windows\System32\ADVAPI32.dll
0x00007ff81eb70000 - 0x00007ff81ec0e000 	C:\Windows\System32\msvcrt.dll
0x00007ff81d690000 - 0x00007ff81d72c000 	C:\Windows\System32\sechost.dll
0x00007ff81d1e0000 - 0x00007ff81d305000 	C:\Windows\System32\RPCRT4.dll
0x00007ff81da50000 - 0x00007ff81dbed000 	C:\Windows\System32\USER32.dll
0x00007ff81c7b0000 - 0x00007ff81c7d2000 	C:\Windows\System32\win32u.dll
0x00007ff81e8d0000 - 0x00007ff81e8fb000 	C:\Windows\System32\GDI32.dll
0x00007ff81c6a0000 - 0x00007ff81c7af000 	C:\Windows\System32\gdi32full.dll
0x00007ff81c350000 - 0x00007ff81c3ed000 	C:\Windows\System32\msvcp_win.dll
0x00007ffffbff0000 - 0x00007ffffc28a000 	C:\Windows\WinSxS\amd64_microsoft.windows.common-controls_6595b64144ccf1df_6.0.19041.1110_none_60b5254171f9507e\COMCTL32.dll
0x00007ff814640000 - 0x00007ff81464a000 	C:\Windows\SYSTEM32\VERSION.dll
0x00007ff81d8d0000 - 0x00007ff81d902000 	C:\Windows\System32\IMM32.DLL
0x00007ffff5fe0000 - 0x00007ffff607b000 	C:\Program Files\Java\jdk-11.0.16\bin\msvcp140.dll
0x00007fffeddd0000 - 0x00007fffee8e8000 	C:\Program Files\Java\jdk-11.0.16\bin\server\jvm.dll
0x00007ff81d1d0000 - 0x00007ff81d1d8000 	C:\Windows\System32\PSAPI.DLL
0x00007ff817d00000 - 0x00007ff817d09000 	C:\Windows\SYSTEM32\WSOCK32.dll
0x00007ff81e6e0000 - 0x00007ff81e74b000 	C:\Windows\System32\WS2_32.dll
0x00007ffffb210000 - 0x00007ffffb237000 	C:\Windows\SYSTEM32\WINMM.dll
0x00007ff81a1f0000 - 0x00007ff81a202000 	C:\Windows\SYSTEM32\kernel.appcore.dll
0x00007ff801dd0000 - 0x00007ff801de0000 	C:\Program Files\Java\jdk-11.0.16\bin\verify.dll
0x00007ff811920000 - 0x00007ff811b04000 	C:\Windows\SYSTEM32\DBGHELP.DLL
0x00007ff8118f0000 - 0x00007ff81191c000 	C:\Windows\SYSTEM32\dbgcore.DLL
0x00007ff81c4a0000 - 0x00007ff81c522000 	C:\Windows\System32\bcryptPrimitives.dll
0x00007ff800520000 - 0x00007ff800548000 	C:\Program Files\Java\jdk-11.0.16\bin\java.dll
0x00007ff801690000 - 0x00007ff80169a000 	C:\Program Files\Java\jdk-11.0.16\bin\jimage.dll
0x00007ff800ab0000 - 0x00007ff800ac6000 	C:\Program Files\Java\jdk-11.0.16\bin\zip.dll
0x00007ff81de20000 - 0x00007ff81e563000 	C:\Windows\System32\SHELL32.dll
0x00007ff81a3f0000 - 0x00007ff81ab82000 	C:\Windows\SYSTEM32\windows.storage.dll
0x00007ff81d310000 - 0x00007ff81d664000 	C:\Windows\System32\combase.dll
0x00007ff81bbf0000 - 0x00007ff81bc20000 	C:\Windows\SYSTEM32\Wldp.dll
0x00007ff81d9a0000 - 0x00007ff81da4d000 	C:\Windows\System32\SHCORE.dll
0x00007ff81d850000 - 0x00007ff81d8a5000 	C:\Windows\System32\shlwapi.dll
0x00007ff81c290000 - 0x00007ff81c2af000 	C:\Windows\SYSTEM32\profapi.dll
0x00007fffff530000 - 0x00007fffff549000 	C:\Program Files\Java\jdk-11.0.16\bin\net.dll
0x00007ff813fd0000 - 0x00007ff8140dc000 	C:\Windows\SYSTEM32\WINHTTP.dll
0x00007ff81b9d0000 - 0x00007ff81ba3a000 	C:\Windows\system32\mswsock.dll
0x00007fffff510000 - 0x00007fffff522000 	C:\Program Files\Java\jdk-11.0.16\bin\nio.dll
0x0000000069ac0000 - 0x0000000069ae4000 	C:\Users\sfjbs\Downloads\micro service-20221021T071039Z-001\micro service\apache-maven-3.8.5-bin\apache-maven-3.8.5\lib\jansi-native\Windows\x86_64\jansi.dll

dbghelp: loaded successfully - version: 4.0.5 - missing functions: none
symbol engine: initialized successfully - sym options: 0x614 - pdb path: .;C:\Program Files\Java\jdk-11.0.16\bin;C:\Windows\SYSTEM32;C:\Windows\WinSxS\amd64_microsoft.windows.common-controls_6595b64144ccf1df_6.0.19041.1110_none_60b5254171f9507e;C:\Program Files\Java\jdk-11.0.16\bin\server;C:\Users\sfjbs\Downloads\micro service-20221021T071039Z-001\micro service\apache-maven-3.8.5-bin\apache-maven-3.8.5\lib\jansi-native\Windows\x86_64

VM Arguments:
jvm_args: -Dclassworlds.conf=C:\Users\sfjbs\Downloads\micro service-20221021T071039Z-001\micro service\apache-maven-3.8.5-bin\apache-maven-3.8.5\bin\m2.conf -Dmaven.home=C:\Users\sfjbs\Downloads\micro service-20221021T071039Z-001\micro service\apache-maven-3.8.5-bin\apache-maven-3.8.5 -Dlibrary.jansi.path=C:\Users\sfjbs\Downloads\micro service-20221021T071039Z-001\micro service\apache-maven-3.8.5-bin\apache-maven-3.8.5\lib\jansi-native -Dmaven.multiModuleProjectDirectory=C:\Users\sfjbs\IdeaProjects\oct31training\Aparna\Day4\Day4\spring-boot-app 
java_command: org.codehaus.plexus.classworlds.launcher.Launcher install dockerfile:build
java_class_path (initial): C:\Users\sfjbs\Downloads\micro service-20221021T071039Z-001\micro service\apache-maven-3.8.5-bin\apache-maven-3.8.5\boot\plexus-classworlds-2.6.0.jar
Launcher Type: SUN_STANDARD

[Global flags]
     intx CICompilerCount                          = 2                                         {product} {ergonomic}
     uint ConcGCThreads                            = 1                                         {product} {ergonomic}
     uint G1ConcRefinementThreads                  = 2                                         {product} {ergonomic}
   size_t G1HeapRegionSize                         = 1048576                                   {product} {ergonomic}
    uintx GCDrainStackTargetSize                   = 64                                        {product} {ergonomic}
   size_t InitialHeapSize                          = 134217728                                 {product} {ergonomic}
   size_t MarkStackSize                            = 4194304                                   {product} {ergonomic}
   size_t MaxHeapSize                              = 2147483648                                {product} {ergonomic}
   size_t MaxNewSize                               = 1287651328                                {product} {ergonomic}
   size_t MinHeapDeltaBytes                        = 1048576                                   {product} {ergonomic}
    uintx NonNMethodCodeHeapSize                   = 5825164                                {pd product} {ergonomic}
    uintx NonProfiledCodeHeapSize                  = 122916538                              {pd product} {ergonomic}
    uintx ProfiledCodeHeapSize                     = 122916538                              {pd product} {ergonomic}
    uintx ReservedCodeCacheSize                    = 251658240                              {pd product} {ergonomic}
     bool SegmentedCodeCache                       = true                                      {product} {ergonomic}
     bool UseCompressedClassPointers               = true                                 {lp64_product} {ergonomic}
     bool UseCompressedOops                        = true                                 {lp64_product} {ergonomic}
     bool UseG1GC                                  = true                                      {product} {ergonomic}
     bool UseLargePagesIndividualAllocation        = false                                  {pd product} {ergonomic}

Logging:
Log output configuration:
 #0: stdout all=warning uptime,level,tags
 #1: stderr all=off uptime,level,tags

Environment Variables:
PATH=C:\Program Files\Common Files\Oracle\Java\javapath;C:\Windows\system32;C:\Windows;C:\Windows\System32\Wbem;C:\Windows\System32\WindowsPowerShell\v1.0\;C:\Windows\System32\OpenSSH\;C:\Users\sfjbs\Downloads\micro service-20221021T071039Z-001\micro service\apache-maven-3.8.5-bin\apache-maven-3.8.5\bin;C:\Users\sfjbs\Downloads\micro service-20221021T071039Z-001\micro service\apache-maven-3.8.5-bin\apache-maven-3.8.5\lib;C:\Program Files\Git\cmd;C:\Program Files\Docker\Docker\resources\bin;C:\Users\sfjbs\AppData\Local\Microsoft\WindowsApps;C:\Users\sfjbs\Downloads\micro service-20221021T071039Z-001\micro service\apache-maven-3.8.5-bin\apache-maven-3.8.5\bin;C:\Users\sfjbs\Downloads\micro service-20221021T071039Z-001\micro service\apache-maven-3.8.5-bin\apache-maven-3.8.5\lib;;C:\Program Files\JetBrains\IntelliJ IDEA Community Edition 2022.2.1\bin;
USERNAME=sfjbs
OS=Windows_NT
PROCESSOR_IDENTIFIER=Intel64 Family 6 Model 106 Stepping 6, GenuineIntel



---------------  S Y S T E M  ---------------

OS: Windows 10 , 64 bit Build 19041 (10.0.19041.2251)
Hyper-V role detected

CPU:total 2 (initial active 2) (1 cores per cpu, 2 threads per core) family 6 model 106 stepping 6 microcode 0xffffffff, cmov, cx8, fxsr, mmx, sse, sse2, sse3, ssse3, sse4.1, sse4.2, popcnt, avx, avx2, aes, clmul, erms, rtm, 3dnowpref, lzcnt, ht, tsc, bmi1, bmi2, adx, evex, fma

Memory: 4k page, system-wide physical 8190M (386M free)
TotalPageFile size 10238M (AvailPageFile size 4M)
current process WorkingSet (physical memory assigned to process): 220M, peak: 220M
current process commit charge ("private bytes"): 288M, peak: 289M

vm_info: Java HotSpot(TM) 64-Bit Server VM (11.0.16+11-LTS-199) for windows-amd64 JRE (11.0.16+11-LTS-199), built on Jun 28 2022 08:23:17 by "mach5one" with MS VC++ 15.9 (VS2017)

END.
