#
# There is insufficient memory for the Java Runtime Environment to continue.
# Native memory allocation (malloc) failed to allocate 1214816 bytes for Chunk::new
# Possible reasons:
#   The system is out of physical RAM or swap space
#   The process is running with CompressedOops enabled, and the Java Heap may be blocking the growth of the native heap
# Possible solutions:
#   Reduce memory load on the system
#   Increase physical memory or swap space
#   Check if swap backing store is full
#   Decrease Java heap size (-Xmx/-Xms)
#   Decrease number of Java threads
#   Decrease Java thread stack sizes (-Xss)
#   Set larger code cache with -XX:ReservedCodeCacheSize=
#   JVM is running with Unscaled Compressed Oops mode in which the Java heap is
#     placed in the first 4GB address space. The Java Heap base address is the
#     maximum limit for the native heap growth. Please use -XX:HeapBaseMinAddress
#     to set the Java Heap base and to place the Java Heap above 4GB virtual address.
# This output file may be truncated or incomplete.
#
#  Out of Memory Error (./open/src/hotspot/share/memory/arena.cpp:197), pid=5480, tid=8844
#
# JRE version: Java(TM) SE Runtime Environment 18.9 (11.0.16+11) (build 11.0.16+11-LTS-199)
# Java VM: Java HotSpot(TM) 64-Bit Server VM 18.9 (11.0.16+11-LTS-199, mixed mode, tiered, compressed oops, g1 gc, windows-amd64)
# No core dump will be written. Minidumps are not enabled by default on client versions of Windows
#

---------------  S U M M A R Y ------------

Command Line: -Dclassworlds.conf=C:\Users\sfjbs\Downloads\micro service-20221021T071039Z-001\micro service\apache-maven-3.8.5-bin\apache-maven-3.8.5\bin\m2.conf -Dmaven.home=C:\Users\sfjbs\Downloads\micro service-20221021T071039Z-001\micro service\apache-maven-3.8.5-bin\apache-maven-3.8.5 -Dlibrary.jansi.path=C:\Users\sfjbs\Downloads\micro service-20221021T071039Z-001\micro service\apache-maven-3.8.5-bin\apache-maven-3.8.5\lib\jansi-native -Dmaven.multiModuleProjectDirectory=C:\Users\sfjbs\IdeaProjects\oct31training\Aparna\Day4\Day4\spring-boot-app org.codehaus.plexus.classworlds.launcher.Launcher clean install

Host: Intel(R) Xeon(R) Platinum 8370C CPU @ 2.80GHz, 2 cores, 7G,  Windows 10 , 64 bit Build 19041 (10.0.19041.1889)
Time: Sun Nov  6 18:04:45 2022 Coordinated Universal Time elapsed time: 48.149175 seconds (0d 0h 0m 48s)

---------------  T H R E A D  ---------------

Current thread (0x0000029a1db30800):  JavaThread "C2 CompilerThread0" daemon [_thread_in_native, id=8844, stack(0x000000a002b00000,0x000000a002c00000)]


Current CompileTask:
C2:  48149 5604   !   4       jdk.internal.loader.BuiltinClassLoader::loadClassOrNull (143 bytes)

Stack: [0x000000a002b00000,0x000000a002c00000]
Native frames: (J=compiled Java code, j=interpreted, Vv=VM code, C=native code)
V  [jvm.dll+0x62a3ea]
V  [jvm.dll+0x76418f]
V  [jvm.dll+0x765839]
V  [jvm.dll+0x765ec3]
V  [jvm.dll+0x23da98]
V  [jvm.dll+0xb2a1c]
V  [jvm.dll+0xb2fdc]
V  [jvm.dll+0x2ae814]
V  [jvm.dll+0x53d97b]
V  [jvm.dll+0x200877]
V  [jvm.dll+0x1fa5ba]
V  [jvm.dll+0x1f756d]
V  [jvm.dll+0x177c81]
V  [jvm.dll+0x207006]
V  [jvm.dll+0x20519b]
V  [jvm.dll+0x729fa0]
V  [jvm.dll+0x722b74]
V  [jvm.dll+0x629286]
C  [ucrtbase.dll+0x21bb2]
C  [KERNEL32.DLL+0x17034]
C  [ntdll.dll+0x526a1]


---------------  P R O C E S S  ---------------

Threads class SMR info:
_java_thread_list=0x0000029a1ffceb30, length=10, elements={
0x0000029a00016000, 0x0000029a1db0c800, 0x0000029a1db0e000, 0x0000029a1db28800,
0x0000029a1db2b800, 0x0000029a1db2d800, 0x0000029a1db30800, 0x0000029a1db33000,
0x0000029a1db6b000, 0x0000029a1e5f1000
}

Java Threads: ( => current thread )
  0x0000029a00016000 JavaThread "main" [_thread_in_vm, id=1376, stack(0x000000a001f00000,0x000000a002000000)]
  0x0000029a1db0c800 JavaThread "Reference Handler" daemon [_thread_blocked, id=6060, stack(0x000000a002600000,0x000000a002700000)]
  0x0000029a1db0e000 JavaThread "Finalizer" daemon [_thread_blocked, id=5236, stack(0x000000a002700000,0x000000a002800000)]
  0x0000029a1db28800 JavaThread "Signal Dispatcher" daemon [_thread_blocked, id=13148, stack(0x000000a002800000,0x000000a002900000)]
  0x0000029a1db2b800 JavaThread "Attach Listener" daemon [_thread_blocked, id=4908, stack(0x000000a002900000,0x000000a002a00000)]
  0x0000029a1db2d800 JavaThread "Service Thread" daemon [_thread_blocked, id=3704, stack(0x000000a002a00000,0x000000a002b00000)]
=>0x0000029a1db30800 JavaThread "C2 CompilerThread0" daemon [_thread_in_native, id=8844, stack(0x000000a002b00000,0x000000a002c00000)]
  0x0000029a1db33000 JavaThread "C1 CompilerThread0" daemon [_thread_blocked, id=13728, stack(0x000000a002c00000,0x000000a002d00000)]
  0x0000029a1db6b000 JavaThread "Sweeper thread" daemon [_thread_blocked, id=12236, stack(0x000000a002d00000,0x000000a002e00000)]
  0x0000029a1e5f1000 JavaThread "Common-Cleaner" daemon [_thread_blocked, id=2436, stack(0x000000a002f00000,0x000000a003000000)]

Other Threads:
  0x0000029a1db09000 VMThread "VM Thread" [stack: 0x000000a002500000,0x000000a002600000] [id=3252]
  0x0000029a1e5e9800 WatcherThread [stack: 0x000000a002e00000,0x000000a002f00000] [id=13552]
  0x0000029a0002b000 GCTaskThread "GC Thread#0" [stack: 0x000000a002000000,0x000000a002100000] [id=11636]
  0x0000029a1e90c000 GCTaskThread "GC Thread#1" [stack: 0x000000a003000000,0x000000a003100000] [id=7928]
  0x0000029a0005b800 ConcurrentGCThread "G1 Main Marker" [stack: 0x000000a002100000,0x000000a002200000] [id=6008]
  0x0000029a0005e000 ConcurrentGCThread "G1 Conc#0" [stack: 0x000000a002200000,0x000000a002300000] [id=13480]
  0x0000029a000e4000 ConcurrentGCThread "G1 Refine#0" [stack: 0x000000a002300000,0x000000a002400000] [id=12476]
  0x0000029a000e6800 ConcurrentGCThread "G1 Young RemSet Sampling" [stack: 0x000000a002400000,0x000000a002500000] [id=6604]

Threads with active compile tasks:
C2 CompilerThread0    48167 5604   !   4       jdk.internal.loader.BuiltinClassLoader::loadClassOrNull (143 bytes)

VM state:not at safepoint (normal execution)

VM Mutex/Monitor currently owned by a thread: None

Heap address: 0x0000000080000000, size: 2048 MB, Compressed Oops mode: 32-bit
Narrow klass base: 0x0000000000000000, Narrow klass shift: 3
Compressed class space size: 1073741824 Address: 0x0000000100000000

Heap:
 garbage-first heap   total 157696K, used 64066K [0x0000000080000000, 0x0000000100000000)
  region size 1024K, 52 young (53248K), 6 survivors (6144K)
 Metaspace       used 32923K, capacity 33520K, committed 33840K, reserved 1079296K
  class space    used 3457K, capacity 3636K, committed 3712K, reserved 1048576K
Heap Regions: E=young(eden), S=young(survivor), O=old, HS=humongous(starts), HC=humongous(continues), CS=collection set, F=free, A=archive, TAMS=top-at-mark-start (previous, next)
|   0|0x0000000080000000, 0x0000000080100000, 0x0000000080100000|100%| O|  |TAMS 0x0000000080100000, 0x0000000080000000| Untracked 
|   1|0x0000000080100000, 0x0000000080200000, 0x0000000080200000|100%| O|  |TAMS 0x0000000080200000, 0x0000000080100000| Untracked 
|   2|0x0000000080200000, 0x0000000080300000, 0x0000000080300000|100%| O|  |TAMS 0x0000000080217e00, 0x0000000080200000| Untracked 
|   3|0x0000000080300000, 0x0000000080400000, 0x0000000080400000|100%| O|  |TAMS 0x0000000080300000, 0x0000000080300000| Untracked 
|   4|0x0000000080400000, 0x0000000080500000, 0x0000000080500000|100%| O|  |TAMS 0x0000000080400000, 0x0000000080400000| Untracked 
|   5|0x0000000080500000, 0x0000000080600000, 0x0000000080600000|100%| O|  |TAMS 0x0000000080500000, 0x0000000080500000| Untracked 
|   6|0x0000000080600000, 0x0000000080700000, 0x0000000080700000|100%| O|  |TAMS 0x0000000080600000, 0x0000000080600000| Untracked 
|   7|0x0000000080700000, 0x0000000080800000, 0x0000000080800000|100%| O|  |TAMS 0x0000000080700000, 0x0000000080700000| Untracked 
|   8|0x0000000080800000, 0x0000000080900000, 0x0000000080900000|100%| O|  |TAMS 0x0000000080800000, 0x0000000080800000| Untracked 
|   9|0x0000000080900000, 0x0000000080a00000, 0x0000000080a00000|100%| O|  |TAMS 0x0000000080900000, 0x0000000080900000| Untracked 
|  10|0x0000000080a00000, 0x0000000080b00000, 0x0000000080b00000|100%| O|  |TAMS 0x0000000080a00000, 0x0000000080a00000| Untracked 
|  11|0x0000000080b00000, 0x0000000080ba1400, 0x0000000080c00000| 62%| O|  |TAMS 0x0000000080b00000, 0x0000000080b00000| Untracked 
|  12|0x0000000080c00000, 0x0000000080c00000, 0x0000000080d00000|  0%| F|  |TAMS 0x0000000080c00000, 0x0000000080c00000| Untracked 
|  13|0x0000000080d00000, 0x0000000080d00000, 0x0000000080e00000|  0%| F|  |TAMS 0x0000000080d00000, 0x0000000080d00000| Untracked 
|  14|0x0000000080e00000, 0x0000000080e00000, 0x0000000080f00000|  0%| F|  |TAMS 0x0000000080e00000, 0x0000000080e00000| Untracked 
|  15|0x0000000080f00000, 0x0000000080f00000, 0x0000000081000000|  0%| F|  |TAMS 0x0000000080f00000, 0x0000000080f00000| Untracked 
|  16|0x0000000081000000, 0x0000000081000000, 0x0000000081100000|  0%| F|  |TAMS 0x0000000081000000, 0x0000000081000000| Untracked 
|  17|0x0000000081100000, 0x0000000081100000, 0x0000000081200000|  0%| F|  |TAMS 0x0000000081100000, 0x0000000081100000| Untracked 
|  18|0x0000000081200000, 0x0000000081200000, 0x0000000081300000|  0%| F|  |TAMS 0x0000000081200000, 0x0000000081200000| Untracked 
|  19|0x0000000081300000, 0x0000000081300000, 0x0000000081400000|  0%| F|  |TAMS 0x0000000081300000, 0x0000000081300000| Untracked 
|  20|0x0000000081400000, 0x0000000081400000, 0x0000000081500000|  0%| F|  |TAMS 0x0000000081400000, 0x0000000081400000| Untracked 
|  21|0x0000000081500000, 0x0000000081500000, 0x0000000081600000|  0%| F|  |TAMS 0x0000000081500000, 0x0000000081500000| Untracked 
|  22|0x0000000081600000, 0x0000000081600000, 0x0000000081700000|  0%| F|  |TAMS 0x0000000081600000, 0x0000000081600000| Untracked 
|  23|0x0000000081700000, 0x0000000081700000, 0x0000000081800000|  0%| F|  |TAMS 0x0000000081700000, 0x0000000081700000| Untracked 
|  24|0x0000000081800000, 0x0000000081800000, 0x0000000081900000|  0%| F|  |TAMS 0x0000000081800000, 0x0000000081800000| Untracked 
|  25|0x0000000081900000, 0x0000000081900000, 0x0000000081a00000|  0%| F|  |TAMS 0x0000000081900000, 0x0000000081900000| Untracked 
|  26|0x0000000081a00000, 0x0000000081a00000, 0x0000000081b00000|  0%| F|  |TAMS 0x0000000081a00000, 0x0000000081a00000| Untracked 
|  27|0x0000000081b00000, 0x0000000081b00000, 0x0000000081c00000|  0%| F|  |TAMS 0x0000000081b00000, 0x0000000081b00000| Untracked 
|  28|0x0000000081c00000, 0x0000000081c00000, 0x0000000081d00000|  0%| F|  |TAMS 0x0000000081c00000, 0x0000000081c00000| Untracked 
|  29|0x0000000081d00000, 0x0000000081d00000, 0x0000000081e00000|  0%| F|  |TAMS 0x0000000081d00000, 0x0000000081d00000| Untracked 
|  30|0x0000000081e00000, 0x0000000081e00000, 0x0000000081f00000|  0%| F|  |TAMS 0x0000000081e00000, 0x0000000081e00000| Untracked 
|  31|0x0000000081f00000, 0x0000000081f00000, 0x0000000082000000|  0%| F|  |TAMS 0x0000000081f00000, 0x0000000081f00000| Untracked 
|  32|0x0000000082000000, 0x0000000082000000, 0x0000000082100000|  0%| F|  |TAMS 0x0000000082000000, 0x0000000082000000| Untracked 
|  33|0x0000000082100000, 0x0000000082100000, 0x0000000082200000|  0%| F|  |TAMS 0x0000000082100000, 0x0000000082100000| Untracked 
|  34|0x0000000082200000, 0x0000000082200000, 0x0000000082300000|  0%| F|  |TAMS 0x0000000082200000, 0x0000000082200000| Untracked 
|  35|0x0000000082300000, 0x0000000082300000, 0x0000000082400000|  0%| F|  |TAMS 0x0000000082300000, 0x0000000082300000| Untracked 
|  36|0x0000000082400000, 0x0000000082400000, 0x0000000082500000|  0%| F|  |TAMS 0x0000000082400000, 0x0000000082400000| Untracked 
|  37|0x0000000082500000, 0x0000000082500000, 0x0000000082600000|  0%| F|  |TAMS 0x0000000082500000, 0x0000000082500000| Untracked 
|  38|0x0000000082600000, 0x0000000082600000, 0x0000000082700000|  0%| F|  |TAMS 0x0000000082600000, 0x0000000082600000| Untracked 
|  39|0x0000000082700000, 0x0000000082700000, 0x0000000082800000|  0%| F|  |TAMS 0x0000000082700000, 0x0000000082700000| Untracked 
|  40|0x0000000082800000, 0x0000000082800000, 0x0000000082900000|  0%| F|  |TAMS 0x0000000082800000, 0x0000000082800000| Untracked 
|  41|0x0000000082900000, 0x0000000082900000, 0x0000000082a00000|  0%| F|  |TAMS 0x0000000082900000, 0x0000000082900000| Untracked 
|  42|0x0000000082a00000, 0x0000000082a00000, 0x0000000082b00000|  0%| F|  |TAMS 0x0000000082a00000, 0x0000000082a00000| Untracked 
|  43|0x0000000082b00000, 0x0000000082b00000, 0x0000000082c00000|  0%| F|  |TAMS 0x0000000082b00000, 0x0000000082b00000| Untracked 
|  44|0x0000000082c00000, 0x0000000082c00000, 0x0000000082d00000|  0%| F|  |TAMS 0x0000000082c00000, 0x0000000082c00000| Untracked 
|  45|0x0000000082d00000, 0x0000000082d00000, 0x0000000082e00000|  0%| F|  |TAMS 0x0000000082d00000, 0x0000000082d00000| Untracked 
|  46|0x0000000082e00000, 0x0000000082e00000, 0x0000000082f00000|  0%| F|  |TAMS 0x0000000082e00000, 0x0000000082e00000| Untracked 
|  47|0x0000000082f00000, 0x0000000082f00000, 0x0000000083000000|  0%| F|  |TAMS 0x0000000082f00000, 0x0000000082f00000| Untracked 
|  48|0x0000000083000000, 0x0000000083000000, 0x0000000083100000|  0%| F|  |TAMS 0x0000000083000000, 0x0000000083000000| Untracked 
|  49|0x0000000083100000, 0x0000000083100000, 0x0000000083200000|  0%| F|  |TAMS 0x0000000083100000, 0x0000000083100000| Untracked 
|  50|0x0000000083200000, 0x0000000083200000, 0x0000000083300000|  0%| F|  |TAMS 0x0000000083200000, 0x0000000083200000| Untracked 
|  51|0x0000000083300000, 0x0000000083300000, 0x0000000083400000|  0%| F|  |TAMS 0x0000000083300000, 0x0000000083300000| Untracked 
|  52|0x0000000083400000, 0x0000000083400000, 0x0000000083500000|  0%| F|  |TAMS 0x0000000083400000, 0x0000000083400000| Untracked 
|  53|0x0000000083500000, 0x0000000083500000, 0x0000000083600000|  0%| F|  |TAMS 0x0000000083500000, 0x0000000083500000| Untracked 
|  54|0x0000000083600000, 0x0000000083600000, 0x0000000083700000|  0%| F|  |TAMS 0x0000000083600000, 0x0000000083600000| Untracked 
|  55|0x0000000083700000, 0x0000000083700000, 0x0000000083800000|  0%| F|  |TAMS 0x0000000083700000, 0x0000000083700000| Untracked 
|  56|0x0000000083800000, 0x00000000838ef710, 0x0000000083900000| 93%| S|CS|TAMS 0x0000000083800000, 0x0000000083800000| Complete 
|  57|0x0000000083900000, 0x0000000083a00000, 0x0000000083a00000|100%| S|CS|TAMS 0x0000000083900000, 0x0000000083900000| Complete 
|  58|0x0000000083a00000, 0x0000000083b00000, 0x0000000083b00000|100%| S|CS|TAMS 0x0000000083a00000, 0x0000000083a00000| Complete 
|  59|0x0000000083b00000, 0x0000000083c00000, 0x0000000083c00000|100%| S|CS|TAMS 0x0000000083b00000, 0x0000000083b00000| Complete 
|  60|0x0000000083c00000, 0x0000000083d00000, 0x0000000083d00000|100%| S|CS|TAMS 0x0000000083c00000, 0x0000000083c00000| Complete 
|  61|0x0000000083d00000, 0x0000000083e00000, 0x0000000083e00000|100%| S|CS|TAMS 0x0000000083d00000, 0x0000000083d00000| Complete 
|  62|0x0000000083e00000, 0x0000000083e00000, 0x0000000083f00000|  0%| F|  |TAMS 0x0000000083e00000, 0x0000000083e00000| Untracked 
|  63|0x0000000083f00000, 0x0000000083f00000, 0x0000000084000000|  0%| F|  |TAMS 0x0000000083f00000, 0x0000000083f00000| Untracked 
|  64|0x0000000084000000, 0x0000000084000000, 0x0000000084100000|  0%| F|  |TAMS 0x0000000084000000, 0x0000000084000000| Untracked 
|  65|0x0000000084100000, 0x0000000084100000, 0x0000000084200000|  0%| F|  |TAMS 0x0000000084100000, 0x0000000084100000| Untracked 
|  66|0x0000000084200000, 0x0000000084200000, 0x0000000084300000|  0%| F|  |TAMS 0x0000000084200000, 0x0000000084200000| Untracked 
|  67|0x0000000084300000, 0x0000000084300000, 0x0000000084400000|  0%| F|  |TAMS 0x0000000084300000, 0x0000000084300000| Untracked 
|  68|0x0000000084400000, 0x0000000084400000, 0x0000000084500000|  0%| F|  |TAMS 0x0000000084400000, 0x0000000084400000| Untracked 
|  69|0x0000000084500000, 0x0000000084500000, 0x0000000084600000|  0%| F|  |TAMS 0x0000000084500000, 0x0000000084500000| Untracked 
|  70|0x0000000084600000, 0x0000000084600000, 0x0000000084700000|  0%| F|  |TAMS 0x0000000084600000, 0x0000000084600000| Untracked 
|  71|0x0000000084700000, 0x0000000084700000, 0x0000000084800000|  0%| F|  |TAMS 0x0000000084700000, 0x0000000084700000| Untracked 
|  72|0x0000000084800000, 0x0000000084800000, 0x0000000084900000|  0%| F|  |TAMS 0x0000000084800000, 0x0000000084800000| Untracked 
|  73|0x0000000084900000, 0x0000000084900000, 0x0000000084a00000|  0%| F|  |TAMS 0x0000000084900000, 0x0000000084900000| Untracked 
|  74|0x0000000084a00000, 0x0000000084a00000, 0x0000000084b00000|  0%| F|  |TAMS 0x0000000084a00000, 0x0000000084a00000| Untracked 
|  75|0x0000000084b00000, 0x0000000084b00000, 0x0000000084c00000|  0%| F|  |TAMS 0x0000000084b00000, 0x0000000084b00000| Untracked 
|  76|0x0000000084c00000, 0x0000000084c00000, 0x0000000084d00000|  0%| F|  |TAMS 0x0000000084c00000, 0x0000000084c00000| Untracked 
|  77|0x0000000084d00000, 0x0000000084d00000, 0x0000000084e00000|  0%| F|  |TAMS 0x0000000084d00000, 0x0000000084d00000| Untracked 
|  78|0x0000000084e00000, 0x0000000084e00000, 0x0000000084f00000|  0%| F|  |TAMS 0x0000000084e00000, 0x0000000084e00000| Untracked 
|  79|0x0000000084f00000, 0x0000000084f00000, 0x0000000085000000|  0%| F|  |TAMS 0x0000000084f00000, 0x0000000084f00000| Untracked 
|  80|0x0000000085000000, 0x0000000085000000, 0x0000000085100000|  0%| F|  |TAMS 0x0000000085000000, 0x0000000085000000| Untracked 
|  81|0x0000000085100000, 0x0000000085100000, 0x0000000085200000|  0%| F|  |TAMS 0x0000000085100000, 0x0000000085100000| Untracked 
|  82|0x0000000085200000, 0x0000000085200000, 0x0000000085300000|  0%| F|  |TAMS 0x0000000085200000, 0x0000000085200000| Untracked 
|  83|0x0000000085300000, 0x0000000085300000, 0x0000000085400000|  0%| F|  |TAMS 0x0000000085300000, 0x0000000085300000| Untracked 
|  84|0x0000000085400000, 0x0000000085400000, 0x0000000085500000|  0%| F|  |TAMS 0x0000000085400000, 0x0000000085400000| Untracked 
|  85|0x0000000085500000, 0x0000000085500000, 0x0000000085600000|  0%| F|  |TAMS 0x0000000085500000, 0x0000000085500000| Untracked 
|  86|0x0000000085600000, 0x0000000085600000, 0x0000000085700000|  0%| F|  |TAMS 0x0000000085600000, 0x0000000085600000| Untracked 
|  87|0x0000000085700000, 0x0000000085700000, 0x0000000085800000|  0%| F|  |TAMS 0x0000000085700000, 0x0000000085700000| Untracked 
|  88|0x0000000085800000, 0x0000000085800000, 0x0000000085900000|  0%| F|  |TAMS 0x0000000085800000, 0x0000000085800000| Untracked 
|  89|0x0000000085900000, 0x0000000085900000, 0x0000000085a00000|  0%| F|  |TAMS 0x0000000085900000, 0x0000000085900000| Untracked 
|  90|0x0000000085a00000, 0x0000000085a00000, 0x0000000085b00000|  0%| F|  |TAMS 0x0000000085a00000, 0x0000000085a00000| Untracked 
|  91|0x0000000085b00000, 0x0000000085b00000, 0x0000000085c00000|  0%| F|  |TAMS 0x0000000085b00000, 0x0000000085b00000| Untracked 
|  92|0x0000000085c00000, 0x0000000085c00000, 0x0000000085d00000|  0%| F|  |TAMS 0x0000000085c00000, 0x0000000085c00000| Untracked 
|  93|0x0000000085d00000, 0x0000000085d00000, 0x0000000085e00000|  0%| F|  |TAMS 0x0000000085d00000, 0x0000000085d00000| Untracked 
|  94|0x0000000085e00000, 0x0000000085e00000, 0x0000000085f00000|  0%| F|  |TAMS 0x0000000085e00000, 0x0000000085e00000| Untracked 
|  95|0x0000000085f00000, 0x0000000085f00000, 0x0000000086000000|  0%| F|  |TAMS 0x0000000085f00000, 0x0000000085f00000| Untracked 
|  96|0x0000000086000000, 0x0000000086000000, 0x0000000086100000|  0%| F|  |TAMS 0x0000000086000000, 0x0000000086000000| Untracked 
|  97|0x0000000086100000, 0x0000000086100000, 0x0000000086200000|  0%| F|  |TAMS 0x0000000086100000, 0x0000000086100000| Untracked 
|  98|0x0000000086200000, 0x0000000086200000, 0x0000000086300000|  0%| F|  |TAMS 0x0000000086200000, 0x0000000086200000| Untracked 
|  99|0x0000000086300000, 0x0000000086300000, 0x0000000086400000|  0%| F|  |TAMS 0x0000000086300000, 0x0000000086300000| Untracked 
| 100|0x0000000086400000, 0x0000000086400000, 0x0000000086500000|  0%| F|  |TAMS 0x0000000086400000, 0x0000000086400000| Untracked 
| 101|0x0000000086500000, 0x0000000086500000, 0x0000000086600000|  0%| F|  |TAMS 0x0000000086500000, 0x0000000086500000| Untracked 
| 102|0x0000000086600000, 0x0000000086600000, 0x0000000086700000|  0%| F|  |TAMS 0x0000000086600000, 0x0000000086600000| Untracked 
| 103|0x0000000086700000, 0x0000000086700000, 0x0000000086800000|  0%| F|  |TAMS 0x0000000086700000, 0x0000000086700000| Untracked 
| 104|0x0000000086800000, 0x0000000086800000, 0x0000000086900000|  0%| F|  |TAMS 0x0000000086800000, 0x0000000086800000| Untracked 
| 105|0x0000000086900000, 0x0000000086900000, 0x0000000086a00000|  0%| F|  |TAMS 0x0000000086900000, 0x0000000086900000| Untracked 
| 106|0x0000000086a00000, 0x0000000086a00000, 0x0000000086b00000|  0%| F|  |TAMS 0x0000000086a00000, 0x0000000086a00000| Untracked 
| 107|0x0000000086b00000, 0x0000000086b00000, 0x0000000086c00000|  0%| F|  |TAMS 0x0000000086b00000, 0x0000000086b00000| Untracked 
| 108|0x0000000086c00000, 0x0000000086c80800, 0x0000000086d00000| 50%| E|  |TAMS 0x0000000086c00000, 0x0000000086c00000| Complete 
| 109|0x0000000086d00000, 0x0000000086e00000, 0x0000000086e00000|100%| E|CS|TAMS 0x0000000086d00000, 0x0000000086d00000| Complete 
| 110|0x0000000086e00000, 0x0000000086f00000, 0x0000000086f00000|100%| E|CS|TAMS 0x0000000086e00000, 0x0000000086e00000| Complete 
| 111|0x0000000086f00000, 0x0000000087000000, 0x0000000087000000|100%| E|CS|TAMS 0x0000000086f00000, 0x0000000086f00000| Complete 
| 112|0x0000000087000000, 0x0000000087100000, 0x0000000087100000|100%| E|CS|TAMS 0x0000000087000000, 0x0000000087000000| Complete 
| 113|0x0000000087100000, 0x0000000087200000, 0x0000000087200000|100%| E|CS|TAMS 0x0000000087100000, 0x0000000087100000| Complete 
| 114|0x0000000087200000, 0x0000000087300000, 0x0000000087300000|100%| E|CS|TAMS 0x0000000087200000, 0x0000000087200000| Complete 
| 115|0x0000000087300000, 0x0000000087400000, 0x0000000087400000|100%| E|CS|TAMS 0x0000000087300000, 0x0000000087300000| Complete 
| 116|0x0000000087400000, 0x0000000087500000, 0x0000000087500000|100%| E|CS|TAMS 0x0000000087400000, 0x0000000087400000| Complete 
| 117|0x0000000087500000, 0x0000000087600000, 0x0000000087600000|100%| E|CS|TAMS 0x0000000087500000, 0x0000000087500000| Complete 
| 118|0x0000000087600000, 0x0000000087700000, 0x0000000087700000|100%| E|CS|TAMS 0x0000000087600000, 0x0000000087600000| Complete 
| 119|0x0000000087700000, 0x0000000087800000, 0x0000000087800000|100%| E|CS|TAMS 0x0000000087700000, 0x0000000087700000| Complete 
| 120|0x0000000087800000, 0x0000000087900000, 0x0000000087900000|100%| E|CS|TAMS 0x0000000087800000, 0x0000000087800000| Complete 
| 121|0x0000000087900000, 0x0000000087a00000, 0x0000000087a00000|100%| E|CS|TAMS 0x0000000087900000, 0x0000000087900000| Complete 
| 122|0x0000000087a00000, 0x0000000087b00000, 0x0000000087b00000|100%| E|CS|TAMS 0x0000000087a00000, 0x0000000087a00000| Complete 
| 123|0x0000000087b00000, 0x0000000087c00000, 0x0000000087c00000|100%| E|CS|TAMS 0x0000000087b00000, 0x0000000087b00000| Complete 
| 124|0x0000000087c00000, 0x0000000087d00000, 0x0000000087d00000|100%| E|CS|TAMS 0x0000000087c00000, 0x0000000087c00000| Complete 
| 125|0x0000000087d00000, 0x0000000087e00000, 0x0000000087e00000|100%| E|CS|TAMS 0x0000000087d00000, 0x0000000087d00000| Complete 
| 126|0x0000000087e00000, 0x0000000087f00000, 0x0000000087f00000|100%| E|CS|TAMS 0x0000000087e00000, 0x0000000087e00000| Complete 
| 127|0x0000000087f00000, 0x0000000088000000, 0x0000000088000000|100%| E|CS|TAMS 0x0000000087f00000, 0x0000000087f00000| Complete 
| 128|0x0000000088000000, 0x0000000088100000, 0x0000000088100000|100%| E|CS|TAMS 0x0000000088000000, 0x0000000088000000| Complete 
| 129|0x0000000088100000, 0x0000000088200000, 0x0000000088200000|100%| E|CS|TAMS 0x0000000088100000, 0x0000000088100000| Complete 
| 130|0x0000000088200000, 0x0000000088300000, 0x0000000088300000|100%| E|CS|TAMS 0x0000000088200000, 0x0000000088200000| Complete 
| 131|0x0000000088300000, 0x0000000088400000, 0x0000000088400000|100%| E|CS|TAMS 0x0000000088300000, 0x0000000088300000| Complete 
| 132|0x0000000088400000, 0x0000000088500000, 0x0000000088500000|100%| E|CS|TAMS 0x0000000088400000, 0x0000000088400000| Complete 
| 133|0x0000000088500000, 0x0000000088600000, 0x0000000088600000|100%| E|CS|TAMS 0x0000000088500000, 0x0000000088500000| Complete 
| 134|0x0000000088600000, 0x0000000088700000, 0x0000000088700000|100%| E|CS|TAMS 0x0000000088600000, 0x0000000088600000| Complete 
| 135|0x0000000088700000, 0x0000000088800000, 0x0000000088800000|100%| E|CS|TAMS 0x0000000088700000, 0x0000000088700000| Complete 
| 136|0x0000000088800000, 0x0000000088900000, 0x0000000088900000|100%| E|CS|TAMS 0x0000000088800000, 0x0000000088800000| Complete 
| 137|0x0000000088900000, 0x0000000088a00000, 0x0000000088a00000|100%| E|CS|TAMS 0x0000000088900000, 0x0000000088900000| Complete 
| 138|0x0000000088a00000, 0x0000000088b00000, 0x0000000088b00000|100%| E|CS|TAMS 0x0000000088a00000, 0x0000000088a00000| Complete 
| 139|0x0000000088b00000, 0x0000000088c00000, 0x0000000088c00000|100%| E|CS|TAMS 0x0000000088b00000, 0x0000000088b00000| Complete 
| 140|0x0000000088c00000, 0x0000000088d00000, 0x0000000088d00000|100%| E|CS|TAMS 0x0000000088c00000, 0x0000000088c00000| Complete 
| 141|0x0000000088d00000, 0x0000000088e00000, 0x0000000088e00000|100%| E|CS|TAMS 0x0000000088d00000, 0x0000000088d00000| Complete 
| 142|0x0000000088e00000, 0x0000000088f00000, 0x0000000088f00000|100%| E|CS|TAMS 0x0000000088e00000, 0x0000000088e00000| Complete 
| 143|0x0000000088f00000, 0x0000000089000000, 0x0000000089000000|100%| E|CS|TAMS 0x0000000088f00000, 0x0000000088f00000| Complete 
| 144|0x0000000089000000, 0x0000000089100000, 0x0000000089100000|100%| E|CS|TAMS 0x0000000089000000, 0x0000000089000000| Complete 
| 145|0x0000000089100000, 0x0000000089200000, 0x0000000089200000|100%| E|CS|TAMS 0x0000000089100000, 0x0000000089100000| Complete 
| 146|0x0000000089200000, 0x0000000089300000, 0x0000000089300000|100%| E|CS|TAMS 0x0000000089200000, 0x0000000089200000| Complete 
| 147|0x0000000089300000, 0x0000000089400000, 0x0000000089400000|100%| E|CS|TAMS 0x0000000089300000, 0x0000000089300000| Complete 
| 148|0x0000000089400000, 0x0000000089500000, 0x0000000089500000|100%| E|CS|TAMS 0x0000000089400000, 0x0000000089400000| Complete 
| 149|0x0000000089500000, 0x0000000089600000, 0x0000000089600000|100%| E|CS|TAMS 0x0000000089500000, 0x0000000089500000| Complete 
| 150|0x0000000089600000, 0x0000000089700000, 0x0000000089700000|100%| E|CS|TAMS 0x0000000089600000, 0x0000000089600000| Complete 
| 151|0x0000000089700000, 0x0000000089800000, 0x0000000089800000|100%| E|CS|TAMS 0x0000000089700000, 0x0000000089700000| Complete 
| 152|0x0000000089800000, 0x0000000089900000, 0x0000000089900000|100%| E|CS|TAMS 0x0000000089800000, 0x0000000089800000| Complete 
| 153|0x0000000089900000, 0x0000000089a00000, 0x0000000089a00000|100%| E|CS|TAMS 0x0000000089900000, 0x0000000089900000| Complete 

Card table byte_map: [0x0000029a16f00000,0x0000029a17300000] _byte_map_base: 0x0000029a16b00000

Marking Bits (Prev, Next): (CMBitMap*) 0x0000029a00052b10, (CMBitMap*) 0x0000029a00052ad8
 Prev Bits: [0x0000029a19700000, 0x0000029a1b700000)
 Next Bits: [0x0000029a17700000, 0x0000029a19700000)

Polling page: 0x0000029a076d0000

Metaspace:

Usage:
  Non-class:     29.18 MB capacity,    28.79 MB ( 99%) used,   355.01 KB (  1%) free+waste,    43.00 KB ( <1%) overhead. 
      Class:      3.55 MB capacity,     3.38 MB ( 95%) used,   160.89 KB (  4%) free+waste,    17.25 KB ( <1%) overhead. 
       Both:     32.73 MB capacity,    32.17 MB ( 98%) used,   515.90 KB (  2%) free+waste,    60.25 KB ( <1%) overhead. 

Virtual space:
  Non-class space:       30.00 MB reserved,      29.42 MB ( 98%) committed 
      Class space:        1.00 GB reserved,       3.63 MB ( <1%) committed 
             Both:        1.03 GB reserved,      33.05 MB (  3%) committed 

Chunk freelists:
   Non-Class:  6.50 KB
       Class:  1.50 KB
        Both:  8.00 KB

CodeHeap 'non-profiled nmethods': size=120064Kb used=3007Kb max_used=3007Kb free=117056Kb
 bounds [0x0000029a0f1b0000, 0x0000029a0f4a0000, 0x0000029a166f0000]
CodeHeap 'profiled nmethods': size=120000Kb used=12910Kb max_used=12910Kb free=107089Kb
 bounds [0x0000029a07c80000, 0x0000029a08920000, 0x0000029a0f1b0000]
CodeHeap 'non-nmethods': size=5696Kb used=1165Kb max_used=1209Kb free=4530Kb
 bounds [0x0000029a076f0000, 0x0000029a07960000, 0x0000029a07c80000]
 total_blobs=6112 nmethods=5620 adapters=403
 compilation: enabled
              stopped_count=0, restarted_count=0
 full_count=0

Compilation events (10 events):
Event: 48.104 Thread 0x0000029a1db33000 5621       3       java.lang.NamedPackage::<init> (59 bytes)
Event: 48.105 Thread 0x0000029a1db33000 nmethod 5621 0x0000029a08911c90 code [0x0000029a08911f40, 0x0000029a08912c38]
Event: 48.107 Thread 0x0000029a1db33000 5622       3       sun.invoke.util.VerifyAccess::isTypeVisible (47 bytes)
Event: 48.107 Thread 0x0000029a1db33000 nmethod 5622 0x0000029a08913110 code [0x0000029a089132e0, 0x0000029a089136b8]
Event: 48.120 Thread 0x0000029a1db33000 5624       3       jdk.internal.jimage.ImageLocation::verifyName (187 bytes)
Event: 48.122 Thread 0x0000029a1db33000 nmethod 5624 0x0000029a08913890 code [0x0000029a08913be0, 0x0000029a089152d8]
Event: 48.130 Thread 0x0000029a1db33000 5625       3       java.lang.Byte::<init> (10 bytes)
Event: 48.130 Thread 0x0000029a1db33000 nmethod 5625 0x0000029a08915d90 code [0x0000029a08915f40, 0x0000029a089160f8]
Event: 48.130 Thread 0x0000029a1db33000 5626       3       jdk.internal.org.objectweb.asm.Label::resolve (214 bytes)
Event: 48.131 Thread 0x0000029a1db33000 nmethod 5626 0x0000029a08916210 code [0x0000029a089163e0, 0x0000029a08916858]

GC Heap History (10 events):
Event: 5.508 GC heap before
{Heap before GC invocations=4 (full 0):
 garbage-first heap   total 131072K, used 35158K [0x0000000080000000, 0x0000000100000000)
  region size 1024K, 33 young (33792K), 3 survivors (3072K)
 Metaspace       used 20231K, capacity 20591K, committed 20864K, reserved 1067008K
  class space    used 2184K, capacity 2315K, committed 2432K, reserved 1048576K
}
Event: 5.524 GC heap after
{Heap after GC invocations=5 (full 0):
 garbage-first heap   total 131072K, used 7177K [0x0000000080000000, 0x0000000100000000)
  region size 1024K, 5 young (5120K), 5 survivors (5120K)
 Metaspace       used 20231K, capacity 20591K, committed 20864K, reserved 1067008K
  class space    used 2184K, capacity 2315K, committed 2432K, reserved 1048576K
}
Event: 5.655 GC heap before
{Heap before GC invocations=5 (full 0):
 garbage-first heap   total 131072K, used 7177K [0x0000000080000000, 0x0000000100000000)
  region size 1024K, 6 young (6144K), 5 survivors (5120K)
 Metaspace       used 20800K, capacity 21167K, committed 21296K, reserved 1069056K
  class space    used 2241K, capacity 2379K, committed 2432K, reserved 1048576K
}
Event: 5.670 GC heap after
{Heap after GC invocations=6 (full 0):
 garbage-first heap   total 157696K, used 7263K [0x0000000080000000, 0x0000000100000000)
  region size 1024K, 5 young (5120K), 5 survivors (5120K)
 Metaspace       used 20800K, capacity 21167K, committed 21296K, reserved 1069056K
  class space    used 2241K, capacity 2379K, committed 2432K, reserved 1048576K
}
Event: 19.987 GC heap before
{Heap before GC invocations=7 (full 0):
 garbage-first heap   total 157696K, used 50271K [0x0000000080000000, 0x0000000100000000)
  region size 1024K, 47 young (48128K), 5 survivors (5120K)
 Metaspace       used 28313K, capacity 28752K, committed 28848K, reserved 1075200K
  class space    used 3094K, capacity 3238K, committed 3328K, reserved 1048576K
}
Event: 20.012 GC heap after
{Heap after GC invocations=8 (full 0):
 garbage-first heap   total 157696K, used 12880K [0x0000000080000000, 0x0000000100000000)
  region size 1024K, 6 young (6144K), 6 survivors (6144K)
 Metaspace       used 28313K, capacity 28752K, committed 28848K, reserved 1075200K
  class space    used 3094K, capacity 3238K, committed 3328K, reserved 1048576K
}
Event: 38.226 GC heap before
{Heap before GC invocations=8 (full 0):
 garbage-first heap   total 157696K, used 63056K [0x0000000080000000, 0x0000000100000000)
  region size 1024K, 55 young (56320K), 6 survivors (6144K)
 Metaspace       used 29300K, capacity 29760K, committed 29872K, reserved 1075200K
  class space    used 3127K, capacity 3274K, committed 3328K, reserved 1048576K
}
Event: 38.252 GC heap after
{Heap after GC invocations=9 (full 0):
 garbage-first heap   total 157696K, used 17014K [0x0000000080000000, 0x0000000100000000)
  region size 1024K, 5 young (5120K), 5 survivors (5120K)
 Metaspace       used 29300K, capacity 29760K, committed 29872K, reserved 1075200K
  class space    used 3127K, capacity 3274K, committed 3328K, reserved 1048576K
}
Event: 42.880 GC heap before
{Heap before GC invocations=9 (full 0):
 garbage-first heap   total 157696K, used 106102K [0x0000000080000000, 0x0000000100000000)
  region size 1024K, 92 young (94208K), 5 survivors (5120K)
 Metaspace       used 29980K, capacity 30462K, committed 30640K, reserved 1077248K
  class space    used 3185K, capacity 3315K, committed 3328K, reserved 1048576K
}
Event: 42.908 GC heap after
{Heap after GC invocations=10 (full 0):
 garbage-first heap   total 157696K, used 17986K [0x0000000080000000, 0x0000000100000000)
  region size 1024K, 6 young (6144K), 6 survivors (6144K)
 Metaspace       used 29980K, capacity 30462K, committed 30640K, reserved 1077248K
  class space    used 3185K, capacity 3315K, committed 3328K, reserved 1048576K
}

Deoptimization events (10 events):
Event: 43.129 Thread 0x0000029a00016000 Uncommon trap: reason=profile_predicate action=maybe_recompile pc=0x0000029a0f44ac6c method=java.util.concurrent.ConcurrentHashMap.putAll(Ljava/util/Map;)V @ 28 c2
Event: 43.130 Thread 0x0000029a00016000 Uncommon trap: reason=profile_predicate action=maybe_recompile pc=0x0000029a0f44ac6c method=java.util.concurrent.ConcurrentHashMap.putAll(Ljava/util/Map;)V @ 28 c2
Event: 44.359 Thread 0x0000029a00016000 Uncommon trap: reason=unstable_if action=reinterpret pc=0x0000029a0f3c12a0 method=org.apache.maven.model.merge.ModelMerger$MergingList.mergeAll(Ljava/util/Collection;Lorg/apache/maven/model/merge/ModelMerger$Remapping;)V @ 171 c2
Event: 44.982 Thread 0x0000029a1ec05800 Uncommon trap: reason=unstable_if action=reinterpret pc=0x0000029a0f3fcc78 method=java.text.DigitList.shouldRoundUp(IZZ)Z @ 283 c2
Event: 47.919 Thread 0x0000029a00016000 Uncommon trap: reason=unloaded action=reinterpret pc=0x0000029a0f1e869c method=java.util.jar.JarFile.checkForSpecialAttributes()V @ 99 c2
Event: 47.920 Thread 0x0000029a00016000 Uncommon trap: reason=unloaded action=reinterpret pc=0x0000029a0f1e5298 method=java.util.jar.JarFile.checkForSpecialAttributes()V @ 99 c2
Event: 47.922 Thread 0x0000029a00016000 Uncommon trap: reason=unstable_if action=reinterpret pc=0x0000029a0f1edc18 method=java.util.jar.JarFile.isMultiRelease()Z @ 4 c2
Event: 48.062 Thread 0x0000029a00016000 Uncommon trap: reason=unstable_if action=reinterpret pc=0x0000029a0f484acc method=java.util.regex.ASCII.isType(II)Z @ 6 c2
Event: 48.091 Thread 0x0000029a00016000 Uncommon trap: reason=unstable_if action=reinterpret pc=0x0000029a0f3fd150 method=java.lang.Long.numberOfTrailingZeros(J)I @ 44 c2
Event: 48.098 Thread 0x0000029a00016000 Uncommon trap: reason=unstable_if action=reinterpret pc=0x0000029a0f3e5954 method=java.util.Locale.hashCode()I @ 6 c2

Classes redefined (0 events):
No events

Internal exceptions (10 events):
Event: 47.475 Thread 0x0000029a00016000 Exception <a 'java/lang/NullPointerException'{0x00000000876ab400}> (0x00000000876ab400) thrown at [./open/src/hotspot/share/runtime/sharedRuntime.cpp, line 605]
Event: 47.475 Thread 0x0000029a00016000 Implicit null exception at 0x0000029a08439a7f to 0x0000029a0843ed2a
Event: 47.475 Thread 0x0000029a00016000 Exception <a 'java/lang/NullPointerException'{0x00000000876abf58}> (0x00000000876abf58) thrown at [./open/src/hotspot/share/runtime/sharedRuntime.cpp, line 605]
Event: 47.475 Thread 0x0000029a00016000 Implicit null exception at 0x0000029a08439a7f to 0x0000029a0843ed2a
Event: 47.475 Thread 0x0000029a00016000 Exception <a 'java/lang/NullPointerException'{0x00000000876ac4d0}> (0x00000000876ac4d0) thrown at [./open/src/hotspot/share/runtime/sharedRuntime.cpp, line 605]
Event: 47.475 Thread 0x0000029a00016000 Implicit null exception at 0x0000029a08439a7f to 0x0000029a0843ed2a
Event: 47.475 Thread 0x0000029a00016000 Exception <a 'java/lang/NullPointerException'{0x00000000876aca48}> (0x00000000876aca48) thrown at [./open/src/hotspot/share/runtime/sharedRuntime.cpp, line 605]
Event: 47.526 Thread 0x0000029a1ed67800 Exception <a 'java/net/SocketTimeoutException'{0x0000000087485798}: Read timed out> (0x0000000087485798) thrown at [./open/src/hotspot/share/prims/jni.cpp, line 632]
Event: 47.541 Thread 0x0000029a1e683000 Exception <a 'java/net/SocketTimeoutException'{0x0000000087505d08}: Read timed out> (0x0000000087505d08) thrown at [./open/src/hotspot/share/prims/jni.cpp, line 632]
Event: 47.541 Thread 0x0000029a1e683800 Exception <a 'java/net/SocketTimeoutException'{0x0000000087585dd8}: Read timed out> (0x0000000087585dd8) thrown at [./open/src/hotspot/share/prims/jni.cpp, line 632]

Events (10 events):
Event: 48.132 loading class com/sun/tools/javac/util/Options
Event: 48.132 loading class com/sun/tools/javac/util/Options done
Event: 48.132 loading class com/sun/tools/javac/util/Log
Event: 48.132 loading class com/sun/tools/javac/util/Log done
Event: 48.132 loading class javax/tools/StandardJavaFileManager
Event: 48.132 loading class javax/tools/StandardJavaFileManager done
Event: 48.132 loading class javax/tools/StandardJavaFileManager
Event: 48.132 loading class javax/tools/StandardJavaFileManager done
Event: 48.133 loading class sun/nio/fs/WindowsLinkSupport
Event: 48.134 loading class sun/nio/fs/WindowsLinkSupport done


Dynamic libraries:
0x00007ff7ce9e0000 - 0x00007ff7ce9ef000 	C:\Program Files\Java\jdk-11.0.16\bin\java.exe
0x00007fff5f470000 - 0x00007fff5f668000 	C:\Windows\SYSTEM32\ntdll.dll
0x00007fff5d500000 - 0x00007fff5d5bd000 	C:\Windows\System32\KERNEL32.DLL
0x00007fff5cc00000 - 0x00007fff5ced2000 	C:\Windows\System32\KERNELBASE.dll
0x00007fff5cf70000 - 0x00007fff5d070000 	C:\Windows\System32\ucrtbase.dll
0x00007fff4dd00000 - 0x00007fff4dd18000 	C:\Program Files\Java\jdk-11.0.16\bin\jli.dll
0x00007fff5db00000 - 0x00007fff5dbae000 	C:\Windows\System32\ADVAPI32.dll
0x00007fff5e940000 - 0x00007fff5e9de000 	C:\Windows\System32\msvcrt.dll
0x00007fff5da60000 - 0x00007fff5dafc000 	C:\Windows\System32\sechost.dll
0x00007fff5e300000 - 0x00007fff5e425000 	C:\Windows\System32\RPCRT4.dll
0x00007fff5e430000 - 0x00007fff5e5cd000 	C:\Windows\System32\USER32.dll
0x00007fff5cb80000 - 0x00007fff5cba2000 	C:\Windows\System32\win32u.dll
0x00007fff5d4d0000 - 0x00007fff5d4fb000 	C:\Windows\System32\GDI32.dll
0x00007fff5d3c0000 - 0x00007fff5d4cf000 	C:\Windows\System32\gdi32full.dll
0x00007fff5d2f0000 - 0x00007fff5d38d000 	C:\Windows\System32\msvcp_win.dll
0x00007fff4db30000 - 0x00007fff4db45000 	C:\Program Files\Java\jdk-11.0.16\bin\VCRUNTIME140.dll
0x00007fff3db10000 - 0x00007fff3ddaa000 	C:\Windows\WinSxS\amd64_microsoft.windows.common-controls_6595b64144ccf1df_6.0.19041.1110_none_60b5254171f9507e\COMCTL32.dll
0x00007fff531d0000 - 0x00007fff531da000 	C:\Windows\SYSTEM32\VERSION.dll
0x00007fff5e910000 - 0x00007fff5e940000 	C:\Windows\System32\IMM32.DLL
0x00007fff37bd0000 - 0x00007fff37c6b000 	C:\Program Files\Java\jdk-11.0.16\bin\msvcp140.dll
0x00007fff20d80000 - 0x00007fff21898000 	C:\Program Files\Java\jdk-11.0.16\bin\server\jvm.dll
0x00007fff5ebb0000 - 0x00007fff5ebb8000 	C:\Windows\System32\PSAPI.DLL
0x00007fff387c0000 - 0x00007fff387c9000 	C:\Windows\SYSTEM32\WSOCK32.dll
0x00007fff5e770000 - 0x00007fff5e7db000 	C:\Windows\System32\WS2_32.dll
0x00007fff35650000 - 0x00007fff35677000 	C:\Windows\SYSTEM32\WINMM.dll
0x00007fff5aa20000 - 0x00007fff5aa32000 	C:\Windows\SYSTEM32\kernel.appcore.dll
0x00007fff4dcf0000 - 0x00007fff4dd00000 	C:\Program Files\Java\jdk-11.0.16\bin\verify.dll
0x00007fff54710000 - 0x00007fff548f4000 	C:\Windows\SYSTEM32\DBGHELP.DLL
0x00007fff546e0000 - 0x00007fff5470c000 	C:\Windows\SYSTEM32\dbgcore.DLL
0x00007fff5cee0000 - 0x00007fff5cf62000 	C:\Windows\System32\bcryptPrimitives.dll
0x00007fff4db00000 - 0x00007fff4db28000 	C:\Program Files\Java\jdk-11.0.16\bin\java.dll
0x00007fff4d3a0000 - 0x00007fff4d3aa000 	C:\Program Files\Java\jdk-11.0.16\bin\jimage.dll
0x00007fff40f10000 - 0x00007fff40f26000 	C:\Program Files\Java\jdk-11.0.16\bin\zip.dll
0x00007fff5dbb0000 - 0x00007fff5e2f3000 	C:\Windows\System32\SHELL32.dll
0x00007fff5ac20000 - 0x00007fff5b3b1000 	C:\Windows\SYSTEM32\windows.storage.dll
0x00007fff5d700000 - 0x00007fff5da54000 	C:\Windows\System32\combase.dll
0x00007fff5c420000 - 0x00007fff5c450000 	C:\Windows\SYSTEM32\Wldp.dll
0x00007fff5eb00000 - 0x00007fff5ebad000 	C:\Windows\System32\SHCORE.dll
0x00007fff5e5e0000 - 0x00007fff5e635000 	C:\Windows\System32\shlwapi.dll
0x00007fff5cac0000 - 0x00007fff5cadf000 	C:\Windows\SYSTEM32\profapi.dll
0x00007fff40ef0000 - 0x00007fff40f09000 	C:\Program Files\Java\jdk-11.0.16\bin\net.dll
0x00007fff52ef0000 - 0x00007fff52ffd000 	C:\Windows\SYSTEM32\WINHTTP.dll
0x00007fff5c200000 - 0x00007fff5c26a000 	C:\Windows\system32\mswsock.dll
0x00007fff40e90000 - 0x00007fff40ea2000 	C:\Program Files\Java\jdk-11.0.16\bin\nio.dll
0x0000000069ac0000 - 0x0000000069ae4000 	C:\Users\sfjbs\Downloads\micro service-20221021T071039Z-001\micro service\apache-maven-3.8.5-bin\apache-maven-3.8.5\lib\jansi-native\Windows\x86_64\jansi.dll
0x00007fff40e00000 - 0x00007fff40e25000 	C:\Program Files\Java\jdk-11.0.16\bin\sunec.dll
0x00007fff5c460000 - 0x00007fff5c478000 	C:\Windows\SYSTEM32\CRYPTSP.dll
0x00007fff5bb40000 - 0x00007fff5bb74000 	C:\Windows\system32\rsaenh.dll
0x00007fff5d390000 - 0x00007fff5d3b7000 	C:\Windows\System32\bcrypt.dll
0x00007fff5ca40000 - 0x00007fff5ca6e000 	C:\Windows\SYSTEM32\USERENV.dll
0x00007fff5c390000 - 0x00007fff5c39c000 	C:\Windows\SYSTEM32\CRYPTBASE.dll
0x00007fff5bf10000 - 0x00007fff5bf4b000 	C:\Windows\SYSTEM32\IPHLPAPI.DLL
0x00007fff5d5c0000 - 0x00007fff5d5c8000 	C:\Windows\System32\NSI.dll
0x00007fff55ae0000 - 0x00007fff55af7000 	C:\Windows\SYSTEM32\dhcpcsvc6.DLL
0x00007fff55ac0000 - 0x00007fff55add000 	C:\Windows\SYSTEM32\dhcpcsvc.DLL
0x00007fff5bf50000 - 0x00007fff5c01a000 	C:\Windows\SYSTEM32\DNSAPI.dll
0x00007fff50f70000 - 0x00007fff50f7a000 	C:\Windows\System32\rasadhlp.dll
0x00007fff53a00000 - 0x00007fff53a80000 	C:\Windows\System32\fwpuclnt.dll
0x00007fff48060000 - 0x00007fff4806d000 	C:\Program Files\Java\jdk-11.0.16\bin\sunmscapi.dll
0x00007fff5d070000 - 0x00007fff5d1c6000 	C:\Windows\System32\CRYPT32.dll
0x00007fff5c570000 - 0x00007fff5c597000 	C:\Windows\SYSTEM32\ncrypt.dll
0x00007fff5c530000 - 0x00007fff5c56b000 	C:\Windows\SYSTEM32\NTASN1.dll

dbghelp: loaded successfully - version: 4.0.5 - missing functions: none
symbol engine: initialized successfully - sym options: 0x614 - pdb path: .;C:\Program Files\Java\jdk-11.0.16\bin;C:\Windows\SYSTEM32;C:\Windows\WinSxS\amd64_microsoft.windows.common-controls_6595b64144ccf1df_6.0.19041.1110_none_60b5254171f9507e;C:\Program Files\Java\jdk-11.0.16\bin\server;C:\Users\sfjbs\Downloads\micro service-20221021T071039Z-001\micro service\apache-maven-3.8.5-bin\apache-maven-3.8.5\lib\jansi-native\Windows\x86_64

VM Arguments:
jvm_args: -Dclassworlds.conf=C:\Users\sfjbs\Downloads\micro service-20221021T071039Z-001\micro service\apache-maven-3.8.5-bin\apache-maven-3.8.5\bin\m2.conf -Dmaven.home=C:\Users\sfjbs\Downloads\micro service-20221021T071039Z-001\micro service\apache-maven-3.8.5-bin\apache-maven-3.8.5 -Dlibrary.jansi.path=C:\Users\sfjbs\Downloads\micro service-20221021T071039Z-001\micro service\apache-maven-3.8.5-bin\apache-maven-3.8.5\lib\jansi-native -Dmaven.multiModuleProjectDirectory=C:\Users\sfjbs\IdeaProjects\oct31training\Aparna\Day4\Day4\spring-boot-app 
java_command: org.codehaus.plexus.classworlds.launcher.Launcher clean install
java_class_path (initial): C:\Users\sfjbs\Downloads\micro service-20221021T071039Z-001\micro service\apache-maven-3.8.5-bin\apache-maven-3.8.5\boot\plexus-classworlds-2.6.0.jar
Launcher Type: SUN_STANDARD

[Global flags]
     intx CICompilerCount                          = 2                                         {product} {ergonomic}
     uint ConcGCThreads                            = 1                                         {product} {ergonomic}
     uint G1ConcRefinementThreads                  = 2                                         {product} {ergonomic}
   size_t G1HeapRegionSize                         = 1048576                                   {product} {ergonomic}
    uintx GCDrainStackTargetSize                   = 64                                        {product} {ergonomic}
   size_t InitialHeapSize                          = 134217728                                 {product} {ergonomic}
   size_t MarkStackSize                            = 4194304                                   {product} {ergonomic}
   size_t MaxHeapSize                              = 2147483648                                {product} {ergonomic}
   size_t MaxNewSize                               = 1287651328                                {product} {ergonomic}
   size_t MinHeapDeltaBytes                        = 1048576                                   {product} {ergonomic}
    uintx NonNMethodCodeHeapSize                   = 5825164                                {pd product} {ergonomic}
    uintx NonProfiledCodeHeapSize                  = 122916538                              {pd product} {ergonomic}
    uintx ProfiledCodeHeapSize                     = 122916538                              {pd product} {ergonomic}
    uintx ReservedCodeCacheSize                    = 251658240                              {pd product} {ergonomic}
     bool SegmentedCodeCache                       = true                                      {product} {ergonomic}
     bool UseCompressedClassPointers               = true                                 {lp64_product} {ergonomic}
     bool UseCompressedOops                        = true                                 {lp64_product} {ergonomic}
     bool UseG1GC                                  = true                                      {product} {ergonomic}
     bool UseLargePagesIndividualAllocation        = false                                  {pd product} {ergonomic}

Logging:
Log output configuration:
 #0: stdout all=warning uptime,level,tags
 #1: stderr all=off uptime,level,tags

Environment Variables:
PATH=C:\Program Files\Common Files\Oracle\Java\javapath;C:\Windows\system32;C:\Windows;C:\Windows\System32\Wbem;C:\Windows\System32\WindowsPowerShell\v1.0\;C:\Windows\System32\OpenSSH\;C:\Users\sfjbs\Downloads\micro service-20221021T071039Z-001\micro service\apache-maven-3.8.5-bin\apache-maven-3.8.5\bin;C:\Users\sfjbs\Downloads\micro service-20221021T071039Z-001\micro service\apache-maven-3.8.5-bin\apache-maven-3.8.5\lib;C:\Program Files\Git\cmd;C:\Program Files\Docker\Docker\resources\bin;C:\Users\sfjbs\AppData\Local\Microsoft\WindowsApps;C:\Users\sfjbs\Downloads\micro service-20221021T071039Z-001\micro service\apache-maven-3.8.5-bin\apache-maven-3.8.5\bin;C:\Users\sfjbs\Downloads\micro service-20221021T071039Z-001\micro service\apache-maven-3.8.5-bin\apache-maven-3.8.5\lib;;C:\Program Files\JetBrains\IntelliJ IDEA Community Edition 2022.2.1\bin;
USERNAME=sfjbs
OS=Windows_NT
PROCESSOR_IDENTIFIER=Intel64 Family 6 Model 106 Stepping 6, GenuineIntel



---------------  S Y S T E M  ---------------

OS: Windows 10 , 64 bit Build 19041 (10.0.19041.1889)
Hyper-V role detected

CPU:total 2 (initial active 2) (1 cores per cpu, 2 threads per core) family 6 model 106 stepping 6 microcode 0xffffffff, cmov, cx8, fxsr, mmx, sse, sse2, sse3, ssse3, sse4.1, sse4.2, popcnt, avx, avx2, aes, clmul, erms, rtm, 3dnowpref, lzcnt, ht, tsc, bmi1, bmi2, adx, evex, fma

Memory: 4k page, system-wide physical 8190M (1168M free)
TotalPageFile size 10238M (AvailPageFile size 6M)
current process WorkingSet (physical memory assigned to process): 225M, peak: 225M
current process commit charge ("private bytes"): 297M, peak: 298M

vm_info: Java HotSpot(TM) 64-Bit Server VM (11.0.16+11-LTS-199) for windows-amd64 JRE (11.0.16+11-LTS-199), built on Jun 28 2022 08:23:17 by "mach5one" with MS VC++ 15.9 (VS2017)

END.
