#
# There is insufficient memory for the Java Runtime Environment to continue.
# Native memory allocation (malloc) failed to allocate 1245296 bytes for Chunk::new
# Possible reasons:
#   The system is out of physical RAM or swap space
#   The process is running with CompressedOops enabled, and the Java Heap may be blocking the growth of the native heap
# Possible solutions:
#   Reduce memory load on the system
#   Increase physical memory or swap space
#   Check if swap backing store is full
#   Decrease Java heap size (-Xmx/-Xms)
#   Decrease number of Java threads
#   Decrease Java thread stack sizes (-Xss)
#   Set larger code cache with -XX:ReservedCodeCacheSize=
#   JVM is running with Unscaled Compressed Oops mode in which the Java heap is
#     placed in the first 4GB address space. The Java Heap base address is the
#     maximum limit for the native heap growth. Please use -XX:HeapBaseMinAddress
#     to set the Java Heap base and to place the Java Heap above 4GB virtual address.
# This output file may be truncated or incomplete.
#
#  Out of Memory Error (./open/src/hotspot/share/memory/arena.cpp:197), pid=2216, tid=10236
#
# JRE version: Java(TM) SE Runtime Environment 18.9 (11.0.16+11) (build 11.0.16+11-LTS-199)
# Java VM: Java HotSpot(TM) 64-Bit Server VM 18.9 (11.0.16+11-LTS-199, mixed mode, tiered, compressed oops, g1 gc, windows-amd64)
# No core dump will be written. Minidumps are not enabled by default on client versions of Windows
#

---------------  S U M M A R Y ------------

Command Line: -ea -javaagent:C:\Users\sfjbs\AppData\Local\JetBrains\IdeaIC2022.2\testAgent\intellij-coverage-agent-1.0.673.jar=C:\Users\sfjbs\AppData\Local\Temp\coverage1args -Didea.new.sampling.coverage=true -Dcoverage.ignore.private.constructor.util.class=true -Didea.test.cyclic.buffer.size=1048576 -javaagent:C:\Program Files\JetBrains\IntelliJ IDEA Community Edition 2022.2.1\lib\idea_rt.jar=64898:C:\Program Files\JetBrains\IntelliJ IDEA Community Edition 2022.2.1\bin -Dfile.encoding=UTF-8 com.intellij.rt.junit.JUnitStarter -ideVersion5 -junit5 com.example.pensionManagementSystem.PensionManagementSystemApplicationTests

Host: Intel(R) Xeon(R) Platinum 8370C CPU @ 2.80GHz, 2 cores, 7G,  Windows 10 , 64 bit Build 19041 (10.0.19041.2251)
Time: Fri Nov 18 05:48:50 2022 Coordinated Universal Time elapsed time: 13.574570 seconds (0d 0h 0m 13s)

---------------  T H R E A D  ---------------

Current thread (0x0000021b26f23800):  JavaThread "C2 CompilerThread0" daemon [_thread_in_native, id=10236, stack(0x000000abfee00000,0x000000abfef00000)]


Current CompileTask:
C2:  13574 4755       4       org.springframework.core.annotation.TypeMappedAnnotations::scan (62 bytes)

Stack: [0x000000abfee00000,0x000000abfef00000]
Native frames: (J=compiled Java code, j=interpreted, Vv=VM code, C=native code)
V  [jvm.dll+0x62a3ea]
V  [jvm.dll+0x76418f]
V  [jvm.dll+0x765839]
V  [jvm.dll+0x765ec3]
V  [jvm.dll+0x23da98]
V  [jvm.dll+0xb2a1c]
V  [jvm.dll+0xb2fdc]
V  [jvm.dll+0x341442]
V  [jvm.dll+0x30ec83]
V  [jvm.dll+0x30dfca]
V  [jvm.dll+0x1f84a5]
V  [jvm.dll+0x1f768d]
V  [jvm.dll+0x177c81]
V  [jvm.dll+0x207006]
V  [jvm.dll+0x20519b]
V  [jvm.dll+0x729fa0]
V  [jvm.dll+0x722b74]
V  [jvm.dll+0x629286]
C  [ucrtbase.dll+0x21bb2]
C  [KERNEL32.DLL+0x174b4]
C  [ntdll.dll+0x526a1]


---------------  P R O C E S S  ---------------

Threads class SMR info:
_java_thread_list=0x0000021b2a128710, length=14, elements={
0x0000021b09c87800, 0x0000021b26f10800, 0x0000021b26f11800, 0x0000021b26f0c800,
0x0000021b27892800, 0x0000021b27893800, 0x0000021b26f23800, 0x0000021b26f27800,
0x0000021b26f2d000, 0x0000021b26e99000, 0x0000021b27ae6000, 0x0000021b2a033000,
0x0000021b2a756800, 0x0000021b28a65000
}

Java Threads: ( => current thread )
  0x0000021b09c87800 JavaThread "main" [_thread_in_vm, id=6700, stack(0x000000abfe100000,0x000000abfe200000)]
  0x0000021b26f10800 JavaThread "Reference Handler" daemon [_thread_blocked, id=10732, stack(0x000000abfe900000,0x000000abfea00000)]
  0x0000021b26f11800 JavaThread "Finalizer" daemon [_thread_blocked, id=7300, stack(0x000000abfea00000,0x000000abfeb00000)]
  0x0000021b26f0c800 JavaThread "Signal Dispatcher" daemon [_thread_blocked, id=8012, stack(0x000000abfeb00000,0x000000abfec00000)]
  0x0000021b27892800 JavaThread "Attach Listener" daemon [_thread_blocked, id=10640, stack(0x000000abfec00000,0x000000abfed00000)]
  0x0000021b27893800 JavaThread "Service Thread" daemon [_thread_blocked, id=11180, stack(0x000000abfed00000,0x000000abfee00000)]
=>0x0000021b26f23800 JavaThread "C2 CompilerThread0" daemon [_thread_in_native, id=10236, stack(0x000000abfee00000,0x000000abfef00000)]
  0x0000021b26f27800 JavaThread "C1 CompilerThread0" daemon [_thread_in_native, id=8036, stack(0x000000abfef00000,0x000000abff000000)]
  0x0000021b26f2d000 JavaThread "Sweeper thread" daemon [_thread_blocked, id=12156, stack(0x000000abff000000,0x000000abff100000)]
  0x0000021b26e99000 JavaThread "Common-Cleaner" daemon [_thread_blocked, id=9716, stack(0x000000abff100000,0x000000abff200000)]
  0x0000021b27ae6000 JavaThread "Monitor Ctrl-Break" daemon [_thread_in_native, id=2512, stack(0x000000abff200000,0x000000abff300000)]
  0x0000021b2a033000 JavaThread "mysql-cj-abandoned-connection-cleanup" daemon [_thread_blocked, id=8876, stack(0x000000abff500000,0x000000abff600000)]
  0x0000021b2a756800 JavaThread "HikariPool-1 housekeeper" daemon [_thread_blocked, id=712, stack(0x000000abff700000,0x000000abff800000)]
  0x0000021b28a65000 JavaThread "HikariPool-1 connection adder" daemon [_thread_in_native, id=8888, stack(0x000000abff800000,0x000000abff900000)]

Other Threads:
  0x0000021b26efd000 VMThread "VM Thread" [stack: 0x000000abfe800000,0x000000abfe900000] [id=9928]
  0x0000021b27afa000 WatcherThread [stack: 0x000000abff300000,0x000000abff400000] [id=11672]
  0x0000021b09c9c800 GCTaskThread "GC Thread#0" [stack: 0x000000abfe300000,0x000000abfe400000] [id=4876]
  0x0000021b27b80800 GCTaskThread "GC Thread#1" [stack: 0x000000abff400000,0x000000abff500000] [id=5824]
  0x0000021b09cce800 ConcurrentGCThread "G1 Main Marker" [stack: 0x000000abfe400000,0x000000abfe500000] [id=2644]
  0x0000021b09cd0800 ConcurrentGCThread "G1 Conc#0" [stack: 0x000000abfe500000,0x000000abfe600000] [id=1524]
  0x0000021b09d58800 ConcurrentGCThread "G1 Refine#0" [stack: 0x000000abfe600000,0x000000abfe700000] [id=4936]
  0x0000021b09d59800 ConcurrentGCThread "G1 Young RemSet Sampling" [stack: 0x000000abfe700000,0x000000abfe800000] [id=11892]

Threads with active compile tasks:
C2 CompilerThread0    13608 4755       4       org.springframework.core.annotation.TypeMappedAnnotations::scan (62 bytes)
C1 CompilerThread0    13608 4827       3       org.jetbrains.coverage.org.objectweb.asm.ClassReader::readCode (5089 bytes)

VM state:not at safepoint (normal execution)

VM Mutex/Monitor currently owned by a thread: None

Heap address: 0x0000000080000000, size: 2048 MB, Compressed Oops mode: 32-bit
Narrow klass base: 0x0000000000000000, Narrow klass shift: 3
Compressed class space size: 1073741824 Address: 0x0000000100000000

Heap:
 garbage-first heap   total 189440K, used 58657K [0x0000000080000000, 0x0000000100000000)
  region size 1024K, 44 young (45056K), 8 survivors (8192K)
 Metaspace       used 62656K, capacity 64359K, committed 64432K, reserved 1105920K
  class space    used 8087K, capacity 8809K, committed 8880K, reserved 1048576K
Heap Regions: E=young(eden), S=young(survivor), O=old, HS=humongous(starts), HC=humongous(continues), CS=collection set, F=free, A=archive, TAMS=top-at-mark-start (previous, next)
|   0|0x0000000080000000, 0x0000000080100000, 0x0000000080100000|100%|HS|  |TAMS 0x0000000080100000, 0x0000000080000000| Complete 
|   1|0x0000000080100000, 0x0000000080200000, 0x0000000080200000|100%| O|  |TAMS 0x0000000080200000, 0x0000000080100000| Untracked 
|   2|0x0000000080200000, 0x0000000080300000, 0x0000000080300000|100%| O|  |TAMS 0x0000000080300000, 0x0000000080200000| Untracked 
|   3|0x0000000080300000, 0x0000000080400000, 0x0000000080400000|100%| O|  |TAMS 0x0000000080400000, 0x0000000080300000| Untracked 
|   4|0x0000000080400000, 0x0000000080500000, 0x0000000080500000|100%| O|  |TAMS 0x0000000080500000, 0x0000000080400000| Untracked 
|   5|0x0000000080500000, 0x0000000080600000, 0x0000000080600000|100%| O|  |TAMS 0x0000000080600000, 0x0000000080500000| Untracked 
|   6|0x0000000080600000, 0x0000000080700000, 0x0000000080700000|100%| O|  |TAMS 0x0000000080700000, 0x0000000080600000| Untracked 
|   7|0x0000000080700000, 0x0000000080800000, 0x0000000080800000|100%| O|  |TAMS 0x0000000080800000, 0x0000000080700000| Untracked 
|   8|0x0000000080800000, 0x0000000080900000, 0x0000000080900000|100%| O|  |TAMS 0x0000000080900000, 0x0000000080800000| Untracked 
|   9|0x0000000080900000, 0x0000000080a00000, 0x0000000080a00000|100%| O|  |TAMS 0x0000000080a00000, 0x0000000080900000| Untracked 
|  10|0x0000000080a00000, 0x0000000080b00000, 0x0000000080b00000|100%| O|  |TAMS 0x0000000080b00000, 0x0000000080a00000| Untracked 
|  11|0x0000000080b00000, 0x0000000080c00000, 0x0000000080c00000|100%| O|  |TAMS 0x0000000080c00000, 0x0000000080b00000| Untracked 
|  12|0x0000000080c00000, 0x0000000080d00000, 0x0000000080d00000|100%| O|  |TAMS 0x0000000080d00000, 0x0000000080c00000| Untracked 
|  13|0x0000000080d00000, 0x0000000080e00000, 0x0000000080e00000|100%| O|  |TAMS 0x0000000080e00000, 0x0000000080d00000| Untracked 
|  14|0x0000000080e00000, 0x0000000080e48400, 0x0000000080f00000| 28%| O|  |TAMS 0x0000000080e48400, 0x0000000080e00000| Untracked 
|  15|0x0000000080f00000, 0x0000000080f00000, 0x0000000081000000|  0%| F|  |TAMS 0x0000000080f00000, 0x0000000080f00000| Untracked 
|  16|0x0000000081000000, 0x0000000081000000, 0x0000000081100000|  0%| F|  |TAMS 0x0000000081000000, 0x0000000081000000| Untracked 
|  17|0x0000000081100000, 0x0000000081100000, 0x0000000081200000|  0%| F|  |TAMS 0x0000000081100000, 0x0000000081100000| Untracked 
|  18|0x0000000081200000, 0x0000000081200000, 0x0000000081300000|  0%| F|  |TAMS 0x0000000081200000, 0x0000000081200000| Untracked 
|  19|0x0000000081300000, 0x0000000081300000, 0x0000000081400000|  0%| F|  |TAMS 0x0000000081300000, 0x0000000081300000| Untracked 
|  20|0x0000000081400000, 0x0000000081400000, 0x0000000081500000|  0%| F|  |TAMS 0x0000000081400000, 0x0000000081400000| Untracked 
|  21|0x0000000081500000, 0x0000000081500000, 0x0000000081600000|  0%| F|  |TAMS 0x0000000081500000, 0x0000000081500000| Untracked 
|  22|0x0000000081600000, 0x0000000081600000, 0x0000000081700000|  0%| F|  |TAMS 0x0000000081600000, 0x0000000081600000| Untracked 
|  23|0x0000000081700000, 0x0000000081700000, 0x0000000081800000|  0%| F|  |TAMS 0x0000000081700000, 0x0000000081700000| Untracked 
|  24|0x0000000081800000, 0x0000000081800000, 0x0000000081900000|  0%| F|  |TAMS 0x0000000081800000, 0x0000000081800000| Untracked 
|  25|0x0000000081900000, 0x0000000081900000, 0x0000000081a00000|  0%| F|  |TAMS 0x0000000081900000, 0x0000000081900000| Untracked 
|  26|0x0000000081a00000, 0x0000000081a00000, 0x0000000081b00000|  0%| F|  |TAMS 0x0000000081a00000, 0x0000000081a00000| Untracked 
|  27|0x0000000081b00000, 0x0000000081b00000, 0x0000000081c00000|  0%| F|  |TAMS 0x0000000081b00000, 0x0000000081b00000| Untracked 
|  28|0x0000000081c00000, 0x0000000081c00000, 0x0000000081d00000|  0%| F|  |TAMS 0x0000000081c00000, 0x0000000081c00000| Untracked 
|  29|0x0000000081d00000, 0x0000000081d00000, 0x0000000081e00000|  0%| F|  |TAMS 0x0000000081d00000, 0x0000000081d00000| Untracked 
|  30|0x0000000081e00000, 0x0000000081e00000, 0x0000000081f00000|  0%| F|  |TAMS 0x0000000081e00000, 0x0000000081e00000| Untracked 
|  31|0x0000000081f00000, 0x0000000081f00000, 0x0000000082000000|  0%| F|  |TAMS 0x0000000081f00000, 0x0000000081f00000| Untracked 
|  32|0x0000000082000000, 0x0000000082000000, 0x0000000082100000|  0%| F|  |TAMS 0x0000000082000000, 0x0000000082000000| Untracked 
|  33|0x0000000082100000, 0x0000000082100000, 0x0000000082200000|  0%| F|  |TAMS 0x0000000082100000, 0x0000000082100000| Untracked 
|  34|0x0000000082200000, 0x0000000082200000, 0x0000000082300000|  0%| F|  |TAMS 0x0000000082200000, 0x0000000082200000| Untracked 
|  35|0x0000000082300000, 0x0000000082300000, 0x0000000082400000|  0%| F|  |TAMS 0x0000000082300000, 0x0000000082300000| Untracked 
|  36|0x0000000082400000, 0x0000000082400000, 0x0000000082500000|  0%| F|  |TAMS 0x0000000082400000, 0x0000000082400000| Untracked 
|  37|0x0000000082500000, 0x0000000082500000, 0x0000000082600000|  0%| F|  |TAMS 0x0000000082500000, 0x0000000082500000| Untracked 
|  38|0x0000000082600000, 0x0000000082600000, 0x0000000082700000|  0%| F|  |TAMS 0x0000000082600000, 0x0000000082600000| Untracked 
|  39|0x0000000082700000, 0x0000000082700000, 0x0000000082800000|  0%| F|  |TAMS 0x0000000082700000, 0x0000000082700000| Untracked 
|  40|0x0000000082800000, 0x0000000082800000, 0x0000000082900000|  0%| F|  |TAMS 0x0000000082800000, 0x0000000082800000| Untracked 
|  41|0x0000000082900000, 0x0000000082900000, 0x0000000082a00000|  0%| F|  |TAMS 0x0000000082900000, 0x0000000082900000| Untracked 
|  42|0x0000000082a00000, 0x0000000082a00000, 0x0000000082b00000|  0%| F|  |TAMS 0x0000000082a00000, 0x0000000082a00000| Untracked 
|  43|0x0000000082b00000, 0x0000000082b00000, 0x0000000082c00000|  0%| F|  |TAMS 0x0000000082b00000, 0x0000000082b00000| Untracked 
|  44|0x0000000082c00000, 0x0000000082c00000, 0x0000000082d00000|  0%| F|  |TAMS 0x0000000082c00000, 0x0000000082c00000| Untracked 
|  45|0x0000000082d00000, 0x0000000082d00000, 0x0000000082e00000|  0%| F|  |TAMS 0x0000000082d00000, 0x0000000082d00000| Untracked 
|  46|0x0000000082e00000, 0x0000000082e00000, 0x0000000082f00000|  0%| F|  |TAMS 0x0000000082e00000, 0x0000000082e00000| Untracked 
|  47|0x0000000082f00000, 0x0000000082f00000, 0x0000000083000000|  0%| F|  |TAMS 0x0000000082f00000, 0x0000000082f00000| Untracked 
|  48|0x0000000083000000, 0x0000000083000000, 0x0000000083100000|  0%| F|  |TAMS 0x0000000083000000, 0x0000000083000000| Untracked 
|  49|0x0000000083100000, 0x0000000083100000, 0x0000000083200000|  0%| F|  |TAMS 0x0000000083100000, 0x0000000083100000| Untracked 
|  50|0x0000000083200000, 0x0000000083200000, 0x0000000083300000|  0%| F|  |TAMS 0x0000000083200000, 0x0000000083200000| Untracked 
|  51|0x0000000083300000, 0x0000000083300000, 0x0000000083400000|  0%| F|  |TAMS 0x0000000083300000, 0x0000000083300000| Untracked 
|  52|0x0000000083400000, 0x0000000083400000, 0x0000000083500000|  0%| F|  |TAMS 0x0000000083400000, 0x0000000083400000| Untracked 
|  53|0x0000000083500000, 0x0000000083500000, 0x0000000083600000|  0%| F|  |TAMS 0x0000000083500000, 0x0000000083500000| Untracked 
|  54|0x0000000083600000, 0x0000000083600000, 0x0000000083700000|  0%| F|  |TAMS 0x0000000083600000, 0x0000000083600000| Untracked 
|  55|0x0000000083700000, 0x0000000083700000, 0x0000000083800000|  0%| F|  |TAMS 0x0000000083700000, 0x0000000083700000| Untracked 
|  56|0x0000000083800000, 0x0000000083800000, 0x0000000083900000|  0%| F|  |TAMS 0x0000000083800000, 0x0000000083800000| Untracked 
|  57|0x0000000083900000, 0x0000000083900000, 0x0000000083a00000|  0%| F|  |TAMS 0x0000000083900000, 0x0000000083900000| Untracked 
|  58|0x0000000083a00000, 0x0000000083a00000, 0x0000000083b00000|  0%| F|  |TAMS 0x0000000083a00000, 0x0000000083a00000| Untracked 
|  59|0x0000000083b00000, 0x0000000083b00000, 0x0000000083c00000|  0%| F|  |TAMS 0x0000000083b00000, 0x0000000083b00000| Untracked 
|  60|0x0000000083c00000, 0x0000000083c00000, 0x0000000083d00000|  0%| F|  |TAMS 0x0000000083c00000, 0x0000000083c00000| Untracked 
|  61|0x0000000083d00000, 0x0000000083d00000, 0x0000000083e00000|  0%| F|  |TAMS 0x0000000083d00000, 0x0000000083d00000| Untracked 
|  62|0x0000000083e00000, 0x0000000083e00000, 0x0000000083f00000|  0%| F|  |TAMS 0x0000000083e00000, 0x0000000083e00000| Untracked 
|  63|0x0000000083f00000, 0x0000000083f00000, 0x0000000084000000|  0%| F|  |TAMS 0x0000000083f00000, 0x0000000083f00000| Untracked 
|  64|0x0000000084000000, 0x0000000084000000, 0x0000000084100000|  0%| F|  |TAMS 0x0000000084000000, 0x0000000084000000| Untracked 
|  65|0x0000000084100000, 0x0000000084100000, 0x0000000084200000|  0%| F|  |TAMS 0x0000000084100000, 0x0000000084100000| Untracked 
|  66|0x0000000084200000, 0x0000000084200000, 0x0000000084300000|  0%| F|  |TAMS 0x0000000084200000, 0x0000000084200000| Untracked 
|  67|0x0000000084300000, 0x0000000084300000, 0x0000000084400000|  0%| F|  |TAMS 0x0000000084300000, 0x0000000084300000| Untracked 
|  68|0x0000000084400000, 0x0000000084400000, 0x0000000084500000|  0%| F|  |TAMS 0x0000000084400000, 0x0000000084400000| Untracked 
|  69|0x0000000084500000, 0x0000000084500000, 0x0000000084600000|  0%| F|  |TAMS 0x0000000084500000, 0x0000000084500000| Untracked 
|  70|0x0000000084600000, 0x0000000084600000, 0x0000000084700000|  0%| F|  |TAMS 0x0000000084600000, 0x0000000084600000| Untracked 
|  71|0x0000000084700000, 0x0000000084700000, 0x0000000084800000|  0%| F|  |TAMS 0x0000000084700000, 0x0000000084700000| Untracked 
|  72|0x0000000084800000, 0x0000000084800000, 0x0000000084900000|  0%| F|  |TAMS 0x0000000084800000, 0x0000000084800000| Untracked 
|  73|0x0000000084900000, 0x0000000084900000, 0x0000000084a00000|  0%| F|  |TAMS 0x0000000084900000, 0x0000000084900000| Untracked 
|  74|0x0000000084a00000, 0x0000000084a00000, 0x0000000084b00000|  0%| F|  |TAMS 0x0000000084a00000, 0x0000000084a00000| Untracked 
|  75|0x0000000084b00000, 0x0000000084b00000, 0x0000000084c00000|  0%| F|  |TAMS 0x0000000084b00000, 0x0000000084b00000| Untracked 
|  76|0x0000000084c00000, 0x0000000084c00000, 0x0000000084d00000|  0%| F|  |TAMS 0x0000000084c00000, 0x0000000084c00000| Untracked 
|  77|0x0000000084d00000, 0x0000000084d00000, 0x0000000084e00000|  0%| F|  |TAMS 0x0000000084d00000, 0x0000000084d00000| Untracked 
|  78|0x0000000084e00000, 0x0000000084e00000, 0x0000000084f00000|  0%| F|  |TAMS 0x0000000084e00000, 0x0000000084e00000| Untracked 
|  79|0x0000000084f00000, 0x0000000084f00000, 0x0000000085000000|  0%| F|  |TAMS 0x0000000084f00000, 0x0000000084f00000| Untracked 
|  80|0x0000000085000000, 0x0000000085000000, 0x0000000085100000|  0%| F|  |TAMS 0x0000000085000000, 0x0000000085000000| Untracked 
|  81|0x0000000085100000, 0x0000000085100000, 0x0000000085200000|  0%| F|  |TAMS 0x0000000085100000, 0x0000000085100000| Untracked 
|  82|0x0000000085200000, 0x0000000085200000, 0x0000000085300000|  0%| F|  |TAMS 0x0000000085200000, 0x0000000085200000| Untracked 
|  83|0x0000000085300000, 0x0000000085300000, 0x0000000085400000|  0%| F|  |TAMS 0x0000000085300000, 0x0000000085300000| Untracked 
|  84|0x0000000085400000, 0x0000000085400000, 0x0000000085500000|  0%| F|  |TAMS 0x0000000085400000, 0x0000000085400000| Untracked 
|  85|0x0000000085500000, 0x0000000085500000, 0x0000000085600000|  0%| F|  |TAMS 0x0000000085500000, 0x0000000085500000| Untracked 
|  86|0x0000000085600000, 0x0000000085600000, 0x0000000085700000|  0%| F|  |TAMS 0x0000000085600000, 0x0000000085600000| Untracked 
|  87|0x0000000085700000, 0x0000000085700000, 0x0000000085800000|  0%| F|  |TAMS 0x0000000085700000, 0x0000000085700000| Untracked 
|  88|0x0000000085800000, 0x0000000085800000, 0x0000000085900000|  0%| F|  |TAMS 0x0000000085800000, 0x0000000085800000| Untracked 
|  89|0x0000000085900000, 0x0000000085900000, 0x0000000085a00000|  0%| F|  |TAMS 0x0000000085900000, 0x0000000085900000| Untracked 
|  90|0x0000000085a00000, 0x0000000085a00000, 0x0000000085b00000|  0%| F|  |TAMS 0x0000000085a00000, 0x0000000085a00000| Untracked 
|  91|0x0000000085b00000, 0x0000000085b00000, 0x0000000085c00000|  0%| F|  |TAMS 0x0000000085b00000, 0x0000000085b00000| Untracked 
|  92|0x0000000085c00000, 0x0000000085c00000, 0x0000000085d00000|  0%| F|  |TAMS 0x0000000085c00000, 0x0000000085c00000| Untracked 
|  93|0x0000000085d00000, 0x0000000085d00000, 0x0000000085e00000|  0%| F|  |TAMS 0x0000000085d00000, 0x0000000085d00000| Untracked 
|  94|0x0000000085e00000, 0x0000000085e00000, 0x0000000085f00000|  0%| F|  |TAMS 0x0000000085e00000, 0x0000000085e00000| Untracked 
|  95|0x0000000085f00000, 0x0000000085f00000, 0x0000000086000000|  0%| F|  |TAMS 0x0000000085f00000, 0x0000000085f00000| Untracked 
|  96|0x0000000086000000, 0x0000000086000000, 0x0000000086100000|  0%| F|  |TAMS 0x0000000086000000, 0x0000000086000000| Untracked 
|  97|0x0000000086100000, 0x0000000086100000, 0x0000000086200000|  0%| F|  |TAMS 0x0000000086100000, 0x0000000086100000| Untracked 
|  98|0x0000000086200000, 0x0000000086200000, 0x0000000086300000|  0%| F|  |TAMS 0x0000000086200000, 0x0000000086200000| Untracked 
|  99|0x0000000086300000, 0x0000000086300000, 0x0000000086400000|  0%| F|  |TAMS 0x0000000086300000, 0x0000000086300000| Untracked 
| 100|0x0000000086400000, 0x0000000086400000, 0x0000000086500000|  0%| F|  |TAMS 0x0000000086400000, 0x0000000086400000| Untracked 
| 101|0x0000000086500000, 0x0000000086500000, 0x0000000086600000|  0%| F|  |TAMS 0x0000000086500000, 0x0000000086500000| Untracked 
| 102|0x0000000086600000, 0x0000000086600000, 0x0000000086700000|  0%| F|  |TAMS 0x0000000086600000, 0x0000000086600000| Untracked 
| 103|0x0000000086700000, 0x0000000086700000, 0x0000000086800000|  0%| F|  |TAMS 0x0000000086700000, 0x0000000086700000| Untracked 
| 104|0x0000000086800000, 0x0000000086800000, 0x0000000086900000|  0%| F|  |TAMS 0x0000000086800000, 0x0000000086800000| Untracked 
| 105|0x0000000086900000, 0x0000000086900000, 0x0000000086a00000|  0%| F|  |TAMS 0x0000000086900000, 0x0000000086900000| Untracked 
| 106|0x0000000086a00000, 0x0000000086a00000, 0x0000000086b00000|  0%| F|  |TAMS 0x0000000086a00000, 0x0000000086a00000| Untracked 
| 107|0x0000000086b00000, 0x0000000086b00000, 0x0000000086c00000|  0%| F|  |TAMS 0x0000000086b00000, 0x0000000086b00000| Untracked 
| 108|0x0000000086c00000, 0x0000000086c00000, 0x0000000086d00000|  0%| F|  |TAMS 0x0000000086c00000, 0x0000000086c00000| Untracked 
| 109|0x0000000086d00000, 0x0000000086d00000, 0x0000000086e00000|  0%| F|  |TAMS 0x0000000086d00000, 0x0000000086d00000| Untracked 
| 110|0x0000000086e00000, 0x0000000086e00000, 0x0000000086f00000|  0%| F|  |TAMS 0x0000000086e00000, 0x0000000086e00000| Untracked 
| 111|0x0000000086f00000, 0x0000000086f00000, 0x0000000087000000|  0%| F|  |TAMS 0x0000000086f00000, 0x0000000086f00000| Untracked 
| 112|0x0000000087000000, 0x0000000087000000, 0x0000000087100000|  0%| F|  |TAMS 0x0000000087000000, 0x0000000087000000| Untracked 
| 113|0x0000000087100000, 0x0000000087100000, 0x0000000087200000|  0%| F|  |TAMS 0x0000000087100000, 0x0000000087100000| Untracked 
| 114|0x0000000087200000, 0x0000000087200000, 0x0000000087300000|  0%| F|  |TAMS 0x0000000087200000, 0x0000000087200000| Untracked 
| 115|0x0000000087300000, 0x0000000087300000, 0x0000000087400000|  0%| F|  |TAMS 0x0000000087300000, 0x0000000087300000| Untracked 
| 116|0x0000000087400000, 0x0000000087400000, 0x0000000087500000|  0%| F|  |TAMS 0x0000000087400000, 0x0000000087400000| Untracked 
| 117|0x0000000087500000, 0x0000000087500000, 0x0000000087600000|  0%| F|  |TAMS 0x0000000087500000, 0x0000000087500000| Untracked 
| 118|0x0000000087600000, 0x0000000087600000, 0x0000000087700000|  0%| F|  |TAMS 0x0000000087600000, 0x0000000087600000| Untracked 
| 119|0x0000000087700000, 0x0000000087700000, 0x0000000087800000|  0%| F|  |TAMS 0x0000000087700000, 0x0000000087700000| Untracked 
| 120|0x0000000087800000, 0x0000000087800000, 0x0000000087900000|  0%| F|  |TAMS 0x0000000087800000, 0x0000000087800000| Untracked 
| 121|0x0000000087900000, 0x0000000087900000, 0x0000000087a00000|  0%| F|  |TAMS 0x0000000087900000, 0x0000000087900000| Untracked 
| 122|0x0000000087a00000, 0x0000000087a00000, 0x0000000087b00000|  0%| F|  |TAMS 0x0000000087a00000, 0x0000000087a00000| Untracked 
| 123|0x0000000087b00000, 0x0000000087b00000, 0x0000000087c00000|  0%| F|  |TAMS 0x0000000087b00000, 0x0000000087b00000| Untracked 
| 124|0x0000000087c00000, 0x0000000087c00000, 0x0000000087d00000|  0%| F|  |TAMS 0x0000000087c00000, 0x0000000087c00000| Untracked 
| 125|0x0000000087d00000, 0x0000000087d00000, 0x0000000087e00000|  0%| F|  |TAMS 0x0000000087d00000, 0x0000000087d00000| Untracked 
| 126|0x0000000087e00000, 0x0000000087e00000, 0x0000000087f00000|  0%| F|  |TAMS 0x0000000087e00000, 0x0000000087e00000| Untracked 
| 127|0x0000000087f00000, 0x0000000087f00000, 0x0000000088000000|  0%| F|  |TAMS 0x0000000087f00000, 0x0000000087f00000| Untracked 
| 128|0x0000000088000000, 0x0000000088000000, 0x0000000088100000|  0%| F|  |TAMS 0x0000000088000000, 0x0000000088000000| Untracked 
| 129|0x0000000088100000, 0x0000000088100000, 0x0000000088200000|  0%| F|  |TAMS 0x0000000088100000, 0x0000000088100000| Untracked 
| 130|0x0000000088200000, 0x0000000088200000, 0x0000000088300000|  0%| F|  |TAMS 0x0000000088200000, 0x0000000088200000| Untracked 
| 131|0x0000000088300000, 0x0000000088300000, 0x0000000088400000|  0%| F|  |TAMS 0x0000000088300000, 0x0000000088300000| Untracked 
| 132|0x0000000088400000, 0x0000000088400000, 0x0000000088500000|  0%| F|  |TAMS 0x0000000088400000, 0x0000000088400000| Untracked 
| 133|0x0000000088500000, 0x0000000088500000, 0x0000000088600000|  0%| F|  |TAMS 0x0000000088500000, 0x0000000088500000| Untracked 
| 134|0x0000000088600000, 0x0000000088600000, 0x0000000088700000|  0%| F|  |TAMS 0x0000000088600000, 0x0000000088600000| Untracked 
| 135|0x0000000088700000, 0x0000000088700000, 0x0000000088800000|  0%| F|  |TAMS 0x0000000088700000, 0x0000000088700000| Untracked 
| 136|0x0000000088800000, 0x0000000088800000, 0x0000000088900000|  0%| F|  |TAMS 0x0000000088800000, 0x0000000088800000| Untracked 
| 137|0x0000000088900000, 0x0000000088900000, 0x0000000088a00000|  0%| F|  |TAMS 0x0000000088900000, 0x0000000088900000| Untracked 
| 138|0x0000000088a00000, 0x0000000088a00000, 0x0000000088b00000|  0%| F|  |TAMS 0x0000000088a00000, 0x0000000088a00000| Untracked 
| 139|0x0000000088b00000, 0x0000000088b00000, 0x0000000088c00000|  0%| F|  |TAMS 0x0000000088b00000, 0x0000000088b00000| Untracked 
| 140|0x0000000088c00000, 0x0000000088c00000, 0x0000000088d00000|  0%| F|  |TAMS 0x0000000088c00000, 0x0000000088c00000| Untracked 
| 141|0x0000000088d00000, 0x0000000088e00000, 0x0000000088e00000|100%| E|  |TAMS 0x0000000088d00000, 0x0000000088d00000| Complete 
| 142|0x0000000088e00000, 0x0000000088f00000, 0x0000000088f00000|100%| E|CS|TAMS 0x0000000088e00000, 0x0000000088e00000| Complete 
| 143|0x0000000088f00000, 0x0000000089000000, 0x0000000089000000|100%| E|CS|TAMS 0x0000000088f00000, 0x0000000088f00000| Complete 
| 144|0x0000000089000000, 0x0000000089100000, 0x0000000089100000|100%| E|CS|TAMS 0x0000000089000000, 0x0000000089000000| Complete 
| 145|0x0000000089100000, 0x0000000089200000, 0x0000000089200000|100%| E|CS|TAMS 0x0000000089100000, 0x0000000089100000| Complete 
| 146|0x0000000089200000, 0x0000000089300000, 0x0000000089300000|100%| E|CS|TAMS 0x0000000089200000, 0x0000000089200000| Complete 
| 147|0x0000000089300000, 0x0000000089400000, 0x0000000089400000|100%| E|CS|TAMS 0x0000000089300000, 0x0000000089300000| Complete 
| 148|0x0000000089400000, 0x0000000089500000, 0x0000000089500000|100%| E|CS|TAMS 0x0000000089400000, 0x0000000089400000| Complete 
| 149|0x0000000089500000, 0x0000000089600000, 0x0000000089600000|100%| E|CS|TAMS 0x0000000089500000, 0x0000000089500000| Complete 
| 150|0x0000000089600000, 0x0000000089700000, 0x0000000089700000|100%| E|CS|TAMS 0x0000000089600000, 0x0000000089600000| Complete 
| 151|0x0000000089700000, 0x0000000089800000, 0x0000000089800000|100%| E|CS|TAMS 0x0000000089700000, 0x0000000089700000| Complete 
| 152|0x0000000089800000, 0x0000000089900000, 0x0000000089900000|100%| E|CS|TAMS 0x0000000089800000, 0x0000000089800000| Complete 
| 153|0x0000000089900000, 0x0000000089a00000, 0x0000000089a00000|100%| E|CS|TAMS 0x0000000089900000, 0x0000000089900000| Complete 
| 154|0x0000000089a00000, 0x0000000089b00000, 0x0000000089b00000|100%| E|CS|TAMS 0x0000000089a00000, 0x0000000089a00000| Complete 
| 155|0x0000000089b00000, 0x0000000089c00000, 0x0000000089c00000|100%| E|CS|TAMS 0x0000000089b00000, 0x0000000089b00000| Complete 
| 156|0x0000000089c00000, 0x0000000089d00000, 0x0000000089d00000|100%| E|CS|TAMS 0x0000000089c00000, 0x0000000089c00000| Complete 
| 157|0x0000000089d00000, 0x0000000089e00000, 0x0000000089e00000|100%| E|CS|TAMS 0x0000000089d00000, 0x0000000089d00000| Complete 
| 158|0x0000000089e00000, 0x0000000089f00000, 0x0000000089f00000|100%| S|CS|TAMS 0x0000000089e00000, 0x0000000089e00000| Complete 
| 159|0x0000000089f00000, 0x000000008a000000, 0x000000008a000000|100%| S|CS|TAMS 0x0000000089f00000, 0x0000000089f00000| Complete 
| 160|0x000000008a000000, 0x000000008a100000, 0x000000008a100000|100%| S|CS|TAMS 0x000000008a000000, 0x000000008a000000| Complete 
| 161|0x000000008a100000, 0x000000008a200000, 0x000000008a200000|100%| S|CS|TAMS 0x000000008a100000, 0x000000008a100000| Complete 
| 162|0x000000008a200000, 0x000000008a300000, 0x000000008a300000|100%| S|CS|TAMS 0x000000008a200000, 0x000000008a200000| Complete 
| 163|0x000000008a300000, 0x000000008a400000, 0x000000008a400000|100%| S|CS|TAMS 0x000000008a300000, 0x000000008a300000| Complete 
| 164|0x000000008a400000, 0x000000008a500000, 0x000000008a500000|100%| S|CS|TAMS 0x000000008a400000, 0x000000008a400000| Complete 
| 165|0x000000008a500000, 0x000000008a600000, 0x000000008a600000|100%| S|CS|TAMS 0x000000008a500000, 0x000000008a500000| Complete 
| 166|0x000000008a600000, 0x000000008a700000, 0x000000008a700000|100%| E|CS|TAMS 0x000000008a600000, 0x000000008a600000| Complete 
| 167|0x000000008a700000, 0x000000008a800000, 0x000000008a800000|100%| E|CS|TAMS 0x000000008a700000, 0x000000008a700000| Complete 
| 168|0x000000008a800000, 0x000000008a900000, 0x000000008a900000|100%| E|CS|TAMS 0x000000008a800000, 0x000000008a800000| Complete 
| 169|0x000000008a900000, 0x000000008aa00000, 0x000000008aa00000|100%| E|CS|TAMS 0x000000008a900000, 0x000000008a900000| Complete 
| 170|0x000000008aa00000, 0x000000008ab00000, 0x000000008ab00000|100%| E|CS|TAMS 0x000000008aa00000, 0x000000008aa00000| Complete 
| 171|0x000000008ab00000, 0x000000008ac00000, 0x000000008ac00000|100%| E|CS|TAMS 0x000000008ab00000, 0x000000008ab00000| Complete 
| 172|0x000000008ac00000, 0x000000008ad00000, 0x000000008ad00000|100%| E|CS|TAMS 0x000000008ac00000, 0x000000008ac00000| Complete 
| 173|0x000000008ad00000, 0x000000008ae00000, 0x000000008ae00000|100%| E|CS|TAMS 0x000000008ad00000, 0x000000008ad00000| Complete 
| 174|0x000000008ae00000, 0x000000008af00000, 0x000000008af00000|100%| E|CS|TAMS 0x000000008ae00000, 0x000000008ae00000| Complete 
| 175|0x000000008af00000, 0x000000008b000000, 0x000000008b000000|100%| E|CS|TAMS 0x000000008af00000, 0x000000008af00000| Complete 
| 176|0x000000008b000000, 0x000000008b100000, 0x000000008b100000|100%| E|CS|TAMS 0x000000008b000000, 0x000000008b000000| Complete 
| 177|0x000000008b100000, 0x000000008b200000, 0x000000008b200000|100%| E|CS|TAMS 0x000000008b100000, 0x000000008b100000| Complete 
| 178|0x000000008b200000, 0x000000008b300000, 0x000000008b300000|100%| E|CS|TAMS 0x000000008b200000, 0x000000008b200000| Complete 
| 179|0x000000008b300000, 0x000000008b400000, 0x000000008b400000|100%| E|CS|TAMS 0x000000008b300000, 0x000000008b300000| Complete 
| 180|0x000000008b400000, 0x000000008b500000, 0x000000008b500000|100%| E|CS|TAMS 0x000000008b400000, 0x000000008b400000| Complete 
| 181|0x000000008b500000, 0x000000008b600000, 0x000000008b600000|100%| E|CS|TAMS 0x000000008b500000, 0x000000008b500000| Complete 
| 182|0x000000008b600000, 0x000000008b700000, 0x000000008b700000|100%| E|CS|TAMS 0x000000008b600000, 0x000000008b600000| Complete 
| 183|0x000000008b700000, 0x000000008b800000, 0x000000008b800000|100%| E|CS|TAMS 0x000000008b700000, 0x000000008b700000| Complete 
| 184|0x000000008b800000, 0x000000008b900000, 0x000000008b900000|100%| E|CS|TAMS 0x000000008b800000, 0x000000008b800000| Complete 

Card table byte_map: [0x0000021b20330000,0x0000021b20730000] _byte_map_base: 0x0000021b1ff30000

Marking Bits (Prev, Next): (CMBitMap*) 0x0000021b09cc5cf0, (CMBitMap*) 0x0000021b09cc5cb8
 Prev Bits: [0x0000021b22b30000, 0x0000021b24b30000)
 Next Bits: [0x0000021b20b30000, 0x0000021b22b30000)

Polling page: 0x0000021b07b30000

Metaspace:

Usage:
  Non-class:     54.25 MB capacity,    53.29 MB ( 98%) used,   768.77 KB (  1%) free+waste,   211.81 KB ( <1%) overhead. 
      Class:      8.60 MB capacity,     7.90 MB ( 92%) used,   616.50 KB (  7%) free+waste,   105.38 KB (  1%) overhead. 
       Both:     62.85 MB capacity,    61.19 MB ( 97%) used,     1.35 MB (  2%) free+waste,   317.19 KB ( <1%) overhead. 

Virtual space:
  Non-class space:       56.00 MB reserved,      54.25 MB ( 97%) committed 
      Class space:        1.00 GB reserved,       8.67 MB ( <1%) committed 
             Both:        1.05 GB reserved,      62.92 MB (  6%) committed 

Chunk freelists:
   Non-Class:  256 bytes
       Class:  2.88 KB
        Both:  3.13 KB

CodeHeap 'non-profiled nmethods': size=120064Kb used=2554Kb max_used=2554Kb free=117509Kb
 bounds [0x0000021b18df0000, 0x0000021b19070000, 0x0000021b20330000]
CodeHeap 'profiled nmethods': size=120000Kb used=10561Kb max_used=10561Kb free=109438Kb
 bounds [0x0000021b118c0000, 0x0000021b12320000, 0x0000021b18df0000]
CodeHeap 'non-nmethods': size=5696Kb used=1238Kb max_used=1276Kb free=4457Kb
 bounds [0x0000021b11330000, 0x0000021b115a0000, 0x0000021b118c0000]
 total_blobs=5397 nmethods=4796 adapters=512
 compilation: disabled (not enough contiguous free space left)
              stopped_count=1, restarted_count=0
 full_count=1

Compilation events (10 events):
Event: 13.567 Thread 0x0000021b26f27800 nmethod 4806 0x0000021b122ff910 code [0x0000021b122ffae0, 0x0000021b122ffe98]
Event: 13.567 Thread 0x0000021b26f27800 4807       3       org.jetbrains.coverage.org.objectweb.asm.MethodWriter::visitAbstractType (8 bytes)
Event: 13.568 Thread 0x0000021b26f27800 nmethod 4807 0x0000021b12300010 code [0x0000021b123001a0, 0x0000021b123002d8]
Event: 13.568 Thread 0x0000021b26f27800 4808       3       org.jetbrains.coverage.org.objectweb.asm.MethodWriter::visitMethodInsn (191 bytes)
Event: 13.569 Thread 0x0000021b26f27800 nmethod 4808 0x0000021b12300390 code [0x0000021b123005c0, 0x0000021b12300de8]
Event: 13.569 Thread 0x0000021b26f27800 4809       3       org.jetbrains.coverage.org.objectweb.asm.Type::getReturnTypeOffset (64 bytes)
Event: 13.571 Thread 0x0000021b26f27800 nmethod 4809 0x0000021b12301190 code [0x0000021b123014c0, 0x0000021b12302998]
Event: 13.571 Thread 0x0000021b26f27800 4810       3       org.jetbrains.coverage.org.objectweb.asm.Label::getCanonicalInstance (19 bytes)
Event: 13.572 Thread 0x0000021b26f27800 nmethod 4810 0x0000021b12303190 code [0x0000021b12303320, 0x0000021b12303478]
Event: 13.572 Thread 0x0000021b26f27800 4811       3       org.jetbrains.coverage.org.objectweb.asm.MethodWriter::visitLdcInsn (215 bytes)

GC Heap History (10 events):
Event: 5.138 GC heap before
{Heap before GC invocations=6 (full 0):
 garbage-first heap   total 157696K, used 96255K [0x0000000080000000, 0x0000000100000000)
  region size 1024K, 88 young (90112K), 4 survivors (4096K)
 Metaspace       used 30517K, capacity 31541K, committed 31664K, reserved 1077248K
  class space    used 3560K, capacity 3976K, committed 4016K, reserved 1048576K
}
Event: 5.156 GC heap after
{Heap after GC invocations=7 (full 0):
 garbage-first heap   total 157696K, used 13125K [0x0000000080000000, 0x0000000100000000)
  region size 1024K, 6 young (6144K), 6 survivors (6144K)
 Metaspace       used 30517K, capacity 31541K, committed 31664K, reserved 1077248K
  class space    used 3560K, capacity 3976K, committed 4016K, reserved 1048576K
}
Event: 6.426 GC heap before
{Heap before GC invocations=7 (full 0):
 garbage-first heap   total 157696K, used 55109K [0x0000000080000000, 0x0000000100000000)
  region size 1024K, 48 young (49152K), 6 survivors (6144K)
 Metaspace       used 34697K, capacity 35844K, committed 35920K, reserved 1081344K
  class space    used 4142K, capacity 4611K, committed 4656K, reserved 1048576K
}
Event: 6.444 GC heap after
{Heap after GC invocations=8 (full 0):
 garbage-first heap   total 157696K, used 15120K [0x0000000080000000, 0x0000000100000000)
  region size 1024K, 8 young (8192K), 8 survivors (8192K)
 Metaspace       used 34697K, capacity 35844K, committed 35920K, reserved 1081344K
  class space    used 4142K, capacity 4611K, committed 4656K, reserved 1048576K
}
Event: 8.463 GC heap before
{Heap before GC invocations=9 (full 0):
 garbage-first heap   total 157696K, used 101136K [0x0000000080000000, 0x0000000100000000)
  region size 1024K, 92 young (94208K), 8 survivors (8192K)
 Metaspace       used 44374K, capacity 45698K, committed 45872K, reserved 1089536K
  class space    used 5549K, capacity 6116K, committed 6192K, reserved 1048576K
}
Event: 8.496 GC heap after
{Heap after GC invocations=10 (full 0):
 garbage-first heap   total 157696K, used 18196K [0x0000000080000000, 0x0000000100000000)
  region size 1024K, 9 young (9216K), 9 survivors (9216K)
 Metaspace       used 44374K, capacity 45698K, committed 45872K, reserved 1089536K
  class space    used 5549K, capacity 6116K, committed 6192K, reserved 1048576K
}
Event: 11.292 GC heap before
{Heap before GC invocations=10 (full 0):
 garbage-first heap   total 157696K, used 103188K [0x0000000080000000, 0x0000000100000000)
  region size 1024K, 92 young (94208K), 9 survivors (9216K)
 Metaspace       used 57347K, capacity 58785K, committed 59056K, reserved 1099776K
  class space    used 7430K, capacity 8046K, committed 8112K, reserved 1048576K
}
Event: 11.320 GC heap after
{Heap after GC invocations=11 (full 0):
 garbage-first heap   total 189440K, used 21748K [0x0000000080000000, 0x0000000100000000)
  region size 1024K, 9 young (9216K), 9 survivors (9216K)
 Metaspace       used 57347K, capacity 58785K, committed 59056K, reserved 1099776K
  class space    used 7430K, capacity 8046K, committed 8112K, reserved 1048576K
}
Event: 12.231 GC heap before
{Heap before GC invocations=11 (full 0):
 garbage-first heap   total 189440K, used 40180K [0x0000000080000000, 0x0000000100000000)
  region size 1024K, 28 young (28672K), 9 survivors (9216K)
 Metaspace       used 58692K, capacity 60155K, committed 60208K, reserved 1101824K
  class space    used 7576K, capacity 8205K, committed 8240K, reserved 1048576K
}
Event: 12.268 GC heap after
{Heap after GC invocations=12 (full 0):
 garbage-first heap   total 189440K, used 22817K [0x0000000080000000, 0x0000000100000000)
  region size 1024K, 8 young (8192K), 8 survivors (8192K)
 Metaspace       used 58692K, capacity 60155K, committed 60208K, reserved 1101824K
  class space    used 7576K, capacity 8205K, committed 8240K, reserved 1048576K
}

Deoptimization events (10 events):
Event: 12.974 Thread 0x0000021b09c87800 Uncommon trap: reason=class_check action=maybe_recompile pc=0x0000021b18fae49c method=java.util.regex.Matcher.search(I)Z @ 121 c2
Event: 12.976 Thread 0x0000021b09c87800 Uncommon trap: reason=class_check action=maybe_recompile pc=0x0000021b18fae49c method=java.util.regex.Matcher.search(I)Z @ 121 c2
Event: 12.976 Thread 0x0000021b09c87800 Uncommon trap: reason=class_check action=maybe_recompile pc=0x0000021b18fae49c method=java.util.regex.Matcher.search(I)Z @ 121 c2
Event: 13.029 Thread 0x0000021b09c87800 Uncommon trap: reason=unstable_if action=reinterpret pc=0x0000021b18ed3adc method=java.util.regex.Matcher.match(II)Z @ 30 c2
Event: 13.133 Thread 0x0000021b09c87800 Uncommon trap: reason=unstable_if action=reinterpret pc=0x0000021b18e09a44 method=java.lang.CharacterData.of(I)Ljava/lang/CharacterData; @ 4 c2
Event: 13.351 Thread 0x0000021b09c87800 Uncommon trap: reason=null_check action=make_not_entrant pc=0x0000021b18f3dfd4 method=org.springframework.util.ClassUtils.isAssignable(Ljava/lang/Class;Ljava/lang/Class;)Z @ 14 c2
Event: 13.378 Thread 0x0000021b09c87800 Uncommon trap: reason=unstable_if action=reinterpret pc=0x0000021b18f8ac50 method=sun.net.www.ParseUtil.firstEncodeIndex(Ljava/lang/String;)I @ 73 c2
Event: 13.378 Thread 0x0000021b09c87800 Uncommon trap: reason=unstable_if action=reinterpret pc=0x0000021b18f79138 method=sun.net.www.ParseUtil.firstEncodeIndex(Ljava/lang/String;)I @ 73 c2
Event: 13.394 Thread 0x0000021b09c87800 Uncommon trap: reason=unstable_if action=reinterpret pc=0x0000021b18e4ee20 method=sun.net.www.ParseUtil.firstEncodeIndex(Ljava/lang/String;)I @ 51 c2
Event: 13.473 Thread 0x0000021b09c87800 Uncommon trap: reason=unstable_if action=reinterpret pc=0x0000021b18fcd6d0 method=java.util.concurrent.ConcurrentHashMap.get(Ljava/lang/Object;)Ljava/lang/Object; @ 86 c2

Classes redefined (0 events):
No events

Internal exceptions (10 events):
Event: 12.967 Thread 0x0000021b09c87800 Exception <a 'java/lang/NoSuchMethodError'{0x0000000089c21450}: java.lang.invoke.DirectMethodHandle$Holder.invokeStatic(Ljava/lang/Object;ILjava/lang/Object;Ljava/lang/Object;)Ljava/lang/Object;> (0x0000000089c21450) thrown at [./open/src/hotspot/share/in
Event: 13.013 Thread 0x0000021b09c87800 Exception <a 'java/lang/reflect/InvocationTargetException'{0x0000000089bdd210}> (0x0000000089bdd210) thrown at [./open/src/hotspot/share/runtime/reflection.cpp, line 1242]
Event: 13.331 Thread 0x0000021b09c87800 Exception <a 'java/lang/reflect/InvocationTargetException'{0x0000000089017e18}> (0x0000000089017e18) thrown at [./open/src/hotspot/share/runtime/reflection.cpp, line 1242]
Event: 13.342 Thread 0x0000021b09c87800 Exception <a 'java/lang/reflect/InvocationTargetException'{0x000000008902ba18}> (0x000000008902ba18) thrown at [./open/src/hotspot/share/runtime/reflection.cpp, line 1242]
Event: 13.371 Thread 0x0000021b09c87800 Exception <a 'java/lang/reflect/InvocationTargetException'{0x0000000089049d00}> (0x0000000089049d00) thrown at [./open/src/hotspot/share/runtime/reflection.cpp, line 1242]
Event: 13.415 Thread 0x0000021b09c87800 Exception <a 'java/lang/reflect/InvocationTargetException'{0x00000000890cc7a8}> (0x00000000890cc7a8) thrown at [./open/src/hotspot/share/runtime/reflection.cpp, line 1242]
Event: 13.433 Thread 0x0000021b09c87800 Exception <a 'java/lang/reflect/InvocationTargetException'{0x00000000890f7e98}> (0x00000000890f7e98) thrown at [./open/src/hotspot/share/runtime/reflection.cpp, line 1242]
Event: 13.437 Thread 0x0000021b09c87800 Exception <a 'java/lang/reflect/InvocationTargetException'{0x0000000088f09240}> (0x0000000088f09240) thrown at [./open/src/hotspot/share/runtime/reflection.cpp, line 1242]
Event: 13.482 Thread 0x0000021b09c87800 Exception <a 'java/lang/ClassNotFoundException'{0x0000000088e01cd0}: java/lang/ObjectCustomizer> (0x0000000088e01cd0) thrown at [./open/src/hotspot/share/classfile/systemDictionary.cpp, line 226]
Event: 13.483 Thread 0x0000021b09c87800 Exception <a 'java/lang/ClassNotFoundException'{0x0000000088e1a2f8}: com/example/pensionManagementSystem/PensionServiceCustomizer> (0x0000000088e1a2f8) thrown at [./open/src/hotspot/share/classfile/systemDictionary.cpp, line 226]

Events (10 events):
Event: 13.553 loading class org/springframework/cglib/core/EmitUtils$10
Event: 13.553 loading class org/springframework/cglib/core/EmitUtils$10 done
Event: 13.553 loading class org/springframework/cglib/core/EmitUtils$13
Event: 13.553 loading class org/springframework/cglib/core/EmitUtils$13 done
Event: 13.554 loading class org/springframework/cglib/core/EmitUtils$14
Event: 13.554 loading class org/springframework/cglib/core/EmitUtils$14 done
Event: 13.555 loading class org/springframework/cglib/proxy/Enhancer$3
Event: 13.555 loading class org/springframework/cglib/proxy/Enhancer$3 done
Event: 13.556 loading class org/springframework/cglib/proxy/Enhancer$4
Event: 13.556 loading class org/springframework/cglib/proxy/Enhancer$4 done


Dynamic libraries:
0x00007ff6d4880000 - 0x00007ff6d488f000 	C:\Program Files\Java\jdk-11.0.16\bin\java.exe
0x00007ff8d2870000 - 0x00007ff8d2a68000 	C:\Windows\SYSTEM32\ntdll.dll
0x00007ff8d0970000 - 0x00007ff8d0a2f000 	C:\Windows\System32\KERNEL32.DLL
0x00007ff8d0250000 - 0x00007ff8d0522000 	C:\Windows\System32\KERNELBASE.dll
0x00007ff8d0670000 - 0x00007ff8d0770000 	C:\Windows\System32\ucrtbase.dll
0x00007ff8ab3b0000 - 0x00007ff8ab3c8000 	C:\Program Files\Java\jdk-11.0.16\bin\jli.dll
0x00007ff8d08c0000 - 0x00007ff8d096e000 	C:\Windows\System32\ADVAPI32.dll
0x00007ff8d2790000 - 0x00007ff8d282e000 	C:\Windows\System32\msvcrt.dll
0x00007ff8d19c0000 - 0x00007ff8d1a5c000 	C:\Windows\System32\sechost.dll
0x00007ff8d2660000 - 0x00007ff8d2785000 	C:\Windows\System32\RPCRT4.dll
0x00007ff8d1220000 - 0x00007ff8d13bd000 	C:\Windows\System32\USER32.dll
0x00007ff8d00c0000 - 0x00007ff8d00e2000 	C:\Windows\System32\win32u.dll
0x00007ff8d0a30000 - 0x00007ff8d0a5b000 	C:\Windows\System32\GDI32.dll
0x00007ff8d0560000 - 0x00007ff8d066f000 	C:\Windows\System32\gdi32full.dll
0x00007ff8d0820000 - 0x00007ff8d08bd000 	C:\Windows\System32\msvcp_win.dll
0x00007ff8ab1b0000 - 0x00007ff8ab1c5000 	C:\Program Files\Java\jdk-11.0.16\bin\VCRUNTIME140.dll
0x00007ff8b2f60000 - 0x00007ff8b31fa000 	C:\Windows\WinSxS\amd64_microsoft.windows.common-controls_6595b64144ccf1df_6.0.19041.1110_none_60b5254171f9507e\COMCTL32.dll
0x00007ff8c8030000 - 0x00007ff8c803a000 	C:\Windows\SYSTEM32\VERSION.dll
0x00007ff8d1980000 - 0x00007ff8d19b2000 	C:\Windows\System32\IMM32.DLL
0x00007ff8a5920000 - 0x00007ff8a59bb000 	C:\Program Files\Java\jdk-11.0.16\bin\msvcp140.dll
0x00007ff86c8a0000 - 0x00007ff86d3b8000 	C:\Program Files\Java\jdk-11.0.16\bin\server\jvm.dll
0x00007ff8d1180000 - 0x00007ff8d1188000 	C:\Windows\System32\PSAPI.DLL
0x00007ff8cb7a0000 - 0x00007ff8cb7a9000 	C:\Windows\SYSTEM32\WSOCK32.dll
0x00007ff8d1ac0000 - 0x00007ff8d1b2b000 	C:\Windows\System32\WS2_32.dll
0x00007ff8af530000 - 0x00007ff8af557000 	C:\Windows\SYSTEM32\WINMM.dll
0x00007ff8cde10000 - 0x00007ff8cde22000 	C:\Windows\SYSTEM32\kernel.appcore.dll
0x00007ff8b6ff0000 - 0x00007ff8b7000000 	C:\Program Files\Java\jdk-11.0.16\bin\verify.dll
0x00007ff8c0700000 - 0x00007ff8c08e4000 	C:\Windows\SYSTEM32\DBGHELP.DLL
0x00007ff8c1450000 - 0x00007ff8c147c000 	C:\Windows\SYSTEM32\dbgcore.DLL
0x00007ff8cff70000 - 0x00007ff8cfff2000 	C:\Windows\System32\bcryptPrimitives.dll
0x00007ff8aafe0000 - 0x00007ff8ab008000 	C:\Program Files\Java\jdk-11.0.16\bin\java.dll
0x00007ff8b6fd0000 - 0x00007ff8b6fda000 	C:\Program Files\Java\jdk-11.0.16\bin\jimage.dll
0x00007ff8b7990000 - 0x00007ff8b799e000 	C:\Program Files\Java\jdk-11.0.16\bin\instrument.dll
0x00007ff8a6490000 - 0x00007ff8a64a6000 	C:\Program Files\Java\jdk-11.0.16\bin\zip.dll
0x00007ff8d1c80000 - 0x00007ff8d23c3000 	C:\Windows\System32\SHELL32.dll
0x00007ff8ce010000 - 0x00007ff8ce7a2000 	C:\Windows\SYSTEM32\windows.storage.dll
0x00007ff8d0ac0000 - 0x00007ff8d0e14000 	C:\Windows\System32\combase.dll
0x00007ff8cf810000 - 0x00007ff8cf840000 	C:\Windows\SYSTEM32\Wldp.dll
0x00007ff8d2430000 - 0x00007ff8d24dd000 	C:\Windows\System32\SHCORE.dll
0x00007ff8d2600000 - 0x00007ff8d2655000 	C:\Windows\System32\shlwapi.dll
0x00007ff8cfeb0000 - 0x00007ff8cfecf000 	C:\Windows\SYSTEM32\profapi.dll
0x00007ff8a6360000 - 0x00007ff8a6379000 	C:\Program Files\Java\jdk-11.0.16\bin\net.dll
0x00007ff8c7a80000 - 0x00007ff8c7b8c000 	C:\Windows\SYSTEM32\WINHTTP.dll
0x00007ff8cf5f0000 - 0x00007ff8cf65a000 	C:\Windows\system32\mswsock.dll
0x00007ff8a56d0000 - 0x00007ff8a56e2000 	C:\Program Files\Java\jdk-11.0.16\bin\nio.dll
0x00007ff8ab180000 - 0x00007ff8ab19a000 	C:\Program Files\JetBrains\IntelliJ IDEA Community Edition 2022.2.1\bin\breakgen64.dll
0x00007ff8b3b00000 - 0x00007ff8b3b09000 	C:\Program Files\Java\jdk-11.0.16\bin\management.dll
0x00007ff8b3ad0000 - 0x00007ff8b3adb000 	C:\Program Files\Java\jdk-11.0.16\bin\management_ext.dll
0x00007ff8b4c10000 - 0x00007ff8b4c27000 	C:\Windows\system32\napinsp.dll
0x00007ff8b4bf0000 - 0x00007ff8b4c0b000 	C:\Windows\system32\pnrpnsp.dll
0x00007ff8b4bd0000 - 0x00007ff8b4be5000 	C:\Windows\system32\wshbth.dll
0x00007ff8cb780000 - 0x00007ff8cb79d000 	C:\Windows\system32\NLAapi.dll
0x00007ff8cf300000 - 0x00007ff8cf33b000 	C:\Windows\SYSTEM32\IPHLPAPI.DLL
0x00007ff8cf350000 - 0x00007ff8cf41a000 	C:\Windows\SYSTEM32\DNSAPI.dll
0x00007ff8d13c0000 - 0x00007ff8d13c8000 	C:\Windows\System32\NSI.dll
0x00007ff8b4bb0000 - 0x00007ff8b4bc2000 	C:\Windows\System32\winrnr.dll
0x00007ff8c7980000 - 0x00007ff8c798a000 	C:\Windows\System32\rasadhlp.dll
0x00007ff8c79a0000 - 0x00007ff8c7a20000 	C:\Windows\System32\fwpuclnt.dll
0x00007ff8d0530000 - 0x00007ff8d0557000 	C:\Windows\System32\bcrypt.dll
0x00007ff8cf850000 - 0x00007ff8cf868000 	C:\Windows\SYSTEM32\CRYPTSP.dll
0x00007ff8cef30000 - 0x00007ff8cef64000 	C:\Windows\system32\rsaenh.dll
0x00007ff8cfe70000 - 0x00007ff8cfe9e000 	C:\Windows\SYSTEM32\USERENV.dll
0x00007ff8cf780000 - 0x00007ff8cf78c000 	C:\Windows\SYSTEM32\CRYPTBASE.dll
0x00007ff8c88c0000 - 0x00007ff8c88d7000 	C:\Windows\SYSTEM32\dhcpcsvc6.DLL
0x00007ff8c88a0000 - 0x00007ff8c88bd000 	C:\Windows\SYSTEM32\dhcpcsvc.DLL
0x00007ff8b0cc0000 - 0x00007ff8b0ccd000 	C:\Program Files\Java\jdk-11.0.16\bin\sunmscapi.dll
0x00007ff8d00f0000 - 0x00007ff8d0246000 	C:\Windows\System32\CRYPT32.dll
0x00007ff8cf960000 - 0x00007ff8cf987000 	C:\Windows\SYSTEM32\ncrypt.dll
0x00007ff8cf920000 - 0x00007ff8cf95b000 	C:\Windows\SYSTEM32\NTASN1.dll
0x00007ff8a9cd0000 - 0x00007ff8a9cf5000 	C:\Program Files\Java\jdk-11.0.16\bin\sunec.dll

dbghelp: loaded successfully - version: 4.0.5 - missing functions: none
symbol engine: initialized successfully - sym options: 0x614 - pdb path: .;C:\Program Files\Java\jdk-11.0.16\bin;C:\Windows\SYSTEM32;C:\Windows\WinSxS\amd64_microsoft.windows.common-controls_6595b64144ccf1df_6.0.19041.1110_none_60b5254171f9507e;C:\Program Files\Java\jdk-11.0.16\bin\server;C:\Program Files\JetBrains\IntelliJ IDEA Community Edition 2022.2.1\bin

VM Arguments:
jvm_args: -ea -javaagent:C:\Users\sfjbs\AppData\Local\JetBrains\IdeaIC2022.2\testAgent\intellij-coverage-agent-1.0.673.jar=C:\Users\sfjbs\AppData\Local\Temp\coverage1args -Didea.new.sampling.coverage=true -Dcoverage.ignore.private.constructor.util.class=true -Didea.test.cyclic.buffer.size=1048576 -javaagent:C:\Program Files\JetBrains\IntelliJ IDEA Community Edition 2022.2.1\lib\idea_rt.jar=64898:C:\Program Files\JetBrains\IntelliJ IDEA Community Edition 2022.2.1\bin -Dfile.encoding=UTF-8 
java_command: com.intellij.rt.junit.JUnitStarter -ideVersion5 -junit5 com.example.pensionManagementSystem.PensionManagementSystemApplicationTests
java_class_path (initial): C:\Users\sfjbs\.m2\repository\org\junit\platform\junit-platform-launcher\1.8.2\junit-platform-launcher-1.8.2.jar;C:\Program Files\JetBrains\IntelliJ IDEA Community Edition 2022.2.1\lib\idea_rt.jar;C:\Program Files\JetBrains\IntelliJ IDEA Community Edition 2022.2.1\plugins\junit\lib\junit5-rt.jar;C:\Program Files\JetBrains\IntelliJ IDEA Community Edition 2022.2.1\plugins\junit\lib\junit-rt.jar;C:\Users\sfjbs\IdeaProjects\oct31training\Aparna\MiniProject2\pensionManagementSystem\target\test-classes;C:\Users\sfjbs\IdeaProjects\oct31training\Aparna\MiniProject2\pensionManagementSystem\target\classes;C:\Users\sfjbs\.m2\repository\org\springframework\boot\spring-boot-starter-web\2.7.5\spring-boot-starter-web-2.7.5.jar;C:\Users\sfjbs\.m2\repository\org\springframework\boot\spring-boot-starter\2.7.5\spring-boot-starter-2.7.5.jar;C:\Users\sfjbs\.m2\repository\org\springframework\boot\spring-boot\2.7.5\spring-boot-2.7.5.jar;C:\Users\sfjbs\.m2\repository\org\springframework\boot\spring-boot-autoconfigure\2.7.5\spring-boot-autoconfigure-2.7.5.jar;C:\Users\sfjbs\.m2\repository\org\springframework\boot\spring-boot-starter-logging\2.7.5\spring-boot-starter-logging-2.7.5.jar;C:\Users\sfjbs\.m2\repository\ch\qos\logback\logback-classic\1.2.11\logback-classic-1.2.11.jar;C:\Users\sfjbs\.m2\repository\ch\qos\logback\logback-core\1.2.11\logback-core-1.2.11.jar;C:\Users\sfjbs\.m2\repository\org\apache\logging\log4j\log4j-to-slf4j\2.17.2\log4j-to-slf4j-2.17.2.jar;C:\Users\sfjbs\.m2\repository\org\apache\logging\log4j\log4j-api\2.17.2\log4j-api-2.17.2.jar;C:\Users\sfjbs\.m2\repository\org\slf4j\jul-to-slf4j\1.7.36\jul-to-slf4j-1.7.36.jar;C:\Users\sfjbs\.m2\repository\jakarta\annotation\jakarta.annotation-api\1.3.5\jakarta.annotation-api-1.3.5.jar;C:\Users\sfjbs\.m2\repository\org\yaml\snakeyaml\1.30\snakeyaml-1.30.jar;C:\Users\sfjbs\.m2\repository\org\springframework\boot\spring-boot-starter-json\2.7.5\spring-boot-starter-json-2.7.5.jar;C:\Users\sfjbs\.m2\repos
Launcher Type: SUN_STANDARD

[Global flags]
     intx CICompilerCount                          = 2                                         {product} {ergonomic}
     uint ConcGCThreads                            = 1                                         {product} {ergonomic}
     uint G1ConcRefinementThreads                  = 2                                         {product} {ergonomic}
   size_t G1HeapRegionSize                         = 1048576                                   {product} {ergonomic}
    uintx GCDrainStackTargetSize                   = 64                                        {product} {ergonomic}
   size_t InitialHeapSize                          = 134217728                                 {product} {ergonomic}
   size_t MarkStackSize                            = 4194304                                   {product} {ergonomic}
   size_t MaxHeapSize                              = 2147483648                                {product} {ergonomic}
   size_t MaxNewSize                               = 1287651328                                {product} {ergonomic}
   size_t MinHeapDeltaBytes                        = 1048576                                   {product} {ergonomic}
    uintx NonNMethodCodeHeapSize                   = 5825164                                {pd product} {ergonomic}
    uintx NonProfiledCodeHeapSize                  = 122916538                              {pd product} {ergonomic}
    uintx ProfiledCodeHeapSize                     = 122916538                              {pd product} {ergonomic}
    uintx ReservedCodeCacheSize                    = 251658240                              {pd product} {ergonomic}
     bool SegmentedCodeCache                       = true                                      {product} {ergonomic}
     bool UseCompressedClassPointers               = true                                 {lp64_product} {ergonomic}
     bool UseCompressedOops                        = true                                 {lp64_product} {ergonomic}
     bool UseG1GC                                  = true                                      {product} {ergonomic}
     bool UseLargePagesIndividualAllocation        = false                                  {pd product} {ergonomic}

Logging:
Log output configuration:
 #0: stdout all=warning uptime,level,tags
 #1: stderr all=off uptime,level,tags

Environment Variables:
PATH=C:\Program Files\Common Files\Oracle\Java\javapath;C:\Windows\system32;C:\Windows;C:\Windows\System32\Wbem;C:\Windows\System32\WindowsPowerShell\v1.0\;C:\Windows\System32\OpenSSH\;C:\Users\sfjbs\Downloads\micro service-20221021T071039Z-001\micro service\apache-maven-3.8.5-bin\apache-maven-3.8.5\bin;C:\Users\sfjbs\Downloads\micro service-20221021T071039Z-001\micro service\apache-maven-3.8.5-bin\apache-maven-3.8.5\lib;C:\Program Files\Git\cmd;C:\Program Files\Docker\Docker\resources\bin;C:\Users\sfjbs\AppData\Local\Microsoft\WindowsApps;C:\Users\sfjbs\Downloads\micro service-20221021T071039Z-001\micro service\apache-maven-3.8.5-bin\apache-maven-3.8.5\bin;C:\Users\sfjbs\Downloads\micro service-20221021T071039Z-001\micro service\apache-maven-3.8.5-bin\apache-maven-3.8.5\lib;;C:\Program Files\JetBrains\IntelliJ IDEA Community Edition 2022.2.1\bin;
USERNAME=sfjbs
OS=Windows_NT
PROCESSOR_IDENTIFIER=Intel64 Family 6 Model 106 Stepping 6, GenuineIntel



---------------  S Y S T E M  ---------------

OS: Windows 10 , 64 bit Build 19041 (10.0.19041.2251)
Hyper-V role detected

CPU:total 2 (initial active 2) (1 cores per cpu, 2 threads per core) family 6 model 106 stepping 6 microcode 0xffffffff, cmov, cx8, fxsr, mmx, sse, sse2, sse3, ssse3, sse4.1, sse4.2, popcnt, avx, avx2, aes, clmul, erms, rtm, 3dnowpref, lzcnt, ht, tsc, bmi1, bmi2, adx, evex, fma

Memory: 4k page, system-wide physical 8190M (1020M free)
TotalPageFile size 10238M (AvailPageFile size 1M)
current process WorkingSet (physical memory assigned to process): 307M, peak: 307M
current process commit charge ("private bytes"): 373M, peak: 374M

vm_info: Java HotSpot(TM) 64-Bit Server VM (11.0.16+11-LTS-199) for windows-amd64 JRE (11.0.16+11-LTS-199), built on Jun 28 2022 08:23:17 by "mach5one" with MS VC++ 15.9 (VS2017)

END.
