#
# There is insufficient memory for the Java Runtime Environment to continue.
# Native memory allocation (malloc) failed to allocate 1818896 bytes for Chunk::new
# Possible reasons:
#   The system is out of physical RAM or swap space
#   The process is running with CompressedOops enabled, and the Java Heap may be blocking the growth of the native heap
# Possible solutions:
#   Reduce memory load on the system
#   Increase physical memory or swap space
#   Check if swap backing store is full
#   Decrease Java heap size (-Xmx/-Xms)
#   Decrease number of Java threads
#   Decrease Java thread stack sizes (-Xss)
#   Set larger code cache with -XX:ReservedCodeCacheSize=
#   JVM is running with Unscaled Compressed Oops mode in which the Java heap is
#     placed in the first 4GB address space. The Java Heap base address is the
#     maximum limit for the native heap growth. Please use -XX:HeapBaseMinAddress
#     to set the Java Heap base and to place the Java Heap above 4GB virtual address.
# This output file may be truncated or incomplete.
#
#  Out of Memory Error (./open/src/hotspot/share/memory/arena.cpp:197), pid=6004, tid=3852
#
# JRE version: Java(TM) SE Runtime Environment 18.9 (11.0.16+11) (build 11.0.16+11-LTS-199)
# Java VM: Java HotSpot(TM) 64-Bit Server VM 18.9 (11.0.16+11-LTS-199, mixed mode, tiered, compressed oops, g1 gc, windows-amd64)
# No core dump will be written. Minidumps are not enabled by default on client versions of Windows
#

---------------  S U M M A R Y ------------

Command Line: C:\Users\sfjbs\AppData\Local\Temp\surefire6227585654462828845\surefirebooter7135658780475619975.jar C:\Users\sfjbs\AppData\Local\Temp\surefire6227585654462828845 2022-11-02T04-14-09_228-jvmRun1 surefire16447239865578264320tmp surefire_05581820504233226192tmp

Host: Intel(R) Xeon(R) Platinum 8272CL CPU @ 2.60GHz, 2 cores, 7G,  Windows 10 , 64 bit Build 19041 (10.0.19041.1889)
Time: Wed Nov  2 04:14:17 2022 Coordinated Universal Time elapsed time: 7.819433 seconds (0d 0h 0m 7s)

---------------  T H R E A D  ---------------

Current thread (0x00000231726a0000):  JavaThread "C2 CompilerThread0" daemon [_thread_in_native, id=3852, stack(0x000000a12c700000,0x000000a12c800000)]


Current CompileTask:
C2:   7819 3540       4       org.springframework.beans.factory.support.AbstractBeanFactory::isTypeMatch (607 bytes)

Stack: [0x000000a12c700000,0x000000a12c800000]
Native frames: (J=compiled Java code, j=interpreted, Vv=VM code, C=native code)
V  [jvm.dll+0x62a3ea]
V  [jvm.dll+0x76418f]
V  [jvm.dll+0x765839]
V  [jvm.dll+0x765ec3]
V  [jvm.dll+0x23da98]
V  [jvm.dll+0xb2a1c]
V  [jvm.dll+0xb2fdc]
V  [jvm.dll+0x341487]
V  [jvm.dll+0x30ec83]
V  [jvm.dll+0x30dfca]
V  [jvm.dll+0x1f84a5]
V  [jvm.dll+0x1f768d]
V  [jvm.dll+0x177c81]
V  [jvm.dll+0x207006]
V  [jvm.dll+0x20519b]
V  [jvm.dll+0x729fa0]
V  [jvm.dll+0x722b74]
V  [jvm.dll+0x629286]
C  [ucrtbase.dll+0x21bb2]
C  [KERNEL32.DLL+0x17034]
C  [ntdll.dll+0x526a1]


---------------  P R O C E S S  ---------------

Threads class SMR info:
_java_thread_list=0x0000023174699e50, length=12, elements={
0x00000231553bb800, 0x000002317267b800, 0x0000023172686800, 0x0000023172698000,
0x000002317269c000, 0x000002317269f000, 0x00000231726a0000, 0x00000231726a5800,
0x00000231726de000, 0x000002317317b000, 0x0000023173225800, 0x000002317316b800
}

Java Threads: ( => current thread )
  0x00000231553bb800 JavaThread "main" [_thread_in_native, id=6692, stack(0x000000a12ba00000,0x000000a12bb00000)]
  0x000002317267b800 JavaThread "Reference Handler" daemon [_thread_blocked, id=9640, stack(0x000000a12c200000,0x000000a12c300000)]
  0x0000023172686800 JavaThread "Finalizer" daemon [_thread_blocked, id=6588, stack(0x000000a12c300000,0x000000a12c400000)]
  0x0000023172698000 JavaThread "Signal Dispatcher" daemon [_thread_blocked, id=7692, stack(0x000000a12c400000,0x000000a12c500000)]
  0x000002317269c000 JavaThread "Attach Listener" daemon [_thread_blocked, id=8728, stack(0x000000a12c500000,0x000000a12c600000)]
  0x000002317269f000 JavaThread "Service Thread" daemon [_thread_blocked, id=11404, stack(0x000000a12c600000,0x000000a12c700000)]
=>0x00000231726a0000 JavaThread "C2 CompilerThread0" daemon [_thread_in_native, id=3852, stack(0x000000a12c700000,0x000000a12c800000)]
  0x00000231726a5800 JavaThread "C1 CompilerThread0" daemon [_thread_blocked, id=11496, stack(0x000000a12c800000,0x000000a12c900000)]
  0x00000231726de000 JavaThread "Sweeper thread" daemon [_thread_blocked, id=5280, stack(0x000000a12c900000,0x000000a12ca00000)]
  0x000002317317b000 JavaThread "Common-Cleaner" daemon [_thread_blocked, id=8588, stack(0x000000a12cb00000,0x000000a12cc00000)]
  0x0000023173225800 JavaThread "surefire-forkedjvm-command-thread" daemon [_thread_in_native, id=11376, stack(0x000000a12cc00000,0x000000a12cd00000)]
  0x000002317316b800 JavaThread "surefire-forkedjvm-ping-30s" daemon [_thread_in_native, id=11436, stack(0x000000a12cd00000,0x000000a12ce00000)]

Other Threads:
  0x0000023172678800 VMThread "VM Thread" [stack: 0x000000a12c100000,0x000000a12c200000] [id=10804]
  0x0000023173174800 WatcherThread [stack: 0x000000a12ca00000,0x000000a12cb00000] [id=10328]
  0x00000231553d0800 GCTaskThread "GC Thread#0" [stack: 0x000000a12bc00000,0x000000a12bd00000] [id=2536]
  0x000002317345f000 GCTaskThread "GC Thread#1" [stack: 0x000000a12ce00000,0x000000a12cf00000] [id=12132]
  0x00000231553fb000 ConcurrentGCThread "G1 Main Marker" [stack: 0x000000a12bd00000,0x000000a12be00000] [id=3604]
  0x00000231553fd000 ConcurrentGCThread "G1 Conc#0" [stack: 0x000000a12be00000,0x000000a12bf00000] [id=11608]
  0x0000023155484800 ConcurrentGCThread "G1 Refine#0" [stack: 0x000000a12bf00000,0x000000a12c000000] [id=2012]
  0x0000023173277000 ConcurrentGCThread "G1 Refine#1" [stack: 0x000000a12cf00000,0x000000a12d000000] [id=4756]
  0x0000023155486800 ConcurrentGCThread "G1 Young RemSet Sampling" [stack: 0x000000a12c000000,0x000000a12c100000] [id=11716]

Threads with active compile tasks:
C2 CompilerThread0     7836 3540       4       org.springframework.beans.factory.support.AbstractBeanFactory::isTypeMatch (607 bytes)

VM state:not at safepoint (normal execution)

VM Mutex/Monitor currently owned by a thread: None

Heap address: 0x0000000080000000, size: 2048 MB, Compressed Oops mode: 32-bit
Narrow klass base: 0x0000000000000000, Narrow klass shift: 3
Compressed class space size: 1073741824 Address: 0x0000000100000000

Heap:
 garbage-first heap   total 157696K, used 41151K [0x0000000080000000, 0x0000000100000000)
  region size 1024K, 34 young (34816K), 7 survivors (7168K)
 Metaspace       used 35744K, capacity 37085K, committed 37296K, reserved 1081344K
  class space    used 4285K, capacity 4824K, committed 4864K, reserved 1048576K
Heap Regions: E=young(eden), S=young(survivor), O=old, HS=humongous(starts), HC=humongous(continues), CS=collection set, F=free, A=archive, TAMS=top-at-mark-start (previous, next)
|   0|0x0000000080000000, 0x0000000080100000, 0x0000000080100000|100%| O|  |TAMS 0x0000000080100000, 0x0000000080000000| Untracked 
|   1|0x0000000080100000, 0x0000000080200000, 0x0000000080200000|100%| O|  |TAMS 0x0000000080200000, 0x0000000080100000| Untracked 
|   2|0x0000000080200000, 0x0000000080300000, 0x0000000080300000|100%| O|  |TAMS 0x0000000080300000, 0x0000000080200000| Untracked 
|   3|0x0000000080300000, 0x0000000080400000, 0x0000000080400000|100%| O|  |TAMS 0x0000000080400000, 0x0000000080300000| Untracked 
|   4|0x0000000080400000, 0x0000000080500000, 0x0000000080500000|100%| O|  |TAMS 0x0000000080500000, 0x0000000080400000| Untracked 
|   5|0x0000000080500000, 0x0000000080600000, 0x0000000080600000|100%| O|  |TAMS 0x0000000080600000, 0x0000000080500000| Untracked 
|   6|0x0000000080600000, 0x0000000080700000, 0x0000000080700000|100%| O|  |TAMS 0x0000000080700000, 0x0000000080600000| Untracked 
|   7|0x0000000080700000, 0x000000008072fe00, 0x0000000080800000| 18%| O|  |TAMS 0x000000008072fe00, 0x0000000080700000| Untracked 
|   8|0x0000000080800000, 0x0000000080800000, 0x0000000080900000|  0%| F|  |TAMS 0x0000000080800000, 0x0000000080800000| Untracked 
|   9|0x0000000080900000, 0x0000000080900000, 0x0000000080a00000|  0%| F|  |TAMS 0x0000000080900000, 0x0000000080900000| Untracked 
|  10|0x0000000080a00000, 0x0000000080a00000, 0x0000000080b00000|  0%| F|  |TAMS 0x0000000080a00000, 0x0000000080a00000| Untracked 
|  11|0x0000000080b00000, 0x0000000080b00000, 0x0000000080c00000|  0%| F|  |TAMS 0x0000000080b00000, 0x0000000080b00000| Untracked 
|  12|0x0000000080c00000, 0x0000000080c00000, 0x0000000080d00000|  0%| F|  |TAMS 0x0000000080c00000, 0x0000000080c00000| Untracked 
|  13|0x0000000080d00000, 0x0000000080d00000, 0x0000000080e00000|  0%| F|  |TAMS 0x0000000080d00000, 0x0000000080d00000| Untracked 
|  14|0x0000000080e00000, 0x0000000080e00000, 0x0000000080f00000|  0%| F|  |TAMS 0x0000000080e00000, 0x0000000080e00000| Untracked 
|  15|0x0000000080f00000, 0x0000000080f00000, 0x0000000081000000|  0%| F|  |TAMS 0x0000000080f00000, 0x0000000080f00000| Untracked 
|  16|0x0000000081000000, 0x0000000081000000, 0x0000000081100000|  0%| F|  |TAMS 0x0000000081000000, 0x0000000081000000| Untracked 
|  17|0x0000000081100000, 0x0000000081100000, 0x0000000081200000|  0%| F|  |TAMS 0x0000000081100000, 0x0000000081100000| Untracked 
|  18|0x0000000081200000, 0x0000000081200000, 0x0000000081300000|  0%| F|  |TAMS 0x0000000081200000, 0x0000000081200000| Untracked 
|  19|0x0000000081300000, 0x0000000081300000, 0x0000000081400000|  0%| F|  |TAMS 0x0000000081300000, 0x0000000081300000| Untracked 
|  20|0x0000000081400000, 0x0000000081400000, 0x0000000081500000|  0%| F|  |TAMS 0x0000000081400000, 0x0000000081400000| Untracked 
|  21|0x0000000081500000, 0x0000000081500000, 0x0000000081600000|  0%| F|  |TAMS 0x0000000081500000, 0x0000000081500000| Untracked 
|  22|0x0000000081600000, 0x0000000081600000, 0x0000000081700000|  0%| F|  |TAMS 0x0000000081600000, 0x0000000081600000| Untracked 
|  23|0x0000000081700000, 0x0000000081700000, 0x0000000081800000|  0%| F|  |TAMS 0x0000000081700000, 0x0000000081700000| Untracked 
|  24|0x0000000081800000, 0x0000000081800000, 0x0000000081900000|  0%| F|  |TAMS 0x0000000081800000, 0x0000000081800000| Untracked 
|  25|0x0000000081900000, 0x0000000081900000, 0x0000000081a00000|  0%| F|  |TAMS 0x0000000081900000, 0x0000000081900000| Untracked 
|  26|0x0000000081a00000, 0x0000000081a00000, 0x0000000081b00000|  0%| F|  |TAMS 0x0000000081a00000, 0x0000000081a00000| Untracked 
|  27|0x0000000081b00000, 0x0000000081b00000, 0x0000000081c00000|  0%| F|  |TAMS 0x0000000081b00000, 0x0000000081b00000| Untracked 
|  28|0x0000000081c00000, 0x0000000081c00000, 0x0000000081d00000|  0%| F|  |TAMS 0x0000000081c00000, 0x0000000081c00000| Untracked 
|  29|0x0000000081d00000, 0x0000000081d00000, 0x0000000081e00000|  0%| F|  |TAMS 0x0000000081d00000, 0x0000000081d00000| Untracked 
|  30|0x0000000081e00000, 0x0000000081e00000, 0x0000000081f00000|  0%| F|  |TAMS 0x0000000081e00000, 0x0000000081e00000| Untracked 
|  31|0x0000000081f00000, 0x0000000081f00000, 0x0000000082000000|  0%| F|  |TAMS 0x0000000081f00000, 0x0000000081f00000| Untracked 
|  32|0x0000000082000000, 0x0000000082000000, 0x0000000082100000|  0%| F|  |TAMS 0x0000000082000000, 0x0000000082000000| Untracked 
|  33|0x0000000082100000, 0x0000000082100000, 0x0000000082200000|  0%| F|  |TAMS 0x0000000082100000, 0x0000000082100000| Untracked 
|  34|0x0000000082200000, 0x0000000082200000, 0x0000000082300000|  0%| F|  |TAMS 0x0000000082200000, 0x0000000082200000| Untracked 
|  35|0x0000000082300000, 0x0000000082300000, 0x0000000082400000|  0%| F|  |TAMS 0x0000000082300000, 0x0000000082300000| Untracked 
|  36|0x0000000082400000, 0x0000000082400000, 0x0000000082500000|  0%| F|  |TAMS 0x0000000082400000, 0x0000000082400000| Untracked 
|  37|0x0000000082500000, 0x0000000082500000, 0x0000000082600000|  0%| F|  |TAMS 0x0000000082500000, 0x0000000082500000| Untracked 
|  38|0x0000000082600000, 0x0000000082600000, 0x0000000082700000|  0%| F|  |TAMS 0x0000000082600000, 0x0000000082600000| Untracked 
|  39|0x0000000082700000, 0x0000000082700000, 0x0000000082800000|  0%| F|  |TAMS 0x0000000082700000, 0x0000000082700000| Untracked 
|  40|0x0000000082800000, 0x0000000082800000, 0x0000000082900000|  0%| F|  |TAMS 0x0000000082800000, 0x0000000082800000| Untracked 
|  41|0x0000000082900000, 0x0000000082900000, 0x0000000082a00000|  0%| F|  |TAMS 0x0000000082900000, 0x0000000082900000| Untracked 
|  42|0x0000000082a00000, 0x0000000082a00000, 0x0000000082b00000|  0%| F|  |TAMS 0x0000000082a00000, 0x0000000082a00000| Untracked 
|  43|0x0000000082b00000, 0x0000000082b00000, 0x0000000082c00000|  0%| F|  |TAMS 0x0000000082b00000, 0x0000000082b00000| Untracked 
|  44|0x0000000082c00000, 0x0000000082c00000, 0x0000000082d00000|  0%| F|  |TAMS 0x0000000082c00000, 0x0000000082c00000| Untracked 
|  45|0x0000000082d00000, 0x0000000082d00000, 0x0000000082e00000|  0%| F|  |TAMS 0x0000000082d00000, 0x0000000082d00000| Untracked 
|  46|0x0000000082e00000, 0x0000000082e00000, 0x0000000082f00000|  0%| F|  |TAMS 0x0000000082e00000, 0x0000000082e00000| Untracked 
|  47|0x0000000082f00000, 0x0000000082f00000, 0x0000000083000000|  0%| F|  |TAMS 0x0000000082f00000, 0x0000000082f00000| Untracked 
|  48|0x0000000083000000, 0x0000000083000000, 0x0000000083100000|  0%| F|  |TAMS 0x0000000083000000, 0x0000000083000000| Untracked 
|  49|0x0000000083100000, 0x0000000083100000, 0x0000000083200000|  0%| F|  |TAMS 0x0000000083100000, 0x0000000083100000| Untracked 
|  50|0x0000000083200000, 0x0000000083200000, 0x0000000083300000|  0%| F|  |TAMS 0x0000000083200000, 0x0000000083200000| Untracked 
|  51|0x0000000083300000, 0x0000000083300000, 0x0000000083400000|  0%| F|  |TAMS 0x0000000083300000, 0x0000000083300000| Untracked 
|  52|0x0000000083400000, 0x0000000083400000, 0x0000000083500000|  0%| F|  |TAMS 0x0000000083400000, 0x0000000083400000| Untracked 
|  53|0x0000000083500000, 0x0000000083500000, 0x0000000083600000|  0%| F|  |TAMS 0x0000000083500000, 0x0000000083500000| Untracked 
|  54|0x0000000083600000, 0x0000000083600000, 0x0000000083700000|  0%| F|  |TAMS 0x0000000083600000, 0x0000000083600000| Untracked 
|  55|0x0000000083700000, 0x0000000083700000, 0x0000000083800000|  0%| F|  |TAMS 0x0000000083700000, 0x0000000083700000| Untracked 
|  56|0x0000000083800000, 0x0000000083800000, 0x0000000083900000|  0%| F|  |TAMS 0x0000000083800000, 0x0000000083800000| Untracked 
|  57|0x0000000083900000, 0x0000000083900000, 0x0000000083a00000|  0%| F|  |TAMS 0x0000000083900000, 0x0000000083900000| Untracked 
|  58|0x0000000083a00000, 0x0000000083a00000, 0x0000000083b00000|  0%| F|  |TAMS 0x0000000083a00000, 0x0000000083a00000| Untracked 
|  59|0x0000000083b00000, 0x0000000083b00000, 0x0000000083c00000|  0%| F|  |TAMS 0x0000000083b00000, 0x0000000083b00000| Untracked 
|  60|0x0000000083c00000, 0x0000000083c00000, 0x0000000083d00000|  0%| F|  |TAMS 0x0000000083c00000, 0x0000000083c00000| Untracked 
|  61|0x0000000083d00000, 0x0000000083d00000, 0x0000000083e00000|  0%| F|  |TAMS 0x0000000083d00000, 0x0000000083d00000| Untracked 
|  62|0x0000000083e00000, 0x0000000083e00000, 0x0000000083f00000|  0%| F|  |TAMS 0x0000000083e00000, 0x0000000083e00000| Untracked 
|  63|0x0000000083f00000, 0x0000000083f00000, 0x0000000084000000|  0%| F|  |TAMS 0x0000000083f00000, 0x0000000083f00000| Untracked 
|  64|0x0000000084000000, 0x0000000084000000, 0x0000000084100000|  0%| F|  |TAMS 0x0000000084000000, 0x0000000084000000| Untracked 
|  65|0x0000000084100000, 0x0000000084100000, 0x0000000084200000|  0%| F|  |TAMS 0x0000000084100000, 0x0000000084100000| Untracked 
|  66|0x0000000084200000, 0x0000000084200000, 0x0000000084300000|  0%| F|  |TAMS 0x0000000084200000, 0x0000000084200000| Untracked 
|  67|0x0000000084300000, 0x0000000084300000, 0x0000000084400000|  0%| F|  |TAMS 0x0000000084300000, 0x0000000084300000| Untracked 
|  68|0x0000000084400000, 0x0000000084400000, 0x0000000084500000|  0%| F|  |TAMS 0x0000000084400000, 0x0000000084400000| Untracked 
|  69|0x0000000084500000, 0x0000000084500000, 0x0000000084600000|  0%| F|  |TAMS 0x0000000084500000, 0x0000000084500000| Untracked 
|  70|0x0000000084600000, 0x0000000084600000, 0x0000000084700000|  0%| F|  |TAMS 0x0000000084600000, 0x0000000084600000| Untracked 
|  71|0x0000000084700000, 0x0000000084700000, 0x0000000084800000|  0%| F|  |TAMS 0x0000000084700000, 0x0000000084700000| Untracked 
|  72|0x0000000084800000, 0x0000000084800000, 0x0000000084900000|  0%| F|  |TAMS 0x0000000084800000, 0x0000000084800000| Untracked 
|  73|0x0000000084900000, 0x0000000084900000, 0x0000000084a00000|  0%| F|  |TAMS 0x0000000084900000, 0x0000000084900000| Untracked 
|  74|0x0000000084a00000, 0x0000000084a00000, 0x0000000084b00000|  0%| F|  |TAMS 0x0000000084a00000, 0x0000000084a00000| Untracked 
|  75|0x0000000084b00000, 0x0000000084b00000, 0x0000000084c00000|  0%| F|  |TAMS 0x0000000084b00000, 0x0000000084b00000| Untracked 
|  76|0x0000000084c00000, 0x0000000084c00000, 0x0000000084d00000|  0%| F|  |TAMS 0x0000000084c00000, 0x0000000084c00000| Untracked 
|  77|0x0000000084d00000, 0x0000000084d00000, 0x0000000084e00000|  0%| F|  |TAMS 0x0000000084d00000, 0x0000000084d00000| Untracked 
|  78|0x0000000084e00000, 0x0000000084e00000, 0x0000000084f00000|  0%| F|  |TAMS 0x0000000084e00000, 0x0000000084e00000| Untracked 
|  79|0x0000000084f00000, 0x0000000084f00000, 0x0000000085000000|  0%| F|  |TAMS 0x0000000084f00000, 0x0000000084f00000| Untracked 
|  80|0x0000000085000000, 0x0000000085000000, 0x0000000085100000|  0%| F|  |TAMS 0x0000000085000000, 0x0000000085000000| Untracked 
|  81|0x0000000085100000, 0x0000000085100000, 0x0000000085200000|  0%| F|  |TAMS 0x0000000085100000, 0x0000000085100000| Untracked 
|  82|0x0000000085200000, 0x0000000085200000, 0x0000000085300000|  0%| F|  |TAMS 0x0000000085200000, 0x0000000085200000| Untracked 
|  83|0x0000000085300000, 0x0000000085300000, 0x0000000085400000|  0%| F|  |TAMS 0x0000000085300000, 0x0000000085300000| Untracked 
|  84|0x0000000085400000, 0x0000000085400000, 0x0000000085500000|  0%| F|  |TAMS 0x0000000085400000, 0x0000000085400000| Untracked 
|  85|0x0000000085500000, 0x0000000085500000, 0x0000000085600000|  0%| F|  |TAMS 0x0000000085500000, 0x0000000085500000| Untracked 
|  86|0x0000000085600000, 0x0000000085600000, 0x0000000085700000|  0%| F|  |TAMS 0x0000000085600000, 0x0000000085600000| Untracked 
|  87|0x0000000085700000, 0x0000000085700000, 0x0000000085800000|  0%| F|  |TAMS 0x0000000085700000, 0x0000000085700000| Untracked 
|  88|0x0000000085800000, 0x0000000085800000, 0x0000000085900000|  0%| F|  |TAMS 0x0000000085800000, 0x0000000085800000| Untracked 
|  89|0x0000000085900000, 0x0000000085900000, 0x0000000085a00000|  0%| F|  |TAMS 0x0000000085900000, 0x0000000085900000| Untracked 
|  90|0x0000000085a00000, 0x0000000085a00000, 0x0000000085b00000|  0%| F|  |TAMS 0x0000000085a00000, 0x0000000085a00000| Untracked 
|  91|0x0000000085b00000, 0x0000000085b00000, 0x0000000085c00000|  0%| F|  |TAMS 0x0000000085b00000, 0x0000000085b00000| Untracked 
|  92|0x0000000085c00000, 0x0000000085c00000, 0x0000000085d00000|  0%| F|  |TAMS 0x0000000085c00000, 0x0000000085c00000| Untracked 
|  93|0x0000000085d00000, 0x0000000085d00000, 0x0000000085e00000|  0%| F|  |TAMS 0x0000000085d00000, 0x0000000085d00000| Untracked 
|  94|0x0000000085e00000, 0x0000000085e00000, 0x0000000085f00000|  0%| F|  |TAMS 0x0000000085e00000, 0x0000000085e00000| Untracked 
|  95|0x0000000085f00000, 0x0000000085f00000, 0x0000000086000000|  0%| F|  |TAMS 0x0000000085f00000, 0x0000000085f00000| Untracked 
|  96|0x0000000086000000, 0x0000000086000000, 0x0000000086100000|  0%| F|  |TAMS 0x0000000086000000, 0x0000000086000000| Untracked 
|  97|0x0000000086100000, 0x0000000086100000, 0x0000000086200000|  0%| F|  |TAMS 0x0000000086100000, 0x0000000086100000| Untracked 
|  98|0x0000000086200000, 0x0000000086200000, 0x0000000086300000|  0%| F|  |TAMS 0x0000000086200000, 0x0000000086200000| Untracked 
|  99|0x0000000086300000, 0x0000000086300000, 0x0000000086400000|  0%| F|  |TAMS 0x0000000086300000, 0x0000000086300000| Untracked 
| 100|0x0000000086400000, 0x0000000086400000, 0x0000000086500000|  0%| F|  |TAMS 0x0000000086400000, 0x0000000086400000| Untracked 
| 101|0x0000000086500000, 0x0000000086500000, 0x0000000086600000|  0%| F|  |TAMS 0x0000000086500000, 0x0000000086500000| Untracked 
| 102|0x0000000086600000, 0x0000000086600000, 0x0000000086700000|  0%| F|  |TAMS 0x0000000086600000, 0x0000000086600000| Untracked 
| 103|0x0000000086700000, 0x0000000086700000, 0x0000000086800000|  0%| F|  |TAMS 0x0000000086700000, 0x0000000086700000| Untracked 
| 104|0x0000000086800000, 0x0000000086800000, 0x0000000086900000|  0%| F|  |TAMS 0x0000000086800000, 0x0000000086800000| Untracked 
| 105|0x0000000086900000, 0x0000000086900000, 0x0000000086a00000|  0%| F|  |TAMS 0x0000000086900000, 0x0000000086900000| Untracked 
| 106|0x0000000086a00000, 0x0000000086a00000, 0x0000000086b00000|  0%| F|  |TAMS 0x0000000086a00000, 0x0000000086a00000| Untracked 
| 107|0x0000000086b00000, 0x0000000086b00000, 0x0000000086c00000|  0%| F|  |TAMS 0x0000000086b00000, 0x0000000086b00000| Untracked 
| 108|0x0000000086c00000, 0x0000000086c00000, 0x0000000086d00000|  0%| F|  |TAMS 0x0000000086c00000, 0x0000000086c00000| Untracked 
| 109|0x0000000086d00000, 0x0000000086d00000, 0x0000000086e00000|  0%| F|  |TAMS 0x0000000086d00000, 0x0000000086d00000| Untracked 
| 110|0x0000000086e00000, 0x0000000086e00000, 0x0000000086f00000|  0%| F|  |TAMS 0x0000000086e00000, 0x0000000086e00000| Untracked 
| 111|0x0000000086f00000, 0x0000000086f00000, 0x0000000087000000|  0%| F|  |TAMS 0x0000000086f00000, 0x0000000086f00000| Untracked 
| 112|0x0000000087000000, 0x0000000087000000, 0x0000000087100000|  0%| F|  |TAMS 0x0000000087000000, 0x0000000087000000| Untracked 
| 113|0x0000000087100000, 0x0000000087100000, 0x0000000087200000|  0%| F|  |TAMS 0x0000000087100000, 0x0000000087100000| Untracked 
| 114|0x0000000087200000, 0x0000000087200000, 0x0000000087300000|  0%| F|  |TAMS 0x0000000087200000, 0x0000000087200000| Untracked 
| 115|0x0000000087300000, 0x0000000087300000, 0x0000000087400000|  0%| F|  |TAMS 0x0000000087300000, 0x0000000087300000| Untracked 
| 116|0x0000000087400000, 0x0000000087400000, 0x0000000087500000|  0%| F|  |TAMS 0x0000000087400000, 0x0000000087400000| Untracked 
| 117|0x0000000087500000, 0x0000000087500000, 0x0000000087600000|  0%| F|  |TAMS 0x0000000087500000, 0x0000000087500000| Untracked 
| 118|0x0000000087600000, 0x0000000087600000, 0x0000000087700000|  0%| F|  |TAMS 0x0000000087600000, 0x0000000087600000| Untracked 
| 119|0x0000000087700000, 0x00000000877844e0, 0x0000000087800000| 51%| E|  |TAMS 0x0000000087700000, 0x0000000087700000| Complete 
| 120|0x0000000087800000, 0x0000000087900000, 0x0000000087900000|100%| E|CS|TAMS 0x0000000087800000, 0x0000000087800000| Complete 
| 121|0x0000000087900000, 0x0000000087a00000, 0x0000000087a00000|100%| E|CS|TAMS 0x0000000087900000, 0x0000000087900000| Complete 
| 122|0x0000000087a00000, 0x0000000087b00000, 0x0000000087b00000|100%| E|CS|TAMS 0x0000000087a00000, 0x0000000087a00000| Complete 
| 123|0x0000000087b00000, 0x0000000087c00000, 0x0000000087c00000|100%| E|CS|TAMS 0x0000000087b00000, 0x0000000087b00000| Complete 
| 124|0x0000000087c00000, 0x0000000087d00000, 0x0000000087d00000|100%| E|CS|TAMS 0x0000000087c00000, 0x0000000087c00000| Complete 
| 125|0x0000000087d00000, 0x0000000087e00000, 0x0000000087e00000|100%| E|CS|TAMS 0x0000000087d00000, 0x0000000087d00000| Complete 
| 126|0x0000000087e00000, 0x0000000087f00000, 0x0000000087f00000|100%| E|CS|TAMS 0x0000000087e00000, 0x0000000087e00000| Complete 
| 127|0x0000000087f00000, 0x0000000088000000, 0x0000000088000000|100%| E|CS|TAMS 0x0000000087f00000, 0x0000000087f00000| Complete 
| 128|0x0000000088000000, 0x0000000088100000, 0x0000000088100000|100%| E|CS|TAMS 0x0000000088000000, 0x0000000088000000| Complete 
| 129|0x0000000088100000, 0x0000000088200000, 0x0000000088200000|100%| E|CS|TAMS 0x0000000088100000, 0x0000000088100000| Complete 
| 130|0x0000000088200000, 0x0000000088300000, 0x0000000088300000|100%| E|CS|TAMS 0x0000000088200000, 0x0000000088200000| Complete 
| 131|0x0000000088300000, 0x0000000088400000, 0x0000000088400000|100%| E|CS|TAMS 0x0000000088300000, 0x0000000088300000| Complete 
| 132|0x0000000088400000, 0x0000000088500000, 0x0000000088500000|100%| E|CS|TAMS 0x0000000088400000, 0x0000000088400000| Complete 
| 133|0x0000000088500000, 0x0000000088600000, 0x0000000088600000|100%| E|CS|TAMS 0x0000000088500000, 0x0000000088500000| Complete 
| 134|0x0000000088600000, 0x0000000088700000, 0x0000000088700000|100%| E|CS|TAMS 0x0000000088600000, 0x0000000088600000| Complete 
| 135|0x0000000088700000, 0x0000000088800000, 0x0000000088800000|100%| S|CS|TAMS 0x0000000088700000, 0x0000000088700000| Complete 
| 136|0x0000000088800000, 0x0000000088900000, 0x0000000088900000|100%| S|CS|TAMS 0x0000000088800000, 0x0000000088800000| Complete 
| 137|0x0000000088900000, 0x0000000088a00000, 0x0000000088a00000|100%| S|CS|TAMS 0x0000000088900000, 0x0000000088900000| Complete 
| 138|0x0000000088a00000, 0x0000000088b00000, 0x0000000088b00000|100%| S|CS|TAMS 0x0000000088a00000, 0x0000000088a00000| Complete 
| 139|0x0000000088b00000, 0x0000000088c00000, 0x0000000088c00000|100%| S|CS|TAMS 0x0000000088b00000, 0x0000000088b00000| Complete 
| 140|0x0000000088c00000, 0x0000000088d00000, 0x0000000088d00000|100%| S|CS|TAMS 0x0000000088c00000, 0x0000000088c00000| Complete 
| 141|0x0000000088d00000, 0x0000000088e00000, 0x0000000088e00000|100%| S|CS|TAMS 0x0000000088d00000, 0x0000000088d00000| Complete 
| 142|0x0000000088e00000, 0x0000000088f00000, 0x0000000088f00000|100%| E|CS|TAMS 0x0000000088e00000, 0x0000000088e00000| Complete 
| 143|0x0000000088f00000, 0x0000000089000000, 0x0000000089000000|100%| E|CS|TAMS 0x0000000088f00000, 0x0000000088f00000| Complete 
| 144|0x0000000089000000, 0x0000000089100000, 0x0000000089100000|100%| E|CS|TAMS 0x0000000089000000, 0x0000000089000000| Complete 
| 145|0x0000000089100000, 0x0000000089200000, 0x0000000089200000|100%| E|CS|TAMS 0x0000000089100000, 0x0000000089100000| Complete 
| 146|0x0000000089200000, 0x0000000089300000, 0x0000000089300000|100%| E|CS|TAMS 0x0000000089200000, 0x0000000089200000| Complete 
| 147|0x0000000089300000, 0x0000000089400000, 0x0000000089400000|100%| E|CS|TAMS 0x0000000089300000, 0x0000000089300000| Complete 
| 148|0x0000000089400000, 0x0000000089500000, 0x0000000089500000|100%| E|CS|TAMS 0x0000000089400000, 0x0000000089400000| Complete 
| 149|0x0000000089500000, 0x0000000089600000, 0x0000000089600000|100%| E|CS|TAMS 0x0000000089500000, 0x0000000089500000| Complete 
| 150|0x0000000089600000, 0x0000000089700000, 0x0000000089700000|100%| E|CS|TAMS 0x0000000089600000, 0x0000000089600000| Complete 
| 151|0x0000000089700000, 0x0000000089800000, 0x0000000089800000|100%| E|CS|TAMS 0x0000000089700000, 0x0000000089700000| Complete 
| 152|0x0000000089800000, 0x0000000089900000, 0x0000000089900000|100%| E|CS|TAMS 0x0000000089800000, 0x0000000089800000| Complete 
| 153|0x0000000089900000, 0x0000000089a00000, 0x0000000089a00000|100%| E|CS|TAMS 0x0000000089900000, 0x0000000089900000| Complete 

Card table byte_map: [0x000002316ba70000,0x000002316be70000] _byte_map_base: 0x000002316b670000

Marking Bits (Prev, Next): (CMBitMap*) 0x00000231532fe828, (CMBitMap*) 0x00000231532fe860
 Prev Bits: [0x000002316c270000, 0x000002316e270000)
 Next Bits: [0x000002316e270000, 0x0000023170270000)

Polling page: 0x00000231531f0000

Metaspace:

Usage:
  Non-class:     31.50 MB capacity,    30.76 MB ( 98%) used,   608.55 KB (  2%) free+waste,   155.19 KB ( <1%) overhead. 
      Class:      4.71 MB capacity,     4.19 MB ( 89%) used,   455.70 KB (  9%) free+waste,    79.31 KB (  2%) overhead. 
       Both:     36.22 MB capacity,    34.95 MB ( 96%) used,     1.04 MB (  3%) free+waste,   234.50 KB ( <1%) overhead. 

Virtual space:
  Non-class space:       32.00 MB reserved,      31.67 MB ( 99%) committed 
      Class space:        1.00 GB reserved,       4.75 MB ( <1%) committed 
             Both:        1.03 GB reserved,      36.42 MB (  3%) committed 

Chunk freelists:
   Non-Class:  5.38 KB
       Class:  1.00 KB
        Both:  6.38 KB

CodeHeap 'non-profiled nmethods': size=120064Kb used=1462Kb max_used=1462Kb free=118601Kb
 bounds [0x0000023164530000, 0x00000231647a0000, 0x000002316ba70000]
CodeHeap 'profiled nmethods': size=120000Kb used=7650Kb max_used=7650Kb free=112349Kb
 bounds [0x000002315d000000, 0x000002315d780000, 0x0000023164530000]
CodeHeap 'non-nmethods': size=5696Kb used=1151Kb max_used=1199Kb free=4544Kb
 bounds [0x000002315ca70000, 0x000002315cce0000, 0x000002315d000000]
 total_blobs=4041 nmethods=3570 adapters=382
 compilation: enabled
              stopped_count=0, restarted_count=0
 full_count=0

Compilation events (10 events):
Event: 7.764 Thread 0x00000231726a5800 3583       2       java.lang.ThreadLocal$ThreadLocalMap::cleanSomeSlots (60 bytes)
Event: 7.765 Thread 0x00000231726a5800 nmethod 3583 0x000002315d777490 code [0x000002315d777640, 0x000002315d777888]
Event: 7.767 Thread 0x00000231726a5800 3584       1       org.springframework.core.annotation.AnnotationTypeMapping::getSource (5 bytes)
Event: 7.767 Thread 0x00000231726a5800 nmethod 3584 0x000002316469d790 code [0x000002316469d920, 0x000002316469d9d8]
Event: 7.770 Thread 0x00000231726a5800 3585       2       java.util.LinkedHashMap::get (33 bytes)
Event: 7.771 Thread 0x00000231726a5800 nmethod 3585 0x000002315d777a10 code [0x000002315d777bc0, 0x000002315d777da8]
Event: 7.773 Thread 0x00000231726a5800 3586       2       java.util.LinkedHashSet::<init> (27 bytes)
Event: 7.773 Thread 0x00000231726a5800 nmethod 3586 0x000002315d777f10 code [0x000002315d778100, 0x000002315d778368]
Event: 7.791 Thread 0x00000231726a5800 3587       2       java.lang.Package$VersionInfo::getInstance (53 bytes)
Event: 7.791 Thread 0x00000231726a5800 nmethod 3587 0x000002315d778490 code [0x000002315d778640, 0x000002315d778888]

GC Heap History (10 events):
Event: 0.912 GC heap before
{Heap before GC invocations=1 (full 0):
 garbage-first heap   total 131072K, used 7485K [0x0000000080000000, 0x0000000100000000)
  region size 1024K, 6 young (6144K), 1 survivors (1024K)
 Metaspace       used 10155K, capacity 10373K, committed 10624K, reserved 1058816K
  class space    used 945K, capacity 1044K, committed 1152K, reserved 1048576K
}
Event: 0.917 GC heap after
{Heap after GC invocations=2 (full 0):
 garbage-first heap   total 131072K, used 5120K [0x0000000080000000, 0x0000000100000000)
  region size 1024K, 1 young (1024K), 1 survivors (1024K)
 Metaspace       used 10155K, capacity 10373K, committed 10624K, reserved 1058816K
  class space    used 945K, capacity 1044K, committed 1152K, reserved 1048576K
}
Event: 3.147 GC heap before
{Heap before GC invocations=2 (full 0):
 garbage-first heap   total 131072K, used 58368K [0x0000000080000000, 0x0000000100000000)
  region size 1024K, 54 young (55296K), 1 survivors (1024K)
 Metaspace       used 20505K, capacity 21149K, committed 21296K, reserved 1069056K
  class space    used 2301K, capacity 2584K, committed 2688K, reserved 1048576K
}
Event: 3.158 GC heap after
{Heap after GC invocations=3 (full 0):
 garbage-first heap   total 131072K, used 7739K [0x0000000080000000, 0x0000000100000000)
  region size 1024K, 4 young (4096K), 4 survivors (4096K)
 Metaspace       used 20505K, capacity 21149K, committed 21296K, reserved 1069056K
  class space    used 2301K, capacity 2584K, committed 2688K, reserved 1048576K
}
Event: 4.820 GC heap before
{Heap before GC invocations=4 (full 0):
 garbage-first heap   total 131072K, used 62011K [0x0000000080000000, 0x0000000100000000)
  region size 1024K, 57 young (58368K), 4 survivors (4096K)
 Metaspace       used 28445K, capacity 29390K, committed 29488K, reserved 1075200K
  class space    used 3314K, capacity 3695K, committed 3712K, reserved 1048576K
}
Event: 4.835 GC heap after
{Heap after GC invocations=5 (full 0):
 garbage-first heap   total 131072K, used 9425K [0x0000000080000000, 0x0000000100000000)
  region size 1024K, 6 young (6144K), 6 survivors (6144K)
 Metaspace       used 28445K, capacity 29390K, committed 29488K, reserved 1075200K
  class space    used 3314K, capacity 3695K, committed 3712K, reserved 1048576K
}
Event: 6.814 GC heap before
{Heap before GC invocations=5 (full 0):
 garbage-first heap   total 131072K, used 67793K [0x0000000080000000, 0x0000000100000000)
  region size 1024K, 63 young (64512K), 6 survivors (6144K)
 Metaspace       used 33795K, capacity 35046K, committed 35248K, reserved 1079296K
  class space    used 4008K, capacity 4506K, committed 4608K, reserved 1048576K
}
Event: 6.846 GC heap after
{Heap after GC invocations=6 (full 0):
 garbage-first heap   total 157696K, used 13902K [0x0000000080000000, 0x0000000100000000)
  region size 1024K, 7 young (7168K), 7 survivors (7168K)
 Metaspace       used 33795K, capacity 35046K, committed 35248K, reserved 1079296K
  class space    used 4008K, capacity 4506K, committed 4608K, reserved 1048576K
}
Event: 7.172 GC heap before
{Heap before GC invocations=6 (full 0):
 garbage-first heap   total 157696K, used 25166K [0x0000000080000000, 0x0000000100000000)
  region size 1024K, 19 young (19456K), 7 survivors (7168K)
 Metaspace       used 34509K, capacity 35714K, committed 35888K, reserved 1081344K
  class space    used 4109K, capacity 4623K, committed 4736K, reserved 1048576K
}
Event: 7.192 GC heap after
{Heap after GC invocations=7 (full 0):
 garbage-first heap   total 157696K, used 14527K [0x0000000080000000, 0x0000000100000000)
  region size 1024K, 7 young (7168K), 7 survivors (7168K)
 Metaspace       used 34509K, capacity 35714K, committed 35888K, reserved 1081344K
  class space    used 4109K, capacity 4623K, committed 4736K, reserved 1048576K
}

Deoptimization events (10 events):
Event: 6.029 Thread 0x00000231553bb800 Uncommon trap: reason=class_check action=maybe_recompile pc=0x00000231645eb584 method=java.lang.invoke.LambdaForm$Name.replaceNames([Ljava/lang/invoke/LambdaForm$Name;[Ljava/lang/invoke/LambdaForm$Name;II)Ljava/lang/invoke/LambdaForm$Name; @ 33 c2
Event: 6.029 Thread 0x00000231553bb800 Uncommon trap: reason=class_check action=maybe_recompile pc=0x00000231645eb584 method=java.lang.invoke.LambdaForm$Name.replaceNames([Ljava/lang/invoke/LambdaForm$Name;[Ljava/lang/invoke/LambdaForm$Name;II)Ljava/lang/invoke/LambdaForm$Name; @ 33 c2
Event: 6.173 Thread 0x00000231553bb800 Uncommon trap: reason=unstable_if action=reinterpret pc=0x00000231645ac7c4 method=sun.net.www.ParseUtil.firstEncodeIndex(Ljava/lang/String;)I @ 51 c2
Event: 6.173 Thread 0x00000231553bb800 Uncommon trap: reason=unstable_if action=reinterpret pc=0x000002316458a124 method=sun.net.www.ParseUtil.firstEncodeIndex(Ljava/lang/String;)I @ 51 c2
Event: 6.175 Thread 0x00000231553bb800 Uncommon trap: reason=unstable_if action=reinterpret pc=0x0000023164586c44 method=sun.net.www.ParseUtil.firstEncodeIndex(Ljava/lang/String;)I @ 51 c2
Event: 6.214 Thread 0x00000231553bb800 Uncommon trap: reason=unstable_if action=reinterpret pc=0x000002316462dedc method=org.springframework.util.ConcurrentReferenceHashMap$Segment.findInChain(Lorg/springframework/util/ConcurrentReferenceHashMap$Reference;Ljava/lang/Object;I)Lorg/springframewo
Event: 6.538 Thread 0x00000231553bb800 Uncommon trap: reason=predicate action=maybe_recompile pc=0x0000023164675eb0 method=java.util.AbstractCollection.toArray([Ljava/lang/Object;)[Ljava/lang/Object; @ 43 c2
Event: 7.515 Thread 0x00000231553bb800 Uncommon trap: reason=unstable_if action=reinterpret pc=0x0000023164674c98 method=org.springframework.beans.factory.support.DefaultSingletonBeanRegistry.getSingleton(Ljava/lang/String;Z)Ljava/lang/Object; @ 39 c2
Event: 7.726 Thread 0x00000231553bb800 Uncommon trap: reason=unstable_if action=reinterpret pc=0x00000231645d9e5c method=org.springframework.util.ConcurrentReferenceHashMap$Segment.clear()V @ 7 c2
Event: 7.769 Thread 0x00000231553bb800 Uncommon trap: reason=unstable_if action=reinterpret pc=0x00000231645d6c7c method=java.util.LinkedHashMap.get(Ljava/lang/Object;)Ljava/lang/Object; @ 20 c2

Classes redefined (0 events):
No events

Internal exceptions (10 events):
Event: 7.668 Thread 0x00000231553bb800 Exception <a 'java/lang/ClassNotFoundException'{0x0000000087df5868}: org/springframework/beans/factory/DisposableBeanCustomizer> (0x0000000087df5868) thrown at [./open/src/hotspot/share/classfile/systemDictionary.cpp, line 226]
Event: 7.671 Thread 0x00000231553bb800 Exception <a 'java/lang/ClassNotFoundException'{0x0000000087c138e8}: java/lang/ObjectCustomizer> (0x0000000087c138e8) thrown at [./open/src/hotspot/share/classfile/systemDictionary.cpp, line 226]
Event: 7.697 Thread 0x00000231553bb800 Exception <a 'java/lang/ClassNotFoundException'{0x0000000087c29690}: org/springframework/web/multipart/support/StandardServletMultipartResolverCustomizer> (0x0000000087c29690) thrown at [./open/src/hotspot/share/classfile/systemDictionary.cpp, line 226]
Event: 7.698 Thread 0x00000231553bb800 Exception <a 'java/lang/ClassNotFoundException'{0x0000000087c3f2a8}: org/springframework/web/multipart/MultipartResolverCustomizer> (0x0000000087c3f2a8) thrown at [./open/src/hotspot/share/classfile/systemDictionary.cpp, line 226]
Event: 7.713 Thread 0x00000231553bb800 Exception <a 'java/lang/NoSuchMethodError'{0x0000000087c8ead0}: java.lang.invoke.DirectMethodHandle$Holder.invokeSpecial(Ljava/lang/Object;Ljava/lang/Object;ILjava/lang/Object;ILjava/lang/Object;)Ljava/lang/Object;> (0x0000000087c8ead0) thrown at [./open/
Event: 7.713 Thread 0x00000231553bb800 Exception <a 'java/lang/NoSuchMethodError'{0x0000000087c96500}: java.lang.invoke.DirectMethodHandle$Holder.invokeStatic(Ljava/lang/Object;Ljava/lang/Object;ILjava/lang/Object;I)Ljava/lang/Object;> (0x0000000087c96500) thrown at [./open/src/hotspot/share/i
Event: 7.714 Thread 0x00000231553bb800 Exception <a 'java/lang/NoSuchMethodError'{0x0000000087c9a228}: java.lang.invoke.DirectMethodHandle$Holder.invokeSpecial(Ljava/lang/Object;Ljava/lang/Object;Ljava/lang/Object;ILjava/lang/Object;I)Ljava/lang/Object;> (0x0000000087c9a228) thrown at [./open/
Event: 7.715 Thread 0x00000231553bb800 Exception <a 'java/lang/NoSuchMethodError'{0x0000000087ca71b8}: java.lang.invoke.DirectMethodHandle$Holder.invokeVirtual(Ljava/lang/Object;Ljava/lang/Object;)V> (0x0000000087ca71b8) thrown at [./open/src/hotspot/share/interpreter/linkResolver.cpp, line 77
Event: 7.769 Thread 0x00000231553bb800 Exception <a 'java/lang/ClassNotFoundException'{0x0000000087a2fcd0}: java/lang/ObjectCustomizer> (0x0000000087a2fcd0) thrown at [./open/src/hotspot/share/classfile/systemDictionary.cpp, line 226]
Event: 7.770 Thread 0x00000231553bb800 Exception <a 'java/lang/ClassNotFoundException'{0x0000000087a40990}: com/example/demo/DemoApplicationTestsCustomizer> (0x0000000087a40990) thrown at [./open/src/hotspot/share/classfile/systemDictionary.cpp, line 226]

Events (10 events):
Event: 7.815 loading class net/bytebuddy/dynamic/loading/PackageDefinitionStrategy
Event: 7.815 loading class net/bytebuddy/dynamic/loading/PackageDefinitionStrategy done
Event: 7.816 loading class net/bytebuddy/dynamic/loading/ClassInjector$UsingReflection$Dispatcher$CreationAction
Event: 7.816 loading class net/bytebuddy/dynamic/loading/ClassInjector$UsingReflection$Dispatcher$CreationAction done
Event: 7.816 loading class net/bytebuddy/dynamic/loading/ClassInjector$UsingReflection$Dispatcher$Initializable
Event: 7.816 loading class net/bytebuddy/dynamic/loading/ClassInjector$UsingReflection$Dispatcher$Initializable done
Event: 7.817 loading class net/bytebuddy/utility/JavaModule
Event: 7.817 loading class net/bytebuddy/utility/JavaModule done
Event: 7.817 loading class net/bytebuddy/description/NamedElement$WithOptionalName
Event: 7.817 loading class net/bytebuddy/description/NamedElement$WithOptionalName done


Dynamic libraries:
0x00007ff7a41b0000 - 0x00007ff7a41bf000 	C:\Program Files\Java\jdk-11.0.16\bin\java.exe
0x00007ffa2ad50000 - 0x00007ffa2af48000 	C:\Windows\SYSTEM32\ntdll.dll
0x00007ffa295f0000 - 0x00007ffa296ad000 	C:\Windows\System32\KERNEL32.DLL
0x00007ffa287b0000 - 0x00007ffa28a82000 	C:\Windows\System32\KERNELBASE.dll
0x00007ffa286b0000 - 0x00007ffa287b0000 	C:\Windows\System32\ucrtbase.dll
0x00007ffa14df0000 - 0x00007ffa14e08000 	C:\Program Files\Java\jdk-11.0.16\bin\jli.dll
0x00007ffa2a470000 - 0x00007ffa2a51e000 	C:\Windows\System32\ADVAPI32.dll
0x00007ffa29300000 - 0x00007ffa2939e000 	C:\Windows\System32\msvcrt.dll
0x00007ffa2a350000 - 0x00007ffa2a3ec000 	C:\Windows\System32\sechost.dll
0x00007ffa2aab0000 - 0x00007ffa2abd5000 	C:\Windows\System32\RPCRT4.dll
0x00007ffa29930000 - 0x00007ffa29acd000 	C:\Windows\System32\USER32.dll
0x00007ffa28d80000 - 0x00007ffa28da2000 	C:\Windows\System32\win32u.dll
0x00007ffa29480000 - 0x00007ffa294ab000 	C:\Windows\System32\GDI32.dll
0x00007ffa28c40000 - 0x00007ffa28d4f000 	C:\Windows\System32\gdi32full.dll
0x00007ffa284b0000 - 0x00007ffa2854d000 	C:\Windows\System32\msvcp_win.dll
0x00007ffa0f570000 - 0x00007ffa0f585000 	C:\Program Files\Java\jdk-11.0.16\bin\VCRUNTIME140.dll
0x00007ffa0a9f0000 - 0x00007ffa0ac8a000 	C:\Windows\WinSxS\amd64_microsoft.windows.common-controls_6595b64144ccf1df_6.0.19041.1110_none_60b5254171f9507e\COMCTL32.dll
0x00007ffa208a0000 - 0x00007ffa208aa000 	C:\Windows\SYSTEM32\VERSION.dll
0x00007ffa28db0000 - 0x00007ffa28de0000 	C:\Windows\System32\IMM32.DLL
0x00007ff9ec310000 - 0x00007ff9ec3ab000 	C:\Program Files\Java\jdk-11.0.16\bin\msvcp140.dll
0x00007ff9dfe50000 - 0x00007ff9e0968000 	C:\Program Files\Java\jdk-11.0.16\bin\server\jvm.dll
0x00007ffa29ad0000 - 0x00007ffa29ad8000 	C:\Windows\System32\PSAPI.DLL
0x00007ffa0ec30000 - 0x00007ffa0ec39000 	C:\Windows\SYSTEM32\WSOCK32.dll
0x00007ffa2a2e0000 - 0x00007ffa2a34b000 	C:\Windows\System32\WS2_32.dll
0x00007ffa08100000 - 0x00007ffa08127000 	C:\Windows\SYSTEM32\WINMM.dll
0x00007ffa26300000 - 0x00007ffa26312000 	C:\Windows\SYSTEM32\kernel.appcore.dll
0x00007ffa14de0000 - 0x00007ffa14df0000 	C:\Program Files\Java\jdk-11.0.16\bin\verify.dll
0x00007ffa1a480000 - 0x00007ffa1a664000 	C:\Windows\SYSTEM32\DBGHELP.DLL
0x00007ffa1a980000 - 0x00007ffa1a9ac000 	C:\Windows\SYSTEM32\dbgcore.DLL
0x00007ffa28b40000 - 0x00007ffa28bc2000 	C:\Windows\System32\bcryptPrimitives.dll
0x00007ffa0edc0000 - 0x00007ffa0ede8000 	C:\Program Files\Java\jdk-11.0.16\bin\java.dll
0x00007ffa0f870000 - 0x00007ffa0f87a000 	C:\Program Files\Java\jdk-11.0.16\bin\jimage.dll
0x00007ffa0c090000 - 0x00007ffa0c0a6000 	C:\Program Files\Java\jdk-11.0.16\bin\zip.dll
0x00007ffa29ae0000 - 0x00007ffa2a223000 	C:\Windows\System32\SHELL32.dll
0x00007ffa26500000 - 0x00007ffa26c91000 	C:\Windows\SYSTEM32\windows.storage.dll
0x00007ffa28e70000 - 0x00007ffa291c4000 	C:\Windows\System32\combase.dll
0x00007ffa27d00000 - 0x00007ffa27d30000 	C:\Windows\SYSTEM32\Wldp.dll
0x00007ffa2a230000 - 0x00007ffa2a2dd000 	C:\Windows\System32\SHCORE.dll
0x00007ffa298c0000 - 0x00007ffa29915000 	C:\Windows\System32\shlwapi.dll
0x00007ffa283a0000 - 0x00007ffa283bf000 	C:\Windows\SYSTEM32\profapi.dll
0x00007ffa07500000 - 0x00007ffa07519000 	C:\Program Files\Java\jdk-11.0.16\bin\net.dll
0x00007ffa1fbc0000 - 0x00007ffa1fccd000 	C:\Windows\SYSTEM32\WINHTTP.dll
0x00007ffa27ae0000 - 0x00007ffa27b4a000 	C:\Windows\system32\mswsock.dll
0x00007ffa05fc0000 - 0x00007ffa05fd2000 	C:\Program Files\Java\jdk-11.0.16\bin\nio.dll
0x00007ffa0b740000 - 0x00007ffa0b749000 	C:\Program Files\Java\jdk-11.0.16\bin\management.dll
0x00007ffa074f0000 - 0x00007ffa074fb000 	C:\Program Files\Java\jdk-11.0.16\bin\management_ext.dll
0x00007ffa0d7a0000 - 0x00007ffa0d7b7000 	C:\Windows\system32\napinsp.dll
0x00007ffa0d780000 - 0x00007ffa0d79b000 	C:\Windows\system32\pnrpnsp.dll
0x00007ffa0d760000 - 0x00007ffa0d775000 	C:\Windows\system32\wshbth.dll
0x00007ffa23c50000 - 0x00007ffa23c6d000 	C:\Windows\system32\NLAapi.dll
0x00007ffa277f0000 - 0x00007ffa2782b000 	C:\Windows\SYSTEM32\IPHLPAPI.DLL
0x00007ffa27840000 - 0x00007ffa2790a000 	C:\Windows\SYSTEM32\DNSAPI.dll
0x00007ffa2a990000 - 0x00007ffa2a998000 	C:\Windows\System32\NSI.dll
0x00007ffa0d740000 - 0x00007ffa0d752000 	C:\Windows\System32\winrnr.dll
0x00007ffa1f230000 - 0x00007ffa1f23a000 	C:\Windows\System32\rasadhlp.dll
0x00007ffa1f9a0000 - 0x00007ffa1fa20000 	C:\Windows\System32\fwpuclnt.dll
0x00007ffa28d50000 - 0x00007ffa28d77000 	C:\Windows\System32\bcrypt.dll

dbghelp: loaded successfully - version: 4.0.5 - missing functions: none
symbol engine: initialized successfully - sym options: 0x614 - pdb path: .;C:\Program Files\Java\jdk-11.0.16\bin;C:\Windows\SYSTEM32;C:\Windows\WinSxS\amd64_microsoft.windows.common-controls_6595b64144ccf1df_6.0.19041.1110_none_60b5254171f9507e;C:\Program Files\Java\jdk-11.0.16\bin\server

VM Arguments:
java_command: C:\Users\sfjbs\AppData\Local\Temp\surefire6227585654462828845\surefirebooter7135658780475619975.jar C:\Users\sfjbs\AppData\Local\Temp\surefire6227585654462828845 2022-11-02T04-14-09_228-jvmRun1 surefire16447239865578264320tmp surefire_05581820504233226192tmp
java_class_path (initial): C:\Users\sfjbs\AppData\Local\Temp\surefire6227585654462828845\surefirebooter7135658780475619975.jar
Launcher Type: SUN_STANDARD

[Global flags]
     intx CICompilerCount                          = 2                                         {product} {ergonomic}
     uint ConcGCThreads                            = 1                                         {product} {ergonomic}
     uint G1ConcRefinementThreads                  = 2                                         {product} {ergonomic}
   size_t G1HeapRegionSize                         = 1048576                                   {product} {ergonomic}
    uintx GCDrainStackTargetSize                   = 64                                        {product} {ergonomic}
   size_t InitialHeapSize                          = 134217728                                 {product} {ergonomic}
   size_t MarkStackSize                            = 4194304                                   {product} {ergonomic}
   size_t MaxHeapSize                              = 2147483648                                {product} {ergonomic}
   size_t MaxNewSize                               = 1287651328                                {product} {ergonomic}
   size_t MinHeapDeltaBytes                        = 1048576                                   {product} {ergonomic}
    uintx NonNMethodCodeHeapSize                   = 5825164                                {pd product} {ergonomic}
    uintx NonProfiledCodeHeapSize                  = 122916538                              {pd product} {ergonomic}
    uintx ProfiledCodeHeapSize                     = 122916538                              {pd product} {ergonomic}
    uintx ReservedCodeCacheSize                    = 251658240                              {pd product} {ergonomic}
     bool SegmentedCodeCache                       = true                                      {product} {ergonomic}
     bool UseCompressedClassPointers               = true                                 {lp64_product} {ergonomic}
     bool UseCompressedOops                        = true                                 {lp64_product} {ergonomic}
     bool UseG1GC                                  = true                                      {product} {ergonomic}
     bool UseLargePagesIndividualAllocation        = false                                  {pd product} {ergonomic}

Logging:
Log output configuration:
 #0: stdout all=warning uptime,level,tags
 #1: stderr all=off uptime,level,tags

Environment Variables:
PATH=C:\Program Files\Common Files\Oracle\Java\javapath;C:\Windows\system32;C:\Windows;C:\Windows\System32\Wbem;C:\Windows\System32\WindowsPowerShell\v1.0\;C:\Windows\System32\OpenSSH\;C:\Users\sfjbs\Downloads\micro service-20221021T071039Z-001\micro service\apache-maven-3.8.5-bin\apache-maven-3.8.5\bin;C:\Users\sfjbs\Downloads\micro service-20221021T071039Z-001\micro service\apache-maven-3.8.5-bin\apache-maven-3.8.5\lib;C:\Program Files\Git\cmd;C:\Program Files\Docker\Docker\resources\bin;C:\Users\sfjbs\AppData\Local\Microsoft\WindowsApps;C:\Users\sfjbs\Downloads\micro service-20221021T071039Z-001\micro service\apache-maven-3.8.5-bin\apache-maven-3.8.5\bin;C:\Users\sfjbs\Downloads\micro service-20221021T071039Z-001\micro service\apache-maven-3.8.5-bin\apache-maven-3.8.5\lib;;C:\Program Files\JetBrains\IntelliJ IDEA Community Edition 2022.2.1\bin;
USERNAME=sfjbs
OS=Windows_NT
PROCESSOR_IDENTIFIER=Intel64 Family 6 Model 85 Stepping 7, GenuineIntel



---------------  S Y S T E M  ---------------

OS: Windows 10 , 64 bit Build 19041 (10.0.19041.1889)
Hyper-V role detected

CPU:total 2 (initial active 2) (1 cores per cpu, 2 threads per core) family 6 model 85 stepping 7 microcode 0xffffffff, cmov, cx8, fxsr, mmx, sse, sse2, sse3, ssse3, sse4.1, sse4.2, popcnt, avx, avx2, aes, clmul, erms, rtm, 3dnowpref, lzcnt, ht, tsc, bmi1, bmi2, adx, evex, fma

Memory: 4k page, system-wide physical 8190M (802M free)
TotalPageFile size 10238M (AvailPageFile size 5M)
current process WorkingSet (physical memory assigned to process): 226M, peak: 226M
current process commit charge ("private bytes"): 309M, peak: 311M

vm_info: Java HotSpot(TM) 64-Bit Server VM (11.0.16+11-LTS-199) for windows-amd64 JRE (11.0.16+11-LTS-199), built on Jun 28 2022 08:23:17 by "mach5one" with MS VC++ 15.9 (VS2017)

END.
