#
# There is insufficient memory for the Java Runtime Environment to continue.
# Native memory allocation (malloc) failed to allocate 360656 bytes for Chunk::new
# Possible reasons:
#   The system is out of physical RAM or swap space
#   The process is running with CompressedOops enabled, and the Java Heap may be blocking the growth of the native heap
# Possible solutions:
#   Reduce memory load on the system
#   Increase physical memory or swap space
#   Check if swap backing store is full
#   Decrease Java heap size (-Xmx/-Xms)
#   Decrease number of Java threads
#   Decrease Java thread stack sizes (-Xss)
#   Set larger code cache with -XX:ReservedCodeCacheSize=
#   JVM is running with Unscaled Compressed Oops mode in which the Java heap is
#     placed in the first 4GB address space. The Java Heap base address is the
#     maximum limit for the native heap growth. Please use -XX:HeapBaseMinAddress
#     to set the Java Heap base and to place the Java Heap above 4GB virtual address.
# This output file may be truncated or incomplete.
#
#  Out of Memory Error (./open/src/hotspot/share/memory/arena.cpp:197), pid=7776, tid=11044
#
# JRE version: Java(TM) SE Runtime Environment 18.9 (11.0.16+11) (build 11.0.16+11-LTS-199)
# Java VM: Java HotSpot(TM) 64-Bit Server VM 18.9 (11.0.16+11-LTS-199, mixed mode, tiered, compressed oops, g1 gc, windows-amd64)
# No core dump will be written. Minidumps are not enabled by default on client versions of Windows
#

---------------  S U M M A R Y ------------

Command Line: -Dmaven.multiModuleProjectDirectory=C:\Users\sfjbs\oct31training\Falguni\Miniproject\demo -Dmaven.home=C:\Users\sfjbs\.m2\wrapper\dists\apache-maven-3.8.6-bin\1ks0nkde5v1pk9vtc31i9d0lcd\apache-maven-3.8.6 -Dclassworlds.conf=C:\Users\sfjbs\.m2\wrapper\dists\apache-maven-3.8.6-bin\1ks0nkde5v1pk9vtc31i9d0lcd\apache-maven-3.8.6\bin\m2.conf -Dmaven.ext.class.path=C:\Program Files\JetBrains\IntelliJ IDEA Community Edition 2022.2.1\plugins\maven\lib\maven-event-listener.jar -javaagent:C:\Program Files\JetBrains\IntelliJ IDEA Community Edition 2022.2.1\lib\idea_rt.jar=53259:C:\Program Files\JetBrains\IntelliJ IDEA Community Edition 2022.2.1\bin -Dfile.encoding=UTF-8 org.codehaus.classworlds.Launcher -Didea.version=2022.2.1 spring-boot:run

Host: Intel(R) Xeon(R) Platinum 8272CL CPU @ 2.60GHz, 2 cores, 7G,  Windows 10 , 64 bit Build 19041 (10.0.19041.1889)
Time: Wed Nov  2 04:34:56 2022 Coordinated Universal Time elapsed time: 1.487924 seconds (0d 0h 0m 1s)

---------------  T H R E A D  ---------------

Current thread (0x000001e6b392f000):  JavaThread "C2 CompilerThread0" daemon [_thread_in_native, id=11044, stack(0x000000a73e000000,0x000000a73e100000)]


Current CompileTask:
C2:   1488 1044   !   4       sun.nio.cs.StreamDecoder::read (196 bytes)

Stack: [0x000000a73e000000,0x000000a73e100000]
Native frames: (J=compiled Java code, j=interpreted, Vv=VM code, C=native code)
V  [jvm.dll+0x62a3ea]
V  [jvm.dll+0x76418f]
V  [jvm.dll+0x765839]
V  [jvm.dll+0x765ec3]
V  [jvm.dll+0x23da98]
V  [jvm.dll+0xb2a1c]
V  [jvm.dll+0xb2fdc]
V  [jvm.dll+0x341487]
V  [jvm.dll+0x18cc31]
V  [jvm.dll+0x1f85b2]
V  [jvm.dll+0x1f768d]
V  [jvm.dll+0x177c81]
V  [jvm.dll+0x207006]
V  [jvm.dll+0x20519b]
V  [jvm.dll+0x729fa0]
V  [jvm.dll+0x722b74]
V  [jvm.dll+0x629286]
C  [ucrtbase.dll+0x21bb2]
C  [KERNEL32.DLL+0x17034]
C  [ntdll.dll+0x526a1]


---------------  P R O C E S S  ---------------

Threads class SMR info:
_java_thread_list=0x000001e6b44d1860, length=11, elements={
0x000001e695e95800, 0x000001e6b391d000, 0x000001e6b3927000, 0x000001e6b42b2800,
0x000001e6b3928000, 0x000001e6b392c000, 0x000001e6b392f000, 0x000001e6b3932000,
0x000001e6b42ea000, 0x000001e6b43de800, 0x000001e6b45fa000
}

Java Threads: ( => current thread )
  0x000001e695e95800 JavaThread "main" [_thread_in_vm, id=7512, stack(0x000000a73d400000,0x000000a73d500000)]
  0x000001e6b391d000 JavaThread "Reference Handler" daemon [_thread_blocked, id=6364, stack(0x000000a73db00000,0x000000a73dc00000)]
  0x000001e6b3927000 JavaThread "Finalizer" daemon [_thread_blocked, id=10188, stack(0x000000a73dc00000,0x000000a73dd00000)]
  0x000001e6b42b2800 JavaThread "Signal Dispatcher" daemon [_thread_blocked, id=6728, stack(0x000000a73dd00000,0x000000a73de00000)]
  0x000001e6b3928000 JavaThread "Attach Listener" daemon [_thread_blocked, id=7976, stack(0x000000a73de00000,0x000000a73df00000)]
  0x000001e6b392c000 JavaThread "Service Thread" daemon [_thread_blocked, id=4824, stack(0x000000a73df00000,0x000000a73e000000)]
=>0x000001e6b392f000 JavaThread "C2 CompilerThread0" daemon [_thread_in_native, id=11044, stack(0x000000a73e000000,0x000000a73e100000)]
  0x000001e6b3932000 JavaThread "C1 CompilerThread0" daemon [_thread_blocked, id=6384, stack(0x000000a73e100000,0x000000a73e200000)]
  0x000001e6b42ea000 JavaThread "Sweeper thread" daemon [_thread_blocked, id=11328, stack(0x000000a73e200000,0x000000a73e300000)]
  0x000001e6b43de800 JavaThread "Common-Cleaner" daemon [_thread_blocked, id=7036, stack(0x000000a73e300000,0x000000a73e400000)]
  0x000001e6b45fa000 JavaThread "Monitor Ctrl-Break" daemon [_thread_in_native, id=7448, stack(0x000000a73e400000,0x000000a73e500000)]

Other Threads:
  0x000001e6b3909800 VMThread "VM Thread" [stack: 0x000000a73da00000,0x000000a73db00000] [id=12208]
  0x000001e6b45fb800 WatcherThread [stack: 0x000000a73e500000,0x000000a73e600000] [id=11424]
  0x000001e695eab000 GCTaskThread "GC Thread#0" [stack: 0x000000a73d500000,0x000000a73d600000] [id=10100]
  0x000001e6b4aca800 GCTaskThread "GC Thread#1" [stack: 0x000000a73e700000,0x000000a73e800000] [id=4440]
  0x000001e695edb000 ConcurrentGCThread "G1 Main Marker" [stack: 0x000000a73d600000,0x000000a73d700000] [id=5188]
  0x000001e695edc800 ConcurrentGCThread "G1 Conc#0" [stack: 0x000000a73d700000,0x000000a73d800000] [id=7280]
  0x000001e695f64000 ConcurrentGCThread "G1 Refine#0" [stack: 0x000000a73d800000,0x000000a73d900000] [id=5008]
  0x000001e695f66000 ConcurrentGCThread "G1 Young RemSet Sampling" [stack: 0x000000a73d900000,0x000000a73da00000] [id=10748]

Threads with active compile tasks:
C2 CompilerThread0     1507 1044   !   4       sun.nio.cs.StreamDecoder::read (196 bytes)

VM state:not at safepoint (normal execution)

VM Mutex/Monitor currently owned by a thread: None

Heap address: 0x0000000080000000, size: 2048 MB, Compressed Oops mode: 32-bit
Narrow klass base: 0x0000000000000000, Narrow klass shift: 3
Compressed class space size: 1073741824 Address: 0x0000000100000000

Heap:
 garbage-first heap   total 131072K, used 11679K [0x0000000080000000, 0x0000000100000000)
  region size 1024K, 10 young (10240K), 1 survivors (1024K)
 Metaspace       used 13049K, capacity 13295K, committed 13440K, reserved 1060864K
  class space    used 1302K, capacity 1392K, committed 1408K, reserved 1048576K
Heap Regions: E=young(eden), S=young(survivor), O=old, HS=humongous(starts), HC=humongous(continues), CS=collection set, F=free, A=archive, TAMS=top-at-mark-start (previous, next)
|   0|0x0000000080000000, 0x0000000080100000, 0x0000000080100000|100%| O|  |TAMS 0x0000000080000000, 0x0000000080000000| Untracked 
|   1|0x0000000080100000, 0x0000000080200000, 0x0000000080200000|100%| O|  |TAMS 0x0000000080100000, 0x0000000080100000| Untracked 
|   2|0x0000000080200000, 0x0000000080267e00, 0x0000000080300000| 40%| O|  |TAMS 0x0000000080200000, 0x0000000080200000| Untracked 
|   3|0x0000000080300000, 0x0000000080300000, 0x0000000080400000|  0%| F|  |TAMS 0x0000000080300000, 0x0000000080300000| Untracked 
|   4|0x0000000080400000, 0x0000000080400000, 0x0000000080500000|  0%| F|  |TAMS 0x0000000080400000, 0x0000000080400000| Untracked 
|   5|0x0000000080500000, 0x0000000080500000, 0x0000000080600000|  0%| F|  |TAMS 0x0000000080500000, 0x0000000080500000| Untracked 
|   6|0x0000000080600000, 0x0000000080600000, 0x0000000080700000|  0%| F|  |TAMS 0x0000000080600000, 0x0000000080600000| Untracked 
|   7|0x0000000080700000, 0x0000000080700000, 0x0000000080800000|  0%| F|  |TAMS 0x0000000080700000, 0x0000000080700000| Untracked 
|   8|0x0000000080800000, 0x0000000080800000, 0x0000000080900000|  0%| F|  |TAMS 0x0000000080800000, 0x0000000080800000| Untracked 
|   9|0x0000000080900000, 0x0000000080900000, 0x0000000080a00000|  0%| F|  |TAMS 0x0000000080900000, 0x0000000080900000| Untracked 
|  10|0x0000000080a00000, 0x0000000080a00000, 0x0000000080b00000|  0%| F|  |TAMS 0x0000000080a00000, 0x0000000080a00000| Untracked 
|  11|0x0000000080b00000, 0x0000000080b00000, 0x0000000080c00000|  0%| F|  |TAMS 0x0000000080b00000, 0x0000000080b00000| Untracked 
|  12|0x0000000080c00000, 0x0000000080c00000, 0x0000000080d00000|  0%| F|  |TAMS 0x0000000080c00000, 0x0000000080c00000| Untracked 
|  13|0x0000000080d00000, 0x0000000080d00000, 0x0000000080e00000|  0%| F|  |TAMS 0x0000000080d00000, 0x0000000080d00000| Untracked 
|  14|0x0000000080e00000, 0x0000000080e00000, 0x0000000080f00000|  0%| F|  |TAMS 0x0000000080e00000, 0x0000000080e00000| Untracked 
|  15|0x0000000080f00000, 0x0000000080f00000, 0x0000000081000000|  0%| F|  |TAMS 0x0000000080f00000, 0x0000000080f00000| Untracked 
|  16|0x0000000081000000, 0x0000000081000000, 0x0000000081100000|  0%| F|  |TAMS 0x0000000081000000, 0x0000000081000000| Untracked 
|  17|0x0000000081100000, 0x0000000081100000, 0x0000000081200000|  0%| F|  |TAMS 0x0000000081100000, 0x0000000081100000| Untracked 
|  18|0x0000000081200000, 0x0000000081200000, 0x0000000081300000|  0%| F|  |TAMS 0x0000000081200000, 0x0000000081200000| Untracked 
|  19|0x0000000081300000, 0x0000000081300000, 0x0000000081400000|  0%| F|  |TAMS 0x0000000081300000, 0x0000000081300000| Untracked 
|  20|0x0000000081400000, 0x0000000081400000, 0x0000000081500000|  0%| F|  |TAMS 0x0000000081400000, 0x0000000081400000| Untracked 
|  21|0x0000000081500000, 0x0000000081500000, 0x0000000081600000|  0%| F|  |TAMS 0x0000000081500000, 0x0000000081500000| Untracked 
|  22|0x0000000081600000, 0x0000000081600000, 0x0000000081700000|  0%| F|  |TAMS 0x0000000081600000, 0x0000000081600000| Untracked 
|  23|0x0000000081700000, 0x0000000081700000, 0x0000000081800000|  0%| F|  |TAMS 0x0000000081700000, 0x0000000081700000| Untracked 
|  24|0x0000000081800000, 0x0000000081800000, 0x0000000081900000|  0%| F|  |TAMS 0x0000000081800000, 0x0000000081800000| Untracked 
|  25|0x0000000081900000, 0x0000000081900000, 0x0000000081a00000|  0%| F|  |TAMS 0x0000000081900000, 0x0000000081900000| Untracked 
|  26|0x0000000081a00000, 0x0000000081a00000, 0x0000000081b00000|  0%| F|  |TAMS 0x0000000081a00000, 0x0000000081a00000| Untracked 
|  27|0x0000000081b00000, 0x0000000081b00000, 0x0000000081c00000|  0%| F|  |TAMS 0x0000000081b00000, 0x0000000081b00000| Untracked 
|  28|0x0000000081c00000, 0x0000000081c00000, 0x0000000081d00000|  0%| F|  |TAMS 0x0000000081c00000, 0x0000000081c00000| Untracked 
|  29|0x0000000081d00000, 0x0000000081d00000, 0x0000000081e00000|  0%| F|  |TAMS 0x0000000081d00000, 0x0000000081d00000| Untracked 
|  30|0x0000000081e00000, 0x0000000081e00000, 0x0000000081f00000|  0%| F|  |TAMS 0x0000000081e00000, 0x0000000081e00000| Untracked 
|  31|0x0000000081f00000, 0x0000000081f00000, 0x0000000082000000|  0%| F|  |TAMS 0x0000000081f00000, 0x0000000081f00000| Untracked 
|  32|0x0000000082000000, 0x0000000082000000, 0x0000000082100000|  0%| F|  |TAMS 0x0000000082000000, 0x0000000082000000| Untracked 
|  33|0x0000000082100000, 0x0000000082100000, 0x0000000082200000|  0%| F|  |TAMS 0x0000000082100000, 0x0000000082100000| Untracked 
|  34|0x0000000082200000, 0x0000000082200000, 0x0000000082300000|  0%| F|  |TAMS 0x0000000082200000, 0x0000000082200000| Untracked 
|  35|0x0000000082300000, 0x0000000082300000, 0x0000000082400000|  0%| F|  |TAMS 0x0000000082300000, 0x0000000082300000| Untracked 
|  36|0x0000000082400000, 0x0000000082400000, 0x0000000082500000|  0%| F|  |TAMS 0x0000000082400000, 0x0000000082400000| Untracked 
|  37|0x0000000082500000, 0x0000000082500000, 0x0000000082600000|  0%| F|  |TAMS 0x0000000082500000, 0x0000000082500000| Untracked 
|  38|0x0000000082600000, 0x0000000082600000, 0x0000000082700000|  0%| F|  |TAMS 0x0000000082600000, 0x0000000082600000| Untracked 
|  39|0x0000000082700000, 0x0000000082700000, 0x0000000082800000|  0%| F|  |TAMS 0x0000000082700000, 0x0000000082700000| Untracked 
|  40|0x0000000082800000, 0x0000000082800000, 0x0000000082900000|  0%| F|  |TAMS 0x0000000082800000, 0x0000000082800000| Untracked 
|  41|0x0000000082900000, 0x0000000082900000, 0x0000000082a00000|  0%| F|  |TAMS 0x0000000082900000, 0x0000000082900000| Untracked 
|  42|0x0000000082a00000, 0x0000000082a00000, 0x0000000082b00000|  0%| F|  |TAMS 0x0000000082a00000, 0x0000000082a00000| Untracked 
|  43|0x0000000082b00000, 0x0000000082b00000, 0x0000000082c00000|  0%| F|  |TAMS 0x0000000082b00000, 0x0000000082b00000| Untracked 
|  44|0x0000000082c00000, 0x0000000082c00000, 0x0000000082d00000|  0%| F|  |TAMS 0x0000000082c00000, 0x0000000082c00000| Untracked 
|  45|0x0000000082d00000, 0x0000000082d00000, 0x0000000082e00000|  0%| F|  |TAMS 0x0000000082d00000, 0x0000000082d00000| Untracked 
|  46|0x0000000082e00000, 0x0000000082e00000, 0x0000000082f00000|  0%| F|  |TAMS 0x0000000082e00000, 0x0000000082e00000| Untracked 
|  47|0x0000000082f00000, 0x0000000082f00000, 0x0000000083000000|  0%| F|  |TAMS 0x0000000082f00000, 0x0000000082f00000| Untracked 
|  48|0x0000000083000000, 0x0000000083000000, 0x0000000083100000|  0%| F|  |TAMS 0x0000000083000000, 0x0000000083000000| Untracked 
|  49|0x0000000083100000, 0x0000000083100000, 0x0000000083200000|  0%| F|  |TAMS 0x0000000083100000, 0x0000000083100000| Untracked 
|  50|0x0000000083200000, 0x0000000083200000, 0x0000000083300000|  0%| F|  |TAMS 0x0000000083200000, 0x0000000083200000| Untracked 
|  51|0x0000000083300000, 0x0000000083300000, 0x0000000083400000|  0%| F|  |TAMS 0x0000000083300000, 0x0000000083300000| Untracked 
|  52|0x0000000083400000, 0x0000000083400000, 0x0000000083500000|  0%| F|  |TAMS 0x0000000083400000, 0x0000000083400000| Untracked 
|  53|0x0000000083500000, 0x0000000083500000, 0x0000000083600000|  0%| F|  |TAMS 0x0000000083500000, 0x0000000083500000| Untracked 
|  54|0x0000000083600000, 0x0000000083600000, 0x0000000083700000|  0%| F|  |TAMS 0x0000000083600000, 0x0000000083600000| Untracked 
|  55|0x0000000083700000, 0x0000000083700000, 0x0000000083800000|  0%| F|  |TAMS 0x0000000083700000, 0x0000000083700000| Untracked 
|  56|0x0000000083800000, 0x0000000083800000, 0x0000000083900000|  0%| F|  |TAMS 0x0000000083800000, 0x0000000083800000| Untracked 
|  57|0x0000000083900000, 0x0000000083900000, 0x0000000083a00000|  0%| F|  |TAMS 0x0000000083900000, 0x0000000083900000| Untracked 
|  58|0x0000000083a00000, 0x0000000083a00000, 0x0000000083b00000|  0%| F|  |TAMS 0x0000000083a00000, 0x0000000083a00000| Untracked 
|  59|0x0000000083b00000, 0x0000000083b00000, 0x0000000083c00000|  0%| F|  |TAMS 0x0000000083b00000, 0x0000000083b00000| Untracked 
|  60|0x0000000083c00000, 0x0000000083c00000, 0x0000000083d00000|  0%| F|  |TAMS 0x0000000083c00000, 0x0000000083c00000| Untracked 
|  61|0x0000000083d00000, 0x0000000083d00000, 0x0000000083e00000|  0%| F|  |TAMS 0x0000000083d00000, 0x0000000083d00000| Untracked 
|  62|0x0000000083e00000, 0x0000000083e00000, 0x0000000083f00000|  0%| F|  |TAMS 0x0000000083e00000, 0x0000000083e00000| Untracked 
|  63|0x0000000083f00000, 0x0000000083f00000, 0x0000000084000000|  0%| F|  |TAMS 0x0000000083f00000, 0x0000000083f00000| Untracked 
|  64|0x0000000084000000, 0x0000000084000000, 0x0000000084100000|  0%| F|  |TAMS 0x0000000084000000, 0x0000000084000000| Untracked 
|  65|0x0000000084100000, 0x0000000084100000, 0x0000000084200000|  0%| F|  |TAMS 0x0000000084100000, 0x0000000084100000| Untracked 
|  66|0x0000000084200000, 0x0000000084200000, 0x0000000084300000|  0%| F|  |TAMS 0x0000000084200000, 0x0000000084200000| Untracked 
|  67|0x0000000084300000, 0x0000000084300000, 0x0000000084400000|  0%| F|  |TAMS 0x0000000084300000, 0x0000000084300000| Untracked 
|  68|0x0000000084400000, 0x0000000084400000, 0x0000000084500000|  0%| F|  |TAMS 0x0000000084400000, 0x0000000084400000| Untracked 
|  69|0x0000000084500000, 0x0000000084500000, 0x0000000084600000|  0%| F|  |TAMS 0x0000000084500000, 0x0000000084500000| Untracked 
|  70|0x0000000084600000, 0x0000000084600000, 0x0000000084700000|  0%| F|  |TAMS 0x0000000084600000, 0x0000000084600000| Untracked 
|  71|0x0000000084700000, 0x0000000084700000, 0x0000000084800000|  0%| F|  |TAMS 0x0000000084700000, 0x0000000084700000| Untracked 
|  72|0x0000000084800000, 0x0000000084800000, 0x0000000084900000|  0%| F|  |TAMS 0x0000000084800000, 0x0000000084800000| Untracked 
|  73|0x0000000084900000, 0x0000000084900000, 0x0000000084a00000|  0%| F|  |TAMS 0x0000000084900000, 0x0000000084900000| Untracked 
|  74|0x0000000084a00000, 0x0000000084a00000, 0x0000000084b00000|  0%| F|  |TAMS 0x0000000084a00000, 0x0000000084a00000| Untracked 
|  75|0x0000000084b00000, 0x0000000084b00000, 0x0000000084c00000|  0%| F|  |TAMS 0x0000000084b00000, 0x0000000084b00000| Untracked 
|  76|0x0000000084c00000, 0x0000000084c00000, 0x0000000084d00000|  0%| F|  |TAMS 0x0000000084c00000, 0x0000000084c00000| Untracked 
|  77|0x0000000084d00000, 0x0000000084d00000, 0x0000000084e00000|  0%| F|  |TAMS 0x0000000084d00000, 0x0000000084d00000| Untracked 
|  78|0x0000000084e00000, 0x0000000084e00000, 0x0000000084f00000|  0%| F|  |TAMS 0x0000000084e00000, 0x0000000084e00000| Untracked 
|  79|0x0000000084f00000, 0x0000000084f00000, 0x0000000085000000|  0%| F|  |TAMS 0x0000000084f00000, 0x0000000084f00000| Untracked 
|  80|0x0000000085000000, 0x0000000085000000, 0x0000000085100000|  0%| F|  |TAMS 0x0000000085000000, 0x0000000085000000| Untracked 
|  81|0x0000000085100000, 0x0000000085100000, 0x0000000085200000|  0%| F|  |TAMS 0x0000000085100000, 0x0000000085100000| Untracked 
|  82|0x0000000085200000, 0x0000000085200000, 0x0000000085300000|  0%| F|  |TAMS 0x0000000085200000, 0x0000000085200000| Untracked 
|  83|0x0000000085300000, 0x0000000085300000, 0x0000000085400000|  0%| F|  |TAMS 0x0000000085300000, 0x0000000085300000| Untracked 
|  84|0x0000000085400000, 0x0000000085400000, 0x0000000085500000|  0%| F|  |TAMS 0x0000000085400000, 0x0000000085400000| Untracked 
|  85|0x0000000085500000, 0x0000000085500000, 0x0000000085600000|  0%| F|  |TAMS 0x0000000085500000, 0x0000000085500000| Untracked 
|  86|0x0000000085600000, 0x0000000085600000, 0x0000000085700000|  0%| F|  |TAMS 0x0000000085600000, 0x0000000085600000| Untracked 
|  87|0x0000000085700000, 0x0000000085700000, 0x0000000085800000|  0%| F|  |TAMS 0x0000000085700000, 0x0000000085700000| Untracked 
|  88|0x0000000085800000, 0x0000000085800000, 0x0000000085900000|  0%| F|  |TAMS 0x0000000085800000, 0x0000000085800000| Untracked 
|  89|0x0000000085900000, 0x0000000085900000, 0x0000000085a00000|  0%| F|  |TAMS 0x0000000085900000, 0x0000000085900000| Untracked 
|  90|0x0000000085a00000, 0x0000000085a00000, 0x0000000085b00000|  0%| F|  |TAMS 0x0000000085a00000, 0x0000000085a00000| Untracked 
|  91|0x0000000085b00000, 0x0000000085b00000, 0x0000000085c00000|  0%| F|  |TAMS 0x0000000085b00000, 0x0000000085b00000| Untracked 
|  92|0x0000000085c00000, 0x0000000085c00000, 0x0000000085d00000|  0%| F|  |TAMS 0x0000000085c00000, 0x0000000085c00000| Untracked 
|  93|0x0000000085d00000, 0x0000000085d00000, 0x0000000085e00000|  0%| F|  |TAMS 0x0000000085d00000, 0x0000000085d00000| Untracked 
|  94|0x0000000085e00000, 0x0000000085e00000, 0x0000000085f00000|  0%| F|  |TAMS 0x0000000085e00000, 0x0000000085e00000| Untracked 
|  95|0x0000000085f00000, 0x0000000085f00000, 0x0000000086000000|  0%| F|  |TAMS 0x0000000085f00000, 0x0000000085f00000| Untracked 
|  96|0x0000000086000000, 0x0000000086000000, 0x0000000086100000|  0%| F|  |TAMS 0x0000000086000000, 0x0000000086000000| Untracked 
|  97|0x0000000086100000, 0x0000000086100000, 0x0000000086200000|  0%| F|  |TAMS 0x0000000086100000, 0x0000000086100000| Untracked 
|  98|0x0000000086200000, 0x0000000086200000, 0x0000000086300000|  0%| F|  |TAMS 0x0000000086200000, 0x0000000086200000| Untracked 
|  99|0x0000000086300000, 0x0000000086300000, 0x0000000086400000|  0%| F|  |TAMS 0x0000000086300000, 0x0000000086300000| Untracked 
| 100|0x0000000086400000, 0x0000000086400000, 0x0000000086500000|  0%| F|  |TAMS 0x0000000086400000, 0x0000000086400000| Untracked 
| 101|0x0000000086500000, 0x0000000086500000, 0x0000000086600000|  0%| F|  |TAMS 0x0000000086500000, 0x0000000086500000| Untracked 
| 102|0x0000000086600000, 0x0000000086600000, 0x0000000086700000|  0%| F|  |TAMS 0x0000000086600000, 0x0000000086600000| Untracked 
| 103|0x0000000086700000, 0x0000000086700000, 0x0000000086800000|  0%| F|  |TAMS 0x0000000086700000, 0x0000000086700000| Untracked 
| 104|0x0000000086800000, 0x0000000086800000, 0x0000000086900000|  0%| F|  |TAMS 0x0000000086800000, 0x0000000086800000| Untracked 
| 105|0x0000000086900000, 0x0000000086900000, 0x0000000086a00000|  0%| F|  |TAMS 0x0000000086900000, 0x0000000086900000| Untracked 
| 106|0x0000000086a00000, 0x0000000086a00000, 0x0000000086b00000|  0%| F|  |TAMS 0x0000000086a00000, 0x0000000086a00000| Untracked 
| 107|0x0000000086b00000, 0x0000000086b00000, 0x0000000086c00000|  0%| F|  |TAMS 0x0000000086b00000, 0x0000000086b00000| Untracked 
| 108|0x0000000086c00000, 0x0000000086c00000, 0x0000000086d00000|  0%| F|  |TAMS 0x0000000086c00000, 0x0000000086c00000| Untracked 
| 109|0x0000000086d00000, 0x0000000086d00000, 0x0000000086e00000|  0%| F|  |TAMS 0x0000000086d00000, 0x0000000086d00000| Untracked 
| 110|0x0000000086e00000, 0x0000000086e00000, 0x0000000086f00000|  0%| F|  |TAMS 0x0000000086e00000, 0x0000000086e00000| Untracked 
| 111|0x0000000086f00000, 0x0000000086f00000, 0x0000000087000000|  0%| F|  |TAMS 0x0000000086f00000, 0x0000000086f00000| Untracked 
| 112|0x0000000087000000, 0x0000000087000000, 0x0000000087100000|  0%| F|  |TAMS 0x0000000087000000, 0x0000000087000000| Untracked 
| 113|0x0000000087100000, 0x0000000087100000, 0x0000000087200000|  0%| F|  |TAMS 0x0000000087100000, 0x0000000087100000| Untracked 
| 114|0x0000000087200000, 0x0000000087200000, 0x0000000087300000|  0%| F|  |TAMS 0x0000000087200000, 0x0000000087200000| Untracked 
| 115|0x0000000087300000, 0x0000000087300000, 0x0000000087400000|  0%| F|  |TAMS 0x0000000087300000, 0x0000000087300000| Untracked 
| 116|0x0000000087400000, 0x0000000087400000, 0x0000000087500000|  0%| F|  |TAMS 0x0000000087400000, 0x0000000087400000| Untracked 
| 117|0x0000000087500000, 0x0000000087567948, 0x0000000087600000| 40%| E|  |TAMS 0x0000000087500000, 0x0000000087500000| Complete 
| 118|0x0000000087600000, 0x0000000087700000, 0x0000000087700000|100%| E|CS|TAMS 0x0000000087600000, 0x0000000087600000| Complete 
| 119|0x0000000087700000, 0x0000000087800000, 0x0000000087800000|100%| E|CS|TAMS 0x0000000087700000, 0x0000000087700000| Complete 
| 120|0x0000000087800000, 0x0000000087900000, 0x0000000087900000|100%| E|CS|TAMS 0x0000000087800000, 0x0000000087800000| Complete 
| 121|0x0000000087900000, 0x0000000087a00000, 0x0000000087a00000|100%| E|CS|TAMS 0x0000000087900000, 0x0000000087900000| Complete 
| 122|0x0000000087a00000, 0x0000000087b00000, 0x0000000087b00000|100%| S|CS|TAMS 0x0000000087a00000, 0x0000000087a00000| Complete 
| 123|0x0000000087b00000, 0x0000000087c00000, 0x0000000087c00000|100%| E|CS|TAMS 0x0000000087b00000, 0x0000000087b00000| Complete 
| 124|0x0000000087c00000, 0x0000000087d00000, 0x0000000087d00000|100%| E|CS|TAMS 0x0000000087c00000, 0x0000000087c00000| Complete 
| 125|0x0000000087d00000, 0x0000000087e00000, 0x0000000087e00000|100%| E|CS|TAMS 0x0000000087d00000, 0x0000000087d00000| Complete 
| 126|0x0000000087e00000, 0x0000000087f00000, 0x0000000087f00000|100%| E|CS|TAMS 0x0000000087e00000, 0x0000000087e00000| Complete 
| 127|0x0000000087f00000, 0x0000000088000000, 0x0000000088000000|100%| E|CS|TAMS 0x0000000087f00000, 0x0000000087f00000| Complete 

Card table byte_map: [0x000001e6acd50000,0x000001e6ad150000] _byte_map_base: 0x000001e6ac950000

Marking Bits (Prev, Next): (CMBitMap*) 0x000001e695ed2148, (CMBitMap*) 0x000001e695ed2180
 Prev Bits: [0x000001e6ad550000, 0x000001e6af550000)
 Next Bits: [0x000001e6af550000, 0x000001e6b1550000)

Polling page: 0x000001e694620000

Metaspace:

Usage:
  Non-class:     11.62 MB capacity,    11.47 MB ( 99%) used,   139.11 KB (  1%) free+waste,    14.00 KB ( <1%) overhead. 
      Class:      1.36 MB capacity,     1.27 MB ( 94%) used,    82.86 KB (  6%) free+waste,     6.06 KB ( <1%) overhead. 
       Both:     12.98 MB capacity,    12.75 MB ( 98%) used,   221.97 KB (  2%) free+waste,    20.06 KB ( <1%) overhead. 

Virtual space:
  Non-class space:       12.00 MB reserved,      11.75 MB ( 98%) committed 
      Class space:        1.00 GB reserved,       1.38 MB ( <1%) committed 
             Both:        1.01 GB reserved,      13.13 MB (  1%) committed 

Chunk freelists:
   Non-Class:  128 bytes
       Class:  2.00 KB
        Both:  2.13 KB

CodeHeap 'non-profiled nmethods': size=120064Kb used=305Kb max_used=305Kb free=119758Kb
 bounds [0x000001e6a5010000, 0x000001e6a5280000, 0x000001e6ac550000]
CodeHeap 'profiled nmethods': size=120000Kb used=2158Kb max_used=2158Kb free=117841Kb
 bounds [0x000001e69dae0000, 0x000001e69dd50000, 0x000001e6a5010000]
CodeHeap 'non-nmethods': size=5696Kb used=1097Kb max_used=1113Kb free=4599Kb
 bounds [0x000001e69d550000, 0x000001e69d7c0000, 0x000001e69dae0000]
 total_blobs=1453 nmethods=1058 adapters=307
 compilation: enabled
              stopped_count=0, restarted_count=0
 full_count=0

Compilation events (10 events):
Event: 1.464 Thread 0x000001e6b3932000 nmethod 1047 0x000001e69dcdec10 code [0x000001e69dcdeda0, 0x000001e69dcdefb8]
Event: 1.468 Thread 0x000001e6b3932000 1048   !   3       java.lang.StringCoding::decode (362 bytes)
Event: 1.470 Thread 0x000001e6b3932000 nmethod 1048 0x000001e69dcdf090 code [0x000001e69dcdf560, 0x000001e69dce2018]
Event: 1.473 Thread 0x000001e6b3932000 1049       3       org.codehaus.plexus.util.xml.pull.MXParser::isNameStartChar (63 bytes)
Event: 1.473 Thread 0x000001e6b3932000 nmethod 1049 0x000001e69dce2d90 code [0x000001e69dce2f40, 0x000001e69dce3278]
Event: 1.474 Thread 0x000001e6b3932000 1050       3       org.codehaus.plexus.util.xml.pull.MXParser::parseStartTag (1195 bytes)
Event: 1.482 Thread 0x000001e6b3932000 nmethod 1050 0x000001e69dce3390 code [0x000001e69dce3fc0, 0x000001e69dceb4f8]
Event: 1.482 Thread 0x000001e6b3932000 1051       3       java.lang.String::trim (35 bytes)
Event: 1.482 Thread 0x000001e6b3932000 nmethod 1051 0x000001e69dcee310 code [0x000001e69dcee4e0, 0x000001e69dcee7b8]
Event: 1.483 Thread 0x000001e6b3932000 1052       3       org.codehaus.plexus.util.xml.pull.MXParser::parseEndTag (434 bytes)

GC Heap History (4 events):
Event: 0.902 GC heap before
{Heap before GC invocations=0 (full 0):
 garbage-first heap   total 131072K, used 6144K [0x0000000080000000, 0x0000000100000000)
  region size 1024K, 7 young (7168K), 0 survivors (0K)
 Metaspace       used 8505K, capacity 8623K, committed 8832K, reserved 1056768K
  class space    used 769K, capacity 816K, committed 896K, reserved 1048576K
}
Event: 0.907 GC heap after
{Heap after GC invocations=1 (full 0):
 garbage-first heap   total 131072K, used 2133K [0x0000000080000000, 0x0000000100000000)
  region size 1024K, 1 young (1024K), 1 survivors (1024K)
 Metaspace       used 8505K, capacity 8623K, committed 8832K, reserved 1056768K
  class space    used 769K, capacity 816K, committed 896K, reserved 1048576K
}
Event: 1.176 GC heap before
{Heap before GC invocations=1 (full 0):
 garbage-first heap   total 131072K, used 6229K [0x0000000080000000, 0x0000000100000000)
  region size 1024K, 6 young (6144K), 1 survivors (1024K)
 Metaspace       used 10804K, capacity 11011K, committed 11136K, reserved 1058816K
  class space    used 1010K, capacity 1100K, committed 1152K, reserved 1048576K
}
Event: 1.183 GC heap after
{Heap after GC invocations=2 (full 0):
 garbage-first heap   total 131072K, used 3487K [0x0000000080000000, 0x0000000100000000)
  region size 1024K, 1 young (1024K), 1 survivors (1024K)
 Metaspace       used 10804K, capacity 11011K, committed 11136K, reserved 1058816K
  class space    used 1010K, capacity 1100K, committed 1152K, reserved 1048576K
}

Deoptimization events (10 events):
Event: 0.823 Thread 0x000001e695e95800 Uncommon trap: reason=class_check action=maybe_recompile pc=0x000001e6a501c164 method=java.util.HashMap.putVal(ILjava/lang/Object;Ljava/lang/Object;ZZ)Ljava/lang/Object; @ 253 c2
Event: 0.872 Thread 0x000001e695e95800 Uncommon trap: reason=class_check action=maybe_recompile pc=0x000001e6a501c164 method=java.util.HashMap.putVal(ILjava/lang/Object;Ljava/lang/Object;ZZ)Ljava/lang/Object; @ 253 c2
Event: 0.968 Thread 0x000001e695e95800 Uncommon trap: reason=unstable_if action=reinterpret pc=0x000001e6a503a9a8 method=org.codehaus.plexus.util.xml.pull.MXParser.more()C @ 8 c2
Event: 0.971 Thread 0x000001e695e95800 Uncommon trap: reason=unstable_if action=reinterpret pc=0x000001e6a5020648 method=java.net.URI.match(CJJ)Z @ 19 c2
Event: 1.055 Thread 0x000001e695e95800 Uncommon trap: reason=unstable_if action=reinterpret pc=0x000001e6a50256d4 method=java.lang.StringLatin1.canEncode(I)Z @ 4 c2
Event: 1.055 Thread 0x000001e695e95800 Uncommon trap: reason=unstable_if action=reinterpret pc=0x000001e6a5024e38 method=java.lang.AbstractStringBuilder.isLatin1()Z @ 10 c2
Event: 1.147 Thread 0x000001e695e95800 Uncommon trap: reason=bimorphic_or_optimized_type_check action=maybe_recompile pc=0x000001e6a5018a94 method=java.util.AbstractCollection.isEmpty()Z @ 1 c2
Event: 1.147 Thread 0x000001e695e95800 Uncommon trap: reason=bimorphic_or_optimized_type_check action=maybe_recompile pc=0x000001e6a5018a94 method=java.util.AbstractCollection.isEmpty()Z @ 1 c2
Event: 1.149 Thread 0x000001e695e95800 Uncommon trap: reason=bimorphic_or_optimized_type_check action=maybe_recompile pc=0x000001e6a5018a94 method=java.util.AbstractCollection.isEmpty()Z @ 1 c2
Event: 1.152 Thread 0x000001e695e95800 Uncommon trap: reason=bimorphic_or_optimized_type_check action=maybe_recompile pc=0x000001e6a5018a94 method=java.util.AbstractCollection.isEmpty()Z @ 1 c2

Classes redefined (0 events):
No events

Internal exceptions (10 events):
Event: 0.482 Thread 0x000001e695e95800 Exception <a 'java/lang/NullPointerException'{0x0000000087b50578}> (0x0000000087b50578) thrown at [./open/src/hotspot/share/interpreter/linkResolver.cpp, line 1354]
Event: 0.544 Thread 0x000001e695e95800 Exception <a 'java/lang/NullPointerException'{0x0000000087ba9970}> (0x0000000087ba9970) thrown at [./open/src/hotspot/share/interpreter/linkResolver.cpp, line 1354]
Event: 0.544 Thread 0x000001e695e95800 Exception <a 'java/lang/NullPointerException'{0x0000000087ba9c40}> (0x0000000087ba9c40) thrown at [./open/src/hotspot/share/interpreter/linkResolver.cpp, line 1354]
Event: 0.544 Thread 0x000001e695e95800 Exception <a 'java/lang/NullPointerException'{0x0000000087ba9f10}> (0x0000000087ba9f10) thrown at [./open/src/hotspot/share/interpreter/linkResolver.cpp, line 1354]
Event: 0.551 Thread 0x000001e695e95800 Exception <a 'java/lang/NullPointerException'{0x0000000087bb10f0}> (0x0000000087bb10f0) thrown at [./open/src/hotspot/share/interpreter/linkResolver.cpp, line 1354]
Event: 0.554 Thread 0x000001e695e95800 Exception <a 'java/lang/NullPointerException'{0x0000000087bc8988}> (0x0000000087bc8988) thrown at [./open/src/hotspot/share/interpreter/linkResolver.cpp, line 1354]
Event: 0.554 Thread 0x000001e695e95800 Exception <a 'java/lang/NullPointerException'{0x0000000087bc8c58}> (0x0000000087bc8c58) thrown at [./open/src/hotspot/share/interpreter/linkResolver.cpp, line 1354]
Event: 0.554 Thread 0x000001e695e95800 Exception <a 'java/lang/NullPointerException'{0x0000000087bc8f28}> (0x0000000087bc8f28) thrown at [./open/src/hotspot/share/interpreter/linkResolver.cpp, line 1354]
Event: 0.554 Thread 0x000001e695e95800 Exception <a 'java/lang/NullPointerException'{0x0000000087bc91f8}> (0x0000000087bc91f8) thrown at [./open/src/hotspot/share/interpreter/linkResolver.cpp, line 1354]
Event: 1.430 Thread 0x000001e695e95800 Exception <a 'java/lang/NoClassDefFoundError'{0x000000008771cc10}: javax/enterprise/inject/Typed> (0x000000008771cc10) thrown at [./open/src/hotspot/share/classfile/systemDictionary.cpp, line 215]

Events (10 events):
Event: 1.467 loading class org/apache/maven/artifact/deployer/ArtifactDeployer
Event: 1.467 loading class org/apache/maven/artifact/deployer/ArtifactDeployer done
Event: 1.471 loading class org/eclipse/sisu/plexus/Roles
Event: 1.471 loading class org/eclipse/sisu/plexus/Roles done
Event: 1.472 loading class org/eclipse/sisu/plexus/PlexusXmlMetadata
Event: 1.472 loading class org/eclipse/sisu/plexus/PlexusXmlMetadata done
Event: 1.473 loading class org/apache/maven/artifact/installer/ArtifactInstaller
Event: 1.473 loading class org/apache/maven/artifact/installer/ArtifactInstaller done
Event: 1.473 loading class org/apache/maven/artifact/installer/ArtifactInstaller
Event: 1.473 loading class org/apache/maven/artifact/installer/ArtifactInstaller done


Dynamic libraries:
0x00007ff7a41b0000 - 0x00007ff7a41bf000 	C:\Program Files\Java\jdk-11.0.16\bin\java.exe
0x00007ffa2ad50000 - 0x00007ffa2af48000 	C:\Windows\SYSTEM32\ntdll.dll
0x00007ffa295f0000 - 0x00007ffa296ad000 	C:\Windows\System32\KERNEL32.DLL
0x00007ffa287b0000 - 0x00007ffa28a82000 	C:\Windows\System32\KERNELBASE.dll
0x00007ffa286b0000 - 0x00007ffa287b0000 	C:\Windows\System32\ucrtbase.dll
0x00007ffa0f570000 - 0x00007ffa0f585000 	C:\Program Files\Java\jdk-11.0.16\bin\VCRUNTIME140.dll
0x00007ffa14df0000 - 0x00007ffa14e08000 	C:\Program Files\Java\jdk-11.0.16\bin\jli.dll
0x00007ffa2a470000 - 0x00007ffa2a51e000 	C:\Windows\System32\ADVAPI32.dll
0x00007ffa29300000 - 0x00007ffa2939e000 	C:\Windows\System32\msvcrt.dll
0x00007ffa2a350000 - 0x00007ffa2a3ec000 	C:\Windows\System32\sechost.dll
0x00007ffa2aab0000 - 0x00007ffa2abd5000 	C:\Windows\System32\RPCRT4.dll
0x00007ffa29930000 - 0x00007ffa29acd000 	C:\Windows\System32\USER32.dll
0x00007ffa28d80000 - 0x00007ffa28da2000 	C:\Windows\System32\win32u.dll
0x00007ffa29480000 - 0x00007ffa294ab000 	C:\Windows\System32\GDI32.dll
0x00007ffa28c40000 - 0x00007ffa28d4f000 	C:\Windows\System32\gdi32full.dll
0x00007ffa284b0000 - 0x00007ffa2854d000 	C:\Windows\System32\msvcp_win.dll
0x00007ffa0a9f0000 - 0x00007ffa0ac8a000 	C:\Windows\WinSxS\amd64_microsoft.windows.common-controls_6595b64144ccf1df_6.0.19041.1110_none_60b5254171f9507e\COMCTL32.dll
0x00007ffa208a0000 - 0x00007ffa208aa000 	C:\Windows\SYSTEM32\VERSION.dll
0x00007ffa28db0000 - 0x00007ffa28de0000 	C:\Windows\System32\IMM32.DLL
0x00007ff9ec310000 - 0x00007ff9ec3ab000 	C:\Program Files\Java\jdk-11.0.16\bin\msvcp140.dll
0x00007ff9dfe50000 - 0x00007ff9e0968000 	C:\Program Files\Java\jdk-11.0.16\bin\server\jvm.dll
0x00007ffa29ad0000 - 0x00007ffa29ad8000 	C:\Windows\System32\PSAPI.DLL
0x00007ffa0ec30000 - 0x00007ffa0ec39000 	C:\Windows\SYSTEM32\WSOCK32.dll
0x00007ffa2a2e0000 - 0x00007ffa2a34b000 	C:\Windows\System32\WS2_32.dll
0x00007ffa08100000 - 0x00007ffa08127000 	C:\Windows\SYSTEM32\WINMM.dll
0x00007ffa26300000 - 0x00007ffa26312000 	C:\Windows\SYSTEM32\kernel.appcore.dll
0x00007ffa14de0000 - 0x00007ffa14df0000 	C:\Program Files\Java\jdk-11.0.16\bin\verify.dll
0x00007ffa1a480000 - 0x00007ffa1a664000 	C:\Windows\SYSTEM32\DBGHELP.DLL
0x00007ffa1a980000 - 0x00007ffa1a9ac000 	C:\Windows\SYSTEM32\dbgcore.DLL
0x00007ffa28b40000 - 0x00007ffa28bc2000 	C:\Windows\System32\bcryptPrimitives.dll
0x00007ffa0edc0000 - 0x00007ffa0ede8000 	C:\Program Files\Java\jdk-11.0.16\bin\java.dll
0x00007ffa0f870000 - 0x00007ffa0f87a000 	C:\Program Files\Java\jdk-11.0.16\bin\jimage.dll
0x00007ffa0f8c0000 - 0x00007ffa0f8ce000 	C:\Program Files\Java\jdk-11.0.16\bin\instrument.dll
0x00007ffa0c090000 - 0x00007ffa0c0a6000 	C:\Program Files\Java\jdk-11.0.16\bin\zip.dll
0x00007ffa29ae0000 - 0x00007ffa2a223000 	C:\Windows\System32\SHELL32.dll
0x00007ffa26500000 - 0x00007ffa26c91000 	C:\Windows\SYSTEM32\windows.storage.dll
0x00007ffa28e70000 - 0x00007ffa291c4000 	C:\Windows\System32\combase.dll
0x00007ffa27d00000 - 0x00007ffa27d30000 	C:\Windows\SYSTEM32\Wldp.dll
0x00007ffa2a230000 - 0x00007ffa2a2dd000 	C:\Windows\System32\SHCORE.dll
0x00007ffa298c0000 - 0x00007ffa29915000 	C:\Windows\System32\shlwapi.dll
0x00007ffa283a0000 - 0x00007ffa283bf000 	C:\Windows\SYSTEM32\profapi.dll
0x00007ffa07500000 - 0x00007ffa07519000 	C:\Program Files\Java\jdk-11.0.16\bin\net.dll
0x00007ffa1fbc0000 - 0x00007ffa1fccd000 	C:\Windows\SYSTEM32\WINHTTP.dll
0x00007ffa27ae0000 - 0x00007ffa27b4a000 	C:\Windows\system32\mswsock.dll
0x00007ffa05fc0000 - 0x00007ffa05fd2000 	C:\Program Files\Java\jdk-11.0.16\bin\nio.dll
0x00007ffa0b750000 - 0x00007ffa0b76a000 	C:\Program Files\JetBrains\IntelliJ IDEA Community Edition 2022.2.1\bin\breakgen64.dll
0x0000000069ac0000 - 0x0000000069ae4000 	C:\Users\sfjbs\AppData\Local\Temp\jansi-2.4.0-530e520b5c0df343-jansi.dll

dbghelp: loaded successfully - version: 4.0.5 - missing functions: none
symbol engine: initialized successfully - sym options: 0x614 - pdb path: .;C:\Program Files\Java\jdk-11.0.16\bin;C:\Windows\SYSTEM32;C:\Windows\WinSxS\amd64_microsoft.windows.common-controls_6595b64144ccf1df_6.0.19041.1110_none_60b5254171f9507e;C:\Program Files\Java\jdk-11.0.16\bin\server;C:\Program Files\JetBrains\IntelliJ IDEA Community Edition 2022.2.1\bin;C:\Users\sfjbs\AppData\Local\Temp

VM Arguments:
jvm_args: -Dmaven.multiModuleProjectDirectory=C:\Users\sfjbs\oct31training\Falguni\Miniproject\demo -Dmaven.home=C:\Users\sfjbs\.m2\wrapper\dists\apache-maven-3.8.6-bin\1ks0nkde5v1pk9vtc31i9d0lcd\apache-maven-3.8.6 -Dclassworlds.conf=C:\Users\sfjbs\.m2\wrapper\dists\apache-maven-3.8.6-bin\1ks0nkde5v1pk9vtc31i9d0lcd\apache-maven-3.8.6\bin\m2.conf -Dmaven.ext.class.path=C:\Program Files\JetBrains\IntelliJ IDEA Community Edition 2022.2.1\plugins\maven\lib\maven-event-listener.jar -javaagent:C:\Program Files\JetBrains\IntelliJ IDEA Community Edition 2022.2.1\lib\idea_rt.jar=53259:C:\Program Files\JetBrains\IntelliJ IDEA Community Edition 2022.2.1\bin -Dfile.encoding=UTF-8 
java_command: org.codehaus.classworlds.Launcher -Didea.version=2022.2.1 spring-boot:run
java_class_path (initial): C:\Users\sfjbs\.m2\wrapper\dists\apache-maven-3.8.6-bin\1ks0nkde5v1pk9vtc31i9d0lcd\apache-maven-3.8.6\boot\plexus-classworlds-2.6.0.jar;C:\Users\sfjbs\.m2\wrapper\dists\apache-maven-3.8.6-bin\1ks0nkde5v1pk9vtc31i9d0lcd\apache-maven-3.8.6\boot\plexus-classworlds.license
Launcher Type: SUN_STANDARD

[Global flags]
     intx CICompilerCount                          = 2                                         {product} {ergonomic}
     uint ConcGCThreads                            = 1                                         {product} {ergonomic}
     uint G1ConcRefinementThreads                  = 2                                         {product} {ergonomic}
   size_t G1HeapRegionSize                         = 1048576                                   {product} {ergonomic}
    uintx GCDrainStackTargetSize                   = 64                                        {product} {ergonomic}
   size_t InitialHeapSize                          = 134217728                                 {product} {ergonomic}
   size_t MarkStackSize                            = 4194304                                   {product} {ergonomic}
   size_t MaxHeapSize                              = 2147483648                                {product} {ergonomic}
   size_t MaxNewSize                               = 1287651328                                {product} {ergonomic}
   size_t MinHeapDeltaBytes                        = 1048576                                   {product} {ergonomic}
    uintx NonNMethodCodeHeapSize                   = 5825164                                {pd product} {ergonomic}
    uintx NonProfiledCodeHeapSize                  = 122916538                              {pd product} {ergonomic}
    uintx ProfiledCodeHeapSize                     = 122916538                              {pd product} {ergonomic}
    uintx ReservedCodeCacheSize                    = 251658240                              {pd product} {ergonomic}
     bool SegmentedCodeCache                       = true                                      {product} {ergonomic}
     bool UseCompressedClassPointers               = true                                 {lp64_product} {ergonomic}
     bool UseCompressedOops                        = true                                 {lp64_product} {ergonomic}
     bool UseG1GC                                  = true                                      {product} {ergonomic}
     bool UseLargePagesIndividualAllocation        = false                                  {pd product} {ergonomic}

Logging:
Log output configuration:
 #0: stdout all=warning uptime,level,tags
 #1: stderr all=off uptime,level,tags

Environment Variables:
PATH=C:\Program Files\Common Files\Oracle\Java\javapath;C:\Windows\system32;C:\Windows;C:\Windows\System32\Wbem;C:\Windows\System32\WindowsPowerShell\v1.0\;C:\Windows\System32\OpenSSH\;C:\Users\sfjbs\Downloads\micro service-20221021T071039Z-001\micro service\apache-maven-3.8.5-bin\apache-maven-3.8.5\bin;C:\Users\sfjbs\Downloads\micro service-20221021T071039Z-001\micro service\apache-maven-3.8.5-bin\apache-maven-3.8.5\lib;C:\Program Files\Git\cmd;C:\Program Files\Docker\Docker\resources\bin;C:\Users\sfjbs\AppData\Local\Microsoft\WindowsApps;C:\Users\sfjbs\Downloads\micro service-20221021T071039Z-001\micro service\apache-maven-3.8.5-bin\apache-maven-3.8.5\bin;C:\Users\sfjbs\Downloads\micro service-20221021T071039Z-001\micro service\apache-maven-3.8.5-bin\apache-maven-3.8.5\lib;;C:\Program Files\JetBrains\IntelliJ IDEA Community Edition 2022.2.1\bin;
USERNAME=sfjbs
OS=Windows_NT
PROCESSOR_IDENTIFIER=Intel64 Family 6 Model 85 Stepping 7, GenuineIntel



---------------  S Y S T E M  ---------------

OS: Windows 10 , 64 bit Build 19041 (10.0.19041.1889)
Hyper-V role detected

CPU:total 2 (initial active 2) (1 cores per cpu, 2 threads per core) family 6 model 85 stepping 7 microcode 0xffffffff, cmov, cx8, fxsr, mmx, sse, sse2, sse3, ssse3, sse4.1, sse4.2, popcnt, avx, avx2, aes, clmul, erms, rtm, 3dnowpref, lzcnt, ht, tsc, bmi1, bmi2, adx, evex, fma

Memory: 4k page, system-wide physical 8190M (1096M free)
TotalPageFile size 10238M (AvailPageFile size 5M)
current process WorkingSet (physical memory assigned to process): 67M, peak: 67M
current process commit charge ("private bytes"): 211M, peak: 211M

vm_info: Java HotSpot(TM) 64-Bit Server VM (11.0.16+11-LTS-199) for windows-amd64 JRE (11.0.16+11-LTS-199), built on Jun 28 2022 08:23:17 by "mach5one" with MS VC++ 15.9 (VS2017)

END.
