#
# There is insufficient memory for the Java Runtime Environment to continue.
# Native memory allocation (mmap) failed to map 27262976 bytes for Failed to commit area from 0x0000000088000000 to 0x0000000089a00000 of length 27262976.
# Possible reasons:
#   The system is out of physical RAM or swap space
#   The process is running with CompressedOops enabled, and the Java Heap may be blocking the growth of the native heap
# Possible solutions:
#   Reduce memory load on the system
#   Increase physical memory or swap space
#   Check if swap backing store is full
#   Decrease Java heap size (-Xmx/-Xms)
#   Decrease number of Java threads
#   Decrease Java thread stack sizes (-Xss)
#   Set larger code cache with -XX:ReservedCodeCacheSize=
#   JVM is running with Unscaled Compressed Oops mode in which the Java heap is
#     placed in the first 4GB address space. The Java Heap base address is the
#     maximum limit for the native heap growth. Please use -XX:HeapBaseMinAddress
#     to set the Java Heap base and to place the Java Heap above 4GB virtual address.
# This output file may be truncated or incomplete.
#
#  Out of Memory Error (./open/src/hotspot/os/windows/os_windows.cpp:3287), pid=5656, tid=12268
#
# JRE version: Java(TM) SE Runtime Environment 18.9 (11.0.16+11) (build 11.0.16+11-LTS-199)
# Java VM: Java HotSpot(TM) 64-Bit Server VM 18.9 (11.0.16+11-LTS-199, mixed mode, tiered, compressed oops, g1 gc, windows-amd64)
# No core dump will be written. Minidumps are not enabled by default on client versions of Windows
#

---------------  S U M M A R Y ------------

Command Line: C:\Users\sfjbs\AppData\Local\Temp\surefire10462839239127051378\surefirebooter14196179525315112382.jar C:\Users\sfjbs\AppData\Local\Temp\surefire10462839239127051378 2022-11-13T08-49-43_650-jvmRun1 surefire11788414092971820619tmp surefire_010087684143022576331tmp

Host: Intel(R) Xeon(R) Platinum 8272CL CPU @ 2.60GHz, 2 cores, 7G,  Windows 10 , 64 bit Build 19041 (10.0.19041.2251)
Time: Sun Nov 13 08:49:49 2022 Coordinated Universal Time elapsed time: 5.139225 seconds (0d 0h 0m 5s)

---------------  T H R E A D  ---------------

Current thread (0x000002489da06800):  VMThread "VM Thread" [stack: 0x0000005686600000,0x0000005686700000] [id=12268]

Stack: [0x0000005686600000,0x0000005686700000]
[error occurred during error reporting (printing stack bounds), id 0xc0000005, EXCEPTION_ACCESS_VIOLATION (0xc0000005) at pc=0x00000248875f10e7]

Native frames: (J=compiled Java code, j=interpreted, Vv=VM code, C=native code)
V  [jvm.dll+0x62a3ea]
V  [jvm.dll+0x76418f]
V  [jvm.dll+0x765839]
V  [jvm.dll+0x765e25]
V  [jvm.dll+0x765ddb]
V  [jvm.dll+0x6298d3]
V  [jvm.dll+0x629fe8]
C  [ntdll.dll+0xa241f]
C  [ntdll.dll+0x514a4]
C  [ntdll.dll+0xa0f4e]
C  0x00000248875f10e7

VM_Operation (0x00000056875f8d70): G1CollectForAllocation, mode: safepoint, requested by thread 0x000002489f519000


---------------  P R O C E S S  ---------------

Threads class SMR info:
_java_thread_list=0x00000248a10d5410, length=14, elements={
0x00000248f9fd4800, 0x000002489da09800, 0x000002489da0a800, 0x000002489da27000,
0x000002489da2a000, 0x000002489da2c800, 0x000002489da2d800, 0x000002489da6e000,
0x000002489e3e6800, 0x000002489e48e000, 0x000002489e5ce000, 0x000002489e66b800,
0x000002489f519000, 0x00000248a0da1800
}

Java Threads: ( => current thread )
  0x00000248f9fd4800 JavaThread "main" [_thread_blocked, id=10080, stack(0x0000005685f00000,0x0000005686000000)]
  0x000002489da09800 JavaThread "Reference Handler" daemon [_thread_blocked, id=6728, stack(0x0000005686700000,0x0000005686800000)]
  0x000002489da0a800 JavaThread "Finalizer" daemon [_thread_blocked, id=8828, stack(0x0000005686800000,0x0000005686900000)]
  0x000002489da27000 JavaThread "Signal Dispatcher" daemon [_thread_blocked, id=4784, stack(0x0000005686900000,0x0000005686a00000)]
  0x000002489da2a000 JavaThread "Attach Listener" daemon [_thread_blocked, id=2112, stack(0x0000005686a00000,0x0000005686b00000)]
  0x000002489da2c800 JavaThread "Service Thread" daemon [_thread_blocked, id=9712, stack(0x0000005686b00000,0x0000005686c00000)]
  0x000002489da2d800 JavaThread "C2 CompilerThread0" daemon [_thread_blocked, id=5976, stack(0x0000005686c00000,0x0000005686d00000)]
  0x000002489da6e000 JavaThread "C1 CompilerThread0" daemon [_thread_blocked, id=7588, stack(0x0000005686d00000,0x0000005686e00000)]
  0x000002489e3e6800 JavaThread "Sweeper thread" daemon [_thread_blocked, id=7740, stack(0x0000005686e00000,0x0000005686f00000)]
  0x000002489e48e000 JavaThread "Common-Cleaner" daemon [_thread_blocked, id=6720, stack(0x0000005687000000,0x0000005687100000)]
  0x000002489e5ce000 JavaThread "surefire-forkedjvm-command-thread" daemon [_thread_in_native, id=11952, stack(0x0000005687100000,0x0000005687200000)]
  0x000002489e66b800 JavaThread "surefire-forkedjvm-ping-30s" daemon [_thread_in_native, id=7460, stack(0x0000005687200000,0x0000005687300000)]
  0x000002489f519000 JavaThread "background-preinit" [_thread_blocked, id=10320, stack(0x0000005687500000,0x0000005687600000)]
  0x00000248a0da1800 JavaThread "Thread-0" [_thread_blocked, id=11596, stack(0x0000005687600000,0x0000005687700000)]

Other Threads:
=>0x000002489da06800 VMThread "VM Thread" [stack: 0x0000005686600000,0x0000005686700000] [id=12268]
  0x000002489e48d000 WatcherThread [stack: 0x0000005686f00000,0x0000005687000000] [id=10028]
  0x00000248f9fe9800 GCTaskThread "GC Thread#0" [stack: 0x0000005686100000,0x0000005686200000] [id=4912]
  0x000002489e8e6800 GCTaskThread "GC Thread#1" [stack: 0x0000005687300000,0x0000005687400000] [id=1460]
  0x00000248fa01a000 ConcurrentGCThread "G1 Main Marker" [stack: 0x0000005686200000,0x0000005686300000] [id=9596]
  0x00000248fa01c000 ConcurrentGCThread "G1 Conc#0" [stack: 0x0000005686300000,0x0000005686400000] [id=11636]
  0x00000248fa0a2000 ConcurrentGCThread "G1 Refine#0" [stack: 0x0000005686400000,0x0000005686500000] [id=1964]
  0x000002489e66a800 ConcurrentGCThread "G1 Refine#1" [stack: 0x0000005687400000,0x0000005687500000] [id=5524]
  0x00000248fa0a4000 ConcurrentGCThread "G1 Young RemSet Sampling" [stack: 0x0000005686500000,0x0000005686600000] [id=4984]

Threads with active compile tasks:
C2 CompilerThread0     5150 2180   !   4       java.net.URL::<init> (543 bytes)

VM state:at safepoint (normal execution)

VM Mutex/Monitor currently owned by a thread:  ([mutex/lock_event])
[0x00000248f9fcf400] Threads_lock - owner thread: 0x000002489da06800
[0x00000248f9fd0330] Heap_lock - owner thread: 0x000002489f519000

Heap address: 0x0000000080000000, size: 2048 MB, Compressed Oops mode: 32-bit
Narrow klass base: 0x0000000000000000, Narrow klass shift: 3
Compressed class space size: 1073741824 Address: 0x0000000100000000

Heap:
 garbage-first heap   total 157696K, used 11353K [0x0000000080000000, 0x0000000100000000)
  region size 1024K, 5 young (5120K), 5 survivors (5120K)
 Metaspace       used 27680K, capacity 28474K, committed 28592K, reserved 1075200K
  class space    used 3188K, capacity 3537K, committed 3584K, reserved 1048576K
Heap Regions: E=young(eden), S=young(survivor), O=old, HS=humongous(starts), HC=humongous(continues), CS=collection set, F=free, A=archive, TAMS=top-at-mark-start (previous, next)
|   0|0x0000000080000000, 0x0000000080100000, 0x0000000080100000|100%|HS|  |TAMS 0x0000000080100000, 0x0000000080000000| Complete 
|   1|0x0000000080100000, 0x0000000080200000, 0x0000000080200000|100%| O|  |TAMS 0x0000000080200000, 0x0000000080100000| Untracked 
|   2|0x0000000080200000, 0x0000000080300000, 0x0000000080300000|100%| O|  |TAMS 0x0000000080300000, 0x0000000080200000| Untracked 
|   3|0x0000000080300000, 0x0000000080400000, 0x0000000080400000|100%| O|  |TAMS 0x0000000080400000, 0x0000000080300000| Untracked 
|   4|0x0000000080400000, 0x0000000080500000, 0x0000000080500000|100%| O|  |TAMS 0x0000000080500000, 0x0000000080400000| Untracked 
|   5|0x0000000080500000, 0x0000000080600000, 0x0000000080600000|100%| O|  |TAMS 0x0000000080600000, 0x0000000080500000| Untracked 
|   6|0x0000000080600000, 0x000000008064f800, 0x0000000080700000| 31%| O|  |TAMS 0x000000008064f800, 0x0000000080600000| Untracked 
|   7|0x0000000080700000, 0x0000000080700000, 0x0000000080800000|  0%| F|  |TAMS 0x0000000080700000, 0x0000000080700000| Untracked 
|   8|0x0000000080800000, 0x0000000080800000, 0x0000000080900000|  0%| F|  |TAMS 0x0000000080800000, 0x0000000080800000| Untracked 
|   9|0x0000000080900000, 0x0000000080900000, 0x0000000080a00000|  0%| F|  |TAMS 0x0000000080900000, 0x0000000080900000| Untracked 
|  10|0x0000000080a00000, 0x0000000080a00000, 0x0000000080b00000|  0%| F|  |TAMS 0x0000000080a00000, 0x0000000080a00000| Untracked 
|  11|0x0000000080b00000, 0x0000000080b00000, 0x0000000080c00000|  0%| F|  |TAMS 0x0000000080b00000, 0x0000000080b00000| Untracked 
|  12|0x0000000080c00000, 0x0000000080c00000, 0x0000000080d00000|  0%| F|  |TAMS 0x0000000080c00000, 0x0000000080c00000| Untracked 
|  13|0x0000000080d00000, 0x0000000080d00000, 0x0000000080e00000|  0%| F|  |TAMS 0x0000000080d00000, 0x0000000080d00000| Untracked 
|  14|0x0000000080e00000, 0x0000000080e00000, 0x0000000080f00000|  0%| F|  |TAMS 0x0000000080e00000, 0x0000000080e00000| Untracked 
|  15|0x0000000080f00000, 0x0000000080f00000, 0x0000000081000000|  0%| F|  |TAMS 0x0000000080f00000, 0x0000000080f00000| Untracked 
|  16|0x0000000081000000, 0x0000000081000000, 0x0000000081100000|  0%| F|  |TAMS 0x0000000081000000, 0x0000000081000000| Untracked 
|  17|0x0000000081100000, 0x0000000081100000, 0x0000000081200000|  0%| F|  |TAMS 0x0000000081100000, 0x0000000081100000| Untracked 
|  18|0x0000000081200000, 0x0000000081200000, 0x0000000081300000|  0%| F|  |TAMS 0x0000000081200000, 0x0000000081200000| Untracked 
|  19|0x0000000081300000, 0x0000000081300000, 0x0000000081400000|  0%| F|  |TAMS 0x0000000081300000, 0x0000000081300000| Untracked 
|  20|0x0000000081400000, 0x0000000081400000, 0x0000000081500000|  0%| F|  |TAMS 0x0000000081400000, 0x0000000081400000| Untracked 
|  21|0x0000000081500000, 0x0000000081500000, 0x0000000081600000|  0%| F|  |TAMS 0x0000000081500000, 0x0000000081500000| Untracked 
|  22|0x0000000081600000, 0x0000000081600000, 0x0000000081700000|  0%| F|  |TAMS 0x0000000081600000, 0x0000000081600000| Untracked 
|  23|0x0000000081700000, 0x0000000081700000, 0x0000000081800000|  0%| F|  |TAMS 0x0000000081700000, 0x0000000081700000| Untracked 
|  24|0x0000000081800000, 0x0000000081800000, 0x0000000081900000|  0%| F|  |TAMS 0x0000000081800000, 0x0000000081800000| Untracked 
|  25|0x0000000081900000, 0x0000000081900000, 0x0000000081a00000|  0%| F|  |TAMS 0x0000000081900000, 0x0000000081900000| Untracked 
|  26|0x0000000081a00000, 0x0000000081a00000, 0x0000000081b00000|  0%| F|  |TAMS 0x0000000081a00000, 0x0000000081a00000| Untracked 
|  27|0x0000000081b00000, 0x0000000081b00000, 0x0000000081c00000|  0%| F|  |TAMS 0x0000000081b00000, 0x0000000081b00000| Untracked 
|  28|0x0000000081c00000, 0x0000000081c00000, 0x0000000081d00000|  0%| F|  |TAMS 0x0000000081c00000, 0x0000000081c00000| Untracked 
|  29|0x0000000081d00000, 0x0000000081d00000, 0x0000000081e00000|  0%| F|  |TAMS 0x0000000081d00000, 0x0000000081d00000| Untracked 
|  30|0x0000000081e00000, 0x0000000081e00000, 0x0000000081f00000|  0%| F|  |TAMS 0x0000000081e00000, 0x0000000081e00000| Untracked 
|  31|0x0000000081f00000, 0x0000000081f00000, 0x0000000082000000|  0%| F|  |TAMS 0x0000000081f00000, 0x0000000081f00000| Untracked 
|  32|0x0000000082000000, 0x0000000082000000, 0x0000000082100000|  0%| F|  |TAMS 0x0000000082000000, 0x0000000082000000| Untracked 
|  33|0x0000000082100000, 0x0000000082100000, 0x0000000082200000|  0%| F|  |TAMS 0x0000000082100000, 0x0000000082100000| Untracked 
|  34|0x0000000082200000, 0x0000000082200000, 0x0000000082300000|  0%| F|  |TAMS 0x0000000082200000, 0x0000000082200000| Untracked 
|  35|0x0000000082300000, 0x0000000082300000, 0x0000000082400000|  0%| F|  |TAMS 0x0000000082300000, 0x0000000082300000| Untracked 
|  36|0x0000000082400000, 0x0000000082400000, 0x0000000082500000|  0%| F|  |TAMS 0x0000000082400000, 0x0000000082400000| Untracked 
|  37|0x0000000082500000, 0x0000000082500000, 0x0000000082600000|  0%| F|  |TAMS 0x0000000082500000, 0x0000000082500000| Untracked 
|  38|0x0000000082600000, 0x0000000082600000, 0x0000000082700000|  0%| F|  |TAMS 0x0000000082600000, 0x0000000082600000| Untracked 
|  39|0x0000000082700000, 0x0000000082700000, 0x0000000082800000|  0%| F|  |TAMS 0x0000000082700000, 0x0000000082700000| Untracked 
|  40|0x0000000082800000, 0x0000000082800000, 0x0000000082900000|  0%| F|  |TAMS 0x0000000082800000, 0x0000000082800000| Untracked 
|  41|0x0000000082900000, 0x0000000082900000, 0x0000000082a00000|  0%| F|  |TAMS 0x0000000082900000, 0x0000000082900000| Untracked 
|  42|0x0000000082a00000, 0x0000000082a00000, 0x0000000082b00000|  0%| F|  |TAMS 0x0000000082a00000, 0x0000000082a00000| Untracked 
|  43|0x0000000082b00000, 0x0000000082b00000, 0x0000000082c00000|  0%| F|  |TAMS 0x0000000082b00000, 0x0000000082b00000| Untracked 
|  44|0x0000000082c00000, 0x0000000082c00000, 0x0000000082d00000|  0%| F|  |TAMS 0x0000000082c00000, 0x0000000082c00000| Untracked 
|  45|0x0000000082d00000, 0x0000000082d00000, 0x0000000082e00000|  0%| F|  |TAMS 0x0000000082d00000, 0x0000000082d00000| Untracked 
|  46|0x0000000082e00000, 0x0000000082e00000, 0x0000000082f00000|  0%| F|  |TAMS 0x0000000082e00000, 0x0000000082e00000| Untracked 
|  47|0x0000000082f00000, 0x0000000082f00000, 0x0000000083000000|  0%| F|  |TAMS 0x0000000082f00000, 0x0000000082f00000| Untracked 
|  48|0x0000000083000000, 0x0000000083000000, 0x0000000083100000|  0%| F|  |TAMS 0x0000000083000000, 0x0000000083000000| Untracked 
|  49|0x0000000083100000, 0x0000000083100000, 0x0000000083200000|  0%| F|  |TAMS 0x0000000083100000, 0x0000000083100000| Untracked 
|  50|0x0000000083200000, 0x0000000083200000, 0x0000000083300000|  0%| F|  |TAMS 0x0000000083200000, 0x0000000083200000| Untracked 
|  51|0x0000000083300000, 0x0000000083300000, 0x0000000083400000|  0%| F|  |TAMS 0x0000000083300000, 0x0000000083300000| Untracked 
|  52|0x0000000083400000, 0x0000000083400000, 0x0000000083500000|  0%| F|  |TAMS 0x0000000083400000, 0x0000000083400000| Untracked 
|  53|0x0000000083500000, 0x0000000083500000, 0x0000000083600000|  0%| F|  |TAMS 0x0000000083500000, 0x0000000083500000| Untracked 
|  54|0x0000000083600000, 0x0000000083600000, 0x0000000083700000|  0%| F|  |TAMS 0x0000000083600000, 0x0000000083600000| Untracked 
|  55|0x0000000083700000, 0x0000000083700000, 0x0000000083800000|  0%| F|  |TAMS 0x0000000083700000, 0x0000000083700000| Untracked 
|  56|0x0000000083800000, 0x0000000083800000, 0x0000000083900000|  0%| F|  |TAMS 0x0000000083800000, 0x0000000083800000| Untracked 
|  57|0x0000000083900000, 0x0000000083900000, 0x0000000083a00000|  0%| F|  |TAMS 0x0000000083900000, 0x0000000083900000| Untracked 
|  58|0x0000000083a00000, 0x0000000083a00000, 0x0000000083b00000|  0%| F|  |TAMS 0x0000000083a00000, 0x0000000083a00000| Untracked 
|  59|0x0000000083b00000, 0x0000000083b00000, 0x0000000083c00000|  0%| F|  |TAMS 0x0000000083b00000, 0x0000000083b00000| Untracked 
|  60|0x0000000083c00000, 0x0000000083c00000, 0x0000000083d00000|  0%| F|  |TAMS 0x0000000083c00000, 0x0000000083c00000| Untracked 
|  61|0x0000000083d00000, 0x0000000083d00000, 0x0000000083e00000|  0%| F|  |TAMS 0x0000000083d00000, 0x0000000083d00000| Untracked 
|  62|0x0000000083e00000, 0x0000000083e00000, 0x0000000083f00000|  0%| F|  |TAMS 0x0000000083e00000, 0x0000000083e00000| Untracked 
|  63|0x0000000083f00000, 0x0000000083f00000, 0x0000000084000000|  0%| F|  |TAMS 0x0000000083f00000, 0x0000000083f00000| Untracked 
|  64|0x0000000084000000, 0x0000000084000000, 0x0000000084100000|  0%| F|  |TAMS 0x0000000084000000, 0x0000000084000000| Untracked 
|  65|0x0000000084100000, 0x0000000084100000, 0x0000000084200000|  0%| F|  |TAMS 0x0000000084100000, 0x0000000084100000| Untracked 
|  66|0x0000000084200000, 0x0000000084200000, 0x0000000084300000|  0%| F|  |TAMS 0x0000000084200000, 0x0000000084200000| Untracked 
|  67|0x0000000084300000, 0x0000000084300000, 0x0000000084400000|  0%| F|  |TAMS 0x0000000084300000, 0x0000000084300000| Untracked 
|  68|0x0000000084400000, 0x0000000084400000, 0x0000000084500000|  0%| F|  |TAMS 0x0000000084400000, 0x0000000084400000| Untracked 
|  69|0x0000000084500000, 0x0000000084500000, 0x0000000084600000|  0%| F|  |TAMS 0x0000000084500000, 0x0000000084500000| Untracked 
|  70|0x0000000084600000, 0x0000000084600000, 0x0000000084700000|  0%| F|  |TAMS 0x0000000084600000, 0x0000000084600000| Untracked 
|  71|0x0000000084700000, 0x0000000084700000, 0x0000000084800000|  0%| F|  |TAMS 0x0000000084700000, 0x0000000084700000| Untracked 
|  72|0x0000000084800000, 0x0000000084800000, 0x0000000084900000|  0%| F|  |TAMS 0x0000000084800000, 0x0000000084800000| Untracked 
|  73|0x0000000084900000, 0x00000000849c6fb8, 0x0000000084a00000| 77%| S|CS|TAMS 0x0000000084900000, 0x0000000084900000| Complete 
|  74|0x0000000084a00000, 0x0000000084b00000, 0x0000000084b00000|100%| S|CS|TAMS 0x0000000084a00000, 0x0000000084a00000| Complete 
|  75|0x0000000084b00000, 0x0000000084c00000, 0x0000000084c00000|100%| S|CS|TAMS 0x0000000084b00000, 0x0000000084b00000| Complete 
|  76|0x0000000084c00000, 0x0000000084d00000, 0x0000000084d00000|100%| S|CS|TAMS 0x0000000084c00000, 0x0000000084c00000| Complete 
|  77|0x0000000084d00000, 0x0000000084e00000, 0x0000000084e00000|100%| S|CS|TAMS 0x0000000084d00000, 0x0000000084d00000| Complete 
|  78|0x0000000084e00000, 0x0000000084e00000, 0x0000000084f00000|  0%| F|  |TAMS 0x0000000084e00000, 0x0000000084e00000| Untracked 
|  79|0x0000000084f00000, 0x0000000084f00000, 0x0000000085000000|  0%| F|  |TAMS 0x0000000084f00000, 0x0000000084f00000| Untracked 
|  80|0x0000000085000000, 0x0000000085000000, 0x0000000085100000|  0%| F|  |TAMS 0x0000000085000000, 0x0000000085000000| Untracked 
|  81|0x0000000085100000, 0x0000000085100000, 0x0000000085200000|  0%| F|  |TAMS 0x0000000085100000, 0x0000000085100000| Untracked 
|  82|0x0000000085200000, 0x0000000085200000, 0x0000000085300000|  0%| F|  |TAMS 0x0000000085200000, 0x0000000085200000| Untracked 
|  83|0x0000000085300000, 0x0000000085300000, 0x0000000085400000|  0%| F|  |TAMS 0x0000000085300000, 0x0000000085300000| Untracked 
|  84|0x0000000085400000, 0x0000000085400000, 0x0000000085500000|  0%| F|  |TAMS 0x0000000085400000, 0x0000000085400000| Untracked 
|  85|0x0000000085500000, 0x0000000085500000, 0x0000000085600000|  0%| F|  |TAMS 0x0000000085500000, 0x0000000085500000| Untracked 
|  86|0x0000000085600000, 0x0000000085600000, 0x0000000085700000|  0%| F|  |TAMS 0x0000000085600000, 0x0000000085600000| Untracked 
|  87|0x0000000085700000, 0x0000000085700000, 0x0000000085800000|  0%| F|  |TAMS 0x0000000085700000, 0x0000000085700000| Untracked 
|  88|0x0000000085800000, 0x0000000085800000, 0x0000000085900000|  0%| F|  |TAMS 0x0000000085800000, 0x0000000085800000| Untracked 
|  89|0x0000000085900000, 0x0000000085900000, 0x0000000085a00000|  0%| F|  |TAMS 0x0000000085900000, 0x0000000085900000| Untracked 
|  90|0x0000000085a00000, 0x0000000085a00000, 0x0000000085b00000|  0%| F|  |TAMS 0x0000000085a00000, 0x0000000085a00000| Untracked 
|  91|0x0000000085b00000, 0x0000000085b00000, 0x0000000085c00000|  0%| F|  |TAMS 0x0000000085b00000, 0x0000000085b00000| Untracked 
|  92|0x0000000085c00000, 0x0000000085c00000, 0x0000000085d00000|  0%| F|  |TAMS 0x0000000085c00000, 0x0000000085c00000| Untracked 
|  93|0x0000000085d00000, 0x0000000085d00000, 0x0000000085e00000|  0%| F|  |TAMS 0x0000000085d00000, 0x0000000085d00000| Untracked 
|  94|0x0000000085e00000, 0x0000000085e00000, 0x0000000085f00000|  0%| F|  |TAMS 0x0000000085e00000, 0x0000000085e00000| Untracked 
|  95|0x0000000085f00000, 0x0000000085f00000, 0x0000000086000000|  0%| F|  |TAMS 0x0000000085f00000, 0x0000000085f00000| Untracked 
|  96|0x0000000086000000, 0x0000000086000000, 0x0000000086100000|  0%| F|  |TAMS 0x0000000086000000, 0x0000000086000000| Untracked 
|  97|0x0000000086100000, 0x0000000086100000, 0x0000000086200000|  0%| F|  |TAMS 0x0000000086100000, 0x0000000086100000| Untracked 
|  98|0x0000000086200000, 0x0000000086200000, 0x0000000086300000|  0%| F|  |TAMS 0x0000000086200000, 0x0000000086200000| Untracked 
|  99|0x0000000086300000, 0x0000000086300000, 0x0000000086400000|  0%| F|  |TAMS 0x0000000086300000, 0x0000000086300000| Untracked 
| 100|0x0000000086400000, 0x0000000086400000, 0x0000000086500000|  0%| F|  |TAMS 0x0000000086400000, 0x0000000086400000| Untracked 
| 101|0x0000000086500000, 0x0000000086500000, 0x0000000086600000|  0%| F|  |TAMS 0x0000000086500000, 0x0000000086500000| Untracked 
| 102|0x0000000086600000, 0x0000000086600000, 0x0000000086700000|  0%| F|  |TAMS 0x0000000086600000, 0x0000000086600000| Untracked 
| 103|0x0000000086700000, 0x0000000086700000, 0x0000000086800000|  0%| F|  |TAMS 0x0000000086700000, 0x0000000086700000| Untracked 
| 104|0x0000000086800000, 0x0000000086800000, 0x0000000086900000|  0%| F|  |TAMS 0x0000000086800000, 0x0000000086800000| Untracked 
| 105|0x0000000086900000, 0x0000000086900000, 0x0000000086a00000|  0%| F|  |TAMS 0x0000000086900000, 0x0000000086900000| Untracked 
| 106|0x0000000086a00000, 0x0000000086a00000, 0x0000000086b00000|  0%| F|  |TAMS 0x0000000086a00000, 0x0000000086a00000| Untracked 
| 107|0x0000000086b00000, 0x0000000086b00000, 0x0000000086c00000|  0%| F|  |TAMS 0x0000000086b00000, 0x0000000086b00000| Untracked 
| 108|0x0000000086c00000, 0x0000000086c00000, 0x0000000086d00000|  0%| F|  |TAMS 0x0000000086c00000, 0x0000000086c00000| Untracked 
| 109|0x0000000086d00000, 0x0000000086d00000, 0x0000000086e00000|  0%| F|  |TAMS 0x0000000086d00000, 0x0000000086d00000| Untracked 
| 110|0x0000000086e00000, 0x0000000086e00000, 0x0000000086f00000|  0%| F|  |TAMS 0x0000000086e00000, 0x0000000086e00000| Untracked 
| 111|0x0000000086f00000, 0x0000000086f00000, 0x0000000087000000|  0%| F|  |TAMS 0x0000000086f00000, 0x0000000086f00000| Untracked 
| 112|0x0000000087000000, 0x0000000087000000, 0x0000000087100000|  0%| F|  |TAMS 0x0000000087000000, 0x0000000087000000| Untracked 
| 113|0x0000000087100000, 0x0000000087100000, 0x0000000087200000|  0%| F|  |TAMS 0x0000000087100000, 0x0000000087100000| Untracked 
| 114|0x0000000087200000, 0x0000000087200000, 0x0000000087300000|  0%| F|  |TAMS 0x0000000087200000, 0x0000000087200000| Untracked 
| 115|0x0000000087300000, 0x0000000087300000, 0x0000000087400000|  0%| F|  |TAMS 0x0000000087300000, 0x0000000087300000| Untracked 
| 116|0x0000000087400000, 0x0000000087400000, 0x0000000087500000|  0%| F|  |TAMS 0x0000000087400000, 0x0000000087400000| Untracked 
| 117|0x0000000087500000, 0x0000000087500000, 0x0000000087600000|  0%| F|  |TAMS 0x0000000087500000, 0x0000000087500000| Untracked 
| 118|0x0000000087600000, 0x0000000087600000, 0x0000000087700000|  0%| F|  |TAMS 0x0000000087600000, 0x0000000087600000| Untracked 
| 119|0x0000000087700000, 0x0000000087700000, 0x0000000087800000|  0%| F|  |TAMS 0x0000000087700000, 0x0000000087700000| Untracked 
| 120|0x0000000087800000, 0x0000000087800000, 0x0000000087900000|  0%| F|  |TAMS 0x0000000087800000, 0x0000000087800000| Untracked 
| 121|0x0000000087900000, 0x0000000087900000, 0x0000000087a00000|  0%| F|  |TAMS 0x0000000087900000, 0x0000000087900000| Untracked 
| 122|0x0000000087a00000, 0x0000000087a00000, 0x0000000087b00000|  0%| F|  |TAMS 0x0000000087a00000, 0x0000000087a00000| Untracked 
| 123|0x0000000087b00000, 0x0000000087b00000, 0x0000000087c00000|  0%| F|  |TAMS 0x0000000087b00000, 0x0000000087b00000| Untracked 
| 124|0x0000000087c00000, 0x0000000087c00000, 0x0000000087d00000|  0%| F|  |TAMS 0x0000000087c00000, 0x0000000087c00000| Untracked 
| 125|0x0000000087d00000, 0x0000000087d00000, 0x0000000087e00000|  0%| F|  |TAMS 0x0000000087d00000, 0x0000000087d00000| Untracked 
| 126|0x0000000087e00000, 0x0000000087e00000, 0x0000000087f00000|  0%| F|  |TAMS 0x0000000087e00000, 0x0000000087e00000| Untracked 
| 127|0x0000000087f00000, 0x0000000087f00000, 0x0000000088000000|  0%| F|  |TAMS 0x0000000087f00000, 0x0000000087f00000| Untracked 

Card table byte_map: [0x0000024896e00000,0x0000024897200000] _byte_map_base: 0x0000024896a00000

Marking Bits (Prev, Next): (CMBitMap*) 0x00000248fa011180, (CMBitMap*) 0x00000248fa011148
 Prev Bits: [0x0000024899600000, 0x000002489b600000)
 Next Bits: [0x0000024897600000, 0x0000024899600000)

Polling page: 0x0000024880000000

Metaspace:

Usage:
  Non-class:     24.35 MB capacity,    23.92 MB ( 98%) used,   346.16 KB (  1%) free+waste,    99.06 KB ( <1%) overhead. 
      Class:      3.45 MB capacity,     3.11 MB ( 90%) used,   296.98 KB (  8%) free+waste,    51.19 KB (  1%) overhead. 
       Both:     27.81 MB capacity,    27.03 MB ( 97%) used,   643.14 KB (  2%) free+waste,   150.25 KB ( <1%) overhead. 

Virtual space:
  Non-class space:       26.00 MB reserved,      24.42 MB ( 94%) committed 
      Class space:        1.00 GB reserved,       3.50 MB ( <1%) committed 
             Both:        1.03 GB reserved,      27.92 MB (  3%) committed 

Chunk freelists:
   Non-Class:  896 bytes
       Class:  1.88 KB
        Both:  2.75 KB

CodeHeap 'non-profiled nmethods': size=120064Kb used=908Kb max_used=908Kb free=119155Kb
 bounds [0x000002488f0b0000, 0x000002488f320000, 0x00000248965f0000]
CodeHeap 'profiled nmethods': size=120000Kb used=4504Kb max_used=4504Kb free=115495Kb
 bounds [0x0000024887b80000, 0x0000024887ff0000, 0x000002488f0b0000]
CodeHeap 'non-nmethods': size=5696Kb used=1141Kb max_used=1180Kb free=4554Kb
 bounds [0x00000248875f0000, 0x0000024887860000, 0x0000024887b80000]
 total_blobs=2631 nmethods=2177 adapters=365
 compilation: enabled
              stopped_count=0, restarted_count=0
 full_count=0

Compilation events (10 events):
Event: 5.100 Thread 0x000002489da2d800 nmethod 2173 0x000002488f192b10 code [0x000002488f192c80, 0x000002488f192d38]
Event: 5.100 Thread 0x000002489da6e000 2175       3       java.util.Arrays::asList (9 bytes)
Event: 5.100 Thread 0x000002489da6e000 nmethod 2175 0x0000024887fe4790 code [0x0000024887fe4960, 0x0000024887fe4dc8]
Event: 5.101 Thread 0x000002489da6e000 2176       3       java.util.Arrays$ArrayList::<init> (16 bytes)
Event: 5.101 Thread 0x000002489da6e000 nmethod 2176 0x0000024887fe4f90 code [0x0000024887fe5160, 0x0000024887fe5528]
Event: 5.108 Thread 0x000002489da6e000 2177       3       java.lang.Package$VersionInfo::<init> (44 bytes)
Event: 5.108 Thread 0x000002489da6e000 nmethod 2177 0x0000024887fe5690 code [0x0000024887fe5840, 0x0000024887fe5c38]
Event: 5.115 Thread 0x000002489da6e000 2178  s    3       java.lang.Throwable::fillInStackTrace (29 bytes)
Event: 5.115 Thread 0x000002489da6e000 nmethod 2178 0x0000024887fe5d10 code [0x0000024887fe5ec0, 0x0000024887fe6268]
Event: 5.122 Thread 0x000002489da2d800 2180   !   4       java.net.URL::<init> (543 bytes)

GC Heap History (10 events):
Event: 0.795 GC heap after
{Heap after GC invocations=1 (full 0):
 garbage-first heap   total 131072K, used 4713K [0x0000000080000000, 0x0000000100000000)
  region size 1024K, 1 young (1024K), 1 survivors (1024K)
 Metaspace       used 9053K, capacity 9181K, committed 9344K, reserved 1058816K
  class space    used 812K, capacity 876K, committed 896K, reserved 1048576K
}
Event: 1.034 GC heap before
{Heap before GC invocations=1 (full 0):
 garbage-first heap   total 131072K, used 8809K [0x0000000080000000, 0x0000000100000000)
  region size 1024K, 6 young (6144K), 1 survivors (1024K)
 Metaspace       used 9902K, capacity 10070K, committed 10240K, reserved 1058816K
  class space    used 913K, capacity 962K, committed 1024K, reserved 1048576K
}
Event: 1.039 GC heap after
{Heap after GC invocations=2 (full 0):
 garbage-first heap   total 131072K, used 7486K [0x0000000080000000, 0x0000000100000000)
  region size 1024K, 1 young (1024K), 1 survivors (1024K)
 Metaspace       used 9902K, capacity 10070K, committed 10240K, reserved 1058816K
  class space    used 913K, capacity 962K, committed 1024K, reserved 1048576K
}
Event: 1.635 GC heap before
{Heap before GC invocations=2 (full 0):
 garbage-first heap   total 131072K, used 18750K [0x0000000080000000, 0x0000000100000000)
  region size 1024K, 12 young (12288K), 1 survivors (1024K)
 Metaspace       used 11908K, capacity 12236K, committed 12416K, reserved 1060864K
  class space    used 1168K, capacity 1311K, committed 1408K, reserved 1048576K
}
Event: 1.638 GC heap after
{Heap after GC invocations=3 (full 0):
 garbage-first heap   total 131072K, used 7537K [0x0000000080000000, 0x0000000100000000)
  region size 1024K, 2 young (2048K), 2 survivors (2048K)
 Metaspace       used 11908K, capacity 12236K, committed 12416K, reserved 1060864K
  class space    used 1168K, capacity 1311K, committed 1408K, reserved 1048576K
}
Event: 2.377 GC heap before
{Heap before GC invocations=3 (full 0):
 garbage-first heap   total 131072K, used 23921K [0x0000000080000000, 0x0000000100000000)
  region size 1024K, 18 young (18432K), 2 survivors (2048K)
 Metaspace       used 14973K, capacity 15466K, committed 15616K, reserved 1062912K
  class space    used 1562K, capacity 1781K, committed 1792K, reserved 1048576K
}
Event: 2.382 GC heap after
{Heap after GC invocations=4 (full 0):
 garbage-first heap   total 131072K, used 8199K [0x0000000080000000, 0x0000000100000000)
  region size 1024K, 2 young (2048K), 2 survivors (2048K)
 Metaspace       used 14973K, capacity 15466K, committed 15616K, reserved 1062912K
  class space    used 1562K, capacity 1781K, committed 1792K, reserved 1048576K
}
Event: 3.678 GC heap before
{Heap before GC invocations=4 (full 0):
 garbage-first heap   total 131072K, used 45063K [0x0000000080000000, 0x0000000100000000)
  region size 1024K, 39 young (39936K), 2 survivors (2048K)
 Metaspace       used 20465K, capacity 21150K, committed 21296K, reserved 1069056K
  class space    used 2295K, capacity 2604K, committed 2688K, reserved 1048576K
}
Event: 3.692 GC heap after
{Heap after GC invocations=5 (full 0):
 garbage-first heap   total 131072K, used 9746K [0x0000000080000000, 0x0000000100000000)
  region size 1024K, 4 young (4096K), 4 survivors (4096K)
 Metaspace       used 20465K, capacity 21150K, committed 21296K, reserved 1069056K
  class space    used 2295K, capacity 2604K, committed 2688K, reserved 1048576K
}
Event: 5.123 GC heap before
{Heap before GC invocations=6 (full 0):
 garbage-first heap   total 131072K, used 55826K [0x0000000080000000, 0x0000000100000000)
  region size 1024K, 50 young (51200K), 4 survivors (4096K)
 Metaspace       used 27680K, capacity 28474K, committed 28592K, reserved 1075200K
  class space    used 3188K, capacity 3537K, committed 3584K, reserved 1048576K
}

Deoptimization events (10 events):
Event: 2.565 Thread 0x00000248f9fd4800 Uncommon trap: reason=unstable_if action=reinterpret pc=0x000002488f10eab0 method=java.io.WinNTFileSystem.normalize(Ljava/lang/String;)Ljava/lang/String; @ 128 c2
Event: 2.687 Thread 0x00000248f9fd4800 Uncommon trap: reason=unstable_if action=reinterpret pc=0x000002488f1228e8 method=java.util.Properties$LineReader.readLine()I @ 25 c2
Event: 2.732 Thread 0x00000248f9fd4800 Uncommon trap: reason=unstable_if action=reinterpret pc=0x000002488f100c30 method=sun.reflect.generics.parser.SignatureParser.current()C @ 39 c2
Event: 3.241 Thread 0x00000248f9fd4800 Uncommon trap: reason=unstable_if action=reinterpret pc=0x000002488f10ac48 method=jdk.internal.org.objectweb.asm.Type.getArgumentsAndReturnSizes(Ljava/lang/String;)I @ 130 c2
Event: 3.289 Thread 0x000002489e66b800 Uncommon trap: reason=unstable_if action=reinterpret pc=0x000002488f133644 method=java.lang.String.indexOf(Ljava/lang/String;)I @ 8 c2
Event: 3.436 Thread 0x00000248f9fd4800 Uncommon trap: reason=unstable_if action=reinterpret pc=0x000002488f144b30 method=java.lang.String.indexOf([BBILjava/lang/String;I)I @ 21 c2
Event: 3.717 Thread 0x00000248f9fd4800 Uncommon trap: reason=unstable_if action=reinterpret pc=0x000002488f118744 method=java.util.concurrent.ConcurrentHashMap.putVal(Ljava/lang/Object;Ljava/lang/Object;Z)Ljava/lang/Object; @ 148 c2
Event: 3.922 Thread 0x00000248f9fd4800 Uncommon trap: reason=unstable_if action=reinterpret pc=0x000002488f140980 method=java.net.URL.<init>(Ljava/net/URL;Ljava/lang/String;Ljava/net/URLStreamHandler;)V @ 347 c2
Event: 4.462 Thread 0x00000248f9fd4800 Uncommon trap: reason=unstable_if action=reinterpret pc=0x000002488f1054d0 method=java.util.concurrent.ConcurrentHashMap.get(Ljava/lang/Object;)Ljava/lang/Object; @ 76 c2
Event: 5.062 Thread 0x00000248f9fd4800 Uncommon trap: reason=unstable_if action=reinterpret pc=0x000002488f0d6a8c method=java.util.jar.Manifest$FastInputStream.readLine([BII)I @ 130 c2

Classes redefined (0 events):
No events

Internal exceptions (10 events):
Event: 4.524 Thread 0x00000248f9fd4800 Exception <a 'java/lang/ClassNotFoundException'{0x0000000086ade788}: org/springframework/core/PriorityOrderedCustomizer> (0x0000000086ade788) thrown at [./open/src/hotspot/share/classfile/systemDictionary.cpp, line 226]
Event: 4.525 Thread 0x00000248f9fd4800 Exception <a 'java/lang/ClassNotFoundException'{0x0000000086aef690}: org/springframework/core/OrderedCustomizer> (0x0000000086aef690) thrown at [./open/src/hotspot/share/classfile/systemDictionary.cpp, line 226]
Event: 4.526 Thread 0x00000248f9fd4800 Exception <a 'java/lang/ClassNotFoundException'{0x00000000868b61e0}: org/springframework/context/ResourceLoaderAwareCustomizer> (0x00000000868b61e0) thrown at [./open/src/hotspot/share/classfile/systemDictionary.cpp, line 226]
Event: 4.527 Thread 0x00000248f9fd4800 Exception <a 'java/lang/ClassNotFoundException'{0x00000000868c91b8}: org/springframework/beans/factory/AwareCustomizer> (0x00000000868c91b8) thrown at [./open/src/hotspot/share/classfile/systemDictionary.cpp, line 226]
Event: 4.527 Thread 0x00000248f9fd4800 Exception <a 'java/lang/ClassNotFoundException'{0x00000000868dd2b8}: org/springframework/context/ApplicationStartupAwareCustomizer> (0x00000000868dd2b8) thrown at [./open/src/hotspot/share/classfile/systemDictionary.cpp, line 226]
Event: 4.528 Thread 0x00000248f9fd4800 Exception <a 'java/lang/ClassNotFoundException'{0x00000000868f0508}: org/springframework/beans/factory/AwareCustomizer> (0x00000000868f0508) thrown at [./open/src/hotspot/share/classfile/systemDictionary.cpp, line 226]
Event: 4.529 Thread 0x00000248f9fd4800 Exception <a 'java/lang/ClassNotFoundException'{0x0000000086705088}: org/springframework/beans/factory/BeanClassLoaderAwareCustomizer> (0x0000000086705088) thrown at [./open/src/hotspot/share/classfile/systemDictionary.cpp, line 226]
Event: 4.530 Thread 0x00000248f9fd4800 Exception <a 'java/lang/ClassNotFoundException'{0x0000000086718078}: org/springframework/beans/factory/AwareCustomizer> (0x0000000086718078) thrown at [./open/src/hotspot/share/classfile/systemDictionary.cpp, line 226]
Event: 4.531 Thread 0x00000248f9fd4800 Exception <a 'java/lang/ClassNotFoundException'{0x000000008672b020}: org/springframework/context/EnvironmentAwareCustomizer> (0x000000008672b020) thrown at [./open/src/hotspot/share/classfile/systemDictionary.cpp, line 226]
Event: 4.531 Thread 0x00000248f9fd4800 Exception <a 'java/lang/ClassNotFoundException'{0x000000008673df88}: org/springframework/beans/factory/AwareCustomizer> (0x000000008673df88) thrown at [./open/src/hotspot/share/classfile/systemDictionary.cpp, line 226]

Events (10 events):
Event: 5.121 loading class reactor/core/publisher/Flux done
Event: 5.121 loading class com/fasterxml/jackson/datatype/jsr310/deser/JSR310DateTimeDeserializerBase
Event: 5.121 loading class com/fasterxml/jackson/datatype/jsr310/deser/JSR310DateTimeDeserializerBase done
Event: 5.122 loading class org/springframework/data/redis/repository/configuration/EnableRedisRepositories
Event: 5.122 loading class org/springframework/data/redis/repository/configuration/EnableRedisRepositories done
Event: 5.122 loading class javax/servlet/ServletConfig
Event: 5.122 loading class javax/servlet/ServletConfig done
Event: 5.122 loading class com/fasterxml/jackson/datatype/jsr310/deser/JSR310DeserializerBase
Event: 5.122 loading class com/fasterxml/jackson/datatype/jsr310/deser/JSR310DeserializerBase done
Event: 5.123 Executing VM operation: G1CollectForAllocation


Dynamic libraries:
0x00007ff70b2b0000 - 0x00007ff70b2bf000 	C:\Program Files\Java\jdk-11.0.16\bin\java.exe
0x00007ff9c3e10000 - 0x00007ff9c4008000 	C:\Windows\SYSTEM32\ntdll.dll
0x00007ff9c3400000 - 0x00007ff9c34bf000 	C:\Windows\System32\KERNEL32.DLL
0x00007ff9c17c0000 - 0x00007ff9c1a92000 	C:\Windows\System32\KERNELBASE.dll
0x00007ff9c1620000 - 0x00007ff9c1720000 	C:\Windows\System32\ucrtbase.dll
0x00007ff9a5780000 - 0x00007ff9a5798000 	C:\Program Files\Java\jdk-11.0.16\bin\jli.dll
0x00007ff9c24f0000 - 0x00007ff9c259e000 	C:\Windows\System32\ADVAPI32.dll
0x00007ff9c2e20000 - 0x00007ff9c2ebe000 	C:\Windows\System32\msvcrt.dll
0x00007ff9c1e60000 - 0x00007ff9c1efc000 	C:\Windows\System32\sechost.dll
0x00007ff9c2f30000 - 0x00007ff9c3055000 	C:\Windows\System32\RPCRT4.dll
0x00007ff9c3690000 - 0x00007ff9c382d000 	C:\Windows\System32\USER32.dll
0x00007ff9c1aa0000 - 0x00007ff9c1ac2000 	C:\Windows\System32\win32u.dll
0x00007ff9c3830000 - 0x00007ff9c385b000 	C:\Windows\System32\GDI32.dll
0x00007ff9c1510000 - 0x00007ff9c161f000 	C:\Windows\System32\gdi32full.dll
0x00007ff9c1720000 - 0x00007ff9c17bd000 	C:\Windows\System32\msvcp_win.dll
0x00007ff9a5690000 - 0x00007ff9a56a5000 	C:\Program Files\Java\jdk-11.0.16\bin\VCRUNTIME140.dll
0x00007ff9a13d0000 - 0x00007ff9a166a000 	C:\Windows\WinSxS\amd64_microsoft.windows.common-controls_6595b64144ccf1df_6.0.19041.1110_none_60b5254171f9507e\COMCTL32.dll
0x00007ff9b9960000 - 0x00007ff9b996a000 	C:\Windows\SYSTEM32\VERSION.dll
0x00007ff9c3650000 - 0x00007ff9c3682000 	C:\Windows\System32\IMM32.DLL
0x00007ff964320000 - 0x00007ff9643bb000 	C:\Program Files\Java\jdk-11.0.16\bin\msvcp140.dll
0x00007ff963800000 - 0x00007ff964318000 	C:\Program Files\Java\jdk-11.0.16\bin\server\jvm.dll
0x00007ff9c3180000 - 0x00007ff9c3188000 	C:\Windows\System32\PSAPI.DLL
0x00007ff985d30000 - 0x00007ff985d39000 	C:\Windows\SYSTEM32\WSOCK32.dll
0x00007ff9c2480000 - 0x00007ff9c24eb000 	C:\Windows\System32\WS2_32.dll
0x00007ff9a0050000 - 0x00007ff9a0077000 	C:\Windows\SYSTEM32\WINMM.dll
0x00007ff9bf2d0000 - 0x00007ff9bf2e2000 	C:\Windows\SYSTEM32\kernel.appcore.dll
0x00007ff9b9e80000 - 0x00007ff9b9e90000 	C:\Program Files\Java\jdk-11.0.16\bin\verify.dll
0x00007ff9b2da0000 - 0x00007ff9b2f84000 	C:\Windows\SYSTEM32\DBGHELP.DLL
0x00007ff9b29c0000 - 0x00007ff9b29ec000 	C:\Windows\SYSTEM32\dbgcore.DLL
0x00007ff9c1c20000 - 0x00007ff9c1ca2000 	C:\Windows\System32\bcryptPrimitives.dll
0x00007ff9a5660000 - 0x00007ff9a5688000 	C:\Program Files\Java\jdk-11.0.16\bin\java.dll
0x00007ff9a5770000 - 0x00007ff9a577a000 	C:\Program Files\Java\jdk-11.0.16\bin\jimage.dll
0x00007ff9a5640000 - 0x00007ff9a5656000 	C:\Program Files\Java\jdk-11.0.16\bin\zip.dll
0x00007ff9c25a0000 - 0x00007ff9c2ce3000 	C:\Windows\System32\SHELL32.dll
0x00007ff9bf5b0000 - 0x00007ff9bfd42000 	C:\Windows\SYSTEM32\windows.storage.dll
0x00007ff9c1f90000 - 0x00007ff9c22e4000 	C:\Windows\System32\combase.dll
0x00007ff9c0db0000 - 0x00007ff9c0de0000 	C:\Windows\SYSTEM32\Wldp.dll
0x00007ff9c35a0000 - 0x00007ff9c364d000 	C:\Windows\System32\SHCORE.dll
0x00007ff9c3860000 - 0x00007ff9c38b5000 	C:\Windows\System32\shlwapi.dll
0x00007ff9c1450000 - 0x00007ff9c146f000 	C:\Windows\SYSTEM32\profapi.dll
0x00007ff9a5620000 - 0x00007ff9a5639000 	C:\Program Files\Java\jdk-11.0.16\bin\net.dll
0x00007ff9b9160000 - 0x00007ff9b926c000 	C:\Windows\SYSTEM32\WINHTTP.dll
0x00007ff9c0b90000 - 0x00007ff9c0bfa000 	C:\Windows\system32\mswsock.dll
0x00007ff9a55e0000 - 0x00007ff9a55f2000 	C:\Program Files\Java\jdk-11.0.16\bin\nio.dll
0x00007ff9bcd80000 - 0x00007ff9bcd89000 	C:\Program Files\Java\jdk-11.0.16\bin\management.dll
0x00007ff9baf90000 - 0x00007ff9baf9b000 	C:\Program Files\Java\jdk-11.0.16\bin\management_ext.dll
0x00007ff9a7cc0000 - 0x00007ff9a7cd7000 	C:\Windows\system32\napinsp.dll
0x00007ff9a7ca0000 - 0x00007ff9a7cbb000 	C:\Windows\system32\pnrpnsp.dll
0x00007ff9a7c80000 - 0x00007ff9a7c95000 	C:\Windows\system32\wshbth.dll
0x00007ff9bcd40000 - 0x00007ff9bcd5d000 	C:\Windows\system32\NLAapi.dll
0x00007ff9c08a0000 - 0x00007ff9c08db000 	C:\Windows\SYSTEM32\IPHLPAPI.DLL
0x00007ff9c08e0000 - 0x00007ff9c09aa000 	C:\Windows\SYSTEM32\DNSAPI.dll
0x00007ff9c2f20000 - 0x00007ff9c2f28000 	C:\Windows\System32\NSI.dll
0x00007ff9a7c60000 - 0x00007ff9a7c72000 	C:\Windows\System32\winrnr.dll
0x00007ff9b83e0000 - 0x00007ff9b83ea000 	C:\Windows\System32\rasadhlp.dll
0x00007ff9b9080000 - 0x00007ff9b9100000 	C:\Windows\System32\fwpuclnt.dll
0x00007ff9c1ad0000 - 0x00007ff9c1af7000 	C:\Windows\System32\bcrypt.dll

dbghelp: loaded successfully - version: 4.0.5 - missing functions: none
symbol engine: initialized successfully - sym options: 0x614 - pdb path: .;C:\Program Files\Java\jdk-11.0.16\bin;C:\Windows\SYSTEM32;C:\Windows\WinSxS\amd64_microsoft.windows.common-controls_6595b64144ccf1df_6.0.19041.1110_none_60b5254171f9507e;C:\Program Files\Java\jdk-11.0.16\bin\server

VM Arguments:
java_command: C:\Users\sfjbs\AppData\Local\Temp\surefire10462839239127051378\surefirebooter14196179525315112382.jar C:\Users\sfjbs\AppData\Local\Temp\surefire10462839239127051378 2022-11-13T08-49-43_650-jvmRun1 surefire11788414092971820619tmp surefire_010087684143022576331tmp
java_class_path (initial): C:\Users\sfjbs\AppData\Local\Temp\surefire10462839239127051378\surefirebooter14196179525315112382.jar
Launcher Type: SUN_STANDARD

[Global flags]
     intx CICompilerCount                          = 2                                         {product} {ergonomic}
     uint ConcGCThreads                            = 1                                         {product} {ergonomic}
     uint G1ConcRefinementThreads                  = 2                                         {product} {ergonomic}
   size_t G1HeapRegionSize                         = 1048576                                   {product} {ergonomic}
    uintx GCDrainStackTargetSize                   = 64                                        {product} {ergonomic}
   size_t InitialHeapSize                          = 134217728                                 {product} {ergonomic}
   size_t MarkStackSize                            = 4194304                                   {product} {ergonomic}
   size_t MaxHeapSize                              = 2147483648                                {product} {ergonomic}
   size_t MaxNewSize                               = 1287651328                                {product} {ergonomic}
   size_t MinHeapDeltaBytes                        = 1048576                                   {product} {ergonomic}
    uintx NonNMethodCodeHeapSize                   = 5825164                                {pd product} {ergonomic}
    uintx NonProfiledCodeHeapSize                  = 122916538                              {pd product} {ergonomic}
    uintx ProfiledCodeHeapSize                     = 122916538                              {pd product} {ergonomic}
    uintx ReservedCodeCacheSize                    = 251658240                              {pd product} {ergonomic}
     bool SegmentedCodeCache                       = true                                      {product} {ergonomic}
     bool UseCompressedClassPointers               = true                                 {lp64_product} {ergonomic}
     bool UseCompressedOops                        = true                                 {lp64_product} {ergonomic}
     bool UseG1GC                                  = true                                      {product} {ergonomic}
     bool UseLargePagesIndividualAllocation        = false                                  {pd product} {ergonomic}

Logging:
Log output configuration:
 #0: stdout all=warning uptime,level,tags
 #1: stderr all=off uptime,level,tags

Environment Variables:
PATH=C:\Program Files\Common Files\Oracle\Java\javapath;C:\Windows\system32;C:\Windows;C:\Windows\System32\Wbem;C:\Windows\System32\WindowsPowerShell\v1.0\;C:\Windows\System32\OpenSSH\;C:\Users\sfjbs\Downloads\micro service-20221021T071039Z-001\micro service\apache-maven-3.8.5-bin\apache-maven-3.8.5\bin;C:\Users\sfjbs\Downloads\micro service-20221021T071039Z-001\micro service\apache-maven-3.8.5-bin\apache-maven-3.8.5\lib;C:\Program Files\Git\cmd;C:\Program Files\Docker\Docker\resources\bin;C:\Users\sfjbs\AppData\Local\Microsoft\WindowsApps;C:\Users\sfjbs\Downloads\micro service-20221021T071039Z-001\micro service\apache-maven-3.8.5-bin\apache-maven-3.8.5\bin;C:\Users\sfjbs\Downloads\micro service-20221021T071039Z-001\micro service\apache-maven-3.8.5-bin\apache-maven-3.8.5\lib;;C:\Program Files\JetBrains\IntelliJ IDEA Community Edition 2022.2.1\bin;
USERNAME=sfjbs
OS=Windows_NT
PROCESSOR_IDENTIFIER=Intel64 Family 6 Model 85 Stepping 7, GenuineIntel



---------------  S Y S T E M  ---------------

OS: Windows 10 , 64 bit Build 19041 (10.0.19041.2251)
Hyper-V role detected

CPU:total 2 (initial active 2) (1 cores per cpu, 2 threads per core) family 6 model 85 stepping 7 microcode 0xffffffff, cmov, cx8, fxsr, mmx, sse, sse2, sse3, ssse3, sse4.1, sse4.2, popcnt, avx, avx2, aes, clmul, erms, rtm, 3dnowpref, lzcnt, ht, tsc, bmi1, bmi2, adx, evex, fma

Memory: 4k page, system-wide physical 8190M (535M free)
TotalPageFile size 10238M (AvailPageFile size 23M)
current process WorkingSet (physical memory assigned to process): 149M, peak: 149M
current process commit charge ("private bytes"): 247M, peak: 273M

vm_info: Java HotSpot(TM) 64-Bit Server VM (11.0.16+11-LTS-199) for windows-amd64 JRE (11.0.16+11-LTS-199), built on Jun 28 2022 08:23:17 by "mach5one" with MS VC++ 15.9 (VS2017)

END.
