#
# There is insufficient memory for the Java Runtime Environment to continue.
# Native memory allocation (malloc) failed to allocate 1120496 bytes for Chunk::new
# Possible reasons:
#   The system is out of physical RAM or swap space
#   The process is running with CompressedOops enabled, and the Java Heap may be blocking the growth of the native heap
# Possible solutions:
#   Reduce memory load on the system
#   Increase physical memory or swap space
#   Check if swap backing store is full
#   Decrease Java heap size (-Xmx/-Xms)
#   Decrease number of Java threads
#   Decrease Java thread stack sizes (-Xss)
#   Set larger code cache with -XX:ReservedCodeCacheSize=
#   JVM is running with Unscaled Compressed Oops mode in which the Java heap is
#     placed in the first 4GB address space. The Java Heap base address is the
#     maximum limit for the native heap growth. Please use -XX:HeapBaseMinAddress
#     to set the Java Heap base and to place the Java Heap above 4GB virtual address.
# This output file may be truncated or incomplete.
#
#  Out of Memory Error (./open/src/hotspot/share/memory/arena.cpp:197), pid=12088, tid=5664
#
# JRE version: Java(TM) SE Runtime Environment 18.9 (11.0.16+11) (build 11.0.16+11-LTS-199)
# Java VM: Java HotSpot(TM) 64-Bit Server VM 18.9 (11.0.16+11-LTS-199, mixed mode, tiered, compressed oops, g1 gc, windows-amd64)
# No core dump will be written. Minidumps are not enabled by default on client versions of Windows
#

---------------  S U M M A R Y ------------

Command Line: -javaagent:C:\Program Files\JetBrains\IntelliJ IDEA Community Edition 2022.2.1\lib\idea_rt.jar=60790:C:\Program Files\JetBrains\IntelliJ IDEA Community Edition 2022.2.1\bin -Dfile.encoding=UTF-8 com.ahmed.PensionManagementSystem.PensionManagementSystemApplication

Host: Intel(R) Xeon(R) Platinum 8272CL CPU @ 2.60GHz, 2 cores, 7G,  Windows 10 , 64 bit Build 19041 (10.0.19041.2251)
Time: Sun Nov 13 10:28:32 2022 Coordinated Universal Time elapsed time: 860.645247 seconds (0d 0h 14m 20s)

---------------  T H R E A D  ---------------

Current thread (0x000002eaa2d09800):  JavaThread "C2 CompilerThread0" daemon [_thread_in_native, id=5664, stack(0x000000fd48a00000,0x000000fd48b00000)]


Current CompileTask:
C2: 860645 5474       4       org.springframework.core.ResolvableType::resolveClass (73 bytes)

Stack: [0x000000fd48a00000,0x000000fd48b00000]
Native frames: (J=compiled Java code, j=interpreted, Vv=VM code, C=native code)
V  [jvm.dll+0x62a3ea]
V  [jvm.dll+0x76418f]
V  [jvm.dll+0x765839]
V  [jvm.dll+0x765ec3]
V  [jvm.dll+0x23da98]
V  [jvm.dll+0xb2a1c]
V  [jvm.dll+0xb2fdc]
V  [jvm.dll+0x341487]
V  [jvm.dll+0x18ca39]
V  [jvm.dll+0x1f85b2]
V  [jvm.dll+0x1f768d]
V  [jvm.dll+0x177c81]
V  [jvm.dll+0x207006]
V  [jvm.dll+0x20519b]
V  [jvm.dll+0x729fa0]
V  [jvm.dll+0x722b74]
V  [jvm.dll+0x629286]
C  [ucrtbase.dll+0x21bb2]
C  [KERNEL32.DLL+0x174b4]
C  [ntdll.dll+0x526a1]


---------------  P R O C E S S  ---------------

Threads class SMR info:
_java_thread_list=0x000002eaa78fae50, length=28, elements={
0x000002eaa2ce5800, 0x000002eaa2ce6800, 0x000002eaa3582800, 0x000002eaa2d03800,
0x000002eaa2d06800, 0x000002eaa2d09800, 0x000002eaa2d0e000, 0x000002eaa2d10800,
0x000002eaa36c0000, 0x000002eaa39a0000, 0x000002eaa6fc4800, 0x000002eaa734f800,
0x000002eaa4d8c000, 0x000002eaa7aec800, 0x000002eaa744c000, 0x000002eaa6bf0000,
0x000002eaaa9a0800, 0x000002eaa7ff4000, 0x000002eaa7ff5000, 0x000002eaa7ff2800,
0x000002eaa7ff3000, 0x000002eaa851c000, 0x000002eaa851c800, 0x000002eaa851d800,
0x000002eaa851e800, 0x000002eaa851f000, 0x000002eaa8520000, 0x000002eaa851a800
}

Java Threads: ( => current thread )
  0x000002eaa2ce5800 JavaThread "Reference Handler" daemon [_thread_blocked, id=4792, stack(0x000000fd48500000,0x000000fd48600000)]
  0x000002eaa2ce6800 JavaThread "Finalizer" daemon [_thread_blocked, id=9548, stack(0x000000fd48600000,0x000000fd48700000)]
  0x000002eaa3582800 JavaThread "Signal Dispatcher" daemon [_thread_blocked, id=8356, stack(0x000000fd48700000,0x000000fd48800000)]
  0x000002eaa2d03800 JavaThread "Attach Listener" daemon [_thread_blocked, id=12096, stack(0x000000fd48800000,0x000000fd48900000)]
  0x000002eaa2d06800 JavaThread "Service Thread" daemon [_thread_blocked, id=7800, stack(0x000000fd48900000,0x000000fd48a00000)]
=>0x000002eaa2d09800 JavaThread "C2 CompilerThread0" daemon [_thread_in_native, id=5664, stack(0x000000fd48a00000,0x000000fd48b00000)]
  0x000002eaa2d0e000 JavaThread "C1 CompilerThread0" daemon [_thread_blocked, id=2188, stack(0x000000fd48b00000,0x000000fd48c00000)]
  0x000002eaa2d10800 JavaThread "Sweeper thread" daemon [_thread_blocked, id=10328, stack(0x000000fd48c00000,0x000000fd48d00000)]
  0x000002eaa36c0000 JavaThread "Common-Cleaner" daemon [_thread_blocked, id=1556, stack(0x000000fd48d00000,0x000000fd48e00000)]
  0x000002eaa39a0000 JavaThread "Monitor Ctrl-Break" daemon [_thread_in_native, id=5712, stack(0x000000fd48e00000,0x000000fd48f00000)]
  0x000002eaa6fc4800 JavaThread "Catalina-utility-1" [_thread_blocked, id=4988, stack(0x000000fd49100000,0x000000fd49200000)]
  0x000002eaa734f800 JavaThread "Catalina-utility-2" [_thread_blocked, id=3212, stack(0x000000fd49200000,0x000000fd49300000)]
  0x000002eaa4d8c000 JavaThread "container-0" [_thread_blocked, id=3024, stack(0x000000fd49300000,0x000000fd49400000)]
  0x000002eaa7aec800 JavaThread "mysql-cj-abandoned-connection-cleanup" daemon [_thread_blocked, id=7672, stack(0x000000fd49400000,0x000000fd49500000)]
  0x000002eaa744c000 JavaThread "HikariPool-1 housekeeper" daemon [_thread_blocked, id=10452, stack(0x000000fd49600000,0x000000fd49700000)]
  0x000002eaa6bf0000 JavaThread "http-nio-8080-exec-1" daemon [_thread_blocked, id=5404, stack(0x000000fd49800000,0x000000fd49900000)]
  0x000002eaaa9a0800 JavaThread "http-nio-8080-exec-2" daemon [_thread_blocked, id=11144, stack(0x000000fd49900000,0x000000fd49a00000)]
  0x000002eaa7ff4000 JavaThread "http-nio-8080-exec-3" daemon [_thread_blocked, id=11648, stack(0x000000fd49a00000,0x000000fd49b00000)]
  0x000002eaa7ff5000 JavaThread "http-nio-8080-exec-4" daemon [_thread_blocked, id=8568, stack(0x000000fd49b00000,0x000000fd49c00000)]
  0x000002eaa7ff2800 JavaThread "http-nio-8080-exec-5" daemon [_thread_blocked, id=10340, stack(0x000000fd49c00000,0x000000fd49d00000)]
  0x000002eaa7ff3000 JavaThread "http-nio-8080-exec-6" daemon [_thread_blocked, id=10900, stack(0x000000fd49d00000,0x000000fd49e00000)]
  0x000002eaa851c000 JavaThread "http-nio-8080-exec-7" daemon [_thread_blocked, id=3452, stack(0x000000fd49e00000,0x000000fd49f00000)]
  0x000002eaa851c800 JavaThread "http-nio-8080-exec-8" daemon [_thread_blocked, id=9500, stack(0x000000fd49f00000,0x000000fd4a000000)]
  0x000002eaa851d800 JavaThread "http-nio-8080-exec-9" daemon [_thread_blocked, id=9520, stack(0x000000fd4a000000,0x000000fd4a100000)]
  0x000002eaa851e800 JavaThread "http-nio-8080-exec-10" daemon [_thread_blocked, id=8752, stack(0x000000fd4a100000,0x000000fd4a200000)]
  0x000002eaa851f000 JavaThread "http-nio-8080-Poller" daemon [_thread_in_native, id=10568, stack(0x000000fd4a200000,0x000000fd4a300000)]
  0x000002eaa8520000 JavaThread "http-nio-8080-Acceptor" daemon [_thread_in_native, id=3888, stack(0x000000fd4a300000,0x000000fd4a400000)]
  0x000002eaa851a800 JavaThread "DestroyJavaVM" [_thread_blocked, id=6104, stack(0x000000fd47d00000,0x000000fd47e00000)]

Other Threads:
  0x000002eaa2ce3800 VMThread "VM Thread" [stack: 0x000000fd48400000,0x000000fd48500000] [id=11472]
  0x000002eaa38a2800 WatcherThread [stack: 0x000000fd48f00000,0x000000fd49000000] [id=9352]
  0x000002ea858a5800 GCTaskThread "GC Thread#0" [stack: 0x000000fd47f00000,0x000000fd48000000] [id=11708]
  0x000002eaa3b71800 GCTaskThread "GC Thread#1" [stack: 0x000000fd49000000,0x000000fd49100000] [id=8256]
  0x000002ea858d6000 ConcurrentGCThread "G1 Main Marker" [stack: 0x000000fd48000000,0x000000fd48100000] [id=5532]
  0x000002ea858d9000 ConcurrentGCThread "G1 Conc#0" [stack: 0x000000fd48100000,0x000000fd48200000] [id=6060]
  0x000002ea8595e800 ConcurrentGCThread "G1 Refine#0" [stack: 0x000000fd48200000,0x000000fd48300000] [id=12056]
  0x000002ea85960800 ConcurrentGCThread "G1 Young RemSet Sampling" [stack: 0x000000fd48300000,0x000000fd48400000] [id=11984]

Threads with active compile tasks:
C2 CompilerThread0   860675 5474       4       org.springframework.core.ResolvableType::resolveClass (73 bytes)

VM state:not at safepoint (normal execution)

VM Mutex/Monitor currently owned by a thread: None

Heap address: 0x0000000080000000, size: 2048 MB, Compressed Oops mode: 32-bit
Narrow klass base: 0x0000000000000000, Narrow klass shift: 3
Compressed class space size: 1073741824 Address: 0x0000000100000000

Heap:
 garbage-first heap   total 189440K, used 105150K [0x0000000080000000, 0x0000000100000000)
  region size 1024K, 93 young (95232K), 10 survivors (10240K)
 Metaspace       used 68964K, capacity 70717K, committed 70956K, reserved 1110016K
  class space    used 8813K, capacity 9499K, committed 9600K, reserved 1048576K
Heap Regions: E=young(eden), S=young(survivor), O=old, HS=humongous(starts), HC=humongous(continues), CS=collection set, F=free, A=archive, TAMS=top-at-mark-start (previous, next)
|   0|0x0000000080000000, 0x0000000080100000, 0x0000000080100000|100%|HS|  |TAMS 0x0000000080100000, 0x0000000080000000| Complete 
|   1|0x0000000080100000, 0x0000000080200000, 0x0000000080200000|100%| O|  |TAMS 0x0000000080200000, 0x0000000080100000| Untracked 
|   2|0x0000000080200000, 0x0000000080300000, 0x0000000080300000|100%| O|  |TAMS 0x0000000080300000, 0x0000000080200000| Untracked 
|   3|0x0000000080300000, 0x0000000080400000, 0x0000000080400000|100%| O|  |TAMS 0x0000000080400000, 0x0000000080300000| Untracked 
|   4|0x0000000080400000, 0x0000000080500000, 0x0000000080500000|100%| O|  |TAMS 0x0000000080500000, 0x0000000080400000| Untracked 
|   5|0x0000000080500000, 0x0000000080600000, 0x0000000080600000|100%| O|  |TAMS 0x0000000080600000, 0x0000000080500000| Untracked 
|   6|0x0000000080600000, 0x0000000080700000, 0x0000000080700000|100%| O|  |TAMS 0x0000000080700000, 0x0000000080600000| Untracked 
|   7|0x0000000080700000, 0x0000000080800000, 0x0000000080800000|100%| O|  |TAMS 0x0000000080800000, 0x0000000080700000| Untracked 
|   8|0x0000000080800000, 0x0000000080900000, 0x0000000080900000|100%| O|  |TAMS 0x0000000080900000, 0x0000000080800000| Untracked 
|   9|0x0000000080900000, 0x0000000080a00000, 0x0000000080a00000|100%| O|  |TAMS 0x0000000080a00000, 0x0000000080900000| Untracked 
|  10|0x0000000080a00000, 0x0000000080b00000, 0x0000000080b00000|100%| O|  |TAMS 0x0000000080b00000, 0x0000000080a00000| Untracked 
|  11|0x0000000080b00000, 0x0000000080b2f800, 0x0000000080c00000| 18%| O|  |TAMS 0x0000000080b2f800, 0x0000000080b00000| Untracked 
|  12|0x0000000080c00000, 0x0000000080c00000, 0x0000000080d00000|  0%| F|  |TAMS 0x0000000080c00000, 0x0000000080c00000| Untracked 
|  13|0x0000000080d00000, 0x0000000080d00000, 0x0000000080e00000|  0%| F|  |TAMS 0x0000000080d00000, 0x0000000080d00000| Untracked 
|  14|0x0000000080e00000, 0x0000000080e00000, 0x0000000080f00000|  0%| F|  |TAMS 0x0000000080e00000, 0x0000000080e00000| Untracked 
|  15|0x0000000080f00000, 0x0000000080f00000, 0x0000000081000000|  0%| F|  |TAMS 0x0000000080f00000, 0x0000000080f00000| Untracked 
|  16|0x0000000081000000, 0x0000000081000000, 0x0000000081100000|  0%| F|  |TAMS 0x0000000081000000, 0x0000000081000000| Untracked 
|  17|0x0000000081100000, 0x0000000081100000, 0x0000000081200000|  0%| F|  |TAMS 0x0000000081100000, 0x0000000081100000| Untracked 
|  18|0x0000000081200000, 0x0000000081200000, 0x0000000081300000|  0%| F|  |TAMS 0x0000000081200000, 0x0000000081200000| Untracked 
|  19|0x0000000081300000, 0x0000000081300000, 0x0000000081400000|  0%| F|  |TAMS 0x0000000081300000, 0x0000000081300000| Untracked 
|  20|0x0000000081400000, 0x0000000081400000, 0x0000000081500000|  0%| F|  |TAMS 0x0000000081400000, 0x0000000081400000| Untracked 
|  21|0x0000000081500000, 0x0000000081500000, 0x0000000081600000|  0%| F|  |TAMS 0x0000000081500000, 0x0000000081500000| Untracked 
|  22|0x0000000081600000, 0x0000000081600000, 0x0000000081700000|  0%| F|  |TAMS 0x0000000081600000, 0x0000000081600000| Untracked 
|  23|0x0000000081700000, 0x0000000081700000, 0x0000000081800000|  0%| F|  |TAMS 0x0000000081700000, 0x0000000081700000| Untracked 
|  24|0x0000000081800000, 0x0000000081800000, 0x0000000081900000|  0%| F|  |TAMS 0x0000000081800000, 0x0000000081800000| Untracked 
|  25|0x0000000081900000, 0x0000000081900000, 0x0000000081a00000|  0%| F|  |TAMS 0x0000000081900000, 0x0000000081900000| Untracked 
|  26|0x0000000081a00000, 0x0000000081a00000, 0x0000000081b00000|  0%| F|  |TAMS 0x0000000081a00000, 0x0000000081a00000| Untracked 
|  27|0x0000000081b00000, 0x0000000081b00000, 0x0000000081c00000|  0%| F|  |TAMS 0x0000000081b00000, 0x0000000081b00000| Untracked 
|  28|0x0000000081c00000, 0x0000000081c00000, 0x0000000081d00000|  0%| F|  |TAMS 0x0000000081c00000, 0x0000000081c00000| Untracked 
|  29|0x0000000081d00000, 0x0000000081d00000, 0x0000000081e00000|  0%| F|  |TAMS 0x0000000081d00000, 0x0000000081d00000| Untracked 
|  30|0x0000000081e00000, 0x0000000081e00000, 0x0000000081f00000|  0%| F|  |TAMS 0x0000000081e00000, 0x0000000081e00000| Untracked 
|  31|0x0000000081f00000, 0x0000000081f00000, 0x0000000082000000|  0%| F|  |TAMS 0x0000000081f00000, 0x0000000081f00000| Untracked 
|  32|0x0000000082000000, 0x0000000082000000, 0x0000000082100000|  0%| F|  |TAMS 0x0000000082000000, 0x0000000082000000| Untracked 
|  33|0x0000000082100000, 0x0000000082100000, 0x0000000082200000|  0%| F|  |TAMS 0x0000000082100000, 0x0000000082100000| Untracked 
|  34|0x0000000082200000, 0x0000000082200000, 0x0000000082300000|  0%| F|  |TAMS 0x0000000082200000, 0x0000000082200000| Untracked 
|  35|0x0000000082300000, 0x0000000082300000, 0x0000000082400000|  0%| F|  |TAMS 0x0000000082300000, 0x0000000082300000| Untracked 
|  36|0x0000000082400000, 0x0000000082400000, 0x0000000082500000|  0%| F|  |TAMS 0x0000000082400000, 0x0000000082400000| Untracked 
|  37|0x0000000082500000, 0x0000000082500000, 0x0000000082600000|  0%| F|  |TAMS 0x0000000082500000, 0x0000000082500000| Untracked 
|  38|0x0000000082600000, 0x0000000082600000, 0x0000000082700000|  0%| F|  |TAMS 0x0000000082600000, 0x0000000082600000| Untracked 
|  39|0x0000000082700000, 0x0000000082700000, 0x0000000082800000|  0%| F|  |TAMS 0x0000000082700000, 0x0000000082700000| Untracked 
|  40|0x0000000082800000, 0x0000000082800000, 0x0000000082900000|  0%| F|  |TAMS 0x0000000082800000, 0x0000000082800000| Untracked 
|  41|0x0000000082900000, 0x0000000082900000, 0x0000000082a00000|  0%| F|  |TAMS 0x0000000082900000, 0x0000000082900000| Untracked 
|  42|0x0000000082a00000, 0x0000000082a00000, 0x0000000082b00000|  0%| F|  |TAMS 0x0000000082a00000, 0x0000000082a00000| Untracked 
|  43|0x0000000082b00000, 0x0000000082b00000, 0x0000000082c00000|  0%| F|  |TAMS 0x0000000082b00000, 0x0000000082b00000| Untracked 
|  44|0x0000000082c00000, 0x0000000082c00000, 0x0000000082d00000|  0%| F|  |TAMS 0x0000000082c00000, 0x0000000082c00000| Untracked 
|  45|0x0000000082d00000, 0x0000000082d00000, 0x0000000082e00000|  0%| F|  |TAMS 0x0000000082d00000, 0x0000000082d00000| Untracked 
|  46|0x0000000082e00000, 0x0000000082e00000, 0x0000000082f00000|  0%| F|  |TAMS 0x0000000082e00000, 0x0000000082e00000| Untracked 
|  47|0x0000000082f00000, 0x0000000082f00000, 0x0000000083000000|  0%| F|  |TAMS 0x0000000082f00000, 0x0000000082f00000| Untracked 
|  48|0x0000000083000000, 0x0000000083000000, 0x0000000083100000|  0%| F|  |TAMS 0x0000000083000000, 0x0000000083000000| Untracked 
|  49|0x0000000083100000, 0x0000000083100000, 0x0000000083200000|  0%| F|  |TAMS 0x0000000083100000, 0x0000000083100000| Untracked 
|  50|0x0000000083200000, 0x0000000083200000, 0x0000000083300000|  0%| F|  |TAMS 0x0000000083200000, 0x0000000083200000| Untracked 
|  51|0x0000000083300000, 0x0000000083300000, 0x0000000083400000|  0%| F|  |TAMS 0x0000000083300000, 0x0000000083300000| Untracked 
|  52|0x0000000083400000, 0x0000000083400000, 0x0000000083500000|  0%| F|  |TAMS 0x0000000083400000, 0x0000000083400000| Untracked 
|  53|0x0000000083500000, 0x0000000083500000, 0x0000000083600000|  0%| F|  |TAMS 0x0000000083500000, 0x0000000083500000| Untracked 
|  54|0x0000000083600000, 0x0000000083600000, 0x0000000083700000|  0%| F|  |TAMS 0x0000000083600000, 0x0000000083600000| Untracked 
|  55|0x0000000083700000, 0x0000000083700000, 0x0000000083800000|  0%| F|  |TAMS 0x0000000083700000, 0x0000000083700000| Untracked 
|  56|0x0000000083800000, 0x0000000083800000, 0x0000000083900000|  0%| F|  |TAMS 0x0000000083800000, 0x0000000083800000| Untracked 
|  57|0x0000000083900000, 0x0000000083900000, 0x0000000083a00000|  0%| F|  |TAMS 0x0000000083900000, 0x0000000083900000| Untracked 
|  58|0x0000000083a00000, 0x0000000083a00000, 0x0000000083b00000|  0%| F|  |TAMS 0x0000000083a00000, 0x0000000083a00000| Untracked 
|  59|0x0000000083b00000, 0x0000000083b00000, 0x0000000083c00000|  0%| F|  |TAMS 0x0000000083b00000, 0x0000000083b00000| Untracked 
|  60|0x0000000083c00000, 0x0000000083c00000, 0x0000000083d00000|  0%| F|  |TAMS 0x0000000083c00000, 0x0000000083c00000| Untracked 
|  61|0x0000000083d00000, 0x0000000083d00000, 0x0000000083e00000|  0%| F|  |TAMS 0x0000000083d00000, 0x0000000083d00000| Untracked 
|  62|0x0000000083e00000, 0x0000000083e00000, 0x0000000083f00000|  0%| F|  |TAMS 0x0000000083e00000, 0x0000000083e00000| Untracked 
|  63|0x0000000083f00000, 0x0000000083f00000, 0x0000000084000000|  0%| F|  |TAMS 0x0000000083f00000, 0x0000000083f00000| Untracked 
|  64|0x0000000084000000, 0x0000000084000000, 0x0000000084100000|  0%| F|  |TAMS 0x0000000084000000, 0x0000000084000000| Untracked 
|  65|0x0000000084100000, 0x0000000084100000, 0x0000000084200000|  0%| F|  |TAMS 0x0000000084100000, 0x0000000084100000| Untracked 
|  66|0x0000000084200000, 0x0000000084200000, 0x0000000084300000|  0%| F|  |TAMS 0x0000000084200000, 0x0000000084200000| Untracked 
|  67|0x0000000084300000, 0x0000000084300000, 0x0000000084400000|  0%| F|  |TAMS 0x0000000084300000, 0x0000000084300000| Untracked 
|  68|0x0000000084400000, 0x0000000084400000, 0x0000000084500000|  0%| F|  |TAMS 0x0000000084400000, 0x0000000084400000| Untracked 
|  69|0x0000000084500000, 0x0000000084500000, 0x0000000084600000|  0%| F|  |TAMS 0x0000000084500000, 0x0000000084500000| Untracked 
|  70|0x0000000084600000, 0x0000000084600000, 0x0000000084700000|  0%| F|  |TAMS 0x0000000084600000, 0x0000000084600000| Untracked 
|  71|0x0000000084700000, 0x0000000084700000, 0x0000000084800000|  0%| F|  |TAMS 0x0000000084700000, 0x0000000084700000| Untracked 
|  72|0x0000000084800000, 0x0000000084800000, 0x0000000084900000|  0%| F|  |TAMS 0x0000000084800000, 0x0000000084800000| Untracked 
|  73|0x0000000084900000, 0x0000000084900000, 0x0000000084a00000|  0%| F|  |TAMS 0x0000000084900000, 0x0000000084900000| Untracked 
|  74|0x0000000084a00000, 0x0000000084a00000, 0x0000000084b00000|  0%| F|  |TAMS 0x0000000084a00000, 0x0000000084a00000| Untracked 
|  75|0x0000000084b00000, 0x0000000084b00000, 0x0000000084c00000|  0%| F|  |TAMS 0x0000000084b00000, 0x0000000084b00000| Untracked 
|  76|0x0000000084c00000, 0x0000000084c00000, 0x0000000084d00000|  0%| F|  |TAMS 0x0000000084c00000, 0x0000000084c00000| Untracked 
|  77|0x0000000084d00000, 0x0000000084d00000, 0x0000000084e00000|  0%| F|  |TAMS 0x0000000084d00000, 0x0000000084d00000| Untracked 
|  78|0x0000000084e00000, 0x0000000084e00000, 0x0000000084f00000|  0%| F|  |TAMS 0x0000000084e00000, 0x0000000084e00000| Untracked 
|  79|0x0000000084f00000, 0x0000000084f00000, 0x0000000085000000|  0%| F|  |TAMS 0x0000000084f00000, 0x0000000084f00000| Untracked 
|  80|0x0000000085000000, 0x0000000085000000, 0x0000000085100000|  0%| F|  |TAMS 0x0000000085000000, 0x0000000085000000| Untracked 
|  81|0x0000000085100000, 0x0000000085100000, 0x0000000085200000|  0%| F|  |TAMS 0x0000000085100000, 0x0000000085100000| Untracked 
|  82|0x0000000085200000, 0x0000000085200000, 0x0000000085300000|  0%| F|  |TAMS 0x0000000085200000, 0x0000000085200000| Untracked 
|  83|0x0000000085300000, 0x0000000085300000, 0x0000000085400000|  0%| F|  |TAMS 0x0000000085300000, 0x0000000085300000| Untracked 
|  84|0x0000000085400000, 0x0000000085400000, 0x0000000085500000|  0%| F|  |TAMS 0x0000000085400000, 0x0000000085400000| Untracked 
|  85|0x0000000085500000, 0x0000000085500000, 0x0000000085600000|  0%| F|  |TAMS 0x0000000085500000, 0x0000000085500000| Untracked 
|  86|0x0000000085600000, 0x0000000085600000, 0x0000000085700000|  0%| F|  |TAMS 0x0000000085600000, 0x0000000085600000| Untracked 
|  87|0x0000000085700000, 0x0000000085700000, 0x0000000085800000|  0%| F|  |TAMS 0x0000000085700000, 0x0000000085700000| Untracked 
|  88|0x0000000085800000, 0x0000000085800000, 0x0000000085900000|  0%| F|  |TAMS 0x0000000085800000, 0x0000000085800000| Untracked 
|  89|0x0000000085900000, 0x0000000085900000, 0x0000000085a00000|  0%| F|  |TAMS 0x0000000085900000, 0x0000000085900000| Untracked 
|  90|0x0000000085a00000, 0x0000000085a00000, 0x0000000085b00000|  0%| F|  |TAMS 0x0000000085a00000, 0x0000000085a00000| Untracked 
|  91|0x0000000085b00000, 0x0000000085b00000, 0x0000000085c00000|  0%| F|  |TAMS 0x0000000085b00000, 0x0000000085b00000| Untracked 
|  92|0x0000000085c00000, 0x0000000085d00000, 0x0000000085d00000|100%| E|  |TAMS 0x0000000085c00000, 0x0000000085c00000| Complete 
|  93|0x0000000085d00000, 0x0000000085e00000, 0x0000000085e00000|100%| E|CS|TAMS 0x0000000085d00000, 0x0000000085d00000| Complete 
|  94|0x0000000085e00000, 0x0000000085f00000, 0x0000000085f00000|100%| E|CS|TAMS 0x0000000085e00000, 0x0000000085e00000| Complete 
|  95|0x0000000085f00000, 0x0000000086000000, 0x0000000086000000|100%| E|CS|TAMS 0x0000000085f00000, 0x0000000085f00000| Complete 
|  96|0x0000000086000000, 0x0000000086100000, 0x0000000086100000|100%| E|CS|TAMS 0x0000000086000000, 0x0000000086000000| Complete 
|  97|0x0000000086100000, 0x0000000086200000, 0x0000000086200000|100%| E|CS|TAMS 0x0000000086100000, 0x0000000086100000| Complete 
|  98|0x0000000086200000, 0x0000000086300000, 0x0000000086300000|100%| E|CS|TAMS 0x0000000086200000, 0x0000000086200000| Complete 
|  99|0x0000000086300000, 0x0000000086400000, 0x0000000086400000|100%| E|CS|TAMS 0x0000000086300000, 0x0000000086300000| Complete 
| 100|0x0000000086400000, 0x0000000086500000, 0x0000000086500000|100%| E|CS|TAMS 0x0000000086400000, 0x0000000086400000| Complete 
| 101|0x0000000086500000, 0x0000000086600000, 0x0000000086600000|100%| E|CS|TAMS 0x0000000086500000, 0x0000000086500000| Complete 
| 102|0x0000000086600000, 0x0000000086700000, 0x0000000086700000|100%| E|CS|TAMS 0x0000000086600000, 0x0000000086600000| Complete 
| 103|0x0000000086700000, 0x0000000086800000, 0x0000000086800000|100%| E|CS|TAMS 0x0000000086700000, 0x0000000086700000| Complete 
| 104|0x0000000086800000, 0x0000000086900000, 0x0000000086900000|100%| E|CS|TAMS 0x0000000086800000, 0x0000000086800000| Complete 
| 105|0x0000000086900000, 0x0000000086a00000, 0x0000000086a00000|100%| E|CS|TAMS 0x0000000086900000, 0x0000000086900000| Complete 
| 106|0x0000000086a00000, 0x0000000086b00000, 0x0000000086b00000|100%| E|CS|TAMS 0x0000000086a00000, 0x0000000086a00000| Complete 
| 107|0x0000000086b00000, 0x0000000086c00000, 0x0000000086c00000|100%| E|CS|TAMS 0x0000000086b00000, 0x0000000086b00000| Complete 
| 108|0x0000000086c00000, 0x0000000086d00000, 0x0000000086d00000|100%| E|CS|TAMS 0x0000000086c00000, 0x0000000086c00000| Complete 
| 109|0x0000000086d00000, 0x0000000086e00000, 0x0000000086e00000|100%| E|CS|TAMS 0x0000000086d00000, 0x0000000086d00000| Complete 
| 110|0x0000000086e00000, 0x0000000086f00000, 0x0000000086f00000|100%| E|CS|TAMS 0x0000000086e00000, 0x0000000086e00000| Complete 
| 111|0x0000000086f00000, 0x0000000087000000, 0x0000000087000000|100%| E|CS|TAMS 0x0000000086f00000, 0x0000000086f00000| Complete 
| 112|0x0000000087000000, 0x0000000087100000, 0x0000000087100000|100%| E|CS|TAMS 0x0000000087000000, 0x0000000087000000| Complete 
| 113|0x0000000087100000, 0x0000000087200000, 0x0000000087200000|100%| E|CS|TAMS 0x0000000087100000, 0x0000000087100000| Complete 
| 114|0x0000000087200000, 0x0000000087300000, 0x0000000087300000|100%| E|CS|TAMS 0x0000000087200000, 0x0000000087200000| Complete 
| 115|0x0000000087300000, 0x0000000087400000, 0x0000000087400000|100%| E|CS|TAMS 0x0000000087300000, 0x0000000087300000| Complete 
| 116|0x0000000087400000, 0x0000000087500000, 0x0000000087500000|100%| E|CS|TAMS 0x0000000087400000, 0x0000000087400000| Complete 
| 117|0x0000000087500000, 0x0000000087600000, 0x0000000087600000|100%| E|CS|TAMS 0x0000000087500000, 0x0000000087500000| Complete 
| 118|0x0000000087600000, 0x0000000087700000, 0x0000000087700000|100%| E|CS|TAMS 0x0000000087600000, 0x0000000087600000| Complete 
| 119|0x0000000087700000, 0x0000000087800000, 0x0000000087800000|100%| E|CS|TAMS 0x0000000087700000, 0x0000000087700000| Complete 
| 120|0x0000000087800000, 0x0000000087900000, 0x0000000087900000|100%| E|CS|TAMS 0x0000000087800000, 0x0000000087800000| Complete 
| 121|0x0000000087900000, 0x0000000087980000, 0x0000000087a00000| 50%| S|CS|TAMS 0x0000000087900000, 0x0000000087900000| Complete 
| 122|0x0000000087a00000, 0x0000000087b00000, 0x0000000087b00000|100%| S|CS|TAMS 0x0000000087a00000, 0x0000000087a00000| Complete 
| 123|0x0000000087b00000, 0x0000000087c00000, 0x0000000087c00000|100%| S|CS|TAMS 0x0000000087b00000, 0x0000000087b00000| Complete 
| 124|0x0000000087c00000, 0x0000000087d00000, 0x0000000087d00000|100%| S|CS|TAMS 0x0000000087c00000, 0x0000000087c00000| Complete 
| 125|0x0000000087d00000, 0x0000000087e00000, 0x0000000087e00000|100%| S|CS|TAMS 0x0000000087d00000, 0x0000000087d00000| Complete 
| 126|0x0000000087e00000, 0x0000000087f00000, 0x0000000087f00000|100%| S|CS|TAMS 0x0000000087e00000, 0x0000000087e00000| Complete 
| 127|0x0000000087f00000, 0x0000000088000000, 0x0000000088000000|100%| S|CS|TAMS 0x0000000087f00000, 0x0000000087f00000| Complete 
| 128|0x0000000088000000, 0x0000000088100000, 0x0000000088100000|100%| S|CS|TAMS 0x0000000088000000, 0x0000000088000000| Complete 
| 129|0x0000000088100000, 0x0000000088200000, 0x0000000088200000|100%| S|CS|TAMS 0x0000000088100000, 0x0000000088100000| Complete 
| 130|0x0000000088200000, 0x0000000088300000, 0x0000000088300000|100%| S|CS|TAMS 0x0000000088200000, 0x0000000088200000| Complete 
| 131|0x0000000088300000, 0x0000000088400000, 0x0000000088400000|100%| E|CS|TAMS 0x0000000088300000, 0x0000000088300000| Complete 
| 132|0x0000000088400000, 0x0000000088500000, 0x0000000088500000|100%| E|CS|TAMS 0x0000000088400000, 0x0000000088400000| Complete 
| 133|0x0000000088500000, 0x0000000088600000, 0x0000000088600000|100%| E|CS|TAMS 0x0000000088500000, 0x0000000088500000| Complete 
| 134|0x0000000088600000, 0x0000000088700000, 0x0000000088700000|100%| E|CS|TAMS 0x0000000088600000, 0x0000000088600000| Complete 
| 135|0x0000000088700000, 0x0000000088800000, 0x0000000088800000|100%| E|CS|TAMS 0x0000000088700000, 0x0000000088700000| Complete 
| 136|0x0000000088800000, 0x0000000088900000, 0x0000000088900000|100%| E|CS|TAMS 0x0000000088800000, 0x0000000088800000| Complete 
| 137|0x0000000088900000, 0x0000000088a00000, 0x0000000088a00000|100%| E|CS|TAMS 0x0000000088900000, 0x0000000088900000| Complete 
| 138|0x0000000088a00000, 0x0000000088b00000, 0x0000000088b00000|100%| E|CS|TAMS 0x0000000088a00000, 0x0000000088a00000| Complete 
| 139|0x0000000088b00000, 0x0000000088c00000, 0x0000000088c00000|100%| E|CS|TAMS 0x0000000088b00000, 0x0000000088b00000| Complete 
| 140|0x0000000088c00000, 0x0000000088d00000, 0x0000000088d00000|100%| E|CS|TAMS 0x0000000088c00000, 0x0000000088c00000| Complete 
| 141|0x0000000088d00000, 0x0000000088e00000, 0x0000000088e00000|100%| E|CS|TAMS 0x0000000088d00000, 0x0000000088d00000| Complete 
| 142|0x0000000088e00000, 0x0000000088f00000, 0x0000000088f00000|100%| E|CS|TAMS 0x0000000088e00000, 0x0000000088e00000| Complete 
| 143|0x0000000088f00000, 0x0000000089000000, 0x0000000089000000|100%| E|CS|TAMS 0x0000000088f00000, 0x0000000088f00000| Complete 
| 144|0x0000000089000000, 0x0000000089100000, 0x0000000089100000|100%| E|CS|TAMS 0x0000000089000000, 0x0000000089000000| Complete 
| 145|0x0000000089100000, 0x0000000089200000, 0x0000000089200000|100%| E|CS|TAMS 0x0000000089100000, 0x0000000089100000| Complete 
| 146|0x0000000089200000, 0x0000000089300000, 0x0000000089300000|100%| E|CS|TAMS 0x0000000089200000, 0x0000000089200000| Complete 
| 147|0x0000000089300000, 0x0000000089400000, 0x0000000089400000|100%| E|CS|TAMS 0x0000000089300000, 0x0000000089300000| Complete 
| 148|0x0000000089400000, 0x0000000089500000, 0x0000000089500000|100%| E|CS|TAMS 0x0000000089400000, 0x0000000089400000| Complete 
| 149|0x0000000089500000, 0x0000000089600000, 0x0000000089600000|100%| E|CS|TAMS 0x0000000089500000, 0x0000000089500000| Complete 
| 150|0x0000000089600000, 0x0000000089700000, 0x0000000089700000|100%| E|CS|TAMS 0x0000000089600000, 0x0000000089600000| Complete 
| 151|0x0000000089700000, 0x0000000089800000, 0x0000000089800000|100%| E|CS|TAMS 0x0000000089700000, 0x0000000089700000| Complete 
| 152|0x0000000089800000, 0x0000000089900000, 0x0000000089900000|100%| E|CS|TAMS 0x0000000089800000, 0x0000000089800000| Complete 
| 153|0x0000000089900000, 0x0000000089a00000, 0x0000000089a00000|100%| E|CS|TAMS 0x0000000089900000, 0x0000000089900000| Complete 
| 154|0x0000000089a00000, 0x0000000089b00000, 0x0000000089b00000|100%| E|CS|TAMS 0x0000000089a00000, 0x0000000089a00000| Complete 
| 155|0x0000000089b00000, 0x0000000089c00000, 0x0000000089c00000|100%| E|CS|TAMS 0x0000000089b00000, 0x0000000089b00000| Complete 
| 156|0x0000000089c00000, 0x0000000089d00000, 0x0000000089d00000|100%| E|CS|TAMS 0x0000000089c00000, 0x0000000089c00000| Complete 
| 157|0x0000000089d00000, 0x0000000089e00000, 0x0000000089e00000|100%| E|CS|TAMS 0x0000000089d00000, 0x0000000089d00000| Complete 
| 158|0x0000000089e00000, 0x0000000089f00000, 0x0000000089f00000|100%| E|CS|TAMS 0x0000000089e00000, 0x0000000089e00000| Complete 
| 159|0x0000000089f00000, 0x000000008a000000, 0x000000008a000000|100%| E|CS|TAMS 0x0000000089f00000, 0x0000000089f00000| Complete 
| 160|0x000000008a000000, 0x000000008a100000, 0x000000008a100000|100%| E|CS|TAMS 0x000000008a000000, 0x000000008a000000| Complete 
| 161|0x000000008a100000, 0x000000008a200000, 0x000000008a200000|100%| E|CS|TAMS 0x000000008a100000, 0x000000008a100000| Complete 
| 162|0x000000008a200000, 0x000000008a300000, 0x000000008a300000|100%| E|CS|TAMS 0x000000008a200000, 0x000000008a200000| Complete 
| 163|0x000000008a300000, 0x000000008a400000, 0x000000008a400000|100%| E|CS|TAMS 0x000000008a300000, 0x000000008a300000| Complete 
| 164|0x000000008a400000, 0x000000008a500000, 0x000000008a500000|100%| E|CS|TAMS 0x000000008a400000, 0x000000008a400000| Complete 
| 165|0x000000008a500000, 0x000000008a600000, 0x000000008a600000|100%| E|CS|TAMS 0x000000008a500000, 0x000000008a500000| Complete 
| 166|0x000000008a600000, 0x000000008a700000, 0x000000008a700000|100%| E|CS|TAMS 0x000000008a600000, 0x000000008a600000| Complete 
| 167|0x000000008a700000, 0x000000008a800000, 0x000000008a800000|100%| E|CS|TAMS 0x000000008a700000, 0x000000008a700000| Complete 
| 168|0x000000008a800000, 0x000000008a900000, 0x000000008a900000|100%| E|CS|TAMS 0x000000008a800000, 0x000000008a800000| Complete 
| 169|0x000000008a900000, 0x000000008aa00000, 0x000000008aa00000|100%| E|CS|TAMS 0x000000008a900000, 0x000000008a900000| Complete 
| 170|0x000000008aa00000, 0x000000008ab00000, 0x000000008ab00000|100%| E|CS|TAMS 0x000000008aa00000, 0x000000008aa00000| Complete 
| 171|0x000000008ab00000, 0x000000008ac00000, 0x000000008ac00000|100%| E|CS|TAMS 0x000000008ab00000, 0x000000008ab00000| Complete 
| 172|0x000000008ac00000, 0x000000008ad00000, 0x000000008ad00000|100%| E|CS|TAMS 0x000000008ac00000, 0x000000008ac00000| Complete 
| 173|0x000000008ad00000, 0x000000008ae00000, 0x000000008ae00000|100%| E|CS|TAMS 0x000000008ad00000, 0x000000008ad00000| Complete 
| 174|0x000000008ae00000, 0x000000008af00000, 0x000000008af00000|100%| E|CS|TAMS 0x000000008ae00000, 0x000000008ae00000| Complete 
| 175|0x000000008af00000, 0x000000008b000000, 0x000000008b000000|100%| E|CS|TAMS 0x000000008af00000, 0x000000008af00000| Complete 
| 176|0x000000008b000000, 0x000000008b100000, 0x000000008b100000|100%| E|CS|TAMS 0x000000008b000000, 0x000000008b000000| Complete 
| 177|0x000000008b100000, 0x000000008b200000, 0x000000008b200000|100%| E|CS|TAMS 0x000000008b100000, 0x000000008b100000| Complete 
| 178|0x000000008b200000, 0x000000008b300000, 0x000000008b300000|100%| E|CS|TAMS 0x000000008b200000, 0x000000008b200000| Complete 
| 179|0x000000008b300000, 0x000000008b400000, 0x000000008b400000|100%| E|CS|TAMS 0x000000008b300000, 0x000000008b300000| Complete 
| 180|0x000000008b400000, 0x000000008b500000, 0x000000008b500000|100%| E|CS|TAMS 0x000000008b400000, 0x000000008b400000| Complete 
| 181|0x000000008b500000, 0x000000008b600000, 0x000000008b600000|100%| E|CS|TAMS 0x000000008b500000, 0x000000008b500000| Complete 
| 182|0x000000008b600000, 0x000000008b700000, 0x000000008b700000|100%| E|CS|TAMS 0x000000008b600000, 0x000000008b600000| Complete 
| 183|0x000000008b700000, 0x000000008b800000, 0x000000008b800000|100%| E|CS|TAMS 0x000000008b700000, 0x000000008b700000| Complete 
| 184|0x000000008b800000, 0x000000008b900000, 0x000000008b900000|100%| E|CS|TAMS 0x000000008b800000, 0x000000008b800000| Complete 

Card table byte_map: [0x000002ea9c340000,0x000002ea9c740000] _byte_map_base: 0x000002ea9bf40000

Marking Bits (Prev, Next): (CMBitMap*) 0x000002ea858ccf30, (CMBitMap*) 0x000002ea858ccef8
 Prev Bits: [0x000002ea9eb40000, 0x000002eaa0b40000)
 Next Bits: [0x000002ea9cb40000, 0x000002ea9eb40000)

Polling page: 0x000002ea85070000

Metaspace:

Usage:
  Non-class:     59.78 MB capacity,    58.74 MB ( 98%) used,   845.27 KB (  1%) free+waste,   222.19 KB ( <1%) overhead. 
      Class:      9.28 MB capacity,     8.61 MB ( 93%) used,   577.63 KB (  6%) free+waste,   107.81 KB (  1%) overhead. 
       Both:     69.06 MB capacity,    67.35 MB ( 98%) used,     1.39 MB (  2%) free+waste,   330.00 KB ( <1%) overhead. 

Virtual space:
  Non-class space:       60.00 MB reserved,      59.92 MB (>99%) committed 
      Class space:        1.00 GB reserved,       9.38 MB ( <1%) committed 
             Both:        1.06 GB reserved,      69.29 MB (  6%) committed 

Chunk freelists:
   Non-Class:  1.25 KB
       Class:  640 bytes
        Both:  1.88 KB

CodeHeap 'non-profiled nmethods': size=120064Kb used=2967Kb max_used=2967Kb free=117096Kb
 bounds [0x000002ea94a00000, 0x000002ea94cf0000, 0x000002ea9bf40000]
CodeHeap 'profiled nmethods': size=120000Kb used=11791Kb max_used=11791Kb free=108208Kb
 bounds [0x000002ea8d4d0000, 0x000002ea8e060000, 0x000002ea94a00000]
CodeHeap 'non-nmethods': size=5696Kb used=1252Kb max_used=1286Kb free=4443Kb
 bounds [0x000002ea8cf40000, 0x000002ea8d1b0000, 0x000002ea8d4d0000]
 total_blobs=6058 nmethods=5437 adapters=531
 compilation: enabled
              stopped_count=0, restarted_count=0
 full_count=0

Compilation events (10 events):
Event: 860.363 Thread 0x000002eaa2d0e000 5475       1       org.springframework.web.method.HandlerMethod::getBeanType (5 bytes)
Event: 860.363 Thread 0x000002eaa2d0e000 nmethod 5475 0x000002ea94ce5810 code [0x000002ea94ce59a0, 0x000002ea94ce5a58]
Event: 860.363 Thread 0x000002eaa2d0e000 5476       1       java.util.Collections$EmptyMap::containsKey (2 bytes)
Event: 860.363 Thread 0x000002eaa2d0e000 nmethod 5476 0x000002ea94ce5b10 code [0x000002ea94ce5ca0, 0x000002ea94ce5d58]
Event: 860.364 Thread 0x000002eaa2d0e000 5477       3       org.apache.tomcat.util.http.MimeHeaders::getValue (26 bytes)
Event: 860.364 Thread 0x000002eaa2d0e000 nmethod 5477 0x000002ea8e050f90 code [0x000002ea8e051140, 0x000002ea8e051338]
Event: 860.364 Thread 0x000002eaa2d0e000 5478       3       org.apache.tomcat.util.buf.MessageBytes::toBytes (71 bytes)
Event: 860.366 Thread 0x000002eaa2d0e000 nmethod 5478 0x000002ea8e051490 code [0x000002ea8e051800, 0x000002ea8e053238]
Event: 860.367 Thread 0x000002eaa2d0e000 5479       3       sun.nio.ch.Util::isBufferTooLarge (15 bytes)
Event: 860.367 Thread 0x000002eaa2d0e000 nmethod 5479 0x000002ea8e053b10 code [0x000002ea8e053ca0, 0x000002ea8e053df8]

GC Heap History (10 events):
Event: 3.626 GC heap before
{Heap before GC invocations=7 (full 0):
 garbage-first heap   total 157696K, used 40455K [0x0000000080000000, 0x0000000100000000)
  region size 1024K, 33 young (33792K), 2 survivors (2048K)
 Metaspace       used 24808K, capacity 25424K, committed 25600K, reserved 1071104K
  class space    used 2786K, capacity 3052K, committed 3072K, reserved 1048576K
}
Event: 3.635 GC heap after
{Heap after GC invocations=8 (full 0):
 garbage-first heap   total 157696K, used 10282K [0x0000000080000000, 0x0000000100000000)
  region size 1024K, 4 young (4096K), 4 survivors (4096K)
 Metaspace       used 24808K, capacity 25424K, committed 25600K, reserved 1071104K
  class space    used 2786K, capacity 3052K, committed 3072K, reserved 1048576K
}
Event: 5.261 GC heap before
{Heap before GC invocations=8 (full 0):
 garbage-first heap   total 157696K, used 57386K [0x0000000080000000, 0x0000000100000000)
  region size 1024K, 50 young (51200K), 4 survivors (4096K)
 Metaspace       used 29226K, capacity 30002K, committed 30336K, reserved 1075200K
  class space    used 3349K, capacity 3631K, committed 3712K, reserved 1048576K
}
Event: 5.276 GC heap after
{Heap after GC invocations=9 (full 0):
 garbage-first heap   total 157696K, used 11783K [0x0000000080000000, 0x0000000100000000)
  region size 1024K, 5 young (5120K), 5 survivors (5120K)
 Metaspace       used 29226K, capacity 30002K, committed 30336K, reserved 1075200K
  class space    used 3349K, capacity 3631K, committed 3712K, reserved 1048576K
}
Event: 6.714 GC heap before
{Heap before GC invocations=9 (full 0):
 garbage-first heap   total 157696K, used 44551K [0x0000000080000000, 0x0000000100000000)
  region size 1024K, 38 young (38912K), 5 survivors (5120K)
 Metaspace       used 34698K, capacity 35764K, committed 35840K, reserved 1081344K
  class space    used 4068K, capacity 4461K, committed 4480K, reserved 1048576K
}
Event: 6.734 GC heap after
{Heap after GC invocations=10 (full 0):
 garbage-first heap   total 157696K, used 14271K [0x0000000080000000, 0x0000000100000000)
  region size 1024K, 8 young (8192K), 8 survivors (8192K)
 Metaspace       used 34698K, capacity 35764K, committed 35840K, reserved 1081344K
  class space    used 4068K, capacity 4461K, committed 4480K, reserved 1048576K
}
Event: 10.039 GC heap before
{Heap before GC invocations=11 (full 0):
 garbage-first heap   total 157696K, used 81855K [0x0000000080000000, 0x0000000100000000)
  region size 1024K, 74 young (75776K), 8 survivors (8192K)
 Metaspace       used 49840K, capacity 51103K, committed 51328K, reserved 1093632K
  class space    used 6183K, capacity 6708K, committed 6784K, reserved 1048576K
}
Event: 10.084 GC heap after
{Heap after GC invocations=12 (full 0):
 garbage-first heap   total 189440K, used 19115K [0x0000000080000000, 0x0000000100000000)
  region size 1024K, 10 young (10240K), 10 survivors (10240K)
 Metaspace       used 49840K, capacity 51103K, committed 51328K, reserved 1093632K
  class space    used 6183K, capacity 6708K, committed 6784K, reserved 1048576K
}
Event: 12.578 GC heap before
{Heap before GC invocations=12 (full 0):
 garbage-first heap   total 189440K, used 73387K [0x0000000080000000, 0x0000000100000000)
  region size 1024K, 64 young (65536K), 10 survivors (10240K)
 Metaspace       used 58539K, capacity 59836K, committed 59948K, reserved 1101824K
  class space    used 7445K, capacity 7992K, committed 8064K, reserved 1048576K
}
Event: 12.609 GC heap after
{Heap after GC invocations=13 (full 0):
 garbage-first heap   total 189440K, used 21182K [0x0000000080000000, 0x0000000100000000)
  region size 1024K, 10 young (10240K), 10 survivors (10240K)
 Metaspace       used 58539K, capacity 59836K, committed 59948K, reserved 1101824K
  class space    used 7445K, capacity 7992K, committed 8064K, reserved 1048576K
}

Deoptimization events (10 events):
Event: 27.649 Thread 0x000002eaa6bf0000 Uncommon trap: reason=unstable_if action=reinterpret pc=0x000002ea94a91644 method=java.lang.String.indexOf(Ljava/lang/String;)I @ 8 c2
Event: 27.672 Thread 0x000002eaa6bf0000 Uncommon trap: reason=unstable_if action=reinterpret pc=0x000002ea94a79758 method=java.lang.AbstractStringBuilder.charAt(I)C @ 12 c2
Event: 28.121 Thread 0x000002eaa6bf0000 Uncommon trap: reason=unstable_if action=reinterpret pc=0x000002ea94cafd2c method=java.lang.StringLatin1.indexOf([B[B)I @ 9 c2
Event: 28.141 Thread 0x000002eaa6bf0000 Uncommon trap: reason=unstable_if action=reinterpret pc=0x000002ea94adc8d8 method=java.util.Objects.equals(Ljava/lang/Object;Ljava/lang/Object;)Z @ 6 c2
Event: 28.218 Thread 0x000002eaa6bf0000 Uncommon trap: reason=bimorphic_or_optimized_type_check action=maybe_recompile pc=0x000002ea94cb5cbc method=java.util.concurrent.ConcurrentHashMap.putVal(Ljava/lang/Object;Ljava/lang/Object;Z)Ljava/lang/Object; @ 159 c2
Event: 28.218 Thread 0x000002eaa6bf0000 Uncommon trap: reason=bimorphic_or_optimized_type_check action=maybe_recompile pc=0x000002ea94cb5cbc method=java.util.concurrent.ConcurrentHashMap.putVal(Ljava/lang/Object;Ljava/lang/Object;Z)Ljava/lang/Object; @ 159 c2
Event: 28.231 Thread 0x000002eaa6bf0000 Uncommon trap: reason=bimorphic_or_optimized_type_check action=maybe_recompile pc=0x000002ea94cb5cbc method=java.util.concurrent.ConcurrentHashMap.putVal(Ljava/lang/Object;Ljava/lang/Object;Z)Ljava/lang/Object; @ 159 c2
Event: 28.231 Thread 0x000002eaa6bf0000 Uncommon trap: reason=bimorphic_or_optimized_type_check action=maybe_recompile pc=0x000002ea94cb5cbc method=java.util.concurrent.ConcurrentHashMap.putVal(Ljava/lang/Object;Ljava/lang/Object;Z)Ljava/lang/Object; @ 159 c2
Event: 165.996 Thread 0x000002eaa7ff2800 Uncommon trap: reason=unstable_if action=reinterpret pc=0x000002ea94a5f500 method=java.lang.CharacterDataLatin1.isWhitespace(I)Z @ 14 c2
Event: 814.017 Thread 0x000002eaa7ff5000 Uncommon trap: reason=unstable_if action=reinterpret pc=0x000002ea94b8c62c method=sun.net.www.ParseUtil.firstEncodeIndex(Ljava/lang/String;)I @ 27 c2

Classes redefined (0 events):
No events

Internal exceptions (10 events):
Event: 14.013 Thread 0x000002ea85890000 Implicit null exception at 0x000002ea94b3a61d to 0x000002ea94b3abd8
Event: 14.140 Thread 0x000002ea85890000 Implicit null exception at 0x000002ea94c70ca1 to 0x000002ea94c70f94
Event: 14.276 Thread 0x000002ea85890000 Exception <a 'java/lang/ClassNotFoundException'{0x0000000088ce89c8}: java/lang/ObjectCustomizer> (0x0000000088ce89c8) thrown at [./open/src/hotspot/share/classfile/systemDictionary.cpp, line 226]
Event: 14.277 Thread 0x000002ea85890000 Exception <a 'java/lang/ClassNotFoundException'{0x0000000088cfe430}: org/springframework/security/config/annotation/web/configuration/HttpSecurityConfigurationCustomizer> (0x0000000088cfe430) thrown at [./open/src/hotspot/share/classfile/systemDictionary.
Event: 14.330 Thread 0x000002ea85890000 Exception <a 'java/lang/NoSuchMethodError'{0x0000000088a117e8}: java.lang.invoke.DirectMethodHandle$Holder.invokeSpecial(Ljava/lang/Object;Ljava/lang/Object;ILjava/lang/Object;ILjava/lang/Object;)Ljava/lang/Object;> (0x0000000088a117e8) thrown at [./open/
Event: 14.331 Thread 0x000002ea85890000 Exception <a 'java/lang/NoSuchMethodError'{0x0000000088a18cc8}: java.lang.invoke.DirectMethodHandle$Holder.invokeStatic(Ljava/lang/Object;Ljava/lang/Object;ILjava/lang/Object;I)Ljava/lang/Object;> (0x0000000088a18cc8) thrown at [./open/src/hotspot/share/i
Event: 14.331 Thread 0x000002ea85890000 Exception <a 'java/lang/NoSuchMethodError'{0x0000000088a1c4a0}: java.lang.invoke.DirectMethodHandle$Holder.invokeSpecial(Ljava/lang/Object;Ljava/lang/Object;Ljava/lang/Object;ILjava/lang/Object;I)Ljava/lang/Object;> (0x0000000088a1c4a0) thrown at [./open/
Event: 14.333 Thread 0x000002ea85890000 Exception <a 'java/lang/NoSuchMethodError'{0x0000000088a275a8}: java.lang.invoke.DirectMethodHandle$Holder.invokeVirtual(Ljava/lang/Object;Ljava/lang/Object;)V> (0x0000000088a275a8) thrown at [./open/src/hotspot/share/interpreter/linkResolver.cpp, line 77
Event: 165.959 Thread 0x000002eaa7ff2800 Exception <a 'java/lang/ClassNotFoundException'{0x0000000086390c08}: java/lang/ObjectCustomizer> (0x0000000086390c08) thrown at [./open/src/hotspot/share/classfile/systemDictionary.cpp, line 226]
Event: 165.960 Thread 0x000002eaa7ff2800 Exception <a 'java/lang/ClassNotFoundException'{0x00000000863a53b0}: com/ahmed/PensionManagementSystem/model/PensionCustomizer> (0x00000000863a53b0) thrown at [./open/src/hotspot/share/classfile/systemDictionary.cpp, line 226]

Events (10 events):
Event: 814.017 Thread 0x000002eaa7ff5000 DEOPT PACKING pc=0x000002ea94b8c62c sp=0x000000fd49bfbdc0
Event: 814.017 Thread 0x000002eaa7ff5000 DEOPT UNPACKING pc=0x000002ea8cf483af sp=0x000000fd49bfbd48 mode 2
Event: 831.895 loading class org/apache/catalina/webresources/WarResourceSet
Event: 831.895 loading class org/apache/catalina/webresources/WarResourceSet done
Event: 831.895 loading class org/apache/catalina/webresources/AbstractSingleArchiveResourceSet
Event: 831.895 loading class org/apache/catalina/webresources/AbstractSingleArchiveResourceSet done
Event: 831.896 loading class org/apache/catalina/webresources/AbstractArchiveResourceSet
Event: 831.896 loading class org/apache/catalina/webresources/AbstractArchiveResourceSet done
Event: 860.358 loading class org/slf4j/Marker
Event: 860.358 loading class org/slf4j/Marker done


Dynamic libraries:
0x00007ff70b2b0000 - 0x00007ff70b2bf000 	C:\Program Files\Java\jdk-11.0.16\bin\java.exe
0x00007ff9c3e10000 - 0x00007ff9c4008000 	C:\Windows\SYSTEM32\ntdll.dll
0x00007ff9c3400000 - 0x00007ff9c34bf000 	C:\Windows\System32\KERNEL32.DLL
0x00007ff9c17c0000 - 0x00007ff9c1a92000 	C:\Windows\System32\KERNELBASE.dll
0x00007ff9c1620000 - 0x00007ff9c1720000 	C:\Windows\System32\ucrtbase.dll
0x00007ff9a5780000 - 0x00007ff9a5798000 	C:\Program Files\Java\jdk-11.0.16\bin\jli.dll
0x00007ff9c24f0000 - 0x00007ff9c259e000 	C:\Windows\System32\ADVAPI32.dll
0x00007ff9c2e20000 - 0x00007ff9c2ebe000 	C:\Windows\System32\msvcrt.dll
0x00007ff9c1e60000 - 0x00007ff9c1efc000 	C:\Windows\System32\sechost.dll
0x00007ff9c2f30000 - 0x00007ff9c3055000 	C:\Windows\System32\RPCRT4.dll
0x00007ff9c3690000 - 0x00007ff9c382d000 	C:\Windows\System32\USER32.dll
0x00007ff9c1aa0000 - 0x00007ff9c1ac2000 	C:\Windows\System32\win32u.dll
0x00007ff9c3830000 - 0x00007ff9c385b000 	C:\Windows\System32\GDI32.dll
0x00007ff9c1510000 - 0x00007ff9c161f000 	C:\Windows\System32\gdi32full.dll
0x00007ff9c1720000 - 0x00007ff9c17bd000 	C:\Windows\System32\msvcp_win.dll
0x00007ff9a5690000 - 0x00007ff9a56a5000 	C:\Program Files\Java\jdk-11.0.16\bin\VCRUNTIME140.dll
0x00007ff9a13d0000 - 0x00007ff9a166a000 	C:\Windows\WinSxS\amd64_microsoft.windows.common-controls_6595b64144ccf1df_6.0.19041.1110_none_60b5254171f9507e\COMCTL32.dll
0x00007ff9b9960000 - 0x00007ff9b996a000 	C:\Windows\SYSTEM32\VERSION.dll
0x00007ff9c3650000 - 0x00007ff9c3682000 	C:\Windows\System32\IMM32.DLL
0x00007ff964320000 - 0x00007ff9643bb000 	C:\Program Files\Java\jdk-11.0.16\bin\msvcp140.dll
0x00007ff963800000 - 0x00007ff964318000 	C:\Program Files\Java\jdk-11.0.16\bin\server\jvm.dll
0x00007ff9c3180000 - 0x00007ff9c3188000 	C:\Windows\System32\PSAPI.DLL
0x00007ff985d30000 - 0x00007ff985d39000 	C:\Windows\SYSTEM32\WSOCK32.dll
0x00007ff9c2480000 - 0x00007ff9c24eb000 	C:\Windows\System32\WS2_32.dll
0x00007ff9a0050000 - 0x00007ff9a0077000 	C:\Windows\SYSTEM32\WINMM.dll
0x00007ff9bf2d0000 - 0x00007ff9bf2e2000 	C:\Windows\SYSTEM32\kernel.appcore.dll
0x00007ff9b9e80000 - 0x00007ff9b9e90000 	C:\Program Files\Java\jdk-11.0.16\bin\verify.dll
0x00007ff9b2da0000 - 0x00007ff9b2f84000 	C:\Windows\SYSTEM32\DBGHELP.DLL
0x00007ff9b29c0000 - 0x00007ff9b29ec000 	C:\Windows\SYSTEM32\dbgcore.DLL
0x00007ff9c1c20000 - 0x00007ff9c1ca2000 	C:\Windows\System32\bcryptPrimitives.dll
0x00007ff9a5660000 - 0x00007ff9a5688000 	C:\Program Files\Java\jdk-11.0.16\bin\java.dll
0x00007ff9a5770000 - 0x00007ff9a577a000 	C:\Program Files\Java\jdk-11.0.16\bin\jimage.dll
0x00007ff9b8f10000 - 0x00007ff9b8f1e000 	C:\Program Files\Java\jdk-11.0.16\bin\instrument.dll
0x00007ff9a5640000 - 0x00007ff9a5656000 	C:\Program Files\Java\jdk-11.0.16\bin\zip.dll
0x00007ff9c25a0000 - 0x00007ff9c2ce3000 	C:\Windows\System32\SHELL32.dll
0x00007ff9bf5b0000 - 0x00007ff9bfd42000 	C:\Windows\SYSTEM32\windows.storage.dll
0x00007ff9c1f90000 - 0x00007ff9c22e4000 	C:\Windows\System32\combase.dll
0x00007ff9c0db0000 - 0x00007ff9c0de0000 	C:\Windows\SYSTEM32\Wldp.dll
0x00007ff9c35a0000 - 0x00007ff9c364d000 	C:\Windows\System32\SHCORE.dll
0x00007ff9c3860000 - 0x00007ff9c38b5000 	C:\Windows\System32\shlwapi.dll
0x00007ff9c1450000 - 0x00007ff9c146f000 	C:\Windows\SYSTEM32\profapi.dll
0x00007ff9a5620000 - 0x00007ff9a5639000 	C:\Program Files\Java\jdk-11.0.16\bin\net.dll
0x00007ff9b9160000 - 0x00007ff9b926c000 	C:\Windows\SYSTEM32\WINHTTP.dll
0x00007ff9c0b90000 - 0x00007ff9c0bfa000 	C:\Windows\system32\mswsock.dll
0x00007ff9a55e0000 - 0x00007ff9a55f2000 	C:\Program Files\Java\jdk-11.0.16\bin\nio.dll
0x00007ff9aefc0000 - 0x00007ff9aefda000 	C:\Program Files\JetBrains\IntelliJ IDEA Community Edition 2022.2.1\bin\breakgen64.dll
0x00007ff9bcd80000 - 0x00007ff9bcd89000 	C:\Program Files\Java\jdk-11.0.16\bin\management.dll
0x00007ff9baf90000 - 0x00007ff9baf9b000 	C:\Program Files\Java\jdk-11.0.16\bin\management_ext.dll
0x00007ff9a7cc0000 - 0x00007ff9a7cd7000 	C:\Windows\system32\napinsp.dll
0x00007ff9a7ca0000 - 0x00007ff9a7cbb000 	C:\Windows\system32\pnrpnsp.dll
0x00007ff9a7c80000 - 0x00007ff9a7c95000 	C:\Windows\system32\wshbth.dll
0x00007ff9bcd40000 - 0x00007ff9bcd5d000 	C:\Windows\system32\NLAapi.dll
0x00007ff9c08a0000 - 0x00007ff9c08db000 	C:\Windows\SYSTEM32\IPHLPAPI.DLL
0x00007ff9c08e0000 - 0x00007ff9c09aa000 	C:\Windows\SYSTEM32\DNSAPI.dll
0x00007ff9c2f20000 - 0x00007ff9c2f28000 	C:\Windows\System32\NSI.dll
0x00007ff9a7c60000 - 0x00007ff9a7c72000 	C:\Windows\System32\winrnr.dll
0x00007ff9b83e0000 - 0x00007ff9b83ea000 	C:\Windows\System32\rasadhlp.dll
0x00007ff9b9080000 - 0x00007ff9b9100000 	C:\Windows\System32\fwpuclnt.dll
0x00007ff9c1ad0000 - 0x00007ff9c1af7000 	C:\Windows\System32\bcrypt.dll
0x00007ff9c0df0000 - 0x00007ff9c0e08000 	C:\Windows\SYSTEM32\CRYPTSP.dll
0x00007ff9c04d0000 - 0x00007ff9c0504000 	C:\Windows\system32\rsaenh.dll
0x00007ff9c13d0000 - 0x00007ff9c13fe000 	C:\Windows\SYSTEM32\USERENV.dll
0x00007ff9c0d20000 - 0x00007ff9c0d2c000 	C:\Windows\SYSTEM32\CRYPTBASE.dll
0x00007ff9b9e60000 - 0x00007ff9b9e77000 	C:\Windows\SYSTEM32\dhcpcsvc6.DLL
0x00007ff9b9de0000 - 0x00007ff9b9dfd000 	C:\Windows\SYSTEM32\dhcpcsvc.DLL
0x00007ff9bce10000 - 0x00007ff9bce35000 	C:\Program Files\Java\jdk-11.0.16\bin\sunec.dll
0x00007ff9bce00000 - 0x00007ff9bce0d000 	C:\Program Files\Java\jdk-11.0.16\bin\sunmscapi.dll
0x00007ff9c1d00000 - 0x00007ff9c1e56000 	C:\Windows\System32\CRYPT32.dll
0x00007ff9c0f00000 - 0x00007ff9c0f27000 	C:\Windows\SYSTEM32\ncrypt.dll
0x00007ff9c0ec0000 - 0x00007ff9c0efb000 	C:\Windows\SYSTEM32\NTASN1.dll

dbghelp: loaded successfully - version: 4.0.5 - missing functions: none
symbol engine: initialized successfully - sym options: 0x614 - pdb path: .;C:\Program Files\Java\jdk-11.0.16\bin;C:\Windows\SYSTEM32;C:\Windows\WinSxS\amd64_microsoft.windows.common-controls_6595b64144ccf1df_6.0.19041.1110_none_60b5254171f9507e;C:\Program Files\Java\jdk-11.0.16\bin\server;C:\Program Files\JetBrains\IntelliJ IDEA Community Edition 2022.2.1\bin

VM Arguments:
jvm_args: -javaagent:C:\Program Files\JetBrains\IntelliJ IDEA Community Edition 2022.2.1\lib\idea_rt.jar=60790:C:\Program Files\JetBrains\IntelliJ IDEA Community Edition 2022.2.1\bin -Dfile.encoding=UTF-8 
java_command: com.ahmed.PensionManagementSystem.PensionManagementSystemApplication
java_class_path (initial): C:\springApp\PensionManagementSystem\PensionManagementSystem\target\classes;C:\Users\sfjbs\.m2\repository\org\springframework\boot\spring-boot-starter-data-jpa\2.7.5\spring-boot-starter-data-jpa-2.7.5.jar;C:\Users\sfjbs\.m2\repository\org\springframework\boot\spring-boot-starter-aop\2.7.5\spring-boot-starter-aop-2.7.5.jar;C:\Users\sfjbs\.m2\repository\org\aspectj\aspectjweaver\1.9.7\aspectjweaver-1.9.7.jar;C:\Users\sfjbs\.m2\repository\org\springframework\boot\spring-boot-starter-jdbc\2.7.5\spring-boot-starter-jdbc-2.7.5.jar;C:\Users\sfjbs\.m2\repository\com\zaxxer\HikariCP\4.0.3\HikariCP-4.0.3.jar;C:\Users\sfjbs\.m2\repository\org\springframework\spring-jdbc\5.3.23\spring-jdbc-5.3.23.jar;C:\Users\sfjbs\.m2\repository\jakarta\transaction\jakarta.transaction-api\1.3.3\jakarta.transaction-api-1.3.3.jar;C:\Users\sfjbs\.m2\repository\jakarta\persistence\jakarta.persistence-api\2.2.3\jakarta.persistence-api-2.2.3.jar;C:\Users\sfjbs\.m2\repository\org\hibernate\hibernate-core\5.6.12.Final\hibernate-core-5.6.12.Final.jar;C:\Users\sfjbs\.m2\repository\org\jboss\logging\jboss-logging\3.4.3.Final\jboss-logging-3.4.3.Final.jar;C:\Users\sfjbs\.m2\repository\net\bytebuddy\byte-buddy\1.12.18\byte-buddy-1.12.18.jar;C:\Users\sfjbs\.m2\repository\antlr\antlr\2.7.7\antlr-2.7.7.jar;C:\Users\sfjbs\.m2\repository\org\jboss\jandex\2.4.2.Final\jandex-2.4.2.Final.jar;C:\Users\sfjbs\.m2\repository\com\fasterxml\classmate\1.5.1\classmate-1.5.1.jar;C:\Users\sfjbs\.m2\repository\org\hibernate\common\hibernate-commons-annotations\5.1.2.Final\hibernate-commons-annotations-5.1.2.Final.jar;C:\Users\sfjbs\.m2\repository\org\glassfish\jaxb\jaxb-runtime\2.3.7\jaxb-runtime-2.3.7.jar;C:\Users\sfjbs\.m2\repository\org\glassfish\jaxb\txw2\2.3.7\txw2-2.3.7.jar;C:\Users\sfjbs\.m2\repository\com\sun\istack\istack-commons-runtime\3.0.12\istack-commons-runtime-3.0.12.jar;C:\Users\sfjbs\.m2\repository\com\sun\activation\jakarta.activation\1.2.2\jakarta.activation-1.2.2.jar;C:\Users
Launcher Type: SUN_STANDARD

[Global flags]
     intx CICompilerCount                          = 2                                         {product} {ergonomic}
     uint ConcGCThreads                            = 1                                         {product} {ergonomic}
     uint G1ConcRefinementThreads                  = 2                                         {product} {ergonomic}
   size_t G1HeapRegionSize                         = 1048576                                   {product} {ergonomic}
    uintx GCDrainStackTargetSize                   = 64                                        {product} {ergonomic}
   size_t InitialHeapSize                          = 134217728                                 {product} {ergonomic}
   size_t MarkStackSize                            = 4194304                                   {product} {ergonomic}
   size_t MaxHeapSize                              = 2147483648                                {product} {ergonomic}
   size_t MaxNewSize                               = 1287651328                                {product} {ergonomic}
   size_t MinHeapDeltaBytes                        = 1048576                                   {product} {ergonomic}
    uintx NonNMethodCodeHeapSize                   = 5825164                                {pd product} {ergonomic}
    uintx NonProfiledCodeHeapSize                  = 122916538                              {pd product} {ergonomic}
    uintx ProfiledCodeHeapSize                     = 122916538                              {pd product} {ergonomic}
    uintx ReservedCodeCacheSize                    = 251658240                              {pd product} {ergonomic}
     bool SegmentedCodeCache                       = true                                      {product} {ergonomic}
     bool UseCompressedClassPointers               = true                                 {lp64_product} {ergonomic}
     bool UseCompressedOops                        = true                                 {lp64_product} {ergonomic}
     bool UseG1GC                                  = true                                      {product} {ergonomic}
     bool UseLargePagesIndividualAllocation        = false                                  {pd product} {ergonomic}

Logging:
Log output configuration:
 #0: stdout all=warning uptime,level,tags
 #1: stderr all=off uptime,level,tags

Environment Variables:
PATH=C:\Program Files\Common Files\Oracle\Java\javapath;C:\Windows\system32;C:\Windows;C:\Windows\System32\Wbem;C:\Windows\System32\WindowsPowerShell\v1.0\;C:\Windows\System32\OpenSSH\;C:\Users\sfjbs\Downloads\micro service-20221021T071039Z-001\micro service\apache-maven-3.8.5-bin\apache-maven-3.8.5\bin;C:\Users\sfjbs\Downloads\micro service-20221021T071039Z-001\micro service\apache-maven-3.8.5-bin\apache-maven-3.8.5\lib;C:\Program Files\Git\cmd;C:\Program Files\Docker\Docker\resources\bin;C:\Users\sfjbs\AppData\Local\Microsoft\WindowsApps;C:\Users\sfjbs\Downloads\micro service-20221021T071039Z-001\micro service\apache-maven-3.8.5-bin\apache-maven-3.8.5\bin;C:\Users\sfjbs\Downloads\micro service-20221021T071039Z-001\micro service\apache-maven-3.8.5-bin\apache-maven-3.8.5\lib;;C:\Program Files\JetBrains\IntelliJ IDEA Community Edition 2022.2.1\bin;
USERNAME=sfjbs
OS=Windows_NT
PROCESSOR_IDENTIFIER=Intel64 Family 6 Model 85 Stepping 7, GenuineIntel



---------------  S Y S T E M  ---------------

OS: Windows 10 , 64 bit Build 19041 (10.0.19041.2251)
Hyper-V role detected

CPU:total 2 (initial active 2) (1 cores per cpu, 2 threads per core) family 6 model 85 stepping 7 microcode 0xffffffff, cmov, cx8, fxsr, mmx, sse, sse2, sse3, ssse3, sse4.1, sse4.2, popcnt, avx, avx2, aes, clmul, erms, rtm, 3dnowpref, lzcnt, ht, tsc, bmi1, bmi2, adx, evex, fma

Memory: 4k page, system-wide physical 8190M (475M free)
TotalPageFile size 10238M (AvailPageFile size 5M)
current process WorkingSet (physical memory assigned to process): 295M, peak: 297M
current process commit charge ("private bytes"): 384M, peak: 386M

vm_info: Java HotSpot(TM) 64-Bit Server VM (11.0.16+11-LTS-199) for windows-amd64 JRE (11.0.16+11-LTS-199), built on Jun 28 2022 08:23:17 by "mach5one" with MS VC++ 15.9 (VS2017)

END.
