#
# There is insufficient memory for the Java Runtime Environment to continue.
# Native memory allocation (malloc) failed to allocate 1478096 bytes for Chunk::new
# Possible reasons:
#   The system is out of physical RAM or swap space
#   The process is running with CompressedOops enabled, and the Java Heap may be blocking the growth of the native heap
# Possible solutions:
#   Reduce memory load on the system
#   Increase physical memory or swap space
#   Check if swap backing store is full
#   Decrease Java heap size (-Xmx/-Xms)
#   Decrease number of Java threads
#   Decrease Java thread stack sizes (-Xss)
#   Set larger code cache with -XX:ReservedCodeCacheSize=
#   JVM is running with Unscaled Compressed Oops mode in which the Java heap is
#     placed in the first 4GB address space. The Java Heap base address is the
#     maximum limit for the native heap growth. Please use -XX:HeapBaseMinAddress
#     to set the Java Heap base and to place the Java Heap above 4GB virtual address.
# This output file may be truncated or incomplete.
#
#  Out of Memory Error (./open/src/hotspot/share/memory/arena.cpp:197), pid=100, tid=3888
#
# JRE version: Java(TM) SE Runtime Environment 18.9 (11.0.16+11) (build 11.0.16+11-LTS-199)
# Java VM: Java HotSpot(TM) 64-Bit Server VM 18.9 (11.0.16+11-LTS-199, mixed mode, tiered, compressed oops, g1 gc, windows-amd64)
# No core dump will be written. Minidumps are not enabled by default on client versions of Windows
#

---------------  S U M M A R Y ------------

Command Line: C:\Users\sfjbs\AppData\Local\Temp\surefire707124742544230312\surefirebooter14772943903673399362.jar C:\Users\sfjbs\AppData\Local\Temp\surefire707124742544230312 2022-11-13T08-48-44_551-jvmRun1 surefire772881488887824401tmp surefire_015828963604524394782tmp

Host: Intel(R) Xeon(R) Platinum 8272CL CPU @ 2.60GHz, 2 cores, 7G,  Windows 10 , 64 bit Build 19041 (10.0.19041.2251)
Time: Sun Nov 13 08:48:52 2022 Coordinated Universal Time elapsed time: 6.281058 seconds (0d 0h 0m 6s)

---------------  T H R E A D  ---------------

Current thread (0x000001b04debe800):  JavaThread "C2 CompilerThread0" daemon [_thread_in_native, id=3888, stack(0x0000005f43600000,0x0000005f43700000)]


Current CompileTask:
C2:   6281 2218   !   4       jdk.internal.loader.BuiltinClassLoader::loadClassOrNull (143 bytes)

Stack: [0x0000005f43600000,0x0000005f43700000]
Native frames: (J=compiled Java code, j=interpreted, Vv=VM code, C=native code)
V  [jvm.dll+0x62a3ea]
V  [jvm.dll+0x76418f]
V  [jvm.dll+0x765839]
V  [jvm.dll+0x765ec3]
V  [jvm.dll+0x23da98]
V  [jvm.dll+0xb2a1c]
V  [jvm.dll+0xb2fdc]
V  [jvm.dll+0x2ae814]
V  [jvm.dll+0x53d97b]
V  [jvm.dll+0x200877]
V  [jvm.dll+0x1fa5ba]
V  [jvm.dll+0x1f756d]
V  [jvm.dll+0x177c81]
V  [jvm.dll+0x207006]
V  [jvm.dll+0x20519b]
V  [jvm.dll+0x729fa0]
V  [jvm.dll+0x722b74]
V  [jvm.dll+0x629286]
C  [ucrtbase.dll+0x21bb2]
C  [KERNEL32.DLL+0x174b4]
C  [ntdll.dll+0x526a1]


---------------  P R O C E S S  ---------------

Threads class SMR info:
_java_thread_list=0x000001b04f2ba4b0, length=12, elements={
0x000001b030a48000, 0x000001b04de9b800, 0x000001b04dea5000, 0x000001b04deb8000,
0x000001b04debc000, 0x000001b04debd000, 0x000001b04debe800, 0x000001b04dec9800,
0x000001b04ded4800, 0x000001b04e882000, 0x000001b04e969000, 0x000001b04e874800
}

Java Threads: ( => current thread )
  0x000001b030a48000 JavaThread "main" [_thread_in_vm, id=11460, stack(0x0000005f42a00000,0x0000005f42b00000)]
  0x000001b04de9b800 JavaThread "Reference Handler" daemon [_thread_blocked, id=4704, stack(0x0000005f43100000,0x0000005f43200000)]
  0x000001b04dea5000 JavaThread "Finalizer" daemon [_thread_blocked, id=1244, stack(0x0000005f43200000,0x0000005f43300000)]
  0x000001b04deb8000 JavaThread "Signal Dispatcher" daemon [_thread_blocked, id=7004, stack(0x0000005f43300000,0x0000005f43400000)]
  0x000001b04debc000 JavaThread "Attach Listener" daemon [_thread_blocked, id=10880, stack(0x0000005f43400000,0x0000005f43500000)]
  0x000001b04debd000 JavaThread "Service Thread" daemon [_thread_blocked, id=8984, stack(0x0000005f43500000,0x0000005f43600000)]
=>0x000001b04debe800 JavaThread "C2 CompilerThread0" daemon [_thread_in_native, id=3888, stack(0x0000005f43600000,0x0000005f43700000)]
  0x000001b04dec9800 JavaThread "C1 CompilerThread0" daemon [_thread_blocked, id=10664, stack(0x0000005f43700000,0x0000005f43800000)]
  0x000001b04ded4800 JavaThread "Sweeper thread" daemon [_thread_blocked, id=10708, stack(0x0000005f43800000,0x0000005f43900000)]
  0x000001b04e882000 JavaThread "Common-Cleaner" daemon [_thread_blocked, id=6892, stack(0x0000005f43a00000,0x0000005f43b00000)]
  0x000001b04e969000 JavaThread "surefire-forkedjvm-command-thread" daemon [_thread_in_native, id=6292, stack(0x0000005f43b00000,0x0000005f43c00000)]
  0x000001b04e874800 JavaThread "surefire-forkedjvm-ping-30s" daemon [_thread_in_native, id=9096, stack(0x0000005f43c00000,0x0000005f43d00000)]

Other Threads:
  0x000001b04de99800 VMThread "VM Thread" [stack: 0x0000005f43000000,0x0000005f43100000] [id=5476]
  0x000001b04e87d800 WatcherThread [stack: 0x0000005f43900000,0x0000005f43a00000] [id=2116]
  0x000001b030a59800 GCTaskThread "GC Thread#0" [stack: 0x0000005f42b00000,0x0000005f42c00000] [id=11616]
  0x000001b04eb99800 GCTaskThread "GC Thread#1" [stack: 0x0000005f43d00000,0x0000005f43e00000] [id=3932]
  0x000001b030a8a000 ConcurrentGCThread "G1 Main Marker" [stack: 0x0000005f42c00000,0x0000005f42d00000] [id=1040]
  0x000001b030a8c800 ConcurrentGCThread "G1 Conc#0" [stack: 0x0000005f42d00000,0x0000005f42e00000] [id=8208]
  0x000001b030b17000 ConcurrentGCThread "G1 Refine#0" [stack: 0x0000005f42e00000,0x0000005f42f00000] [id=9860]
  0x000001b04e98a000 ConcurrentGCThread "G1 Refine#1" [stack: 0x0000005f43e00000,0x0000005f43f00000] [id=6040]
  0x000001b030b19800 ConcurrentGCThread "G1 Young RemSet Sampling" [stack: 0x0000005f42f00000,0x0000005f43000000] [id=1840]

Threads with active compile tasks:
C2 CompilerThread0     6311 2218   !   4       jdk.internal.loader.BuiltinClassLoader::loadClassOrNull (143 bytes)

VM state:not at safepoint (normal execution)

VM Mutex/Monitor currently owned by a thread: None

Heap address: 0x0000000080000000, size: 2048 MB, Compressed Oops mode: 32-bit
Narrow klass base: 0x0000000000000000, Narrow klass shift: 3
Compressed class space size: 1073741824 Address: 0x0000000100000000

Heap:
 garbage-first heap   total 162816K, used 18129K [0x0000000080000000, 0x0000000100000000)
  region size 1024K, 13 young (13312K), 6 survivors (6144K)
 Metaspace       used 28562K, capacity 29437K, committed 29616K, reserved 1075200K
  class space    used 3329K, capacity 3716K, committed 3840K, reserved 1048576K
Heap Regions: E=young(eden), S=young(survivor), O=old, HS=humongous(starts), HC=humongous(continues), CS=collection set, F=free, A=archive, TAMS=top-at-mark-start (previous, next)
|   0|0x0000000080000000, 0x0000000080100000, 0x0000000080100000|100%|HS|  |TAMS 0x0000000080100000, 0x0000000080000000| Complete 
|   1|0x0000000080100000, 0x0000000080200000, 0x0000000080200000|100%| O|  |TAMS 0x0000000080200000, 0x0000000080100000| Untracked 
|   2|0x0000000080200000, 0x0000000080300000, 0x0000000080300000|100%| O|  |TAMS 0x0000000080300000, 0x0000000080200000| Untracked 
|   3|0x0000000080300000, 0x0000000080400000, 0x0000000080400000|100%| O|  |TAMS 0x0000000080400000, 0x0000000080300000| Untracked 
|   4|0x0000000080400000, 0x0000000080500000, 0x0000000080500000|100%| O|  |TAMS 0x0000000080500000, 0x0000000080400000| Untracked 
|   5|0x0000000080500000, 0x0000000080600000, 0x0000000080600000|100%| O|  |TAMS 0x0000000080600000, 0x0000000080500000| Untracked 
|   6|0x0000000080600000, 0x0000000080672e00, 0x0000000080700000| 44%| O|  |TAMS 0x0000000080672e00, 0x0000000080600000| Untracked 
|   7|0x0000000080700000, 0x0000000080700000, 0x0000000080800000|  0%| F|  |TAMS 0x0000000080700000, 0x0000000080700000| Untracked 
|   8|0x0000000080800000, 0x0000000080800000, 0x0000000080900000|  0%| F|  |TAMS 0x0000000080800000, 0x0000000080800000| Untracked 
|   9|0x0000000080900000, 0x0000000080900000, 0x0000000080a00000|  0%| F|  |TAMS 0x0000000080900000, 0x0000000080900000| Untracked 
|  10|0x0000000080a00000, 0x0000000080a00000, 0x0000000080b00000|  0%| F|  |TAMS 0x0000000080a00000, 0x0000000080a00000| Untracked 
|  11|0x0000000080b00000, 0x0000000080b00000, 0x0000000080c00000|  0%| F|  |TAMS 0x0000000080b00000, 0x0000000080b00000| Untracked 
|  12|0x0000000080c00000, 0x0000000080c00000, 0x0000000080d00000|  0%| F|  |TAMS 0x0000000080c00000, 0x0000000080c00000| Untracked 
|  13|0x0000000080d00000, 0x0000000080d00000, 0x0000000080e00000|  0%| F|  |TAMS 0x0000000080d00000, 0x0000000080d00000| Untracked 
|  14|0x0000000080e00000, 0x0000000080e00000, 0x0000000080f00000|  0%| F|  |TAMS 0x0000000080e00000, 0x0000000080e00000| Untracked 
|  15|0x0000000080f00000, 0x0000000080f00000, 0x0000000081000000|  0%| F|  |TAMS 0x0000000080f00000, 0x0000000080f00000| Untracked 
|  16|0x0000000081000000, 0x0000000081000000, 0x0000000081100000|  0%| F|  |TAMS 0x0000000081000000, 0x0000000081000000| Untracked 
|  17|0x0000000081100000, 0x0000000081100000, 0x0000000081200000|  0%| F|  |TAMS 0x0000000081100000, 0x0000000081100000| Untracked 
|  18|0x0000000081200000, 0x0000000081200000, 0x0000000081300000|  0%| F|  |TAMS 0x0000000081200000, 0x0000000081200000| Untracked 
|  19|0x0000000081300000, 0x0000000081300000, 0x0000000081400000|  0%| F|  |TAMS 0x0000000081300000, 0x0000000081300000| Untracked 
|  20|0x0000000081400000, 0x0000000081400000, 0x0000000081500000|  0%| F|  |TAMS 0x0000000081400000, 0x0000000081400000| Untracked 
|  21|0x0000000081500000, 0x0000000081500000, 0x0000000081600000|  0%| F|  |TAMS 0x0000000081500000, 0x0000000081500000| Untracked 
|  22|0x0000000081600000, 0x0000000081600000, 0x0000000081700000|  0%| F|  |TAMS 0x0000000081600000, 0x0000000081600000| Untracked 
|  23|0x0000000081700000, 0x0000000081700000, 0x0000000081800000|  0%| F|  |TAMS 0x0000000081700000, 0x0000000081700000| Untracked 
|  24|0x0000000081800000, 0x0000000081800000, 0x0000000081900000|  0%| F|  |TAMS 0x0000000081800000, 0x0000000081800000| Untracked 
|  25|0x0000000081900000, 0x0000000081900000, 0x0000000081a00000|  0%| F|  |TAMS 0x0000000081900000, 0x0000000081900000| Untracked 
|  26|0x0000000081a00000, 0x0000000081a00000, 0x0000000081b00000|  0%| F|  |TAMS 0x0000000081a00000, 0x0000000081a00000| Untracked 
|  27|0x0000000081b00000, 0x0000000081b00000, 0x0000000081c00000|  0%| F|  |TAMS 0x0000000081b00000, 0x0000000081b00000| Untracked 
|  28|0x0000000081c00000, 0x0000000081c00000, 0x0000000081d00000|  0%| F|  |TAMS 0x0000000081c00000, 0x0000000081c00000| Untracked 
|  29|0x0000000081d00000, 0x0000000081d00000, 0x0000000081e00000|  0%| F|  |TAMS 0x0000000081d00000, 0x0000000081d00000| Untracked 
|  30|0x0000000081e00000, 0x0000000081e00000, 0x0000000081f00000|  0%| F|  |TAMS 0x0000000081e00000, 0x0000000081e00000| Untracked 
|  31|0x0000000081f00000, 0x0000000081f00000, 0x0000000082000000|  0%| F|  |TAMS 0x0000000081f00000, 0x0000000081f00000| Untracked 
|  32|0x0000000082000000, 0x0000000082000000, 0x0000000082100000|  0%| F|  |TAMS 0x0000000082000000, 0x0000000082000000| Untracked 
|  33|0x0000000082100000, 0x0000000082100000, 0x0000000082200000|  0%| F|  |TAMS 0x0000000082100000, 0x0000000082100000| Untracked 
|  34|0x0000000082200000, 0x0000000082200000, 0x0000000082300000|  0%| F|  |TAMS 0x0000000082200000, 0x0000000082200000| Untracked 
|  35|0x0000000082300000, 0x0000000082300000, 0x0000000082400000|  0%| F|  |TAMS 0x0000000082300000, 0x0000000082300000| Untracked 
|  36|0x0000000082400000, 0x0000000082400000, 0x0000000082500000|  0%| F|  |TAMS 0x0000000082400000, 0x0000000082400000| Untracked 
|  37|0x0000000082500000, 0x0000000082500000, 0x0000000082600000|  0%| F|  |TAMS 0x0000000082500000, 0x0000000082500000| Untracked 
|  38|0x0000000082600000, 0x0000000082600000, 0x0000000082700000|  0%| F|  |TAMS 0x0000000082600000, 0x0000000082600000| Untracked 
|  39|0x0000000082700000, 0x0000000082700000, 0x0000000082800000|  0%| F|  |TAMS 0x0000000082700000, 0x0000000082700000| Untracked 
|  40|0x0000000082800000, 0x0000000082800000, 0x0000000082900000|  0%| F|  |TAMS 0x0000000082800000, 0x0000000082800000| Untracked 
|  41|0x0000000082900000, 0x0000000082900000, 0x0000000082a00000|  0%| F|  |TAMS 0x0000000082900000, 0x0000000082900000| Untracked 
|  42|0x0000000082a00000, 0x0000000082a00000, 0x0000000082b00000|  0%| F|  |TAMS 0x0000000082a00000, 0x0000000082a00000| Untracked 
|  43|0x0000000082b00000, 0x0000000082b00000, 0x0000000082c00000|  0%| F|  |TAMS 0x0000000082b00000, 0x0000000082b00000| Untracked 
|  44|0x0000000082c00000, 0x0000000082c00000, 0x0000000082d00000|  0%| F|  |TAMS 0x0000000082c00000, 0x0000000082c00000| Untracked 
|  45|0x0000000082d00000, 0x0000000082d00000, 0x0000000082e00000|  0%| F|  |TAMS 0x0000000082d00000, 0x0000000082d00000| Untracked 
|  46|0x0000000082e00000, 0x0000000082e00000, 0x0000000082f00000|  0%| F|  |TAMS 0x0000000082e00000, 0x0000000082e00000| Untracked 
|  47|0x0000000082f00000, 0x0000000082f00000, 0x0000000083000000|  0%| F|  |TAMS 0x0000000082f00000, 0x0000000082f00000| Untracked 
|  48|0x0000000083000000, 0x0000000083000000, 0x0000000083100000|  0%| F|  |TAMS 0x0000000083000000, 0x0000000083000000| Untracked 
|  49|0x0000000083100000, 0x0000000083100000, 0x0000000083200000|  0%| F|  |TAMS 0x0000000083100000, 0x0000000083100000| Untracked 
|  50|0x0000000083200000, 0x0000000083200000, 0x0000000083300000|  0%| F|  |TAMS 0x0000000083200000, 0x0000000083200000| Untracked 
|  51|0x0000000083300000, 0x0000000083300000, 0x0000000083400000|  0%| F|  |TAMS 0x0000000083300000, 0x0000000083300000| Untracked 
|  52|0x0000000083400000, 0x0000000083400000, 0x0000000083500000|  0%| F|  |TAMS 0x0000000083400000, 0x0000000083400000| Untracked 
|  53|0x0000000083500000, 0x0000000083500000, 0x0000000083600000|  0%| F|  |TAMS 0x0000000083500000, 0x0000000083500000| Untracked 
|  54|0x0000000083600000, 0x0000000083600000, 0x0000000083700000|  0%| F|  |TAMS 0x0000000083600000, 0x0000000083600000| Untracked 
|  55|0x0000000083700000, 0x0000000083700000, 0x0000000083800000|  0%| F|  |TAMS 0x0000000083700000, 0x0000000083700000| Untracked 
|  56|0x0000000083800000, 0x0000000083800000, 0x0000000083900000|  0%| F|  |TAMS 0x0000000083800000, 0x0000000083800000| Untracked 
|  57|0x0000000083900000, 0x0000000083900000, 0x0000000083a00000|  0%| F|  |TAMS 0x0000000083900000, 0x0000000083900000| Untracked 
|  58|0x0000000083a00000, 0x0000000083a00000, 0x0000000083b00000|  0%| F|  |TAMS 0x0000000083a00000, 0x0000000083a00000| Untracked 
|  59|0x0000000083b00000, 0x0000000083b00000, 0x0000000083c00000|  0%| F|  |TAMS 0x0000000083b00000, 0x0000000083b00000| Untracked 
|  60|0x0000000083c00000, 0x0000000083c00000, 0x0000000083d00000|  0%| F|  |TAMS 0x0000000083c00000, 0x0000000083c00000| Untracked 
|  61|0x0000000083d00000, 0x0000000083d00000, 0x0000000083e00000|  0%| F|  |TAMS 0x0000000083d00000, 0x0000000083d00000| Untracked 
|  62|0x0000000083e00000, 0x0000000083e00000, 0x0000000083f00000|  0%| F|  |TAMS 0x0000000083e00000, 0x0000000083e00000| Untracked 
|  63|0x0000000083f00000, 0x0000000083f00000, 0x0000000084000000|  0%| F|  |TAMS 0x0000000083f00000, 0x0000000083f00000| Untracked 
|  64|0x0000000084000000, 0x0000000084000000, 0x0000000084100000|  0%| F|  |TAMS 0x0000000084000000, 0x0000000084000000| Untracked 
|  65|0x0000000084100000, 0x0000000084100000, 0x0000000084200000|  0%| F|  |TAMS 0x0000000084100000, 0x0000000084100000| Untracked 
|  66|0x0000000084200000, 0x0000000084200000, 0x0000000084300000|  0%| F|  |TAMS 0x0000000084200000, 0x0000000084200000| Untracked 
|  67|0x0000000084300000, 0x0000000084300000, 0x0000000084400000|  0%| F|  |TAMS 0x0000000084300000, 0x0000000084300000| Untracked 
|  68|0x0000000084400000, 0x0000000084400000, 0x0000000084500000|  0%| F|  |TAMS 0x0000000084400000, 0x0000000084400000| Untracked 
|  69|0x0000000084500000, 0x0000000084500000, 0x0000000084600000|  0%| F|  |TAMS 0x0000000084500000, 0x0000000084500000| Untracked 
|  70|0x0000000084600000, 0x0000000084600000, 0x0000000084700000|  0%| F|  |TAMS 0x0000000084600000, 0x0000000084600000| Untracked 
|  71|0x0000000084700000, 0x0000000084700000, 0x0000000084800000|  0%| F|  |TAMS 0x0000000084700000, 0x0000000084700000| Untracked 
|  72|0x0000000084800000, 0x0000000084800000, 0x0000000084900000|  0%| F|  |TAMS 0x0000000084800000, 0x0000000084800000| Untracked 
|  73|0x0000000084900000, 0x0000000084900000, 0x0000000084a00000|  0%| F|  |TAMS 0x0000000084900000, 0x0000000084900000| Untracked 
|  74|0x0000000084a00000, 0x0000000084a00000, 0x0000000084b00000|  0%| F|  |TAMS 0x0000000084a00000, 0x0000000084a00000| Untracked 
|  75|0x0000000084b00000, 0x0000000084b00000, 0x0000000084c00000|  0%| F|  |TAMS 0x0000000084b00000, 0x0000000084b00000| Untracked 
|  76|0x0000000084c00000, 0x0000000084c00000, 0x0000000084d00000|  0%| F|  |TAMS 0x0000000084c00000, 0x0000000084c00000| Untracked 
|  77|0x0000000084d00000, 0x0000000084d00000, 0x0000000084e00000|  0%| F|  |TAMS 0x0000000084d00000, 0x0000000084d00000| Untracked 
|  78|0x0000000084e00000, 0x0000000084e00000, 0x0000000084f00000|  0%| F|  |TAMS 0x0000000084e00000, 0x0000000084e00000| Untracked 
|  79|0x0000000084f00000, 0x0000000084f00000, 0x0000000085000000|  0%| F|  |TAMS 0x0000000084f00000, 0x0000000084f00000| Untracked 
|  80|0x0000000085000000, 0x0000000085000000, 0x0000000085100000|  0%| F|  |TAMS 0x0000000085000000, 0x0000000085000000| Untracked 
|  81|0x0000000085100000, 0x0000000085100000, 0x0000000085200000|  0%| F|  |TAMS 0x0000000085100000, 0x0000000085100000| Untracked 
|  82|0x0000000085200000, 0x0000000085200000, 0x0000000085300000|  0%| F|  |TAMS 0x0000000085200000, 0x0000000085200000| Untracked 
|  83|0x0000000085300000, 0x0000000085300000, 0x0000000085400000|  0%| F|  |TAMS 0x0000000085300000, 0x0000000085300000| Untracked 
|  84|0x0000000085400000, 0x0000000085400000, 0x0000000085500000|  0%| F|  |TAMS 0x0000000085400000, 0x0000000085400000| Untracked 
|  85|0x0000000085500000, 0x0000000085500000, 0x0000000085600000|  0%| F|  |TAMS 0x0000000085500000, 0x0000000085500000| Untracked 
|  86|0x0000000085600000, 0x0000000085600000, 0x0000000085700000|  0%| F|  |TAMS 0x0000000085600000, 0x0000000085600000| Untracked 
|  87|0x0000000085700000, 0x0000000085700000, 0x0000000085800000|  0%| F|  |TAMS 0x0000000085700000, 0x0000000085700000| Untracked 
|  88|0x0000000085800000, 0x0000000085800000, 0x0000000085900000|  0%| F|  |TAMS 0x0000000085800000, 0x0000000085800000| Untracked 
|  89|0x0000000085900000, 0x0000000085900000, 0x0000000085a00000|  0%| F|  |TAMS 0x0000000085900000, 0x0000000085900000| Untracked 
|  90|0x0000000085a00000, 0x0000000085a00000, 0x0000000085b00000|  0%| F|  |TAMS 0x0000000085a00000, 0x0000000085a00000| Untracked 
|  91|0x0000000085b00000, 0x0000000085b00000, 0x0000000085c00000|  0%| F|  |TAMS 0x0000000085b00000, 0x0000000085b00000| Untracked 
|  92|0x0000000085c00000, 0x0000000085c00000, 0x0000000085d00000|  0%| F|  |TAMS 0x0000000085c00000, 0x0000000085c00000| Untracked 
|  93|0x0000000085d00000, 0x0000000085d00000, 0x0000000085e00000|  0%| F|  |TAMS 0x0000000085d00000, 0x0000000085d00000| Untracked 
|  94|0x0000000085e00000, 0x0000000085e00000, 0x0000000085f00000|  0%| F|  |TAMS 0x0000000085e00000, 0x0000000085e00000| Untracked 
|  95|0x0000000085f00000, 0x0000000085f00000, 0x0000000086000000|  0%| F|  |TAMS 0x0000000085f00000, 0x0000000085f00000| Untracked 
|  96|0x0000000086000000, 0x0000000086000000, 0x0000000086100000|  0%| F|  |TAMS 0x0000000086000000, 0x0000000086000000| Untracked 
|  97|0x0000000086100000, 0x0000000086100000, 0x0000000086200000|  0%| F|  |TAMS 0x0000000086100000, 0x0000000086100000| Untracked 
|  98|0x0000000086200000, 0x0000000086200000, 0x0000000086300000|  0%| F|  |TAMS 0x0000000086200000, 0x0000000086200000| Untracked 
|  99|0x0000000086300000, 0x0000000086341648, 0x0000000086400000| 25%| S|CS|TAMS 0x0000000086300000, 0x0000000086300000| Complete 
| 100|0x0000000086400000, 0x0000000086500000, 0x0000000086500000|100%| S|CS|TAMS 0x0000000086400000, 0x0000000086400000| Complete 
| 101|0x0000000086500000, 0x0000000086600000, 0x0000000086600000|100%| S|CS|TAMS 0x0000000086500000, 0x0000000086500000| Complete 
| 102|0x0000000086600000, 0x0000000086700000, 0x0000000086700000|100%| S|CS|TAMS 0x0000000086600000, 0x0000000086600000| Complete 
| 103|0x0000000086700000, 0x0000000086800000, 0x0000000086800000|100%| S|CS|TAMS 0x0000000086700000, 0x0000000086700000| Complete 
| 104|0x0000000086800000, 0x0000000086900000, 0x0000000086900000|100%| S|CS|TAMS 0x0000000086800000, 0x0000000086800000| Complete 
| 105|0x0000000086900000, 0x0000000086900000, 0x0000000086a00000|  0%| F|  |TAMS 0x0000000086900000, 0x0000000086900000| Untracked 
| 106|0x0000000086a00000, 0x0000000086a00000, 0x0000000086b00000|  0%| F|  |TAMS 0x0000000086a00000, 0x0000000086a00000| Untracked 
| 107|0x0000000086b00000, 0x0000000086b00000, 0x0000000086c00000|  0%| F|  |TAMS 0x0000000086b00000, 0x0000000086b00000| Untracked 
| 108|0x0000000086c00000, 0x0000000086c00000, 0x0000000086d00000|  0%| F|  |TAMS 0x0000000086c00000, 0x0000000086c00000| Untracked 
| 109|0x0000000086d00000, 0x0000000086d00000, 0x0000000086e00000|  0%| F|  |TAMS 0x0000000086d00000, 0x0000000086d00000| Untracked 
| 110|0x0000000086e00000, 0x0000000086e00000, 0x0000000086f00000|  0%| F|  |TAMS 0x0000000086e00000, 0x0000000086e00000| Untracked 
| 111|0x0000000086f00000, 0x0000000086f00000, 0x0000000087000000|  0%| F|  |TAMS 0x0000000086f00000, 0x0000000086f00000| Untracked 
| 112|0x0000000087000000, 0x0000000087000000, 0x0000000087100000|  0%| F|  |TAMS 0x0000000087000000, 0x0000000087000000| Untracked 
| 113|0x0000000087100000, 0x0000000087100000, 0x0000000087200000|  0%| F|  |TAMS 0x0000000087100000, 0x0000000087100000| Untracked 
| 114|0x0000000087200000, 0x0000000087200000, 0x0000000087300000|  0%| F|  |TAMS 0x0000000087200000, 0x0000000087200000| Untracked 
| 115|0x0000000087300000, 0x0000000087300000, 0x0000000087400000|  0%| F|  |TAMS 0x0000000087300000, 0x0000000087300000| Untracked 
| 116|0x0000000087400000, 0x0000000087400000, 0x0000000087500000|  0%| F|  |TAMS 0x0000000087400000, 0x0000000087400000| Untracked 
| 117|0x0000000087500000, 0x0000000087500000, 0x0000000087600000|  0%| F|  |TAMS 0x0000000087500000, 0x0000000087500000| Untracked 
| 118|0x0000000087600000, 0x0000000087600000, 0x0000000087700000|  0%| F|  |TAMS 0x0000000087600000, 0x0000000087600000| Untracked 
| 119|0x0000000087700000, 0x0000000087700000, 0x0000000087800000|  0%| F|  |TAMS 0x0000000087700000, 0x0000000087700000| Untracked 
| 120|0x0000000087800000, 0x0000000087800000, 0x0000000087900000|  0%| F|  |TAMS 0x0000000087800000, 0x0000000087800000| Untracked 
| 121|0x0000000087900000, 0x0000000087900000, 0x0000000087a00000|  0%| F|  |TAMS 0x0000000087900000, 0x0000000087900000| Untracked 
| 122|0x0000000087a00000, 0x0000000087a00000, 0x0000000087b00000|  0%| F|  |TAMS 0x0000000087a00000, 0x0000000087a00000| Untracked 
| 123|0x0000000087b00000, 0x0000000087b00000, 0x0000000087c00000|  0%| F|  |TAMS 0x0000000087b00000, 0x0000000087b00000| Untracked 
| 124|0x0000000087c00000, 0x0000000087c00000, 0x0000000087d00000|  0%| F|  |TAMS 0x0000000087c00000, 0x0000000087c00000| Untracked 
| 125|0x0000000087d00000, 0x0000000087d00000, 0x0000000087e00000|  0%| F|  |TAMS 0x0000000087d00000, 0x0000000087d00000| Untracked 
| 126|0x0000000087e00000, 0x0000000087e00000, 0x0000000087f00000|  0%| F|  |TAMS 0x0000000087e00000, 0x0000000087e00000| Untracked 
| 127|0x0000000087f00000, 0x0000000087f00000, 0x0000000088000000|  0%| F|  |TAMS 0x0000000087f00000, 0x0000000087f00000| Untracked 
| 128|0x0000000088000000, 0x0000000088000000, 0x0000000088100000|  0%| F|  |TAMS 0x0000000088000000, 0x0000000088000000| Untracked 
| 129|0x0000000088100000, 0x0000000088100000, 0x0000000088200000|  0%| F|  |TAMS 0x0000000088100000, 0x0000000088100000| Untracked 
| 130|0x0000000088200000, 0x0000000088200000, 0x0000000088300000|  0%| F|  |TAMS 0x0000000088200000, 0x0000000088200000| Untracked 
| 131|0x0000000088300000, 0x0000000088300000, 0x0000000088400000|  0%| F|  |TAMS 0x0000000088300000, 0x0000000088300000| Untracked 
| 132|0x0000000088400000, 0x0000000088400000, 0x0000000088500000|  0%| F|  |TAMS 0x0000000088400000, 0x0000000088400000| Untracked 
| 133|0x0000000088500000, 0x0000000088500000, 0x0000000088600000|  0%| F|  |TAMS 0x0000000088500000, 0x0000000088500000| Untracked 
| 134|0x0000000088600000, 0x0000000088600000, 0x0000000088700000|  0%| F|  |TAMS 0x0000000088600000, 0x0000000088600000| Untracked 
| 135|0x0000000088700000, 0x0000000088700000, 0x0000000088800000|  0%| F|  |TAMS 0x0000000088700000, 0x0000000088700000| Untracked 
| 136|0x0000000088800000, 0x0000000088800000, 0x0000000088900000|  0%| F|  |TAMS 0x0000000088800000, 0x0000000088800000| Untracked 
| 137|0x0000000088900000, 0x0000000088900000, 0x0000000088a00000|  0%| F|  |TAMS 0x0000000088900000, 0x0000000088900000| Untracked 
| 138|0x0000000088a00000, 0x0000000088a00000, 0x0000000088b00000|  0%| F|  |TAMS 0x0000000088a00000, 0x0000000088a00000| Untracked 
| 139|0x0000000088b00000, 0x0000000088b00000, 0x0000000088c00000|  0%| F|  |TAMS 0x0000000088b00000, 0x0000000088b00000| Untracked 
| 140|0x0000000088c00000, 0x0000000088c00000, 0x0000000088d00000|  0%| F|  |TAMS 0x0000000088c00000, 0x0000000088c00000| Untracked 
| 141|0x0000000088d00000, 0x0000000088d00000, 0x0000000088e00000|  0%| F|  |TAMS 0x0000000088d00000, 0x0000000088d00000| Untracked 
| 142|0x0000000088e00000, 0x0000000088e00000, 0x0000000088f00000|  0%| F|  |TAMS 0x0000000088e00000, 0x0000000088e00000| Untracked 
| 143|0x0000000088f00000, 0x0000000088f00000, 0x0000000089000000|  0%| F|  |TAMS 0x0000000088f00000, 0x0000000088f00000| Untracked 
| 144|0x0000000089000000, 0x0000000089000000, 0x0000000089100000|  0%| F|  |TAMS 0x0000000089000000, 0x0000000089000000| Untracked 
| 145|0x0000000089100000, 0x0000000089100000, 0x0000000089200000|  0%| F|  |TAMS 0x0000000089100000, 0x0000000089100000| Untracked 
| 146|0x0000000089200000, 0x0000000089200000, 0x0000000089300000|  0%| F|  |TAMS 0x0000000089200000, 0x0000000089200000| Untracked 
| 147|0x0000000089300000, 0x0000000089300000, 0x0000000089400000|  0%| F|  |TAMS 0x0000000089300000, 0x0000000089300000| Untracked 
| 148|0x0000000089400000, 0x0000000089400000, 0x0000000089500000|  0%| F|  |TAMS 0x0000000089400000, 0x0000000089400000| Untracked 
| 149|0x0000000089500000, 0x0000000089500000, 0x0000000089600000|  0%| F|  |TAMS 0x0000000089500000, 0x0000000089500000| Untracked 
| 150|0x0000000089600000, 0x0000000089600000, 0x0000000089700000|  0%| F|  |TAMS 0x0000000089600000, 0x0000000089600000| Untracked 
| 151|0x0000000089700000, 0x0000000089700000, 0x0000000089800000|  0%| F|  |TAMS 0x0000000089700000, 0x0000000089700000| Untracked 
| 152|0x0000000089800000, 0x0000000089881278, 0x0000000089900000| 50%| E|  |TAMS 0x0000000089800000, 0x0000000089800000| Complete 
| 153|0x0000000089900000, 0x0000000089a00000, 0x0000000089a00000|100%| E|CS|TAMS 0x0000000089900000, 0x0000000089900000| Complete 
| 154|0x0000000089a00000, 0x0000000089b00000, 0x0000000089b00000|100%| E|CS|TAMS 0x0000000089a00000, 0x0000000089a00000| Complete 
| 155|0x0000000089b00000, 0x0000000089c00000, 0x0000000089c00000|100%| E|CS|TAMS 0x0000000089b00000, 0x0000000089b00000| Complete 
| 156|0x0000000089c00000, 0x0000000089d00000, 0x0000000089d00000|100%| E|CS|TAMS 0x0000000089c00000, 0x0000000089c00000| Complete 
| 157|0x0000000089d00000, 0x0000000089e00000, 0x0000000089e00000|100%| E|CS|TAMS 0x0000000089d00000, 0x0000000089d00000| Complete 
| 158|0x0000000089e00000, 0x0000000089f00000, 0x0000000089f00000|100%| E|CS|TAMS 0x0000000089e00000, 0x0000000089e00000| Complete 

Card table byte_map: [0x000001b047500000,0x000001b047900000] _byte_map_base: 0x000001b047100000

Marking Bits (Prev, Next): (CMBitMap*) 0x000001b030a81340, (CMBitMap*) 0x000001b030a81308
 Prev Bits: [0x000001b049d00000, 0x000001b04bd00000)
 Next Bits: [0x000001b047d00000, 0x000001b049d00000)

Polling page: 0x000001b02e900000

Metaspace:

Usage:
  Non-class:     25.12 MB capacity,    24.66 MB ( 98%) used,   369.02 KB (  1%) free+waste,   104.75 KB ( <1%) overhead. 
      Class:      3.63 MB capacity,     3.25 MB ( 90%) used,   328.73 KB (  9%) free+waste,    54.63 KB (  1%) overhead. 
       Both:     28.75 MB capacity,    27.91 MB ( 97%) used,   697.74 KB (  2%) free+waste,   159.38 KB ( <1%) overhead. 

Virtual space:
  Non-class space:       26.00 MB reserved,      25.17 MB ( 97%) committed 
      Class space:        1.00 GB reserved,       3.75 MB ( <1%) committed 
             Both:        1.03 GB reserved,      28.92 MB (  3%) committed 

Chunk freelists:
   Non-Class:  6.88 KB
       Class:  3.50 KB
        Both:  10.38 KB

CodeHeap 'non-profiled nmethods': size=120064Kb used=1053Kb max_used=1053Kb free=119010Kb
 bounds [0x000001b03fbc0000, 0x000001b03fe30000, 0x000001b047100000]
CodeHeap 'profiled nmethods': size=120000Kb used=4803Kb max_used=4803Kb free=115196Kb
 bounds [0x000001b038690000, 0x000001b038b50000, 0x000001b03fbc0000]
CodeHeap 'non-nmethods': size=5696Kb used=1141Kb max_used=1175Kb free=4554Kb
 bounds [0x000001b038100000, 0x000001b038370000, 0x000001b038690000]
 total_blobs=2795 nmethods=2340 adapters=366
 compilation: enabled
              stopped_count=0, restarted_count=0
 full_count=0

Compilation events (10 events):
Event: 6.213 Thread 0x000001b04dec9800 2326   !   3       org.springframework.util.ClassUtils::forName (247 bytes)
Event: 6.217 Thread 0x000001b04dec9800 nmethod 2326 0x000001b038b2cb10 code [0x000001b038b2d0a0, 0x000001b038b2f8c8]
Event: 6.266 Thread 0x000001b04dec9800 2327       3       jdk.internal.loader.BuiltinClassLoader$2::run (5 bytes)
Event: 6.266 Thread 0x000001b04dec9800 nmethod 2327 0x000001b038b30810 code [0x000001b038b309c0, 0x000001b038b30b08]
Event: 6.272 Thread 0x000001b04dec9800 2328       3       java.util.TreeMap::getEntry (84 bytes)
Event: 6.272 Thread 0x000001b04dec9800 nmethod 2328 0x000001b038b30b90 code [0x000001b038b30d80, 0x000001b038b31348]
Event: 6.273 Thread 0x000001b04dec9800 2329       3       org.springframework.core.annotation.TypeMappedAnnotation::<init> (15 bytes)
Event: 6.273 Thread 0x000001b04dec9800 nmethod 2329 0x000001b038b31510 code [0x000001b038b316c0, 0x000001b038b31808]
Event: 6.273 Thread 0x000001b04dec9800 2330       3       org.springframework.util.StringUtils::cleanPath (346 bytes)
Event: 6.278 Thread 0x000001b04dec9800 nmethod 2330 0x000001b038b31910 code [0x000001b038b31ec0, 0x000001b038b34ea8]

GC Heap History (10 events):
Event: 1.319 GC heap before
{Heap before GC invocations=2 (full 0):
 garbage-first heap   total 131072K, used 15819K [0x0000000080000000, 0x0000000100000000)
  region size 1024K, 9 young (9216K), 1 survivors (1024K)
 Metaspace       used 11350K, capacity 11616K, committed 11776K, reserved 1060864K
  class space    used 1090K, capacity 1184K, committed 1280K, reserved 1048576K
}
Event: 1.324 GC heap after
{Heap after GC invocations=3 (full 0):
 garbage-first heap   total 131072K, used 7542K [0x0000000080000000, 0x0000000100000000)
  region size 1024K, 1 young (1024K), 1 survivors (1024K)
 Metaspace       used 11350K, capacity 11616K, committed 11776K, reserved 1060864K
  class space    used 1090K, capacity 1184K, committed 1280K, reserved 1048576K
}
Event: 2.094 GC heap before
{Heap before GC invocations=3 (full 0):
 garbage-first heap   total 131072K, used 20854K [0x0000000080000000, 0x0000000100000000)
  region size 1024K, 14 young (14336K), 1 survivors (1024K)
 Metaspace       used 14080K, capacity 14525K, committed 14720K, reserved 1062912K
  class space    used 1463K, capacity 1656K, committed 1664K, reserved 1048576K
}
Event: 2.100 GC heap after
{Heap after GC invocations=4 (full 0):
 garbage-first heap   total 131072K, used 8107K [0x0000000080000000, 0x0000000100000000)
  region size 1024K, 2 young (2048K), 2 survivors (2048K)
 Metaspace       used 14080K, capacity 14525K, committed 14720K, reserved 1062912K
  class space    used 1463K, capacity 1656K, committed 1664K, reserved 1048576K
}
Event: 2.822 GC heap before
{Heap before GC invocations=4 (full 0):
 garbage-first heap   total 131072K, used 29611K [0x0000000080000000, 0x0000000100000000)
  region size 1024K, 23 young (23552K), 2 survivors (2048K)
 Metaspace       used 16911K, capacity 17472K, committed 17664K, reserved 1064960K
  class space    used 1815K, capacity 2047K, committed 2048K, reserved 1048576K
}
Event: 2.830 GC heap after
{Heap after GC invocations=5 (full 0):
 garbage-first heap   total 162816K, used 8753K [0x0000000080000000, 0x0000000100000000)
  region size 1024K, 3 young (3072K), 3 survivors (3072K)
 Metaspace       used 16911K, capacity 17472K, committed 17664K, reserved 1064960K
  class space    used 1815K, capacity 2047K, committed 2048K, reserved 1048576K
}
Event: 3.594 GC heap before
{Heap before GC invocations=5 (full 0):
 garbage-first heap   total 162816K, used 29233K [0x0000000080000000, 0x0000000100000000)
  region size 1024K, 24 young (24576K), 3 survivors (3072K)
 Metaspace       used 20457K, capacity 21150K, committed 21296K, reserved 1069056K
  class space    used 2295K, capacity 2604K, committed 2688K, reserved 1048576K
}
Event: 3.615 GC heap after
{Heap after GC invocations=6 (full 0):
 garbage-first heap   total 162816K, used 9989K [0x0000000080000000, 0x0000000100000000)
  region size 1024K, 4 young (4096K), 4 survivors (4096K)
 Metaspace       used 20457K, capacity 21150K, committed 21296K, reserved 1069056K
  class space    used 2295K, capacity 2604K, committed 2688K, reserved 1048576K
}
Event: 5.954 GC heap before
{Heap before GC invocations=7 (full 0):
 garbage-first heap   total 162816K, used 61189K [0x0000000080000000, 0x0000000100000000)
  region size 1024K, 54 young (55296K), 4 survivors (4096K)
 Metaspace       used 28008K, capacity 28824K, committed 28976K, reserved 1075200K
  class space    used 3249K, capacity 3611K, committed 3712K, reserved 1048576K
}
Event: 5.973 GC heap after
{Heap after GC invocations=8 (full 0):
 garbage-first heap   total 162816K, used 11985K [0x0000000080000000, 0x0000000100000000)
  region size 1024K, 6 young (6144K), 6 survivors (6144K)
 Metaspace       used 28008K, capacity 28824K, committed 28976K, reserved 1075200K
  class space    used 3249K, capacity 3611K, committed 3712K, reserved 1048576K
}

Deoptimization events (10 events):
Event: 3.281 Thread 0x000001b030a48000 Uncommon trap: reason=unstable_if action=reinterpret pc=0x000001b03fc157c8 method=jdk.internal.org.objectweb.asm.Type.getArgumentsAndReturnSizes(Ljava/lang/String;)I @ 130 c2
Event: 3.441 Thread 0x000001b030a48000 Uncommon trap: reason=unstable_if action=reinterpret pc=0x000001b03fc561b0 method=java.lang.String.indexOf([BBILjava/lang/String;I)I @ 21 c2
Event: 3.653 Thread 0x000001b030a48000 Uncommon trap: reason=unstable_if action=reinterpret pc=0x000001b03fc2b3d0 method=java.util.concurrent.ConcurrentHashMap.putVal(Ljava/lang/Object;Ljava/lang/Object;Z)Ljava/lang/Object; @ 148 c2
Event: 3.813 Thread 0x000001b030a48000 Uncommon trap: reason=unstable_if action=reinterpret pc=0x000001b03fc62290 method=java.net.URL.<init>(Ljava/net/URL;Ljava/lang/String;Ljava/net/URLStreamHandler;)V @ 347 c2
Event: 3.850 Thread 0x000001b04e874800 Uncommon trap: reason=unstable_if action=reinterpret pc=0x000001b03fc467c4 method=java.lang.String.indexOf(Ljava/lang/String;)I @ 8 c2
Event: 5.277 Thread 0x000001b030a48000 Uncommon trap: reason=unstable_if action=reinterpret pc=0x000001b03fc147d0 method=java.util.concurrent.ConcurrentHashMap.get(Ljava/lang/Object;)Ljava/lang/Object; @ 76 c2
Event: 5.654 Thread 0x000001b04fdba800 Uncommon trap: reason=unstable_if action=reinterpret pc=0x000001b03fc6d2c4 method=java.nio.Buffer.limit(I)Ljava/nio/Buffer; @ 42 c2
Event: 5.668 Thread 0x000001b030a48000 Uncommon trap: reason=unstable_if action=reinterpret pc=0x000001b03fbe6e0c method=java.util.jar.Manifest$FastInputStream.readLine([BII)I @ 130 c2
Event: 6.123 Thread 0x000001b04f08f000 Uncommon trap: reason=unstable_if action=reinterpret pc=0x000001b03fc716dc method=jdk.internal.org.objectweb.asm.Type.getArgumentsAndReturnSizes(Ljava/lang/String;)I @ 47 c2
Event: 6.124 Thread 0x000001b04f08f000 Uncommon trap: reason=unstable_if action=reinterpret pc=0x000001b03fc82db0 method=jdk.internal.org.objectweb.asm.Frame.push(Ljdk/internal/org/objectweb/asm/ClassWriter;Ljava/lang/String;)V @ 18 c2

Classes redefined (0 events):
No events

Internal exceptions (10 events):
Event: 5.315 Thread 0x000001b030a48000 Exception <a 'java/lang/ClassNotFoundException'{0x0000000088367560}: org/springframework/beans/factory/AwareCustomizer> (0x0000000088367560) thrown at [./open/src/hotspot/share/classfile/systemDictionary.cpp, line 226]
Event: 5.316 Thread 0x000001b030a48000 Exception <a 'java/lang/ClassNotFoundException'{0x000000008837a508}: org/springframework/context/EnvironmentAwareCustomizer> (0x000000008837a508) thrown at [./open/src/hotspot/share/classfile/systemDictionary.cpp, line 226]
Event: 5.317 Thread 0x000001b030a48000 Exception <a 'java/lang/ClassNotFoundException'{0x000000008820d120}: org/springframework/beans/factory/AwareCustomizer> (0x000000008820d120) thrown at [./open/src/hotspot/share/classfile/systemDictionary.cpp, line 226]
Event: 5.888 Thread 0x000001b030a48000 Exception <a 'java/lang/IncompatibleClassChangeError'{0x0000000086a5fec8}: Found class java.lang.Object, but interface was expected> (0x0000000086a5fec8) thrown at [./open/src/hotspot/share/interpreter/linkResolver.cpp, line 838]
Event: 6.123 Thread 0x000001b04f08f000 Exception <a 'java/lang/NoSuchMethodError'{0x0000000089d782e8}: java.lang.invoke.DirectMethodHandle$Holder.invokeSpecial(Ljava/lang/Object;Ljava/lang/Object;)J> (0x0000000089d782e8) thrown at [./open/src/hotspot/share/interpreter/linkResolver.cpp, line 77
Event: 6.128 Thread 0x000001b04f08f000 Exception <a 'java/lang/NoSuchMethodError'{0x0000000089c82920}: java.lang.invoke.DirectMethodHandle$Holder.invokeStatic(Ljava/lang/Object;Ljava/lang/Object;)J> (0x0000000089c82920) thrown at [./open/src/hotspot/share/interpreter/linkResolver.cpp, line 772
Event: 6.129 Thread 0x000001b04f08f000 Exception <a 'java/lang/NoSuchMethodError'{0x0000000089c85748}: java.lang.invoke.DirectMethodHandle$Holder.invokeStaticInit(Ljava/lang/Object;Ljava/lang/Object;)J> (0x0000000089c85748) thrown at [./open/src/hotspot/share/interpreter/linkResolver.cpp, line
Event: 6.130 Thread 0x000001b04f08f000 Exception <a 'java/lang/NoSuchMethodError'{0x0000000089c91c08}: java.lang.invoke.DirectMethodHandle$Holder.invokeInterface(Ljava/lang/Object;Ljava/lang/Object;)J> (0x0000000089c91c08) thrown at [./open/src/hotspot/share/interpreter/linkResolver.cpp, line 
Event: 6.131 Thread 0x000001b04f08f000 Exception <a 'java/lang/IncompatibleClassChangeError'{0x0000000089c949a0}: Found class java.lang.Object, but interface was expected> (0x0000000089c949a0) thrown at [./open/src/hotspot/share/interpreter/linkResolver.cpp, line 838]
Event: 6.146 Thread 0x000001b04f08f000 Exception <a 'java/lang/NoSuchMethodError'{0x0000000089b61538}: java.lang.invoke.DirectMethodHandle$Holder.invokeVirtual(Ljava/lang/Object;Ljava/lang/Object;Ljava/lang/Object;Ljava/lang/Object;)Ljava/lang/Object;> (0x0000000089b61538) thrown at [./open/sr

Events (10 events):
Event: 6.201 loading class org/springframework/core/annotation/MergedAnnotation
Event: 6.201 loading class org/springframework/core/annotation/MergedAnnotation done
Event: 6.201 loading class org/springframework/boot/autoconfigure/condition/OnPropertyCondition$Spec
Event: 6.201 loading class org/springframework/boot/autoconfigure/condition/OnPropertyCondition$Spec done
Event: 6.206 Executing VM operation: BulkRevokeBias
Event: 6.206 Executing VM operation: BulkRevokeBias done
Event: 6.268 loading class org/springframework/boot/autoconfigure/web/servlet/ServletWebServerFactoryAutoConfiguration$BeanPostProcessorsRegistrar
Event: 6.268 loading class org/springframework/boot/autoconfigure/web/servlet/ServletWebServerFactoryAutoConfiguration$BeanPostProcessorsRegistrar done
Event: 6.270 loading class org/apache/coyote/UpgradeProtocol
Event: 6.270 loading class org/apache/coyote/UpgradeProtocol done


Dynamic libraries:
0x00007ff70b2b0000 - 0x00007ff70b2bf000 	C:\Program Files\Java\jdk-11.0.16\bin\java.exe
0x00007ff9c3e10000 - 0x00007ff9c4008000 	C:\Windows\SYSTEM32\ntdll.dll
0x00007ff9c3400000 - 0x00007ff9c34bf000 	C:\Windows\System32\KERNEL32.DLL
0x00007ff9c17c0000 - 0x00007ff9c1a92000 	C:\Windows\System32\KERNELBASE.dll
0x00007ff9c1620000 - 0x00007ff9c1720000 	C:\Windows\System32\ucrtbase.dll
0x00007ff9a5690000 - 0x00007ff9a56a5000 	C:\Program Files\Java\jdk-11.0.16\bin\VCRUNTIME140.dll
0x00007ff9a5780000 - 0x00007ff9a5798000 	C:\Program Files\Java\jdk-11.0.16\bin\jli.dll
0x00007ff9c24f0000 - 0x00007ff9c259e000 	C:\Windows\System32\ADVAPI32.dll
0x00007ff9c2e20000 - 0x00007ff9c2ebe000 	C:\Windows\System32\msvcrt.dll
0x00007ff9c1e60000 - 0x00007ff9c1efc000 	C:\Windows\System32\sechost.dll
0x00007ff9c2f30000 - 0x00007ff9c3055000 	C:\Windows\System32\RPCRT4.dll
0x00007ff9c3690000 - 0x00007ff9c382d000 	C:\Windows\System32\USER32.dll
0x00007ff9c1aa0000 - 0x00007ff9c1ac2000 	C:\Windows\System32\win32u.dll
0x00007ff9c3830000 - 0x00007ff9c385b000 	C:\Windows\System32\GDI32.dll
0x00007ff9c1510000 - 0x00007ff9c161f000 	C:\Windows\System32\gdi32full.dll
0x00007ff9c1720000 - 0x00007ff9c17bd000 	C:\Windows\System32\msvcp_win.dll
0x00007ff9a13d0000 - 0x00007ff9a166a000 	C:\Windows\WinSxS\amd64_microsoft.windows.common-controls_6595b64144ccf1df_6.0.19041.1110_none_60b5254171f9507e\COMCTL32.dll
0x00007ff9b9960000 - 0x00007ff9b996a000 	C:\Windows\SYSTEM32\VERSION.dll
0x00007ff9c3650000 - 0x00007ff9c3682000 	C:\Windows\System32\IMM32.DLL
0x00007ff964320000 - 0x00007ff9643bb000 	C:\Program Files\Java\jdk-11.0.16\bin\msvcp140.dll
0x00007ff963800000 - 0x00007ff964318000 	C:\Program Files\Java\jdk-11.0.16\bin\server\jvm.dll
0x00007ff9c3180000 - 0x00007ff9c3188000 	C:\Windows\System32\PSAPI.DLL
0x00007ff985d30000 - 0x00007ff985d39000 	C:\Windows\SYSTEM32\WSOCK32.dll
0x00007ff9c2480000 - 0x00007ff9c24eb000 	C:\Windows\System32\WS2_32.dll
0x00007ff9a0050000 - 0x00007ff9a0077000 	C:\Windows\SYSTEM32\WINMM.dll
0x00007ff9bf2d0000 - 0x00007ff9bf2e2000 	C:\Windows\SYSTEM32\kernel.appcore.dll
0x00007ff9b9e80000 - 0x00007ff9b9e90000 	C:\Program Files\Java\jdk-11.0.16\bin\verify.dll
0x00007ff9b2da0000 - 0x00007ff9b2f84000 	C:\Windows\SYSTEM32\DBGHELP.DLL
0x00007ff9b29c0000 - 0x00007ff9b29ec000 	C:\Windows\SYSTEM32\dbgcore.DLL
0x00007ff9c1c20000 - 0x00007ff9c1ca2000 	C:\Windows\System32\bcryptPrimitives.dll
0x00007ff9a5660000 - 0x00007ff9a5688000 	C:\Program Files\Java\jdk-11.0.16\bin\java.dll
0x00007ff9a5770000 - 0x00007ff9a577a000 	C:\Program Files\Java\jdk-11.0.16\bin\jimage.dll
0x00007ff9a5640000 - 0x00007ff9a5656000 	C:\Program Files\Java\jdk-11.0.16\bin\zip.dll
0x00007ff9c25a0000 - 0x00007ff9c2ce3000 	C:\Windows\System32\SHELL32.dll
0x00007ff9bf5b0000 - 0x00007ff9bfd42000 	C:\Windows\SYSTEM32\windows.storage.dll
0x00007ff9c1f90000 - 0x00007ff9c22e4000 	C:\Windows\System32\combase.dll
0x00007ff9c0db0000 - 0x00007ff9c0de0000 	C:\Windows\SYSTEM32\Wldp.dll
0x00007ff9c35a0000 - 0x00007ff9c364d000 	C:\Windows\System32\SHCORE.dll
0x00007ff9c3860000 - 0x00007ff9c38b5000 	C:\Windows\System32\shlwapi.dll
0x00007ff9c1450000 - 0x00007ff9c146f000 	C:\Windows\SYSTEM32\profapi.dll
0x00007ff9a5620000 - 0x00007ff9a5639000 	C:\Program Files\Java\jdk-11.0.16\bin\net.dll
0x00007ff9b9160000 - 0x00007ff9b926c000 	C:\Windows\SYSTEM32\WINHTTP.dll
0x00007ff9c0b90000 - 0x00007ff9c0bfa000 	C:\Windows\system32\mswsock.dll
0x00007ff9a55e0000 - 0x00007ff9a55f2000 	C:\Program Files\Java\jdk-11.0.16\bin\nio.dll
0x00007ff9bcd80000 - 0x00007ff9bcd89000 	C:\Program Files\Java\jdk-11.0.16\bin\management.dll
0x00007ff9baf90000 - 0x00007ff9baf9b000 	C:\Program Files\Java\jdk-11.0.16\bin\management_ext.dll
0x00007ff9a7cc0000 - 0x00007ff9a7cd7000 	C:\Windows\system32\napinsp.dll
0x00007ff9a7ca0000 - 0x00007ff9a7cbb000 	C:\Windows\system32\pnrpnsp.dll
0x00007ff9a7c80000 - 0x00007ff9a7c95000 	C:\Windows\system32\wshbth.dll
0x00007ff9bcd40000 - 0x00007ff9bcd5d000 	C:\Windows\system32\NLAapi.dll
0x00007ff9c08a0000 - 0x00007ff9c08db000 	C:\Windows\SYSTEM32\IPHLPAPI.DLL
0x00007ff9c08e0000 - 0x00007ff9c09aa000 	C:\Windows\SYSTEM32\DNSAPI.dll
0x00007ff9c2f20000 - 0x00007ff9c2f28000 	C:\Windows\System32\NSI.dll
0x00007ff9a7c60000 - 0x00007ff9a7c72000 	C:\Windows\System32\winrnr.dll
0x00007ff9b83e0000 - 0x00007ff9b83ea000 	C:\Windows\System32\rasadhlp.dll
0x00007ff9b9080000 - 0x00007ff9b9100000 	C:\Windows\System32\fwpuclnt.dll
0x00007ff9c1ad0000 - 0x00007ff9c1af7000 	C:\Windows\System32\bcrypt.dll

dbghelp: loaded successfully - version: 4.0.5 - missing functions: none
symbol engine: initialized successfully - sym options: 0x614 - pdb path: .;C:\Program Files\Java\jdk-11.0.16\bin;C:\Windows\SYSTEM32;C:\Windows\WinSxS\amd64_microsoft.windows.common-controls_6595b64144ccf1df_6.0.19041.1110_none_60b5254171f9507e;C:\Program Files\Java\jdk-11.0.16\bin\server

VM Arguments:
java_command: C:\Users\sfjbs\AppData\Local\Temp\surefire707124742544230312\surefirebooter14772943903673399362.jar C:\Users\sfjbs\AppData\Local\Temp\surefire707124742544230312 2022-11-13T08-48-44_551-jvmRun1 surefire772881488887824401tmp surefire_015828963604524394782tmp
java_class_path (initial): C:\Users\sfjbs\AppData\Local\Temp\surefire707124742544230312\surefirebooter14772943903673399362.jar
Launcher Type: SUN_STANDARD

[Global flags]
     intx CICompilerCount                          = 2                                         {product} {ergonomic}
     uint ConcGCThreads                            = 1                                         {product} {ergonomic}
     uint G1ConcRefinementThreads                  = 2                                         {product} {ergonomic}
   size_t G1HeapRegionSize                         = 1048576                                   {product} {ergonomic}
    uintx GCDrainStackTargetSize                   = 64                                        {product} {ergonomic}
   size_t InitialHeapSize                          = 134217728                                 {product} {ergonomic}
   size_t MarkStackSize                            = 4194304                                   {product} {ergonomic}
   size_t MaxHeapSize                              = 2147483648                                {product} {ergonomic}
   size_t MaxNewSize                               = 1287651328                                {product} {ergonomic}
   size_t MinHeapDeltaBytes                        = 1048576                                   {product} {ergonomic}
    uintx NonNMethodCodeHeapSize                   = 5825164                                {pd product} {ergonomic}
    uintx NonProfiledCodeHeapSize                  = 122916538                              {pd product} {ergonomic}
    uintx ProfiledCodeHeapSize                     = 122916538                              {pd product} {ergonomic}
    uintx ReservedCodeCacheSize                    = 251658240                              {pd product} {ergonomic}
     bool SegmentedCodeCache                       = true                                      {product} {ergonomic}
     bool UseCompressedClassPointers               = true                                 {lp64_product} {ergonomic}
     bool UseCompressedOops                        = true                                 {lp64_product} {ergonomic}
     bool UseG1GC                                  = true                                      {product} {ergonomic}
     bool UseLargePagesIndividualAllocation        = false                                  {pd product} {ergonomic}

Logging:
Log output configuration:
 #0: stdout all=warning uptime,level,tags
 #1: stderr all=off uptime,level,tags

Environment Variables:
PATH=C:\Program Files\Common Files\Oracle\Java\javapath;C:\Windows\system32;C:\Windows;C:\Windows\System32\Wbem;C:\Windows\System32\WindowsPowerShell\v1.0\;C:\Windows\System32\OpenSSH\;C:\Users\sfjbs\Downloads\micro service-20221021T071039Z-001\micro service\apache-maven-3.8.5-bin\apache-maven-3.8.5\bin;C:\Users\sfjbs\Downloads\micro service-20221021T071039Z-001\micro service\apache-maven-3.8.5-bin\apache-maven-3.8.5\lib;C:\Program Files\Git\cmd;C:\Program Files\Docker\Docker\resources\bin;C:\Users\sfjbs\AppData\Local\Microsoft\WindowsApps;C:\Users\sfjbs\Downloads\micro service-20221021T071039Z-001\micro service\apache-maven-3.8.5-bin\apache-maven-3.8.5\bin;C:\Users\sfjbs\Downloads\micro service-20221021T071039Z-001\micro service\apache-maven-3.8.5-bin\apache-maven-3.8.5\lib;;C:\Program Files\JetBrains\IntelliJ IDEA Community Edition 2022.2.1\bin;
USERNAME=sfjbs
OS=Windows_NT
PROCESSOR_IDENTIFIER=Intel64 Family 6 Model 85 Stepping 7, GenuineIntel



---------------  S Y S T E M  ---------------

OS: Windows 10 , 64 bit Build 19041 (10.0.19041.2251)
Hyper-V role detected

CPU:total 2 (initial active 2) (1 cores per cpu, 2 threads per core) family 6 model 85 stepping 7 microcode 0xffffffff, cmov, cx8, fxsr, mmx, sse, sse2, sse3, ssse3, sse4.1, sse4.2, popcnt, avx, avx2, aes, clmul, erms, rtm, 3dnowpref, lzcnt, ht, tsc, bmi1, bmi2, adx, evex, fma

Memory: 4k page, system-wide physical 8190M (512M free)
TotalPageFile size 10238M (AvailPageFile size 6M)
current process WorkingSet (physical memory assigned to process): 160M, peak: 160M
current process commit charge ("private bytes"): 283M, peak: 284M

vm_info: Java HotSpot(TM) 64-Bit Server VM (11.0.16+11-LTS-199) for windows-amd64 JRE (11.0.16+11-LTS-199), built on Jun 28 2022 08:23:17 by "mach5one" with MS VC++ 15.9 (VS2017)

END.
