#
# There is insufficient memory for the Java Runtime Environment to continue.
# Native memory allocation (mmap) failed to map 38797312 bytes for Failed to commit area from 0x0000000089a00000 to 0x000000008bf00000 of length 38797312.
# Possible reasons:
#   The system is out of physical RAM or swap space
#   The process is running with CompressedOops enabled, and the Java Heap may be blocking the growth of the native heap
# Possible solutions:
#   Reduce memory load on the system
#   Increase physical memory or swap space
#   Check if swap backing store is full
#   Decrease Java heap size (-Xmx/-Xms)
#   Decrease number of Java threads
#   Decrease Java thread stack sizes (-Xss)
#   Set larger code cache with -XX:ReservedCodeCacheSize=
#   JVM is running with Unscaled Compressed Oops mode in which the Java heap is
#     placed in the first 4GB address space. The Java Heap base address is the
#     maximum limit for the native heap growth. Please use -XX:HeapBaseMinAddress
#     to set the Java Heap base and to place the Java Heap above 4GB virtual address.
# This output file may be truncated or incomplete.
#
#  Out of Memory Error (./open/src/hotspot/os/windows/os_windows.cpp:3287), pid=9528, tid=9964
#
# JRE version: Java(TM) SE Runtime Environment 18.9 (11.0.16+11) (build 11.0.16+11-LTS-199)
# Java VM: Java HotSpot(TM) 64-Bit Server VM 18.9 (11.0.16+11-LTS-199, mixed mode, tiered, compressed oops, g1 gc, windows-amd64)
# No core dump will be written. Minidumps are not enabled by default on client versions of Windows
#

---------------  S U M M A R Y ------------

Command Line: -Dmaven.multiModuleProjectDirectory=C:\Users\sfjbs\IdeaProjects\oct31training\usha\mini project pension management\pension-management-usha -Dmaven.home=C:\Program Files\JetBrains\IntelliJ IDEA Community Edition 2022.2.1\plugins\maven\lib\maven3 -Dclassworlds.conf=C:\Program Files\JetBrains\IntelliJ IDEA Community Edition 2022.2.1\plugins\maven\lib\maven3\bin\m2.conf -Dmaven.ext.class.path=C:\Program Files\JetBrains\IntelliJ IDEA Community Edition 2022.2.1\plugins\maven\lib\maven-event-listener.jar -javaagent:C:\Program Files\JetBrains\IntelliJ IDEA Community Edition 2022.2.1\lib\idea_rt.jar=57826:C:\Program Files\JetBrains\IntelliJ IDEA Community Edition 2022.2.1\bin -Dfile.encoding=UTF-8 org.codehaus.classworlds.Launcher -Didea.version=2022.2.1 clean install

Host: Intel(R) Xeon(R) Platinum 8370C CPU @ 2.80GHz, 2 cores, 7G,  Windows 10 , 64 bit Build 19041 (10.0.19041.1889)
Time: Fri Nov  4 15:56:50 2022 Coordinated Universal Time elapsed time: 13.466885 seconds (0d 0h 0m 13s)

---------------  T H R E A D  ---------------

Current thread (0x000001cd55db9000):  VMThread "VM Thread" [stack: 0x000000313f300000,0x000000313f400000] [id=9964]

Stack: [0x000000313f300000,0x000000313f400000]
[error occurred during error reporting (printing stack bounds), id 0xc0000005, EXCEPTION_ACCESS_VIOLATION (0xc0000005) at pc=0x000001cd3fa010e7]

Native frames: (J=compiled Java code, j=interpreted, Vv=VM code, C=native code)
V  [jvm.dll+0x62a3ea]
V  [jvm.dll+0x76418f]
V  [jvm.dll+0x765839]
V  [jvm.dll+0x765e25]
V  [jvm.dll+0x765ddb]
V  [jvm.dll+0x6298d3]
V  [jvm.dll+0x629fe8]
C  [ntdll.dll+0xa241f]
C  [ntdll.dll+0x514a4]
C  [ntdll.dll+0xa0f4e]
C  0x000001cd3fa010e7

VM_Operation (0x00000031404fe8a0): G1CollectForAllocation, mode: safepoint, requested by thread 0x000001cd5a642800


---------------  P R O C E S S  ---------------

Threads class SMR info:
_java_thread_list=0x000001cd5977e1a0, length=16, elements={
0x000001cd38346000, 0x000001cd55dbc000, 0x000001cd55dc8000, 0x000001cd56762800,
0x000001cd55dda000, 0x000001cd55ddb800, 0x000001cd55ddd800, 0x000001cd55de2000,
0x000001cd55de9000, 0x000001cd55d65800, 0x000001cd569e8800, 0x000001cd59b0a800,
0x000001cd5a66e000, 0x000001cd5870c800, 0x000001cd5a641800, 0x000001cd5a642800
}

Java Threads: ( => current thread )
  0x000001cd38346000 JavaThread "main" [_thread_blocked, id=5400, stack(0x000000313ed00000,0x000000313ee00000)]
  0x000001cd55dbc000 JavaThread "Reference Handler" daemon [_thread_blocked, id=900, stack(0x000000313f400000,0x000000313f500000)]
  0x000001cd55dc8000 JavaThread "Finalizer" daemon [_thread_blocked, id=13160, stack(0x000000313f500000,0x000000313f600000)]
  0x000001cd56762800 JavaThread "Signal Dispatcher" daemon [_thread_blocked, id=8752, stack(0x000000313f600000,0x000000313f700000)]
  0x000001cd55dda000 JavaThread "Attach Listener" daemon [_thread_blocked, id=9384, stack(0x000000313f700000,0x000000313f800000)]
  0x000001cd55ddb800 JavaThread "Service Thread" daemon [_thread_blocked, id=3744, stack(0x000000313f800000,0x000000313f900000)]
  0x000001cd55ddd800 JavaThread "C2 CompilerThread0" daemon [_thread_blocked, id=5520, stack(0x000000313f900000,0x000000313fa00000)]
  0x000001cd55de2000 JavaThread "C1 CompilerThread0" daemon [_thread_blocked, id=6956, stack(0x000000313fa00000,0x000000313fb00000)]
  0x000001cd55de9000 JavaThread "Sweeper thread" daemon [_thread_blocked, id=8220, stack(0x000000313fb00000,0x000000313fc00000)]
  0x000001cd55d65800 JavaThread "Common-Cleaner" daemon [_thread_blocked, id=6412, stack(0x000000313fc00000,0x000000313fd00000)]
  0x000001cd569e8800 JavaThread "Monitor Ctrl-Break" daemon [_thread_in_native, id=9380, stack(0x000000313fd00000,0x000000313fe00000)]
  0x000001cd59b0a800 JavaThread "resolver-1" daemon [_thread_blocked, id=3844, stack(0x0000003140000000,0x0000003140100000)]
  0x000001cd5a66e000 JavaThread "resolver-2" daemon [_thread_blocked, id=8040, stack(0x0000003140100000,0x0000003140200000)]
  0x000001cd5870c800 JavaThread "resolver-3" daemon [_thread_blocked, id=10448, stack(0x0000003140200000,0x0000003140300000)]
  0x000001cd5a641800 JavaThread "resolver-4" daemon [_thread_blocked, id=11848, stack(0x0000003140300000,0x0000003140400000)]
  0x000001cd5a642800 JavaThread "resolver-5" daemon [_thread_blocked, id=12232, stack(0x0000003140400000,0x0000003140500000)]

Other Threads:
=>0x000001cd55db9000 VMThread "VM Thread" [stack: 0x000000313f300000,0x000000313f400000] [id=9964]
  0x000001cd569ea000 WatcherThread [stack: 0x000000313fe00000,0x000000313ff00000] [id=13116]
  0x000001cd3835c000 GCTaskThread "GC Thread#0" [stack: 0x000000313ee00000,0x000000313ef00000] [id=7144]
  0x000001cd569eb800 GCTaskThread "GC Thread#1" [stack: 0x000000313ff00000,0x0000003140000000] [id=488]
  0x000001cd3838b800 ConcurrentGCThread "G1 Main Marker" [stack: 0x000000313ef00000,0x000000313f000000] [id=7572]
  0x000001cd3838d800 ConcurrentGCThread "G1 Conc#0" [stack: 0x000000313f000000,0x000000313f100000] [id=12496]
  0x000001cd38415800 ConcurrentGCThread "G1 Refine#0" [stack: 0x000000313f100000,0x000000313f200000] [id=10944]
  0x000001cd38418000 ConcurrentGCThread "G1 Young RemSet Sampling" [stack: 0x000000313f200000,0x000000313f300000] [id=8088]

Threads with active compile tasks:
C2 CompilerThread0    13480 5744       4       org.apache.maven.model.inheritance.DefaultInheritanceAssembler$InheritanceModelMerger::mergePluginContainer_Plugins (430 bytes)

VM state:at safepoint (normal execution)

VM Mutex/Monitor currently owned by a thread:  ([mutex/lock_event])
[0x000001cd38342fe0] Threads_lock - owner thread: 0x000001cd55db9000
[0x000001cd383432b0] Heap_lock - owner thread: 0x000001cd5a642800

Heap address: 0x0000000080000000, size: 2048 MB, Compressed Oops mode: 32-bit
Narrow klass base: 0x0000000000000000, Narrow klass shift: 3
Compressed class space size: 1073741824 Address: 0x0000000100000000

Heap:
 garbage-first heap   total 195584K, used 26520K [0x0000000080000000, 0x0000000100000000)
  region size 1024K, 7 young (7168K), 7 survivors (7168K)
 Metaspace       used 34041K, capacity 34671K, committed 34816K, reserved 1081344K
  class space    used 3529K, capacity 3755K, committed 3840K, reserved 1048576K
Heap Regions: E=young(eden), S=young(survivor), O=old, HS=humongous(starts), HC=humongous(continues), CS=collection set, F=free, A=archive, TAMS=top-at-mark-start (previous, next)
|   0|0x0000000080000000, 0x0000000080100000, 0x0000000080100000|100%| O|  |TAMS 0x0000000080100000, 0x0000000080000000| Untracked 
|   1|0x0000000080100000, 0x0000000080200000, 0x0000000080200000|100%| O|  |TAMS 0x0000000080200000, 0x0000000080100000| Untracked 
|   2|0x0000000080200000, 0x0000000080300000, 0x0000000080300000|100%| O|  |TAMS 0x0000000080300000, 0x0000000080200000| Untracked 
|   3|0x0000000080300000, 0x0000000080400000, 0x0000000080400000|100%| O|  |TAMS 0x000000008033f800, 0x0000000080300000| Untracked 
|   4|0x0000000080400000, 0x0000000080500000, 0x0000000080500000|100%| O|  |TAMS 0x0000000080400000, 0x0000000080400000| Untracked 
|   5|0x0000000080500000, 0x0000000080600000, 0x0000000080600000|100%| O|  |TAMS 0x0000000080500000, 0x0000000080500000| Untracked 
|   6|0x0000000080600000, 0x0000000080700000, 0x0000000080700000|100%| O|  |TAMS 0x0000000080600000, 0x0000000080600000| Untracked 
|   7|0x0000000080700000, 0x0000000080800000, 0x0000000080800000|100%| O|  |TAMS 0x0000000080700000, 0x0000000080700000| Untracked 
|   8|0x0000000080800000, 0x0000000080900000, 0x0000000080900000|100%| O|  |TAMS 0x0000000080800000, 0x0000000080800000| Untracked 
|   9|0x0000000080900000, 0x0000000080a00000, 0x0000000080a00000|100%| O|  |TAMS 0x0000000080900000, 0x0000000080900000| Untracked 
|  10|0x0000000080a00000, 0x0000000080b00000, 0x0000000080b00000|100%| O|  |TAMS 0x0000000080a00000, 0x0000000080a00000| Untracked 
|  11|0x0000000080b00000, 0x0000000080c00000, 0x0000000080c00000|100%| O|  |TAMS 0x0000000080b00000, 0x0000000080b00000| Untracked 
|  12|0x0000000080c00000, 0x0000000080d00000, 0x0000000080d00000|100%| O|  |TAMS 0x0000000080c00000, 0x0000000080c00000| Untracked 
|  13|0x0000000080d00000, 0x0000000080e00000, 0x0000000080e00000|100%| O|  |TAMS 0x0000000080d00000, 0x0000000080d00000| Untracked 
|  14|0x0000000080e00000, 0x0000000080f00000, 0x0000000080f00000|100%| O|  |TAMS 0x0000000080e00000, 0x0000000080e00000| Untracked 
|  15|0x0000000080f00000, 0x0000000081000000, 0x0000000081000000|100%| O|  |TAMS 0x0000000080f00000, 0x0000000080f00000| Untracked 
|  16|0x0000000081000000, 0x0000000081100000, 0x0000000081100000|100%| O|  |TAMS 0x0000000081000000, 0x0000000081000000| Untracked 
|  17|0x0000000081100000, 0x0000000081200000, 0x0000000081200000|100%| O|  |TAMS 0x0000000081100000, 0x0000000081100000| Untracked 
|  18|0x0000000081200000, 0x0000000081300000, 0x0000000081300000|100%| O|  |TAMS 0x0000000081200000, 0x0000000081200000| Untracked 
|  19|0x0000000081300000, 0x0000000081300000, 0x0000000081400000|  0%| F|  |TAMS 0x0000000081300000, 0x0000000081300000| Untracked 
|  20|0x0000000081400000, 0x0000000081400000, 0x0000000081500000|  0%| F|  |TAMS 0x0000000081400000, 0x0000000081400000| Untracked 
|  21|0x0000000081500000, 0x0000000081500000, 0x0000000081600000|  0%| F|  |TAMS 0x0000000081500000, 0x0000000081500000| Untracked 
|  22|0x0000000081600000, 0x0000000081600000, 0x0000000081700000|  0%| F|  |TAMS 0x0000000081600000, 0x0000000081600000| Untracked 
|  23|0x0000000081700000, 0x0000000081700000, 0x0000000081800000|  0%| F|  |TAMS 0x0000000081700000, 0x0000000081700000| Untracked 
|  24|0x0000000081800000, 0x0000000081800000, 0x0000000081900000|  0%| F|  |TAMS 0x0000000081800000, 0x0000000081800000| Untracked 
|  25|0x0000000081900000, 0x0000000081900000, 0x0000000081a00000|  0%| F|  |TAMS 0x0000000081900000, 0x0000000081900000| Untracked 
|  26|0x0000000081a00000, 0x0000000081a00000, 0x0000000081b00000|  0%| F|  |TAMS 0x0000000081a00000, 0x0000000081a00000| Untracked 
|  27|0x0000000081b00000, 0x0000000081b00000, 0x0000000081c00000|  0%| F|  |TAMS 0x0000000081b00000, 0x0000000081b00000| Untracked 
|  28|0x0000000081c00000, 0x0000000081c00000, 0x0000000081d00000|  0%| F|  |TAMS 0x0000000081c00000, 0x0000000081c00000| Untracked 
|  29|0x0000000081d00000, 0x0000000081d00000, 0x0000000081e00000|  0%| F|  |TAMS 0x0000000081d00000, 0x0000000081d00000| Untracked 
|  30|0x0000000081e00000, 0x0000000081e00000, 0x0000000081f00000|  0%| F|  |TAMS 0x0000000081e00000, 0x0000000081e00000| Untracked 
|  31|0x0000000081f00000, 0x0000000081f00000, 0x0000000082000000|  0%| F|  |TAMS 0x0000000081f00000, 0x0000000081f00000| Untracked 
|  32|0x0000000082000000, 0x0000000082000000, 0x0000000082100000|  0%| F|  |TAMS 0x0000000082000000, 0x0000000082000000| Untracked 
|  33|0x0000000082100000, 0x0000000082100000, 0x0000000082200000|  0%| F|  |TAMS 0x0000000082100000, 0x0000000082100000| Untracked 
|  34|0x0000000082200000, 0x0000000082200000, 0x0000000082300000|  0%| F|  |TAMS 0x0000000082200000, 0x0000000082200000| Untracked 
|  35|0x0000000082300000, 0x0000000082300000, 0x0000000082400000|  0%| F|  |TAMS 0x0000000082300000, 0x0000000082300000| Untracked 
|  36|0x0000000082400000, 0x0000000082400000, 0x0000000082500000|  0%| F|  |TAMS 0x0000000082400000, 0x0000000082400000| Untracked 
|  37|0x0000000082500000, 0x0000000082500000, 0x0000000082600000|  0%| F|  |TAMS 0x0000000082500000, 0x0000000082500000| Untracked 
|  38|0x0000000082600000, 0x0000000082600000, 0x0000000082700000|  0%| F|  |TAMS 0x0000000082600000, 0x0000000082600000| Untracked 
|  39|0x0000000082700000, 0x0000000082700000, 0x0000000082800000|  0%| F|  |TAMS 0x0000000082700000, 0x0000000082700000| Untracked 
|  40|0x0000000082800000, 0x0000000082800000, 0x0000000082900000|  0%| F|  |TAMS 0x0000000082800000, 0x0000000082800000| Untracked 
|  41|0x0000000082900000, 0x0000000082900000, 0x0000000082a00000|  0%| F|  |TAMS 0x0000000082900000, 0x0000000082900000| Untracked 
|  42|0x0000000082a00000, 0x0000000082a00000, 0x0000000082b00000|  0%| F|  |TAMS 0x0000000082a00000, 0x0000000082a00000| Untracked 
|  43|0x0000000082b00000, 0x0000000082b00000, 0x0000000082c00000|  0%| F|  |TAMS 0x0000000082b00000, 0x0000000082b00000| Untracked 
|  44|0x0000000082c00000, 0x0000000082c00000, 0x0000000082d00000|  0%| F|  |TAMS 0x0000000082c00000, 0x0000000082c00000| Untracked 
|  45|0x0000000082d00000, 0x0000000082d00000, 0x0000000082e00000|  0%| F|  |TAMS 0x0000000082d00000, 0x0000000082d00000| Untracked 
|  46|0x0000000082e00000, 0x0000000082e00000, 0x0000000082f00000|  0%| F|  |TAMS 0x0000000082e00000, 0x0000000082e00000| Untracked 
|  47|0x0000000082f00000, 0x0000000082f00000, 0x0000000083000000|  0%| F|  |TAMS 0x0000000082f00000, 0x0000000082f00000| Untracked 
|  48|0x0000000083000000, 0x0000000083000000, 0x0000000083100000|  0%| F|  |TAMS 0x0000000083000000, 0x0000000083000000| Untracked 
|  49|0x0000000083100000, 0x0000000083100000, 0x0000000083200000|  0%| F|  |TAMS 0x0000000083100000, 0x0000000083100000| Untracked 
|  50|0x0000000083200000, 0x0000000083200000, 0x0000000083300000|  0%| F|  |TAMS 0x0000000083200000, 0x0000000083200000| Untracked 
|  51|0x0000000083300000, 0x0000000083300000, 0x0000000083400000|  0%| F|  |TAMS 0x0000000083300000, 0x0000000083300000| Untracked 
|  52|0x0000000083400000, 0x0000000083400000, 0x0000000083500000|  0%| F|  |TAMS 0x0000000083400000, 0x0000000083400000| Untracked 
|  53|0x0000000083500000, 0x0000000083500000, 0x0000000083600000|  0%| F|  |TAMS 0x0000000083500000, 0x0000000083500000| Untracked 
|  54|0x0000000083600000, 0x0000000083600000, 0x0000000083700000|  0%| F|  |TAMS 0x0000000083600000, 0x0000000083600000| Untracked 
|  55|0x0000000083700000, 0x0000000083700000, 0x0000000083800000|  0%| F|  |TAMS 0x0000000083700000, 0x0000000083700000| Untracked 
|  56|0x0000000083800000, 0x0000000083800000, 0x0000000083900000|  0%| F|  |TAMS 0x0000000083800000, 0x0000000083800000| Untracked 
|  57|0x0000000083900000, 0x0000000083900000, 0x0000000083a00000|  0%| F|  |TAMS 0x0000000083900000, 0x0000000083900000| Untracked 
|  58|0x0000000083a00000, 0x0000000083a00000, 0x0000000083b00000|  0%| F|  |TAMS 0x0000000083a00000, 0x0000000083a00000| Untracked 
|  59|0x0000000083b00000, 0x0000000083be6098, 0x0000000083c00000| 89%| S|CS|TAMS 0x0000000083b00000, 0x0000000083b00000| Complete 
|  60|0x0000000083c00000, 0x0000000083d00000, 0x0000000083d00000|100%| S|CS|TAMS 0x0000000083c00000, 0x0000000083c00000| Complete 
|  61|0x0000000083d00000, 0x0000000083e00000, 0x0000000083e00000|100%| S|CS|TAMS 0x0000000083d00000, 0x0000000083d00000| Complete 
|  62|0x0000000083e00000, 0x0000000083f00000, 0x0000000083f00000|100%| S|CS|TAMS 0x0000000083e00000, 0x0000000083e00000| Complete 
|  63|0x0000000083f00000, 0x0000000084000000, 0x0000000084000000|100%| S|CS|TAMS 0x0000000083f00000, 0x0000000083f00000| Complete 
|  64|0x0000000084000000, 0x0000000084000000, 0x0000000084100000|  0%| F|  |TAMS 0x0000000084000000, 0x0000000084000000| Untracked 
|  65|0x0000000084100000, 0x0000000084100000, 0x0000000084200000|  0%| F|  |TAMS 0x0000000084100000, 0x0000000084100000| Untracked 
|  66|0x0000000084200000, 0x0000000084200000, 0x0000000084300000|  0%| F|  |TAMS 0x0000000084200000, 0x0000000084200000| Untracked 
|  67|0x0000000084300000, 0x0000000084300000, 0x0000000084400000|  0%| F|  |TAMS 0x0000000084300000, 0x0000000084300000| Untracked 
|  68|0x0000000084400000, 0x0000000084400000, 0x0000000084500000|  0%| F|  |TAMS 0x0000000084400000, 0x0000000084400000| Untracked 
|  69|0x0000000084500000, 0x0000000084500000, 0x0000000084600000|  0%| F|  |TAMS 0x0000000084500000, 0x0000000084500000| Untracked 
|  70|0x0000000084600000, 0x0000000084600000, 0x0000000084700000|  0%| F|  |TAMS 0x0000000084600000, 0x0000000084600000| Untracked 
|  71|0x0000000084700000, 0x0000000084700000, 0x0000000084800000|  0%| F|  |TAMS 0x0000000084700000, 0x0000000084700000| Untracked 
|  72|0x0000000084800000, 0x0000000084900000, 0x0000000084900000|100%| S|CS|TAMS 0x0000000084800000, 0x0000000084800000| Complete 
|  73|0x0000000084900000, 0x0000000084a00000, 0x0000000084a00000|100%| S|CS|TAMS 0x0000000084900000, 0x0000000084900000| Complete 
|  74|0x0000000084a00000, 0x0000000084a00000, 0x0000000084b00000|  0%| F|  |TAMS 0x0000000084a00000, 0x0000000084a00000| Untracked 
|  75|0x0000000084b00000, 0x0000000084b00000, 0x0000000084c00000|  0%| F|  |TAMS 0x0000000084b00000, 0x0000000084b00000| Untracked 
|  76|0x0000000084c00000, 0x0000000084c00000, 0x0000000084d00000|  0%| F|  |TAMS 0x0000000084c00000, 0x0000000084c00000| Untracked 
|  77|0x0000000084d00000, 0x0000000084d00000, 0x0000000084e00000|  0%| F|  |TAMS 0x0000000084d00000, 0x0000000084d00000| Untracked 
|  78|0x0000000084e00000, 0x0000000084e00000, 0x0000000084f00000|  0%| F|  |TAMS 0x0000000084e00000, 0x0000000084e00000| Untracked 
|  79|0x0000000084f00000, 0x0000000084f00000, 0x0000000085000000|  0%| F|  |TAMS 0x0000000084f00000, 0x0000000084f00000| Untracked 
|  80|0x0000000085000000, 0x0000000085000000, 0x0000000085100000|  0%| F|  |TAMS 0x0000000085000000, 0x0000000085000000| Untracked 
|  81|0x0000000085100000, 0x0000000085100000, 0x0000000085200000|  0%| F|  |TAMS 0x0000000085100000, 0x0000000085100000| Untracked 
|  82|0x0000000085200000, 0x0000000085200000, 0x0000000085300000|  0%| F|  |TAMS 0x0000000085200000, 0x0000000085200000| Untracked 
|  83|0x0000000085300000, 0x0000000085300000, 0x0000000085400000|  0%| F|  |TAMS 0x0000000085300000, 0x0000000085300000| Untracked 
|  84|0x0000000085400000, 0x0000000085400000, 0x0000000085500000|  0%| F|  |TAMS 0x0000000085400000, 0x0000000085400000| Untracked 
|  85|0x0000000085500000, 0x0000000085500000, 0x0000000085600000|  0%| F|  |TAMS 0x0000000085500000, 0x0000000085500000| Untracked 
|  86|0x0000000085600000, 0x0000000085600000, 0x0000000085700000|  0%| F|  |TAMS 0x0000000085600000, 0x0000000085600000| Untracked 
|  87|0x0000000085700000, 0x0000000085700000, 0x0000000085800000|  0%| F|  |TAMS 0x0000000085700000, 0x0000000085700000| Untracked 
|  88|0x0000000085800000, 0x0000000085800000, 0x0000000085900000|  0%| F|  |TAMS 0x0000000085800000, 0x0000000085800000| Untracked 
|  89|0x0000000085900000, 0x0000000085900000, 0x0000000085a00000|  0%| F|  |TAMS 0x0000000085900000, 0x0000000085900000| Untracked 
|  90|0x0000000085a00000, 0x0000000085a00000, 0x0000000085b00000|  0%| F|  |TAMS 0x0000000085a00000, 0x0000000085a00000| Untracked 
|  91|0x0000000085b00000, 0x0000000085b00000, 0x0000000085c00000|  0%| F|  |TAMS 0x0000000085b00000, 0x0000000085b00000| Untracked 
|  92|0x0000000085c00000, 0x0000000085c00000, 0x0000000085d00000|  0%| F|  |TAMS 0x0000000085c00000, 0x0000000085c00000| Untracked 
|  93|0x0000000085d00000, 0x0000000085d00000, 0x0000000085e00000|  0%| F|  |TAMS 0x0000000085d00000, 0x0000000085d00000| Untracked 
|  94|0x0000000085e00000, 0x0000000085e00000, 0x0000000085f00000|  0%| F|  |TAMS 0x0000000085e00000, 0x0000000085e00000| Untracked 
|  95|0x0000000085f00000, 0x0000000085f00000, 0x0000000086000000|  0%| F|  |TAMS 0x0000000085f00000, 0x0000000085f00000| Untracked 
|  96|0x0000000086000000, 0x0000000086000000, 0x0000000086100000|  0%| F|  |TAMS 0x0000000086000000, 0x0000000086000000| Untracked 
|  97|0x0000000086100000, 0x0000000086100000, 0x0000000086200000|  0%| F|  |TAMS 0x0000000086100000, 0x0000000086100000| Untracked 
|  98|0x0000000086200000, 0x0000000086200000, 0x0000000086300000|  0%| F|  |TAMS 0x0000000086200000, 0x0000000086200000| Untracked 
|  99|0x0000000086300000, 0x0000000086300000, 0x0000000086400000|  0%| F|  |TAMS 0x0000000086300000, 0x0000000086300000| Untracked 
| 100|0x0000000086400000, 0x0000000086400000, 0x0000000086500000|  0%| F|  |TAMS 0x0000000086400000, 0x0000000086400000| Untracked 
| 101|0x0000000086500000, 0x0000000086500000, 0x0000000086600000|  0%| F|  |TAMS 0x0000000086500000, 0x0000000086500000| Untracked 
| 102|0x0000000086600000, 0x0000000086600000, 0x0000000086700000|  0%| F|  |TAMS 0x0000000086600000, 0x0000000086600000| Untracked 
| 103|0x0000000086700000, 0x0000000086700000, 0x0000000086800000|  0%| F|  |TAMS 0x0000000086700000, 0x0000000086700000| Untracked 
| 104|0x0000000086800000, 0x0000000086800000, 0x0000000086900000|  0%| F|  |TAMS 0x0000000086800000, 0x0000000086800000| Untracked 
| 105|0x0000000086900000, 0x0000000086900000, 0x0000000086a00000|  0%| F|  |TAMS 0x0000000086900000, 0x0000000086900000| Untracked 
| 106|0x0000000086a00000, 0x0000000086a00000, 0x0000000086b00000|  0%| F|  |TAMS 0x0000000086a00000, 0x0000000086a00000| Untracked 
| 107|0x0000000086b00000, 0x0000000086b00000, 0x0000000086c00000|  0%| F|  |TAMS 0x0000000086b00000, 0x0000000086b00000| Untracked 
| 108|0x0000000086c00000, 0x0000000086c00000, 0x0000000086d00000|  0%| F|  |TAMS 0x0000000086c00000, 0x0000000086c00000| Untracked 
| 109|0x0000000086d00000, 0x0000000086d00000, 0x0000000086e00000|  0%| F|  |TAMS 0x0000000086d00000, 0x0000000086d00000| Untracked 
| 110|0x0000000086e00000, 0x0000000086e00000, 0x0000000086f00000|  0%| F|  |TAMS 0x0000000086e00000, 0x0000000086e00000| Untracked 
| 111|0x0000000086f00000, 0x0000000086f00000, 0x0000000087000000|  0%| F|  |TAMS 0x0000000086f00000, 0x0000000086f00000| Untracked 
| 112|0x0000000087000000, 0x0000000087000000, 0x0000000087100000|  0%| F|  |TAMS 0x0000000087000000, 0x0000000087000000| Untracked 
| 113|0x0000000087100000, 0x0000000087100000, 0x0000000087200000|  0%| F|  |TAMS 0x0000000087100000, 0x0000000087100000| Untracked 
| 114|0x0000000087200000, 0x0000000087200000, 0x0000000087300000|  0%| F|  |TAMS 0x0000000087200000, 0x0000000087200000| Untracked 
| 115|0x0000000087300000, 0x0000000087300000, 0x0000000087400000|  0%| F|  |TAMS 0x0000000087300000, 0x0000000087300000| Untracked 
| 116|0x0000000087400000, 0x0000000087400000, 0x0000000087500000|  0%| F|  |TAMS 0x0000000087400000, 0x0000000087400000| Untracked 
| 117|0x0000000087500000, 0x0000000087500000, 0x0000000087600000|  0%| F|  |TAMS 0x0000000087500000, 0x0000000087500000| Untracked 
| 118|0x0000000087600000, 0x0000000087600000, 0x0000000087700000|  0%| F|  |TAMS 0x0000000087600000, 0x0000000087600000| Untracked 
| 119|0x0000000087700000, 0x0000000087700000, 0x0000000087800000|  0%| F|  |TAMS 0x0000000087700000, 0x0000000087700000| Untracked 
| 120|0x0000000087800000, 0x0000000087800000, 0x0000000087900000|  0%| F|  |TAMS 0x0000000087800000, 0x0000000087800000| Untracked 
| 121|0x0000000087900000, 0x0000000087900000, 0x0000000087a00000|  0%| F|  |TAMS 0x0000000087900000, 0x0000000087900000| Untracked 
| 122|0x0000000087a00000, 0x0000000087a00000, 0x0000000087b00000|  0%| F|  |TAMS 0x0000000087a00000, 0x0000000087a00000| Untracked 
| 123|0x0000000087b00000, 0x0000000087b00000, 0x0000000087c00000|  0%| F|  |TAMS 0x0000000087b00000, 0x0000000087b00000| Untracked 
| 124|0x0000000087c00000, 0x0000000087c00000, 0x0000000087d00000|  0%| F|  |TAMS 0x0000000087c00000, 0x0000000087c00000| Untracked 
| 125|0x0000000087d00000, 0x0000000087d00000, 0x0000000087e00000|  0%| F|  |TAMS 0x0000000087d00000, 0x0000000087d00000| Untracked 
| 126|0x0000000087e00000, 0x0000000087e00000, 0x0000000087f00000|  0%| F|  |TAMS 0x0000000087e00000, 0x0000000087e00000| Untracked 
| 127|0x0000000087f00000, 0x0000000087f00000, 0x0000000088000000|  0%| F|  |TAMS 0x0000000087f00000, 0x0000000087f00000| Untracked 
| 128|0x0000000088000000, 0x0000000088000000, 0x0000000088100000|  0%| F|  |TAMS 0x0000000088000000, 0x0000000088000000| Untracked 
| 129|0x0000000088100000, 0x0000000088100000, 0x0000000088200000|  0%| F|  |TAMS 0x0000000088100000, 0x0000000088100000| Untracked 
| 130|0x0000000088200000, 0x0000000088200000, 0x0000000088300000|  0%| F|  |TAMS 0x0000000088200000, 0x0000000088200000| Untracked 
| 131|0x0000000088300000, 0x0000000088300000, 0x0000000088400000|  0%| F|  |TAMS 0x0000000088300000, 0x0000000088300000| Untracked 
| 132|0x0000000088400000, 0x0000000088400000, 0x0000000088500000|  0%| F|  |TAMS 0x0000000088400000, 0x0000000088400000| Untracked 
| 133|0x0000000088500000, 0x0000000088500000, 0x0000000088600000|  0%| F|  |TAMS 0x0000000088500000, 0x0000000088500000| Untracked 
| 134|0x0000000088600000, 0x0000000088600000, 0x0000000088700000|  0%| F|  |TAMS 0x0000000088600000, 0x0000000088600000| Untracked 
| 135|0x0000000088700000, 0x0000000088700000, 0x0000000088800000|  0%| F|  |TAMS 0x0000000088700000, 0x0000000088700000| Untracked 
| 136|0x0000000088800000, 0x0000000088800000, 0x0000000088900000|  0%| F|  |TAMS 0x0000000088800000, 0x0000000088800000| Untracked 
| 137|0x0000000088900000, 0x0000000088900000, 0x0000000088a00000|  0%| F|  |TAMS 0x0000000088900000, 0x0000000088900000| Untracked 
| 138|0x0000000088a00000, 0x0000000088a00000, 0x0000000088b00000|  0%| F|  |TAMS 0x0000000088a00000, 0x0000000088a00000| Untracked 
| 139|0x0000000088b00000, 0x0000000088b00000, 0x0000000088c00000|  0%| F|  |TAMS 0x0000000088b00000, 0x0000000088b00000| Untracked 
| 140|0x0000000088c00000, 0x0000000088c00000, 0x0000000088d00000|  0%| F|  |TAMS 0x0000000088c00000, 0x0000000088c00000| Untracked 
| 141|0x0000000088d00000, 0x0000000088d00000, 0x0000000088e00000|  0%| F|  |TAMS 0x0000000088d00000, 0x0000000088d00000| Untracked 
| 142|0x0000000088e00000, 0x0000000088e00000, 0x0000000088f00000|  0%| F|  |TAMS 0x0000000088e00000, 0x0000000088e00000| Untracked 
| 143|0x0000000088f00000, 0x0000000088f00000, 0x0000000089000000|  0%| F|  |TAMS 0x0000000088f00000, 0x0000000088f00000| Untracked 
| 144|0x0000000089000000, 0x0000000089000000, 0x0000000089100000|  0%| F|  |TAMS 0x0000000089000000, 0x0000000089000000| Untracked 
| 145|0x0000000089100000, 0x0000000089100000, 0x0000000089200000|  0%| F|  |TAMS 0x0000000089100000, 0x0000000089100000| Untracked 
| 146|0x0000000089200000, 0x0000000089200000, 0x0000000089300000|  0%| F|  |TAMS 0x0000000089200000, 0x0000000089200000| Untracked 
| 147|0x0000000089300000, 0x0000000089300000, 0x0000000089400000|  0%| F|  |TAMS 0x0000000089300000, 0x0000000089300000| Untracked 
| 148|0x0000000089400000, 0x0000000089400000, 0x0000000089500000|  0%| F|  |TAMS 0x0000000089400000, 0x0000000089400000| Untracked 
| 149|0x0000000089500000, 0x0000000089500000, 0x0000000089600000|  0%| F|  |TAMS 0x0000000089500000, 0x0000000089500000| Untracked 
| 150|0x0000000089600000, 0x0000000089600000, 0x0000000089700000|  0%| F|  |TAMS 0x0000000089600000, 0x0000000089600000| Untracked 
| 151|0x0000000089700000, 0x0000000089700000, 0x0000000089800000|  0%| F|  |TAMS 0x0000000089700000, 0x0000000089700000| Untracked 
| 152|0x0000000089800000, 0x0000000089800000, 0x0000000089900000|  0%| F|  |TAMS 0x0000000089800000, 0x0000000089800000| Untracked 
| 153|0x0000000089900000, 0x0000000089900000, 0x0000000089a00000|  0%| F|  |TAMS 0x0000000089900000, 0x0000000089900000| Untracked 

Card table byte_map: [0x000001cd4f200000,0x000001cd4f600000] _byte_map_base: 0x000001cd4ee00000

Marking Bits (Prev, Next): (CMBitMap*) 0x000001cd383827c0, (CMBitMap*) 0x000001cd38382788
 Prev Bits: [0x000001cd51a00000, 0x000001cd53a00000)
 Next Bits: [0x000001cd4fa00000, 0x000001cd51a00000)

Polling page: 0x000001cd369d0000

Metaspace:

Usage:
  Non-class:     30.19 MB capacity,    29.80 MB ( 99%) used,   347.33 KB (  1%) free+waste,    57.25 KB ( <1%) overhead. 
      Class:      3.67 MB capacity,     3.45 MB ( 94%) used,   200.67 KB (  5%) free+waste,    24.63 KB ( <1%) overhead. 
       Both:     33.86 MB capacity,    33.24 MB ( 98%) used,   548.00 KB (  2%) free+waste,    81.88 KB ( <1%) overhead. 

Virtual space:
  Non-class space:       32.00 MB reserved,      30.25 MB ( 95%) committed 
      Class space:        1.00 GB reserved,       3.75 MB ( <1%) committed 
             Both:        1.03 GB reserved,      34.00 MB (  3%) committed 

Chunk freelists:
   Non-Class:  7.50 KB
       Class:  2.63 KB
        Both:  10.13 KB

CodeHeap 'non-profiled nmethods': size=120064Kb used=3127Kb max_used=3127Kb free=116936Kb
 bounds [0x000001cd474c0000, 0x000001cd477d0000, 0x000001cd4ea00000]
CodeHeap 'profiled nmethods': size=120000Kb used=13334Kb max_used=13334Kb free=106666Kb
 bounds [0x000001cd3ff90000, 0x000001cd40ca0000, 0x000001cd474c0000]
CodeHeap 'non-nmethods': size=5696Kb used=1164Kb max_used=1198Kb free=4531Kb
 bounds [0x000001cd3fa00000, 0x000001cd3fc70000, 0x000001cd3ff90000]
 total_blobs=6281 nmethods=5787 adapters=405
 compilation: enabled
              stopped_count=0, restarted_count=0
 full_count=0

Compilation events (10 events):
Event: 13.321 Thread 0x000001cd55de2000 5806       1       org.apache.maven.artifact.DefaultArtifact::getDependencyFilter (5 bytes)
Event: 13.321 Thread 0x000001cd55de2000 nmethod 5806 0x000001cd477cda90 code [0x000001cd477cdc20, 0x000001cd477cdcd8]
Event: 13.321 Thread 0x000001cd55de2000 5807       3       org.apache.maven.artifact.DefaultArtifact::getDependencyConflictId (37 bytes)
Event: 13.322 Thread 0x000001cd55de2000 nmethod 5807 0x000001cd40c93d10 code [0x000001cd40c93f60, 0x000001cd40c94718]
Event: 13.335 Thread 0x000001cd55de2000 5808       3       org.eclipse.sisu.plexus.LazyPlexusBean::getKey (5 bytes)
Event: 13.336 Thread 0x000001cd55de2000 nmethod 5808 0x000001cd40c94a10 code [0x000001cd40c94be0, 0x000001cd40c94f68]
Event: 13.349 Thread 0x000001cd55de2000 5809       3       org.apache.maven.model.DependencyManagement::<init> (5 bytes)
Event: 13.349 Thread 0x000001cd55de2000 nmethod 5809 0x000001cd40c95090 code [0x000001cd40c95220, 0x000001cd40c95378]
Event: 13.372 Thread 0x000001cd55de2000 5810       3       org.apache.maven.bridge.MavenRepositorySystem::createArtifactX (17 bytes)
Event: 13.372 Thread 0x000001cd55de2000 nmethod 5810 0x000001cd40c95410 code [0x000001cd40c955c0, 0x000001cd40c95708]

GC Heap History (10 events):
Event: 1.707 GC heap after
{Heap after GC invocations=4 (full 0):
 garbage-first heap   total 131072K, used 4489K [0x0000000080000000, 0x0000000100000000)
  region size 1024K, 2 young (2048K), 2 survivors (2048K)
 Metaspace       used 14679K, capacity 14934K, committed 15232K, reserved 1062912K
  class space    used 1501K, capacity 1596K, committed 1664K, reserved 1048576K
}
Event: 2.423 GC heap before
{Heap before GC invocations=4 (full 0):
 garbage-first heap   total 131072K, used 28041K [0x0000000080000000, 0x0000000100000000)
  region size 1024K, 26 young (26624K), 2 survivors (2048K)
 Metaspace       used 18534K, capacity 18851K, committed 19072K, reserved 1067008K
  class space    used 2021K, capacity 2152K, committed 2176K, reserved 1048576K
}
Event: 2.433 GC heap after
{Heap after GC invocations=5 (full 0):
 garbage-first heap   total 157696K, used 5955K [0x0000000080000000, 0x0000000100000000)
  region size 1024K, 3 young (3072K), 3 survivors (3072K)
 Metaspace       used 18534K, capacity 18851K, committed 19072K, reserved 1067008K
  class space    used 2021K, capacity 2152K, committed 2176K, reserved 1048576K
}
Event: 3.626 GC heap before
{Heap before GC invocations=5 (full 0):
 garbage-first heap   total 157696K, used 29507K [0x0000000080000000, 0x0000000100000000)
  region size 1024K, 27 young (27648K), 3 survivors (3072K)
 Metaspace       used 20834K, capacity 21111K, committed 21248K, reserved 1069056K
  class space    used 2203K, capacity 2296K, committed 2304K, reserved 1048576K
}
Event: 3.640 GC heap after
{Heap after GC invocations=6 (full 0):
 garbage-first heap   total 157696K, used 8659K [0x0000000080000000, 0x0000000100000000)
  region size 1024K, 6 young (6144K), 6 survivors (6144K)
 Metaspace       used 20834K, capacity 21111K, committed 21248K, reserved 1069056K
  class space    used 2203K, capacity 2296K, committed 2304K, reserved 1048576K
}
Event: 7.636 GC heap before
{Heap before GC invocations=7 (full 0):
 garbage-first heap   total 157696K, used 94675K [0x0000000080000000, 0x0000000100000000)
  region size 1024K, 90 young (92160K), 6 survivors (6144K)
 Metaspace       used 22652K, capacity 23031K, committed 23296K, reserved 1071104K
  class space    used 2314K, capacity 2441K, committed 2560K, reserved 1048576K
}
Event: 7.663 GC heap after
{Heap after GC invocations=8 (full 0):
 garbage-first heap   total 157696K, used 13422K [0x0000000080000000, 0x0000000100000000)
  region size 1024K, 10 young (10240K), 10 survivors (10240K)
 Metaspace       used 22652K, capacity 23031K, committed 23296K, reserved 1071104K
  class space    used 2314K, capacity 2441K, committed 2560K, reserved 1048576K
}
Event: 10.887 GC heap before
{Heap before GC invocations=8 (full 0):
 garbage-first heap   total 157696K, used 96366K [0x0000000080000000, 0x0000000100000000)
  region size 1024K, 92 young (94208K), 10 survivors (10240K)
 Metaspace       used 32775K, capacity 33451K, committed 33664K, reserved 1079296K
  class space    used 3433K, capacity 3649K, committed 3712K, reserved 1048576K
}
Event: 10.932 GC heap after
{Heap after GC invocations=9 (full 0):
 garbage-first heap   total 157696K, used 25391K [0x0000000080000000, 0x0000000100000000)
  region size 1024K, 12 young (12288K), 12 survivors (12288K)
 Metaspace       used 32775K, capacity 33451K, committed 33664K, reserved 1079296K
  class space    used 3433K, capacity 3649K, committed 3712K, reserved 1048576K
}
Event: 13.444 GC heap before
{Heap before GC invocations=9 (full 0):
 garbage-first heap   total 157696K, used 107311K [0x0000000080000000, 0x0000000100000000)
  region size 1024K, 92 young (94208K), 12 survivors (12288K)
 Metaspace       used 34041K, capacity 34671K, committed 34816K, reserved 1081344K
  class space    used 3529K, capacity 3755K, committed 3840K, reserved 1048576K
}

Deoptimization events (10 events):
Event: 12.662 Thread 0x000001cd38346000 Uncommon trap: reason=class_check action=maybe_recompile pc=0x000001cd4772d8d4 method=java.lang.Throwable.<init>(Ljava/lang/String;Ljava/lang/Throwable;)V @ 24 c2
Event: 12.662 Thread 0x000001cd38346000 Uncommon trap: reason=class_check action=maybe_recompile pc=0x000001cd4772d8d4 method=java.lang.Throwable.<init>(Ljava/lang/String;Ljava/lang/Throwable;)V @ 24 c2
Event: 12.691 Thread 0x000001cd38346000 Uncommon trap: reason=unstable_if action=reinterpret pc=0x000001cd475743a0 method=com.google.inject.internal.MoreTypes.canonicalize(Ljava/lang/reflect/Type;)Ljava/lang/reflect/Type; @ 16 c2
Event: 12.691 Thread 0x000001cd38346000 Uncommon trap: reason=class_check action=maybe_recompile pc=0x000001cd47575e74 method=com.google.inject.internal.MoreTypes.getRawType(Ljava/lang/reflect/Type;)Ljava/lang/Class; @ 13 c2
Event: 12.692 Thread 0x000001cd38346000 Uncommon trap: reason=class_check action=maybe_recompile pc=0x000001cd47575e74 method=com.google.inject.internal.MoreTypes.getRawType(Ljava/lang/reflect/Type;)Ljava/lang/Class; @ 13 c2
Event: 12.692 Thread 0x000001cd38346000 Uncommon trap: reason=class_check action=maybe_recompile pc=0x000001cd47575e74 method=com.google.inject.internal.MoreTypes.getRawType(Ljava/lang/reflect/Type;)Ljava/lang/Class; @ 13 c2
Event: 12.717 Thread 0x000001cd38346000 Uncommon trap: reason=class_check action=maybe_recompile pc=0x000001cd47575e74 method=com.google.inject.internal.MoreTypes.getRawType(Ljava/lang/reflect/Type;)Ljava/lang/Class; @ 13 c2
Event: 12.758 Thread 0x000001cd38346000 Uncommon trap: reason=unstable_if action=reinterpret pc=0x000001cd476d4c54 method=org.codehaus.plexus.classworlds.realm.Entry.matches(Ljava/lang/String;)Z @ 20 c2
Event: 12.821 Thread 0x000001cd5864d000 Uncommon trap: reason=unstable_if action=reinterpret pc=0x000001cd4772bde8 method=jdk.internal.org.objectweb.asm.Type.getArgumentsAndReturnSizes(Ljava/lang/String;)I @ 136 c2
Event: 13.100 Thread 0x000001cd5870c800 Uncommon trap: reason=unstable_if action=reinterpret pc=0x000001cd47773170 method=java.util.concurrent.locks.AbstractQueuedSynchronizer.doReleaseShared()V @ 6 c2

Classes redefined (0 events):
No events

Internal exceptions (10 events):
Event: 11.656 Thread 0x000001cd38346000 Exception <a 'sun/nio/fs/WindowsException'{0x0000000087909a10}> (0x0000000087909a10) thrown at [./open/src/hotspot/share/prims/jni.cpp, line 611]
Event: 11.656 Thread 0x000001cd38346000 Exception <a 'sun/nio/fs/WindowsException'{0x0000000087909e90}> (0x0000000087909e90) thrown at [./open/src/hotspot/share/prims/jni.cpp, line 611]
Event: 11.657 Thread 0x000001cd38346000 Exception <a 'sun/nio/fs/WindowsException'{0x000000008790abe8}> (0x000000008790abe8) thrown at [./open/src/hotspot/share/prims/jni.cpp, line 611]
Event: 11.657 Thread 0x000001cd38346000 Exception <a 'sun/nio/fs/WindowsException'{0x000000008790b038}> (0x000000008790b038) thrown at [./open/src/hotspot/share/prims/jni.cpp, line 611]
Event: 11.657 Thread 0x000001cd38346000 Exception <a 'sun/nio/fs/WindowsException'{0x000000008790bd78}> (0x000000008790bd78) thrown at [./open/src/hotspot/share/prims/jni.cpp, line 611]
Event: 11.657 Thread 0x000001cd38346000 Exception <a 'sun/nio/fs/WindowsException'{0x000000008790c198}> (0x000000008790c198) thrown at [./open/src/hotspot/share/prims/jni.cpp, line 611]
Event: 11.657 Thread 0x000001cd38346000 Exception <a 'sun/nio/fs/WindowsException'{0x000000008790ced0}> (0x000000008790ced0) thrown at [./open/src/hotspot/share/prims/jni.cpp, line 611]
Event: 12.722 Thread 0x000001cd38346000 Exception <a 'java/lang/NoSuchMethodError'{0x0000000085fe8e88}: org.apache.maven.execution.MavenExecutionRequest.getFailureBehavior()Ljava/lang/String;> (0x0000000085fe8e88) thrown at [./open/src/hotspot/share/interpreter/linkResolver.cpp, line 864]
Event: 12.822 Thread 0x000001cd5864d000 Exception <a 'java/lang/NoSuchMethodError'{0x0000000085d89b58}: java.lang.invoke.DirectMethodHandle$Holder.invokeStaticInit(Ljava/lang/Object;Ljava/lang/Object;JLjava/lang/Object;)Ljava/lang/Object;> (0x0000000085d89b58) thrown at [./open/src/hotspot/shar
Event: 12.824 Thread 0x000001cd5864d000 Exception <a 'java/lang/NoSuchMethodError'{0x0000000085d95c78}: java.lang.invoke.Invokers$Holder.linkToTargetMethod(Ljava/lang/Object;JLjava/lang/Object;)Ljava/lang/Object;> (0x0000000085d95c78) thrown at [./open/src/hotspot/share/interpreter/linkResolver

Events (10 events):
Event: 13.104 loading class org/apache/maven/model/Model done
Event: 13.104 loading class org/apache/maven/model/Model
Event: 13.104 loading class org/apache/maven/model/Model done
Event: 13.104 loading class org/apache/maven/surefire/util/internal/ImmutableMap
Event: 13.104 loading class org/apache/maven/surefire/util/internal/ImmutableMap done
Event: 13.104 loading class org/apache/maven/surefire/util/internal/ImmutableMap
Event: 13.104 loading class org/apache/maven/surefire/util/internal/ImmutableMap done
Event: 13.373 Thread 0x000001cd5a641800 Thread added: 0x000001cd5a641800
Event: 13.373 Thread 0x000001cd5a642800 Thread added: 0x000001cd5a642800
Event: 13.444 Executing VM operation: G1CollectForAllocation


Dynamic libraries:
0x00007ff657f20000 - 0x00007ff657f2f000 	C:\Program Files\Java\jdk-11.0.16\bin\java.exe
0x00007ff9b41b0000 - 0x00007ff9b43a8000 	C:\Windows\SYSTEM32\ntdll.dll
0x00007ff9b2c10000 - 0x00007ff9b2ccd000 	C:\Windows\System32\KERNEL32.DLL
0x00007ff9b1c20000 - 0x00007ff9b1ef2000 	C:\Windows\System32\KERNELBASE.dll
0x00007ff9b20e0000 - 0x00007ff9b21e0000 	C:\Windows\System32\ucrtbase.dll
0x00007ff999410000 - 0x00007ff999425000 	C:\Program Files\Java\jdk-11.0.16\bin\VCRUNTIME140.dll
0x00007ff99c8d0000 - 0x00007ff99c8e8000 	C:\Program Files\Java\jdk-11.0.16\bin\jli.dll
0x00007ff9b35f0000 - 0x00007ff9b369e000 	C:\Windows\System32\ADVAPI32.dll
0x00007ff9b2a90000 - 0x00007ff9b2b2e000 	C:\Windows\System32\msvcrt.dll
0x00007ff9b3a40000 - 0x00007ff9b3adc000 	C:\Windows\System32\sechost.dll
0x00007ff9b3f50000 - 0x00007ff9b4075000 	C:\Windows\System32\RPCRT4.dll
0x00007ff9b38a0000 - 0x00007ff9b3a3d000 	C:\Windows\System32\USER32.dll
0x00007ff9b21e0000 - 0x00007ff9b2202000 	C:\Windows\System32\win32u.dll
0x00007ff9b4140000 - 0x00007ff9b416b000 	C:\Windows\System32\GDI32.dll
0x00007ff9b19b0000 - 0x00007ff9b1abf000 	C:\Windows\System32\gdi32full.dll
0x00007ff9b1910000 - 0x00007ff9b19ad000 	C:\Windows\System32\msvcp_win.dll
0x00007ff9928a0000 - 0x00007ff992b3a000 	C:\Windows\WinSxS\amd64_microsoft.windows.common-controls_6595b64144ccf1df_6.0.19041.1110_none_60b5254171f9507e\COMCTL32.dll
0x00007ff9a93e0000 - 0x00007ff9a93ea000 	C:\Windows\SYSTEM32\VERSION.dll
0x00007ff9b32b0000 - 0x00007ff9b32e0000 	C:\Windows\System32\IMM32.DLL
0x00007ff998c60000 - 0x00007ff998cfb000 	C:\Program Files\Java\jdk-11.0.16\bin\msvcp140.dll
0x00007ff965810000 - 0x00007ff966328000 	C:\Program Files\Java\jdk-11.0.16\bin\server\jvm.dll
0x00007ff9b2210000 - 0x00007ff9b2218000 	C:\Windows\System32\PSAPI.DLL
0x00007ff9a4e90000 - 0x00007ff9a4e99000 	C:\Windows\SYSTEM32\WSOCK32.dll
0x00007ff9b2e80000 - 0x00007ff9b2eeb000 	C:\Windows\System32\WS2_32.dll
0x00007ff98bee0000 - 0x00007ff98bf07000 	C:\Windows\SYSTEM32\WINMM.dll
0x00007ff9af760000 - 0x00007ff9af772000 	C:\Windows\SYSTEM32\kernel.appcore.dll
0x00007ff999400000 - 0x00007ff999410000 	C:\Program Files\Java\jdk-11.0.16\bin\verify.dll
0x00007ff9a52d0000 - 0x00007ff9a54b4000 	C:\Windows\SYSTEM32\DBGHELP.DLL
0x00007ff9a59d0000 - 0x00007ff9a59fc000 	C:\Windows\SYSTEM32\dbgcore.DLL
0x00007ff9b1f00000 - 0x00007ff9b1f82000 	C:\Windows\System32\bcryptPrimitives.dll
0x00007ff9a20f0000 - 0x00007ff9a2118000 	C:\Program Files\Java\jdk-11.0.16\bin\java.dll
0x00007ff9a1e40000 - 0x00007ff9a1e4a000 	C:\Program Files\Java\jdk-11.0.16\bin\jimage.dll
0x00007ff9a5620000 - 0x00007ff9a562e000 	C:\Program Files\Java\jdk-11.0.16\bin\instrument.dll
0x00007ff999440000 - 0x00007ff999456000 	C:\Program Files\Java\jdk-11.0.16\bin\zip.dll
0x00007ff9b2340000 - 0x00007ff9b2a83000 	C:\Windows\System32\SHELL32.dll
0x00007ff9af960000 - 0x00007ff9b00f1000 	C:\Windows\SYSTEM32\windows.storage.dll
0x00007ff9b2ef0000 - 0x00007ff9b3244000 	C:\Windows\System32\combase.dll
0x00007ff9b1160000 - 0x00007ff9b1190000 	C:\Windows\SYSTEM32\Wldp.dll
0x00007ff9b3390000 - 0x00007ff9b343d000 	C:\Windows\System32\SHCORE.dll
0x00007ff9b40e0000 - 0x00007ff9b4135000 	C:\Windows\System32\shlwapi.dll
0x00007ff9b1800000 - 0x00007ff9b181f000 	C:\Windows\SYSTEM32\profapi.dll
0x00007ff9993e0000 - 0x00007ff9993f9000 	C:\Program Files\Java\jdk-11.0.16\bin\net.dll
0x00007ff9a9f20000 - 0x00007ff9aa02d000 	C:\Windows\SYSTEM32\WINHTTP.dll
0x00007ff9b0f40000 - 0x00007ff9b0faa000 	C:\Windows\system32\mswsock.dll
0x00007ff999370000 - 0x00007ff999382000 	C:\Program Files\Java\jdk-11.0.16\bin\nio.dll
0x00007ff999ba0000 - 0x00007ff999bba000 	C:\Program Files\JetBrains\IntelliJ IDEA Community Edition 2022.2.1\bin\breakgen64.dll
0x00007ff9b11a0000 - 0x00007ff9b11b8000 	C:\Windows\SYSTEM32\CRYPTSP.dll
0x00007ff9b0880000 - 0x00007ff9b08b4000 	C:\Windows\system32\rsaenh.dll
0x00007ff9b1f90000 - 0x00007ff9b1fb7000 	C:\Windows\System32\bcrypt.dll
0x00007ff9b1780000 - 0x00007ff9b17ae000 	C:\Windows\SYSTEM32\USERENV.dll
0x00007ff9b10d0000 - 0x00007ff9b10dc000 	C:\Windows\SYSTEM32\CRYPTBASE.dll
0x00007ff9b0c50000 - 0x00007ff9b0c8b000 	C:\Windows\SYSTEM32\IPHLPAPI.DLL
0x00007ff9b3880000 - 0x00007ff9b3888000 	C:\Windows\System32\NSI.dll
0x00007ff9aa2a0000 - 0x00007ff9aa2b7000 	C:\Windows\SYSTEM32\dhcpcsvc6.DLL
0x00007ff9aa130000 - 0x00007ff9aa14d000 	C:\Windows\SYSTEM32\dhcpcsvc.DLL
0x00007ff9b0c90000 - 0x00007ff9b0d5a000 	C:\Windows\SYSTEM32\DNSAPI.dll
0x00007ff999b90000 - 0x00007ff999b9a000 	C:\Users\sfjbs\AppData\Local\Temp\jansi-1.17.1-5236582566151249010.dll
0x00007ff999b80000 - 0x00007ff999b8a000 	C:\Users\sfjbs\AppData\Local\Temp\jansi-1.17.1-11310843562702067512.dll

dbghelp: loaded successfully - version: 4.0.5 - missing functions: none
symbol engine: initialized successfully - sym options: 0x614 - pdb path: .;C:\Program Files\Java\jdk-11.0.16\bin;C:\Windows\SYSTEM32;C:\Windows\WinSxS\amd64_microsoft.windows.common-controls_6595b64144ccf1df_6.0.19041.1110_none_60b5254171f9507e;C:\Program Files\Java\jdk-11.0.16\bin\server;C:\Program Files\JetBrains\IntelliJ IDEA Community Edition 2022.2.1\bin;C:\Users\sfjbs\AppData\Local\Temp

VM Arguments:
jvm_args: -Dmaven.multiModuleProjectDirectory=C:\Users\sfjbs\IdeaProjects\oct31training\usha\mini project pension management\pension-management-usha -Dmaven.home=C:\Program Files\JetBrains\IntelliJ IDEA Community Edition 2022.2.1\plugins\maven\lib\maven3 -Dclassworlds.conf=C:\Program Files\JetBrains\IntelliJ IDEA Community Edition 2022.2.1\plugins\maven\lib\maven3\bin\m2.conf -Dmaven.ext.class.path=C:\Program Files\JetBrains\IntelliJ IDEA Community Edition 2022.2.1\plugins\maven\lib\maven-event-listener.jar -javaagent:C:\Program Files\JetBrains\IntelliJ IDEA Community Edition 2022.2.1\lib\idea_rt.jar=57826:C:\Program Files\JetBrains\IntelliJ IDEA Community Edition 2022.2.1\bin -Dfile.encoding=UTF-8 
java_command: org.codehaus.classworlds.Launcher -Didea.version=2022.2.1 clean install
java_class_path (initial): C:\Program Files\JetBrains\IntelliJ IDEA Community Edition 2022.2.1\plugins\maven\lib\maven3\boot\plexus-classworlds-2.6.0.jar;C:\Program Files\JetBrains\IntelliJ IDEA Community Edition 2022.2.1\plugins\maven\lib\maven3\boot\plexus-classworlds.license
Launcher Type: SUN_STANDARD

[Global flags]
     intx CICompilerCount                          = 2                                         {product} {ergonomic}
     uint ConcGCThreads                            = 1                                         {product} {ergonomic}
     uint G1ConcRefinementThreads                  = 2                                         {product} {ergonomic}
   size_t G1HeapRegionSize                         = 1048576                                   {product} {ergonomic}
    uintx GCDrainStackTargetSize                   = 64                                        {product} {ergonomic}
   size_t InitialHeapSize                          = 134217728                                 {product} {ergonomic}
   size_t MarkStackSize                            = 4194304                                   {product} {ergonomic}
   size_t MaxHeapSize                              = 2147483648                                {product} {ergonomic}
   size_t MaxNewSize                               = 1287651328                                {product} {ergonomic}
   size_t MinHeapDeltaBytes                        = 1048576                                   {product} {ergonomic}
    uintx NonNMethodCodeHeapSize                   = 5825164                                {pd product} {ergonomic}
    uintx NonProfiledCodeHeapSize                  = 122916538                              {pd product} {ergonomic}
    uintx ProfiledCodeHeapSize                     = 122916538                              {pd product} {ergonomic}
    uintx ReservedCodeCacheSize                    = 251658240                              {pd product} {ergonomic}
     bool SegmentedCodeCache                       = true                                      {product} {ergonomic}
     bool UseCompressedClassPointers               = true                                 {lp64_product} {ergonomic}
     bool UseCompressedOops                        = true                                 {lp64_product} {ergonomic}
     bool UseG1GC                                  = true                                      {product} {ergonomic}
     bool UseLargePagesIndividualAllocation        = false                                  {pd product} {ergonomic}

Logging:
Log output configuration:
 #0: stdout all=warning uptime,level,tags
 #1: stderr all=off uptime,level,tags

Environment Variables:
PATH=C:\Program Files\Common Files\Oracle\Java\javapath;C:\Windows\system32;C:\Windows;C:\Windows\System32\Wbem;C:\Windows\System32\WindowsPowerShell\v1.0\;C:\Windows\System32\OpenSSH\;C:\Users\sfjbs\Downloads\micro service-20221021T071039Z-001\micro service\apache-maven-3.8.5-bin\apache-maven-3.8.5\bin;C:\Users\sfjbs\Downloads\micro service-20221021T071039Z-001\micro service\apache-maven-3.8.5-bin\apache-maven-3.8.5\lib;C:\Program Files\Git\cmd;C:\Program Files\Docker\Docker\resources\bin;C:\Users\sfjbs\AppData\Local\Microsoft\WindowsApps;C:\Users\sfjbs\Downloads\micro service-20221021T071039Z-001\micro service\apache-maven-3.8.5-bin\apache-maven-3.8.5\bin;C:\Users\sfjbs\Downloads\micro service-20221021T071039Z-001\micro service\apache-maven-3.8.5-bin\apache-maven-3.8.5\lib;;C:\Program Files\JetBrains\IntelliJ IDEA Community Edition 2022.2.1\bin;
USERNAME=sfjbs
OS=Windows_NT
PROCESSOR_IDENTIFIER=Intel64 Family 6 Model 106 Stepping 6, GenuineIntel



---------------  S Y S T E M  ---------------

OS: Windows 10 , 64 bit Build 19041 (10.0.19041.1889)
Hyper-V role detected

CPU:total 2 (initial active 2) (1 cores per cpu, 2 threads per core) family 6 model 106 stepping 6 microcode 0xffffffff, cmov, cx8, fxsr, mmx, sse, sse2, sse3, ssse3, sse4.1, sse4.2, popcnt, avx, avx2, aes, clmul, erms, rtm, 3dnowpref, lzcnt, ht, tsc, bmi1, bmi2, adx, evex, fma

Memory: 4k page, system-wide physical 8190M (703M free)
TotalPageFile size 10238M (AvailPageFile size 32M)
current process WorkingSet (physical memory assigned to process): 251M, peak: 252M
current process commit charge ("private bytes"): 304M, peak: 341M

vm_info: Java HotSpot(TM) 64-Bit Server VM (11.0.16+11-LTS-199) for windows-amd64 JRE (11.0.16+11-LTS-199), built on Jun 28 2022 08:23:17 by "mach5one" with MS VC++ 15.9 (VS2017)

END.
