#
# There is insufficient memory for the Java Runtime Environment to continue.
# Native memory allocation (mmap) failed to map 134217728 bytes for Failed to commit area from 0x0000000080000000 to 0x0000000088000000 of length 134217728.
# Possible reasons:
#   The system is out of physical RAM or swap space
#   The process is running with CompressedOops enabled, and the Java Heap may be blocking the growth of the native heap
# Possible solutions:
#   Reduce memory load on the system
#   Increase physical memory or swap space
#   Check if swap backing store is full
#   Decrease Java heap size (-Xmx/-Xms)
#   Decrease number of Java threads
#   Decrease Java thread stack sizes (-Xss)
#   Set larger code cache with -XX:ReservedCodeCacheSize=
# This output file may be truncated or incomplete.
#
#  Out of Memory Error (./open/src/hotspot/os/windows/os_windows.cpp:3287), pid=6464, tid=4780
#
# JRE version:  (11.0.16+11) (build )
# Java VM: Java HotSpot(TM) 64-Bit Server VM (11.0.16+11-LTS-199, mixed mode, sharing, tiered, compressed oops, g1 gc, windows-amd64)
# No core dump will be written. Minidumps are not enabled by default on client versions of Windows
#

---------------  S U M M A R Y ------------

Command Line: -Xverify:none -XX:TieredStopAtLevel=1 com.example.demo.PensionManagementSystemApplication

Host: Intel(R) Xeon(R) Platinum 8272CL CPU @ 2.60GHz, 2 cores, 7G,  Windows 10 , 64 bit Build 19041 (10.0.19041.1889)
Time: Mon Nov 14 08:01:25 2022 Coordinated Universal Time elapsed time: 0.025328 seconds (0d 0h 0m 0s)

---------------  T H R E A D  ---------------

Current thread (0x000001ea58bdf800):  JavaThread "Unknown thread" [_thread_in_vm, id=4780, stack(0x000000bb4ea00000,0x000000bb4eb00000)]

Stack: [0x000000bb4ea00000,0x000000bb4eb00000]
Native frames: (J=compiled Java code, j=interpreted, Vv=VM code, C=native code)
V  [jvm.dll+0x62a3ea]
V  [jvm.dll+0x76418f]
V  [jvm.dll+0x765839]
V  [jvm.dll+0x765ec3]
V  [jvm.dll+0x23da98]
V  [jvm.dll+0x62770a]
V  [jvm.dll+0x61c475]
V  [jvm.dll+0x2f2aac]
V  [jvm.dll+0x2f2932]
V  [jvm.dll+0x2f7656]
V  [jvm.dll+0x33a1cf]
V  [jvm.dll+0x339c00]
V  [jvm.dll+0x2d00c8]
V  [jvm.dll+0x2d1236]
V  [jvm.dll+0x73e757]
V  [jvm.dll+0x73ffef]
V  [jvm.dll+0x346ef9]
V  [jvm.dll+0x723f90]
V  [jvm.dll+0x3b5adf]
V  [jvm.dll+0x3b7bf1]
C  [jli.dll+0x5207]
C  [ucrtbase.dll+0x21bb2]
C  [KERNEL32.DLL+0x17034]
C  [ntdll.dll+0x526a1]


---------------  P R O C E S S  ---------------

Threads class SMR info:
_java_thread_list=0x000001ea569871c0, length=0, elements={
}

Java Threads: ( => current thread )

Other Threads:
  0x000001ea58bf5800 GCTaskThread "GC Thread#0" [stack: 0x000000bb4eb00000,0x000000bb4ec00000] [id=11516]
  0x000001ea58c26000 ConcurrentGCThread "G1 Main Marker" [stack: 0x000000bb4ec00000,0x000000bb4ed00000] [id=2064]
  0x000001ea58c27800 ConcurrentGCThread "G1 Conc#0" [stack: 0x000000bb4ed00000,0x000000bb4ee00000] [id=11744]

[error occurred during error reporting (printing all threads), id 0xc0000005, EXCEPTION_ACCESS_VIOLATION (0xc0000005) at pc=0x00007fff0aaaf357]

VM state:not at safepoint (not fully initialized)

VM Mutex/Monitor currently owned by a thread:  ([mutex/lock_event])
[0x000001ea58bdadb0] Heap_lock - owner thread: 0x000001ea58bdf800

Heap address: 0x0000000080000000, size: 2048 MB, Compressed Oops mode: Non-zero based: 0x0000000080000000
Narrow klass base: 0x0000000000000000, Narrow klass shift: 0

GC Heap History (0 events):
No events

Deoptimization events (0 events):
No events

Classes redefined (0 events):
No events

Internal exceptions (0 events):
No events

Events (0 events):
No events


Dynamic libraries:
0x00007ff7c2c10000 - 0x00007ff7c2c1f000 	C:\Program Files\Java\jdk-11.0.16\bin\java.exe
0x00007fff3d110000 - 0x00007fff3d308000 	C:\Windows\SYSTEM32\ntdll.dll
0x00007fff3cc50000 - 0x00007fff3cd0d000 	C:\Windows\System32\KERNEL32.DLL
0x00007fff3aa00000 - 0x00007fff3acd2000 	C:\Windows\System32\KERNELBASE.dll
0x00007fff3ad80000 - 0x00007fff3ae80000 	C:\Windows\System32\ucrtbase.dll
0x00007fff28d20000 - 0x00007fff28d38000 	C:\Program Files\Java\jdk-11.0.16\bin\jli.dll
0x00007fff3b170000 - 0x00007fff3b21e000 	C:\Windows\System32\ADVAPI32.dll
0x00007fff3b640000 - 0x00007fff3b6de000 	C:\Windows\System32\msvcrt.dll
0x00007fff3cd90000 - 0x00007fff3ce2c000 	C:\Windows\System32\sechost.dll
0x00007fff3c280000 - 0x00007fff3c3a5000 	C:\Windows\System32\RPCRT4.dll
0x00007fff3c3b0000 - 0x00007fff3c54d000 	C:\Windows\System32\USER32.dll
0x00007fff3aef0000 - 0x00007fff3af12000 	C:\Windows\System32\win32u.dll
0x00007fff3c130000 - 0x00007fff3c15b000 	C:\Windows\System32\GDI32.dll
0x00007fff3b060000 - 0x00007fff3b16f000 	C:\Windows\System32\gdi32full.dll
0x00007fff3ace0000 - 0x00007fff3ad7d000 	C:\Windows\System32\msvcp_win.dll
0x00007fff28d00000 - 0x00007fff28d15000 	C:\Program Files\Java\jdk-11.0.16\bin\VCRUNTIME140.dll
0x00007fff1bb50000 - 0x00007fff1bdea000 	C:\Windows\WinSxS\amd64_microsoft.windows.common-controls_6595b64144ccf1df_6.0.19041.1110_none_60b5254171f9507e\COMCTL32.dll
0x00007fff32ac0000 - 0x00007fff32aca000 	C:\Windows\SYSTEM32\VERSION.dll
0x00007fff3c240000 - 0x00007fff3c270000 	C:\Windows\System32\IMM32.DLL
0x00007fff26ec0000 - 0x00007fff26f5b000 	C:\Program Files\Java\jdk-11.0.16\bin\msvcp140.dll
0x00007fff0a7d0000 - 0x00007fff0b2e8000 	C:\Program Files\Java\jdk-11.0.16\bin\server\jvm.dll
0x00007fff3c160000 - 0x00007fff3c168000 	C:\Windows\System32\PSAPI.DLL
0x00007ffef2100000 - 0x00007ffef2109000 	C:\Windows\SYSTEM32\WSOCK32.dll
0x00007fff3c550000 - 0x00007fff3c5bb000 	C:\Windows\System32\WS2_32.dll
0x00007fff18550000 - 0x00007fff18577000 	C:\Windows\SYSTEM32\WINMM.dll
0x00007fff386c0000 - 0x00007fff386d2000 	C:\Windows\SYSTEM32\kernel.appcore.dll
0x00007fff318c0000 - 0x00007fff318d0000 	C:\Program Files\Java\jdk-11.0.16\bin\verify.dll
0x00007fff2d8d0000 - 0x00007fff2dab4000 	C:\Windows\SYSTEM32\DBGHELP.DLL
0x00007fff2d8a0000 - 0x00007fff2d8cc000 	C:\Windows\SYSTEM32\dbgcore.DLL
0x00007fff3af20000 - 0x00007fff3afa2000 	C:\Windows\System32\bcryptPrimitives.dll
0x00007fff20f20000 - 0x00007fff20f48000 	C:\Program Files\Java\jdk-11.0.16\bin\java.dll
0x00007fff29280000 - 0x00007fff2928a000 	C:\Program Files\Java\jdk-11.0.16\bin\jimage.dll
0x00007fff26ea0000 - 0x00007fff26eb6000 	C:\Program Files\Java\jdk-11.0.16\bin\zip.dll

dbghelp: loaded successfully - version: 4.0.5 - missing functions: none
symbol engine: initialized successfully - sym options: 0x614 - pdb path: .;C:\Program Files\Java\jdk-11.0.16\bin;C:\Windows\SYSTEM32;C:\Windows\WinSxS\amd64_microsoft.windows.common-controls_6595b64144ccf1df_6.0.19041.1110_none_60b5254171f9507e;C:\Program Files\Java\jdk-11.0.16\bin\server

VM Arguments:
jvm_args: -Xverify:none -XX:TieredStopAtLevel=1 
java_command: com.example.demo.PensionManagementSystemApplication
java_class_path (initial): C:\Users\sfjbs\IdeaProjects\oct31training\Akhila\Pension-Management-System1\target\classes;C:\Users\sfjbs\.m2\repository\org\springframework\boot\spring-boot\2.7.5\spring-boot-2.7.5.jar;C:\Users\sfjbs\.m2\repository\org\springframework\boot\spring-boot-autoconfigure\2.7.5\spring-boot-autoconfigure-2.7.5.jar;C:\Users\sfjbs\.m2\repository\ch\qos\logback\logback-classic\1.2.11\logback-classic-1.2.11.jar;C:\Users\sfjbs\.m2\repository\ch\qos\logback\logback-core\1.2.11\logback-core-1.2.11.jar;C:\Users\sfjbs\.m2\repository\org\apache\logging\log4j\log4j-to-slf4j\2.17.2\log4j-to-slf4j-2.17.2.jar;C:\Users\sfjbs\.m2\repository\org\apache\logging\log4j\log4j-api\2.17.2\log4j-api-2.17.2.jar;C:\Users\sfjbs\.m2\repository\org\slf4j\jul-to-slf4j\1.7.36\jul-to-slf4j-1.7.36.jar;C:\Users\sfjbs\.m2\repository\jakarta\annotation\jakarta.annotation-api\1.3.5\jakarta.annotation-api-1.3.5.jar;C:\Users\sfjbs\.m2\repository\org\yaml\snakeyaml\1.30\snakeyaml-1.30.jar;C:\Users\sfjbs\.m2\repository\com\fasterxml\jackson\core\jackson-databind\2.13.4.2\jackson-databind-2.13.4.2.jar;C:\Users\sfjbs\.m2\repository\com\fasterxml\jackson\core\jackson-annotations\2.13.4\jackson-annotations-2.13.4.jar;C:\Users\sfjbs\.m2\repository\com\fasterxml\jackson\core\jackson-core\2.13.4\jackson-core-2.13.4.jar;C:\Users\sfjbs\.m2\repository\com\fasterxml\jackson\datatype\jackson-datatype-jdk8\2.13.4\jackson-datatype-jdk8-2.13.4.jar;C:\Users\sfjbs\.m2\repository\com\fasterxml\jackson\datatype\jackson-datatype-jsr310\2.13.4\jackson-datatype-jsr310-2.13.4.jar;C:\Users\sfjbs\.m2\repository\com\fasterxml\jackson\module\jackson-module-parameter-names\2.13.4\jackson-module-parameter-names-2.13.4.jar;C:\Users\sfjbs\.m2\repository\org\apache\tomcat\embed\tomcat-embed-core\9.0.68\tomcat-embed-core-9.0.68.jar;C:\Users\sfjbs\.m2\repository\org\apache\tomcat\embed\tomcat-embed-el\9.0.68\tomcat-embed-el-9.0.68.jar;C:\Users\sfjbs\.m2\repository\org\apache\tomcat\embed\tomcat-embed-websocket\9.0.68\
Launcher Type: SUN_STANDARD

[Global flags]
     bool BytecodeVerificationLocal                = false                                     {product} {command line}
     bool BytecodeVerificationRemote               = false                                     {product} {command line}
     intx CICompilerCount                          = 2                                         {product} {ergonomic}
     uint ConcGCThreads                            = 1                                         {product} {ergonomic}
     uint G1ConcRefinementThreads                  = 2                                         {product} {ergonomic}
   size_t G1HeapRegionSize                         = 1048576                                   {product} {ergonomic}
    uintx GCDrainStackTargetSize                   = 64                                        {product} {ergonomic}
   size_t InitialHeapSize                          = 134217728                                 {product} {ergonomic}
   size_t MarkStackSize                            = 4194304                                   {product} {ergonomic}
   size_t MaxHeapSize                              = 2147483648                                {product} {ergonomic}
   size_t MinHeapDeltaBytes                        = 1048576                                   {product} {ergonomic}
    uintx NonNMethodCodeHeapSize                   = 6396312                                {pd product} {ergonomic}
    uintx NonProfiledCodeHeapSize                  = 245261928                              {pd product} {ergonomic}
    uintx ProfiledCodeHeapSize                     = 0                                      {pd product} {ergonomic}
    uintx ReservedCodeCacheSize                    = 251658240                              {pd product} {ergonomic}
     bool SegmentedCodeCache                       = true                                      {product} {ergonomic}
     intx TieredStopAtLevel                        = 1                                         {product} {command line}
     bool UseCompressedClassPointers               = true                                 {lp64_product} {ergonomic}
     bool UseCompressedOops                        = true                                 {lp64_product} {ergonomic}
     bool UseG1GC                                  = true                                      {product} {ergonomic}
     bool UseLargePagesIndividualAllocation        = false                                  {pd product} {ergonomic}

Logging:
Log output configuration:
 #0: stdout all=warning uptime,level,tags
 #1: stderr all=off uptime,level,tags

Environment Variables:
PATH=C:\Program Files\Common Files\Oracle\Java\javapath;C:\Windows\system32;C:\Windows;C:\Windows\System32\Wbem;C:\Windows\System32\WindowsPowerShell\v1.0\;C:\Windows\System32\OpenSSH\;C:\Users\sfjbs\Downloads\micro service-20221021T071039Z-001\micro service\apache-maven-3.8.5-bin\apache-maven-3.8.5\bin;C:\Users\sfjbs\Downloads\micro service-20221021T071039Z-001\micro service\apache-maven-3.8.5-bin\apache-maven-3.8.5\lib;C:\Program Files\Git\cmd;C:\Program Files\Docker\Docker\resources\bin;C:\Users\sfjbs\AppData\Local\Microsoft\WindowsApps;C:\Users\sfjbs\Downloads\micro service-20221021T071039Z-001\micro service\apache-maven-3.8.5-bin\apache-maven-3.8.5\bin;C:\Users\sfjbs\Downloads\micro service-20221021T071039Z-001\micro service\apache-maven-3.8.5-bin\apache-maven-3.8.5\lib;;C:\Program Files\JetBrains\IntelliJ IDEA Community Edition 2022.2.1\bin;
USERNAME=sfjbs
OS=Windows_NT
PROCESSOR_IDENTIFIER=Intel64 Family 6 Model 85 Stepping 7, GenuineIntel



---------------  S Y S T E M  ---------------

OS: Windows 10 , 64 bit Build 19041 (10.0.19041.1889)
Hyper-V role detected

CPU:total 2 (initial active 2) (1 cores per cpu, 2 threads per core) family 6 model 85 stepping 7 microcode 0xffffffff, cmov, cx8, fxsr, mmx, sse, sse2, sse3, ssse3, sse4.1, sse4.2, popcnt, avx, avx2, aes, clmul, erms, rtm, 3dnowpref, lzcnt, ht, tsc, bmi1, bmi2, adx, evex, fma

Memory: 4k page, system-wide physical 8190M (704M free)
TotalPageFile size 10238M (AvailPageFile size 124M)
current process WorkingSet (physical memory assigned to process): 9M, peak: 9M
current process commit charge ("private bytes"): 45M, peak: 173M

vm_info: Java HotSpot(TM) 64-Bit Server VM (11.0.16+11-LTS-199) for windows-amd64 JRE (11.0.16+11-LTS-199), built on Jun 28 2022 08:23:17 by "mach5one" with MS VC++ 15.9 (VS2017)

END.
