#
# There is insufficient memory for the Java Runtime Environment to continue.
# Native memory allocation (malloc) failed to allocate 32744 bytes for ChunkPool::allocate
# Possible reasons:
#   The system is out of physical RAM or swap space
#   The process is running with CompressedOops enabled, and the Java Heap may be blocking the growth of the native heap
# Possible solutions:
#   Reduce memory load on the system
#   Increase physical memory or swap space
#   Check if swap backing store is full
#   Decrease Java heap size (-Xmx/-Xms)
#   Decrease number of Java threads
#   Decrease Java thread stack sizes (-Xss)
#   Set larger code cache with -XX:ReservedCodeCacheSize=
#   JVM is running with Unscaled Compressed Oops mode in which the Java heap is
#     placed in the first 4GB address space. The Java Heap base address is the
#     maximum limit for the native heap growth. Please use -XX:HeapBaseMinAddress
#     to set the Java Heap base and to place the Java Heap above 4GB virtual address.
# This output file may be truncated or incomplete.
#
#  Out of Memory Error (./open/src/hotspot/share/memory/arena.cpp:81), pid=4888, tid=4972
#
# JRE version: Java(TM) SE Runtime Environment 18.9 (11.0.16+11) (build 11.0.16+11-LTS-199)
# Java VM: Java HotSpot(TM) 64-Bit Server VM 18.9 (11.0.16+11-LTS-199, mixed mode, tiered, compressed oops, g1 gc, windows-amd64)
# No core dump will be written. Minidumps are not enabled by default on client versions of Windows
#

---------------  S U M M A R Y ------------

Command Line: -Xverify:none -XX:TieredStopAtLevel=1 com.example.demo.PensionManagementSystemApplication

Host: Intel(R) Xeon(R) Platinum 8272CL CPU @ 2.60GHz, 2 cores, 7G,  Windows 10 , 64 bit Build 19041 (10.0.19041.1889)
Time: Tue Nov 15 02:59:14 2022 Coordinated Universal Time elapsed time: 34.498216 seconds (0d 0h 0m 34s)

---------------  T H R E A D  ---------------

Current thread (0x00000255e916f800):  JavaThread "main" [_thread_in_vm, id=4972, stack(0x0000006a43500000,0x0000006a43600000)]

Stack: [0x0000006a43500000,0x0000006a43600000]
Native frames: (J=compiled Java code, j=interpreted, Vv=VM code, C=native code)
V  [jvm.dll+0x62a3ea]
V  [jvm.dll+0x76418f]
V  [jvm.dll+0x765839]
V  [jvm.dll+0x765ec3]
V  [jvm.dll+0x23da98]
V  [jvm.dll+0xb2c7b]
V  [jvm.dll+0xb2fdc]
V  [jvm.dll+0x244e49]
V  [jvm.dll+0x244476]
V  [jvm.dll+0x1b4599]
V  [jvm.dll+0x1b3b9d]
V  [jvm.dll+0x503702]
V  [jvm.dll+0x6ffca9]
V  [jvm.dll+0x3dcb1f]
V  [jvm.dll+0x3e2d8b]
C  [java.dll+0x19c8]

Java frames: (J=compiled Java code, j=interpreted, Vv=VM code)
J 1090  java.lang.ClassLoader.defineClass1(Ljava/lang/ClassLoader;Ljava/lang/String;[BIILjava/security/ProtectionDomain;Ljava/lang/String;)Ljava/lang/Class; java.base@11.0.16 (0 bytes) @ 0x00000255f0fc05fb [0x00000255f0fc0540+0x00000000000000bb]
J 995 c1 java.lang.ClassLoader.defineClass(Ljava/lang/String;[BIILjava/security/ProtectionDomain;)Ljava/lang/Class; java.base@11.0.16 (43 bytes) @ 0x00000255f0f9f4dc [0x00000255f0f9f3e0+0x00000000000000fc]
J 725 c1 jdk.internal.loader.BuiltinClassLoader.defineClass(Ljava/lang/String;Ljdk/internal/loader/Resource;)Ljava/lang/Class; java.base@11.0.16 (121 bytes) @ 0x00000255f0f426ec [0x00000255f0f421a0+0x000000000000054c]
J 708 c1 jdk.internal.loader.BuiltinClassLoader.findClassOnClassPathOrNull(Ljava/lang/String;)Ljava/lang/Class; java.base@11.0.16 (64 bytes) @ 0x00000255f0f380c4 [0x00000255f0f38000+0x00000000000000c4]
J 520 c1 jdk.internal.loader.BuiltinClassLoader.loadClassOrNull(Ljava/lang/String;Z)Ljava/lang/Class; java.base@11.0.16 (143 bytes) @ 0x00000255f0eeb72c [0x00000255f0eeb280+0x00000000000004ac]
J 616 c1 jdk.internal.loader.ClassLoaders$AppClassLoader.loadClass(Ljava/lang/String;Z)Ljava/lang/Class; java.base@11.0.16 (40 bytes) @ 0x00000255f0f154c4 [0x00000255f0f15380+0x0000000000000144]
J 613 c1 java.lang.ClassLoader.loadClass(Ljava/lang/String;)Ljava/lang/Class; java.base@11.0.16 (7 bytes) @ 0x00000255f0f14964 [0x00000255f0f14920+0x0000000000000044]
v  ~StubRoutines::call_stub
J 1090  java.lang.ClassLoader.defineClass1(Ljava/lang/ClassLoader;Ljava/lang/String;[BIILjava/security/ProtectionDomain;Ljava/lang/String;)Ljava/lang/Class; java.base@11.0.16 (0 bytes) @ 0x00000255f0fc05fb [0x00000255f0fc0540+0x00000000000000bb]
J 995 c1 java.lang.ClassLoader.defineClass(Ljava/lang/String;[BIILjava/security/ProtectionDomain;)Ljava/lang/Class; java.base@11.0.16 (43 bytes) @ 0x00000255f0f9f4dc [0x00000255f0f9f3e0+0x00000000000000fc]
J 725 c1 jdk.internal.loader.BuiltinClassLoader.defineClass(Ljava/lang/String;Ljdk/internal/loader/Resource;)Ljava/lang/Class; java.base@11.0.16 (121 bytes) @ 0x00000255f0f426ec [0x00000255f0f421a0+0x000000000000054c]
J 708 c1 jdk.internal.loader.BuiltinClassLoader.findClassOnClassPathOrNull(Ljava/lang/String;)Ljava/lang/Class; java.base@11.0.16 (64 bytes) @ 0x00000255f0f380c4 [0x00000255f0f38000+0x00000000000000c4]
J 520 c1 jdk.internal.loader.BuiltinClassLoader.loadClassOrNull(Ljava/lang/String;Z)Ljava/lang/Class; java.base@11.0.16 (143 bytes) @ 0x00000255f0eeb72c [0x00000255f0eeb280+0x00000000000004ac]
J 616 c1 jdk.internal.loader.ClassLoaders$AppClassLoader.loadClass(Ljava/lang/String;Z)Ljava/lang/Class; java.base@11.0.16 (40 bytes) @ 0x00000255f0f154c4 [0x00000255f0f15380+0x0000000000000144]
J 613 c1 java.lang.ClassLoader.loadClass(Ljava/lang/String;)Ljava/lang/Class; java.base@11.0.16 (7 bytes) @ 0x00000255f0f14964 [0x00000255f0f14920+0x0000000000000044]
v  ~StubRoutines::call_stub
j  org.hibernate.internal.SessionFactoryImpl$SessionBuilderImpl.openSession()Lorg/hibernate/Session;+12
j  org.hibernate.internal.SessionFactoryImpl.buildEntityManager(Ljavax/persistence/SynchronizationType;Ljava/util/Map;)Lorg/hibernate/Session;+56
j  org.hibernate.internal.SessionFactoryImpl.createEntityManager()Lorg/hibernate/Session;+9
j  org.hibernate.internal.SessionFactoryImpl.createEntityManager()Ljavax/persistence/EntityManager;+1
v  ~StubRoutines::call_stub
J 2340  jdk.internal.reflect.NativeMethodAccessorImpl.invoke0(Ljava/lang/reflect/Method;Ljava/lang/Object;[Ljava/lang/Object;)Ljava/lang/Object; java.base@11.0.16 (0 bytes) @ 0x00000255f119063f [0x00000255f11905c0+0x000000000000007f]
J 2339 c1 jdk.internal.reflect.NativeMethodAccessorImpl.invoke(Ljava/lang/Object;[Ljava/lang/Object;)Ljava/lang/Object; java.base@11.0.16 (104 bytes) @ 0x00000255f118ff7c [0x00000255f118fc20+0x000000000000035c]
J 2166 c1 jdk.internal.reflect.DelegatingMethodAccessorImpl.invoke(Ljava/lang/Object;[Ljava/lang/Object;)Ljava/lang/Object; java.base@11.0.16 (10 bytes) @ 0x00000255f1149fe4 [0x00000255f1149fa0+0x0000000000000044]
J 1993 c1 java.lang.reflect.Method.invoke(Ljava/lang/Object;[Ljava/lang/Object;)Ljava/lang/Object; java.base@11.0.16 (65 bytes) @ 0x00000255f1100554 [0x00000255f1100460+0x00000000000000f4]
j  org.springframework.orm.jpa.AbstractEntityManagerFactoryBean.invokeProxyMethod(Ljava/lang/reflect/Method;[Ljava/lang/Object;)Ljava/lang/Object;+162
j  org.springframework.orm.jpa.AbstractEntityManagerFactoryBean$ManagedEntityManagerFactoryInvocationHandler.invoke(Ljava/lang/Object;Ljava/lang/reflect/Method;[Ljava/lang/Object;)Ljava/lang/Object;+182
j  com.sun.proxy.$Proxy94.createEntityManager()Ljavax/persistence/EntityManager;+9
j  org.springframework.orm.jpa.SharedEntityManagerCreator$SharedEntityManagerInvocationHandler.invoke(Ljava/lang/Object;Ljava/lang/reflect/Method;[Ljava/lang/Object;)Ljava/lang/Object;+747
j  com.sun.proxy.$Proxy98.getDelegate()Ljava/lang/Object;+9
j  org.springframework.data.jpa.provider.PersistenceProvider.fromEntityManager(Ljavax/persistence/EntityManager;)Lorg/springframework/data/jpa/provider/PersistenceProvider;+7
j  org.springframework.data.jpa.repository.support.JpaRepositoryFactory.<init>(Ljavax/persistence/EntityManager;)V+24
j  org.springframework.data.jpa.repository.support.JpaRepositoryFactoryBean.createRepositoryFactory(Ljavax/persistence/EntityManager;)Lorg/springframework/data/repository/core/support/RepositoryFactorySupport;+5
j  org.springframework.data.jpa.repository.support.JpaRepositoryFactoryBean.doCreateRepositoryFactory()Lorg/springframework/data/repository/core/support/RepositoryFactorySupport;+22
j  org.springframework.data.repository.core.support.TransactionalRepositoryFactoryBeanSupport.createRepositoryFactory()Lorg/springframework/data/repository/core/support/RepositoryFactorySupport;+1
j  org.springframework.data.repository.core.support.RepositoryFactoryBeanSupport.afterPropertiesSet()V+2
j  org.springframework.data.jpa.repository.support.JpaRepositoryFactoryBean.afterPropertiesSet()V+18
j  org.springframework.beans.factory.support.AbstractAutowireCapableBeanFactory.invokeInitMethods(Ljava/lang/String;Ljava/lang/Object;Lorg/springframework/beans/factory/support/RootBeanDefinition;)V+106
j  org.springframework.beans.factory.support.AbstractAutowireCapableBeanFactory.initializeBean(Ljava/lang/String;Ljava/lang/Object;Lorg/springframework/beans/factory/support/RootBeanDefinition;)Ljava/lang/Object;+59
j  org.springframework.beans.factory.support.AbstractAutowireCapableBeanFactory.doCreateBean(Ljava/lang/String;Lorg/springframework/beans/factory/support/RootBeanDefinition;[Ljava/lang/Object;)Ljava/lang/Object;+245
j  org.springframework.beans.factory.support.AbstractAutowireCapableBeanFactory.createBean(Ljava/lang/String;Lorg/springframework/beans/factory/support/RootBeanDefinition;[Ljava/lang/Object;)Ljava/lang/Object;+169
j  org.springframework.beans.factory.support.AbstractBeanFactory.lambda$doGetBean$0(Ljava/lang/String;Lorg/springframework/beans/factory/support/RootBeanDefinition;[Ljava/lang/Object;)Ljava/lang/Object;+4
j  org.springframework.beans.factory.support.AbstractBeanFactory$$Lambda$260.getObject()Ljava/lang/Object;+16
j  org.springframework.beans.factory.support.DefaultSingletonBeanRegistry.getSingleton(Ljava/lang/String;Lorg/springframework/beans/factory/ObjectFactory;)Ljava/lang/Object;+132
J 2665 c1 org.springframework.beans.factory.support.AbstractBeanFactory.doGetBean(Ljava/lang/String;Ljava/lang/Class;[Ljava/lang/Object;Z)Ljava/lang/Object; (832 bytes) @ 0x00000255f1216bbc [0x00000255f12165c0+0x00000000000005fc]
j  org.springframework.beans.factory.support.AbstractBeanFactory.getBean(Ljava/lang/String;)Ljava/lang/Object;+5
j  org.springframework.beans.factory.config.DependencyDescriptor.resolveCandidate(Ljava/lang/String;Ljava/lang/Class;Lorg/springframework/beans/factory/BeanFactory;)Ljava/lang/Object;+2
j  org.springframework.beans.factory.support.DefaultListableBeanFactory.doResolveDependency(Lorg/springframework/beans/factory/config/DependencyDescriptor;Ljava/lang/String;Ljava/util/Set;Lorg/springframework/beans/TypeConverter;)Ljava/lang/Object;+440
j  org.springframework.beans.factory.support.DefaultListableBeanFactory.resolveDependency(Lorg/springframework/beans/factory/config/DependencyDescriptor;Ljava/lang/String;Ljava/util/Set;Lorg/springframework/beans/TypeConverter;)Ljava/lang/Object;+108
j  org.springframework.beans.factory.annotation.AutowiredAnnotationBeanPostProcessor$AutowiredFieldElement.resolveFieldValue(Ljava/lang/reflect/Field;Ljava/lang/Object;Ljava/lang/String;)Ljava/lang/Object;+81
j  org.springframework.beans.factory.annotation.AutowiredAnnotationBeanPostProcessor$AutowiredFieldElement.inject(Ljava/lang/Object;Ljava/lang/String;Lorg/springframework/beans/PropertyValues;)V+53
j  org.springframework.beans.factory.annotation.InjectionMetadata.inject(Ljava/lang/Object;Ljava/lang/String;Lorg/springframework/beans/PropertyValues;)V+68
j  org.springframework.beans.factory.annotation.AutowiredAnnotationBeanPostProcessor.postProcessProperties(Lorg/springframework/beans/PropertyValues;Ljava/lang/Object;Ljava/lang/String;)Lorg/springframework/beans/PropertyValues;+17
j  org.springframework.beans.factory.support.AbstractAutowireCapableBeanFactory.populateBean(Ljava/lang/String;Lorg/springframework/beans/factory/support/RootBeanDefinition;Lorg/springframework/beans/BeanWrapper;)V+265
j  org.springframework.beans.factory.support.AbstractAutowireCapableBeanFactory.doCreateBean(Ljava/lang/String;Lorg/springframework/beans/factory/support/RootBeanDefinition;[Ljava/lang/Object;)Ljava/lang/Object;+237
j  org.springframework.beans.factory.support.AbstractAutowireCapableBeanFactory.createBean(Ljava/lang/String;Lorg/springframework/beans/factory/support/RootBeanDefinition;[Ljava/lang/Object;)Ljava/lang/Object;+169
j  org.springframework.beans.factory.support.AbstractBeanFactory.lambda$doGetBean$0(Ljava/lang/String;Lorg/springframework/beans/factory/support/RootBeanDefinition;[Ljava/lang/Object;)Ljava/lang/Object;+4
j  org.springframework.beans.factory.support.AbstractBeanFactory$$Lambda$260.getObject()Ljava/lang/Object;+16
j  org.springframework.beans.factory.support.DefaultSingletonBeanRegistry.getSingleton(Ljava/lang/String;Lorg/springframework/beans/factory/ObjectFactory;)Ljava/lang/Object;+132
J 2665 c1 org.springframework.beans.factory.support.AbstractBeanFactory.doGetBean(Ljava/lang/String;Ljava/lang/Class;[Ljava/lang/Object;Z)Ljava/lang/Object; (832 bytes) @ 0x00000255f1216bbc [0x00000255f12165c0+0x00000000000005fc]
j  org.springframework.beans.factory.support.AbstractBeanFactory.getBean(Ljava/lang/String;)Ljava/lang/Object;+5
j  org.springframework.beans.factory.support.DefaultListableBeanFactory.preInstantiateSingletons()V+248
j  org.springframework.context.support.AbstractApplicationContext.finishBeanFactoryInitialization(Lorg/springframework/beans/factory/config/ConfigurableListableBeanFactory;)V+124
j  org.springframework.context.support.AbstractApplicationContext.refresh()V+86
j  org.springframework.boot.web.servlet.context.ServletWebServerApplicationContext.refresh()V+1
j  org.springframework.boot.SpringApplication.refresh(Lorg/springframework/context/ConfigurableApplicationContext;)V+1
j  org.springframework.boot.SpringApplication.refreshContext(Lorg/springframework/context/ConfigurableApplicationContext;)V+16
j  org.springframework.boot.SpringApplication.run([Ljava/lang/String;)Lorg/springframework/context/ConfigurableApplicationContext;+107
j  org.springframework.boot.SpringApplication.run([Ljava/lang/Class;[Ljava/lang/String;)Lorg/springframework/context/ConfigurableApplicationContext;+9
j  org.springframework.boot.SpringApplication.run(Ljava/lang/Class;[Ljava/lang/String;)Lorg/springframework/context/ConfigurableApplicationContext;+9
j  com.example.demo.PensionManagementSystemApplication.main([Ljava/lang/String;)V+3
v  ~StubRoutines::call_stub

---------------  P R O C E S S  ---------------

Threads class SMR info:
_java_thread_list=0x0000025589486990, length=15, elements={
0x00000255e916f800, 0x00000255ffdc1800, 0x00000255ffdc2800, 0x0000025587043800,
0x00000255ffde6800, 0x00000255ffde7800, 0x00000255ffdea800, 0x00000255ffe0e800,
0x000002558713b000, 0x000002558916e800, 0x00000255876c2800, 0x0000025588f7e800,
0x0000025588fc2800, 0x00000255870de000, 0x00000255870df000
}

Java Threads: ( => current thread )
=>0x00000255e916f800 JavaThread "main" [_thread_in_vm, id=4972, stack(0x0000006a43500000,0x0000006a43600000)]
  0x00000255ffdc1800 JavaThread "Reference Handler" daemon [_thread_blocked, id=860, stack(0x0000006a43d00000,0x0000006a43e00000)]
  0x00000255ffdc2800 JavaThread "Finalizer" daemon [_thread_blocked, id=12140, stack(0x0000006a43e00000,0x0000006a43f00000)]
  0x0000025587043800 JavaThread "Signal Dispatcher" daemon [_thread_blocked, id=12176, stack(0x0000006a43f00000,0x0000006a44000000)]
  0x00000255ffde6800 JavaThread "Attach Listener" daemon [_thread_blocked, id=9636, stack(0x0000006a44000000,0x0000006a44100000)]
  0x00000255ffde7800 JavaThread "Service Thread" daemon [_thread_blocked, id=8336, stack(0x0000006a44100000,0x0000006a44200000)]
  0x00000255ffdea800 JavaThread "C1 CompilerThread0" daemon [_thread_blocked, id=2100, stack(0x0000006a44200000,0x0000006a44300000)]
  0x00000255ffe0e800 JavaThread "Sweeper thread" daemon [_thread_blocked, id=6616, stack(0x0000006a44300000,0x0000006a44400000)]
  0x000002558713b000 JavaThread "Common-Cleaner" daemon [_thread_blocked, id=5064, stack(0x0000006a44500000,0x0000006a44600000)]
  0x000002558916e800 JavaThread "Catalina-utility-1" [_thread_blocked, id=12420, stack(0x0000006a44700000,0x0000006a44800000)]
  0x00000255876c2800 JavaThread "Catalina-utility-2" [_thread_blocked, id=12424, stack(0x0000006a44800000,0x0000006a44900000)]
  0x0000025588f7e800 JavaThread "container-0" [_thread_blocked, id=13232, stack(0x0000006a44900000,0x0000006a44a00000)]
  0x0000025588fc2800 JavaThread "mysql-cj-abandoned-connection-cleanup" daemon [_thread_blocked, id=10448, stack(0x0000006a44a00000,0x0000006a44b00000)]
  0x00000255870de000 JavaThread "HikariPool-1 housekeeper" daemon [_thread_blocked, id=3720, stack(0x0000006a44c00000,0x0000006a44d00000)]
  0x00000255870df000 JavaThread "HikariPool-1 connection adder" daemon [_thread_in_native, id=1672, stack(0x0000006a44d00000,0x0000006a44e00000)]

Other Threads:
  0x00000255ffdc0000 VMThread "VM Thread" [stack: 0x0000006a43c00000,0x0000006a43d00000] [id=10244]
  0x0000025587136800 WatcherThread [stack: 0x0000006a44400000,0x0000006a44500000] [id=3732]
  0x00000255e9184800 GCTaskThread "GC Thread#0" [stack: 0x0000006a43700000,0x0000006a43800000] [id=12244]
  0x00000255873fa800 GCTaskThread "GC Thread#1" [stack: 0x0000006a44600000,0x0000006a44700000] [id=4104]
  0x00000255e91b5000 ConcurrentGCThread "G1 Main Marker" [stack: 0x0000006a43800000,0x0000006a43900000] [id=9904]
  0x00000255e91b6800 ConcurrentGCThread "G1 Conc#0" [stack: 0x0000006a43900000,0x0000006a43a00000] [id=2060]
  0x00000255e923e000 ConcurrentGCThread "G1 Refine#0" [stack: 0x0000006a43a00000,0x0000006a43b00000] [id=6536]
  0x00000255e923f000 ConcurrentGCThread "G1 Young RemSet Sampling" [stack: 0x0000006a43b00000,0x0000006a43c00000] [id=484]

Threads with active compile tasks:

VM state:not at safepoint (normal execution)

VM Mutex/Monitor currently owned by a thread: None

Heap address: 0x0000000080000000, size: 2048 MB, Compressed Oops mode: 32-bit
Narrow klass base: 0x0000000000000000, Narrow klass shift: 3
Compressed class space size: 1073741824 Address: 0x0000000100000000

Heap:
 garbage-first heap   total 157696K, used 42172K [0x0000000080000000, 0x0000000100000000)
  region size 1024K, 32 young (32768K), 9 survivors (9216K)
 Metaspace       used 51302K, capacity 52645K, committed 52892K, reserved 1101824K
  class space    used 6691K, capacity 7241K, committed 7244K, reserved 1048576K
Heap Regions: E=young(eden), S=young(survivor), O=old, HS=humongous(starts), HC=humongous(continues), CS=collection set, F=free, A=archive, TAMS=top-at-mark-start (previous, next)
|   0|0x0000000080000000, 0x0000000080100000, 0x0000000080100000|100%|HS|  |TAMS 0x0000000080100000, 0x0000000080000000| Complete 
|   1|0x0000000080100000, 0x0000000080200000, 0x0000000080200000|100%| O|  |TAMS 0x0000000080200000, 0x0000000080100000| Untracked 
|   2|0x0000000080200000, 0x0000000080300000, 0x0000000080300000|100%| O|  |TAMS 0x0000000080300000, 0x0000000080200000| Untracked 
|   3|0x0000000080300000, 0x0000000080400000, 0x0000000080400000|100%| O|  |TAMS 0x0000000080400000, 0x0000000080300000| Untracked 
|   4|0x0000000080400000, 0x0000000080500000, 0x0000000080500000|100%| O|  |TAMS 0x0000000080500000, 0x0000000080400000| Untracked 
|   5|0x0000000080500000, 0x0000000080600000, 0x0000000080600000|100%| O|  |TAMS 0x0000000080600000, 0x0000000080500000| Untracked 
|   6|0x0000000080600000, 0x0000000080700000, 0x0000000080700000|100%| O|  |TAMS 0x0000000080700000, 0x0000000080600000| Untracked 
|   7|0x0000000080700000, 0x0000000080800000, 0x0000000080800000|100%| O|  |TAMS 0x0000000080800000, 0x0000000080700000| Untracked 
|   8|0x0000000080800000, 0x0000000080900000, 0x0000000080900000|100%| O|  |TAMS 0x0000000080900000, 0x0000000080800000| Untracked 
|   9|0x0000000080900000, 0x0000000080a00000, 0x0000000080a00000|100%| O|  |TAMS 0x0000000080a00000, 0x0000000080900000| Untracked 
|  10|0x0000000080a00000, 0x0000000080a2f000, 0x0000000080b00000| 18%| O|  |TAMS 0x0000000080a2f000, 0x0000000080a00000| Untracked 
|  11|0x0000000080b00000, 0x0000000080b00000, 0x0000000080c00000|  0%| F|  |TAMS 0x0000000080b00000, 0x0000000080b00000| Untracked 
|  12|0x0000000080c00000, 0x0000000080c00000, 0x0000000080d00000|  0%| F|  |TAMS 0x0000000080c00000, 0x0000000080c00000| Untracked 
|  13|0x0000000080d00000, 0x0000000080d00000, 0x0000000080e00000|  0%| F|  |TAMS 0x0000000080d00000, 0x0000000080d00000| Untracked 
|  14|0x0000000080e00000, 0x0000000080e00000, 0x0000000080f00000|  0%| F|  |TAMS 0x0000000080e00000, 0x0000000080e00000| Untracked 
|  15|0x0000000080f00000, 0x0000000080f00000, 0x0000000081000000|  0%| F|  |TAMS 0x0000000080f00000, 0x0000000080f00000| Untracked 
|  16|0x0000000081000000, 0x0000000081000000, 0x0000000081100000|  0%| F|  |TAMS 0x0000000081000000, 0x0000000081000000| Untracked 
|  17|0x0000000081100000, 0x0000000081100000, 0x0000000081200000|  0%| F|  |TAMS 0x0000000081100000, 0x0000000081100000| Untracked 
|  18|0x0000000081200000, 0x0000000081200000, 0x0000000081300000|  0%| F|  |TAMS 0x0000000081200000, 0x0000000081200000| Untracked 
|  19|0x0000000081300000, 0x0000000081300000, 0x0000000081400000|  0%| F|  |TAMS 0x0000000081300000, 0x0000000081300000| Untracked 
|  20|0x0000000081400000, 0x0000000081400000, 0x0000000081500000|  0%| F|  |TAMS 0x0000000081400000, 0x0000000081400000| Untracked 
|  21|0x0000000081500000, 0x0000000081500000, 0x0000000081600000|  0%| F|  |TAMS 0x0000000081500000, 0x0000000081500000| Untracked 
|  22|0x0000000081600000, 0x0000000081600000, 0x0000000081700000|  0%| F|  |TAMS 0x0000000081600000, 0x0000000081600000| Untracked 
|  23|0x0000000081700000, 0x0000000081700000, 0x0000000081800000|  0%| F|  |TAMS 0x0000000081700000, 0x0000000081700000| Untracked 
|  24|0x0000000081800000, 0x0000000081800000, 0x0000000081900000|  0%| F|  |TAMS 0x0000000081800000, 0x0000000081800000| Untracked 
|  25|0x0000000081900000, 0x0000000081900000, 0x0000000081a00000|  0%| F|  |TAMS 0x0000000081900000, 0x0000000081900000| Untracked 
|  26|0x0000000081a00000, 0x0000000081a00000, 0x0000000081b00000|  0%| F|  |TAMS 0x0000000081a00000, 0x0000000081a00000| Untracked 
|  27|0x0000000081b00000, 0x0000000081b00000, 0x0000000081c00000|  0%| F|  |TAMS 0x0000000081b00000, 0x0000000081b00000| Untracked 
|  28|0x0000000081c00000, 0x0000000081c00000, 0x0000000081d00000|  0%| F|  |TAMS 0x0000000081c00000, 0x0000000081c00000| Untracked 
|  29|0x0000000081d00000, 0x0000000081d00000, 0x0000000081e00000|  0%| F|  |TAMS 0x0000000081d00000, 0x0000000081d00000| Untracked 
|  30|0x0000000081e00000, 0x0000000081e00000, 0x0000000081f00000|  0%| F|  |TAMS 0x0000000081e00000, 0x0000000081e00000| Untracked 
|  31|0x0000000081f00000, 0x0000000081f00000, 0x0000000082000000|  0%| F|  |TAMS 0x0000000081f00000, 0x0000000081f00000| Untracked 
|  32|0x0000000082000000, 0x0000000082000000, 0x0000000082100000|  0%| F|  |TAMS 0x0000000082000000, 0x0000000082000000| Untracked 
|  33|0x0000000082100000, 0x0000000082100000, 0x0000000082200000|  0%| F|  |TAMS 0x0000000082100000, 0x0000000082100000| Untracked 
|  34|0x0000000082200000, 0x0000000082200000, 0x0000000082300000|  0%| F|  |TAMS 0x0000000082200000, 0x0000000082200000| Untracked 
|  35|0x0000000082300000, 0x0000000082300000, 0x0000000082400000|  0%| F|  |TAMS 0x0000000082300000, 0x0000000082300000| Untracked 
|  36|0x0000000082400000, 0x0000000082400000, 0x0000000082500000|  0%| F|  |TAMS 0x0000000082400000, 0x0000000082400000| Untracked 
|  37|0x0000000082500000, 0x0000000082500000, 0x0000000082600000|  0%| F|  |TAMS 0x0000000082500000, 0x0000000082500000| Untracked 
|  38|0x0000000082600000, 0x0000000082600000, 0x0000000082700000|  0%| F|  |TAMS 0x0000000082600000, 0x0000000082600000| Untracked 
|  39|0x0000000082700000, 0x0000000082700000, 0x0000000082800000|  0%| F|  |TAMS 0x0000000082700000, 0x0000000082700000| Untracked 
|  40|0x0000000082800000, 0x0000000082800000, 0x0000000082900000|  0%| F|  |TAMS 0x0000000082800000, 0x0000000082800000| Untracked 
|  41|0x0000000082900000, 0x0000000082900000, 0x0000000082a00000|  0%| F|  |TAMS 0x0000000082900000, 0x0000000082900000| Untracked 
|  42|0x0000000082a00000, 0x0000000082a00000, 0x0000000082b00000|  0%| F|  |TAMS 0x0000000082a00000, 0x0000000082a00000| Untracked 
|  43|0x0000000082b00000, 0x0000000082b00000, 0x0000000082c00000|  0%| F|  |TAMS 0x0000000082b00000, 0x0000000082b00000| Untracked 
|  44|0x0000000082c00000, 0x0000000082c00000, 0x0000000082d00000|  0%| F|  |TAMS 0x0000000082c00000, 0x0000000082c00000| Untracked 
|  45|0x0000000082d00000, 0x0000000082d00000, 0x0000000082e00000|  0%| F|  |TAMS 0x0000000082d00000, 0x0000000082d00000| Untracked 
|  46|0x0000000082e00000, 0x0000000082e00000, 0x0000000082f00000|  0%| F|  |TAMS 0x0000000082e00000, 0x0000000082e00000| Untracked 
|  47|0x0000000082f00000, 0x0000000082f00000, 0x0000000083000000|  0%| F|  |TAMS 0x0000000082f00000, 0x0000000082f00000| Untracked 
|  48|0x0000000083000000, 0x0000000083000000, 0x0000000083100000|  0%| F|  |TAMS 0x0000000083000000, 0x0000000083000000| Untracked 
|  49|0x0000000083100000, 0x0000000083100000, 0x0000000083200000|  0%| F|  |TAMS 0x0000000083100000, 0x0000000083100000| Untracked 
|  50|0x0000000083200000, 0x0000000083200000, 0x0000000083300000|  0%| F|  |TAMS 0x0000000083200000, 0x0000000083200000| Untracked 
|  51|0x0000000083300000, 0x0000000083300000, 0x0000000083400000|  0%| F|  |TAMS 0x0000000083300000, 0x0000000083300000| Untracked 
|  52|0x0000000083400000, 0x0000000083400000, 0x0000000083500000|  0%| F|  |TAMS 0x0000000083400000, 0x0000000083400000| Untracked 
|  53|0x0000000083500000, 0x0000000083500000, 0x0000000083600000|  0%| F|  |TAMS 0x0000000083500000, 0x0000000083500000| Untracked 
|  54|0x0000000083600000, 0x0000000083600000, 0x0000000083700000|  0%| F|  |TAMS 0x0000000083600000, 0x0000000083600000| Untracked 
|  55|0x0000000083700000, 0x0000000083700000, 0x0000000083800000|  0%| F|  |TAMS 0x0000000083700000, 0x0000000083700000| Untracked 
|  56|0x0000000083800000, 0x0000000083800000, 0x0000000083900000|  0%| F|  |TAMS 0x0000000083800000, 0x0000000083800000| Untracked 
|  57|0x0000000083900000, 0x0000000083900000, 0x0000000083a00000|  0%| F|  |TAMS 0x0000000083900000, 0x0000000083900000| Untracked 
|  58|0x0000000083a00000, 0x0000000083a00000, 0x0000000083b00000|  0%| F|  |TAMS 0x0000000083a00000, 0x0000000083a00000| Untracked 
|  59|0x0000000083b00000, 0x0000000083b00000, 0x0000000083c00000|  0%| F|  |TAMS 0x0000000083b00000, 0x0000000083b00000| Untracked 
|  60|0x0000000083c00000, 0x0000000083c00000, 0x0000000083d00000|  0%| F|  |TAMS 0x0000000083c00000, 0x0000000083c00000| Untracked 
|  61|0x0000000083d00000, 0x0000000083d00000, 0x0000000083e00000|  0%| F|  |TAMS 0x0000000083d00000, 0x0000000083d00000| Untracked 
|  62|0x0000000083e00000, 0x0000000083e00000, 0x0000000083f00000|  0%| F|  |TAMS 0x0000000083e00000, 0x0000000083e00000| Untracked 
|  63|0x0000000083f00000, 0x0000000084000000, 0x0000000084000000|100%| S|CS|TAMS 0x0000000083f00000, 0x0000000083f00000| Complete 
|  64|0x0000000084000000, 0x0000000084100000, 0x0000000084100000|100%| S|CS|TAMS 0x0000000084000000, 0x0000000084000000| Complete 
|  65|0x0000000084100000, 0x0000000084200000, 0x0000000084200000|100%| S|CS|TAMS 0x0000000084100000, 0x0000000084100000| Complete 
|  66|0x0000000084200000, 0x0000000084300000, 0x0000000084300000|100%| S|CS|TAMS 0x0000000084200000, 0x0000000084200000| Complete 
|  67|0x0000000084300000, 0x0000000084400000, 0x0000000084400000|100%| S|CS|TAMS 0x0000000084300000, 0x0000000084300000| Complete 
|  68|0x0000000084400000, 0x0000000084500000, 0x0000000084500000|100%| S|CS|TAMS 0x0000000084400000, 0x0000000084400000| Complete 
|  69|0x0000000084500000, 0x0000000084600000, 0x0000000084600000|100%| S|CS|TAMS 0x0000000084500000, 0x0000000084500000| Complete 
|  70|0x0000000084600000, 0x0000000084700000, 0x0000000084700000|100%| S|CS|TAMS 0x0000000084600000, 0x0000000084600000| Complete 
|  71|0x0000000084700000, 0x0000000084800000, 0x0000000084800000|100%| S|CS|TAMS 0x0000000084700000, 0x0000000084700000| Complete 
|  72|0x0000000084800000, 0x0000000084800000, 0x0000000084900000|  0%| F|  |TAMS 0x0000000084800000, 0x0000000084800000| Untracked 
|  73|0x0000000084900000, 0x0000000084900000, 0x0000000084a00000|  0%| F|  |TAMS 0x0000000084900000, 0x0000000084900000| Untracked 
|  74|0x0000000084a00000, 0x0000000084a00000, 0x0000000084b00000|  0%| F|  |TAMS 0x0000000084a00000, 0x0000000084a00000| Untracked 
|  75|0x0000000084b00000, 0x0000000084b00000, 0x0000000084c00000|  0%| F|  |TAMS 0x0000000084b00000, 0x0000000084b00000| Untracked 
|  76|0x0000000084c00000, 0x0000000084c00000, 0x0000000084d00000|  0%| F|  |TAMS 0x0000000084c00000, 0x0000000084c00000| Untracked 
|  77|0x0000000084d00000, 0x0000000084d00000, 0x0000000084e00000|  0%| F|  |TAMS 0x0000000084d00000, 0x0000000084d00000| Untracked 
|  78|0x0000000084e00000, 0x0000000084e00000, 0x0000000084f00000|  0%| F|  |TAMS 0x0000000084e00000, 0x0000000084e00000| Untracked 
|  79|0x0000000084f00000, 0x0000000084f00000, 0x0000000085000000|  0%| F|  |TAMS 0x0000000084f00000, 0x0000000084f00000| Untracked 
|  80|0x0000000085000000, 0x0000000085000000, 0x0000000085100000|  0%| F|  |TAMS 0x0000000085000000, 0x0000000085000000| Untracked 
|  81|0x0000000085100000, 0x0000000085100000, 0x0000000085200000|  0%| F|  |TAMS 0x0000000085100000, 0x0000000085100000| Untracked 
|  82|0x0000000085200000, 0x0000000085200000, 0x0000000085300000|  0%| F|  |TAMS 0x0000000085200000, 0x0000000085200000| Untracked 
|  83|0x0000000085300000, 0x0000000085300000, 0x0000000085400000|  0%| F|  |TAMS 0x0000000085300000, 0x0000000085300000| Untracked 
|  84|0x0000000085400000, 0x0000000085400000, 0x0000000085500000|  0%| F|  |TAMS 0x0000000085400000, 0x0000000085400000| Untracked 
|  85|0x0000000085500000, 0x0000000085500000, 0x0000000085600000|  0%| F|  |TAMS 0x0000000085500000, 0x0000000085500000| Untracked 
|  86|0x0000000085600000, 0x0000000085600000, 0x0000000085700000|  0%| F|  |TAMS 0x0000000085600000, 0x0000000085600000| Untracked 
|  87|0x0000000085700000, 0x0000000085700000, 0x0000000085800000|  0%| F|  |TAMS 0x0000000085700000, 0x0000000085700000| Untracked 
|  88|0x0000000085800000, 0x0000000085800000, 0x0000000085900000|  0%| F|  |TAMS 0x0000000085800000, 0x0000000085800000| Untracked 
|  89|0x0000000085900000, 0x0000000085900000, 0x0000000085a00000|  0%| F|  |TAMS 0x0000000085900000, 0x0000000085900000| Untracked 
|  90|0x0000000085a00000, 0x0000000085a00000, 0x0000000085b00000|  0%| F|  |TAMS 0x0000000085a00000, 0x0000000085a00000| Untracked 
|  91|0x0000000085b00000, 0x0000000085b00000, 0x0000000085c00000|  0%| F|  |TAMS 0x0000000085b00000, 0x0000000085b00000| Untracked 
|  92|0x0000000085c00000, 0x0000000085c00000, 0x0000000085d00000|  0%| F|  |TAMS 0x0000000085c00000, 0x0000000085c00000| Untracked 
|  93|0x0000000085d00000, 0x0000000085d00000, 0x0000000085e00000|  0%| F|  |TAMS 0x0000000085d00000, 0x0000000085d00000| Untracked 
|  94|0x0000000085e00000, 0x0000000085e00000, 0x0000000085f00000|  0%| F|  |TAMS 0x0000000085e00000, 0x0000000085e00000| Untracked 
|  95|0x0000000085f00000, 0x0000000085f00000, 0x0000000086000000|  0%| F|  |TAMS 0x0000000085f00000, 0x0000000085f00000| Untracked 
|  96|0x0000000086000000, 0x0000000086000000, 0x0000000086100000|  0%| F|  |TAMS 0x0000000086000000, 0x0000000086000000| Untracked 
|  97|0x0000000086100000, 0x0000000086100000, 0x0000000086200000|  0%| F|  |TAMS 0x0000000086100000, 0x0000000086100000| Untracked 
|  98|0x0000000086200000, 0x0000000086200000, 0x0000000086300000|  0%| F|  |TAMS 0x0000000086200000, 0x0000000086200000| Untracked 
|  99|0x0000000086300000, 0x0000000086300000, 0x0000000086400000|  0%| F|  |TAMS 0x0000000086300000, 0x0000000086300000| Untracked 
| 100|0x0000000086400000, 0x0000000086400000, 0x0000000086500000|  0%| F|  |TAMS 0x0000000086400000, 0x0000000086400000| Untracked 
| 101|0x0000000086500000, 0x0000000086500000, 0x0000000086600000|  0%| F|  |TAMS 0x0000000086500000, 0x0000000086500000| Untracked 
| 102|0x0000000086600000, 0x0000000086600000, 0x0000000086700000|  0%| F|  |TAMS 0x0000000086600000, 0x0000000086600000| Untracked 
| 103|0x0000000086700000, 0x0000000086700000, 0x0000000086800000|  0%| F|  |TAMS 0x0000000086700000, 0x0000000086700000| Untracked 
| 104|0x0000000086800000, 0x0000000086800000, 0x0000000086900000|  0%| F|  |TAMS 0x0000000086800000, 0x0000000086800000| Untracked 
| 105|0x0000000086900000, 0x0000000086900000, 0x0000000086a00000|  0%| F|  |TAMS 0x0000000086900000, 0x0000000086900000| Untracked 
| 106|0x0000000086a00000, 0x0000000086a00000, 0x0000000086b00000|  0%| F|  |TAMS 0x0000000086a00000, 0x0000000086a00000| Untracked 
| 107|0x0000000086b00000, 0x0000000086b00000, 0x0000000086c00000|  0%| F|  |TAMS 0x0000000086b00000, 0x0000000086b00000| Untracked 
| 108|0x0000000086c00000, 0x0000000086c00000, 0x0000000086d00000|  0%| F|  |TAMS 0x0000000086c00000, 0x0000000086c00000| Untracked 
| 109|0x0000000086d00000, 0x0000000086d00000, 0x0000000086e00000|  0%| F|  |TAMS 0x0000000086d00000, 0x0000000086d00000| Untracked 
| 110|0x0000000086e00000, 0x0000000086e00000, 0x0000000086f00000|  0%| F|  |TAMS 0x0000000086e00000, 0x0000000086e00000| Untracked 
| 111|0x0000000086f00000, 0x0000000086f00000, 0x0000000087000000|  0%| F|  |TAMS 0x0000000086f00000, 0x0000000086f00000| Untracked 
| 112|0x0000000087000000, 0x0000000087000000, 0x0000000087100000|  0%| F|  |TAMS 0x0000000087000000, 0x0000000087000000| Untracked 
| 113|0x0000000087100000, 0x0000000087100000, 0x0000000087200000|  0%| F|  |TAMS 0x0000000087100000, 0x0000000087100000| Untracked 
| 114|0x0000000087200000, 0x0000000087200000, 0x0000000087300000|  0%| F|  |TAMS 0x0000000087200000, 0x0000000087200000| Untracked 
| 115|0x0000000087300000, 0x0000000087300000, 0x0000000087400000|  0%| F|  |TAMS 0x0000000087300000, 0x0000000087300000| Untracked 
| 116|0x0000000087400000, 0x0000000087400000, 0x0000000087500000|  0%| F|  |TAMS 0x0000000087400000, 0x0000000087400000| Untracked 
| 117|0x0000000087500000, 0x0000000087500000, 0x0000000087600000|  0%| F|  |TAMS 0x0000000087500000, 0x0000000087500000| Untracked 
| 118|0x0000000087600000, 0x0000000087600000, 0x0000000087700000|  0%| F|  |TAMS 0x0000000087600000, 0x0000000087600000| Untracked 
| 119|0x0000000087700000, 0x0000000087700000, 0x0000000087800000|  0%| F|  |TAMS 0x0000000087700000, 0x0000000087700000| Untracked 
| 120|0x0000000087800000, 0x0000000087800000, 0x0000000087900000|  0%| F|  |TAMS 0x0000000087800000, 0x0000000087800000| Untracked 
| 121|0x0000000087900000, 0x0000000087900000, 0x0000000087a00000|  0%| F|  |TAMS 0x0000000087900000, 0x0000000087900000| Untracked 
| 122|0x0000000087a00000, 0x0000000087a00000, 0x0000000087b00000|  0%| F|  |TAMS 0x0000000087a00000, 0x0000000087a00000| Untracked 
| 123|0x0000000087b00000, 0x0000000087b00000, 0x0000000087c00000|  0%| F|  |TAMS 0x0000000087b00000, 0x0000000087b00000| Untracked 
| 124|0x0000000087c00000, 0x0000000087c00000, 0x0000000087d00000|  0%| F|  |TAMS 0x0000000087c00000, 0x0000000087c00000| Untracked 
| 125|0x0000000087d00000, 0x0000000087d00000, 0x0000000087e00000|  0%| F|  |TAMS 0x0000000087d00000, 0x0000000087d00000| Untracked 
| 126|0x0000000087e00000, 0x0000000087e00000, 0x0000000087f00000|  0%| F|  |TAMS 0x0000000087e00000, 0x0000000087e00000| Untracked 
| 127|0x0000000087f00000, 0x0000000087f00000, 0x0000000088000000|  0%| F|  |TAMS 0x0000000087f00000, 0x0000000087f00000| Untracked 
| 128|0x0000000088000000, 0x0000000088000000, 0x0000000088100000|  0%| F|  |TAMS 0x0000000088000000, 0x0000000088000000| Untracked 
| 129|0x0000000088100000, 0x0000000088100000, 0x0000000088200000|  0%| F|  |TAMS 0x0000000088100000, 0x0000000088100000| Untracked 
| 130|0x0000000088200000, 0x0000000088200000, 0x0000000088300000|  0%| F|  |TAMS 0x0000000088200000, 0x0000000088200000| Untracked 
| 131|0x0000000088300000, 0x0000000088400000, 0x0000000088400000|100%| E|  |TAMS 0x0000000088300000, 0x0000000088300000| Complete 
| 132|0x0000000088400000, 0x0000000088500000, 0x0000000088500000|100%| E|CS|TAMS 0x0000000088400000, 0x0000000088400000| Complete 
| 133|0x0000000088500000, 0x0000000088600000, 0x0000000088600000|100%| E|CS|TAMS 0x0000000088500000, 0x0000000088500000| Complete 
| 134|0x0000000088600000, 0x0000000088700000, 0x0000000088700000|100%| E|CS|TAMS 0x0000000088600000, 0x0000000088600000| Complete 
| 135|0x0000000088700000, 0x0000000088800000, 0x0000000088800000|100%| E|CS|TAMS 0x0000000088700000, 0x0000000088700000| Complete 
| 136|0x0000000088800000, 0x0000000088900000, 0x0000000088900000|100%| E|CS|TAMS 0x0000000088800000, 0x0000000088800000| Complete 
| 137|0x0000000088900000, 0x0000000088a00000, 0x0000000088a00000|100%| E|CS|TAMS 0x0000000088900000, 0x0000000088900000| Complete 
| 138|0x0000000088a00000, 0x0000000088b00000, 0x0000000088b00000|100%| E|CS|TAMS 0x0000000088a00000, 0x0000000088a00000| Complete 
| 139|0x0000000088b00000, 0x0000000088c00000, 0x0000000088c00000|100%| E|CS|TAMS 0x0000000088b00000, 0x0000000088b00000| Complete 
| 140|0x0000000088c00000, 0x0000000088d00000, 0x0000000088d00000|100%| E|CS|TAMS 0x0000000088c00000, 0x0000000088c00000| Complete 
| 141|0x0000000088d00000, 0x0000000088e00000, 0x0000000088e00000|100%| E|CS|TAMS 0x0000000088d00000, 0x0000000088d00000| Complete 
| 142|0x0000000088e00000, 0x0000000088f00000, 0x0000000088f00000|100%| E|CS|TAMS 0x0000000088e00000, 0x0000000088e00000| Complete 
| 143|0x0000000088f00000, 0x0000000089000000, 0x0000000089000000|100%| E|CS|TAMS 0x0000000088f00000, 0x0000000088f00000| Complete 
| 144|0x0000000089000000, 0x0000000089100000, 0x0000000089100000|100%| E|CS|TAMS 0x0000000089000000, 0x0000000089000000| Complete 
| 145|0x0000000089100000, 0x0000000089200000, 0x0000000089200000|100%| E|CS|TAMS 0x0000000089100000, 0x0000000089100000| Complete 
| 146|0x0000000089200000, 0x0000000089300000, 0x0000000089300000|100%| E|CS|TAMS 0x0000000089200000, 0x0000000089200000| Complete 
| 147|0x0000000089300000, 0x0000000089400000, 0x0000000089400000|100%| E|CS|TAMS 0x0000000089300000, 0x0000000089300000| Complete 
| 148|0x0000000089400000, 0x0000000089500000, 0x0000000089500000|100%| E|CS|TAMS 0x0000000089400000, 0x0000000089400000| Complete 
| 149|0x0000000089500000, 0x0000000089600000, 0x0000000089600000|100%| E|CS|TAMS 0x0000000089500000, 0x0000000089500000| Complete 
| 150|0x0000000089600000, 0x0000000089700000, 0x0000000089700000|100%| E|CS|TAMS 0x0000000089600000, 0x0000000089600000| Complete 
| 151|0x0000000089700000, 0x0000000089800000, 0x0000000089800000|100%| E|CS|TAMS 0x0000000089700000, 0x0000000089700000| Complete 
| 152|0x0000000089800000, 0x0000000089900000, 0x0000000089900000|100%| E|CS|TAMS 0x0000000089800000, 0x0000000089800000| Complete 
| 153|0x0000000089900000, 0x0000000089a00000, 0x0000000089a00000|100%| E|CS|TAMS 0x0000000089900000, 0x0000000089900000| Complete 

Card table byte_map: [0x0000025580000000,0x0000025580400000] _byte_map_base: 0x000002557fc00000

Marking Bits (Prev, Next): (CMBitMap*) 0x00000255e91ac028, (CMBitMap*) 0x00000255e91ac060
 Prev Bits: [0x0000025580800000, 0x0000025582800000)
 Next Bits: [0x0000025582800000, 0x0000025584800000)

Polling page: 0x00000255e7310000

Metaspace:

Usage:
  Non-class:     44.34 MB capacity,    43.57 MB ( 98%) used,   633.75 KB (  1%) free+waste,   159.31 KB ( <1%) overhead. 
      Class:      7.07 MB capacity,     6.53 MB ( 92%) used,   468.34 KB (  6%) free+waste,    81.00 KB (  1%) overhead. 
       Both:     51.41 MB capacity,    50.10 MB ( 97%) used,     1.08 MB (  2%) free+waste,   240.31 KB ( <1%) overhead. 

Virtual space:
  Non-class space:       52.00 MB reserved,      44.58 MB ( 86%) committed 
      Class space:        1.00 GB reserved,       7.07 MB ( <1%) committed 
             Both:        1.05 GB reserved,      51.65 MB (  5%) committed 

Chunk freelists:
   Non-Class:  6.50 KB
       Class:  0 bytes
        Both:  6.50 KB

CodeHeap 'non-profiled nmethods': size=239488Kb used=6004Kb max_used=6004Kb free=233483Kb
 bounds [0x00000255f0e40000, 0x00000255f1420000, 0x00000255ff820000]
CodeHeap 'non-nmethods': size=6272Kb used=1222Kb max_used=1222Kb free=5050Kb
 bounds [0x00000255f0820000, 0x00000255f0a90000, 0x00000255f0e40000]
 total_blobs=4518 nmethods=3945 adapters=499
 compilation: enabled
              stopped_count=0, restarted_count=0
 full_count=0

Compilation events (10 events):
Event: 34.424 Thread 0x00000255ffdea800 3936       1       org.springframework.beans.factory.support.DefaultSingletonBeanRegistry::isSingletonCurrentlyInCreation (11 bytes)
Event: 34.424 Thread 0x00000255ffdea800 nmethod 3936 0x00000255f1419e10 code [0x00000255f1419fa0, 0x00000255f141a088]
Event: 34.434 Thread 0x00000255ffdea800 3937       1       java.util.AbstractList::equals (117 bytes)
Event: 34.434 Thread 0x00000255ffdea800 nmethod 3937 0x00000255f141a110 code [0x00000255f141a320, 0x00000255f141a6c8]
Event: 34.438 Thread 0x00000255ffdea800 3938       1       org.springframework.core.convert.TypeDescriptor::hashCode (8 bytes)
Event: 34.438 Thread 0x00000255ffdea800 nmethod 3938 0x00000255f141a890 code [0x00000255f141aa20, 0x00000255f141ab08]
Event: 34.461 Thread 0x00000255ffdea800 3939       1       java.security.Provider$UString::hashCode (8 bytes)
Event: 34.461 Thread 0x00000255ffdea800 nmethod 3939 0x00000255f141ac10 code [0x00000255f141ada0, 0x00000255f141ae88]
Event: 34.461 Thread 0x00000255ffdea800 3940       1       java.security.Provider$UString::<init> (21 bytes)
Event: 34.462 Thread 0x00000255ffdea800 nmethod 3940 0x00000255f141af10 code [0x00000255f141b0c0, 0x00000255f141b2b8]

GC Heap History (10 events):
Event: 4.838 GC heap before
{Heap before GC invocations=5 (full 0):
 garbage-first heap   total 131072K, used 16026K [0x0000000080000000, 0x0000000100000000)
  region size 1024K, 12 young (12288K), 3 survivors (3072K)
 Metaspace       used 20574K, capacity 21112K, committed 21296K, reserved 1071104K
  class space    used 2380K, capacity 2605K, committed 2688K, reserved 1048576K
}
Event: 4.846 GC heap after
{Heap after GC invocations=6 (full 0):
 garbage-first heap   total 131072K, used 9702K [0x0000000080000000, 0x0000000100000000)
  region size 1024K, 4 young (4096K), 4 survivors (4096K)
 Metaspace       used 20574K, capacity 21112K, committed 21296K, reserved 1071104K
  class space    used 2380K, capacity 2605K, committed 2688K, reserved 1048576K
}
Event: 6.032 GC heap before
{Heap before GC invocations=7 (full 0):
 garbage-first heap   total 131072K, used 48614K [0x0000000080000000, 0x0000000100000000)
  region size 1024K, 42 young (43008K), 4 survivors (4096K)
 Metaspace       used 23112K, capacity 23768K, committed 23984K, reserved 1073152K
  class space    used 2762K, capacity 3019K, committed 3072K, reserved 1048576K
}
Event: 6.045 GC heap after
{Heap after GC invocations=8 (full 0):
 garbage-first heap   total 131072K, used 10823K [0x0000000080000000, 0x0000000100000000)
  region size 1024K, 4 young (4096K), 4 survivors (4096K)
 Metaspace       used 23112K, capacity 23768K, committed 23984K, reserved 1073152K
  class space    used 2762K, capacity 3019K, committed 3072K, reserved 1048576K
}
Event: 14.270 GC heap before
{Heap before GC invocations=8 (full 0):
 garbage-first heap   total 131072K, used 74311K [0x0000000080000000, 0x0000000100000000)
  region size 1024K, 66 young (67584K), 4 survivors (4096K)
 Metaspace       used 31097K, capacity 32173K, committed 32432K, reserved 1081344K
  class space    used 3873K, capacity 4332K, committed 4352K, reserved 1048576K
}
Event: 14.296 GC heap after
{Heap after GC invocations=9 (full 0):
 garbage-first heap   total 157696K, used 15291K [0x0000000080000000, 0x0000000100000000)
  region size 1024K, 9 young (9216K), 9 survivors (9216K)
 Metaspace       used 31097K, capacity 32173K, committed 32432K, reserved 1081344K
  class space    used 3873K, capacity 4332K, committed 4352K, reserved 1048576K
}
Event: 29.994 GC heap before
{Heap before GC invocations=9 (full 0):
 garbage-first heap   total 157696K, used 44987K [0x0000000080000000, 0x0000000100000000)
  region size 1024K, 39 young (39936K), 9 survivors (9216K)
 Metaspace       used 34792K, capacity 35853K, committed 35920K, reserved 1083392K
  class space    used 4408K, capacity 4855K, committed 4864K, reserved 1048576K
}
Event: 30.019 GC heap after
{Heap after GC invocations=10 (full 0):
 garbage-first heap   total 157696K, used 16572K [0x0000000080000000, 0x0000000100000000)
  region size 1024K, 6 young (6144K), 6 survivors (6144K)
 Metaspace       used 34792K, capacity 35853K, committed 35920K, reserved 1083392K
  class space    used 4408K, capacity 4855K, committed 4864K, reserved 1048576K
}
Event: 33.164 GC heap before
{Heap before GC invocations=11 (full 0):
 garbage-first heap   total 157696K, used 94396K [0x0000000080000000, 0x0000000100000000)
  region size 1024K, 82 young (83968K), 6 survivors (6144K)
 Metaspace       used 48612K, capacity 49945K, committed 50076K, reserved 1095680K
  class space    used 6367K, capacity 6915K, committed 6988K, reserved 1048576K
}
Event: 33.192 GC heap after
{Heap after GC invocations=12 (full 0):
 garbage-first heap   total 157696K, used 19644K [0x0000000080000000, 0x0000000100000000)
  region size 1024K, 9 young (9216K), 9 survivors (9216K)
 Metaspace       used 48612K, capacity 49945K, committed 50076K, reserved 1095680K
  class space    used 6367K, capacity 6915K, committed 6988K, reserved 1048576K
}

Deoptimization events (0 events):
No events

Classes redefined (0 events):
No events

Internal exceptions (10 events):
Event: 34.270 Thread 0x00000255e916f800 Exception <a 'java/lang/ClassNotFoundException'{0x0000000088c5f2f8}: org/springframework/beans/factory/BeanFactoryAwareCustomizer> (0x0000000088c5f2f8) thrown at [./open/src/hotspot/share/classfile/systemDictionary.cpp, line 226]
Event: 34.271 Thread 0x00000255e916f800 Exception <a 'java/lang/ClassNotFoundException'{0x0000000088c70850}: org/springframework/beans/factory/AwareCustomizer> (0x0000000088c70850) thrown at [./open/src/hotspot/share/classfile/systemDictionary.cpp, line 226]
Event: 34.272 Thread 0x00000255e916f800 Exception <a 'java/lang/ClassNotFoundException'{0x0000000088c83540}: org/springframework/context/ApplicationEventPublisherAwareCustomizer> (0x0000000088c83540) thrown at [./open/src/hotspot/share/classfile/systemDictionary.cpp, line 226]
Event: 34.272 Thread 0x00000255e916f800 Exception <a 'java/lang/ClassNotFoundException'{0x0000000088c94cf0}: org/springframework/beans/factory/AwareCustomizer> (0x0000000088c94cf0) thrown at [./open/src/hotspot/share/classfile/systemDictionary.cpp, line 226]
Event: 34.280 Thread 0x00000255e916f800 Exception <a 'java/lang/ClassNotFoundException'{0x0000000088cd7920}: java/lang/ObjectCustomizer> (0x0000000088cd7920) thrown at [./open/src/hotspot/share/classfile/systemDictionary.cpp, line 226]
Event: 34.281 Thread 0x00000255e916f800 Exception <a 'java/lang/ClassNotFoundException'{0x0000000088cedf10}: org/springframework/core/io/support/PropertiesLoaderSupportCustomizer> (0x0000000088cedf10) thrown at [./open/src/hotspot/share/classfile/systemDictionary.cpp, line 226]
Event: 34.282 Thread 0x00000255e916f800 Exception <a 'java/lang/ClassNotFoundException'{0x0000000088b0a5e0}: org/springframework/beans/factory/config/PropertiesFactoryBeanCustomizer> (0x0000000088b0a5e0) thrown at [./open/src/hotspot/share/classfile/systemDictionary.cpp, line 226]
Event: 34.284 Thread 0x00000255e916f800 Exception <a 'java/lang/ClassNotFoundException'{0x0000000088b2c088}: org/springframework/beans/factory/FactoryBeanCustomizer> (0x0000000088b2c088) thrown at [./open/src/hotspot/share/classfile/systemDictionary.cpp, line 226]
Event: 34.284 Thread 0x00000255e916f800 Exception <a 'java/lang/ClassNotFoundException'{0x0000000088b407b0}: org/springframework/beans/factory/InitializingBeanCustomizer> (0x0000000088b407b0) thrown at [./open/src/hotspot/share/classfile/systemDictionary.cpp, line 226]
Event: 34.450 Thread 0x00000255e916f800 Exception <a 'java/lang/IncompatibleClassChangeError'{0x000000008844bd20}: Found class java.lang.Object, but interface was expected> (0x000000008844bd20) thrown at [./open/src/hotspot/share/interpreter/linkResolver.cpp, line 838]

Events (10 events):
Event: 34.472 loading class org/hibernate/internal/SessionImpl
Event: 34.472 loading class org/hibernate/internal/SessionImpl done
Event: 34.475 loading class org/hibernate/event/spi/EventSource
Event: 34.475 loading class org/hibernate/event/spi/EventSource done
Event: 34.481 loading class org/hibernate/internal/AbstractSessionImpl
Event: 34.481 loading class org/hibernate/internal/AbstractSessionImpl done
Event: 34.481 loading class org/hibernate/internal/AbstractSharedSessionContract
Event: 34.481 loading class org/hibernate/internal/AbstractSharedSessionContract done
Event: 34.483 Executing VM operation: CollectForMetadataAllocation
Event: 34.483 Executing VM operation: CollectForMetadataAllocation done


Dynamic libraries:
0x00007ff610730000 - 0x00007ff61073f000 	C:\Program Files\Java\jdk-11.0.16\bin\java.exe
0x00007fff2a6f0000 - 0x00007fff2a8e8000 	C:\Windows\SYSTEM32\ntdll.dll
0x00007fff28f50000 - 0x00007fff2900d000 	C:\Windows\System32\KERNEL32.DLL
0x00007fff28300000 - 0x00007fff285d2000 	C:\Windows\System32\KERNELBASE.dll
0x00007fff28080000 - 0x00007fff28180000 	C:\Windows\System32\ucrtbase.dll
0x00007fff0d8d0000 - 0x00007fff0d8e8000 	C:\Program Files\Java\jdk-11.0.16\bin\jli.dll
0x00007fff2a600000 - 0x00007fff2a6ae000 	C:\Windows\System32\ADVAPI32.dll
0x00007fff2a2e0000 - 0x00007fff2a37e000 	C:\Windows\System32\msvcrt.dll
0x00007fff28d90000 - 0x00007fff28e2c000 	C:\Windows\System32\sechost.dll
0x00007fff290f0000 - 0x00007fff29215000 	C:\Windows\System32\RPCRT4.dll
0x00007fff28bf0000 - 0x00007fff28d8d000 	C:\Windows\System32\USER32.dll
0x00007fff285e0000 - 0x00007fff28602000 	C:\Windows\System32\win32u.dll
0x00007fff28800000 - 0x00007fff2882b000 	C:\Windows\System32\GDI32.dll
0x00007fff28180000 - 0x00007fff2828f000 	C:\Windows\System32\gdi32full.dll
0x00007fff27fb0000 - 0x00007fff2804d000 	C:\Windows\System32\msvcp_win.dll
0x00007fff0c0f0000 - 0x00007fff0c105000 	C:\Program Files\Java\jdk-11.0.16\bin\VCRUNTIME140.dll
0x00007fff07c40000 - 0x00007fff07eda000 	C:\Windows\WinSxS\amd64_microsoft.windows.common-controls_6595b64144ccf1df_6.0.19041.1110_none_60b5254171f9507e\COMCTL32.dll
0x00007fff201c0000 - 0x00007fff201ca000 	C:\Windows\SYSTEM32\VERSION.dll
0x00007fff28f20000 - 0x00007fff28f50000 	C:\Windows\System32\IMM32.DLL
0x00007ffeff180000 - 0x00007ffeff21b000 	C:\Program Files\Java\jdk-11.0.16\bin\msvcp140.dll
0x00007ffeed840000 - 0x00007ffeee358000 	C:\Program Files\Java\jdk-11.0.16\bin\server\jvm.dll
0x00007fff29f90000 - 0x00007fff29f98000 	C:\Windows\System32\PSAPI.DLL
0x00007fff237f0000 - 0x00007fff237f9000 	C:\Windows\SYSTEM32\WSOCK32.dll
0x00007fff29ab0000 - 0x00007fff29b1b000 	C:\Windows\System32\WS2_32.dll
0x00007fff089c0000 - 0x00007fff089e7000 	C:\Windows\SYSTEM32\WINMM.dll
0x00007fff25ca0000 - 0x00007fff25cb2000 	C:\Windows\SYSTEM32\kernel.appcore.dll
0x00007fff12080000 - 0x00007fff12090000 	C:\Program Files\Java\jdk-11.0.16\bin\verify.dll
0x00007fff173c0000 - 0x00007fff175a4000 	C:\Windows\SYSTEM32\DBGHELP.DLL
0x00007fff17980000 - 0x00007fff179ac000 	C:\Windows\SYSTEM32\dbgcore.DLL
0x00007fff28610000 - 0x00007fff28692000 	C:\Windows\System32\bcryptPrimitives.dll
0x00007fff0ba60000 - 0x00007fff0ba88000 	C:\Program Files\Java\jdk-11.0.16\bin\java.dll
0x00007fff0df80000 - 0x00007fff0df8a000 	C:\Program Files\Java\jdk-11.0.16\bin\jimage.dll
0x00007fff0ab20000 - 0x00007fff0ab36000 	C:\Program Files\Java\jdk-11.0.16\bin\zip.dll
0x00007fff29240000 - 0x00007fff29983000 	C:\Windows\System32\SHELL32.dll
0x00007fff25ea0000 - 0x00007fff26631000 	C:\Windows\SYSTEM32\windows.storage.dll
0x00007fff28830000 - 0x00007fff28b84000 	C:\Windows\System32\combase.dll
0x00007fff276a0000 - 0x00007fff276d0000 	C:\Windows\SYSTEM32\Wldp.dll
0x00007fff29a00000 - 0x00007fff29aad000 	C:\Windows\System32\SHCORE.dll
0x00007fff29fa0000 - 0x00007fff29ff5000 	C:\Windows\System32\shlwapi.dll
0x00007fff27d40000 - 0x00007fff27d5f000 	C:\Windows\SYSTEM32\profapi.dll
0x00007fff07350000 - 0x00007fff07369000 	C:\Program Files\Java\jdk-11.0.16\bin\net.dll
0x00007fff1f380000 - 0x00007fff1f48d000 	C:\Windows\SYSTEM32\WINHTTP.dll
0x00007fff27480000 - 0x00007fff274ea000 	C:\Windows\system32\mswsock.dll
0x00007fff04c90000 - 0x00007fff04ca2000 	C:\Program Files\Java\jdk-11.0.16\bin\nio.dll
0x00007fff23790000 - 0x00007fff23799000 	C:\Program Files\Java\jdk-11.0.16\bin\management.dll
0x00007fff175b0000 - 0x00007fff175bb000 	C:\Program Files\Java\jdk-11.0.16\bin\management_ext.dll
0x00007fff1bf40000 - 0x00007fff1bf57000 	C:\Windows\system32\napinsp.dll
0x00007fff0eb10000 - 0x00007fff0eb2b000 	C:\Windows\system32\pnrpnsp.dll
0x00007fff0d030000 - 0x00007fff0d045000 	C:\Windows\system32\wshbth.dll
0x00007fff23740000 - 0x00007fff2375d000 	C:\Windows\system32\NLAapi.dll
0x00007fff27190000 - 0x00007fff271cb000 	C:\Windows\SYSTEM32\IPHLPAPI.DLL
0x00007fff271d0000 - 0x00007fff2729a000 	C:\Windows\SYSTEM32\DNSAPI.dll
0x00007fff2a5f0000 - 0x00007fff2a5f8000 	C:\Windows\System32\NSI.dll
0x00007fff0d010000 - 0x00007fff0d022000 	C:\Windows\System32\winrnr.dll
0x00007fff1f090000 - 0x00007fff1f09a000 	C:\Windows\System32\rasadhlp.dll
0x00007fff1f200000 - 0x00007fff1f280000 	C:\Windows\System32\fwpuclnt.dll
0x00007fff28050000 - 0x00007fff28077000 	C:\Windows\System32\bcrypt.dll
0x00007fff276e0000 - 0x00007fff276f8000 	C:\Windows\SYSTEM32\CRYPTSP.dll
0x00007fff26dc0000 - 0x00007fff26df4000 	C:\Windows\system32\rsaenh.dll
0x00007fff27cc0000 - 0x00007fff27cee000 	C:\Windows\SYSTEM32\USERENV.dll
0x00007fff27610000 - 0x00007fff2761c000 	C:\Windows\SYSTEM32\CRYPTBASE.dll
0x00007fff20830000 - 0x00007fff20847000 	C:\Windows\SYSTEM32\dhcpcsvc6.DLL
0x00007fff20810000 - 0x00007fff2082d000 	C:\Windows\SYSTEM32\dhcpcsvc.DLL
0x00007fff120a0000 - 0x00007fff120ad000 	C:\Program Files\Java\jdk-11.0.16\bin\sunmscapi.dll
0x00007fff27e50000 - 0x00007fff27fa6000 	C:\Windows\System32\CRYPT32.dll
0x00007fff277f0000 - 0x00007fff27817000 	C:\Windows\SYSTEM32\ncrypt.dll
0x00007fff277b0000 - 0x00007fff277eb000 	C:\Windows\SYSTEM32\NTASN1.dll
0x00007fff0db30000 - 0x00007fff0db55000 	C:\Program Files\Java\jdk-11.0.16\bin\sunec.dll

dbghelp: loaded successfully - version: 4.0.5 - missing functions: none
symbol engine: initialized successfully - sym options: 0x614 - pdb path: .;C:\Program Files\Java\jdk-11.0.16\bin;C:\Windows\SYSTEM32;C:\Windows\WinSxS\amd64_microsoft.windows.common-controls_6595b64144ccf1df_6.0.19041.1110_none_60b5254171f9507e;C:\Program Files\Java\jdk-11.0.16\bin\server

VM Arguments:
jvm_args: -Xverify:none -XX:TieredStopAtLevel=1 
java_command: com.example.demo.PensionManagementSystemApplication
java_class_path (initial): C:\Users\sfjbs\IdeaProjects\oct31training\Akhila\Pension-Management-System1\target\classes;C:\Users\sfjbs\.m2\repository\org\springframework\boot\spring-boot\2.7.5\spring-boot-2.7.5.jar;C:\Users\sfjbs\.m2\repository\org\springframework\boot\spring-boot-autoconfigure\2.7.5\spring-boot-autoconfigure-2.7.5.jar;C:\Users\sfjbs\.m2\repository\ch\qos\logback\logback-classic\1.2.11\logback-classic-1.2.11.jar;C:\Users\sfjbs\.m2\repository\ch\qos\logback\logback-core\1.2.11\logback-core-1.2.11.jar;C:\Users\sfjbs\.m2\repository\org\apache\logging\log4j\log4j-to-slf4j\2.17.2\log4j-to-slf4j-2.17.2.jar;C:\Users\sfjbs\.m2\repository\org\apache\logging\log4j\log4j-api\2.17.2\log4j-api-2.17.2.jar;C:\Users\sfjbs\.m2\repository\org\slf4j\jul-to-slf4j\1.7.36\jul-to-slf4j-1.7.36.jar;C:\Users\sfjbs\.m2\repository\jakarta\annotation\jakarta.annotation-api\1.3.5\jakarta.annotation-api-1.3.5.jar;C:\Users\sfjbs\.m2\repository\org\yaml\snakeyaml\1.30\snakeyaml-1.30.jar;C:\Users\sfjbs\.m2\repository\com\fasterxml\jackson\core\jackson-databind\2.13.4.2\jackson-databind-2.13.4.2.jar;C:\Users\sfjbs\.m2\repository\com\fasterxml\jackson\core\jackson-annotations\2.13.4\jackson-annotations-2.13.4.jar;C:\Users\sfjbs\.m2\repository\com\fasterxml\jackson\core\jackson-core\2.13.4\jackson-core-2.13.4.jar;C:\Users\sfjbs\.m2\repository\com\fasterxml\jackson\datatype\jackson-datatype-jdk8\2.13.4\jackson-datatype-jdk8-2.13.4.jar;C:\Users\sfjbs\.m2\repository\com\fasterxml\jackson\datatype\jackson-datatype-jsr310\2.13.4\jackson-datatype-jsr310-2.13.4.jar;C:\Users\sfjbs\.m2\repository\com\fasterxml\jackson\module\jackson-module-parameter-names\2.13.4\jackson-module-parameter-names-2.13.4.jar;C:\Users\sfjbs\.m2\repository\org\apache\tomcat\embed\tomcat-embed-core\9.0.68\tomcat-embed-core-9.0.68.jar;C:\Users\sfjbs\.m2\repository\org\apache\tomcat\embed\tomcat-embed-el\9.0.68\tomcat-embed-el-9.0.68.jar;C:\Users\sfjbs\.m2\repository\org\apache\tomcat\embed\tomcat-embed-websocket\9.0.68\
Launcher Type: SUN_STANDARD

[Global flags]
     bool BytecodeVerificationLocal                = false                                     {product} {command line}
     bool BytecodeVerificationRemote               = false                                     {product} {command line}
     intx CICompilerCount                          = 2                                         {product} {ergonomic}
     uint ConcGCThreads                            = 1                                         {product} {ergonomic}
     uint G1ConcRefinementThreads                  = 2                                         {product} {ergonomic}
   size_t G1HeapRegionSize                         = 1048576                                   {product} {ergonomic}
    uintx GCDrainStackTargetSize                   = 64                                        {product} {ergonomic}
   size_t InitialHeapSize                          = 134217728                                 {product} {ergonomic}
   size_t MarkStackSize                            = 4194304                                   {product} {ergonomic}
   size_t MaxHeapSize                              = 2147483648                                {product} {ergonomic}
   size_t MaxNewSize                               = 1287651328                                {product} {ergonomic}
   size_t MinHeapDeltaBytes                        = 1048576                                   {product} {ergonomic}
    uintx NonNMethodCodeHeapSize                   = 6396312                                {pd product} {ergonomic}
    uintx NonProfiledCodeHeapSize                  = 245261928                              {pd product} {ergonomic}
    uintx ProfiledCodeHeapSize                     = 0                                      {pd product} {ergonomic}
    uintx ReservedCodeCacheSize                    = 251658240                              {pd product} {ergonomic}
     bool SegmentedCodeCache                       = true                                      {product} {ergonomic}
     intx TieredStopAtLevel                        = 1                                         {product} {command line}
     bool UseCompressedClassPointers               = true                                 {lp64_product} {ergonomic}
     bool UseCompressedOops                        = true                                 {lp64_product} {ergonomic}
     bool UseG1GC                                  = true                                      {product} {ergonomic}
     bool UseLargePagesIndividualAllocation        = false                                  {pd product} {ergonomic}

Logging:
Log output configuration:
 #0: stdout all=warning uptime,level,tags
 #1: stderr all=off uptime,level,tags

Environment Variables:
PATH=C:\Program Files\Common Files\Oracle\Java\javapath;C:\Windows\system32;C:\Windows;C:\Windows\System32\Wbem;C:\Windows\System32\WindowsPowerShell\v1.0\;C:\Windows\System32\OpenSSH\;C:\Users\sfjbs\Downloads\micro service-20221021T071039Z-001\micro service\apache-maven-3.8.5-bin\apache-maven-3.8.5\bin;C:\Users\sfjbs\Downloads\micro service-20221021T071039Z-001\micro service\apache-maven-3.8.5-bin\apache-maven-3.8.5\lib;C:\Program Files\Git\cmd;C:\Program Files\Docker\Docker\resources\bin;C:\Users\sfjbs\AppData\Local\Microsoft\WindowsApps;C:\Users\sfjbs\Downloads\micro service-20221021T071039Z-001\micro service\apache-maven-3.8.5-bin\apache-maven-3.8.5\bin;C:\Users\sfjbs\Downloads\micro service-20221021T071039Z-001\micro service\apache-maven-3.8.5-bin\apache-maven-3.8.5\lib;;C:\Program Files\JetBrains\IntelliJ IDEA Community Edition 2022.2.1\bin;
USERNAME=sfjbs
OS=Windows_NT
PROCESSOR_IDENTIFIER=Intel64 Family 6 Model 85 Stepping 7, GenuineIntel



---------------  S Y S T E M  ---------------

OS: Windows 10 , 64 bit Build 19041 (10.0.19041.1889)
Hyper-V role detected

CPU:total 2 (initial active 2) (1 cores per cpu, 2 threads per core) family 6 model 85 stepping 7 microcode 0xffffffff, cmov, cx8, fxsr, mmx, sse, sse2, sse3, ssse3, sse4.1, sse4.2, popcnt, avx, avx2, aes, clmul, erms, rtm, 3dnowpref, lzcnt, ht, tsc, bmi1, bmi2, adx, evex, fma

Memory: 4k page, system-wide physical 8190M (365M free)
TotalPageFile size 10238M (AvailPageFile size 8M)
current process WorkingSet (physical memory assigned to process): 221M, peak: 221M
current process commit charge ("private bytes"): 293M, peak: 293M

vm_info: Java HotSpot(TM) 64-Bit Server VM (11.0.16+11-LTS-199) for windows-amd64 JRE (11.0.16+11-LTS-199), built on Jun 28 2022 08:23:17 by "mach5one" with MS VC++ 15.9 (VS2017)

END.
