#
# There is insufficient memory for the Java Runtime Environment to continue.
# Native memory allocation (malloc) failed to allocate 2369456 bytes for Chunk::new
# Possible reasons:
#   The system is out of physical RAM or swap space
#   The process is running with CompressedOops enabled, and the Java Heap may be blocking the growth of the native heap
# Possible solutions:
#   Reduce memory load on the system
#   Increase physical memory or swap space
#   Check if swap backing store is full
#   Decrease Java heap size (-Xmx/-Xms)
#   Decrease number of Java threads
#   Decrease Java thread stack sizes (-Xss)
#   Set larger code cache with -XX:ReservedCodeCacheSize=
#   JVM is running with Unscaled Compressed Oops mode in which the Java heap is
#     placed in the first 4GB address space. The Java Heap base address is the
#     maximum limit for the native heap growth. Please use -XX:HeapBaseMinAddress
#     to set the Java Heap base and to place the Java Heap above 4GB virtual address.
# This output file may be truncated or incomplete.
#
#  Out of Memory Error (./open/src/hotspot/share/memory/arena.cpp:197), pid=1156, tid=8740
#
# JRE version: Java(TM) SE Runtime Environment 18.9 (11.0.16+11) (build 11.0.16+11-LTS-199)
# Java VM: Java HotSpot(TM) 64-Bit Server VM 18.9 (11.0.16+11-LTS-199, mixed mode, tiered, compressed oops, g1 gc, windows-amd64)
# No core dump will be written. Minidumps are not enabled by default on client versions of Windows
#

---------------  S U M M A R Y ------------

Command Line: -Dclassworlds.conf=C:\Program Files\apache-maven-3.8.6\bin\m2.conf -Dmaven.home=C:\Program Files\apache-maven-3.8.6 -Dlibrary.jansi.path=C:\Program Files\apache-maven-3.8.6\lib\jansi-native -Dmaven.multiModuleProjectDirectory=C:\Users\sfjbs\IdeaProjects\oct31training\vijendra\Mini-Project\PensionManagement\Pension-Management-System org.codehaus.plexus.classworlds.launcher.Launcher dockerfile:build

Host: Intel(R) Xeon(R) Platinum 8370C CPU @ 2.80GHz, 2 cores, 7G,  Windows 10 , 64 bit Build 19041 (10.0.19041.2251)
Time: Mon Nov 14 05:17:15 2022 Coordinated Universal Time elapsed time: 7.923020 seconds (0d 0h 0m 7s)

---------------  T H R E A D  ---------------

Current thread (0x0000022e7ead2000):  JavaThread "C2 CompilerThread0" daemon [_thread_in_native, id=8740, stack(0x0000003149100000,0x0000003149200000)]


Current CompileTask:
C2:   7923 4241   !   4       java.lang.ClassLoader::loadClass (122 bytes)

Stack: [0x0000003149100000,0x0000003149200000]
Native frames: (J=compiled Java code, j=interpreted, Vv=VM code, C=native code)
V  [jvm.dll+0x62a3ea]
V  [jvm.dll+0x76418f]
V  [jvm.dll+0x765839]
V  [jvm.dll+0x765ec3]
V  [jvm.dll+0x23da98]
V  [jvm.dll+0xb2a1c]
V  [jvm.dll+0xb2fdc]
V  [jvm.dll+0x341487]
V  [jvm.dll+0x18cc31]
V  [jvm.dll+0x1f85b2]
V  [jvm.dll+0x1f768d]
V  [jvm.dll+0x177c81]
V  [jvm.dll+0x207006]
V  [jvm.dll+0x20519b]
V  [jvm.dll+0x729fa0]
V  [jvm.dll+0x722b74]
V  [jvm.dll+0x629286]
C  [ucrtbase.dll+0x21bb2]
C  [KERNEL32.DLL+0x174b4]
C  [ntdll.dll+0x526a1]


---------------  P R O C E S S  ---------------

Threads class SMR info:
_java_thread_list=0x0000022e7f56f750, length=10, elements={
0x0000022e65027000, 0x0000022e7eaad000, 0x0000022e7eab7000, 0x0000022e7eacb000,
0x0000022e7eacd800, 0x0000022e7eacf000, 0x0000022e7ead2000, 0x0000022e7ead4000,
0x0000022e7ead9800, 0x0000022e7f59a800
}

Java Threads: ( => current thread )
  0x0000022e65027000 JavaThread "main" [_thread_in_native, id=4384, stack(0x0000003148500000,0x0000003148600000)]
  0x0000022e7eaad000 JavaThread "Reference Handler" daemon [_thread_blocked, id=8456, stack(0x0000003148c00000,0x0000003148d00000)]
  0x0000022e7eab7000 JavaThread "Finalizer" daemon [_thread_blocked, id=372, stack(0x0000003148d00000,0x0000003148e00000)]
  0x0000022e7eacb000 JavaThread "Signal Dispatcher" daemon [_thread_blocked, id=3540, stack(0x0000003148e00000,0x0000003148f00000)]
  0x0000022e7eacd800 JavaThread "Attach Listener" daemon [_thread_blocked, id=10952, stack(0x0000003148f00000,0x0000003149000000)]
  0x0000022e7eacf000 JavaThread "Service Thread" daemon [_thread_blocked, id=11216, stack(0x0000003149000000,0x0000003149100000)]
=>0x0000022e7ead2000 JavaThread "C2 CompilerThread0" daemon [_thread_in_native, id=8740, stack(0x0000003149100000,0x0000003149200000)]
  0x0000022e7ead4000 JavaThread "C1 CompilerThread0" daemon [_thread_blocked, id=3484, stack(0x0000003149200000,0x0000003149300000)]
  0x0000022e7ead9800 JavaThread "Sweeper thread" daemon [_thread_blocked, id=8104, stack(0x0000003149300000,0x0000003149400000)]
  0x0000022e7f59a800 JavaThread "Common-Cleaner" daemon [_thread_blocked, id=3520, stack(0x0000003149500000,0x0000003149600000)]

Other Threads:
  0x0000022e7eaaa800 VMThread "VM Thread" [stack: 0x0000003148b00000,0x0000003148c00000] [id=4008]
  0x0000022e7f595800 WatcherThread [stack: 0x0000003149400000,0x0000003149500000] [id=5328]
  0x0000022e6503b800 GCTaskThread "GC Thread#0" [stack: 0x0000003148600000,0x0000003148700000] [id=2704]
  0x0000022e04090000 GCTaskThread "GC Thread#1" [stack: 0x0000003149600000,0x0000003149700000] [id=7092]
  0x0000022e6506c800 ConcurrentGCThread "G1 Main Marker" [stack: 0x0000003148700000,0x0000003148800000] [id=1200]
  0x0000022e6506d800 ConcurrentGCThread "G1 Conc#0" [stack: 0x0000003148800000,0x0000003148900000] [id=4468]
  0x0000022e650f7800 ConcurrentGCThread "G1 Refine#0" [stack: 0x0000003148900000,0x0000003148a00000] [id=9532]
  0x0000022e650f8800 ConcurrentGCThread "G1 Young RemSet Sampling" [stack: 0x0000003148a00000,0x0000003148b00000] [id=10164]

Threads with active compile tasks:
C2 CompilerThread0     7966 4241   !   4       java.lang.ClassLoader::loadClass (122 bytes)

VM state:not at safepoint (normal execution)

VM Mutex/Monitor currently owned by a thread: None

Heap address: 0x0000000080000000, size: 2048 MB, Compressed Oops mode: 32-bit
Narrow klass base: 0x0000000000000000, Narrow klass shift: 3
Compressed class space size: 1073741824 Address: 0x0000000100000000

Heap:
 garbage-first heap   total 157696K, used 51132K [0x0000000080000000, 0x0000000100000000)
  region size 1024K, 43 young (44032K), 9 survivors (9216K)
 Metaspace       used 34522K, capacity 35025K, committed 35200K, reserved 1081344K
  class space    used 3797K, capacity 3960K, committed 3968K, reserved 1048576K
Heap Regions: E=young(eden), S=young(survivor), O=old, HS=humongous(starts), HC=humongous(continues), CS=collection set, F=free, A=archive, TAMS=top-at-mark-start (previous, next)
|   0|0x0000000080000000, 0x0000000080100000, 0x0000000080100000|100%| O|  |TAMS 0x0000000080100000, 0x0000000080000000| Untracked 
|   1|0x0000000080100000, 0x0000000080200000, 0x0000000080200000|100%| O|  |TAMS 0x0000000080200000, 0x0000000080100000| Untracked 
|   2|0x0000000080200000, 0x0000000080300000, 0x0000000080300000|100%| O|  |TAMS 0x00000000802b2c00, 0x0000000080200000| Untracked 
|   3|0x0000000080300000, 0x0000000080300000, 0x0000000080400000|  0%| F|  |TAMS 0x0000000080300000, 0x0000000080300000| Untracked 
|   4|0x0000000080400000, 0x0000000080400000, 0x0000000080500000|  0%| F|  |TAMS 0x0000000080400000, 0x0000000080400000| Untracked 
|   5|0x0000000080500000, 0x0000000080600000, 0x0000000080600000|100%|HS|  |TAMS 0x0000000080500000, 0x0000000080500000| Complete 
|   6|0x0000000080600000, 0x0000000080700000, 0x0000000080700000|100%| O|  |TAMS 0x0000000080600000, 0x0000000080600000| Untracked 
|   7|0x0000000080700000, 0x0000000080800000, 0x0000000080800000|100%| O|  |TAMS 0x0000000080700000, 0x0000000080700000| Untracked 
|   8|0x0000000080800000, 0x0000000080900000, 0x0000000080900000|100%| O|  |TAMS 0x0000000080800000, 0x0000000080800000| Untracked 
|   9|0x0000000080900000, 0x0000000080a00000, 0x0000000080a00000|100%| O|  |TAMS 0x0000000080900000, 0x0000000080900000| Untracked 
|  10|0x0000000080a00000, 0x0000000080a6f000, 0x0000000080b00000| 43%| O|  |TAMS 0x0000000080a00000, 0x0000000080a00000| Untracked 
|  11|0x0000000080b00000, 0x0000000080b00000, 0x0000000080c00000|  0%| F|  |TAMS 0x0000000080b00000, 0x0000000080b00000| Untracked 
|  12|0x0000000080c00000, 0x0000000080c00000, 0x0000000080d00000|  0%| F|  |TAMS 0x0000000080c00000, 0x0000000080c00000| Untracked 
|  13|0x0000000080d00000, 0x0000000080d00000, 0x0000000080e00000|  0%| F|  |TAMS 0x0000000080d00000, 0x0000000080d00000| Untracked 
|  14|0x0000000080e00000, 0x0000000080e00000, 0x0000000080f00000|  0%| F|  |TAMS 0x0000000080e00000, 0x0000000080e00000| Untracked 
|  15|0x0000000080f00000, 0x0000000080f00000, 0x0000000081000000|  0%| F|  |TAMS 0x0000000080f00000, 0x0000000080f00000| Untracked 
|  16|0x0000000081000000, 0x0000000081000000, 0x0000000081100000|  0%| F|  |TAMS 0x0000000081000000, 0x0000000081000000| Untracked 
|  17|0x0000000081100000, 0x0000000081100000, 0x0000000081200000|  0%| F|  |TAMS 0x0000000081100000, 0x0000000081100000| Untracked 
|  18|0x0000000081200000, 0x0000000081200000, 0x0000000081300000|  0%| F|  |TAMS 0x0000000081200000, 0x0000000081200000| Untracked 
|  19|0x0000000081300000, 0x0000000081300000, 0x0000000081400000|  0%| F|  |TAMS 0x0000000081300000, 0x0000000081300000| Untracked 
|  20|0x0000000081400000, 0x0000000081400000, 0x0000000081500000|  0%| F|  |TAMS 0x0000000081400000, 0x0000000081400000| Untracked 
|  21|0x0000000081500000, 0x0000000081500000, 0x0000000081600000|  0%| F|  |TAMS 0x0000000081500000, 0x0000000081500000| Untracked 
|  22|0x0000000081600000, 0x0000000081600000, 0x0000000081700000|  0%| F|  |TAMS 0x0000000081600000, 0x0000000081600000| Untracked 
|  23|0x0000000081700000, 0x0000000081700000, 0x0000000081800000|  0%| F|  |TAMS 0x0000000081700000, 0x0000000081700000| Untracked 
|  24|0x0000000081800000, 0x0000000081800000, 0x0000000081900000|  0%| F|  |TAMS 0x0000000081800000, 0x0000000081800000| Untracked 
|  25|0x0000000081900000, 0x0000000081900000, 0x0000000081a00000|  0%| F|  |TAMS 0x0000000081900000, 0x0000000081900000| Untracked 
|  26|0x0000000081a00000, 0x0000000081a00000, 0x0000000081b00000|  0%| F|  |TAMS 0x0000000081a00000, 0x0000000081a00000| Untracked 
|  27|0x0000000081b00000, 0x0000000081b00000, 0x0000000081c00000|  0%| F|  |TAMS 0x0000000081b00000, 0x0000000081b00000| Untracked 
|  28|0x0000000081c00000, 0x0000000081c00000, 0x0000000081d00000|  0%| F|  |TAMS 0x0000000081c00000, 0x0000000081c00000| Untracked 
|  29|0x0000000081d00000, 0x0000000081d00000, 0x0000000081e00000|  0%| F|  |TAMS 0x0000000081d00000, 0x0000000081d00000| Untracked 
|  30|0x0000000081e00000, 0x0000000081e00000, 0x0000000081f00000|  0%| F|  |TAMS 0x0000000081e00000, 0x0000000081e00000| Untracked 
|  31|0x0000000081f00000, 0x0000000081f00000, 0x0000000082000000|  0%| F|  |TAMS 0x0000000081f00000, 0x0000000081f00000| Untracked 
|  32|0x0000000082000000, 0x0000000082000000, 0x0000000082100000|  0%| F|  |TAMS 0x0000000082000000, 0x0000000082000000| Untracked 
|  33|0x0000000082100000, 0x0000000082100000, 0x0000000082200000|  0%| F|  |TAMS 0x0000000082100000, 0x0000000082100000| Untracked 
|  34|0x0000000082200000, 0x0000000082200000, 0x0000000082300000|  0%| F|  |TAMS 0x0000000082200000, 0x0000000082200000| Untracked 
|  35|0x0000000082300000, 0x0000000082300000, 0x0000000082400000|  0%| F|  |TAMS 0x0000000082300000, 0x0000000082300000| Untracked 
|  36|0x0000000082400000, 0x0000000082400000, 0x0000000082500000|  0%| F|  |TAMS 0x0000000082400000, 0x0000000082400000| Untracked 
|  37|0x0000000082500000, 0x0000000082500000, 0x0000000082600000|  0%| F|  |TAMS 0x0000000082500000, 0x0000000082500000| Untracked 
|  38|0x0000000082600000, 0x0000000082600000, 0x0000000082700000|  0%| F|  |TAMS 0x0000000082600000, 0x0000000082600000| Untracked 
|  39|0x0000000082700000, 0x0000000082700000, 0x0000000082800000|  0%| F|  |TAMS 0x0000000082700000, 0x0000000082700000| Untracked 
|  40|0x0000000082800000, 0x0000000082800000, 0x0000000082900000|  0%| F|  |TAMS 0x0000000082800000, 0x0000000082800000| Untracked 
|  41|0x0000000082900000, 0x0000000082900000, 0x0000000082a00000|  0%| F|  |TAMS 0x0000000082900000, 0x0000000082900000| Untracked 
|  42|0x0000000082a00000, 0x0000000082a00000, 0x0000000082b00000|  0%| F|  |TAMS 0x0000000082a00000, 0x0000000082a00000| Untracked 
|  43|0x0000000082b00000, 0x0000000082b00000, 0x0000000082c00000|  0%| F|  |TAMS 0x0000000082b00000, 0x0000000082b00000| Untracked 
|  44|0x0000000082c00000, 0x0000000082c00000, 0x0000000082d00000|  0%| F|  |TAMS 0x0000000082c00000, 0x0000000082c00000| Untracked 
|  45|0x0000000082d00000, 0x0000000082d00000, 0x0000000082e00000|  0%| F|  |TAMS 0x0000000082d00000, 0x0000000082d00000| Untracked 
|  46|0x0000000082e00000, 0x0000000082e00000, 0x0000000082f00000|  0%| F|  |TAMS 0x0000000082e00000, 0x0000000082e00000| Untracked 
|  47|0x0000000082f00000, 0x0000000082f00000, 0x0000000083000000|  0%| F|  |TAMS 0x0000000082f00000, 0x0000000082f00000| Untracked 
|  48|0x0000000083000000, 0x0000000083000000, 0x0000000083100000|  0%| F|  |TAMS 0x0000000083000000, 0x0000000083000000| Untracked 
|  49|0x0000000083100000, 0x0000000083100000, 0x0000000083200000|  0%| F|  |TAMS 0x0000000083100000, 0x0000000083100000| Untracked 
|  50|0x0000000083200000, 0x0000000083200000, 0x0000000083300000|  0%| F|  |TAMS 0x0000000083200000, 0x0000000083200000| Untracked 
|  51|0x0000000083300000, 0x0000000083300000, 0x0000000083400000|  0%| F|  |TAMS 0x0000000083300000, 0x0000000083300000| Untracked 
|  52|0x0000000083400000, 0x0000000083400000, 0x0000000083500000|  0%| F|  |TAMS 0x0000000083400000, 0x0000000083400000| Untracked 
|  53|0x0000000083500000, 0x0000000083500000, 0x0000000083600000|  0%| F|  |TAMS 0x0000000083500000, 0x0000000083500000| Untracked 
|  54|0x0000000083600000, 0x0000000083600000, 0x0000000083700000|  0%| F|  |TAMS 0x0000000083600000, 0x0000000083600000| Untracked 
|  55|0x0000000083700000, 0x0000000083700000, 0x0000000083800000|  0%| F|  |TAMS 0x0000000083700000, 0x0000000083700000| Untracked 
|  56|0x0000000083800000, 0x0000000083800000, 0x0000000083900000|  0%| F|  |TAMS 0x0000000083800000, 0x0000000083800000| Untracked 
|  57|0x0000000083900000, 0x0000000083900000, 0x0000000083a00000|  0%| F|  |TAMS 0x0000000083900000, 0x0000000083900000| Untracked 
|  58|0x0000000083a00000, 0x0000000083a00000, 0x0000000083b00000|  0%| F|  |TAMS 0x0000000083a00000, 0x0000000083a00000| Untracked 
|  59|0x0000000083b00000, 0x0000000083b00000, 0x0000000083c00000|  0%| F|  |TAMS 0x0000000083b00000, 0x0000000083b00000| Untracked 
|  60|0x0000000083c00000, 0x0000000083c00000, 0x0000000083d00000|  0%| F|  |TAMS 0x0000000083c00000, 0x0000000083c00000| Untracked 
|  61|0x0000000083d00000, 0x0000000083d00000, 0x0000000083e00000|  0%| F|  |TAMS 0x0000000083d00000, 0x0000000083d00000| Untracked 
|  62|0x0000000083e00000, 0x0000000083e00000, 0x0000000083f00000|  0%| F|  |TAMS 0x0000000083e00000, 0x0000000083e00000| Untracked 
|  63|0x0000000083f00000, 0x0000000083f00000, 0x0000000084000000|  0%| F|  |TAMS 0x0000000083f00000, 0x0000000083f00000| Untracked 
|  64|0x0000000084000000, 0x0000000084000000, 0x0000000084100000|  0%| F|  |TAMS 0x0000000084000000, 0x0000000084000000| Untracked 
|  65|0x0000000084100000, 0x0000000084100000, 0x0000000084200000|  0%| F|  |TAMS 0x0000000084100000, 0x0000000084100000| Untracked 
|  66|0x0000000084200000, 0x0000000084200000, 0x0000000084300000|  0%| F|  |TAMS 0x0000000084200000, 0x0000000084200000| Untracked 
|  67|0x0000000084300000, 0x0000000084300000, 0x0000000084400000|  0%| F|  |TAMS 0x0000000084300000, 0x0000000084300000| Untracked 
|  68|0x0000000084400000, 0x0000000084400000, 0x0000000084500000|  0%| F|  |TAMS 0x0000000084400000, 0x0000000084400000| Untracked 
|  69|0x0000000084500000, 0x0000000084500000, 0x0000000084600000|  0%| F|  |TAMS 0x0000000084500000, 0x0000000084500000| Untracked 
|  70|0x0000000084600000, 0x0000000084680000, 0x0000000084700000| 50%| S|CS|TAMS 0x0000000084600000, 0x0000000084600000| Complete 
|  71|0x0000000084700000, 0x0000000084800000, 0x0000000084800000|100%| S|CS|TAMS 0x0000000084700000, 0x0000000084700000| Complete 
|  72|0x0000000084800000, 0x0000000084900000, 0x0000000084900000|100%| S|CS|TAMS 0x0000000084800000, 0x0000000084800000| Complete 
|  73|0x0000000084900000, 0x0000000084a00000, 0x0000000084a00000|100%| S|CS|TAMS 0x0000000084900000, 0x0000000084900000| Complete 
|  74|0x0000000084a00000, 0x0000000084b00000, 0x0000000084b00000|100%| S|CS|TAMS 0x0000000084a00000, 0x0000000084a00000| Complete 
|  75|0x0000000084b00000, 0x0000000084c00000, 0x0000000084c00000|100%| S|CS|TAMS 0x0000000084b00000, 0x0000000084b00000| Complete 
|  76|0x0000000084c00000, 0x0000000084d00000, 0x0000000084d00000|100%| S|CS|TAMS 0x0000000084c00000, 0x0000000084c00000| Complete 
|  77|0x0000000084d00000, 0x0000000084e00000, 0x0000000084e00000|100%| S|CS|TAMS 0x0000000084d00000, 0x0000000084d00000| Complete 
|  78|0x0000000084e00000, 0x0000000084e00000, 0x0000000084f00000|  0%| F|  |TAMS 0x0000000084e00000, 0x0000000084e00000| Untracked 
|  79|0x0000000084f00000, 0x0000000084f00000, 0x0000000085000000|  0%| F|  |TAMS 0x0000000084f00000, 0x0000000084f00000| Untracked 
|  80|0x0000000085000000, 0x0000000085000000, 0x0000000085100000|  0%| F|  |TAMS 0x0000000085000000, 0x0000000085000000| Untracked 
|  81|0x0000000085100000, 0x0000000085100000, 0x0000000085200000|  0%| F|  |TAMS 0x0000000085100000, 0x0000000085100000| Untracked 
|  82|0x0000000085200000, 0x0000000085200000, 0x0000000085300000|  0%| F|  |TAMS 0x0000000085200000, 0x0000000085200000| Untracked 
|  83|0x0000000085300000, 0x0000000085300000, 0x0000000085400000|  0%| F|  |TAMS 0x0000000085300000, 0x0000000085300000| Untracked 
|  84|0x0000000085400000, 0x0000000085400000, 0x0000000085500000|  0%| F|  |TAMS 0x0000000085400000, 0x0000000085400000| Untracked 
|  85|0x0000000085500000, 0x0000000085500000, 0x0000000085600000|  0%| F|  |TAMS 0x0000000085500000, 0x0000000085500000| Untracked 
|  86|0x0000000085600000, 0x0000000085600000, 0x0000000085700000|  0%| F|  |TAMS 0x0000000085600000, 0x0000000085600000| Untracked 
|  87|0x0000000085700000, 0x0000000085800000, 0x0000000085800000|100%| S|CS|TAMS 0x0000000085700000, 0x0000000085700000| Complete 
|  88|0x0000000085800000, 0x0000000085800000, 0x0000000085900000|  0%| F|  |TAMS 0x0000000085800000, 0x0000000085800000| Untracked 
|  89|0x0000000085900000, 0x0000000085900000, 0x0000000085a00000|  0%| F|  |TAMS 0x0000000085900000, 0x0000000085900000| Untracked 
|  90|0x0000000085a00000, 0x0000000085a00000, 0x0000000085b00000|  0%| F|  |TAMS 0x0000000085a00000, 0x0000000085a00000| Untracked 
|  91|0x0000000085b00000, 0x0000000085b00000, 0x0000000085c00000|  0%| F|  |TAMS 0x0000000085b00000, 0x0000000085b00000| Untracked 
|  92|0x0000000085c00000, 0x0000000085c00000, 0x0000000085d00000|  0%| F|  |TAMS 0x0000000085c00000, 0x0000000085c00000| Untracked 
|  93|0x0000000085d00000, 0x0000000085d00000, 0x0000000085e00000|  0%| F|  |TAMS 0x0000000085d00000, 0x0000000085d00000| Untracked 
|  94|0x0000000085e00000, 0x0000000085e00000, 0x0000000085f00000|  0%| F|  |TAMS 0x0000000085e00000, 0x0000000085e00000| Untracked 
|  95|0x0000000085f00000, 0x0000000085f00000, 0x0000000086000000|  0%| F|  |TAMS 0x0000000085f00000, 0x0000000085f00000| Untracked 
|  96|0x0000000086000000, 0x0000000086000000, 0x0000000086100000|  0%| F|  |TAMS 0x0000000086000000, 0x0000000086000000| Untracked 
|  97|0x0000000086100000, 0x0000000086100000, 0x0000000086200000|  0%| F|  |TAMS 0x0000000086100000, 0x0000000086100000| Untracked 
|  98|0x0000000086200000, 0x0000000086200000, 0x0000000086300000|  0%| F|  |TAMS 0x0000000086200000, 0x0000000086200000| Untracked 
|  99|0x0000000086300000, 0x0000000086300000, 0x0000000086400000|  0%| F|  |TAMS 0x0000000086300000, 0x0000000086300000| Untracked 
| 100|0x0000000086400000, 0x0000000086400000, 0x0000000086500000|  0%| F|  |TAMS 0x0000000086400000, 0x0000000086400000| Untracked 
| 101|0x0000000086500000, 0x0000000086500000, 0x0000000086600000|  0%| F|  |TAMS 0x0000000086500000, 0x0000000086500000| Untracked 
| 102|0x0000000086600000, 0x0000000086600000, 0x0000000086700000|  0%| F|  |TAMS 0x0000000086600000, 0x0000000086600000| Untracked 
| 103|0x0000000086700000, 0x0000000086700000, 0x0000000086800000|  0%| F|  |TAMS 0x0000000086700000, 0x0000000086700000| Untracked 
| 104|0x0000000086800000, 0x0000000086800000, 0x0000000086900000|  0%| F|  |TAMS 0x0000000086800000, 0x0000000086800000| Untracked 
| 105|0x0000000086900000, 0x0000000086900000, 0x0000000086a00000|  0%| F|  |TAMS 0x0000000086900000, 0x0000000086900000| Untracked 
| 106|0x0000000086a00000, 0x0000000086a00000, 0x0000000086b00000|  0%| F|  |TAMS 0x0000000086a00000, 0x0000000086a00000| Untracked 
| 107|0x0000000086b00000, 0x0000000086b00000, 0x0000000086c00000|  0%| F|  |TAMS 0x0000000086b00000, 0x0000000086b00000| Untracked 
| 108|0x0000000086c00000, 0x0000000086c00000, 0x0000000086d00000|  0%| F|  |TAMS 0x0000000086c00000, 0x0000000086c00000| Untracked 
| 109|0x0000000086d00000, 0x0000000086d00000, 0x0000000086e00000|  0%| F|  |TAMS 0x0000000086d00000, 0x0000000086d00000| Untracked 
| 110|0x0000000086e00000, 0x0000000086e00000, 0x0000000086f00000|  0%| F|  |TAMS 0x0000000086e00000, 0x0000000086e00000| Untracked 
| 111|0x0000000086f00000, 0x0000000086f00000, 0x0000000087000000|  0%| F|  |TAMS 0x0000000086f00000, 0x0000000086f00000| Untracked 
| 112|0x0000000087000000, 0x0000000087000000, 0x0000000087100000|  0%| F|  |TAMS 0x0000000087000000, 0x0000000087000000| Untracked 
| 113|0x0000000087100000, 0x0000000087100000, 0x0000000087200000|  0%| F|  |TAMS 0x0000000087100000, 0x0000000087100000| Untracked 
| 114|0x0000000087200000, 0x0000000087200000, 0x0000000087300000|  0%| F|  |TAMS 0x0000000087200000, 0x0000000087200000| Untracked 
| 115|0x0000000087300000, 0x0000000087300000, 0x0000000087400000|  0%| F|  |TAMS 0x0000000087300000, 0x0000000087300000| Untracked 
| 116|0x0000000087400000, 0x0000000087400000, 0x0000000087500000|  0%| F|  |TAMS 0x0000000087400000, 0x0000000087400000| Untracked 
| 117|0x0000000087500000, 0x0000000087500000, 0x0000000087600000|  0%| F|  |TAMS 0x0000000087500000, 0x0000000087500000| Untracked 
| 118|0x0000000087600000, 0x0000000087600000, 0x0000000087700000|  0%| F|  |TAMS 0x0000000087600000, 0x0000000087600000| Untracked 
| 119|0x0000000087700000, 0x0000000087700000, 0x0000000087800000|  0%| F|  |TAMS 0x0000000087700000, 0x0000000087700000| Untracked 
| 120|0x0000000087800000, 0x0000000087900000, 0x0000000087900000|100%| E|  |TAMS 0x0000000087800000, 0x0000000087800000| Complete 
| 121|0x0000000087900000, 0x0000000087a00000, 0x0000000087a00000|100%| E|CS|TAMS 0x0000000087900000, 0x0000000087900000| Complete 
| 122|0x0000000087a00000, 0x0000000087b00000, 0x0000000087b00000|100%| E|CS|TAMS 0x0000000087a00000, 0x0000000087a00000| Complete 
| 123|0x0000000087b00000, 0x0000000087c00000, 0x0000000087c00000|100%| E|CS|TAMS 0x0000000087b00000, 0x0000000087b00000| Complete 
| 124|0x0000000087c00000, 0x0000000087d00000, 0x0000000087d00000|100%| E|CS|TAMS 0x0000000087c00000, 0x0000000087c00000| Complete 
| 125|0x0000000087d00000, 0x0000000087e00000, 0x0000000087e00000|100%| E|CS|TAMS 0x0000000087d00000, 0x0000000087d00000| Complete 
| 126|0x0000000087e00000, 0x0000000087f00000, 0x0000000087f00000|100%| E|CS|TAMS 0x0000000087e00000, 0x0000000087e00000| Complete 
| 127|0x0000000087f00000, 0x0000000088000000, 0x0000000088000000|100%| E|CS|TAMS 0x0000000087f00000, 0x0000000087f00000| Complete 
| 128|0x0000000088000000, 0x0000000088100000, 0x0000000088100000|100%| E|CS|TAMS 0x0000000088000000, 0x0000000088000000| Complete 
| 129|0x0000000088100000, 0x0000000088200000, 0x0000000088200000|100%| E|CS|TAMS 0x0000000088100000, 0x0000000088100000| Complete 
| 130|0x0000000088200000, 0x0000000088300000, 0x0000000088300000|100%| E|CS|TAMS 0x0000000088200000, 0x0000000088200000| Complete 
| 131|0x0000000088300000, 0x0000000088400000, 0x0000000088400000|100%| E|CS|TAMS 0x0000000088300000, 0x0000000088300000| Complete 
| 132|0x0000000088400000, 0x0000000088500000, 0x0000000088500000|100%| E|CS|TAMS 0x0000000088400000, 0x0000000088400000| Complete 
| 133|0x0000000088500000, 0x0000000088600000, 0x0000000088600000|100%| E|CS|TAMS 0x0000000088500000, 0x0000000088500000| Complete 
| 134|0x0000000088600000, 0x0000000088700000, 0x0000000088700000|100%| E|CS|TAMS 0x0000000088600000, 0x0000000088600000| Complete 
| 135|0x0000000088700000, 0x0000000088800000, 0x0000000088800000|100%| E|CS|TAMS 0x0000000088700000, 0x0000000088700000| Complete 
| 136|0x0000000088800000, 0x0000000088900000, 0x0000000088900000|100%| E|CS|TAMS 0x0000000088800000, 0x0000000088800000| Complete 
| 137|0x0000000088900000, 0x0000000088a00000, 0x0000000088a00000|100%| E|CS|TAMS 0x0000000088900000, 0x0000000088900000| Complete 
| 138|0x0000000088a00000, 0x0000000088b00000, 0x0000000088b00000|100%| E|CS|TAMS 0x0000000088a00000, 0x0000000088a00000| Complete 
| 139|0x0000000088b00000, 0x0000000088c00000, 0x0000000088c00000|100%| E|CS|TAMS 0x0000000088b00000, 0x0000000088b00000| Complete 
| 140|0x0000000088c00000, 0x0000000088d00000, 0x0000000088d00000|100%| E|CS|TAMS 0x0000000088c00000, 0x0000000088c00000| Complete 
| 141|0x0000000088d00000, 0x0000000088e00000, 0x0000000088e00000|100%| E|CS|TAMS 0x0000000088d00000, 0x0000000088d00000| Complete 
| 142|0x0000000088e00000, 0x0000000088f00000, 0x0000000088f00000|100%| E|CS|TAMS 0x0000000088e00000, 0x0000000088e00000| Complete 
| 143|0x0000000088f00000, 0x0000000089000000, 0x0000000089000000|100%| E|CS|TAMS 0x0000000088f00000, 0x0000000088f00000| Complete 
| 144|0x0000000089000000, 0x0000000089100000, 0x0000000089100000|100%| E|CS|TAMS 0x0000000089000000, 0x0000000089000000| Complete 
| 145|0x0000000089100000, 0x0000000089200000, 0x0000000089200000|100%| E|CS|TAMS 0x0000000089100000, 0x0000000089100000| Complete 
| 146|0x0000000089200000, 0x0000000089300000, 0x0000000089300000|100%| E|CS|TAMS 0x0000000089200000, 0x0000000089200000| Complete 
| 147|0x0000000089300000, 0x0000000089400000, 0x0000000089400000|100%| E|CS|TAMS 0x0000000089300000, 0x0000000089300000| Complete 
| 148|0x0000000089400000, 0x0000000089500000, 0x0000000089500000|100%| E|CS|TAMS 0x0000000089400000, 0x0000000089400000| Complete 
| 149|0x0000000089500000, 0x0000000089600000, 0x0000000089600000|100%| E|CS|TAMS 0x0000000089500000, 0x0000000089500000| Complete 
| 150|0x0000000089600000, 0x0000000089700000, 0x0000000089700000|100%| E|CS|TAMS 0x0000000089600000, 0x0000000089600000| Complete 
| 151|0x0000000089700000, 0x0000000089800000, 0x0000000089800000|100%| E|CS|TAMS 0x0000000089700000, 0x0000000089700000| Complete 
| 152|0x0000000089800000, 0x0000000089900000, 0x0000000089900000|100%| E|CS|TAMS 0x0000000089800000, 0x0000000089800000| Complete 
| 153|0x0000000089900000, 0x0000000089a00000, 0x0000000089a00000|100%| E|CS|TAMS 0x0000000089900000, 0x0000000089900000| Complete 

Card table byte_map: [0x0000022e7bee0000,0x0000022e7c2e0000] _byte_map_base: 0x0000022e7bae0000

Marking Bits (Prev, Next): (CMBitMap*) 0x0000022e65063820, (CMBitMap*) 0x0000022e650637e8
 Prev Bits: [0x0000022e00000000, 0x0000022e02000000)
 Next Bits: [0x0000022e7c6e0000, 0x0000022e7e6e0000)

Polling page: 0x0000022e636c0000

Metaspace:

Usage:
  Non-class:     30.34 MB capacity,    30.01 MB ( 99%) used,   297.68 KB ( <1%) free+waste,    42.19 KB ( <1%) overhead. 
      Class:      3.87 MB capacity,     3.71 MB ( 96%) used,   146.16 KB (  4%) free+waste,    16.44 KB ( <1%) overhead. 
       Both:     34.20 MB capacity,    33.71 MB ( 99%) used,   443.84 KB (  1%) free+waste,    58.63 KB ( <1%) overhead. 

Virtual space:
  Non-class space:       32.00 MB reserved,      30.50 MB ( 95%) committed 
      Class space:        1.00 GB reserved,       3.88 MB ( <1%) committed 
             Both:        1.03 GB reserved,      34.38 MB (  3%) committed 

Chunk freelists:
   Non-Class:  4.88 KB
       Class:  1.00 KB
        Both:  5.88 KB

CodeHeap 'non-profiled nmethods': size=120064Kb used=1895Kb max_used=1895Kb free=118168Kb
 bounds [0x0000022e741a0000, 0x0000022e74410000, 0x0000022e7b6e0000]
CodeHeap 'profiled nmethods': size=120000Kb used=9963Kb max_used=9963Kb free=110036Kb
 bounds [0x0000022e6cc70000, 0x0000022e6d630000, 0x0000022e741a0000]
CodeHeap 'non-nmethods': size=5696Kb used=1162Kb max_used=1171Kb free=4533Kb
 bounds [0x0000022e6c6e0000, 0x0000022e6c950000, 0x0000022e6cc70000]
 total_blobs=4795 nmethods=4309 adapters=397
 compilation: enabled
              stopped_count=0, restarted_count=0
 full_count=0

Compilation events (10 events):
Event: 7.878 Thread 0x0000022e7ead4000 nmethod 4315 0x0000022e6d626510 code [0x0000022e6d6267c0, 0x0000022e6d6274b8]
Event: 7.878 Thread 0x0000022e7ead4000 4316       1       com.spotify.docker.client.shaded.com.fasterxml.jackson.databind.JavaType::hashCode (5 bytes)
Event: 7.878 Thread 0x0000022e7ead4000 nmethod 4316 0x0000022e74379590 code [0x0000022e74379720, 0x0000022e743797d8]
Event: 7.879 Thread 0x0000022e7ead4000 4317       1       sun.reflect.generics.reflectiveObjects.TypeVariableImpl::getName (5 bytes)
Event: 7.879 Thread 0x0000022e7ead4000 nmethod 4317 0x0000022e74379890 code [0x0000022e74379a20, 0x0000022e74379ad8]
Event: 7.879 Thread 0x0000022e7ead4000 4318       1       com.spotify.docker.client.shaded.com.fasterxml.jackson.databind.DeserializationContext::getConfig (5 bytes)
Event: 7.879 Thread 0x0000022e7ead4000 nmethod 4318 0x0000022e74379b90 code [0x0000022e74379d20, 0x0000022e74379dd8]
Event: 7.879 Thread 0x0000022e7ead4000 4319       3       com.spotify.docker.client.shaded.com.fasterxml.jackson.databind.cfg.MapperConfig::isEnabled (18 bytes)
Event: 7.879 Thread 0x0000022e7ead4000 nmethod 4319 0x0000022e6d627b90 code [0x0000022e6d627d20, 0x0000022e6d627e98]
Event: 7.908 Thread 0x0000022e7ead4000 4320       3       java.lang.ClassLoader::definePackage (84 bytes)

GC Heap History (10 events):
Event: 1.321 GC heap before
{Heap before GC invocations=2 (full 0):
 garbage-first heap   total 131072K, used 16512K [0x0000000080000000, 0x0000000100000000)
  region size 1024K, 14 young (14336K), 1 survivors (1024K)
 Metaspace       used 12428K, capacity 12596K, committed 12672K, reserved 1060864K
  class space    used 1265K, capacity 1348K, committed 1408K, reserved 1048576K
}
Event: 1.325 GC heap after
{Heap after GC invocations=3 (full 0):
 garbage-first heap   total 131072K, used 3713K [0x0000000080000000, 0x0000000100000000)
  region size 1024K, 2 young (2048K), 2 survivors (2048K)
 Metaspace       used 12428K, capacity 12596K, committed 12672K, reserved 1060864K
  class space    used 1265K, capacity 1348K, committed 1408K, reserved 1048576K
}
Event: 1.869 GC heap before
{Heap before GC invocations=3 (full 0):
 garbage-first heap   total 131072K, used 22145K [0x0000000080000000, 0x0000000100000000)
  region size 1024K, 20 young (20480K), 2 survivors (2048K)
 Metaspace       used 14861K, capacity 15036K, committed 15232K, reserved 1062912K
  class space    used 1566K, capacity 1649K, committed 1664K, reserved 1048576K
}
Event: 1.875 GC heap after
{Heap after GC invocations=4 (full 0):
 garbage-first heap   total 131072K, used 4506K [0x0000000080000000, 0x0000000100000000)
  region size 1024K, 3 young (3072K), 3 survivors (3072K)
 Metaspace       used 14861K, capacity 15036K, committed 15232K, reserved 1062912K
  class space    used 1566K, capacity 1649K, committed 1664K, reserved 1048576K
}
Event: 3.252 GC heap before
{Heap before GC invocations=4 (full 0):
 garbage-first heap   total 131072K, used 38298K [0x0000000080000000, 0x0000000100000000)
  region size 1024K, 36 young (36864K), 3 survivors (3072K)
 Metaspace       used 19850K, capacity 20200K, committed 20480K, reserved 1067008K
  class space    used 2121K, capacity 2247K, committed 2304K, reserved 1048576K
}
Event: 3.269 GC heap after
{Heap after GC invocations=5 (full 0):
 garbage-first heap   total 157696K, used 7883K [0x0000000080000000, 0x0000000100000000)
  region size 1024K, 5 young (5120K), 5 survivors (5120K)
 Metaspace       used 19850K, capacity 20200K, committed 20480K, reserved 1067008K
  class space    used 2121K, capacity 2247K, committed 2304K, reserved 1048576K
}
Event: 4.908 GC heap before
{Heap before GC invocations=5 (full 0):
 garbage-first heap   total 157696K, used 69323K [0x0000000080000000, 0x0000000100000000)
  region size 1024K, 66 young (67584K), 5 survivors (5120K)
 Metaspace       used 20962K, capacity 21225K, committed 21248K, reserved 1069056K
  class space    used 2170K, capacity 2289K, committed 2304K, reserved 1048576K
}
Event: 4.933 GC heap after
{Heap after GC invocations=6 (full 0):
 garbage-first heap   total 157696K, used 12410K [0x0000000080000000, 0x0000000100000000)
  region size 1024K, 10 young (10240K), 10 survivors (10240K)
 Metaspace       used 20962K, capacity 21225K, committed 21248K, reserved 1069056K
  class space    used 2170K, capacity 2289K, committed 2304K, reserved 1048576K
}
Event: 6.639 GC heap before
{Heap before GC invocations=7 (full 0):
 garbage-first heap   total 157696K, used 81018K [0x0000000080000000, 0x0000000100000000)
  region size 1024K, 75 young (76800K), 10 survivors (10240K)
 Metaspace       used 27575K, capacity 27938K, committed 28160K, reserved 1075200K
  class space    used 2923K, capacity 3052K, committed 3072K, reserved 1048576K
}
Event: 6.668 GC heap after
{Heap after GC invocations=8 (full 0):
 garbage-first heap   total 157696K, used 17340K [0x0000000080000000, 0x0000000100000000)
  region size 1024K, 9 young (9216K), 9 survivors (9216K)
 Metaspace       used 27575K, capacity 27938K, committed 28160K, reserved 1075200K
  class space    used 2923K, capacity 3052K, committed 3072K, reserved 1048576K
}

Deoptimization events (10 events):
Event: 7.450 Thread 0x0000022e65027000 Uncommon trap: reason=unstable_if action=reinterpret pc=0x0000022e74369630 method=java.io.BufferedReader.readLine(Z)Ljava/lang/String; @ 55 c2
Event: 7.598 Thread 0x0000022e65027000 Uncommon trap: reason=bimorphic_or_optimized_type_check action=maybe_recompile pc=0x0000022e743009a4 method=java.util.concurrent.ConcurrentHashMap.putAll(Ljava/util/Map;)V @ 23 c2
Event: 7.635 Thread 0x0000022e65027000 Uncommon trap: reason=unstable_if action=reinterpret pc=0x0000022e741d4b6c method=java.util.concurrent.ConcurrentHashMap.get(Ljava/lang/Object;)Ljava/lang/Object; @ 76 c2
Event: 7.701 Thread 0x0000022e65027000 Uncommon trap: reason=unstable_if action=reinterpret pc=0x0000022e74372e40 method=java.util.Properties.loadConvert([CIILjava/lang/StringBuilder;)Ljava/lang/String; @ 26 c2
Event: 7.737 Thread 0x0000022e65027000 Uncommon trap: reason=unstable_if action=reinterpret pc=0x0000022e74317938 method=java.lang.ThreadLocal$ThreadLocalMap.getEntry(Ljava/lang/ThreadLocal;)Ljava/lang/ThreadLocal$ThreadLocalMap$Entry; @ 29 c2
Event: 7.782 Thread 0x0000022e65027000 Uncommon trap: reason=unstable_if action=reinterpret pc=0x0000022e741d507c method=sun.net.www.ParseUtil.firstEncodeIndex(Ljava/lang/String;)I @ 51 c2
Event: 7.828 Thread 0x0000022e65027000 Uncommon trap: reason=class_check action=maybe_recompile pc=0x0000022e74371394 method=java.util.concurrent.ConcurrentHashMap.putVal(Ljava/lang/Object;Ljava/lang/Object;Z)Ljava/lang/Object; @ 159 c2
Event: 7.832 Thread 0x0000022e65027000 Uncommon trap: reason=class_check action=maybe_recompile pc=0x0000022e74371394 method=java.util.concurrent.ConcurrentHashMap.putVal(Ljava/lang/Object;Ljava/lang/Object;Z)Ljava/lang/Object; @ 159 c2
Event: 7.848 Thread 0x0000022e65027000 Uncommon trap: reason=class_check action=maybe_recompile pc=0x0000022e74371394 method=java.util.concurrent.ConcurrentHashMap.putVal(Ljava/lang/Object;Ljava/lang/Object;Z)Ljava/lang/Object; @ 159 c2
Event: 7.848 Thread 0x0000022e65027000 Uncommon trap: reason=class_check action=maybe_recompile pc=0x0000022e74371394 method=java.util.concurrent.ConcurrentHashMap.putVal(Ljava/lang/Object;Ljava/lang/Object;Z)Ljava/lang/Object; @ 159 c2

Classes redefined (0 events):
No events

Internal exceptions (10 events):
Event: 6.603 Thread 0x0000022e65027000 Exception <a 'java/net/UnknownHostException'{0x000000008591e940}> (0x000000008591e940) thrown at [./open/src/hotspot/share/prims/jni.cpp, line 611]
Event: 6.681 Thread 0x0000022e65027000 Exception <a 'sun/nio/fs/WindowsException'{0x000000008999dcb8}> (0x000000008999dcb8) thrown at [./open/src/hotspot/share/prims/jni.cpp, line 611]
Event: 6.681 Thread 0x0000022e65027000 Exception <a 'sun/nio/fs/WindowsException'{0x000000008999e050}> (0x000000008999e050) thrown at [./open/src/hotspot/share/prims/jni.cpp, line 611]
Event: 6.758 Thread 0x0000022e65027000 Exception <a 'java/lang/NoClassDefFoundError'{0x000000008958c8c8}: org/apache/log4j/Priority> (0x000000008958c8c8) thrown at [./open/src/hotspot/share/classfile/systemDictionary.cpp, line 215]
Event: 6.815 Thread 0x0000022e65027000 Exception <a 'sun/nio/fs/WindowsException'{0x000000008947fee0}> (0x000000008947fee0) thrown at [./open/src/hotspot/share/prims/jni.cpp, line 611]
Event: 6.828 Thread 0x0000022e65027000 Exception <a 'java/lang/NoSuchMethodError'{0x000000008949f578}: java.lang.invoke.DirectMethodHandle$Holder.invokeStaticInit(Ljava/lang/Object;Ljava/lang/Object;Ljava/lang/Object;Ljava/lang/Object;)I> (0x000000008949f578) thrown at [./open/src/hotspot/shar
Event: 6.829 Thread 0x0000022e65027000 Exception <a 'java/lang/IncompatibleClassChangeError'{0x00000000894a8d40}: Found class java.lang.Object, but interface was expected> (0x00000000894a8d40) thrown at [./open/src/hotspot/share/interpreter/linkResolver.cpp, line 838]
Event: 6.830 Thread 0x0000022e65027000 Exception <a 'java/lang/NoSuchMethodError'{0x00000000894abfb0}: java.lang.invoke.DirectMethodHandle$Holder.invokeStaticInit(Ljava/lang/Object;Ljava/lang/Object;)V> (0x00000000894abfb0) thrown at [./open/src/hotspot/share/interpreter/linkResolver.cpp, line
Event: 6.831 Thread 0x0000022e65027000 Exception <a 'java/lang/NoSuchMethodError'{0x00000000894b1f40}: java.lang.invoke.DirectMethodHandle$Holder.invokeStaticInit(Ljava/lang/Object;Ljava/lang/Object;)I> (0x00000000894b1f40) thrown at [./open/src/hotspot/share/interpreter/linkResolver.cpp, line
Event: 7.130 Thread 0x0000022e65027000 Exception <a 'java/lang/NoSuchMethodError'{0x0000000088ff7548}: java.lang.invoke.DirectMethodHandle$Holder.invokeStaticInit(Ljava/lang/Object;Ljava/lang/Object;IIII)Ljava/lang/Object;> (0x0000000088ff7548) thrown at [./open/src/hotspot/share/interpreter/l

Events (10 events):
Event: 7.906 loading class com/spotify/docker/client/shaded/com/google/common/collect/MapDifference
Event: 7.906 loading class com/spotify/docker/client/shaded/com/google/common/collect/MapDifference done
Event: 7.907 loading class com/spotify/docker/client/shaded/com/google/common/collect/SortedMapDifference
Event: 7.907 loading class com/spotify/docker/client/shaded/com/google/common/collect/SortedMapDifference done
Event: 7.907 loading class com/spotify/docker/client/shaded/com/google/common/collect/SortedMapDifference
Event: 7.907 loading class com/spotify/docker/client/shaded/com/google/common/collect/SortedMapDifference done
Event: 7.907 loading class com/spotify/docker/client/shaded/com/google/common/collect/ImmutableEnumMap
Event: 7.907 loading class com/spotify/docker/client/shaded/com/google/common/collect/ImmutableEnumMap done
Event: 7.908 loading class com/spotify/docker/client/shaded/com/google/common/collect/ImmutableEnumMap
Event: 7.908 loading class com/spotify/docker/client/shaded/com/google/common/collect/ImmutableEnumMap done


Dynamic libraries:
0x00007ff7869b0000 - 0x00007ff7869bf000 	C:\Program Files\Java\jdk-11.0.16\bin\java.exe
0x00007ffe5d010000 - 0x00007ffe5d208000 	C:\Windows\SYSTEM32\ntdll.dll
0x00007ffe5c7d0000 - 0x00007ffe5c88f000 	C:\Windows\System32\KERNEL32.DLL
0x00007ffe5aab0000 - 0x00007ffe5ad82000 	C:\Windows\System32\KERNELBASE.dll
0x00007ffe5a710000 - 0x00007ffe5a810000 	C:\Windows\System32\ucrtbase.dll
0x00007ffe37b00000 - 0x00007ffe37b15000 	C:\Program Files\Java\jdk-11.0.16\bin\VCRUNTIME140.dll
0x00007ffe37b60000 - 0x00007ffe37b78000 	C:\Program Files\Java\jdk-11.0.16\bin\jli.dll
0x00007ffe5b500000 - 0x00007ffe5b5ae000 	C:\Windows\System32\ADVAPI32.dll
0x00007ffe5b400000 - 0x00007ffe5b49e000 	C:\Windows\System32\msvcrt.dll
0x00007ffe5c580000 - 0x00007ffe5c61c000 	C:\Windows\System32\sechost.dll
0x00007ffe5b2d0000 - 0x00007ffe5b3f5000 	C:\Windows\System32\RPCRT4.dll
0x00007ffe5ce20000 - 0x00007ffe5cfbd000 	C:\Windows\System32\USER32.dll
0x00007ffe5a970000 - 0x00007ffe5a992000 	C:\Windows\System32\win32u.dll
0x00007ffe5c500000 - 0x00007ffe5c52b000 	C:\Windows\System32\GDI32.dll
0x00007ffe5a9a0000 - 0x00007ffe5aaaf000 	C:\Windows\System32\gdi32full.dll
0x00007ffe5ad90000 - 0x00007ffe5ae2d000 	C:\Windows\System32\msvcp_win.dll
0x00007ffe3d2b0000 - 0x00007ffe3d54a000 	C:\Windows\WinSxS\amd64_microsoft.windows.common-controls_6595b64144ccf1df_6.0.19041.1110_none_60b5254171f9507e\COMCTL32.dll
0x00007ffe51fe0000 - 0x00007ffe51fea000 	C:\Windows\SYSTEM32\VERSION.dll
0x00007ffe5c540000 - 0x00007ffe5c572000 	C:\Windows\System32\IMM32.DLL
0x00007ffe0adb0000 - 0x00007ffe0ae4b000 	C:\Program Files\Java\jdk-11.0.16\bin\msvcp140.dll
0x00007ffdf19d0000 - 0x00007ffdf24e8000 	C:\Program Files\Java\jdk-11.0.16\bin\server\jvm.dll
0x00007ffe5cfc0000 - 0x00007ffe5cfc8000 	C:\Windows\System32\PSAPI.DLL
0x00007ffe561b0000 - 0x00007ffe561b9000 	C:\Windows\SYSTEM32\WSOCK32.dll
0x00007ffe5c680000 - 0x00007ffe5c6eb000 	C:\Windows\System32\WS2_32.dll
0x00007ffe3b2b0000 - 0x00007ffe3b2d7000 	C:\Windows\SYSTEM32\WINMM.dll
0x00007ffe585b0000 - 0x00007ffe585c2000 	C:\Windows\SYSTEM32\kernel.appcore.dll
0x00007ffe3c4a0000 - 0x00007ffe3c4b0000 	C:\Program Files\Java\jdk-11.0.16\bin\verify.dll
0x00007ffe4bc10000 - 0x00007ffe4bdf4000 	C:\Windows\SYSTEM32\DBGHELP.DLL
0x00007ffe4bf70000 - 0x00007ffe4bf9c000 	C:\Windows\SYSTEM32\dbgcore.DLL
0x00007ffe5ae30000 - 0x00007ffe5aeb2000 	C:\Windows\System32\bcryptPrimitives.dll
0x00007ffe30110000 - 0x00007ffe30138000 	C:\Program Files\Java\jdk-11.0.16\bin\java.dll
0x00007ffe3c420000 - 0x00007ffe3c42a000 	C:\Program Files\Java\jdk-11.0.16\bin\jimage.dll
0x00007ffe36b70000 - 0x00007ffe36b86000 	C:\Program Files\Java\jdk-11.0.16\bin\zip.dll
0x00007ffe5bdb0000 - 0x00007ffe5c4f3000 	C:\Windows\System32\SHELL32.dll
0x00007ffe587b0000 - 0x00007ffe58f42000 	C:\Windows\SYSTEM32\windows.storage.dll
0x00007ffe5b7e0000 - 0x00007ffe5bb34000 	C:\Windows\System32\combase.dll
0x00007ffe59fb0000 - 0x00007ffe59fe0000 	C:\Windows\SYSTEM32\Wldp.dll
0x00007ffe5b5b0000 - 0x00007ffe5b65d000 	C:\Windows\System32\SHCORE.dll
0x00007ffe5bb40000 - 0x00007ffe5bb95000 	C:\Windows\System32\shlwapi.dll
0x00007ffe5a650000 - 0x00007ffe5a66f000 	C:\Windows\SYSTEM32\profapi.dll
0x00007ffe35e10000 - 0x00007ffe35e29000 	C:\Program Files\Java\jdk-11.0.16\bin\net.dll
0x00007ffe51c60000 - 0x00007ffe51d6c000 	C:\Windows\SYSTEM32\WINHTTP.dll
0x00007ffe59d90000 - 0x00007ffe59dfa000 	C:\Windows\system32\mswsock.dll
0x00007ffe35dd0000 - 0x00007ffe35de2000 	C:\Program Files\Java\jdk-11.0.16\bin\nio.dll
0x0000000069ac0000 - 0x0000000069ae4000 	C:\Program Files\apache-maven-3.8.6\lib\jansi-native\Windows\x86_64\jansi.dll
0x00007ffe59af0000 - 0x00007ffe59bba000 	C:\Windows\SYSTEM32\DNSAPI.dll
0x00007ffe59aa0000 - 0x00007ffe59adb000 	C:\Windows\SYSTEM32\IPHLPAPI.DLL
0x00007ffe5c530000 - 0x00007ffe5c538000 	C:\Windows\System32\NSI.dll
0x00007ffe51230000 - 0x00007ffe5123a000 	C:\Windows\System32\rasadhlp.dll
0x00007ffe37b80000 - 0x00007ffe37ba5000 	C:\Program Files\Java\jdk-11.0.16\bin\sunec.dll
0x00007ffe59ff0000 - 0x00007ffe5a008000 	C:\Windows\SYSTEM32\CRYPTSP.dll
0x00007ffe596d0000 - 0x00007ffe59704000 	C:\Windows\system32\rsaenh.dll
0x00007ffe5b030000 - 0x00007ffe5b057000 	C:\Windows\System32\bcrypt.dll
0x00007ffe5a610000 - 0x00007ffe5a63e000 	C:\Windows\SYSTEM32\USERENV.dll
0x00007ffe59f20000 - 0x00007ffe59f2c000 	C:\Windows\SYSTEM32\CRYPTBASE.dll
0x00007ffe52b90000 - 0x00007ffe52ba7000 	C:\Windows\SYSTEM32\dhcpcsvc6.DLL
0x00007ffe52b70000 - 0x00007ffe52b8d000 	C:\Windows\SYSTEM32\dhcpcsvc.DLL

dbghelp: loaded successfully - version: 4.0.5 - missing functions: none
symbol engine: initialized successfully - sym options: 0x614 - pdb path: .;C:\Program Files\Java\jdk-11.0.16\bin;C:\Windows\SYSTEM32;C:\Windows\WinSxS\amd64_microsoft.windows.common-controls_6595b64144ccf1df_6.0.19041.1110_none_60b5254171f9507e;C:\Program Files\Java\jdk-11.0.16\bin\server;C:\Program Files\apache-maven-3.8.6\lib\jansi-native\Windows\x86_64

VM Arguments:
jvm_args: -Dclassworlds.conf=C:\Program Files\apache-maven-3.8.6\bin\m2.conf -Dmaven.home=C:\Program Files\apache-maven-3.8.6 -Dlibrary.jansi.path=C:\Program Files\apache-maven-3.8.6\lib\jansi-native -Dmaven.multiModuleProjectDirectory=C:\Users\sfjbs\IdeaProjects\oct31training\vijendra\Mini-Project\PensionManagement\Pension-Management-System 
java_command: org.codehaus.plexus.classworlds.launcher.Launcher dockerfile:build
java_class_path (initial): C:\Program Files\apache-maven-3.8.6\boot\plexus-classworlds-2.6.0.jar
Launcher Type: SUN_STANDARD

[Global flags]
     intx CICompilerCount                          = 2                                         {product} {ergonomic}
     uint ConcGCThreads                            = 1                                         {product} {ergonomic}
     uint G1ConcRefinementThreads                  = 2                                         {product} {ergonomic}
   size_t G1HeapRegionSize                         = 1048576                                   {product} {ergonomic}
    uintx GCDrainStackTargetSize                   = 64                                        {product} {ergonomic}
   size_t InitialHeapSize                          = 134217728                                 {product} {ergonomic}
   size_t MarkStackSize                            = 4194304                                   {product} {ergonomic}
   size_t MaxHeapSize                              = 2147483648                                {product} {ergonomic}
   size_t MaxNewSize                               = 1287651328                                {product} {ergonomic}
   size_t MinHeapDeltaBytes                        = 1048576                                   {product} {ergonomic}
    uintx NonNMethodCodeHeapSize                   = 5825164                                {pd product} {ergonomic}
    uintx NonProfiledCodeHeapSize                  = 122916538                              {pd product} {ergonomic}
    uintx ProfiledCodeHeapSize                     = 122916538                              {pd product} {ergonomic}
    uintx ReservedCodeCacheSize                    = 251658240                              {pd product} {ergonomic}
     bool SegmentedCodeCache                       = true                                      {product} {ergonomic}
     bool UseCompressedClassPointers               = true                                 {lp64_product} {ergonomic}
     bool UseCompressedOops                        = true                                 {lp64_product} {ergonomic}
     bool UseG1GC                                  = true                                      {product} {ergonomic}
     bool UseLargePagesIndividualAllocation        = false                                  {pd product} {ergonomic}

Logging:
Log output configuration:
 #0: stdout all=warning uptime,level,tags
 #1: stderr all=off uptime,level,tags

Environment Variables:
PATH=C:\Program Files\Common Files\Oracle\Java\javapath;C:\Windows\system32;C:\Windows;C:\Windows\System32\Wbem;C:\Windows\System32\WindowsPowerShell\v1.0\;C:\Windows\System32\OpenSSH\;C:\Users\sfjbs\Downloads\micro service-20221021T070406Z-001\micro service\apache-maven-3.8.5-bin.zip\apache-maven-3.8.5\bin;C:\Users\sfjbs\Downloads\micro service-20221021T070406Z-001\micro service\apache-maven-3.8.5-bin.zip\apache-maven-3.8.5\lib;C:\Program Files\Git\cmd;C:\Program Files\Docker\Docker\resources\bin;C:\Program Files\apache-maven-3.8.6\bin;C:\Users\sfjbs\AppData\Local\Microsoft\WindowsApps;C:\Users\sfjbs\Downloads\micro service-20221021T070406Z-001\micro service\apache-maven-3.8.5-bin.zip\apache-maven-3.8.5\bin;C:\Users\sfjbs\Downloads\micro service-20221021T070406Z-001\micro service\apache-maven-3.8.5-bin.zip\apache-maven-3.8.5\lib;C:\Program Files\JetBrains\IntelliJ IDEA Community Edition 2022.2.1\bin;;C:\Program Files\apache-maven-3.8.6\bin;C:\Users\sfjbs\apache-maven-3.8.6\bin;
USERNAME=sfjbs
OS=Windows_NT
PROCESSOR_IDENTIFIER=Intel64 Family 6 Model 106 Stepping 6, GenuineIntel



---------------  S Y S T E M  ---------------

OS: Windows 10 , 64 bit Build 19041 (10.0.19041.2251)
Hyper-V role detected

CPU:total 2 (initial active 2) (1 cores per cpu, 2 threads per core) family 6 model 106 stepping 6 microcode 0xffffffff, cmov, cx8, fxsr, mmx, sse, sse2, sse3, ssse3, sse4.1, sse4.2, popcnt, avx, avx2, aes, clmul, erms, rtm, 3dnowpref, lzcnt, ht, tsc, bmi1, bmi2, adx, evex, fma

Memory: 4k page, system-wide physical 8190M (524M free)
TotalPageFile size 10238M (AvailPageFile size 2M)
current process WorkingSet (physical memory assigned to process): 212M, peak: 216M
current process commit charge ("private bytes"): 304M, peak: 306M

vm_info: Java HotSpot(TM) 64-Bit Server VM (11.0.16+11-LTS-199) for windows-amd64 JRE (11.0.16+11-LTS-199), built on Jun 28 2022 08:23:17 by "mach5one" with MS VC++ 15.9 (VS2017)

END.
