#
# There is insufficient memory for the Java Runtime Environment to continue.
# Native memory allocation (mmap) failed to map 36700160 bytes for Failed to commit area from 0x0000000089a00000 to 0x000000008bd00000 of length 36700160.
# Possible reasons:
#   The system is out of physical RAM or swap space
#   The process is running with CompressedOops enabled, and the Java Heap may be blocking the growth of the native heap
# Possible solutions:
#   Reduce memory load on the system
#   Increase physical memory or swap space
#   Check if swap backing store is full
#   Decrease Java heap size (-Xmx/-Xms)
#   Decrease number of Java threads
#   Decrease Java thread stack sizes (-Xss)
#   Set larger code cache with -XX:ReservedCodeCacheSize=
#   JVM is running with Unscaled Compressed Oops mode in which the Java heap is
#     placed in the first 4GB address space. The Java Heap base address is the
#     maximum limit for the native heap growth. Please use -XX:HeapBaseMinAddress
#     to set the Java Heap base and to place the Java Heap above 4GB virtual address.
# This output file may be truncated or incomplete.
#
#  Out of Memory Error (./open/src/hotspot/os/windows/os_windows.cpp:3287), pid=4164, tid=11236
#
# JRE version: Java(TM) SE Runtime Environment 18.9 (11.0.16+11) (build 11.0.16+11-LTS-199)
# Java VM: Java HotSpot(TM) 64-Bit Server VM 18.9 (11.0.16+11-LTS-199, mixed mode, tiered, compressed oops, g1 gc, windows-amd64)
# No core dump will be written. Minidumps are not enabled by default on client versions of Windows
#

---------------  S U M M A R Y ------------

Command Line: -Dclassworlds.conf=C:\Program Files\apache-maven-3.8.6\bin\m2.conf -Dmaven.home=C:\Program Files\apache-maven-3.8.6 -Dlibrary.jansi.path=C:\Program Files\apache-maven-3.8.6\lib\jansi-native -Dmaven.multiModuleProjectDirectory=C:\Users\sfjbs\IdeaProjects\oct31training\vijendra\Mini-Project\PensionManagement\Pension-Management-System org.codehaus.plexus.classworlds.launcher.Launcher install dockerfile:build

Host: Intel(R) Xeon(R) Platinum 8370C CPU @ 2.80GHz, 2 cores, 7G,  Windows 10 , 64 bit Build 19041 (10.0.19041.2251)
Time: Mon Nov 14 05:18:15 2022 Coordinated Universal Time elapsed time: 12.346427 seconds (0d 0h 0m 12s)

---------------  T H R E A D  ---------------

Current thread (0x00000248ff227800):  VMThread "VM Thread" [stack: 0x000000f717700000,0x000000f717800000] [id=11236]

Stack: [0x000000f717700000,0x000000f717800000]
[error occurred during error reporting (printing stack bounds), id 0xc0000005, EXCEPTION_ACCESS_VIOLATION (0xc0000005) at pc=0x00000248eae510e7]

Native frames: (J=compiled Java code, j=interpreted, Vv=VM code, C=native code)
V  [jvm.dll+0x62a3ea]
V  [jvm.dll+0x76418f]
V  [jvm.dll+0x765839]
V  [jvm.dll+0x765e25]
V  [jvm.dll+0x765ddb]
V  [jvm.dll+0x6298d3]
V  [jvm.dll+0x629fe8]
C  [ntdll.dll+0xa241f]
C  [ntdll.dll+0x514a4]
C  [ntdll.dll+0xa0f4e]
C  0x00000248eae510e7

VM_Operation (0x000000f7170fbc40): G1CollectForAllocation, mode: safepoint, requested by thread 0x00000248e3797000


---------------  P R O C E S S  ---------------

Threads class SMR info:
_java_thread_list=0x00000248847ec1f0, length=10, elements={
0x00000248e3797000, 0x00000248ff211000, 0x00000248ff212800, 0x00000248ff239800,
0x00000248ff23c000, 0x00000248ff23e000, 0x00000248ff241000, 0x00000248ff279000,
0x00000248ff27a000, 0x00000248ffc93000
}

Java Threads: ( => current thread )
  0x00000248e3797000 JavaThread "main" [_thread_blocked, id=1124, stack(0x000000f717000000,0x000000f717100000)]
  0x00000248ff211000 JavaThread "Reference Handler" daemon [_thread_blocked, id=8972, stack(0x000000f717800000,0x000000f717900000)]
  0x00000248ff212800 JavaThread "Finalizer" daemon [_thread_blocked, id=2896, stack(0x000000f717900000,0x000000f717a00000)]
  0x00000248ff239800 JavaThread "Signal Dispatcher" daemon [_thread_blocked, id=10336, stack(0x000000f717a00000,0x000000f717b00000)]
  0x00000248ff23c000 JavaThread "Attach Listener" daemon [_thread_blocked, id=9316, stack(0x000000f717b00000,0x000000f717c00000)]
  0x00000248ff23e000 JavaThread "Service Thread" daemon [_thread_blocked, id=1032, stack(0x000000f717c00000,0x000000f717d00000)]
  0x00000248ff241000 JavaThread "C2 CompilerThread0" daemon [_thread_blocked, id=10976, stack(0x000000f717d00000,0x000000f717e00000)]
  0x00000248ff279000 JavaThread "C1 CompilerThread0" daemon [_thread_blocked, id=10760, stack(0x000000f717e00000,0x000000f717f00000)]
  0x00000248ff27a000 JavaThread "Sweeper thread" daemon [_thread_blocked, id=1404, stack(0x000000f717f00000,0x000000f718000000)]
  0x00000248ffc93000 JavaThread "Common-Cleaner" daemon [_thread_blocked, id=1612, stack(0x000000f718100000,0x000000f718200000)]

Other Threads:
=>0x00000248ff227800 VMThread "VM Thread" [stack: 0x000000f717700000,0x000000f717800000] [id=11236]
  0x00000248ffc91000 WatcherThread [stack: 0x000000f718000000,0x000000f718100000] [id=4592]
  0x00000248e37ab000 GCTaskThread "GC Thread#0" [stack: 0x000000f717200000,0x000000f717300000] [id=10092]
  0x0000024882356800 GCTaskThread "GC Thread#1" [stack: 0x000000f718200000,0x000000f718300000] [id=5668]
  0x00000248e37db800 ConcurrentGCThread "G1 Main Marker" [stack: 0x000000f717300000,0x000000f717400000] [id=8844]
  0x00000248e37de000 ConcurrentGCThread "G1 Conc#0" [stack: 0x000000f717400000,0x000000f717500000] [id=7512]
  0x00000248e3864800 ConcurrentGCThread "G1 Refine#0" [stack: 0x000000f717500000,0x000000f717600000] [id=10020]
  0x00000248e3865800 ConcurrentGCThread "G1 Young RemSet Sampling" [stack: 0x000000f717600000,0x000000f717700000] [id=10688]

Threads with active compile tasks:
C2 CompilerThread0    12355 4946       4       java.io.WinNTFileSystem::prefixLength (91 bytes)

VM state:at safepoint (normal execution)

VM Mutex/Monitor currently owned by a thread:  ([mutex/lock_event])
[0x00000248e3791bb0] Threads_lock - owner thread: 0x00000248ff227800
[0x00000248e3791580] Heap_lock - owner thread: 0x00000248e3797000

Heap address: 0x0000000080000000, size: 2048 MB, Compressed Oops mode: 32-bit
Narrow klass base: 0x0000000000000000, Narrow klass shift: 3
Compressed class space size: 1073741824 Address: 0x0000000100000000

Heap:
 garbage-first heap   total 193536K, used 22617K [0x0000000080000000, 0x0000000100000000)
  region size 1024K, 8 young (8192K), 8 survivors (8192K)
 Metaspace       used 28702K, capacity 29330K, committed 29568K, reserved 1075200K
  class space    used 2944K, capacity 3159K, committed 3200K, reserved 1048576K
Heap Regions: E=young(eden), S=young(survivor), O=old, HS=humongous(starts), HC=humongous(continues), CS=collection set, F=free, A=archive, TAMS=top-at-mark-start (previous, next)
|   0|0x0000000080000000, 0x0000000080100000, 0x0000000080100000|100%| O|  |TAMS 0x0000000080100000, 0x0000000080000000| Untracked 
|   1|0x0000000080100000, 0x0000000080200000, 0x0000000080200000|100%| O|  |TAMS 0x0000000080200000, 0x0000000080100000| Untracked 
|   2|0x0000000080200000, 0x0000000080300000, 0x0000000080300000|100%| O|  |TAMS 0x0000000080300000, 0x0000000080200000| Untracked 
|   3|0x0000000080300000, 0x0000000080400000, 0x0000000080400000|100%| O|  |TAMS 0x0000000080400000, 0x0000000080300000| Untracked 
|   4|0x0000000080400000, 0x0000000080500000, 0x0000000080500000|100%| O|  |TAMS 0x00000000804d5200, 0x0000000080400000| Untracked 
|   5|0x0000000080500000, 0x0000000080500000, 0x0000000080600000|  0%| F|  |TAMS 0x0000000080500000, 0x0000000080500000| Untracked 
|   6|0x0000000080600000, 0x0000000080700000, 0x0000000080700000|100%| O|  |TAMS 0x0000000080600000, 0x0000000080600000| Untracked 
|   7|0x0000000080700000, 0x0000000080800000, 0x0000000080800000|100%| O|  |TAMS 0x0000000080700000, 0x0000000080700000| Untracked 
|   8|0x0000000080800000, 0x0000000080896400, 0x0000000080900000| 58%| O|  |TAMS 0x0000000080800000, 0x0000000080800000| Untracked 
|   9|0x0000000080900000, 0x0000000080900000, 0x0000000080a00000|  0%| F|  |TAMS 0x0000000080900000, 0x0000000080900000| Untracked 
|  10|0x0000000080a00000, 0x0000000080a00000, 0x0000000080b00000|  0%| F|  |TAMS 0x0000000080a00000, 0x0000000080a00000| Untracked 
|  11|0x0000000080b00000, 0x0000000080b00000, 0x0000000080c00000|  0%| F|  |TAMS 0x0000000080b00000, 0x0000000080b00000| Untracked 
|  12|0x0000000080c00000, 0x0000000080c00000, 0x0000000080d00000|  0%| F|  |TAMS 0x0000000080c00000, 0x0000000080c00000| Untracked 
|  13|0x0000000080d00000, 0x0000000080d00000, 0x0000000080e00000|  0%| F|  |TAMS 0x0000000080d00000, 0x0000000080d00000| Untracked 
|  14|0x0000000080e00000, 0x0000000080e00000, 0x0000000080f00000|  0%| F|  |TAMS 0x0000000080e00000, 0x0000000080e00000| Untracked 
|  15|0x0000000080f00000, 0x0000000080f00000, 0x0000000081000000|  0%| F|  |TAMS 0x0000000080f00000, 0x0000000080f00000| Untracked 
|  16|0x0000000081000000, 0x0000000081000000, 0x0000000081100000|  0%| F|  |TAMS 0x0000000081000000, 0x0000000081000000| Untracked 
|  17|0x0000000081100000, 0x0000000081100000, 0x0000000081200000|  0%| F|  |TAMS 0x0000000081100000, 0x0000000081100000| Untracked 
|  18|0x0000000081200000, 0x0000000081200000, 0x0000000081300000|  0%| F|  |TAMS 0x0000000081200000, 0x0000000081200000| Untracked 
|  19|0x0000000081300000, 0x0000000081300000, 0x0000000081400000|  0%| F|  |TAMS 0x0000000081300000, 0x0000000081300000| Untracked 
|  20|0x0000000081400000, 0x0000000081400000, 0x0000000081500000|  0%| F|  |TAMS 0x0000000081400000, 0x0000000081400000| Untracked 
|  21|0x0000000081500000, 0x0000000081500000, 0x0000000081600000|  0%| F|  |TAMS 0x0000000081500000, 0x0000000081500000| Untracked 
|  22|0x0000000081600000, 0x0000000081600000, 0x0000000081700000|  0%| F|  |TAMS 0x0000000081600000, 0x0000000081600000| Untracked 
|  23|0x0000000081700000, 0x0000000081700000, 0x0000000081800000|  0%| F|  |TAMS 0x0000000081700000, 0x0000000081700000| Untracked 
|  24|0x0000000081800000, 0x0000000081800000, 0x0000000081900000|  0%| F|  |TAMS 0x0000000081800000, 0x0000000081800000| Untracked 
|  25|0x0000000081900000, 0x0000000081900000, 0x0000000081a00000|  0%| F|  |TAMS 0x0000000081900000, 0x0000000081900000| Untracked 
|  26|0x0000000081a00000, 0x0000000081a00000, 0x0000000081b00000|  0%| F|  |TAMS 0x0000000081a00000, 0x0000000081a00000| Untracked 
|  27|0x0000000081b00000, 0x0000000081b00000, 0x0000000081c00000|  0%| F|  |TAMS 0x0000000081b00000, 0x0000000081b00000| Untracked 
|  28|0x0000000081c00000, 0x0000000081c00000, 0x0000000081d00000|  0%| F|  |TAMS 0x0000000081c00000, 0x0000000081c00000| Untracked 
|  29|0x0000000081d00000, 0x0000000081d00000, 0x0000000081e00000|  0%| F|  |TAMS 0x0000000081d00000, 0x0000000081d00000| Untracked 
|  30|0x0000000081e00000, 0x0000000081e00000, 0x0000000081f00000|  0%| F|  |TAMS 0x0000000081e00000, 0x0000000081e00000| Untracked 
|  31|0x0000000081f00000, 0x0000000081f00000, 0x0000000082000000|  0%| F|  |TAMS 0x0000000081f00000, 0x0000000081f00000| Untracked 
|  32|0x0000000082000000, 0x0000000082000000, 0x0000000082100000|  0%| F|  |TAMS 0x0000000082000000, 0x0000000082000000| Untracked 
|  33|0x0000000082100000, 0x0000000082100000, 0x0000000082200000|  0%| F|  |TAMS 0x0000000082100000, 0x0000000082100000| Untracked 
|  34|0x0000000082200000, 0x0000000082200000, 0x0000000082300000|  0%| F|  |TAMS 0x0000000082200000, 0x0000000082200000| Untracked 
|  35|0x0000000082300000, 0x0000000082400000, 0x0000000082400000|100%| O|  |TAMS 0x0000000082300000, 0x0000000082300000| Untracked 
|  36|0x0000000082400000, 0x0000000082500000, 0x0000000082500000|100%| O|  |TAMS 0x0000000082400000, 0x0000000082400000| Untracked 
|  37|0x0000000082500000, 0x0000000082600000, 0x0000000082600000|100%| O|  |TAMS 0x0000000082500000, 0x0000000082500000| Untracked 
|  38|0x0000000082600000, 0x0000000082600000, 0x0000000082700000|  0%| F|  |TAMS 0x0000000082600000, 0x0000000082600000| Untracked 
|  39|0x0000000082700000, 0x0000000082700000, 0x0000000082800000|  0%| F|  |TAMS 0x0000000082700000, 0x0000000082700000| Untracked 
|  40|0x0000000082800000, 0x0000000082800000, 0x0000000082900000|  0%| F|  |TAMS 0x0000000082800000, 0x0000000082800000| Untracked 
|  41|0x0000000082900000, 0x0000000082900000, 0x0000000082a00000|  0%| F|  |TAMS 0x0000000082900000, 0x0000000082900000| Untracked 
|  42|0x0000000082a00000, 0x0000000082a00000, 0x0000000082b00000|  0%| F|  |TAMS 0x0000000082a00000, 0x0000000082a00000| Untracked 
|  43|0x0000000082b00000, 0x0000000082b00000, 0x0000000082c00000|  0%| F|  |TAMS 0x0000000082b00000, 0x0000000082b00000| Untracked 
|  44|0x0000000082c00000, 0x0000000082c00000, 0x0000000082d00000|  0%| F|  |TAMS 0x0000000082c00000, 0x0000000082c00000| Untracked 
|  45|0x0000000082d00000, 0x0000000082d00000, 0x0000000082e00000|  0%| F|  |TAMS 0x0000000082d00000, 0x0000000082d00000| Untracked 
|  46|0x0000000082e00000, 0x0000000082e00000, 0x0000000082f00000|  0%| F|  |TAMS 0x0000000082e00000, 0x0000000082e00000| Untracked 
|  47|0x0000000082f00000, 0x0000000082f00000, 0x0000000083000000|  0%| F|  |TAMS 0x0000000082f00000, 0x0000000082f00000| Untracked 
|  48|0x0000000083000000, 0x0000000083000000, 0x0000000083100000|  0%| F|  |TAMS 0x0000000083000000, 0x0000000083000000| Untracked 
|  49|0x0000000083100000, 0x0000000083100000, 0x0000000083200000|  0%| F|  |TAMS 0x0000000083100000, 0x0000000083100000| Untracked 
|  50|0x0000000083200000, 0x0000000083200000, 0x0000000083300000|  0%| F|  |TAMS 0x0000000083200000, 0x0000000083200000| Untracked 
|  51|0x0000000083300000, 0x0000000083300000, 0x0000000083400000|  0%| F|  |TAMS 0x0000000083300000, 0x0000000083300000| Untracked 
|  52|0x0000000083400000, 0x0000000083400000, 0x0000000083500000|  0%| F|  |TAMS 0x0000000083400000, 0x0000000083400000| Untracked 
|  53|0x0000000083500000, 0x0000000083600000, 0x0000000083600000|100%| O|  |TAMS 0x0000000083500000, 0x0000000083500000| Untracked 
|  54|0x0000000083600000, 0x0000000083700000, 0x0000000083700000|100%| O|  |TAMS 0x0000000083600000, 0x0000000083600000| Untracked 
|  55|0x0000000083700000, 0x0000000083800000, 0x0000000083800000|100%| O|  |TAMS 0x0000000083700000, 0x0000000083700000| Untracked 
|  56|0x0000000083800000, 0x0000000083900000, 0x0000000083900000|100%| O|  |TAMS 0x0000000083800000, 0x0000000083800000| Untracked 
|  57|0x0000000083900000, 0x0000000083900000, 0x0000000083a00000|  0%| F|  |TAMS 0x0000000083900000, 0x0000000083900000| Untracked 
|  58|0x0000000083a00000, 0x0000000083a00000, 0x0000000083b00000|  0%| F|  |TAMS 0x0000000083a00000, 0x0000000083a00000| Untracked 
|  59|0x0000000083b00000, 0x0000000083b00000, 0x0000000083c00000|  0%| F|  |TAMS 0x0000000083b00000, 0x0000000083b00000| Untracked 
|  60|0x0000000083c00000, 0x0000000083c00000, 0x0000000083d00000|  0%| F|  |TAMS 0x0000000083c00000, 0x0000000083c00000| Untracked 
|  61|0x0000000083d00000, 0x0000000083d00000, 0x0000000083e00000|  0%| F|  |TAMS 0x0000000083d00000, 0x0000000083d00000| Untracked 
|  62|0x0000000083e00000, 0x0000000083e00000, 0x0000000083f00000|  0%| F|  |TAMS 0x0000000083e00000, 0x0000000083e00000| Untracked 
|  63|0x0000000083f00000, 0x0000000083f00000, 0x0000000084000000|  0%| F|  |TAMS 0x0000000083f00000, 0x0000000083f00000| Untracked 
|  64|0x0000000084000000, 0x0000000084000000, 0x0000000084100000|  0%| F|  |TAMS 0x0000000084000000, 0x0000000084000000| Untracked 
|  65|0x0000000084100000, 0x0000000084100000, 0x0000000084200000|  0%| F|  |TAMS 0x0000000084100000, 0x0000000084100000| Untracked 
|  66|0x0000000084200000, 0x0000000084200000, 0x0000000084300000|  0%| F|  |TAMS 0x0000000084200000, 0x0000000084200000| Untracked 
|  67|0x0000000084300000, 0x0000000084300000, 0x0000000084400000|  0%| F|  |TAMS 0x0000000084300000, 0x0000000084300000| Untracked 
|  68|0x0000000084400000, 0x0000000084400000, 0x0000000084500000|  0%| F|  |TAMS 0x0000000084400000, 0x0000000084400000| Untracked 
|  69|0x0000000084500000, 0x0000000084500000, 0x0000000084600000|  0%| F|  |TAMS 0x0000000084500000, 0x0000000084500000| Untracked 
|  70|0x0000000084600000, 0x0000000084600000, 0x0000000084700000|  0%| F|  |TAMS 0x0000000084600000, 0x0000000084600000| Untracked 
|  71|0x0000000084700000, 0x0000000084780000, 0x0000000084800000| 50%| S|CS|TAMS 0x0000000084700000, 0x0000000084700000| Complete 
|  72|0x0000000084800000, 0x0000000084900000, 0x0000000084900000|100%| S|CS|TAMS 0x0000000084800000, 0x0000000084800000| Complete 
|  73|0x0000000084900000, 0x0000000084a00000, 0x0000000084a00000|100%| S|CS|TAMS 0x0000000084900000, 0x0000000084900000| Complete 
|  74|0x0000000084a00000, 0x0000000084b00000, 0x0000000084b00000|100%| S|CS|TAMS 0x0000000084a00000, 0x0000000084a00000| Complete 
|  75|0x0000000084b00000, 0x0000000084c00000, 0x0000000084c00000|100%| S|CS|TAMS 0x0000000084b00000, 0x0000000084b00000| Complete 
|  76|0x0000000084c00000, 0x0000000084d00000, 0x0000000084d00000|100%| S|CS|TAMS 0x0000000084c00000, 0x0000000084c00000| Complete 
|  77|0x0000000084d00000, 0x0000000084e00000, 0x0000000084e00000|100%| S|CS|TAMS 0x0000000084d00000, 0x0000000084d00000| Complete 
|  78|0x0000000084e00000, 0x0000000084f00000, 0x0000000084f00000|100%| S|CS|TAMS 0x0000000084e00000, 0x0000000084e00000| Complete 
|  79|0x0000000084f00000, 0x0000000084f00000, 0x0000000085000000|  0%| F|  |TAMS 0x0000000084f00000, 0x0000000084f00000| Untracked 
|  80|0x0000000085000000, 0x0000000085000000, 0x0000000085100000|  0%| F|  |TAMS 0x0000000085000000, 0x0000000085000000| Untracked 
|  81|0x0000000085100000, 0x0000000085100000, 0x0000000085200000|  0%| F|  |TAMS 0x0000000085100000, 0x0000000085100000| Untracked 
|  82|0x0000000085200000, 0x0000000085200000, 0x0000000085300000|  0%| F|  |TAMS 0x0000000085200000, 0x0000000085200000| Untracked 
|  83|0x0000000085300000, 0x0000000085300000, 0x0000000085400000|  0%| F|  |TAMS 0x0000000085300000, 0x0000000085300000| Untracked 
|  84|0x0000000085400000, 0x0000000085400000, 0x0000000085500000|  0%| F|  |TAMS 0x0000000085400000, 0x0000000085400000| Untracked 
|  85|0x0000000085500000, 0x0000000085500000, 0x0000000085600000|  0%| F|  |TAMS 0x0000000085500000, 0x0000000085500000| Untracked 
|  86|0x0000000085600000, 0x0000000085600000, 0x0000000085700000|  0%| F|  |TAMS 0x0000000085600000, 0x0000000085600000| Untracked 
|  87|0x0000000085700000, 0x0000000085700000, 0x0000000085800000|  0%| F|  |TAMS 0x0000000085700000, 0x0000000085700000| Untracked 
|  88|0x0000000085800000, 0x0000000085800000, 0x0000000085900000|  0%| F|  |TAMS 0x0000000085800000, 0x0000000085800000| Untracked 
|  89|0x0000000085900000, 0x0000000085900000, 0x0000000085a00000|  0%| F|  |TAMS 0x0000000085900000, 0x0000000085900000| Untracked 
|  90|0x0000000085a00000, 0x0000000085a00000, 0x0000000085b00000|  0%| F|  |TAMS 0x0000000085a00000, 0x0000000085a00000| Untracked 
|  91|0x0000000085b00000, 0x0000000085b00000, 0x0000000085c00000|  0%| F|  |TAMS 0x0000000085b00000, 0x0000000085b00000| Untracked 
|  92|0x0000000085c00000, 0x0000000085c00000, 0x0000000085d00000|  0%| F|  |TAMS 0x0000000085c00000, 0x0000000085c00000| Untracked 
|  93|0x0000000085d00000, 0x0000000085d00000, 0x0000000085e00000|  0%| F|  |TAMS 0x0000000085d00000, 0x0000000085d00000| Untracked 
|  94|0x0000000085e00000, 0x0000000085e00000, 0x0000000085f00000|  0%| F|  |TAMS 0x0000000085e00000, 0x0000000085e00000| Untracked 
|  95|0x0000000085f00000, 0x0000000085f00000, 0x0000000086000000|  0%| F|  |TAMS 0x0000000085f00000, 0x0000000085f00000| Untracked 
|  96|0x0000000086000000, 0x0000000086000000, 0x0000000086100000|  0%| F|  |TAMS 0x0000000086000000, 0x0000000086000000| Untracked 
|  97|0x0000000086100000, 0x0000000086100000, 0x0000000086200000|  0%| F|  |TAMS 0x0000000086100000, 0x0000000086100000| Untracked 
|  98|0x0000000086200000, 0x0000000086200000, 0x0000000086300000|  0%| F|  |TAMS 0x0000000086200000, 0x0000000086200000| Untracked 
|  99|0x0000000086300000, 0x0000000086300000, 0x0000000086400000|  0%| F|  |TAMS 0x0000000086300000, 0x0000000086300000| Untracked 
| 100|0x0000000086400000, 0x0000000086400000, 0x0000000086500000|  0%| F|  |TAMS 0x0000000086400000, 0x0000000086400000| Untracked 
| 101|0x0000000086500000, 0x0000000086500000, 0x0000000086600000|  0%| F|  |TAMS 0x0000000086500000, 0x0000000086500000| Untracked 
| 102|0x0000000086600000, 0x0000000086600000, 0x0000000086700000|  0%| F|  |TAMS 0x0000000086600000, 0x0000000086600000| Untracked 
| 103|0x0000000086700000, 0x0000000086700000, 0x0000000086800000|  0%| F|  |TAMS 0x0000000086700000, 0x0000000086700000| Untracked 
| 104|0x0000000086800000, 0x0000000086800000, 0x0000000086900000|  0%| F|  |TAMS 0x0000000086800000, 0x0000000086800000| Untracked 
| 105|0x0000000086900000, 0x0000000086900000, 0x0000000086a00000|  0%| F|  |TAMS 0x0000000086900000, 0x0000000086900000| Untracked 
| 106|0x0000000086a00000, 0x0000000086a00000, 0x0000000086b00000|  0%| F|  |TAMS 0x0000000086a00000, 0x0000000086a00000| Untracked 
| 107|0x0000000086b00000, 0x0000000086b00000, 0x0000000086c00000|  0%| F|  |TAMS 0x0000000086b00000, 0x0000000086b00000| Untracked 
| 108|0x0000000086c00000, 0x0000000086c00000, 0x0000000086d00000|  0%| F|  |TAMS 0x0000000086c00000, 0x0000000086c00000| Untracked 
| 109|0x0000000086d00000, 0x0000000086d00000, 0x0000000086e00000|  0%| F|  |TAMS 0x0000000086d00000, 0x0000000086d00000| Untracked 
| 110|0x0000000086e00000, 0x0000000086e00000, 0x0000000086f00000|  0%| F|  |TAMS 0x0000000086e00000, 0x0000000086e00000| Untracked 
| 111|0x0000000086f00000, 0x0000000086f00000, 0x0000000087000000|  0%| F|  |TAMS 0x0000000086f00000, 0x0000000086f00000| Untracked 
| 112|0x0000000087000000, 0x0000000087000000, 0x0000000087100000|  0%| F|  |TAMS 0x0000000087000000, 0x0000000087000000| Untracked 
| 113|0x0000000087100000, 0x0000000087100000, 0x0000000087200000|  0%| F|  |TAMS 0x0000000087100000, 0x0000000087100000| Untracked 
| 114|0x0000000087200000, 0x0000000087200000, 0x0000000087300000|  0%| F|  |TAMS 0x0000000087200000, 0x0000000087200000| Untracked 
| 115|0x0000000087300000, 0x0000000087300000, 0x0000000087400000|  0%| F|  |TAMS 0x0000000087300000, 0x0000000087300000| Untracked 
| 116|0x0000000087400000, 0x0000000087400000, 0x0000000087500000|  0%| F|  |TAMS 0x0000000087400000, 0x0000000087400000| Untracked 
| 117|0x0000000087500000, 0x0000000087500000, 0x0000000087600000|  0%| F|  |TAMS 0x0000000087500000, 0x0000000087500000| Untracked 
| 118|0x0000000087600000, 0x0000000087600000, 0x0000000087700000|  0%| F|  |TAMS 0x0000000087600000, 0x0000000087600000| Untracked 
| 119|0x0000000087700000, 0x0000000087700000, 0x0000000087800000|  0%| F|  |TAMS 0x0000000087700000, 0x0000000087700000| Untracked 
| 120|0x0000000087800000, 0x0000000087800000, 0x0000000087900000|  0%| F|  |TAMS 0x0000000087800000, 0x0000000087800000| Untracked 
| 121|0x0000000087900000, 0x0000000087900000, 0x0000000087a00000|  0%| F|  |TAMS 0x0000000087900000, 0x0000000087900000| Untracked 
| 122|0x0000000087a00000, 0x0000000087a00000, 0x0000000087b00000|  0%| F|  |TAMS 0x0000000087a00000, 0x0000000087a00000| Untracked 
| 123|0x0000000087b00000, 0x0000000087b00000, 0x0000000087c00000|  0%| F|  |TAMS 0x0000000087b00000, 0x0000000087b00000| Untracked 
| 124|0x0000000087c00000, 0x0000000087c00000, 0x0000000087d00000|  0%| F|  |TAMS 0x0000000087c00000, 0x0000000087c00000| Untracked 
| 125|0x0000000087d00000, 0x0000000087d00000, 0x0000000087e00000|  0%| F|  |TAMS 0x0000000087d00000, 0x0000000087d00000| Untracked 
| 126|0x0000000087e00000, 0x0000000087e00000, 0x0000000087f00000|  0%| F|  |TAMS 0x0000000087e00000, 0x0000000087e00000| Untracked 
| 127|0x0000000087f00000, 0x0000000087f00000, 0x0000000088000000|  0%| F|  |TAMS 0x0000000087f00000, 0x0000000087f00000| Untracked 
| 128|0x0000000088000000, 0x0000000088000000, 0x0000000088100000|  0%| F|  |TAMS 0x0000000088000000, 0x0000000088000000| Untracked 
| 129|0x0000000088100000, 0x0000000088100000, 0x0000000088200000|  0%| F|  |TAMS 0x0000000088100000, 0x0000000088100000| Untracked 
| 130|0x0000000088200000, 0x0000000088200000, 0x0000000088300000|  0%| F|  |TAMS 0x0000000088200000, 0x0000000088200000| Untracked 
| 131|0x0000000088300000, 0x0000000088300000, 0x0000000088400000|  0%| F|  |TAMS 0x0000000088300000, 0x0000000088300000| Untracked 
| 132|0x0000000088400000, 0x0000000088400000, 0x0000000088500000|  0%| F|  |TAMS 0x0000000088400000, 0x0000000088400000| Untracked 
| 133|0x0000000088500000, 0x0000000088500000, 0x0000000088600000|  0%| F|  |TAMS 0x0000000088500000, 0x0000000088500000| Untracked 
| 134|0x0000000088600000, 0x0000000088600000, 0x0000000088700000|  0%| F|  |TAMS 0x0000000088600000, 0x0000000088600000| Untracked 
| 135|0x0000000088700000, 0x0000000088700000, 0x0000000088800000|  0%| F|  |TAMS 0x0000000088700000, 0x0000000088700000| Untracked 
| 136|0x0000000088800000, 0x0000000088800000, 0x0000000088900000|  0%| F|  |TAMS 0x0000000088800000, 0x0000000088800000| Untracked 
| 137|0x0000000088900000, 0x0000000088900000, 0x0000000088a00000|  0%| F|  |TAMS 0x0000000088900000, 0x0000000088900000| Untracked 
| 138|0x0000000088a00000, 0x0000000088a00000, 0x0000000088b00000|  0%| F|  |TAMS 0x0000000088a00000, 0x0000000088a00000| Untracked 
| 139|0x0000000088b00000, 0x0000000088b00000, 0x0000000088c00000|  0%| F|  |TAMS 0x0000000088b00000, 0x0000000088b00000| Untracked 
| 140|0x0000000088c00000, 0x0000000088c00000, 0x0000000088d00000|  0%| F|  |TAMS 0x0000000088c00000, 0x0000000088c00000| Untracked 
| 141|0x0000000088d00000, 0x0000000088d00000, 0x0000000088e00000|  0%| F|  |TAMS 0x0000000088d00000, 0x0000000088d00000| Untracked 
| 142|0x0000000088e00000, 0x0000000088e00000, 0x0000000088f00000|  0%| F|  |TAMS 0x0000000088e00000, 0x0000000088e00000| Untracked 
| 143|0x0000000088f00000, 0x0000000088f00000, 0x0000000089000000|  0%| F|  |TAMS 0x0000000088f00000, 0x0000000088f00000| Untracked 
| 144|0x0000000089000000, 0x0000000089000000, 0x0000000089100000|  0%| F|  |TAMS 0x0000000089000000, 0x0000000089000000| Untracked 
| 145|0x0000000089100000, 0x0000000089100000, 0x0000000089200000|  0%| F|  |TAMS 0x0000000089100000, 0x0000000089100000| Untracked 
| 146|0x0000000089200000, 0x0000000089200000, 0x0000000089300000|  0%| F|  |TAMS 0x0000000089200000, 0x0000000089200000| Untracked 
| 147|0x0000000089300000, 0x0000000089300000, 0x0000000089400000|  0%| F|  |TAMS 0x0000000089300000, 0x0000000089300000| Untracked 
| 148|0x0000000089400000, 0x0000000089400000, 0x0000000089500000|  0%| F|  |TAMS 0x0000000089400000, 0x0000000089400000| Untracked 
| 149|0x0000000089500000, 0x0000000089500000, 0x0000000089600000|  0%| F|  |TAMS 0x0000000089500000, 0x0000000089500000| Untracked 
| 150|0x0000000089600000, 0x0000000089600000, 0x0000000089700000|  0%| F|  |TAMS 0x0000000089600000, 0x0000000089600000| Untracked 
| 151|0x0000000089700000, 0x0000000089700000, 0x0000000089800000|  0%| F|  |TAMS 0x0000000089700000, 0x0000000089700000| Untracked 
| 152|0x0000000089800000, 0x0000000089800000, 0x0000000089900000|  0%| F|  |TAMS 0x0000000089800000, 0x0000000089800000| Untracked 
| 153|0x0000000089900000, 0x0000000089900000, 0x0000000089a00000|  0%| F|  |TAMS 0x0000000089900000, 0x0000000089900000| Untracked 

Card table byte_map: [0x00000248fa650000,0x00000248faa50000] _byte_map_base: 0x00000248fa250000

Marking Bits (Prev, Next): (CMBitMap*) 0x00000248e37d2b00, (CMBitMap*) 0x00000248e37d2ac8
 Prev Bits: [0x00000248fce50000, 0x00000248fee50000)
 Next Bits: [0x00000248fae50000, 0x00000248fce50000)

Polling page: 0x00000248e1d40000

Metaspace:

Usage:
  Non-class:     25.56 MB capacity,    25.16 MB ( 98%) used,   374.23 KB (  1%) free+waste,    38.00 KB ( <1%) overhead. 
      Class:      3.08 MB capacity,     2.88 MB ( 93%) used,   199.27 KB (  6%) free+waste,    15.69 KB ( <1%) overhead. 
       Both:     28.64 MB capacity,    28.03 MB ( 98%) used,   573.49 KB (  2%) free+waste,    53.69 KB ( <1%) overhead. 

Virtual space:
  Non-class space:       26.00 MB reserved,      25.75 MB (>99%) committed 
      Class space:        1.00 GB reserved,       3.13 MB ( <1%) committed 
             Both:        1.03 GB reserved,      28.88 MB (  3%) committed 

Chunk freelists:
   Non-Class:  640 bytes
       Class:  1.13 KB
        Both:  1.75 KB

CodeHeap 'non-profiled nmethods': size=120064Kb used=2606Kb max_used=2606Kb free=117457Kb
 bounds [0x00000248f2910000, 0x00000248f2ba0000, 0x00000248f9e50000]
CodeHeap 'profiled nmethods': size=120000Kb used=11710Kb max_used=11710Kb free=108289Kb
 bounds [0x00000248eb3e0000, 0x00000248ebf50000, 0x00000248f2910000]
CodeHeap 'non-nmethods': size=5696Kb used=1161Kb max_used=1209Kb free=4534Kb
 bounds [0x00000248eae50000, 0x00000248eb0c0000, 0x00000248eb3e0000]
 total_blobs=5423 nmethods=4937 adapters=396
 compilation: enabled
              stopped_count=0, restarted_count=0
 full_count=0

Compilation events (10 events):
Event: 12.308 Thread 0x00000248ff279000 4960   !   3       org.apache.maven.model.DependencyManagement::clone (137 bytes)
Event: 12.309 Thread 0x00000248ff279000 nmethod 4960 0x00000248ebf4cd10 code [0x00000248ebf4d080, 0x00000248ebf4e648]
Event: 12.315 Thread 0x00000248ff241000 nmethod 4948 0x00000248f2b9a090 code [0x00000248f2b9a240, 0x00000248f2b9abb8]
Event: 12.315 Thread 0x00000248ff241000 4958       4       org.apache.maven.model.ConfigurationContainer::<init> (10 bytes)
Event: 12.315 Thread 0x00000248ff241000 nmethod 4958 0x00000248f2b9b210 code [0x00000248f2b9b380, 0x00000248f2b9b3d8]
Event: 12.315 Thread 0x00000248ff241000 4945       4       java.util.regex.Pattern$GroupTail::match (111 bytes)
Event: 12.318 Thread 0x00000248ff241000 nmethod 4945 0x00000248f2b9b490 code [0x00000248f2b9b620, 0x00000248f2b9b858]
Event: 12.318 Thread 0x00000248ff241000 4946       4       java.io.WinNTFileSystem::prefixLength (91 bytes)
Event: 12.320 Thread 0x00000248ff279000 4961   !   3       java.util.concurrent.ConcurrentHashMap::initTable (112 bytes)
Event: 12.320 Thread 0x00000248ff279000 nmethod 4961 0x00000248ebf4ef90 code [0x00000248ebf4f160, 0x00000248ebf4f6e8]

GC Heap History (10 events):
Event: 2.014 GC heap after
{Heap after GC invocations=4 (full 0):
 garbage-first heap   total 131072K, used 4656K [0x0000000080000000, 0x0000000100000000)
  region size 1024K, 3 young (3072K), 3 survivors (3072K)
 Metaspace       used 15384K, capacity 15648K, committed 15872K, reserved 1062912K
  class space    used 1631K, capacity 1745K, committed 1792K, reserved 1048576K
}
Event: 3.687 GC heap before
{Heap before GC invocations=4 (full 0):
 garbage-first heap   total 131072K, used 37424K [0x0000000080000000, 0x0000000100000000)
  region size 1024K, 35 young (35840K), 3 survivors (3072K)
 Metaspace       used 19922K, capacity 20264K, committed 20480K, reserved 1067008K
  class space    used 2127K, capacity 2247K, committed 2304K, reserved 1048576K
}
Event: 3.705 GC heap after
{Heap after GC invocations=5 (full 0):
 garbage-first heap   total 157696K, used 8131K [0x0000000080000000, 0x0000000100000000)
  region size 1024K, 5 young (5120K), 5 survivors (5120K)
 Metaspace       used 19922K, capacity 20264K, committed 20480K, reserved 1067008K
  class space    used 2127K, capacity 2247K, committed 2304K, reserved 1048576K
}
Event: 5.152 GC heap before
{Heap before GC invocations=5 (full 0):
 garbage-first heap   total 157696K, used 58307K [0x0000000080000000, 0x0000000100000000)
  region size 1024K, 55 young (56320K), 5 survivors (5120K)
 Metaspace       used 20958K, capacity 21206K, committed 21248K, reserved 1069056K
  class space    used 2176K, capacity 2283K, committed 2304K, reserved 1048576K
}
Event: 5.174 GC heap after
{Heap after GC invocations=6 (full 0):
 garbage-first heap   total 157696K, used 12116K [0x0000000080000000, 0x0000000100000000)
  region size 1024K, 7 young (7168K), 7 survivors (7168K)
 Metaspace       used 20958K, capacity 21206K, committed 21248K, reserved 1069056K
  class space    used 2176K, capacity 2283K, committed 2304K, reserved 1048576K
}
Event: 7.214 GC heap before
{Heap before GC invocations=7 (full 0):
 garbage-first heap   total 157696K, used 117588K [0x0000000080000000, 0x0000000100000000)
  region size 1024K, 62 young (63488K), 7 survivors (7168K)
 Metaspace       used 23335K, capacity 23797K, committed 24064K, reserved 1071104K
  class space    used 2358K, capacity 2506K, committed 2560K, reserved 1048576K
}
Event: 7.246 GC heap after
{Heap after GC invocations=8 (full 0):
 garbage-first heap   total 157696K, used 15003K [0x0000000080000000, 0x0000000100000000)
  region size 1024K, 7 young (7168K), 7 survivors (7168K)
 Metaspace       used 23335K, capacity 23797K, committed 24064K, reserved 1071104K
  class space    used 2358K, capacity 2506K, committed 2560K, reserved 1048576K
}
Event: 8.811 GC heap before
{Heap before GC invocations=8 (full 0):
 garbage-first heap   total 157696K, used 108187K [0x0000000080000000, 0x0000000100000000)
  region size 1024K, 68 young (69632K), 7 survivors (7168K)
 Metaspace       used 26441K, capacity 26913K, committed 27008K, reserved 1073152K
  class space    used 2699K, capacity 2884K, committed 2944K, reserved 1048576K
}
Event: 8.832 GC heap after
{Heap after GC invocations=9 (full 0):
 garbage-first heap   total 157696K, used 18483K [0x0000000080000000, 0x0000000100000000)
  region size 1024K, 7 young (7168K), 7 survivors (7168K)
 Metaspace       used 26441K, capacity 26913K, committed 27008K, reserved 1073152K
  class space    used 2699K, capacity 2884K, committed 2944K, reserved 1048576K
}
Event: 12.322 GC heap before
{Heap before GC invocations=9 (full 0):
 garbage-first heap   total 157696K, used 89139K [0x0000000080000000, 0x0000000100000000)
  region size 1024K, 75 young (76800K), 7 survivors (7168K)
 Metaspace       used 28702K, capacity 29330K, committed 29568K, reserved 1075200K
  class space    used 2944K, capacity 3159K, committed 3200K, reserved 1048576K
}

Deoptimization events (10 events):
Event: 8.683 Thread 0x00000248e3797000 Uncommon trap: reason=unstable_if action=reinterpret pc=0x00000248f2afc36c method=org.apache.maven.model.merge.ModelMerger.merge(Ljava/util/List;Ljava/util/List;Lorg/apache/maven/model/merge/ModelMerger$KeyComputer;Lorg/apache/maven/model/merge/ModelMerge
Event: 8.937 Thread 0x00000248e3797000 Uncommon trap: reason=unstable_if action=reinterpret pc=0x00000248f2b09a94 method=org.eclipse.aether.util.graph.transformer.ConflictResolver$State.deriveOptional(Lorg/eclipse/aether/graph/DependencyNode;Ljava/lang/Object;)Z @ 15 c2
Event: 8.997 Thread 0x00000248e3797000 Uncommon trap: reason=array_check action=maybe_recompile pc=0x00000248f2b19930 method=java.util.TimSort.binarySort([Ljava/lang/Object;IIILjava/util/Comparator;)V @ 183 c2
Event: 8.997 Thread 0x00000248e3797000 Uncommon trap: reason=array_check action=maybe_recompile pc=0x00000248f2b1972c method=java.util.TimSort.binarySort([Ljava/lang/Object;IIILjava/util/Comparator;)V @ 193 c2
Event: 8.997 Thread 0x00000248e3797000 Uncommon trap: reason=array_check action=maybe_recompile pc=0x00000248f2b19930 method=java.util.TimSort.binarySort([Ljava/lang/Object;IIILjava/util/Comparator;)V @ 183 c2
Event: 9.463 Thread 0x00000248e3797000 Uncommon trap: reason=unstable_if action=reinterpret pc=0x00000248f2aba9e0 method=org.codehaus.plexus.classworlds.realm.Entry.matches(Ljava/lang/String;)Z @ 20 c2
Event: 9.595 Thread 0x00000248e3797000 Uncommon trap: reason=bimorphic_or_optimized_type_check action=maybe_recompile pc=0x00000248f2b49280 method=java.util.TimSort.binarySort([Ljava/lang/Object;IIILjava/util/Comparator;)V @ 93 c2
Event: 9.595 Thread 0x00000248e3797000 Uncommon trap: reason=null_assert_or_unreached0 action=make_not_entrant pc=0x00000248f29cf2d4 method=java.util.jar.JarFile.maybeInstantiateVerifier()V @ 4 c2
Event: 12.237 Thread 0x00000248e3797000 Uncommon trap: reason=unstable_if action=reinterpret pc=0x00000248f2b42e50 method=org.apache.maven.model.inheritance.DefaultInheritanceAssembler$InheritanceModelMerger.mergePlugin(Lorg/apache/maven/model/Plugin;Lorg/apache/maven/model/Plugin;ZLjava/util/M
Event: 12.237 Thread 0x00000248e3797000 Uncommon trap: reason=unstable_if action=reinterpret pc=0x00000248f2af8938 method=org.apache.maven.model.merge.MavenModelMerger.mergePlugin_Executions(Lorg/apache/maven/model/Plugin;Lorg/apache/maven/model/Plugin;ZLjava/util/Map;)V @ 106 c2

Classes redefined (0 events):
No events

Internal exceptions (10 events):
Event: 3.173 Thread 0x00000248e3797000 Implicit null exception at 0x00000248f2937f74 to 0x00000248f2938460
Event: 3.356 Thread 0x00000248e3797000 Implicit null exception at 0x00000248f29dd8cf to 0x00000248f29deca0
Event: 4.014 Thread 0x00000248e3797000 Implicit null exception at 0x00000248f2a0269b to 0x00000248f2a02d8a
Event: 4.015 Thread 0x00000248e3797000 Implicit null exception at 0x00000248f296d855 to 0x00000248f296da1c
Event: 5.011 Thread 0x00000248e3797000 Implicit null exception at 0x00000248f29e082f to 0x00000248f29e089d
Event: 7.429 Thread 0x00000248e3797000 Exception <a 'java/lang/NoSuchMethodError'{0x00000000893bc190}: org.apache.maven.execution.MavenExecutionRequest.getFailureBehavior()Ljava/lang/String;> (0x00000000893bc190) thrown at [./open/src/hotspot/share/interpreter/linkResolver.cpp, line 864]
Event: 7.466 Thread 0x00000248820df800 Exception <a 'java/lang/NoSuchMethodError'{0x00000000892483e8}: java.lang.invoke.DirectMethodHandle$Holder.invokeStaticInit(Ljava/lang/Object;Ljava/lang/Object;JLjava/lang/Object;)Ljava/lang/Object;> (0x00000000892483e8) thrown at [./open/src/hotspot/shar
Event: 7.469 Thread 0x00000248820df800 Exception <a 'java/lang/NoSuchMethodError'{0x0000000089254548}: java.lang.invoke.Invokers$Holder.linkToTargetMethod(Ljava/lang/Object;JLjava/lang/Object;)Ljava/lang/Object;> (0x0000000089254548) thrown at [./open/src/hotspot/share/interpreter/linkResolver
Event: 9.265 Thread 0x00000248e3797000 Exception <a 'java/lang/NoClassDefFoundError'{0x000000008864a308}: org/sonatype/aether/graph/DependencyNode> (0x000000008864a308) thrown at [./open/src/hotspot/share/classfile/systemDictionary.cpp, line 215]
Event: 9.592 Thread 0x00000248e3797000 Exception <a 'java/lang/NoSuchMethodError'{0x0000000087d81b08}: java.lang.invoke.DirectMethodHandle$Holder.invokeStaticInit(Ljava/lang/Object;Ljava/lang/Object;)I> (0x0000000087d81b08) thrown at [./open/src/hotspot/share/interpreter/linkResolver.cpp, line

Events (10 events):
Event: 12.301 Thread 0x00000248e3797000 DEOPT UNPACKING pc=0x00000248eae77c0e sp=0x000000f7170fa680 mode 0
Event: 12.301 Thread 0x00000248e3797000 DEOPT PACKING pc=0x00000248ebb2449e sp=0x000000f7170fb260
Event: 12.301 Thread 0x00000248e3797000 DEOPT UNPACKING pc=0x00000248eae77c0e sp=0x000000f7170fa7f0 mode 0
Event: 12.301 Thread 0x00000248e3797000 DEOPT PACKING pc=0x00000248ebb2449e sp=0x000000f7170fb1a0
Event: 12.301 Thread 0x00000248e3797000 DEOPT UNPACKING pc=0x00000248eae77c0e sp=0x000000f7170fa730 mode 0
Event: 12.302 Thread 0x00000248e3797000 DEOPT PACKING pc=0x00000248ebb2449e sp=0x000000f7170fb360
Event: 12.302 Thread 0x00000248e3797000 DEOPT UNPACKING pc=0x00000248eae77c0e sp=0x000000f7170fa8f0 mode 0
Event: 12.309 Thread 0x00000248e3797000 DEOPT PACKING pc=0x00000248eb8a2e6a sp=0x000000f7170fc590
Event: 12.309 Thread 0x00000248e3797000 DEOPT UNPACKING pc=0x00000248eae77c0e sp=0x000000f7170fbad8 mode 0
Event: 12.322 Executing VM operation: G1CollectForAllocation


Dynamic libraries:
0x00007ff7869b0000 - 0x00007ff7869bf000 	C:\Program Files\Java\jdk-11.0.16\bin\java.exe
0x00007ffe5d010000 - 0x00007ffe5d208000 	C:\Windows\SYSTEM32\ntdll.dll
0x00007ffe5c7d0000 - 0x00007ffe5c88f000 	C:\Windows\System32\KERNEL32.DLL
0x00007ffe5aab0000 - 0x00007ffe5ad82000 	C:\Windows\System32\KERNELBASE.dll
0x00007ffe5a710000 - 0x00007ffe5a810000 	C:\Windows\System32\ucrtbase.dll
0x00007ffe37b60000 - 0x00007ffe37b78000 	C:\Program Files\Java\jdk-11.0.16\bin\jli.dll
0x00007ffe5b500000 - 0x00007ffe5b5ae000 	C:\Windows\System32\ADVAPI32.dll
0x00007ffe5b400000 - 0x00007ffe5b49e000 	C:\Windows\System32\msvcrt.dll
0x00007ffe5c580000 - 0x00007ffe5c61c000 	C:\Windows\System32\sechost.dll
0x00007ffe5b2d0000 - 0x00007ffe5b3f5000 	C:\Windows\System32\RPCRT4.dll
0x00007ffe5ce20000 - 0x00007ffe5cfbd000 	C:\Windows\System32\USER32.dll
0x00007ffe5a970000 - 0x00007ffe5a992000 	C:\Windows\System32\win32u.dll
0x00007ffe5c500000 - 0x00007ffe5c52b000 	C:\Windows\System32\GDI32.dll
0x00007ffe5a9a0000 - 0x00007ffe5aaaf000 	C:\Windows\System32\gdi32full.dll
0x00007ffe5ad90000 - 0x00007ffe5ae2d000 	C:\Windows\System32\msvcp_win.dll
0x00007ffe37b00000 - 0x00007ffe37b15000 	C:\Program Files\Java\jdk-11.0.16\bin\VCRUNTIME140.dll
0x00007ffe3d2b0000 - 0x00007ffe3d54a000 	C:\Windows\WinSxS\amd64_microsoft.windows.common-controls_6595b64144ccf1df_6.0.19041.1110_none_60b5254171f9507e\COMCTL32.dll
0x00007ffe51fe0000 - 0x00007ffe51fea000 	C:\Windows\SYSTEM32\VERSION.dll
0x00007ffe5c540000 - 0x00007ffe5c572000 	C:\Windows\System32\IMM32.DLL
0x00007ffe0adb0000 - 0x00007ffe0ae4b000 	C:\Program Files\Java\jdk-11.0.16\bin\msvcp140.dll
0x00007ffdf19d0000 - 0x00007ffdf24e8000 	C:\Program Files\Java\jdk-11.0.16\bin\server\jvm.dll
0x00007ffe5cfc0000 - 0x00007ffe5cfc8000 	C:\Windows\System32\PSAPI.DLL
0x00007ffe561b0000 - 0x00007ffe561b9000 	C:\Windows\SYSTEM32\WSOCK32.dll
0x00007ffe5c680000 - 0x00007ffe5c6eb000 	C:\Windows\System32\WS2_32.dll
0x00007ffe3b2b0000 - 0x00007ffe3b2d7000 	C:\Windows\SYSTEM32\WINMM.dll
0x00007ffe585b0000 - 0x00007ffe585c2000 	C:\Windows\SYSTEM32\kernel.appcore.dll
0x00007ffe3c4a0000 - 0x00007ffe3c4b0000 	C:\Program Files\Java\jdk-11.0.16\bin\verify.dll
0x00007ffe4bc10000 - 0x00007ffe4bdf4000 	C:\Windows\SYSTEM32\DBGHELP.DLL
0x00007ffe4bf70000 - 0x00007ffe4bf9c000 	C:\Windows\SYSTEM32\dbgcore.DLL
0x00007ffe5ae30000 - 0x00007ffe5aeb2000 	C:\Windows\System32\bcryptPrimitives.dll
0x00007ffe30110000 - 0x00007ffe30138000 	C:\Program Files\Java\jdk-11.0.16\bin\java.dll
0x00007ffe3c420000 - 0x00007ffe3c42a000 	C:\Program Files\Java\jdk-11.0.16\bin\jimage.dll
0x00007ffe36b70000 - 0x00007ffe36b86000 	C:\Program Files\Java\jdk-11.0.16\bin\zip.dll
0x00007ffe5bdb0000 - 0x00007ffe5c4f3000 	C:\Windows\System32\SHELL32.dll
0x00007ffe587b0000 - 0x00007ffe58f42000 	C:\Windows\SYSTEM32\windows.storage.dll
0x00007ffe5b7e0000 - 0x00007ffe5bb34000 	C:\Windows\System32\combase.dll
0x00007ffe59fb0000 - 0x00007ffe59fe0000 	C:\Windows\SYSTEM32\Wldp.dll
0x00007ffe5b5b0000 - 0x00007ffe5b65d000 	C:\Windows\System32\SHCORE.dll
0x00007ffe5bb40000 - 0x00007ffe5bb95000 	C:\Windows\System32\shlwapi.dll
0x00007ffe5a650000 - 0x00007ffe5a66f000 	C:\Windows\SYSTEM32\profapi.dll
0x00007ffe35e10000 - 0x00007ffe35e29000 	C:\Program Files\Java\jdk-11.0.16\bin\net.dll
0x00007ffe51c60000 - 0x00007ffe51d6c000 	C:\Windows\SYSTEM32\WINHTTP.dll
0x00007ffe59d90000 - 0x00007ffe59dfa000 	C:\Windows\system32\mswsock.dll
0x00007ffe35dd0000 - 0x00007ffe35de2000 	C:\Program Files\Java\jdk-11.0.16\bin\nio.dll
0x0000000069ac0000 - 0x0000000069ae4000 	C:\Program Files\apache-maven-3.8.6\lib\jansi-native\Windows\x86_64\jansi.dll

dbghelp: loaded successfully - version: 4.0.5 - missing functions: none
symbol engine: initialized successfully - sym options: 0x614 - pdb path: .;C:\Program Files\Java\jdk-11.0.16\bin;C:\Windows\SYSTEM32;C:\Windows\WinSxS\amd64_microsoft.windows.common-controls_6595b64144ccf1df_6.0.19041.1110_none_60b5254171f9507e;C:\Program Files\Java\jdk-11.0.16\bin\server;C:\Program Files\apache-maven-3.8.6\lib\jansi-native\Windows\x86_64

VM Arguments:
jvm_args: -Dclassworlds.conf=C:\Program Files\apache-maven-3.8.6\bin\m2.conf -Dmaven.home=C:\Program Files\apache-maven-3.8.6 -Dlibrary.jansi.path=C:\Program Files\apache-maven-3.8.6\lib\jansi-native -Dmaven.multiModuleProjectDirectory=C:\Users\sfjbs\IdeaProjects\oct31training\vijendra\Mini-Project\PensionManagement\Pension-Management-System 
java_command: org.codehaus.plexus.classworlds.launcher.Launcher install dockerfile:build
java_class_path (initial): C:\Program Files\apache-maven-3.8.6\boot\plexus-classworlds-2.6.0.jar
Launcher Type: SUN_STANDARD

[Global flags]
     intx CICompilerCount                          = 2                                         {product} {ergonomic}
     uint ConcGCThreads                            = 1                                         {product} {ergonomic}
     uint G1ConcRefinementThreads                  = 2                                         {product} {ergonomic}
   size_t G1HeapRegionSize                         = 1048576                                   {product} {ergonomic}
    uintx GCDrainStackTargetSize                   = 64                                        {product} {ergonomic}
   size_t InitialHeapSize                          = 134217728                                 {product} {ergonomic}
   size_t MarkStackSize                            = 4194304                                   {product} {ergonomic}
   size_t MaxHeapSize                              = 2147483648                                {product} {ergonomic}
   size_t MaxNewSize                               = 1287651328                                {product} {ergonomic}
   size_t MinHeapDeltaBytes                        = 1048576                                   {product} {ergonomic}
    uintx NonNMethodCodeHeapSize                   = 5825164                                {pd product} {ergonomic}
    uintx NonProfiledCodeHeapSize                  = 122916538                              {pd product} {ergonomic}
    uintx ProfiledCodeHeapSize                     = 122916538                              {pd product} {ergonomic}
    uintx ReservedCodeCacheSize                    = 251658240                              {pd product} {ergonomic}
     bool SegmentedCodeCache                       = true                                      {product} {ergonomic}
     bool UseCompressedClassPointers               = true                                 {lp64_product} {ergonomic}
     bool UseCompressedOops                        = true                                 {lp64_product} {ergonomic}
     bool UseG1GC                                  = true                                      {product} {ergonomic}
     bool UseLargePagesIndividualAllocation        = false                                  {pd product} {ergonomic}

Logging:
Log output configuration:
 #0: stdout all=warning uptime,level,tags
 #1: stderr all=off uptime,level,tags

Environment Variables:
PATH=C:\Program Files\Common Files\Oracle\Java\javapath;C:\Windows\system32;C:\Windows;C:\Windows\System32\Wbem;C:\Windows\System32\WindowsPowerShell\v1.0\;C:\Windows\System32\OpenSSH\;C:\Users\sfjbs\Downloads\micro service-20221021T070406Z-001\micro service\apache-maven-3.8.5-bin.zip\apache-maven-3.8.5\bin;C:\Users\sfjbs\Downloads\micro service-20221021T070406Z-001\micro service\apache-maven-3.8.5-bin.zip\apache-maven-3.8.5\lib;C:\Program Files\Git\cmd;C:\Program Files\Docker\Docker\resources\bin;C:\Program Files\apache-maven-3.8.6\bin;C:\Users\sfjbs\AppData\Local\Microsoft\WindowsApps;C:\Users\sfjbs\Downloads\micro service-20221021T070406Z-001\micro service\apache-maven-3.8.5-bin.zip\apache-maven-3.8.5\bin;C:\Users\sfjbs\Downloads\micro service-20221021T070406Z-001\micro service\apache-maven-3.8.5-bin.zip\apache-maven-3.8.5\lib;C:\Program Files\JetBrains\IntelliJ IDEA Community Edition 2022.2.1\bin;;C:\Program Files\apache-maven-3.8.6\bin;C:\Users\sfjbs\apache-maven-3.8.6\bin;
USERNAME=sfjbs
OS=Windows_NT
PROCESSOR_IDENTIFIER=Intel64 Family 6 Model 106 Stepping 6, GenuineIntel



---------------  S Y S T E M  ---------------

OS: Windows 10 , 64 bit Build 19041 (10.0.19041.2251)
Hyper-V role detected

CPU:total 2 (initial active 2) (1 cores per cpu, 2 threads per core) family 6 model 106 stepping 6 microcode 0xffffffff, cmov, cx8, fxsr, mmx, sse, sse2, sse3, ssse3, sse4.1, sse4.2, popcnt, avx, avx2, aes, clmul, erms, rtm, 3dnowpref, lzcnt, ht, tsc, bmi1, bmi2, adx, evex, fma

Memory: 4k page, system-wide physical 8190M (509M free)
TotalPageFile size 10238M (AvailPageFile size 16M)
current process WorkingSet (physical memory assigned to process): 258M, peak: 258M
current process commit charge ("private bytes"): 303M, peak: 338M

vm_info: Java HotSpot(TM) 64-Bit Server VM (11.0.16+11-LTS-199) for windows-amd64 JRE (11.0.16+11-LTS-199), built on Jun 28 2022 08:23:17 by "mach5one" with MS VC++ 15.9 (VS2017)

END.
