#
# There is insufficient memory for the Java Runtime Environment to continue.
# Native memory allocation (malloc) failed to allocate 32744 bytes for ChunkPool::allocate
# Possible reasons:
#   The system is out of physical RAM or swap space
#   The process is running with CompressedOops enabled, and the Java Heap may be blocking the growth of the native heap
# Possible solutions:
#   Reduce memory load on the system
#   Increase physical memory or swap space
#   Check if swap backing store is full
#   Decrease Java heap size (-Xmx/-Xms)
#   Decrease number of Java threads
#   Decrease Java thread stack sizes (-Xss)
#   Set larger code cache with -XX:ReservedCodeCacheSize=
#   JVM is running with Unscaled Compressed Oops mode in which the Java heap is
#     placed in the first 4GB address space. The Java Heap base address is the
#     maximum limit for the native heap growth. Please use -XX:HeapBaseMinAddress
#     to set the Java Heap base and to place the Java Heap above 4GB virtual address.
# This output file may be truncated or incomplete.
#
#  Out of Memory Error (./open/src/hotspot/share/memory/arena.cpp:81), pid=4736, tid=340
#
# JRE version: Java(TM) SE Runtime Environment 18.9 (11.0.16+11) (build 11.0.16+11-LTS-199)
# Java VM: Java HotSpot(TM) 64-Bit Server VM 18.9 (11.0.16+11-LTS-199, mixed mode, tiered, compressed oops, g1 gc, windows-amd64)
# No core dump will be written. Minidumps are not enabled by default on client versions of Windows
#

---------------  S U M M A R Y ------------

Command Line: -Xverify:none -XX:TieredStopAtLevel=1 com.example.eureka.EurekaAppApplication

Host: Intel(R) Xeon(R) Platinum 8272CL CPU @ 2.60GHz, 2 cores, 7G,  Windows 10 , 64 bit Build 19041 (10.0.19041.2251)
Time: Thu Nov 10 05:09:17 2022 Coordinated Universal Time elapsed time: 332.941553 seconds (0d 0h 5m 32s)

---------------  T H R E A D  ---------------

Current thread (0x00000128dd864000):  JavaThread "C1 CompilerThread0" daemon [_thread_in_native, id=340, stack(0x0000000739400000,0x0000000739500000)]


Current CompileTask:
C1: 332941 7107   !   1       org.apache.catalina.core.StandardWrapperValve::invoke (2665 bytes)

Stack: [0x0000000739400000,0x0000000739500000]
Native frames: (J=compiled Java code, j=interpreted, Vv=VM code, C=native code)
V  [jvm.dll+0x62a3ea]
V  [jvm.dll+0x76418f]
V  [jvm.dll+0x765839]
V  [jvm.dll+0x765ec3]
V  [jvm.dll+0x23da98]
V  [jvm.dll+0xb2c7b]
V  [jvm.dll+0xb2fdc]
V  [jvm.dll+0x1017e6]
V  [jvm.dll+0x16843d]
V  [jvm.dll+0x168100]
V  [jvm.dll+0x16792c]
V  [jvm.dll+0x12e37b]
V  [jvm.dll+0x118040]
V  [jvm.dll+0x1181d0]
V  [jvm.dll+0x11848f]
V  [jvm.dll+0x117734]
V  [jvm.dll+0x119607]
V  [jvm.dll+0x207006]
V  [jvm.dll+0x20519b]
V  [jvm.dll+0x729fa0]
V  [jvm.dll+0x722b74]
V  [jvm.dll+0x629286]
C  [ucrtbase.dll+0x21bb2]
C  [KERNEL32.DLL+0x174b4]
C  [ntdll.dll+0x526a1]


---------------  P R O C E S S  ---------------

Threads class SMR info:
_java_thread_list=0x00000128e046bd10, length=57, elements={
0x00000128dd83b800, 0x00000128dd83c800, 0x00000128dd85b000, 0x00000128dd85d800,
0x00000128dd860000, 0x00000128dd864000, 0x00000128dd866000, 0x00000128de2e4000,
0x00000128de9fa800, 0x00000128de782800, 0x00000128de783000, 0x00000128e01fa800,
0x00000128dea3e800, 0x00000128dea3f800, 0x00000128de8c4800, 0x00000128de8c5800,
0x00000128e03ab800, 0x00000128e23e1000, 0x00000128e23e2000, 0x00000128e23e2800,
0x00000128e23e3800, 0x00000128e23e4800, 0x00000128e23e5000, 0x00000128e23e6000,
0x00000128e23e0800, 0x00000128e23e7000, 0x00000128e2455800, 0x00000128e2454000,
0x00000128e2456800, 0x00000128e2453800, 0x00000128e2457800, 0x00000128e2458000,
0x00000128e2459000, 0x00000128e245a000, 0x00000128e245a800, 0x00000128e2455000,
0x00000128e245e000, 0x00000128e245e800, 0x00000128e245f800, 0x00000128e2460800,
0x00000128e245b800, 0x00000128e245c800, 0x00000128e2461000, 0x00000128e2462000,
0x00000128e249e000, 0x00000128e24a3000, 0x00000128e24a2000, 0x00000128e249f800,
0x00000128e249d800, 0x00000128e24a4000, 0x00000128e24a4800, 0x00000128e249f000,
0x00000128e24a5800, 0x00000128e24a1800, 0x00000128e24a6800, 0x00000128e24a0800,
0x00000128e24a8000
}

Java Threads: ( => current thread )
  0x00000128dd83b800 JavaThread "Reference Handler" daemon [_thread_blocked, id=8976, stack(0x0000000738f00000,0x0000000739000000)]
  0x00000128dd83c800 JavaThread "Finalizer" daemon [_thread_blocked, id=6716, stack(0x0000000739000000,0x0000000739100000)]
  0x00000128dd85b000 JavaThread "Signal Dispatcher" daemon [_thread_blocked, id=10720, stack(0x0000000739100000,0x0000000739200000)]
  0x00000128dd85d800 JavaThread "Attach Listener" daemon [_thread_blocked, id=3292, stack(0x0000000739200000,0x0000000739300000)]
  0x00000128dd860000 JavaThread "Service Thread" daemon [_thread_blocked, id=7748, stack(0x0000000739300000,0x0000000739400000)]
=>0x00000128dd864000 JavaThread "C1 CompilerThread0" daemon [_thread_in_native, id=340, stack(0x0000000739400000,0x0000000739500000)]
  0x00000128dd866000 JavaThread "Sweeper thread" daemon [_thread_blocked, id=5564, stack(0x0000000739500000,0x0000000739600000)]
  0x00000128de2e4000 JavaThread "Common-Cleaner" daemon [_thread_blocked, id=12248, stack(0x0000000739700000,0x0000000739800000)]
  0x00000128de9fa800 JavaThread "Catalina-utility-1" [_thread_blocked, id=2332, stack(0x0000000739900000,0x0000000739a00000)]
  0x00000128de782800 JavaThread "Catalina-utility-2" [_thread_blocked, id=2820, stack(0x0000000739a00000,0x0000000739b00000)]
  0x00000128de783000 JavaThread "container-0" [_thread_blocked, id=5184, stack(0x0000000739b00000,0x0000000739c00000)]
  0x00000128e01fa800 JavaThread "spring.cloud.inetutils" daemon [_thread_blocked, id=1692, stack(0x0000000739c00000,0x0000000739d00000)]
  0x00000128dea3e800 JavaThread "Eureka-DeltaRetentionTimer" daemon [_thread_blocked, id=7072, stack(0x0000000739d00000,0x0000000739e00000)]
  0x00000128dea3f800 JavaThread "Eureka-EvictionTimer" daemon [_thread_blocked, id=9348, stack(0x0000000739e00000,0x0000000739f00000)]
  0x00000128de8c4800 JavaThread "Eureka-MeasureRateTimer" daemon [_thread_blocked, id=10388, stack(0x0000000739f00000,0x000000073a000000)]
  0x00000128de8c5800 JavaThread "ReplicaAwareInstanceRegistry - RenewalThresholdUpdater" daemon [_thread_blocked, id=5008, stack(0x000000073a000000,0x000000073a100000)]
  0x00000128e03ab800 JavaThread "Eureka-MeasureRateTimer" daemon [_thread_blocked, id=9308, stack(0x000000073a100000,0x000000073a200000)]
  0x00000128e23e1000 JavaThread "Apache-HttpClient-Conn-Cleaner2" daemon [_thread_blocked, id=5276, stack(0x000000073a200000,0x000000073a300000)]
  0x00000128e23e2000 JavaThread "TaskAcceptor-target_localhost" daemon [_thread_blocked, id=4816, stack(0x000000073a300000,0x000000073a400000)]
  0x00000128e23e2800 JavaThread "StatsMonitor-0" daemon [_thread_blocked, id=2644, stack(0x000000073a400000,0x000000073a500000)]
  0x00000128e23e3800 JavaThread "TaskBatchingWorker-target_localhost-0" daemon [_thread_blocked, id=2084, stack(0x000000073a500000,0x000000073a600000)]
  0x00000128e23e4800 JavaThread "TaskBatchingWorker-target_localhost-1" daemon [_thread_blocked, id=1476, stack(0x000000073a600000,0x000000073a700000)]
  0x00000128e23e5000 JavaThread "TaskBatchingWorker-target_localhost-2" daemon [_thread_blocked, id=9388, stack(0x000000073a700000,0x000000073a800000)]
  0x00000128e23e6000 JavaThread "TaskBatchingWorker-target_localhost-3" daemon [_thread_blocked, id=4648, stack(0x000000073a800000,0x000000073a900000)]
  0x00000128e23e0800 JavaThread "TaskBatchingWorker-target_localhost-4" daemon [_thread_blocked, id=5056, stack(0x000000073a900000,0x000000073aa00000)]
  0x00000128e23e7000 JavaThread "TaskBatchingWorker-target_localhost-5" daemon [_thread_blocked, id=7524, stack(0x000000073aa00000,0x000000073ab00000)]
  0x00000128e2455800 JavaThread "TaskBatchingWorker-target_localhost-6" daemon [_thread_blocked, id=6512, stack(0x000000073ab00000,0x000000073ac00000)]
  0x00000128e2454000 JavaThread "TaskBatchingWorker-target_localhost-7" daemon [_thread_blocked, id=2096, stack(0x000000073ac00000,0x000000073ad00000)]
  0x00000128e2456800 JavaThread "TaskBatchingWorker-target_localhost-8" daemon [_thread_blocked, id=11824, stack(0x000000073ad00000,0x000000073ae00000)]
  0x00000128e2453800 JavaThread "TaskBatchingWorker-target_localhost-9" daemon [_thread_blocked, id=8440, stack(0x000000073ae00000,0x000000073af00000)]
  0x00000128e2457800 JavaThread "TaskBatchingWorker-target_localhost-10" daemon [_thread_blocked, id=6872, stack(0x000000073af00000,0x000000073b000000)]
  0x00000128e2458000 JavaThread "TaskBatchingWorker-target_localhost-11" daemon [_thread_in_native, id=10104, stack(0x000000073b000000,0x000000073b100000)]
  0x00000128e2459000 JavaThread "TaskBatchingWorker-target_localhost-12" daemon [_thread_blocked, id=8416, stack(0x000000073b100000,0x000000073b200000)]
  0x00000128e245a000 JavaThread "TaskBatchingWorker-target_localhost-13" daemon [_thread_blocked, id=9364, stack(0x000000073b200000,0x000000073b300000)]
  0x00000128e245a800 JavaThread "TaskBatchingWorker-target_localhost-14" daemon [_thread_blocked, id=4036, stack(0x000000073b300000,0x000000073b400000)]
  0x00000128e2455000 JavaThread "TaskBatchingWorker-target_localhost-15" daemon [_thread_blocked, id=6236, stack(0x000000073b400000,0x000000073b500000)]
  0x00000128e245e000 JavaThread "TaskBatchingWorker-target_localhost-16" daemon [_thread_blocked, id=12052, stack(0x000000073b500000,0x000000073b600000)]
  0x00000128e245e800 JavaThread "TaskBatchingWorker-target_localhost-17" daemon [_thread_blocked, id=5016, stack(0x000000073b600000,0x000000073b700000)]
  0x00000128e245f800 JavaThread "TaskBatchingWorker-target_localhost-18" daemon [_thread_blocked, id=12216, stack(0x000000073b700000,0x000000073b800000)]
  0x00000128e2460800 JavaThread "TaskBatchingWorker-target_localhost-19" daemon [_thread_blocked, id=1912, stack(0x000000073b800000,0x000000073b900000)]
  0x00000128e245b800 JavaThread "TaskAcceptor-localhost" daemon [_thread_blocked, id=10724, stack(0x000000073b900000,0x000000073ba00000)]
  0x00000128e245c800 JavaThread "TaskNonBatchingWorker-localhost-0" daemon [_thread_blocked, id=9808, stack(0x000000073ba00000,0x000000073bb00000)]
  0x00000128e2461000 JavaThread "Eureka-PeerNodesUpdater" daemon [_thread_blocked, id=5148, stack(0x000000073bb00000,0x000000073bc00000)]
  0x00000128e2462000 JavaThread "Eureka-CacheFillTimer" daemon [_thread_blocked, id=4568, stack(0x000000073bc00000,0x000000073bd00000)]
  0x00000128e249e000 JavaThread "http-nio-8761-exec-1" daemon [_thread_blocked, id=5964, stack(0x000000073be00000,0x000000073bf00000)]
  0x00000128e24a3000 JavaThread "http-nio-8761-exec-2" daemon [_thread_blocked, id=7140, stack(0x000000073bf00000,0x000000073c000000)]
  0x00000128e24a2000 JavaThread "http-nio-8761-exec-3" daemon [_thread_blocked, id=4564, stack(0x000000073c000000,0x000000073c100000)]
  0x00000128e249f800 JavaThread "http-nio-8761-exec-4" daemon [_thread_blocked, id=6672, stack(0x000000073c100000,0x000000073c200000)]
  0x00000128e249d800 JavaThread "http-nio-8761-exec-5" daemon [_thread_blocked, id=9008, stack(0x000000073c200000,0x000000073c300000)]
  0x00000128e24a4000 JavaThread "http-nio-8761-exec-6" daemon [_thread_blocked, id=10280, stack(0x000000073c300000,0x000000073c400000)]
  0x00000128e24a4800 JavaThread "http-nio-8761-exec-7" daemon [_thread_blocked, id=6312, stack(0x000000073c400000,0x000000073c500000)]
  0x00000128e249f000 JavaThread "http-nio-8761-exec-8" daemon [_thread_blocked, id=8448, stack(0x000000073c500000,0x000000073c600000)]
  0x00000128e24a5800 JavaThread "http-nio-8761-exec-9" daemon [_thread_blocked, id=4420, stack(0x000000073c600000,0x000000073c700000)]
  0x00000128e24a1800 JavaThread "http-nio-8761-exec-10" daemon [_thread_blocked, id=7352, stack(0x000000073c700000,0x000000073c800000)]
  0x00000128e24a6800 JavaThread "http-nio-8761-Poller" daemon [_thread_in_native, id=7688, stack(0x000000073bd00000,0x000000073be00000)]
  0x00000128e24a0800 JavaThread "http-nio-8761-Acceptor" daemon [_thread_in_native, id=488, stack(0x000000073c800000,0x000000073c900000)]
  0x00000128e24a8000 JavaThread "DestroyJavaVM" [_thread_blocked, id=1404, stack(0x0000000738800000,0x0000000738900000)]

Other Threads:
  0x00000128dd839800 VMThread "VM Thread" [stack: 0x0000000738e00000,0x0000000738f00000] [id=9424]
  0x00000128de2df000 WatcherThread [stack: 0x0000000739600000,0x0000000739700000] [id=1896]
  0x00000128c05dc000 GCTaskThread "GC Thread#0" [stack: 0x0000000738900000,0x0000000738a00000] [id=896]
  0x00000128de659800 GCTaskThread "GC Thread#1" [stack: 0x0000000739800000,0x0000000739900000] [id=8712]
  0x00000128c060d000 ConcurrentGCThread "G1 Main Marker" [stack: 0x0000000738a00000,0x0000000738b00000] [id=5812]
  0x00000128c060e000 ConcurrentGCThread "G1 Conc#0" [stack: 0x0000000738b00000,0x0000000738c00000] [id=8084]
  0x00000128c0693000 ConcurrentGCThread "G1 Refine#0" [stack: 0x0000000738c00000,0x0000000738d00000] [id=4780]
  0x00000128c0695000 ConcurrentGCThread "G1 Young RemSet Sampling" [stack: 0x0000000738d00000,0x0000000738e00000] [id=7448]

Threads with active compile tasks:
C1 CompilerThread0   332971 7107   !   1       org.apache.catalina.core.StandardWrapperValve::invoke (2665 bytes)

VM state:not at safepoint (normal execution)

VM Mutex/Monitor currently owned by a thread: None

Heap address: 0x0000000080000000, size: 2048 MB, Compressed Oops mode: 32-bit
Narrow klass base: 0x0000000000000000, Narrow klass shift: 3
Compressed class space size: 1073741824 Address: 0x0000000100000000

Heap:
 garbage-first heap   total 233472K, used 125887K [0x0000000080000000, 0x0000000100000000)
  region size 1024K, 113 young (115712K), 11 survivors (11264K)
 Metaspace       used 52647K, capacity 54318K, committed 54576K, reserved 1095680K
  class space    used 6791K, capacity 7458K, committed 7552K, reserved 1048576K
Heap Regions: E=young(eden), S=young(survivor), O=old, HS=humongous(starts), HC=humongous(continues), CS=collection set, F=free, A=archive, TAMS=top-at-mark-start (previous, next)
|   0|0x0000000080000000, 0x0000000080100000, 0x0000000080100000|100%| O|  |TAMS 0x0000000080100000, 0x0000000080000000| Untracked 
|   1|0x0000000080100000, 0x0000000080200000, 0x0000000080200000|100%| O|  |TAMS 0x0000000080200000, 0x0000000080100000| Untracked 
|   2|0x0000000080200000, 0x0000000080300000, 0x0000000080300000|100%| O|  |TAMS 0x0000000080300000, 0x0000000080200000| Untracked 
|   3|0x0000000080300000, 0x0000000080400000, 0x0000000080400000|100%| O|  |TAMS 0x0000000080400000, 0x0000000080300000| Untracked 
|   4|0x0000000080400000, 0x0000000080500000, 0x0000000080500000|100%| O|  |TAMS 0x0000000080500000, 0x0000000080400000| Untracked 
|   5|0x0000000080500000, 0x0000000080600000, 0x0000000080600000|100%| O|  |TAMS 0x0000000080600000, 0x0000000080500000| Untracked 
|   6|0x0000000080600000, 0x0000000080700000, 0x0000000080700000|100%| O|  |TAMS 0x0000000080700000, 0x0000000080600000| Untracked 
|   7|0x0000000080700000, 0x0000000080800000, 0x0000000080800000|100%| O|  |TAMS 0x0000000080800000, 0x0000000080700000| Untracked 
|   8|0x0000000080800000, 0x0000000080900000, 0x0000000080900000|100%| O|  |TAMS 0x0000000080900000, 0x0000000080800000| Untracked 
|   9|0x0000000080900000, 0x00000000809efe00, 0x0000000080a00000| 93%| O|  |TAMS 0x00000000809efe00, 0x0000000080900000| Untracked 
|  10|0x0000000080a00000, 0x0000000080b00000, 0x0000000080b00000|100%| O|  |TAMS 0x0000000080b00000, 0x0000000080a00000| Untracked 
|  11|0x0000000080b00000, 0x0000000080b00000, 0x0000000080c00000|  0%| F|  |TAMS 0x0000000080b00000, 0x0000000080b00000| Untracked 
|  12|0x0000000080c00000, 0x0000000080c00000, 0x0000000080d00000|  0%| F|  |TAMS 0x0000000080c00000, 0x0000000080c00000| Untracked 
|  13|0x0000000080d00000, 0x0000000080d00000, 0x0000000080e00000|  0%| F|  |TAMS 0x0000000080d00000, 0x0000000080d00000| Untracked 
|  14|0x0000000080e00000, 0x0000000080e00000, 0x0000000080f00000|  0%| F|  |TAMS 0x0000000080e00000, 0x0000000080e00000| Untracked 
|  15|0x0000000080f00000, 0x0000000080f00000, 0x0000000081000000|  0%| F|  |TAMS 0x0000000080f00000, 0x0000000080f00000| Untracked 
|  16|0x0000000081000000, 0x0000000081000000, 0x0000000081100000|  0%| F|  |TAMS 0x0000000081000000, 0x0000000081000000| Untracked 
|  17|0x0000000081100000, 0x0000000081100000, 0x0000000081200000|  0%| F|  |TAMS 0x0000000081100000, 0x0000000081100000| Untracked 
|  18|0x0000000081200000, 0x0000000081200000, 0x0000000081300000|  0%| F|  |TAMS 0x0000000081200000, 0x0000000081200000| Untracked 
|  19|0x0000000081300000, 0x0000000081300000, 0x0000000081400000|  0%| F|  |TAMS 0x0000000081300000, 0x0000000081300000| Untracked 
|  20|0x0000000081400000, 0x0000000081400000, 0x0000000081500000|  0%| F|  |TAMS 0x0000000081400000, 0x0000000081400000| Untracked 
|  21|0x0000000081500000, 0x0000000081500000, 0x0000000081600000|  0%| F|  |TAMS 0x0000000081500000, 0x0000000081500000| Untracked 
|  22|0x0000000081600000, 0x0000000081600000, 0x0000000081700000|  0%| F|  |TAMS 0x0000000081600000, 0x0000000081600000| Untracked 
|  23|0x0000000081700000, 0x0000000081700000, 0x0000000081800000|  0%| F|  |TAMS 0x0000000081700000, 0x0000000081700000| Untracked 
|  24|0x0000000081800000, 0x0000000081800000, 0x0000000081900000|  0%| F|  |TAMS 0x0000000081800000, 0x0000000081800000| Untracked 
|  25|0x0000000081900000, 0x0000000081900000, 0x0000000081a00000|  0%| F|  |TAMS 0x0000000081900000, 0x0000000081900000| Untracked 
|  26|0x0000000081a00000, 0x0000000081a00000, 0x0000000081b00000|  0%| F|  |TAMS 0x0000000081a00000, 0x0000000081a00000| Untracked 
|  27|0x0000000081b00000, 0x0000000081b00000, 0x0000000081c00000|  0%| F|  |TAMS 0x0000000081b00000, 0x0000000081b00000| Untracked 
|  28|0x0000000081c00000, 0x0000000081c00000, 0x0000000081d00000|  0%| F|  |TAMS 0x0000000081c00000, 0x0000000081c00000| Untracked 
|  29|0x0000000081d00000, 0x0000000081d00000, 0x0000000081e00000|  0%| F|  |TAMS 0x0000000081d00000, 0x0000000081d00000| Untracked 
|  30|0x0000000081e00000, 0x0000000081e00000, 0x0000000081f00000|  0%| F|  |TAMS 0x0000000081e00000, 0x0000000081e00000| Untracked 
|  31|0x0000000081f00000, 0x0000000081f00000, 0x0000000082000000|  0%| F|  |TAMS 0x0000000081f00000, 0x0000000081f00000| Untracked 
|  32|0x0000000082000000, 0x0000000082000000, 0x0000000082100000|  0%| F|  |TAMS 0x0000000082000000, 0x0000000082000000| Untracked 
|  33|0x0000000082100000, 0x0000000082100000, 0x0000000082200000|  0%| F|  |TAMS 0x0000000082100000, 0x0000000082100000| Untracked 
|  34|0x0000000082200000, 0x0000000082200000, 0x0000000082300000|  0%| F|  |TAMS 0x0000000082200000, 0x0000000082200000| Untracked 
|  35|0x0000000082300000, 0x0000000082300000, 0x0000000082400000|  0%| F|  |TAMS 0x0000000082300000, 0x0000000082300000| Untracked 
|  36|0x0000000082400000, 0x0000000082400000, 0x0000000082500000|  0%| F|  |TAMS 0x0000000082400000, 0x0000000082400000| Untracked 
|  37|0x0000000082500000, 0x0000000082500000, 0x0000000082600000|  0%| F|  |TAMS 0x0000000082500000, 0x0000000082500000| Untracked 
|  38|0x0000000082600000, 0x0000000082600000, 0x0000000082700000|  0%| F|  |TAMS 0x0000000082600000, 0x0000000082600000| Untracked 
|  39|0x0000000082700000, 0x0000000082700000, 0x0000000082800000|  0%| F|  |TAMS 0x0000000082700000, 0x0000000082700000| Untracked 
|  40|0x0000000082800000, 0x0000000082800000, 0x0000000082900000|  0%| F|  |TAMS 0x0000000082800000, 0x0000000082800000| Untracked 
|  41|0x0000000082900000, 0x0000000082900000, 0x0000000082a00000|  0%| F|  |TAMS 0x0000000082900000, 0x0000000082900000| Untracked 
|  42|0x0000000082a00000, 0x0000000082a00000, 0x0000000082b00000|  0%| F|  |TAMS 0x0000000082a00000, 0x0000000082a00000| Untracked 
|  43|0x0000000082b00000, 0x0000000082b00000, 0x0000000082c00000|  0%| F|  |TAMS 0x0000000082b00000, 0x0000000082b00000| Untracked 
|  44|0x0000000082c00000, 0x0000000082c00000, 0x0000000082d00000|  0%| F|  |TAMS 0x0000000082c00000, 0x0000000082c00000| Untracked 
|  45|0x0000000082d00000, 0x0000000082d00000, 0x0000000082e00000|  0%| F|  |TAMS 0x0000000082d00000, 0x0000000082d00000| Untracked 
|  46|0x0000000082e00000, 0x0000000082e00000, 0x0000000082f00000|  0%| F|  |TAMS 0x0000000082e00000, 0x0000000082e00000| Untracked 
|  47|0x0000000082f00000, 0x0000000082f00000, 0x0000000083000000|  0%| F|  |TAMS 0x0000000082f00000, 0x0000000082f00000| Untracked 
|  48|0x0000000083000000, 0x0000000083000000, 0x0000000083100000|  0%| F|  |TAMS 0x0000000083000000, 0x0000000083000000| Untracked 
|  49|0x0000000083100000, 0x0000000083100000, 0x0000000083200000|  0%| F|  |TAMS 0x0000000083100000, 0x0000000083100000| Untracked 
|  50|0x0000000083200000, 0x0000000083200000, 0x0000000083300000|  0%| F|  |TAMS 0x0000000083200000, 0x0000000083200000| Untracked 
|  51|0x0000000083300000, 0x0000000083300000, 0x0000000083400000|  0%| F|  |TAMS 0x0000000083300000, 0x0000000083300000| Untracked 
|  52|0x0000000083400000, 0x0000000083400000, 0x0000000083500000|  0%| F|  |TAMS 0x0000000083400000, 0x0000000083400000| Untracked 
|  53|0x0000000083500000, 0x0000000083500000, 0x0000000083600000|  0%| F|  |TAMS 0x0000000083500000, 0x0000000083500000| Untracked 
|  54|0x0000000083600000, 0x0000000083600000, 0x0000000083700000|  0%| F|  |TAMS 0x0000000083600000, 0x0000000083600000| Untracked 
|  55|0x0000000083700000, 0x0000000083700000, 0x0000000083800000|  0%| F|  |TAMS 0x0000000083700000, 0x0000000083700000| Untracked 
|  56|0x0000000083800000, 0x0000000083800000, 0x0000000083900000|  0%| F|  |TAMS 0x0000000083800000, 0x0000000083800000| Untracked 
|  57|0x0000000083900000, 0x0000000083900000, 0x0000000083a00000|  0%| F|  |TAMS 0x0000000083900000, 0x0000000083900000| Untracked 
|  58|0x0000000083a00000, 0x0000000083a00000, 0x0000000083b00000|  0%| F|  |TAMS 0x0000000083a00000, 0x0000000083a00000| Untracked 
|  59|0x0000000083b00000, 0x0000000083b00000, 0x0000000083c00000|  0%| F|  |TAMS 0x0000000083b00000, 0x0000000083b00000| Untracked 
|  60|0x0000000083c00000, 0x0000000083c00000, 0x0000000083d00000|  0%| F|  |TAMS 0x0000000083c00000, 0x0000000083c00000| Untracked 
|  61|0x0000000083d00000, 0x0000000083d00000, 0x0000000083e00000|  0%| F|  |TAMS 0x0000000083d00000, 0x0000000083d00000| Untracked 
|  62|0x0000000083e00000, 0x0000000083e00000, 0x0000000083f00000|  0%| F|  |TAMS 0x0000000083e00000, 0x0000000083e00000| Untracked 
|  63|0x0000000083f00000, 0x0000000083f00000, 0x0000000084000000|  0%| F|  |TAMS 0x0000000083f00000, 0x0000000083f00000| Untracked 
|  64|0x0000000084000000, 0x0000000084000000, 0x0000000084100000|  0%| F|  |TAMS 0x0000000084000000, 0x0000000084000000| Untracked 
|  65|0x0000000084100000, 0x0000000084100000, 0x0000000084200000|  0%| F|  |TAMS 0x0000000084100000, 0x0000000084100000| Untracked 
|  66|0x0000000084200000, 0x0000000084200000, 0x0000000084300000|  0%| F|  |TAMS 0x0000000084200000, 0x0000000084200000| Untracked 
|  67|0x0000000084300000, 0x0000000084300000, 0x0000000084400000|  0%| F|  |TAMS 0x0000000084300000, 0x0000000084300000| Untracked 
|  68|0x0000000084400000, 0x0000000084400000, 0x0000000084500000|  0%| F|  |TAMS 0x0000000084400000, 0x0000000084400000| Untracked 
|  69|0x0000000084500000, 0x0000000084500000, 0x0000000084600000|  0%| F|  |TAMS 0x0000000084500000, 0x0000000084500000| Untracked 
|  70|0x0000000084600000, 0x0000000084600000, 0x0000000084700000|  0%| F|  |TAMS 0x0000000084600000, 0x0000000084600000| Untracked 
|  71|0x0000000084700000, 0x0000000084700000, 0x0000000084800000|  0%| F|  |TAMS 0x0000000084700000, 0x0000000084700000| Untracked 
|  72|0x0000000084800000, 0x0000000084800000, 0x0000000084900000|  0%| F|  |TAMS 0x0000000084800000, 0x0000000084800000| Untracked 
|  73|0x0000000084900000, 0x0000000084900000, 0x0000000084a00000|  0%| F|  |TAMS 0x0000000084900000, 0x0000000084900000| Untracked 
|  74|0x0000000084a00000, 0x0000000084a00000, 0x0000000084b00000|  0%| F|  |TAMS 0x0000000084a00000, 0x0000000084a00000| Untracked 
|  75|0x0000000084b00000, 0x0000000084b00000, 0x0000000084c00000|  0%| F|  |TAMS 0x0000000084b00000, 0x0000000084b00000| Untracked 
|  76|0x0000000084c00000, 0x0000000084c00000, 0x0000000084d00000|  0%| F|  |TAMS 0x0000000084c00000, 0x0000000084c00000| Untracked 
|  77|0x0000000084d00000, 0x0000000084d00000, 0x0000000084e00000|  0%| F|  |TAMS 0x0000000084d00000, 0x0000000084d00000| Untracked 
|  78|0x0000000084e00000, 0x0000000084e00000, 0x0000000084f00000|  0%| F|  |TAMS 0x0000000084e00000, 0x0000000084e00000| Untracked 
|  79|0x0000000084f00000, 0x0000000084f00000, 0x0000000085000000|  0%| F|  |TAMS 0x0000000084f00000, 0x0000000084f00000| Untracked 
|  80|0x0000000085000000, 0x0000000085000000, 0x0000000085100000|  0%| F|  |TAMS 0x0000000085000000, 0x0000000085000000| Untracked 
|  81|0x0000000085100000, 0x0000000085100000, 0x0000000085200000|  0%| F|  |TAMS 0x0000000085100000, 0x0000000085100000| Untracked 
|  82|0x0000000085200000, 0x0000000085200000, 0x0000000085300000|  0%| F|  |TAMS 0x0000000085200000, 0x0000000085200000| Untracked 
|  83|0x0000000085300000, 0x0000000085300000, 0x0000000085400000|  0%| F|  |TAMS 0x0000000085300000, 0x0000000085300000| Untracked 
|  84|0x0000000085400000, 0x0000000085400000, 0x0000000085500000|  0%| F|  |TAMS 0x0000000085400000, 0x0000000085400000| Untracked 
|  85|0x0000000085500000, 0x0000000085500000, 0x0000000085600000|  0%| F|  |TAMS 0x0000000085500000, 0x0000000085500000| Untracked 
|  86|0x0000000085600000, 0x0000000085600000, 0x0000000085700000|  0%| F|  |TAMS 0x0000000085600000, 0x0000000085600000| Untracked 
|  87|0x0000000085700000, 0x0000000085700000, 0x0000000085800000|  0%| F|  |TAMS 0x0000000085700000, 0x0000000085700000| Untracked 
|  88|0x0000000085800000, 0x0000000085800000, 0x0000000085900000|  0%| F|  |TAMS 0x0000000085800000, 0x0000000085800000| Untracked 
|  89|0x0000000085900000, 0x0000000085900000, 0x0000000085a00000|  0%| F|  |TAMS 0x0000000085900000, 0x0000000085900000| Untracked 
|  90|0x0000000085a00000, 0x0000000085a00000, 0x0000000085b00000|  0%| F|  |TAMS 0x0000000085a00000, 0x0000000085a00000| Untracked 
|  91|0x0000000085b00000, 0x0000000085b00000, 0x0000000085c00000|  0%| F|  |TAMS 0x0000000085b00000, 0x0000000085b00000| Untracked 
|  92|0x0000000085c00000, 0x0000000085c00000, 0x0000000085d00000|  0%| F|  |TAMS 0x0000000085c00000, 0x0000000085c00000| Untracked 
|  93|0x0000000085d00000, 0x0000000085d00000, 0x0000000085e00000|  0%| F|  |TAMS 0x0000000085d00000, 0x0000000085d00000| Untracked 
|  94|0x0000000085e00000, 0x0000000085e00000, 0x0000000085f00000|  0%| F|  |TAMS 0x0000000085e00000, 0x0000000085e00000| Untracked 
|  95|0x0000000085f00000, 0x0000000085f00000, 0x0000000086000000|  0%| F|  |TAMS 0x0000000085f00000, 0x0000000085f00000| Untracked 
|  96|0x0000000086000000, 0x0000000086000000, 0x0000000086100000|  0%| F|  |TAMS 0x0000000086000000, 0x0000000086000000| Untracked 
|  97|0x0000000086100000, 0x0000000086100000, 0x0000000086200000|  0%| F|  |TAMS 0x0000000086100000, 0x0000000086100000| Untracked 
|  98|0x0000000086200000, 0x0000000086200000, 0x0000000086300000|  0%| F|  |TAMS 0x0000000086200000, 0x0000000086200000| Untracked 
|  99|0x0000000086300000, 0x0000000086300000, 0x0000000086400000|  0%| F|  |TAMS 0x0000000086300000, 0x0000000086300000| Untracked 
| 100|0x0000000086400000, 0x0000000086400000, 0x0000000086500000|  0%| F|  |TAMS 0x0000000086400000, 0x0000000086400000| Untracked 
| 101|0x0000000086500000, 0x0000000086500000, 0x0000000086600000|  0%| F|  |TAMS 0x0000000086500000, 0x0000000086500000| Untracked 
| 102|0x0000000086600000, 0x0000000086600000, 0x0000000086700000|  0%| F|  |TAMS 0x0000000086600000, 0x0000000086600000| Untracked 
| 103|0x0000000086700000, 0x0000000086700000, 0x0000000086800000|  0%| F|  |TAMS 0x0000000086700000, 0x0000000086700000| Untracked 
| 104|0x0000000086800000, 0x0000000086900000, 0x0000000086900000|100%| S|CS|TAMS 0x0000000086800000, 0x0000000086800000| Complete 
| 105|0x0000000086900000, 0x0000000086a00000, 0x0000000086a00000|100%| S|CS|TAMS 0x0000000086900000, 0x0000000086900000| Complete 
| 106|0x0000000086a00000, 0x0000000086b00000, 0x0000000086b00000|100%| S|CS|TAMS 0x0000000086a00000, 0x0000000086a00000| Complete 
| 107|0x0000000086b00000, 0x0000000086c00000, 0x0000000086c00000|100%| S|CS|TAMS 0x0000000086b00000, 0x0000000086b00000| Complete 
| 108|0x0000000086c00000, 0x0000000086d00000, 0x0000000086d00000|100%| S|CS|TAMS 0x0000000086c00000, 0x0000000086c00000| Complete 
| 109|0x0000000086d00000, 0x0000000086e00000, 0x0000000086e00000|100%| S|CS|TAMS 0x0000000086d00000, 0x0000000086d00000| Complete 
| 110|0x0000000086e00000, 0x0000000086f00000, 0x0000000086f00000|100%| S|CS|TAMS 0x0000000086e00000, 0x0000000086e00000| Complete 
| 111|0x0000000086f00000, 0x0000000087000000, 0x0000000087000000|100%| S|CS|TAMS 0x0000000086f00000, 0x0000000086f00000| Complete 
| 112|0x0000000087000000, 0x0000000087100000, 0x0000000087100000|100%| S|CS|TAMS 0x0000000087000000, 0x0000000087000000| Complete 
| 113|0x0000000087100000, 0x0000000087200000, 0x0000000087200000|100%| S|CS|TAMS 0x0000000087100000, 0x0000000087100000| Complete 
| 114|0x0000000087200000, 0x0000000087300000, 0x0000000087300000|100%| S|CS|TAMS 0x0000000087200000, 0x0000000087200000| Complete 
| 115|0x0000000087300000, 0x0000000087300000, 0x0000000087400000|  0%| F|  |TAMS 0x0000000087300000, 0x0000000087300000| Untracked 
| 116|0x0000000087400000, 0x0000000087400000, 0x0000000087500000|  0%| F|  |TAMS 0x0000000087400000, 0x0000000087400000| Untracked 
| 117|0x0000000087500000, 0x0000000087500000, 0x0000000087600000|  0%| F|  |TAMS 0x0000000087500000, 0x0000000087500000| Untracked 
| 118|0x0000000087600000, 0x0000000087600000, 0x0000000087700000|  0%| F|  |TAMS 0x0000000087600000, 0x0000000087600000| Untracked 
| 119|0x0000000087700000, 0x0000000087700000, 0x0000000087800000|  0%| F|  |TAMS 0x0000000087700000, 0x0000000087700000| Untracked 
| 120|0x0000000087800000, 0x0000000087800000, 0x0000000087900000|  0%| F|  |TAMS 0x0000000087800000, 0x0000000087800000| Untracked 
| 121|0x0000000087900000, 0x0000000087900000, 0x0000000087a00000|  0%| F|  |TAMS 0x0000000087900000, 0x0000000087900000| Untracked 
| 122|0x0000000087a00000, 0x0000000087a00000, 0x0000000087b00000|  0%| F|  |TAMS 0x0000000087a00000, 0x0000000087a00000| Untracked 
| 123|0x0000000087b00000, 0x0000000087b00000, 0x0000000087c00000|  0%| F|  |TAMS 0x0000000087b00000, 0x0000000087b00000| Untracked 
| 124|0x0000000087c00000, 0x0000000087c00000, 0x0000000087d00000|  0%| F|  |TAMS 0x0000000087c00000, 0x0000000087c00000| Untracked 
| 125|0x0000000087d00000, 0x0000000087d00000, 0x0000000087e00000|  0%| F|  |TAMS 0x0000000087d00000, 0x0000000087d00000| Untracked 
| 126|0x0000000087e00000, 0x0000000087f00000, 0x0000000087f00000|100%| E|  |TAMS 0x0000000087e00000, 0x0000000087e00000| Complete 
| 127|0x0000000087f00000, 0x0000000088000000, 0x0000000088000000|100%| E|CS|TAMS 0x0000000087f00000, 0x0000000087f00000| Complete 
| 128|0x0000000088000000, 0x0000000088100000, 0x0000000088100000|100%| E|CS|TAMS 0x0000000088000000, 0x0000000088000000| Complete 
| 129|0x0000000088100000, 0x0000000088200000, 0x0000000088200000|100%| E|CS|TAMS 0x0000000088100000, 0x0000000088100000| Complete 
| 130|0x0000000088200000, 0x0000000088300000, 0x0000000088300000|100%| E|CS|TAMS 0x0000000088200000, 0x0000000088200000| Complete 
| 131|0x0000000088300000, 0x0000000088400000, 0x0000000088400000|100%| E|CS|TAMS 0x0000000088300000, 0x0000000088300000| Complete 
| 132|0x0000000088400000, 0x0000000088500000, 0x0000000088500000|100%| E|CS|TAMS 0x0000000088400000, 0x0000000088400000| Complete 
| 133|0x0000000088500000, 0x0000000088600000, 0x0000000088600000|100%| E|CS|TAMS 0x0000000088500000, 0x0000000088500000| Complete 
| 134|0x0000000088600000, 0x0000000088700000, 0x0000000088700000|100%| E|CS|TAMS 0x0000000088600000, 0x0000000088600000| Complete 
| 135|0x0000000088700000, 0x0000000088800000, 0x0000000088800000|100%| E|CS|TAMS 0x0000000088700000, 0x0000000088700000| Complete 
| 136|0x0000000088800000, 0x0000000088900000, 0x0000000088900000|100%| E|CS|TAMS 0x0000000088800000, 0x0000000088800000| Complete 
| 137|0x0000000088900000, 0x0000000088a00000, 0x0000000088a00000|100%| E|CS|TAMS 0x0000000088900000, 0x0000000088900000| Complete 
| 138|0x0000000088a00000, 0x0000000088b00000, 0x0000000088b00000|100%| E|CS|TAMS 0x0000000088a00000, 0x0000000088a00000| Complete 
| 139|0x0000000088b00000, 0x0000000088c00000, 0x0000000088c00000|100%| E|CS|TAMS 0x0000000088b00000, 0x0000000088b00000| Complete 
| 140|0x0000000088c00000, 0x0000000088d00000, 0x0000000088d00000|100%| E|CS|TAMS 0x0000000088c00000, 0x0000000088c00000| Complete 
| 141|0x0000000088d00000, 0x0000000088e00000, 0x0000000088e00000|100%| E|CS|TAMS 0x0000000088d00000, 0x0000000088d00000| Complete 
| 142|0x0000000088e00000, 0x0000000088f00000, 0x0000000088f00000|100%| E|CS|TAMS 0x0000000088e00000, 0x0000000088e00000| Complete 
| 143|0x0000000088f00000, 0x0000000089000000, 0x0000000089000000|100%| E|CS|TAMS 0x0000000088f00000, 0x0000000088f00000| Complete 
| 144|0x0000000089000000, 0x0000000089100000, 0x0000000089100000|100%| E|CS|TAMS 0x0000000089000000, 0x0000000089000000| Complete 
| 145|0x0000000089100000, 0x0000000089200000, 0x0000000089200000|100%| E|CS|TAMS 0x0000000089100000, 0x0000000089100000| Complete 
| 146|0x0000000089200000, 0x0000000089300000, 0x0000000089300000|100%| E|CS|TAMS 0x0000000089200000, 0x0000000089200000| Complete 
| 147|0x0000000089300000, 0x0000000089400000, 0x0000000089400000|100%| E|CS|TAMS 0x0000000089300000, 0x0000000089300000| Complete 
| 148|0x0000000089400000, 0x0000000089500000, 0x0000000089500000|100%| E|CS|TAMS 0x0000000089400000, 0x0000000089400000| Complete 
| 149|0x0000000089500000, 0x0000000089600000, 0x0000000089600000|100%| E|CS|TAMS 0x0000000089500000, 0x0000000089500000| Complete 
| 150|0x0000000089600000, 0x0000000089700000, 0x0000000089700000|100%| E|CS|TAMS 0x0000000089600000, 0x0000000089600000| Complete 
| 151|0x0000000089700000, 0x0000000089800000, 0x0000000089800000|100%| E|CS|TAMS 0x0000000089700000, 0x0000000089700000| Complete 
| 152|0x0000000089800000, 0x0000000089900000, 0x0000000089900000|100%| E|CS|TAMS 0x0000000089800000, 0x0000000089800000| Complete 
| 153|0x0000000089900000, 0x0000000089a00000, 0x0000000089a00000|100%| E|CS|TAMS 0x0000000089900000, 0x0000000089900000| Complete 
| 154|0x0000000089a00000, 0x0000000089b00000, 0x0000000089b00000|100%| E|CS|TAMS 0x0000000089a00000, 0x0000000089a00000| Complete 
| 155|0x0000000089b00000, 0x0000000089c00000, 0x0000000089c00000|100%| E|CS|TAMS 0x0000000089b00000, 0x0000000089b00000| Complete 
| 156|0x0000000089c00000, 0x0000000089d00000, 0x0000000089d00000|100%| E|CS|TAMS 0x0000000089c00000, 0x0000000089c00000| Complete 
| 157|0x0000000089d00000, 0x0000000089e00000, 0x0000000089e00000|100%| E|CS|TAMS 0x0000000089d00000, 0x0000000089d00000| Complete 
| 158|0x0000000089e00000, 0x0000000089f00000, 0x0000000089f00000|100%| E|CS|TAMS 0x0000000089e00000, 0x0000000089e00000| Complete 
| 159|0x0000000089f00000, 0x000000008a000000, 0x000000008a000000|100%| E|CS|TAMS 0x0000000089f00000, 0x0000000089f00000| Complete 
| 160|0x000000008a000000, 0x000000008a100000, 0x000000008a100000|100%| E|CS|TAMS 0x000000008a000000, 0x000000008a000000| Complete 
| 161|0x000000008a100000, 0x000000008a200000, 0x000000008a200000|100%| E|CS|TAMS 0x000000008a100000, 0x000000008a100000| Complete 
| 162|0x000000008a200000, 0x000000008a300000, 0x000000008a300000|100%| E|CS|TAMS 0x000000008a200000, 0x000000008a200000| Complete 
| 163|0x000000008a300000, 0x000000008a400000, 0x000000008a400000|100%| E|CS|TAMS 0x000000008a300000, 0x000000008a300000| Complete 
| 164|0x000000008a400000, 0x000000008a500000, 0x000000008a500000|100%| E|CS|TAMS 0x000000008a400000, 0x000000008a400000| Complete 
| 165|0x000000008a500000, 0x000000008a600000, 0x000000008a600000|100%| E|CS|TAMS 0x000000008a500000, 0x000000008a500000| Complete 
| 166|0x000000008a600000, 0x000000008a700000, 0x000000008a700000|100%| E|CS|TAMS 0x000000008a600000, 0x000000008a600000| Complete 
| 167|0x000000008a700000, 0x000000008a800000, 0x000000008a800000|100%| E|CS|TAMS 0x000000008a700000, 0x000000008a700000| Complete 
| 168|0x000000008a800000, 0x000000008a900000, 0x000000008a900000|100%| E|CS|TAMS 0x000000008a800000, 0x000000008a800000| Complete 
| 169|0x000000008a900000, 0x000000008aa00000, 0x000000008aa00000|100%| E|CS|TAMS 0x000000008a900000, 0x000000008a900000| Complete 
| 170|0x000000008aa00000, 0x000000008ab00000, 0x000000008ab00000|100%| E|CS|TAMS 0x000000008aa00000, 0x000000008aa00000| Complete 
| 171|0x000000008ab00000, 0x000000008ac00000, 0x000000008ac00000|100%| E|CS|TAMS 0x000000008ab00000, 0x000000008ab00000| Complete 
| 172|0x000000008ac00000, 0x000000008ad00000, 0x000000008ad00000|100%| E|CS|TAMS 0x000000008ac00000, 0x000000008ac00000| Complete 
| 173|0x000000008ad00000, 0x000000008ae00000, 0x000000008ae00000|100%| E|CS|TAMS 0x000000008ad00000, 0x000000008ad00000| Complete 
| 174|0x000000008ae00000, 0x000000008af00000, 0x000000008af00000|100%| E|CS|TAMS 0x000000008ae00000, 0x000000008ae00000| Complete 
| 175|0x000000008af00000, 0x000000008b000000, 0x000000008b000000|100%| E|CS|TAMS 0x000000008af00000, 0x000000008af00000| Complete 
| 176|0x000000008b000000, 0x000000008b100000, 0x000000008b100000|100%| E|CS|TAMS 0x000000008b000000, 0x000000008b000000| Complete 
| 177|0x000000008b100000, 0x000000008b200000, 0x000000008b200000|100%| E|CS|TAMS 0x000000008b100000, 0x000000008b100000| Complete 
| 178|0x000000008b200000, 0x000000008b300000, 0x000000008b300000|100%| E|CS|TAMS 0x000000008b200000, 0x000000008b200000| Complete 
| 179|0x000000008b300000, 0x000000008b400000, 0x000000008b400000|100%| E|CS|TAMS 0x000000008b300000, 0x000000008b300000| Complete 
| 180|0x000000008b400000, 0x000000008b500000, 0x000000008b500000|100%| E|CS|TAMS 0x000000008b400000, 0x000000008b400000| Complete 
| 181|0x000000008b500000, 0x000000008b600000, 0x000000008b600000|100%| E|CS|TAMS 0x000000008b500000, 0x000000008b500000| Complete 
| 182|0x000000008b600000, 0x000000008b700000, 0x000000008b700000|100%| E|CS|TAMS 0x000000008b600000, 0x000000008b600000| Complete 
| 183|0x000000008b700000, 0x000000008b800000, 0x000000008b800000|100%| E|CS|TAMS 0x000000008b700000, 0x000000008b700000| Complete 
| 184|0x000000008b800000, 0x000000008b900000, 0x000000008b900000|100%| E|CS|TAMS 0x000000008b800000, 0x000000008b800000| Complete 
| 185|0x000000008b900000, 0x000000008ba00000, 0x000000008ba00000|100%| E|CS|TAMS 0x000000008b900000, 0x000000008b900000| Complete 
| 186|0x000000008ba00000, 0x000000008bb00000, 0x000000008bb00000|100%| E|CS|TAMS 0x000000008ba00000, 0x000000008ba00000| Complete 
| 187|0x000000008bb00000, 0x000000008bc00000, 0x000000008bc00000|100%| E|CS|TAMS 0x000000008bb00000, 0x000000008bb00000| Complete 
| 188|0x000000008bc00000, 0x000000008bd00000, 0x000000008bd00000|100%| E|CS|TAMS 0x000000008bc00000, 0x000000008bc00000| Complete 
| 189|0x000000008bd00000, 0x000000008be00000, 0x000000008be00000|100%| E|CS|TAMS 0x000000008bd00000, 0x000000008bd00000| Complete 
| 190|0x000000008be00000, 0x000000008bf00000, 0x000000008bf00000|100%| E|CS|TAMS 0x000000008be00000, 0x000000008be00000| Complete 
| 191|0x000000008bf00000, 0x000000008c000000, 0x000000008c000000|100%| E|CS|TAMS 0x000000008bf00000, 0x000000008bf00000| Complete 
| 192|0x000000008c000000, 0x000000008c100000, 0x000000008c100000|100%| E|CS|TAMS 0x000000008c000000, 0x000000008c000000| Complete 
| 193|0x000000008c100000, 0x000000008c200000, 0x000000008c200000|100%| E|CS|TAMS 0x000000008c100000, 0x000000008c100000| Complete 
| 194|0x000000008c200000, 0x000000008c300000, 0x000000008c300000|100%| E|CS|TAMS 0x000000008c200000, 0x000000008c200000| Complete 
| 195|0x000000008c300000, 0x000000008c400000, 0x000000008c400000|100%| E|CS|TAMS 0x000000008c300000, 0x000000008c300000| Complete 
| 196|0x000000008c400000, 0x000000008c500000, 0x000000008c500000|100%| E|CS|TAMS 0x000000008c400000, 0x000000008c400000| Complete 
| 197|0x000000008c500000, 0x000000008c600000, 0x000000008c600000|100%| E|CS|TAMS 0x000000008c500000, 0x000000008c500000| Complete 
| 198|0x000000008c600000, 0x000000008c700000, 0x000000008c700000|100%| E|CS|TAMS 0x000000008c600000, 0x000000008c600000| Complete 
| 199|0x000000008c700000, 0x000000008c800000, 0x000000008c800000|100%| E|CS|TAMS 0x000000008c700000, 0x000000008c700000| Complete 
| 200|0x000000008c800000, 0x000000008c900000, 0x000000008c900000|100%| E|CS|TAMS 0x000000008c800000, 0x000000008c800000| Complete 
| 201|0x000000008c900000, 0x000000008ca00000, 0x000000008ca00000|100%| E|CS|TAMS 0x000000008c900000, 0x000000008c900000| Complete 
| 202|0x000000008ca00000, 0x000000008cb00000, 0x000000008cb00000|100%| E|CS|TAMS 0x000000008ca00000, 0x000000008ca00000| Complete 
| 203|0x000000008cb00000, 0x000000008cc00000, 0x000000008cc00000|100%| E|CS|TAMS 0x000000008cb00000, 0x000000008cb00000| Complete 
| 204|0x000000008cc00000, 0x000000008cd00000, 0x000000008cd00000|100%| E|CS|TAMS 0x000000008cc00000, 0x000000008cc00000| Complete 
| 205|0x000000008cd00000, 0x000000008ce00000, 0x000000008ce00000|100%| E|CS|TAMS 0x000000008cd00000, 0x000000008cd00000| Complete 
| 206|0x000000008ce00000, 0x000000008cf00000, 0x000000008cf00000|100%| E|CS|TAMS 0x000000008ce00000, 0x000000008ce00000| Complete 
| 207|0x000000008cf00000, 0x000000008d000000, 0x000000008d000000|100%| E|CS|TAMS 0x000000008cf00000, 0x000000008cf00000| Complete 
| 208|0x000000008d000000, 0x000000008d100000, 0x000000008d100000|100%| E|CS|TAMS 0x000000008d000000, 0x000000008d000000| Complete 
| 209|0x000000008d100000, 0x000000008d200000, 0x000000008d200000|100%| E|CS|TAMS 0x000000008d100000, 0x000000008d100000| Complete 
| 210|0x000000008d200000, 0x000000008d300000, 0x000000008d300000|100%| E|CS|TAMS 0x000000008d200000, 0x000000008d200000| Complete 
| 211|0x000000008d300000, 0x000000008d400000, 0x000000008d400000|100%| E|CS|TAMS 0x000000008d300000, 0x000000008d300000| Complete 
| 212|0x000000008d400000, 0x000000008d500000, 0x000000008d500000|100%| E|CS|TAMS 0x000000008d400000, 0x000000008d400000| Complete 
| 213|0x000000008d500000, 0x000000008d600000, 0x000000008d600000|100%| E|CS|TAMS 0x000000008d500000, 0x000000008d500000| Complete 
| 214|0x000000008d600000, 0x000000008d700000, 0x000000008d700000|100%| E|CS|TAMS 0x000000008d600000, 0x000000008d600000| Complete 
| 215|0x000000008d700000, 0x000000008d800000, 0x000000008d800000|100%| E|CS|TAMS 0x000000008d700000, 0x000000008d700000| Complete 
| 216|0x000000008d800000, 0x000000008d900000, 0x000000008d900000|100%| E|CS|TAMS 0x000000008d800000, 0x000000008d800000| Complete 
| 217|0x000000008d900000, 0x000000008da00000, 0x000000008da00000|100%| E|CS|TAMS 0x000000008d900000, 0x000000008d900000| Complete 
| 218|0x000000008da00000, 0x000000008db00000, 0x000000008db00000|100%| E|CS|TAMS 0x000000008da00000, 0x000000008da00000| Complete 
| 219|0x000000008db00000, 0x000000008dc00000, 0x000000008dc00000|100%| E|CS|TAMS 0x000000008db00000, 0x000000008db00000| Complete 
| 220|0x000000008dc00000, 0x000000008dd00000, 0x000000008dd00000|100%| E|CS|TAMS 0x000000008dc00000, 0x000000008dc00000| Complete 
| 221|0x000000008dd00000, 0x000000008de00000, 0x000000008de00000|100%| E|CS|TAMS 0x000000008dd00000, 0x000000008dd00000| Complete 
| 222|0x000000008de00000, 0x000000008df00000, 0x000000008df00000|100%| E|CS|TAMS 0x000000008de00000, 0x000000008de00000| Complete 
| 223|0x000000008df00000, 0x000000008e000000, 0x000000008e000000|100%| E|CS|TAMS 0x000000008df00000, 0x000000008df00000| Complete 
| 224|0x000000008e000000, 0x000000008e100000, 0x000000008e100000|100%| E|CS|TAMS 0x000000008e000000, 0x000000008e000000| Complete 
| 225|0x000000008e100000, 0x000000008e200000, 0x000000008e200000|100%| E|CS|TAMS 0x000000008e100000, 0x000000008e100000| Complete 
| 226|0x000000008e200000, 0x000000008e300000, 0x000000008e300000|100%| E|CS|TAMS 0x000000008e200000, 0x000000008e200000| Complete 
| 227|0x000000008e300000, 0x000000008e400000, 0x000000008e400000|100%| E|CS|TAMS 0x000000008e300000, 0x000000008e300000| Complete 

Card table byte_map: [0x00000128d6c70000,0x00000128d7070000] _byte_map_base: 0x00000128d6870000

Marking Bits (Prev, Next): (CMBitMap*) 0x00000128c0603ef8, (CMBitMap*) 0x00000128c0603f30
 Prev Bits: [0x00000128d7470000, 0x00000128d9470000)
 Next Bits: [0x00000128d9470000, 0x00000128db470000)

Polling page: 0x00000128be2e0000

Metaspace:

Usage:
  Non-class:     45.83 MB capacity,    44.84 MB ( 98%) used,   821.26 KB (  2%) free+waste,   193.00 KB ( <1%) overhead. 
      Class:      7.28 MB capacity,     6.63 MB ( 91%) used,   567.88 KB (  8%) free+waste,    98.50 KB (  1%) overhead. 
       Both:     53.11 MB capacity,    51.47 MB ( 97%) used,     1.36 MB (  3%) free+waste,   291.50 KB ( <1%) overhead. 

Virtual space:
  Non-class space:       46.00 MB reserved,      45.92 MB (>99%) committed 
      Class space:        1.00 GB reserved,       7.38 MB ( <1%) committed 
             Both:        1.04 GB reserved,      53.30 MB (  5%) committed 

Chunk freelists:
   Non-Class:  4.13 KB
       Class:  0 bytes
        Both:  4.13 KB

CodeHeap 'non-profiled nmethods': size=239488Kb used=11226Kb max_used=11226Kb free=228262Kb
 bounds [0x00000128c8290000, 0x00000128c8d90000, 0x00000128d6c70000]
CodeHeap 'non-nmethods': size=6272Kb used=1217Kb max_used=1217Kb free=5054Kb
 bounds [0x00000128c7c70000, 0x00000128c7ee0000, 0x00000128c8290000]
 total_blobs=7673 nmethods=7106 adapters=493
 compilation: enabled
              stopped_count=0, restarted_count=0
 full_count=0

Compilation events (10 events):
Event: 332.458 Thread 0x00000128dd864000 nmethod 7101 0x00000128c8d85310 code [0x00000128c8d854a0, 0x00000128c8d85588]
Event: 332.458 Thread 0x00000128dd864000 7102       1       sun.nio.ch.SocketDispatcher::write (8 bytes)
Event: 332.458 Thread 0x00000128dd864000 nmethod 7102 0x00000128c8d85690 code [0x00000128c8d85820, 0x00000128c8d85908]
Event: 332.458 Thread 0x00000128dd864000 7103       1       org.apache.coyote.RequestInfo::updateCounters (136 bytes)
Event: 332.458 Thread 0x00000128dd864000 nmethod 7103 0x00000128c8d85990 code [0x00000128c8d85b40, 0x00000128c8d85d08]
Event: 332.458 Thread 0x00000128dd864000 7105       1       org.apache.coyote.http11.filters.IdentityOutputFilter::recycle (13 bytes)
Event: 332.458 Thread 0x00000128dd864000 nmethod 7105 0x00000128c8d85e10 code [0x00000128c8d85fa0, 0x00000128c8d86078]
Event: 332.928 Thread 0x00000128dd864000 7106       1       org.apache.catalina.mapper.Mapper::map (52 bytes)
Event: 332.929 Thread 0x00000128dd864000 nmethod 7106 0x00000128c8d86110 code [0x00000128c8d862e0, 0x00000128c8d86598]
Event: 332.929 Thread 0x00000128dd864000 7107   !   1       org.apache.catalina.core.StandardWrapperValve::invoke (2665 bytes)

GC Heap History (10 events):
Event: 1.932 GC heap before
{Heap before GC invocations=5 (full 0):
 garbage-first heap   total 157696K, used 40825K [0x0000000080000000, 0x0000000100000000)
  region size 1024K, 37 young (37888K), 4 survivors (4096K)
 Metaspace       used 20645K, capacity 21152K, committed 21296K, reserved 1069056K
  class space    used 2410K, capacity 2647K, committed 2688K, reserved 1048576K
}
Event: 1.943 GC heap after
{Heap after GC invocations=6 (full 0):
 garbage-first heap   total 157696K, used 8912K [0x0000000080000000, 0x0000000100000000)
  region size 1024K, 4 young (4096K), 4 survivors (4096K)
 Metaspace       used 20645K, capacity 21152K, committed 21296K, reserved 1069056K
  class space    used 2410K, capacity 2647K, committed 2688K, reserved 1048576K
}
Event: 2.993 GC heap before
{Heap before GC invocations=7 (full 0):
 garbage-first heap   total 157696K, used 99024K [0x0000000080000000, 0x0000000100000000)
  region size 1024K, 92 young (94208K), 4 survivors (4096K)
 Metaspace       used 24474K, capacity 25117K, committed 25264K, reserved 1071104K
  class space    used 2932K, capacity 3229K, committed 3328K, reserved 1048576K
}
Event: 3.014 GC heap after
{Heap after GC invocations=8 (full 0):
 garbage-first heap   total 157696K, used 11984K [0x0000000080000000, 0x0000000100000000)
  region size 1024K, 7 young (7168K), 7 survivors (7168K)
 Metaspace       used 24474K, capacity 25117K, committed 25264K, reserved 1071104K
  class space    used 2932K, capacity 3229K, committed 3328K, reserved 1048576K
}
Event: 4.520 GC heap before
{Heap before GC invocations=8 (full 0):
 garbage-first heap   total 157696K, used 104144K [0x0000000080000000, 0x0000000100000000)
  region size 1024K, 92 young (94208K), 7 survivors (7168K)
 Metaspace       used 32563K, capacity 33640K, committed 33712K, reserved 1079296K
  class space    used 4068K, capacity 4546K, committed 4608K, reserved 1048576K
}
Event: 4.550 GC heap after
{Heap after GC invocations=9 (full 0):
 garbage-first heap   total 157696K, used 16558K [0x0000000080000000, 0x0000000100000000)
  region size 1024K, 11 young (11264K), 11 survivors (11264K)
 Metaspace       used 32563K, capacity 33640K, committed 33712K, reserved 1079296K
  class space    used 4068K, capacity 4546K, committed 4608K, reserved 1048576K
}
Event: 4.865 GC heap before
{Heap before GC invocations=9 (full 0):
 garbage-first heap   total 157696K, used 44206K [0x0000000080000000, 0x0000000100000000)
  region size 1024K, 39 young (39936K), 11 survivors (11264K)
 Metaspace       used 34546K, capacity 35736K, committed 35888K, reserved 1081344K
  class space    used 4373K, capacity 4901K, committed 4992K, reserved 1048576K
}
Event: 4.896 GC heap after
{Heap after GC invocations=10 (full 0):
 garbage-first heap   total 233472K, used 17343K [0x0000000080000000, 0x0000000100000000)
  region size 1024K, 6 young (6144K), 6 survivors (6144K)
 Metaspace       used 34546K, capacity 35736K, committed 35888K, reserved 1081344K
  class space    used 4373K, capacity 4901K, committed 4992K, reserved 1048576K
}
Event: 6.579 GC heap before
{Heap before GC invocations=11 (full 0):
 garbage-first heap   total 233472K, used 126911K [0x0000000080000000, 0x0000000100000000)
  region size 1024K, 113 young (115712K), 6 survivors (6144K)
 Metaspace       used 43088K, capacity 44515K, committed 44592K, reserved 1087488K
  class space    used 5618K, capacity 6245K, committed 6272K, reserved 1048576K
}
Event: 6.609 GC heap after
{Heap after GC invocations=12 (full 0):
 garbage-first heap   total 233472K, used 22463K [0x0000000080000000, 0x0000000100000000)
  region size 1024K, 11 young (11264K), 11 survivors (11264K)
 Metaspace       used 43088K, capacity 44515K, committed 44592K, reserved 1087488K
  class space    used 5618K, capacity 6245K, committed 6272K, reserved 1048576K
}

Deoptimization events (0 events):
No events

Classes redefined (0 events):
No events

Internal exceptions (10 events):
Event: 325.301 Thread 0x00000128e245f800 Exception <a 'java/net/SocketTimeoutException'{0x000000008a9f34c0}: Read timed out> (0x000000008a9f34c0) thrown at [./open/src/hotspot/share/prims/jni.cpp, line 632]
Event: 325.822 Thread 0x00000128e2456800 Exception <a 'java/net/SocketTimeoutException'{0x000000008c0659b0}: Read timed out> (0x000000008c0659b0) thrown at [./open/src/hotspot/share/prims/jni.cpp, line 632]
Event: 326.350 Thread 0x00000128e23e6000 Exception <a 'java/net/SocketTimeoutException'{0x000000008c299d20}: Read timed out> (0x000000008c299d20) thrown at [./open/src/hotspot/share/prims/jni.cpp, line 632]
Event: 326.891 Thread 0x00000128e2458000 Exception <a 'java/net/SocketTimeoutException'{0x0000000087f05910}: Read timed out> (0x0000000087f05910) thrown at [./open/src/hotspot/share/prims/jni.cpp, line 632]
Event: 327.910 Thread 0x00000128e245a800 Exception <a 'java/net/SocketTimeoutException'{0x00000000887d8cf8}: Read timed out> (0x00000000887d8cf8) thrown at [./open/src/hotspot/share/prims/jni.cpp, line 632]
Event: 328.431 Thread 0x00000128e23e6000 Exception <a 'java/net/SocketTimeoutException'{0x000000008c2a15a8}: Read timed out> (0x000000008c2a15a8) thrown at [./open/src/hotspot/share/prims/jni.cpp, line 632]
Event: 328.952 Thread 0x00000128e2455000 Exception <a 'java/net/SocketTimeoutException'{0x000000008adb9c18}: Read timed out> (0x000000008adb9c18) thrown at [./open/src/hotspot/share/prims/jni.cpp, line 632]
Event: 329.950 Thread 0x00000128e245a800 Exception <a 'java/net/SocketTimeoutException'{0x00000000887e0698}: Read timed out> (0x00000000887e0698) thrown at [./open/src/hotspot/share/prims/jni.cpp, line 632]
Event: 330.959 Thread 0x00000128e2458000 Exception <a 'java/net/SocketTimeoutException'{0x0000000087f0d360}: Read timed out> (0x0000000087f0d360) thrown at [./open/src/hotspot/share/prims/jni.cpp, line 632]
Event: 331.964 Thread 0x00000128e245a800 Exception <a 'java/net/SocketTimeoutException'{0x00000000887e80a8}: Read timed out> (0x00000000887e80a8) thrown at [./open/src/hotspot/share/prims/jni.cpp, line 632]

Events (10 events):
Event: 299.483 Executing VM operation: RevokeBias
Event: 299.483 Executing VM operation: RevokeBias done
Event: 299.483 Executing VM operation: RevokeBias
Event: 299.483 Executing VM operation: RevokeBias done
Event: 300.027 Executing VM operation: RevokeBias
Event: 300.027 Executing VM operation: RevokeBias done
Event: 301.513 loading class java/util/concurrent/locks/ReentrantReadWriteLock$Sync$HoldCounter
Event: 301.515 loading class java/util/concurrent/locks/ReentrantReadWriteLock$Sync$HoldCounter done
Event: 329.920 Executing VM operation: RevokeBias
Event: 329.921 Executing VM operation: RevokeBias done


Dynamic libraries:
0x00007ff6513a0000 - 0x00007ff6513af000 	C:\Program Files\Java\jdk-11.0.16\bin\java.exe
0x00007ffd21190000 - 0x00007ffd21388000 	C:\Windows\SYSTEM32\ntdll.dll
0x00007ffd1f460000 - 0x00007ffd1f51f000 	C:\Windows\System32\KERNEL32.DLL
0x00007ffd1e990000 - 0x00007ffd1ec62000 	C:\Windows\System32\KERNELBASE.dll
0x00007ffd1e890000 - 0x00007ffd1e990000 	C:\Windows\System32\ucrtbase.dll
0x00007ffd087b0000 - 0x00007ffd087c8000 	C:\Program Files\Java\jdk-11.0.16\bin\jli.dll
0x00007ffd20f80000 - 0x00007ffd2102e000 	C:\Windows\System32\ADVAPI32.dll
0x00007ffd21030000 - 0x00007ffd210ce000 	C:\Windows\System32\msvcrt.dll
0x00007ffd20950000 - 0x00007ffd209ec000 	C:\Windows\System32\sechost.dll
0x00007ffd20bd0000 - 0x00007ffd20cf5000 	C:\Windows\System32\RPCRT4.dll
0x00007ffd20de0000 - 0x00007ffd20f7d000 	C:\Windows\System32\USER32.dll
0x00007ffd1f030000 - 0x00007ffd1f052000 	C:\Windows\System32\win32u.dll
0x00007ffd1f1e0000 - 0x00007ffd1f20b000 	C:\Windows\System32\GDI32.dll
0x00007ffd1ef20000 - 0x00007ffd1f02f000 	C:\Windows\System32\gdi32full.dll
0x00007ffd1f110000 - 0x00007ffd1f1ad000 	C:\Windows\System32\msvcp_win.dll
0x00007ffd072d0000 - 0x00007ffd072e5000 	C:\Program Files\Java\jdk-11.0.16\bin\VCRUNTIME140.dll
0x00007ffd06390000 - 0x00007ffd0662a000 	C:\Windows\WinSxS\amd64_microsoft.windows.common-controls_6595b64144ccf1df_6.0.19041.1110_none_60b5254171f9507e\COMCTL32.dll
0x00007ffd176c0000 - 0x00007ffd176ca000 	C:\Windows\SYSTEM32\VERSION.dll
0x00007ffd20d10000 - 0x00007ffd20d42000 	C:\Windows\System32\IMM32.DLL
0x00007ffd03450000 - 0x00007ffd034eb000 	C:\Program Files\Java\jdk-11.0.16\bin\msvcp140.dll
0x00007ffca7fd0000 - 0x00007ffca8ae8000 	C:\Program Files\Java\jdk-11.0.16\bin\server\jvm.dll
0x00007ffd20d00000 - 0x00007ffd20d08000 	C:\Windows\System32\PSAPI.DLL
0x00007ffcf3330000 - 0x00007ffcf3339000 	C:\Windows\SYSTEM32\WSOCK32.dll
0x00007ffd1f6d0000 - 0x00007ffd1f73b000 	C:\Windows\System32\WS2_32.dll
0x00007ffd039d0000 - 0x00007ffd039f7000 	C:\Windows\SYSTEM32\WINMM.dll
0x00007ffd1c730000 - 0x00007ffd1c742000 	C:\Windows\SYSTEM32\kernel.appcore.dll
0x00007ffd0bf80000 - 0x00007ffd0bf90000 	C:\Program Files\Java\jdk-11.0.16\bin\verify.dll
0x00007ffd18d80000 - 0x00007ffd18f64000 	C:\Windows\SYSTEM32\DBGHELP.DLL
0x00007ffd18d50000 - 0x00007ffd18d7c000 	C:\Windows\SYSTEM32\dbgcore.DLL
0x00007ffd1ec70000 - 0x00007ffd1ecf2000 	C:\Windows\System32\bcryptPrimitives.dll
0x00007ffd03420000 - 0x00007ffd03448000 	C:\Program Files\Java\jdk-11.0.16\bin\java.dll
0x00007ffd03410000 - 0x00007ffd0341a000 	C:\Program Files\Java\jdk-11.0.16\bin\jimage.dll
0x00007ffd033f0000 - 0x00007ffd03406000 	C:\Program Files\Java\jdk-11.0.16\bin\zip.dll
0x00007ffd1fd80000 - 0x00007ffd204c3000 	C:\Windows\System32\SHELL32.dll
0x00007ffd1c930000 - 0x00007ffd1d0c2000 	C:\Windows\SYSTEM32\windows.storage.dll
0x00007ffd1f750000 - 0x00007ffd1faa4000 	C:\Windows\System32\combase.dll
0x00007ffd1e130000 - 0x00007ffd1e160000 	C:\Windows\SYSTEM32\Wldp.dll
0x00007ffd209f0000 - 0x00007ffd20a9d000 	C:\Windows\System32\SHCORE.dll
0x00007ffd1fb90000 - 0x00007ffd1fbe5000 	C:\Windows\System32\shlwapi.dll
0x00007ffd1e7d0000 - 0x00007ffd1e7ef000 	C:\Windows\SYSTEM32\profapi.dll
0x00007ffd033d0000 - 0x00007ffd033e9000 	C:\Program Files\Java\jdk-11.0.16\bin\net.dll
0x00007ffd17320000 - 0x00007ffd1742c000 	C:\Windows\SYSTEM32\WINHTTP.dll
0x00007ffd1df10000 - 0x00007ffd1df7a000 	C:\Windows\system32\mswsock.dll
0x00007ffd033b0000 - 0x00007ffd033c2000 	C:\Program Files\Java\jdk-11.0.16\bin\nio.dll
0x00007ffd1dc20000 - 0x00007ffd1dc5b000 	C:\Windows\SYSTEM32\IPHLPAPI.DLL
0x00007ffd1f740000 - 0x00007ffd1f748000 	C:\Windows\System32\NSI.dll
0x00007ffd192b0000 - 0x00007ffd192c7000 	C:\Windows\SYSTEM32\dhcpcsvc6.DLL
0x00007ffd19290000 - 0x00007ffd192ad000 	C:\Windows\SYSTEM32\dhcpcsvc.DLL
0x00007ffd1dcb0000 - 0x00007ffd1dd7a000 	C:\Windows\SYSTEM32\DNSAPI.dll
0x00007ffd16650000 - 0x00007ffd1665a000 	C:\Windows\System32\rasadhlp.dll
0x00007ffd17550000 - 0x00007ffd175d0000 	C:\Windows\System32\fwpuclnt.dll
0x00007ffd1f1b0000 - 0x00007ffd1f1d7000 	C:\Windows\System32\bcrypt.dll
0x00007ffd033a0000 - 0x00007ffd033a9000 	C:\Program Files\Java\jdk-11.0.16\bin\management.dll
0x00007ffd03320000 - 0x00007ffd0332b000 	C:\Program Files\Java\jdk-11.0.16\bin\management_ext.dll
0x00007ffd07880000 - 0x00007ffd07897000 	C:\Windows\system32\napinsp.dll
0x00007ffd07330000 - 0x00007ffd0734b000 	C:\Windows\system32\pnrpnsp.dll
0x00007ffd07310000 - 0x00007ffd07325000 	C:\Windows\system32\wshbth.dll
0x00007ffd196e0000 - 0x00007ffd196fd000 	C:\Windows\system32\NLAapi.dll
0x00007ffd072f0000 - 0x00007ffd07302000 	C:\Windows\System32\winrnr.dll
0x00007ffd1e170000 - 0x00007ffd1e188000 	C:\Windows\SYSTEM32\CRYPTSP.dll
0x00007ffd1d850000 - 0x00007ffd1d884000 	C:\Windows\system32\rsaenh.dll
0x00007ffd1e750000 - 0x00007ffd1e77e000 	C:\Windows\SYSTEM32\USERENV.dll
0x00007ffd1e0a0000 - 0x00007ffd1e0ac000 	C:\Windows\SYSTEM32\CRYPTBASE.dll
0x00007ffd032d0000 - 0x00007ffd032f5000 	C:\Program Files\Java\jdk-11.0.16\bin\sunec.dll
0x00007ffd032a0000 - 0x00007ffd032ad000 	C:\Program Files\Java\jdk-11.0.16\bin\sunmscapi.dll
0x00007ffd1ed00000 - 0x00007ffd1ee56000 	C:\Windows\System32\CRYPT32.dll
0x00007ffd1e280000 - 0x00007ffd1e2a7000 	C:\Windows\SYSTEM32\ncrypt.dll
0x00007ffd1e240000 - 0x00007ffd1e27b000 	C:\Windows\SYSTEM32\NTASN1.dll

dbghelp: loaded successfully - version: 4.0.5 - missing functions: none
symbol engine: initialized successfully - sym options: 0x614 - pdb path: .;C:\Program Files\Java\jdk-11.0.16\bin;C:\Windows\SYSTEM32;C:\Windows\WinSxS\amd64_microsoft.windows.common-controls_6595b64144ccf1df_6.0.19041.1110_none_60b5254171f9507e;C:\Program Files\Java\jdk-11.0.16\bin\server

VM Arguments:
jvm_args: -Xverify:none -XX:TieredStopAtLevel=1 
java_command: com.example.eureka.EurekaAppApplication
java_class_path (initial): C:\Users\sfjbs\IdeaProjects\oct31training1\Manognya\Day8\eureka-app\eureka-server\target\classes;C:\Users\sfjbs\.m2\repository\org\springframework\cloud\spring-cloud-starter-netflix-eureka-client\3.1.3-SNAPSHOT\spring-cloud-starter-netflix-eureka-client-3.1.3-SNAPSHOT.jar;C:\Users\sfjbs\.m2\repository\org\springframework\cloud\spring-cloud-starter\3.1.3-SNAPSHOT\spring-cloud-starter-3.1.3-SNAPSHOT.jar;C:\Users\sfjbs\.m2\repository\org\springframework\cloud\spring-cloud-context\3.1.3-SNAPSHOT\spring-cloud-context-3.1.3-SNAPSHOT.jar;C:\Users\sfjbs\.m2\repository\org\springframework\security\spring-security-crypto\5.7.1\spring-security-crypto-5.7.1.jar;C:\Users\sfjbs\.m2\repository\org\springframework\cloud\spring-cloud-commons\3.1.3-SNAPSHOT\spring-cloud-commons-3.1.3-SNAPSHOT.jar;C:\Users\sfjbs\.m2\repository\org\springframework\security\spring-security-rsa\1.0.10.RELEASE\spring-security-rsa-1.0.10.RELEASE.jar;C:\Users\sfjbs\.m2\repository\org\bouncycastle\bcpkix-jdk15on\1.68\bcpkix-jdk15on-1.68.jar;C:\Users\sfjbs\.m2\repository\org\bouncycastle\bcprov-jdk15on\1.68\bcprov-jdk15on-1.68.jar;C:\Users\sfjbs\.m2\repository\org\springframework\cloud\spring-cloud-netflix-eureka-client\3.1.3-SNAPSHOT\spring-cloud-netflix-eureka-client-3.1.3-SNAPSHOT.jar;C:\Users\sfjbs\.m2\repository\com\netflix\eureka\eureka-client\1.10.17\eureka-client-1.10.17.jar;C:\Users\sfjbs\.m2\repository\com\netflix\netflix-commons\netflix-eventbus\0.3.0\netflix-eventbus-0.3.0.jar;C:\Users\sfjbs\.m2\repository\com\netflix\netflix-commons\netflix-infix\0.3.0\netflix-infix-0.3.0.jar;C:\Users\sfjbs\.m2\repository\commons-jxpath\commons-jxpath\1.3\commons-jxpath-1.3.jar;C:\Users\sfjbs\.m2\repository\joda-time\joda-time\2.3\joda-time-2.3.jar;C:\Users\sfjbs\.m2\repository\org\antlr\antlr-runtime\3.4\antlr-runtime-3.4.jar;C:\Users\sfjbs\.m2\repository\org\antlr\stringtemplate\3.2.1\stringtemplate-3.2.1.jar;C:\Users\sfjbs\.m2\repository\antlr\antlr\2.7.7\antlr-2.7.7.jar;C:\Users\s
Launcher Type: SUN_STANDARD

[Global flags]
     bool BytecodeVerificationLocal                = false                                     {product} {command line}
     bool BytecodeVerificationRemote               = false                                     {product} {command line}
     intx CICompilerCount                          = 2                                         {product} {ergonomic}
     uint ConcGCThreads                            = 1                                         {product} {ergonomic}
     uint G1ConcRefinementThreads                  = 2                                         {product} {ergonomic}
   size_t G1HeapRegionSize                         = 1048576                                   {product} {ergonomic}
    uintx GCDrainStackTargetSize                   = 64                                        {product} {ergonomic}
   size_t InitialHeapSize                          = 134217728                                 {product} {ergonomic}
   size_t MarkStackSize                            = 4194304                                   {product} {ergonomic}
   size_t MaxHeapSize                              = 2147483648                                {product} {ergonomic}
   size_t MaxNewSize                               = 1287651328                                {product} {ergonomic}
   size_t MinHeapDeltaBytes                        = 1048576                                   {product} {ergonomic}
    uintx NonNMethodCodeHeapSize                   = 6396312                                {pd product} {ergonomic}
    uintx NonProfiledCodeHeapSize                  = 245261928                              {pd product} {ergonomic}
    uintx ProfiledCodeHeapSize                     = 0                                      {pd product} {ergonomic}
    uintx ReservedCodeCacheSize                    = 251658240                              {pd product} {ergonomic}
     bool SegmentedCodeCache                       = true                                      {product} {ergonomic}
     intx TieredStopAtLevel                        = 1                                         {product} {command line}
     bool UseCompressedClassPointers               = true                                 {lp64_product} {ergonomic}
     bool UseCompressedOops                        = true                                 {lp64_product} {ergonomic}
     bool UseG1GC                                  = true                                      {product} {ergonomic}
     bool UseLargePagesIndividualAllocation        = false                                  {pd product} {ergonomic}

Logging:
Log output configuration:
 #0: stdout all=warning uptime,level,tags
 #1: stderr all=off uptime,level,tags

Environment Variables:
PATH=C:\Program Files\Common Files\Oracle\Java\javapath;C:\Windows\system32;C:\Windows;C:\Windows\System32\Wbem;C:\Windows\System32\WindowsPowerShell\v1.0\;C:\Windows\System32\OpenSSH\;C:\Users\sfjbs\Downloads\micro service-20221021T071039Z-001\micro service\apache-maven-3.8.5-bin\apache-maven-3.8.5\bin;C:\Users\sfjbs\Downloads\micro service-20221021T071039Z-001\micro service\apache-maven-3.8.5-bin\apache-maven-3.8.5\lib;C:\Program Files\Git\cmd;C:\Program Files\Docker\Docker\resources\bin;C:\Users\sfjbs\AppData\Local\Microsoft\WindowsApps;C:\Users\sfjbs\Downloads\micro service-20221021T071039Z-001\micro service\apache-maven-3.8.5-bin\apache-maven-3.8.5\bin;C:\Users\sfjbs\Downloads\micro service-20221021T071039Z-001\micro service\apache-maven-3.8.5-bin\apache-maven-3.8.5\lib;;C:\Program Files\JetBrains\IntelliJ IDEA Community Edition 2022.2.1\bin;
USERNAME=sfjbs
OS=Windows_NT
PROCESSOR_IDENTIFIER=Intel64 Family 6 Model 85 Stepping 7, GenuineIntel



---------------  S Y S T E M  ---------------

OS: Windows 10 , 64 bit Build 19041 (10.0.19041.2251)
Hyper-V role detected

CPU:total 2 (initial active 2) (1 cores per cpu, 2 threads per core) family 6 model 85 stepping 7 microcode 0xffffffff, cmov, cx8, fxsr, mmx, sse, sse2, sse3, ssse3, sse4.1, sse4.2, popcnt, avx, avx2, aes, clmul, erms, rtm, 3dnowpref, lzcnt, ht, tsc, bmi1, bmi2, adx, evex, fma

Memory: 4k page, system-wide physical 8190M (303M free)
TotalPageFile size 10238M (AvailPageFile size 2M)
current process WorkingSet (physical memory assigned to process): 240M, peak: 310M
current process commit charge ("private bytes"): 384M, peak: 384M

vm_info: Java HotSpot(TM) 64-Bit Server VM (11.0.16+11-LTS-199) for windows-amd64 JRE (11.0.16+11-LTS-199), built on Jun 28 2022 08:23:17 by "mach5one" with MS VC++ 15.9 (VS2017)

END.
