#
# There is insufficient memory for the Java Runtime Environment to continue.
# Native memory allocation (malloc) failed to allocate 8208 bytes for AllocateHeap
# Possible reasons:
#   The system is out of physical RAM or swap space
#   The process is running with CompressedOops enabled, and the Java Heap may be blocking the growth of the native heap
# Possible solutions:
#   Reduce memory load on the system
#   Increase physical memory or swap space
#   Check if swap backing store is full
#   Decrease Java heap size (-Xmx/-Xms)
#   Decrease number of Java threads
#   Decrease Java thread stack sizes (-Xss)
#   Set larger code cache with -XX:ReservedCodeCacheSize=
#   JVM is running with Unscaled Compressed Oops mode in which the Java heap is
#     placed in the first 4GB address space. The Java Heap base address is the
#     maximum limit for the native heap growth. Please use -XX:HeapBaseMinAddress
#     to set the Java Heap base and to place the Java Heap above 4GB virtual address.
# This output file may be truncated or incomplete.
#
#  Out of Memory Error (./open/src/hotspot/share/memory/allocation.cpp:46), pid=11232, tid=1216
#
# JRE version: Java(TM) SE Runtime Environment 18.9 (11.0.16+11) (build 11.0.16+11-LTS-199)
# Java VM: Java HotSpot(TM) 64-Bit Server VM 18.9 (11.0.16+11-LTS-199, mixed mode, tiered, compressed oops, g1 gc, windows-amd64)
# No core dump will be written. Minidumps are not enabled by default on client versions of Windows
#

---------------  S U M M A R Y ------------

Command Line: -Xverify:none -XX:TieredStopAtLevel=1 com.rama.artemis.ArtemisConsumerApp

Host: Intel(R) Xeon(R) Platinum 8272CL CPU @ 2.60GHz, 2 cores, 7G,  Windows 10 , 64 bit Build 19041 (10.0.19041.2251)
Time: Mon Nov 21 06:51:44 2022 Coordinated Universal Time elapsed time: 3.030113 seconds (0d 0h 0m 3s)

---------------  T H R E A D  ---------------

Current thread (0x000001ce69878800):  JavaThread "Common-Cleaner" daemon [_thread_in_Java, id=1216, stack(0x000000376ef00000,0x000000376f000000)]

Stack: [0x000000376ef00000,0x000000376f000000]
[error occurred during error reporting (printing stack bounds), id 0xc0000005, EXCEPTION_ACCESS_VIOLATION (0xc0000005) at pc=0x00007ffd3fb391da]

Native frames: (J=compiled Java code, j=interpreted, Vv=VM code, C=native code)
V  [jvm.dll+0x62a3ea]
V  [jvm.dll+0x76418f]
V  [jvm.dll+0x765839]
V  [jvm.dll+0x765e25]
V  [jvm.dll+0x765ddb]
V  [jvm.dll+0x6298d3]
V  [jvm.dll+0x629fe8]
C  [ntdll.dll+0xa241f]
C  [ntdll.dll+0x514a4]
C  [ntdll.dll+0xa0f4e]
V  [jvm.dll+0x6991da]
C  0x000001ce531386be


---------------  P R O C E S S  ---------------

Threads class SMR info:
_java_thread_list=0x000001ce6b1c7160, length=9, elements={
0x000001ce4ba7c800, 0x000001ce68ed0800, 0x000001ce68ed2000, 0x000001ce68eef800,
0x000001ce68ef2800, 0x000001ce68ef6800, 0x000001ce68ef8800, 0x000001ce68ef9800,
0x000001ce69878800
}

Java Threads: ( => current thread )
  0x000001ce4ba7c800 JavaThread "main" [_thread_in_vm, id=8644, stack(0x000000376df00000,0x000000376e000000)]
  0x000001ce68ed0800 JavaThread "Reference Handler" daemon [_thread_blocked, id=196, stack(0x000000376e700000,0x000000376e800000)]
  0x000001ce68ed2000 JavaThread "Finalizer" daemon [_thread_blocked, id=9492, stack(0x000000376e800000,0x000000376e900000)]
  0x000001ce68eef800 JavaThread "Signal Dispatcher" daemon [_thread_blocked, id=7704, stack(0x000000376e900000,0x000000376ea00000)]
  0x000001ce68ef2800 JavaThread "Attach Listener" daemon [_thread_blocked, id=10132, stack(0x000000376ea00000,0x000000376eb00000)]
  0x000001ce68ef6800 JavaThread "Service Thread" daemon [_thread_blocked, id=8072, stack(0x000000376eb00000,0x000000376ec00000)]
  0x000001ce68ef8800 JavaThread "C1 CompilerThread0" daemon [_thread_blocked, id=8104, stack(0x000000376ec00000,0x000000376ed00000)]
  0x000001ce68ef9800 JavaThread "Sweeper thread" daemon [_thread_blocked, id=10820, stack(0x000000376ed00000,0x000000376ee00000)]
=>0x000001ce69878800 JavaThread "Common-Cleaner" daemon [_thread_in_Java, id=1216, stack(0x000000376ef00000,0x000000376f000000)]

Other Threads:
  0x000001ce68ece800 VMThread "VM Thread" [stack: 0x000000376e600000,0x000000376e700000] [id=8188] _threads_hazard_ptr=0x000001ce6b1c7160
  0x000001ce69875800 WatcherThread [stack: 0x000000376ee00000,0x000000376ef00000] [id=7356]
  0x000001ce4ba91800 GCTaskThread "GC Thread#0" [stack: 0x000000376e100000,0x000000376e200000] [id=8024]
  0x000001ce69cf7000 GCTaskThread "GC Thread#1" [stack: 0x000000376f000000,0x000000376f100000] [id=2620]
  0x000001ce4bac1800 ConcurrentGCThread "G1 Main Marker" [stack: 0x000000376e200000,0x000000376e300000] [id=9896]
  0x000001ce4bac4000 ConcurrentGCThread "G1 Conc#0" [stack: 0x000000376e300000,0x000000376e400000] [id=8284]
  0x000001ce4bb4b000 ConcurrentGCThread "G1 Refine#0" [stack: 0x000000376e400000,0x000000376e500000] [id=8864]
  0x000001ce4bb4c000 ConcurrentGCThread "G1 Young RemSet Sampling" [stack: 0x000000376e500000,0x000000376e600000] [id=6160]

Threads with active compile tasks:

VM state:synchronizing (normal execution)

VM Mutex/Monitor currently owned by a thread:  ([mutex/lock_event])
[0x000001ce4ba788a0] Safepoint_lock - owner thread: 0x000001ce68ece800
[0x000001ce4ba78ae0] Threads_lock - owner thread: 0x000001ce68ece800
[0x000001ce4ba77cd0] Heap_lock - owner thread: 0x000001ce4bac1800

Heap address: 0x0000000080000000, size: 2048 MB, Compressed Oops mode: 32-bit
Narrow klass base: 0x0000000000000000, Narrow klass shift: 3
Compressed class space size: 1073741824 Address: 0x0000000100000000

Heap:
 garbage-first heap   total 161792K, used 8029K [0x0000000080000000, 0x0000000100000000)
  region size 1024K, 4 young (4096K), 3 survivors (3072K)
 Metaspace       used 22427K, capacity 23105K, committed 23216K, reserved 1077248K
  class space    used 2687K, capacity 2963K, committed 3072K, reserved 1048576K
Heap Regions: E=young(eden), S=young(survivor), O=old, HS=humongous(starts), HC=humongous(continues), CS=collection set, F=free, A=archive, TAMS=top-at-mark-start (previous, next)
|   0|0x0000000080000000, 0x0000000080100000, 0x0000000080100000|100%| O|  |TAMS 0x0000000080100000, 0x0000000080100000| Untracked 
|   1|0x0000000080100000, 0x0000000080200000, 0x0000000080200000|100%| O|  |TAMS 0x0000000080200000, 0x0000000080200000| Untracked 
|   2|0x0000000080200000, 0x0000000080300000, 0x0000000080300000|100%| O|  |TAMS 0x0000000080300000, 0x0000000080300000| Untracked 
|   3|0x0000000080300000, 0x0000000080400000, 0x0000000080400000|100%| O|  |TAMS 0x00000000803ea200, 0x0000000080400000| Untracked 
|   4|0x0000000080400000, 0x00000000804d7600, 0x0000000080500000| 84%| O|  |TAMS 0x0000000080400000, 0x00000000804d7600| Untracked 
|   5|0x0000000080500000, 0x0000000080500000, 0x0000000080600000|  0%| F|  |TAMS 0x0000000080500000, 0x0000000080500000| Untracked 
|   6|0x0000000080600000, 0x0000000080600000, 0x0000000080700000|  0%| F|  |TAMS 0x0000000080600000, 0x0000000080600000| Untracked 
|   7|0x0000000080700000, 0x0000000080700000, 0x0000000080800000|  0%| F|  |TAMS 0x0000000080700000, 0x0000000080700000| Untracked 
|   8|0x0000000080800000, 0x0000000080800000, 0x0000000080900000|  0%| F|  |TAMS 0x0000000080800000, 0x0000000080800000| Untracked 
|   9|0x0000000080900000, 0x0000000080900000, 0x0000000080a00000|  0%| F|  |TAMS 0x0000000080900000, 0x0000000080900000| Untracked 
|  10|0x0000000080a00000, 0x0000000080a00000, 0x0000000080b00000|  0%| F|  |TAMS 0x0000000080a00000, 0x0000000080a00000| Untracked 
|  11|0x0000000080b00000, 0x0000000080b00000, 0x0000000080c00000|  0%| F|  |TAMS 0x0000000080b00000, 0x0000000080b00000| Untracked 
|  12|0x0000000080c00000, 0x0000000080c00000, 0x0000000080d00000|  0%| F|  |TAMS 0x0000000080c00000, 0x0000000080c00000| Untracked 
|  13|0x0000000080d00000, 0x0000000080d00000, 0x0000000080e00000|  0%| F|  |TAMS 0x0000000080d00000, 0x0000000080d00000| Untracked 
|  14|0x0000000080e00000, 0x0000000080e00000, 0x0000000080f00000|  0%| F|  |TAMS 0x0000000080e00000, 0x0000000080e00000| Untracked 
|  15|0x0000000080f00000, 0x0000000080f00000, 0x0000000081000000|  0%| F|  |TAMS 0x0000000080f00000, 0x0000000080f00000| Untracked 
|  16|0x0000000081000000, 0x0000000081000000, 0x0000000081100000|  0%| F|  |TAMS 0x0000000081000000, 0x0000000081000000| Untracked 
|  17|0x0000000081100000, 0x0000000081100000, 0x0000000081200000|  0%| F|  |TAMS 0x0000000081100000, 0x0000000081100000| Untracked 
|  18|0x0000000081200000, 0x0000000081200000, 0x0000000081300000|  0%| F|  |TAMS 0x0000000081200000, 0x0000000081200000| Untracked 
|  19|0x0000000081300000, 0x0000000081300000, 0x0000000081400000|  0%| F|  |TAMS 0x0000000081300000, 0x0000000081300000| Untracked 
|  20|0x0000000081400000, 0x0000000081400000, 0x0000000081500000|  0%| F|  |TAMS 0x0000000081400000, 0x0000000081400000| Untracked 
|  21|0x0000000081500000, 0x0000000081500000, 0x0000000081600000|  0%| F|  |TAMS 0x0000000081500000, 0x0000000081500000| Untracked 
|  22|0x0000000081600000, 0x0000000081600000, 0x0000000081700000|  0%| F|  |TAMS 0x0000000081600000, 0x0000000081600000| Untracked 
|  23|0x0000000081700000, 0x0000000081700000, 0x0000000081800000|  0%| F|  |TAMS 0x0000000081700000, 0x0000000081700000| Untracked 
|  24|0x0000000081800000, 0x0000000081800000, 0x0000000081900000|  0%| F|  |TAMS 0x0000000081800000, 0x0000000081800000| Untracked 
|  25|0x0000000081900000, 0x0000000081900000, 0x0000000081a00000|  0%| F|  |TAMS 0x0000000081900000, 0x0000000081900000| Untracked 
|  26|0x0000000081a00000, 0x0000000081a00000, 0x0000000081b00000|  0%| F|  |TAMS 0x0000000081a00000, 0x0000000081a00000| Untracked 
|  27|0x0000000081b00000, 0x0000000081b00000, 0x0000000081c00000|  0%| F|  |TAMS 0x0000000081b00000, 0x0000000081b00000| Untracked 
|  28|0x0000000081c00000, 0x0000000081c00000, 0x0000000081d00000|  0%| F|  |TAMS 0x0000000081c00000, 0x0000000081c00000| Untracked 
|  29|0x0000000081d00000, 0x0000000081d00000, 0x0000000081e00000|  0%| F|  |TAMS 0x0000000081d00000, 0x0000000081d00000| Untracked 
|  30|0x0000000081e00000, 0x0000000081e00000, 0x0000000081f00000|  0%| F|  |TAMS 0x0000000081e00000, 0x0000000081e00000| Untracked 
|  31|0x0000000081f00000, 0x0000000081f00000, 0x0000000082000000|  0%| F|  |TAMS 0x0000000081f00000, 0x0000000081f00000| Untracked 
|  32|0x0000000082000000, 0x0000000082000000, 0x0000000082100000|  0%| F|  |TAMS 0x0000000082000000, 0x0000000082000000| Untracked 
|  33|0x0000000082100000, 0x0000000082100000, 0x0000000082200000|  0%| F|  |TAMS 0x0000000082100000, 0x0000000082100000| Untracked 
|  34|0x0000000082200000, 0x0000000082200000, 0x0000000082300000|  0%| F|  |TAMS 0x0000000082200000, 0x0000000082200000| Untracked 
|  35|0x0000000082300000, 0x0000000082300000, 0x0000000082400000|  0%| F|  |TAMS 0x0000000082300000, 0x0000000082300000| Untracked 
|  36|0x0000000082400000, 0x0000000082400000, 0x0000000082500000|  0%| F|  |TAMS 0x0000000082400000, 0x0000000082400000| Untracked 
|  37|0x0000000082500000, 0x0000000082500000, 0x0000000082600000|  0%| F|  |TAMS 0x0000000082500000, 0x0000000082500000| Untracked 
|  38|0x0000000082600000, 0x0000000082600000, 0x0000000082700000|  0%| F|  |TAMS 0x0000000082600000, 0x0000000082600000| Untracked 
|  39|0x0000000082700000, 0x0000000082700000, 0x0000000082800000|  0%| F|  |TAMS 0x0000000082700000, 0x0000000082700000| Untracked 
|  40|0x0000000082800000, 0x0000000082800000, 0x0000000082900000|  0%| F|  |TAMS 0x0000000082800000, 0x0000000082800000| Untracked 
|  41|0x0000000082900000, 0x0000000082900000, 0x0000000082a00000|  0%| F|  |TAMS 0x0000000082900000, 0x0000000082900000| Untracked 
|  42|0x0000000082a00000, 0x0000000082a00000, 0x0000000082b00000|  0%| F|  |TAMS 0x0000000082a00000, 0x0000000082a00000| Untracked 
|  43|0x0000000082b00000, 0x0000000082b00000, 0x0000000082c00000|  0%| F|  |TAMS 0x0000000082b00000, 0x0000000082b00000| Untracked 
|  44|0x0000000082c00000, 0x0000000082c00000, 0x0000000082d00000|  0%| F|  |TAMS 0x0000000082c00000, 0x0000000082c00000| Untracked 
|  45|0x0000000082d00000, 0x0000000082d00000, 0x0000000082e00000|  0%| F|  |TAMS 0x0000000082d00000, 0x0000000082d00000| Untracked 
|  46|0x0000000082e00000, 0x0000000082e00000, 0x0000000082f00000|  0%| F|  |TAMS 0x0000000082e00000, 0x0000000082e00000| Untracked 
|  47|0x0000000082f00000, 0x0000000082f00000, 0x0000000083000000|  0%| F|  |TAMS 0x0000000082f00000, 0x0000000082f00000| Untracked 
|  48|0x0000000083000000, 0x0000000083000000, 0x0000000083100000|  0%| F|  |TAMS 0x0000000083000000, 0x0000000083000000| Untracked 
|  49|0x0000000083100000, 0x0000000083100000, 0x0000000083200000|  0%| F|  |TAMS 0x0000000083100000, 0x0000000083100000| Untracked 
|  50|0x0000000083200000, 0x0000000083200000, 0x0000000083300000|  0%| F|  |TAMS 0x0000000083200000, 0x0000000083200000| Untracked 
|  51|0x0000000083300000, 0x0000000083300000, 0x0000000083400000|  0%| F|  |TAMS 0x0000000083300000, 0x0000000083300000| Untracked 
|  52|0x0000000083400000, 0x0000000083400000, 0x0000000083500000|  0%| F|  |TAMS 0x0000000083400000, 0x0000000083400000| Untracked 
|  53|0x0000000083500000, 0x0000000083500000, 0x0000000083600000|  0%| F|  |TAMS 0x0000000083500000, 0x0000000083500000| Untracked 
|  54|0x0000000083600000, 0x0000000083600000, 0x0000000083700000|  0%| F|  |TAMS 0x0000000083600000, 0x0000000083600000| Untracked 
|  55|0x0000000083700000, 0x0000000083700000, 0x0000000083800000|  0%| F|  |TAMS 0x0000000083700000, 0x0000000083700000| Untracked 
|  56|0x0000000083800000, 0x0000000083800000, 0x0000000083900000|  0%| F|  |TAMS 0x0000000083800000, 0x0000000083800000| Untracked 
|  57|0x0000000083900000, 0x0000000083900000, 0x0000000083a00000|  0%| F|  |TAMS 0x0000000083900000, 0x0000000083900000| Untracked 
|  58|0x0000000083a00000, 0x0000000083a00000, 0x0000000083b00000|  0%| F|  |TAMS 0x0000000083a00000, 0x0000000083a00000| Untracked 
|  59|0x0000000083b00000, 0x0000000083b00000, 0x0000000083c00000|  0%| F|  |TAMS 0x0000000083b00000, 0x0000000083b00000| Untracked 
|  60|0x0000000083c00000, 0x0000000083c00000, 0x0000000083d00000|  0%| F|  |TAMS 0x0000000083c00000, 0x0000000083c00000| Untracked 
|  61|0x0000000083d00000, 0x0000000083d00000, 0x0000000083e00000|  0%| F|  |TAMS 0x0000000083d00000, 0x0000000083d00000| Untracked 
|  62|0x0000000083e00000, 0x0000000083e00000, 0x0000000083f00000|  0%| F|  |TAMS 0x0000000083e00000, 0x0000000083e00000| Untracked 
|  63|0x0000000083f00000, 0x0000000083f00000, 0x0000000084000000|  0%| F|  |TAMS 0x0000000083f00000, 0x0000000083f00000| Untracked 
|  64|0x0000000084000000, 0x0000000084000000, 0x0000000084100000|  0%| F|  |TAMS 0x0000000084000000, 0x0000000084000000| Untracked 
|  65|0x0000000084100000, 0x0000000084100000, 0x0000000084200000|  0%| F|  |TAMS 0x0000000084100000, 0x0000000084100000| Untracked 
|  66|0x0000000084200000, 0x0000000084200000, 0x0000000084300000|  0%| F|  |TAMS 0x0000000084200000, 0x0000000084200000| Untracked 
|  67|0x0000000084300000, 0x0000000084300000, 0x0000000084400000|  0%| F|  |TAMS 0x0000000084300000, 0x0000000084300000| Untracked 
|  68|0x0000000084400000, 0x0000000084400000, 0x0000000084500000|  0%| F|  |TAMS 0x0000000084400000, 0x0000000084400000| Untracked 
|  69|0x0000000084500000, 0x0000000084500000, 0x0000000084600000|  0%| F|  |TAMS 0x0000000084500000, 0x0000000084500000| Untracked 
|  70|0x0000000084600000, 0x0000000084600000, 0x0000000084700000|  0%| F|  |TAMS 0x0000000084600000, 0x0000000084600000| Untracked 
|  71|0x0000000084700000, 0x0000000084700000, 0x0000000084800000|  0%| F|  |TAMS 0x0000000084700000, 0x0000000084700000| Untracked 
|  72|0x0000000084800000, 0x0000000084800000, 0x0000000084900000|  0%| F|  |TAMS 0x0000000084800000, 0x0000000084800000| Untracked 
|  73|0x0000000084900000, 0x0000000084900000, 0x0000000084a00000|  0%| F|  |TAMS 0x0000000084900000, 0x0000000084900000| Untracked 
|  74|0x0000000084a00000, 0x0000000084a00000, 0x0000000084b00000|  0%| F|  |TAMS 0x0000000084a00000, 0x0000000084a00000| Untracked 
|  75|0x0000000084b00000, 0x0000000084b00000, 0x0000000084c00000|  0%| F|  |TAMS 0x0000000084b00000, 0x0000000084b00000| Untracked 
|  76|0x0000000084c00000, 0x0000000084c00000, 0x0000000084d00000|  0%| F|  |TAMS 0x0000000084c00000, 0x0000000084c00000| Untracked 
|  77|0x0000000084d00000, 0x0000000084d00000, 0x0000000084e00000|  0%| F|  |TAMS 0x0000000084d00000, 0x0000000084d00000| Untracked 
|  78|0x0000000084e00000, 0x0000000084e00000, 0x0000000084f00000|  0%| F|  |TAMS 0x0000000084e00000, 0x0000000084e00000| Untracked 
|  79|0x0000000084f00000, 0x0000000084f00000, 0x0000000085000000|  0%| F|  |TAMS 0x0000000084f00000, 0x0000000084f00000| Untracked 
|  80|0x0000000085000000, 0x0000000085000000, 0x0000000085100000|  0%| F|  |TAMS 0x0000000085000000, 0x0000000085000000| Untracked 
|  81|0x0000000085100000, 0x0000000085100000, 0x0000000085200000|  0%| F|  |TAMS 0x0000000085100000, 0x0000000085100000| Untracked 
|  82|0x0000000085200000, 0x0000000085200000, 0x0000000085300000|  0%| F|  |TAMS 0x0000000085200000, 0x0000000085200000| Untracked 
|  83|0x0000000085300000, 0x0000000085300000, 0x0000000085400000|  0%| F|  |TAMS 0x0000000085300000, 0x0000000085300000| Untracked 
|  84|0x0000000085400000, 0x0000000085400000, 0x0000000085500000|  0%| F|  |TAMS 0x0000000085400000, 0x0000000085400000| Untracked 
|  85|0x0000000085500000, 0x0000000085500000, 0x0000000085600000|  0%| F|  |TAMS 0x0000000085500000, 0x0000000085500000| Untracked 
|  86|0x0000000085600000, 0x0000000085600000, 0x0000000085700000|  0%| F|  |TAMS 0x0000000085600000, 0x0000000085600000| Untracked 
|  87|0x0000000085700000, 0x0000000085700000, 0x0000000085800000|  0%| F|  |TAMS 0x0000000085700000, 0x0000000085700000| Untracked 
|  88|0x0000000085800000, 0x0000000085800000, 0x0000000085900000|  0%| F|  |TAMS 0x0000000085800000, 0x0000000085800000| Untracked 
|  89|0x0000000085900000, 0x0000000085900000, 0x0000000085a00000|  0%| F|  |TAMS 0x0000000085900000, 0x0000000085900000| Untracked 
|  90|0x0000000085a00000, 0x0000000085a00000, 0x0000000085b00000|  0%| F|  |TAMS 0x0000000085a00000, 0x0000000085a00000| Untracked 
|  91|0x0000000085b00000, 0x0000000085b00000, 0x0000000085c00000|  0%| F|  |TAMS 0x0000000085b00000, 0x0000000085b00000| Untracked 
|  92|0x0000000085c00000, 0x0000000085c00000, 0x0000000085d00000|  0%| F|  |TAMS 0x0000000085c00000, 0x0000000085c00000| Untracked 
|  93|0x0000000085d00000, 0x0000000085d00000, 0x0000000085e00000|  0%| F|  |TAMS 0x0000000085d00000, 0x0000000085d00000| Untracked 
|  94|0x0000000085e00000, 0x0000000085e00000, 0x0000000085f00000|  0%| F|  |TAMS 0x0000000085e00000, 0x0000000085e00000| Untracked 
|  95|0x0000000085f00000, 0x0000000085f00000, 0x0000000086000000|  0%| F|  |TAMS 0x0000000085f00000, 0x0000000085f00000| Untracked 
|  96|0x0000000086000000, 0x0000000086000000, 0x0000000086100000|  0%| F|  |TAMS 0x0000000086000000, 0x0000000086000000| Untracked 
|  97|0x0000000086100000, 0x0000000086100000, 0x0000000086200000|  0%| F|  |TAMS 0x0000000086100000, 0x0000000086100000| Untracked 
|  98|0x0000000086200000, 0x0000000086200000, 0x0000000086300000|  0%| F|  |TAMS 0x0000000086200000, 0x0000000086200000| Untracked 
|  99|0x0000000086300000, 0x0000000086300000, 0x0000000086400000|  0%| F|  |TAMS 0x0000000086300000, 0x0000000086300000| Untracked 
| 100|0x0000000086400000, 0x0000000086400000, 0x0000000086500000|  0%| F|  |TAMS 0x0000000086400000, 0x0000000086400000| Untracked 
| 101|0x0000000086500000, 0x0000000086500000, 0x0000000086600000|  0%| F|  |TAMS 0x0000000086500000, 0x0000000086500000| Untracked 
| 102|0x0000000086600000, 0x0000000086600000, 0x0000000086700000|  0%| F|  |TAMS 0x0000000086600000, 0x0000000086600000| Untracked 
| 103|0x0000000086700000, 0x0000000086700000, 0x0000000086800000|  0%| F|  |TAMS 0x0000000086700000, 0x0000000086700000| Untracked 
| 104|0x0000000086800000, 0x0000000086800000, 0x0000000086900000|  0%| F|  |TAMS 0x0000000086800000, 0x0000000086800000| Untracked 
| 105|0x0000000086900000, 0x0000000086900000, 0x0000000086a00000|  0%| F|  |TAMS 0x0000000086900000, 0x0000000086900000| Untracked 
| 106|0x0000000086a00000, 0x0000000086a00000, 0x0000000086b00000|  0%| F|  |TAMS 0x0000000086a00000, 0x0000000086a00000| Untracked 
| 107|0x0000000086b00000, 0x0000000086b00000, 0x0000000086c00000|  0%| F|  |TAMS 0x0000000086b00000, 0x0000000086b00000| Untracked 
| 108|0x0000000086c00000, 0x0000000086c00000, 0x0000000086d00000|  0%| F|  |TAMS 0x0000000086c00000, 0x0000000086c00000| Untracked 
| 109|0x0000000086d00000, 0x0000000086d00000, 0x0000000086e00000|  0%| F|  |TAMS 0x0000000086d00000, 0x0000000086d00000| Untracked 
| 110|0x0000000086e00000, 0x0000000086e00000, 0x0000000086f00000|  0%| F|  |TAMS 0x0000000086e00000, 0x0000000086e00000| Untracked 
| 111|0x0000000086f00000, 0x0000000086f00000, 0x0000000087000000|  0%| F|  |TAMS 0x0000000086f00000, 0x0000000086f00000| Untracked 
| 112|0x0000000087000000, 0x0000000087000000, 0x0000000087100000|  0%| F|  |TAMS 0x0000000087000000, 0x0000000087000000| Untracked 
| 113|0x0000000087100000, 0x0000000087100000, 0x0000000087200000|  0%| F|  |TAMS 0x0000000087100000, 0x0000000087100000| Untracked 
| 114|0x0000000087200000, 0x0000000087200000, 0x0000000087300000|  0%| F|  |TAMS 0x0000000087200000, 0x0000000087200000| Untracked 
| 115|0x0000000087300000, 0x0000000087300000, 0x0000000087400000|  0%| F|  |TAMS 0x0000000087300000, 0x0000000087300000| Untracked 
| 116|0x0000000087400000, 0x0000000087400000, 0x0000000087500000|  0%| F|  |TAMS 0x0000000087400000, 0x0000000087400000| Untracked 
| 117|0x0000000087500000, 0x0000000087500000, 0x0000000087600000|  0%| F|  |TAMS 0x0000000087500000, 0x0000000087500000| Untracked 
| 118|0x0000000087600000, 0x0000000087600000, 0x0000000087700000|  0%| F|  |TAMS 0x0000000087600000, 0x0000000087600000| Untracked 
| 119|0x0000000087700000, 0x0000000087700000, 0x0000000087800000|  0%| F|  |TAMS 0x0000000087700000, 0x0000000087700000| Untracked 
| 120|0x0000000087800000, 0x0000000087800000, 0x0000000087900000|  0%| F|  |TAMS 0x0000000087800000, 0x0000000087800000| Untracked 
| 121|0x0000000087900000, 0x0000000087900000, 0x0000000087a00000|  0%| F|  |TAMS 0x0000000087900000, 0x0000000087900000| Untracked 
| 122|0x0000000087a00000, 0x0000000087a00000, 0x0000000087b00000|  0%| F|  |TAMS 0x0000000087a00000, 0x0000000087a00000| Untracked 
| 123|0x0000000087b00000, 0x0000000087b00000, 0x0000000087c00000|  0%| F|  |TAMS 0x0000000087b00000, 0x0000000087b00000| Untracked 
| 124|0x0000000087c00000, 0x0000000087c00000, 0x0000000087d00000|  0%| F|  |TAMS 0x0000000087c00000, 0x0000000087c00000| Untracked 
| 125|0x0000000087d00000, 0x0000000087d00000, 0x0000000087e00000|  0%| F|  |TAMS 0x0000000087d00000, 0x0000000087d00000| Untracked 
| 126|0x0000000087e00000, 0x0000000087e00000, 0x0000000087f00000|  0%| F|  |TAMS 0x0000000087e00000, 0x0000000087e00000| Untracked 
| 127|0x0000000087f00000, 0x0000000087f00000, 0x0000000088000000|  0%| F|  |TAMS 0x0000000087f00000, 0x0000000087f00000| Untracked 
| 128|0x0000000088000000, 0x0000000088000000, 0x0000000088100000|  0%| F|  |TAMS 0x0000000088000000, 0x0000000088000000| Untracked 
| 129|0x0000000088100000, 0x0000000088100000, 0x0000000088200000|  0%| F|  |TAMS 0x0000000088100000, 0x0000000088100000| Untracked 
| 130|0x0000000088200000, 0x0000000088200000, 0x0000000088300000|  0%| F|  |TAMS 0x0000000088200000, 0x0000000088200000| Untracked 
| 131|0x0000000088300000, 0x0000000088300000, 0x0000000088400000|  0%| F|  |TAMS 0x0000000088300000, 0x0000000088300000| Untracked 
| 132|0x0000000088400000, 0x0000000088500000, 0x0000000088500000|100%| S|CS|TAMS 0x0000000088400000, 0x0000000088400000| Complete 
| 133|0x0000000088500000, 0x0000000088600000, 0x0000000088600000|100%| S|CS|TAMS 0x0000000088500000, 0x0000000088500000| Complete 
| 134|0x0000000088600000, 0x0000000088700000, 0x0000000088700000|100%| S|CS|TAMS 0x0000000088600000, 0x0000000088600000| Complete 
| 135|0x0000000088700000, 0x0000000088700000, 0x0000000088800000|  0%| F|  |TAMS 0x0000000088700000, 0x0000000088700000| Untracked 
| 136|0x0000000088800000, 0x0000000088800000, 0x0000000088900000|  0%| F|  |TAMS 0x0000000088800000, 0x0000000088800000| Untracked 
| 137|0x0000000088900000, 0x0000000088900000, 0x0000000088a00000|  0%| F|  |TAMS 0x0000000088900000, 0x0000000088900000| Untracked 
| 138|0x0000000088a00000, 0x0000000088a00000, 0x0000000088b00000|  0%| F|  |TAMS 0x0000000088a00000, 0x0000000088a00000| Untracked 
| 139|0x0000000088b00000, 0x0000000088b00000, 0x0000000088c00000|  0%| F|  |TAMS 0x0000000088b00000, 0x0000000088b00000| Untracked 
| 140|0x0000000088c00000, 0x0000000088c00000, 0x0000000088d00000|  0%| F|  |TAMS 0x0000000088c00000, 0x0000000088c00000| Untracked 
| 141|0x0000000088d00000, 0x0000000088d00000, 0x0000000088e00000|  0%| F|  |TAMS 0x0000000088d00000, 0x0000000088d00000| Untracked 
| 142|0x0000000088e00000, 0x0000000088e00000, 0x0000000088f00000|  0%| F|  |TAMS 0x0000000088e00000, 0x0000000088e00000| Untracked 
| 143|0x0000000088f00000, 0x0000000088f00000, 0x0000000089000000|  0%| F|  |TAMS 0x0000000088f00000, 0x0000000088f00000| Untracked 
| 144|0x0000000089000000, 0x0000000089000000, 0x0000000089100000|  0%| F|  |TAMS 0x0000000089000000, 0x0000000089000000| Untracked 
| 145|0x0000000089100000, 0x0000000089100000, 0x0000000089200000|  0%| F|  |TAMS 0x0000000089100000, 0x0000000089100000| Untracked 
| 146|0x0000000089200000, 0x0000000089200000, 0x0000000089300000|  0%| F|  |TAMS 0x0000000089200000, 0x0000000089200000| Untracked 
| 147|0x0000000089300000, 0x0000000089300000, 0x0000000089400000|  0%| F|  |TAMS 0x0000000089300000, 0x0000000089300000| Untracked 
| 148|0x0000000089400000, 0x0000000089400000, 0x0000000089500000|  0%| F|  |TAMS 0x0000000089400000, 0x0000000089400000| Untracked 
| 149|0x0000000089500000, 0x0000000089500000, 0x0000000089600000|  0%| F|  |TAMS 0x0000000089500000, 0x0000000089500000| Untracked 
| 150|0x0000000089600000, 0x0000000089600000, 0x0000000089700000|  0%| F|  |TAMS 0x0000000089600000, 0x0000000089600000| Untracked 
| 151|0x0000000089700000, 0x0000000089700000, 0x0000000089800000|  0%| F|  |TAMS 0x0000000089700000, 0x0000000089700000| Untracked 
| 152|0x0000000089800000, 0x0000000089800000, 0x0000000089900000|  0%| F|  |TAMS 0x0000000089800000, 0x0000000089800000| Untracked 
| 153|0x0000000089900000, 0x0000000089900000, 0x0000000089a00000|  0%| F|  |TAMS 0x0000000089900000, 0x0000000089900000| Untracked 
| 154|0x0000000089a00000, 0x0000000089a00000, 0x0000000089b00000|  0%| F|  |TAMS 0x0000000089a00000, 0x0000000089a00000| Untracked 
| 155|0x0000000089b00000, 0x0000000089b00000, 0x0000000089c00000|  0%| F|  |TAMS 0x0000000089b00000, 0x0000000089b00000| Untracked 
| 156|0x0000000089c00000, 0x0000000089c00000, 0x0000000089d00000|  0%| F|  |TAMS 0x0000000089c00000, 0x0000000089c00000| Untracked 
| 157|0x0000000089d00000, 0x0000000089d80028, 0x0000000089e00000| 50%| E|  |TAMS 0x0000000089d00000, 0x0000000089d00000| Complete 

Card table byte_map: [0x000001ce62530000,0x000001ce62930000] _byte_map_base: 0x000001ce62130000

Marking Bits (Prev, Next): (CMBitMap*) 0x000001ce4bab8c80, (CMBitMap*) 0x000001ce4bab8c48
 Prev Bits: [0x000001ce64d30000, 0x000001ce66d30000)
 Next Bits: [0x000001ce62d30000, 0x000001ce64d30000)

Polling page: 0x000001ce4b260000

Metaspace:

Usage:
  Non-class:     19.67 MB capacity,    19.28 MB ( 98%) used,   331.98 KB (  2%) free+waste,    69.94 KB ( <1%) overhead. 
      Class:      2.89 MB capacity,     2.62 MB ( 91%) used,   238.85 KB (  8%) free+waste,    36.63 KB (  1%) overhead. 
       Both:     22.56 MB capacity,    21.90 MB ( 97%) used,   570.84 KB (  2%) free+waste,   106.56 KB ( <1%) overhead. 

Virtual space:
  Non-class space:       28.00 MB reserved,      19.67 MB ( 70%) committed 
      Class space:        1.00 GB reserved,       3.00 MB ( <1%) committed 
             Both:        1.03 GB reserved,      22.67 MB (  2%) committed 

Chunk freelists:
   Non-Class:  256 bytes
       Class:  1.63 KB
        Both:  1.88 KB

CodeHeap 'non-profiled nmethods': size=239488Kb used=3656Kb max_used=3656Kb free=235831Kb
 bounds [0x000001ce53750000, 0x000001ce53af0000, 0x000001ce62130000]
CodeHeap 'non-nmethods': size=6272Kb used=1124Kb max_used=1124Kb free=5147Kb
 bounds [0x000001ce53130000, 0x000001ce533a0000, 0x000001ce53750000]
 total_blobs=2930 nmethods=2507 adapters=349
 compilation: enabled
              stopped_count=0, restarted_count=0
 full_count=0

Compilation events (10 events):
Event: 2.999 Thread 0x000001ce68ef8800 2503       1       org.springframework.beans.factory.support.DefaultListableBeanFactory::getBeanDefinition (78 bytes)
Event: 2.999 Thread 0x000001ce68ef8800 nmethod 2503 0x000001ce53adf610 code [0x000001ce53adf860, 0x000001ce53adfd38]
Event: 3.004 Thread 0x000001ce68ef8800 2504       1       jdk.internal.loader.BuiltinClassLoader::definePackage (276 bytes)
Event: 3.005 Thread 0x000001ce68ef8800 nmethod 2504 0x000001ce53ae0010 code [0x000001ce53ae0340, 0x000001ce53ae0f18]
Event: 3.008 Thread 0x000001ce68ef8800 2505       1       org.springframework.beans.BeanMetadataAttribute::getValue (5 bytes)
Event: 3.008 Thread 0x000001ce68ef8800 nmethod 2505 0x000001ce53ae1810 code [0x000001ce53ae19a0, 0x000001ce53ae1a58]
Event: 3.008 Thread 0x000001ce68ef8800 2506       1       org.springframework.core.type.classreading.SimpleMethodMetadata::hashCode (8 bytes)
Event: 3.008 Thread 0x000001ce68ef8800 nmethod 2506 0x000001ce53ae1b10 code [0x000001ce53ae1ca0, 0x000001ce53ae1d88]
Event: 3.008 Thread 0x000001ce68ef8800 2507       1       org.springframework.core.type.classreading.SimpleMethodMetadataReadingVisitor$Source::hashCode (43 bytes)
Event: 3.008 Thread 0x000001ce68ef8800 nmethod 2507 0x000001ce53ae1e10 code [0x000001ce53ae1fc0, 0x000001ce53ae2128]

GC Heap History (10 events):
Event: 0.809 GC heap before
{Heap before GC invocations=1 (full 0):
 garbage-first heap   total 131072K, used 8671K [0x0000000080000000, 0x0000000100000000)
  region size 1024K, 6 young (6144K), 1 survivors (1024K)
 Metaspace       used 9641K, capacity 9794K, committed 9984K, reserved 1058816K
  class space    used 938K, capacity 991K, committed 1024K, reserved 1048576K
}
Event: 0.813 GC heap after
{Heap after GC invocations=2 (full 0):
 garbage-first heap   total 131072K, used 4124K [0x0000000080000000, 0x0000000100000000)
  region size 1024K, 1 young (1024K), 1 survivors (1024K)
 Metaspace       used 9641K, capacity 9794K, committed 9984K, reserved 1058816K
  class space    used 938K, capacity 991K, committed 1024K, reserved 1048576K
}
Event: 1.219 GC heap before
{Heap before GC invocations=2 (full 0):
 garbage-first heap   total 131072K, used 15388K [0x0000000080000000, 0x0000000100000000)
  region size 1024K, 12 young (12288K), 1 survivors (1024K)
 Metaspace       used 13593K, capacity 13906K, committed 14208K, reserved 1062912K
  class space    used 1469K, capacity 1613K, committed 1664K, reserved 1048576K
}
Event: 1.224 GC heap after
{Heap after GC invocations=3 (full 0):
 garbage-first heap   total 131072K, used 5093K [0x0000000080000000, 0x0000000100000000)
  region size 1024K, 2 young (2048K), 2 survivors (2048K)
 Metaspace       used 13593K, capacity 13906K, committed 14208K, reserved 1062912K
  class space    used 1469K, capacity 1613K, committed 1664K, reserved 1048576K
}
Event: 1.608 GC heap before
{Heap before GC invocations=3 (full 0):
 garbage-first heap   total 131072K, used 22501K [0x0000000080000000, 0x0000000100000000)
  region size 1024K, 20 young (20480K), 2 survivors (2048K)
 Metaspace       used 17833K, capacity 18296K, committed 18432K, reserved 1064960K
  class space    used 2016K, capacity 2235K, committed 2304K, reserved 1048576K
}
Event: 1.625 GC heap after
{Heap after GC invocations=4 (full 0):
 garbage-first heap   total 131072K, used 6034K [0x0000000080000000, 0x0000000100000000)
  region size 1024K, 3 young (3072K), 3 survivors (3072K)
 Metaspace       used 17833K, capacity 18296K, committed 18432K, reserved 1064960K
  class space    used 2016K, capacity 2235K, committed 2304K, reserved 1048576K
}
Event: 2.224 GC heap before
{Heap before GC invocations=4 (full 0):
 garbage-first heap   total 131072K, used 24466K [0x0000000080000000, 0x0000000100000000)
  region size 1024K, 22 young (22528K), 3 survivors (3072K)
 Metaspace       used 20630K, capacity 21181K, committed 21296K, reserved 1069056K
  class space    used 2409K, capacity 2649K, committed 2688K, reserved 1048576K
}
Event: 2.236 GC heap after
{Heap after GC invocations=5 (full 0):
 garbage-first heap   total 161792K, used 7288K [0x0000000080000000, 0x0000000100000000)
  region size 1024K, 4 young (4096K), 4 survivors (4096K)
 Metaspace       used 20630K, capacity 21181K, committed 21296K, reserved 1069056K
  class space    used 2409K, capacity 2649K, committed 2688K, reserved 1048576K
}
Event: 3.013 GC heap before
{Heap before GC invocations=6 (full 0):
 garbage-first heap   total 161792K, used 29816K [0x0000000080000000, 0x0000000100000000)
  region size 1024K, 27 young (27648K), 4 survivors (4096K)
 Metaspace       used 22427K, capacity 23073K, committed 23088K, reserved 1077248K
  class space    used 2686K, capacity 2931K, committed 2944K, reserved 1048576K
}
Event: 3.025 GC heap after
{Heap after GC invocations=7 (full 0):
 garbage-first heap   total 161792K, used 8029K [0x0000000080000000, 0x0000000100000000)
  region size 1024K, 3 young (3072K), 3 survivors (3072K)
 Metaspace       used 22427K, capacity 23073K, committed 23088K, reserved 1077248K
  class space    used 2686K, capacity 2931K, committed 2944K, reserved 1048576K
}

Deoptimization events (0 events):
No events

Classes redefined (0 events):
No events

Internal exceptions (10 events):
Event: 1.885 Thread 0x000001ce4ba7c800 Exception <a 'java/lang/ClassNotFoundException'{0x000000008771cca0}: org/springframework/beans/factory/AwareCustomizer> (0x000000008771cca0) thrown at [./open/src/hotspot/share/classfile/systemDictionary.cpp, line 226]
Event: 1.886 Thread 0x000001ce4ba7c800 Exception <a 'java/lang/ClassNotFoundException'{0x00000000877281f0}: org/springframework/context/ApplicationStartupAwareCustomizer> (0x00000000877281f0) thrown at [./open/src/hotspot/share/classfile/systemDictionary.cpp, line 226]
Event: 1.887 Thread 0x000001ce4ba7c800 Exception <a 'java/lang/ClassNotFoundException'{0x0000000087733c40}: org/springframework/beans/factory/AwareCustomizer> (0x0000000087733c40) thrown at [./open/src/hotspot/share/classfile/systemDictionary.cpp, line 226]
Event: 1.887 Thread 0x000001ce4ba7c800 Exception <a 'java/lang/ClassNotFoundException'{0x000000008773f4b8}: org/springframework/beans/factory/BeanClassLoaderAwareCustomizer> (0x000000008773f4b8) thrown at [./open/src/hotspot/share/classfile/systemDictionary.cpp, line 226]
Event: 1.888 Thread 0x000001ce4ba7c800 Exception <a 'java/lang/ClassNotFoundException'{0x000000008774aca8}: org/springframework/beans/factory/AwareCustomizer> (0x000000008774aca8) thrown at [./open/src/hotspot/share/classfile/systemDictionary.cpp, line 226]
Event: 1.888 Thread 0x000001ce4ba7c800 Exception <a 'java/lang/ClassNotFoundException'{0x00000000877559f0}: org/springframework/context/EnvironmentAwareCustomizer> (0x00000000877559f0) thrown at [./open/src/hotspot/share/classfile/systemDictionary.cpp, line 226]
Event: 1.889 Thread 0x000001ce4ba7c800 Exception <a 'java/lang/ClassNotFoundException'{0x0000000087761158}: org/springframework/beans/factory/AwareCustomizer> (0x0000000087761158) thrown at [./open/src/hotspot/share/classfile/systemDictionary.cpp, line 226]
Event: 1.923 Thread 0x000001ce4ba7c800 Exception <a 'java/lang/NoSuchMethodError'{0x000000008765bfb8}: java.lang.invoke.DirectMethodHandle$Holder.invokeVirtual(Ljava/lang/Object;Ljava/lang/Object;Ljava/lang/Object;)Ljava/lang/Object;> (0x000000008765bfb8) thrown at [./open/src/hotspot/share/in
Event: 2.132 Thread 0x000001ce4ba7c800 Exception <a 'java/lang/IncompatibleClassChangeError'{0x0000000086e1b918}: Found class java.lang.Object, but interface was expected> (0x0000000086e1b918) thrown at [./open/src/hotspot/share/interpreter/linkResolver.cpp, line 838]
Event: 2.289 Thread 0x000001ce4ba7c800 Exception <a 'java/lang/NoSuchMethodError'{0x0000000089d32118}: java.lang.invoke.DirectMethodHandle$Holder.invokeInterface(Ljava/lang/Object;Ljava/lang/Object;Ljava/lang/Object;Ljava/lang/Object;)V> (0x0000000089d32118) thrown at [./open/src/hotspot/share

Events (10 events):
Event: 3.012 loading class org/springframework/objenesis/strategy/StdInstantiatorStrategy
Event: 3.012 loading class org/springframework/objenesis/strategy/StdInstantiatorStrategy done
Event: 3.012 loading class org/springframework/objenesis/strategy/BaseInstantiatorStrategy
Event: 3.012 loading class org/springframework/objenesis/strategy/BaseInstantiatorStrategy done
Event: 3.012 loading class org/springframework/objenesis/strategy/InstantiatorStrategy
Event: 3.012 loading class org/springframework/objenesis/strategy/InstantiatorStrategy done
Event: 3.013 loading class org/springframework/aop/framework/autoproxy/AutoProxyUtils
Event: 3.013 loading class org/springframework/aop/framework/autoproxy/AutoProxyUtils done
Event: 3.013 Executing VM operation: CollectForMetadataAllocation
Event: 3.025 Executing VM operation: CollectForMetadataAllocation done


Dynamic libraries:
0x00007ff6f9d00000 - 0x00007ff6f9d0f000 	C:\Program Files\Java\jdk-11.0.16\bin\java.exe
0x00007ffd83d10000 - 0x00007ffd83f08000 	C:\Windows\SYSTEM32\ntdll.dll
0x00007ffd81d70000 - 0x00007ffd81e2f000 	C:\Windows\System32\KERNEL32.DLL
0x00007ffd81740000 - 0x00007ffd81a12000 	C:\Windows\System32\KERNELBASE.dll
0x00007ffd81640000 - 0x00007ffd81740000 	C:\Windows\System32\ucrtbase.dll
0x00007ffd6cce0000 - 0x00007ffd6ccf8000 	C:\Program Files\Java\jdk-11.0.16\bin\jli.dll
0x00007ffd82b90000 - 0x00007ffd82c3e000 	C:\Windows\System32\ADVAPI32.dll
0x00007ffd83af0000 - 0x00007ffd83b8e000 	C:\Windows\System32\msvcrt.dll
0x00007ffd82d10000 - 0x00007ffd82dac000 	C:\Windows\System32\sechost.dll
0x00007ffd83540000 - 0x00007ffd83665000 	C:\Windows\System32\RPCRT4.dll
0x00007ffd82e40000 - 0x00007ffd82fdd000 	C:\Windows\System32\USER32.dll
0x00007ffd81410000 - 0x00007ffd81432000 	C:\Windows\System32\win32u.dll
0x00007ffd82db0000 - 0x00007ffd82ddb000 	C:\Windows\System32\GDI32.dll
0x00007ffd81500000 - 0x00007ffd8160f000 	C:\Windows\System32\gdi32full.dll
0x00007ffd81a20000 - 0x00007ffd81abd000 	C:\Windows\System32\msvcp_win.dll
0x00007ffd6cd00000 - 0x00007ffd6cd15000 	C:\Program Files\Java\jdk-11.0.16\bin\VCRUNTIME140.dll
0x00007ffd663d0000 - 0x00007ffd6666a000 	C:\Windows\WinSxS\amd64_microsoft.windows.common-controls_6595b64144ccf1df_6.0.19041.1110_none_60b5254171f9507e\COMCTL32.dll
0x00007ffd79670000 - 0x00007ffd7967a000 	C:\Windows\SYSTEM32\VERSION.dll
0x00007ffd82c40000 - 0x00007ffd82c72000 	C:\Windows\System32\IMM32.DLL
0x00007ffd4fcc0000 - 0x00007ffd4fd5b000 	C:\Program Files\Java\jdk-11.0.16\bin\msvcp140.dll
0x00007ffd3f4a0000 - 0x00007ffd3ffb8000 	C:\Program Files\Java\jdk-11.0.16\bin\server\jvm.dll
0x00007ffd81d60000 - 0x00007ffd81d68000 	C:\Windows\System32\PSAPI.DLL
0x00007ffd79e00000 - 0x00007ffd79e09000 	C:\Windows\SYSTEM32\WSOCK32.dll
0x00007ffd82630000 - 0x00007ffd8269b000 	C:\Windows\System32\WS2_32.dll
0x00007ffd5c850000 - 0x00007ffd5c877000 	C:\Windows\SYSTEM32\WINMM.dll
0x00007ffd7f2b0000 - 0x00007ffd7f2c2000 	C:\Windows\SYSTEM32\kernel.appcore.dll
0x00007ffd66890000 - 0x00007ffd668a0000 	C:\Program Files\Java\jdk-11.0.16\bin\verify.dll
0x00007ffd71790000 - 0x00007ffd71974000 	C:\Windows\SYSTEM32\DBGHELP.DLL
0x00007ffd739c0000 - 0x00007ffd739ec000 	C:\Windows\SYSTEM32\dbgcore.DLL
0x00007ffd81c20000 - 0x00007ffd81ca2000 	C:\Windows\System32\bcryptPrimitives.dll
0x00007ffd609c0000 - 0x00007ffd609e8000 	C:\Program Files\Java\jdk-11.0.16\bin\java.dll
0x00007ffd66870000 - 0x00007ffd6687a000 	C:\Program Files\Java\jdk-11.0.16\bin\jimage.dll
0x00007ffd609a0000 - 0x00007ffd609b6000 	C:\Program Files\Java\jdk-11.0.16\bin\zip.dll
0x00007ffd81ee0000 - 0x00007ffd82623000 	C:\Windows\System32\SHELL32.dll
0x00007ffd7f4b0000 - 0x00007ffd7fc42000 	C:\Windows\SYSTEM32\windows.storage.dll
0x00007ffd82fe0000 - 0x00007ffd83334000 	C:\Windows\System32\combase.dll
0x00007ffd80cb0000 - 0x00007ffd80ce0000 	C:\Windows\SYSTEM32\Wldp.dll
0x00007ffd81e30000 - 0x00007ffd81edd000 	C:\Windows\System32\SHCORE.dll
0x00007ffd82de0000 - 0x00007ffd82e35000 	C:\Windows\System32\shlwapi.dll
0x00007ffd81350000 - 0x00007ffd8136f000 	C:\Windows\SYSTEM32\profapi.dll
0x00007ffd60980000 - 0x00007ffd60999000 	C:\Program Files\Java\jdk-11.0.16\bin\net.dll
0x00007ffd78e70000 - 0x00007ffd78f7c000 	C:\Windows\SYSTEM32\WINHTTP.dll
0x00007ffd80a90000 - 0x00007ffd80afa000 	C:\Windows\system32\mswsock.dll
0x00007ffd5cec0000 - 0x00007ffd5ced2000 	C:\Program Files\Java\jdk-11.0.16\bin\nio.dll
0x00007ffd60970000 - 0x00007ffd60979000 	C:\Program Files\Java\jdk-11.0.16\bin\management.dll
0x00007ffd60000000 - 0x00007ffd6000b000 	C:\Program Files\Java\jdk-11.0.16\bin\management_ext.dll
0x00007ffd6c3e0000 - 0x00007ffd6c3f7000 	C:\Windows\system32\napinsp.dll
0x00007ffd6bfc0000 - 0x00007ffd6bfdb000 	C:\Windows\system32\pnrpnsp.dll
0x00007ffd6bfa0000 - 0x00007ffd6bfb5000 	C:\Windows\system32\wshbth.dll
0x00007ffd7cd80000 - 0x00007ffd7cd9d000 	C:\Windows\system32\NLAapi.dll
0x00007ffd807a0000 - 0x00007ffd807db000 	C:\Windows\SYSTEM32\IPHLPAPI.DLL
0x00007ffd807f0000 - 0x00007ffd808ba000 	C:\Windows\SYSTEM32\DNSAPI.dll
0x00007ffd83ae0000 - 0x00007ffd83ae8000 	C:\Windows\System32\NSI.dll
0x00007ffd6bf80000 - 0x00007ffd6bf92000 	C:\Windows\System32\winrnr.dll
0x00007ffd793f0000 - 0x00007ffd793fa000 	C:\Windows\System32\rasadhlp.dll
0x00007ffd78df0000 - 0x00007ffd78e70000 	C:\Windows\System32\fwpuclnt.dll
0x00007ffd81610000 - 0x00007ffd81637000 	C:\Windows\System32\bcrypt.dll

dbghelp: loaded successfully - version: 4.0.5 - missing functions: none
symbol engine: initialized successfully - sym options: 0x614 - pdb path: .;C:\Program Files\Java\jdk-11.0.16\bin;C:\Windows\SYSTEM32;C:\Windows\WinSxS\amd64_microsoft.windows.common-controls_6595b64144ccf1df_6.0.19041.1110_none_60b5254171f9507e;C:\Program Files\Java\jdk-11.0.16\bin\server

VM Arguments:
jvm_args: -Xverify:none -XX:TieredStopAtLevel=1 
java_command: com.rama.artemis.ArtemisConsumerApp
java_class_path (initial): C:\Users\sfjbs\IdeaProjects\oct31training1\Manognya\Day12\fourth-artemis-demo\artemis-demo-consumer\target\classes;C:\Users\sfjbs\.m2\repository\org\springframework\boot\spring-boot\2.7.0\spring-boot-2.7.0.jar;C:\Users\sfjbs\.m2\repository\org\springframework\spring-context\5.3.20\spring-context-5.3.20.jar;C:\Users\sfjbs\.m2\repository\org\springframework\boot\spring-boot-autoconfigure\2.7.0\spring-boot-autoconfigure-2.7.0.jar;C:\Users\sfjbs\.m2\repository\ch\qos\logback\logback-classic\1.2.11\logback-classic-1.2.11.jar;C:\Users\sfjbs\.m2\repository\ch\qos\logback\logback-core\1.2.11\logback-core-1.2.11.jar;C:\Users\sfjbs\.m2\repository\org\apache\logging\log4j\log4j-to-slf4j\2.17.2\log4j-to-slf4j-2.17.2.jar;C:\Users\sfjbs\.m2\repository\org\apache\logging\log4j\log4j-api\2.17.2\log4j-api-2.17.2.jar;C:\Users\sfjbs\.m2\repository\org\slf4j\jul-to-slf4j\1.7.36\jul-to-slf4j-1.7.36.jar;C:\Users\sfjbs\.m2\repository\jakarta\annotation\jakarta.annotation-api\1.3.5\jakarta.annotation-api-1.3.5.jar;C:\Users\sfjbs\.m2\repository\org\springframework\spring-core\5.3.20\spring-core-5.3.20.jar;C:\Users\sfjbs\.m2\repository\org\springframework\spring-jcl\5.3.20\spring-jcl-5.3.20.jar;C:\Users\sfjbs\.m2\repository\org\yaml\snakeyaml\1.30\snakeyaml-1.30.jar;C:\Users\sfjbs\.m2\repository\org\springframework\spring-jms\5.3.20\spring-jms-5.3.20.jar;C:\Users\sfjbs\.m2\repository\org\springframework\spring-beans\5.3.20\spring-beans-5.3.20.jar;C:\Users\sfjbs\.m2\repository\org\springframework\spring-messaging\5.3.20\spring-messaging-5.3.20.jar;C:\Users\sfjbs\.m2\repository\org\springframework\spring-tx\5.3.20\spring-tx-5.3.20.jar;C:\Users\sfjbs\.m2\repository\org\apache\activemq\activemq-broker\5.16.5\activemq-broker-5.16.5.jar;C:\Users\sfjbs\.m2\repository\org\apache\activemq\activemq-client\5.16.5\activemq-client-5.16.5.jar;C:\Users\sfjbs\.m2\repository\org\fusesource\hawtbuf\hawtbuf\1.11\hawtbuf-1.11.jar;C:\Users\sfjbs\.m2\repository\org\apache\activemq\act
Launcher Type: SUN_STANDARD

[Global flags]
     bool BytecodeVerificationLocal                = false                                     {product} {command line}
     bool BytecodeVerificationRemote               = false                                     {product} {command line}
     intx CICompilerCount                          = 2                                         {product} {ergonomic}
     uint ConcGCThreads                            = 1                                         {product} {ergonomic}
     uint G1ConcRefinementThreads                  = 2                                         {product} {ergonomic}
   size_t G1HeapRegionSize                         = 1048576                                   {product} {ergonomic}
    uintx GCDrainStackTargetSize                   = 64                                        {product} {ergonomic}
   size_t InitialHeapSize                          = 134217728                                 {product} {ergonomic}
   size_t MarkStackSize                            = 4194304                                   {product} {ergonomic}
   size_t MaxHeapSize                              = 2147483648                                {product} {ergonomic}
   size_t MaxNewSize                               = 1287651328                                {product} {ergonomic}
   size_t MinHeapDeltaBytes                        = 1048576                                   {product} {ergonomic}
    uintx NonNMethodCodeHeapSize                   = 6396312                                {pd product} {ergonomic}
    uintx NonProfiledCodeHeapSize                  = 245261928                              {pd product} {ergonomic}
    uintx ProfiledCodeHeapSize                     = 0                                      {pd product} {ergonomic}
    uintx ReservedCodeCacheSize                    = 251658240                              {pd product} {ergonomic}
     bool SegmentedCodeCache                       = true                                      {product} {ergonomic}
     intx TieredStopAtLevel                        = 1                                         {product} {command line}
     bool UseCompressedClassPointers               = true                                 {lp64_product} {ergonomic}
     bool UseCompressedOops                        = true                                 {lp64_product} {ergonomic}
     bool UseG1GC                                  = true                                      {product} {ergonomic}
     bool UseLargePagesIndividualAllocation        = false                                  {pd product} {ergonomic}

Logging:
Log output configuration:
 #0: stdout all=warning uptime,level,tags
 #1: stderr all=off uptime,level,tags

Environment Variables:
PATH=C:\Program Files\Common Files\Oracle\Java\javapath;C:\Windows\system32;C:\Windows;C:\Windows\System32\Wbem;C:\Windows\System32\WindowsPowerShell\v1.0\;C:\Windows\System32\OpenSSH\;C:\Users\sfjbs\Downloads\micro service-20221021T071039Z-001\micro service\apache-maven-3.8.5-bin\apache-maven-3.8.5\bin;C:\Users\sfjbs\Downloads\micro service-20221021T071039Z-001\micro service\apache-maven-3.8.5-bin\apache-maven-3.8.5\lib;C:\Program Files\Git\cmd;C:\Program Files\Docker\Docker\resources\bin;C:\Users\sfjbs\AppData\Local\Microsoft\WindowsApps;C:\Users\sfjbs\Downloads\micro service-20221021T071039Z-001\micro service\apache-maven-3.8.5-bin\apache-maven-3.8.5\bin;C:\Users\sfjbs\Downloads\micro service-20221021T071039Z-001\micro service\apache-maven-3.8.5-bin\apache-maven-3.8.5\lib;;C:\Program Files\JetBrains\IntelliJ IDEA Community Edition 2022.2.1\bin;
USERNAME=sfjbs
OS=Windows_NT
PROCESSOR_IDENTIFIER=Intel64 Family 6 Model 85 Stepping 7, GenuineIntel



---------------  S Y S T E M  ---------------

OS: Windows 10 , 64 bit Build 19041 (10.0.19041.2251)
Hyper-V role detected

CPU:total 2 (initial active 2) (1 cores per cpu, 2 threads per core) family 6 model 85 stepping 7 microcode 0xffffffff, cmov, cx8, fxsr, mmx, sse, sse2, sse3, ssse3, sse4.1, sse4.2, popcnt, avx, avx2, aes, clmul, erms, rtm, 3dnowpref, lzcnt, ht, tsc, bmi1, bmi2, adx, evex, fma

Memory: 4k page, system-wide physical 8190M (439M free)
TotalPageFile size 10238M (AvailPageFile size 1M)
current process WorkingSet (physical memory assigned to process): 119M, peak: 119M
current process commit charge ("private bytes"): 251M, peak: 251M

vm_info: Java HotSpot(TM) 64-Bit Server VM (11.0.16+11-LTS-199) for windows-amd64 JRE (11.0.16+11-LTS-199), built on Jun 28 2022 08:23:17 by "mach5one" with MS VC++ 15.9 (VS2017)

END.
