#
# There is insufficient memory for the Java Runtime Environment to continue.
# Native memory allocation (mmap) failed to map 73400320 bytes for Failed to commit area from 0x0000000089c00000 to 0x000000008e200000 of length 73400320.
# Possible reasons:
#   The system is out of physical RAM or swap space
#   The process is running with CompressedOops enabled, and the Java Heap may be blocking the growth of the native heap
# Possible solutions:
#   Reduce memory load on the system
#   Increase physical memory or swap space
#   Check if swap backing store is full
#   Decrease Java heap size (-Xmx/-Xms)
#   Decrease number of Java threads
#   Decrease Java thread stack sizes (-Xss)
#   Set larger code cache with -XX:ReservedCodeCacheSize=
#   JVM is running with Unscaled Compressed Oops mode in which the Java heap is
#     placed in the first 4GB address space. The Java Heap base address is the
#     maximum limit for the native heap growth. Please use -XX:HeapBaseMinAddress
#     to set the Java Heap base and to place the Java Heap above 4GB virtual address.
# This output file may be truncated or incomplete.
#
#  Out of Memory Error (./open/src/hotspot/os/windows/os_windows.cpp:3287), pid=8016, tid=1852
#
# JRE version: Java(TM) SE Runtime Environment 18.9 (11.0.16+11) (build 11.0.16+11-LTS-199)
# Java VM: Java HotSpot(TM) 64-Bit Server VM 18.9 (11.0.16+11-LTS-199, mixed mode, tiered, compressed oops, g1 gc, windows-amd64)
# No core dump will be written. Minidumps are not enabled by default on client versions of Windows
#

---------------  S U M M A R Y ------------

Command Line: -Xverify:none -XX:TieredStopAtLevel=1 com.eureka.app.student.StudentServiceApplication

Host: Intel(R) Xeon(R) Platinum 8272CL CPU @ 2.60GHz, 2 cores, 7G,  Windows 10 , 64 bit Build 19041 (10.0.19041.1889)
Time: Thu Nov 10 05:47:06 2022 Coordinated Universal Time elapsed time: 4.756468 seconds (0d 0h 0m 4s)

---------------  T H R E A D  ---------------

Current thread (0x00000272bd9a4000):  VMThread "VM Thread" [stack: 0x000000e937d00000,0x000000e937e00000] [id=1852]

Stack: [0x000000e937d00000,0x000000e937e00000]
[error occurred during error reporting (printing stack bounds), id 0xc0000005, EXCEPTION_ACCESS_VIOLATION (0xc0000005) at pc=0x00000272a7dd10e7]

Native frames: (J=compiled Java code, j=interpreted, Vv=VM code, C=native code)
V  [jvm.dll+0x62a3ea]
V  [jvm.dll+0x76418f]
V  [jvm.dll+0x765839]
V  [jvm.dll+0x765e25]
V  [jvm.dll+0x765ddb]
V  [jvm.dll+0x6298d3]
V  [jvm.dll+0x629fe8]
C  [ntdll.dll+0xa241f]
C  [ntdll.dll+0x514a4]
C  [ntdll.dll+0xa0f4e]
C  0x00000272a7dd10e7

VM_Operation (0x000000e9376f4fa0): CollectForMetadataAllocation, mode: safepoint, requested by thread 0x00000272a0723800


---------------  P R O C E S S  ---------------

Threads class SMR info:
_java_thread_list=0x00000272c00a23c0, length=12, elements={
0x00000272a0723800, 0x00000272bd9a7000, 0x00000272bd9b3000, 0x00000272bd9c7000,
0x00000272bd9c9800, 0x00000272bd9cc000, 0x00000272bd9cf800, 0x00000272bd9d3800,
0x00000272be44d000, 0x00000272c0110800, 0x00000272c0121000, 0x00000272c0122000
}

Java Threads: ( => current thread )
  0x00000272a0723800 JavaThread "main" [_thread_blocked, id=5224, stack(0x000000e937600000,0x000000e937700000)]
  0x00000272bd9a7000 JavaThread "Reference Handler" daemon [_thread_blocked, id=6016, stack(0x000000e937e00000,0x000000e937f00000)]
  0x00000272bd9b3000 JavaThread "Finalizer" daemon [_thread_blocked, id=9220, stack(0x000000e937f00000,0x000000e938000000)]
  0x00000272bd9c7000 JavaThread "Signal Dispatcher" daemon [_thread_blocked, id=10080, stack(0x000000e938000000,0x000000e938100000)]
  0x00000272bd9c9800 JavaThread "Attach Listener" daemon [_thread_blocked, id=7196, stack(0x000000e938100000,0x000000e938200000)]
  0x00000272bd9cc000 JavaThread "Service Thread" daemon [_thread_blocked, id=8488, stack(0x000000e938200000,0x000000e938300000)]
  0x00000272bd9cf800 JavaThread "C1 CompilerThread0" daemon [_thread_blocked, id=9856, stack(0x000000e938300000,0x000000e938400000)]
  0x00000272bd9d3800 JavaThread "Sweeper thread" daemon [_thread_blocked, id=6700, stack(0x000000e938400000,0x000000e938500000)]
  0x00000272be44d000 JavaThread "Common-Cleaner" daemon [_thread_blocked, id=11504, stack(0x000000e938600000,0x000000e938700000)]
  0x00000272c0110800 JavaThread "Catalina-utility-1" [_thread_blocked, id=2760, stack(0x000000e938800000,0x000000e938900000)]
  0x00000272c0121000 JavaThread "Catalina-utility-2" [_thread_blocked, id=10216, stack(0x000000e938900000,0x000000e938a00000)]
  0x00000272c0122000 JavaThread "container-0" [_thread_blocked, id=8404, stack(0x000000e938a00000,0x000000e938b00000)]

Other Threads:
=>0x00000272bd9a4000 VMThread "VM Thread" [stack: 0x000000e937d00000,0x000000e937e00000] [id=1852]
  0x00000272be447800 WatcherThread [stack: 0x000000e938500000,0x000000e938600000] [id=12100]
  0x00000272a0738800 GCTaskThread "GC Thread#0" [stack: 0x000000e937800000,0x000000e937900000] [id=9232]
  0x00000272be6fe000 GCTaskThread "GC Thread#1" [stack: 0x000000e938700000,0x000000e938800000] [id=7940]
  0x00000272a0769000 ConcurrentGCThread "G1 Main Marker" [stack: 0x000000e937900000,0x000000e937a00000] [id=11112]
  0x00000272a076a000 ConcurrentGCThread "G1 Conc#0" [stack: 0x000000e937a00000,0x000000e937b00000] [id=10704]
  0x00000272a07f2800 ConcurrentGCThread "G1 Refine#0" [stack: 0x000000e937b00000,0x000000e937c00000] [id=5640]
  0x00000272a07f3800 ConcurrentGCThread "G1 Young RemSet Sampling" [stack: 0x000000e937c00000,0x000000e937d00000] [id=7016]

Threads with active compile tasks:

VM state:at safepoint (normal execution)

VM Mutex/Monitor currently owned by a thread:  ([mutex/lock_event])
[0x00000272a071f2b0] Threads_lock - owner thread: 0x00000272bd9a4000
[0x00000272a071f730] Heap_lock - owner thread: 0x00000272a0723800

Heap address: 0x0000000080000000, size: 2048 MB, Compressed Oops mode: 32-bit
Narrow klass base: 0x0000000000000000, Narrow klass shift: 3
Compressed class space size: 1073741824 Address: 0x0000000100000000

Heap:
 garbage-first heap   total 231424K, used 19819K [0x0000000080000000, 0x0000000100000000)
  region size 1024K, 11 young (11264K), 11 survivors (11264K)
 Metaspace       used 34551K, capacity 35772K, committed 35888K, reserved 1081344K
  class space    used 4388K, capacity 4891K, committed 4992K, reserved 1048576K
Heap Regions: E=young(eden), S=young(survivor), O=old, HS=humongous(starts), HC=humongous(continues), CS=collection set, F=free, A=archive, TAMS=top-at-mark-start (previous, next)
|   0|0x0000000080000000, 0x0000000080100000, 0x0000000080100000|100%| O|  |TAMS 0x0000000080100000, 0x0000000080100000| Untracked 
|   1|0x0000000080100000, 0x0000000080200000, 0x0000000080200000|100%| O|  |TAMS 0x0000000080200000, 0x0000000080200000| Untracked 
|   2|0x0000000080200000, 0x0000000080300000, 0x0000000080300000|100%| O|  |TAMS 0x0000000080300000, 0x0000000080300000| Untracked 
|   3|0x0000000080300000, 0x0000000080400000, 0x0000000080400000|100%| O|  |TAMS 0x0000000080400000, 0x0000000080400000| Untracked 
|   4|0x0000000080400000, 0x0000000080500000, 0x0000000080500000|100%| O|  |TAMS 0x0000000080500000, 0x0000000080500000| Untracked 
|   5|0x0000000080500000, 0x0000000080600000, 0x0000000080600000|100%| O|  |TAMS 0x00000000805a8600, 0x0000000080600000| Untracked 
|   6|0x0000000080600000, 0x0000000080700000, 0x0000000080700000|100%| O|  |TAMS 0x0000000080600000, 0x0000000080700000| Untracked 
|   7|0x0000000080700000, 0x0000000080700000, 0x0000000080800000|  0%| F|  |TAMS 0x0000000080700000, 0x0000000080700000| Untracked 
|   8|0x0000000080800000, 0x0000000080800000, 0x0000000080900000|  0%| F|  |TAMS 0x0000000080800000, 0x0000000080800000| Untracked 
|   9|0x0000000080900000, 0x0000000080900000, 0x0000000080a00000|  0%| F|  |TAMS 0x0000000080900000, 0x0000000080900000| Untracked 
|  10|0x0000000080a00000, 0x0000000080a00000, 0x0000000080b00000|  0%| F|  |TAMS 0x0000000080a00000, 0x0000000080a00000| Untracked 
|  11|0x0000000080b00000, 0x0000000080b00000, 0x0000000080c00000|  0%| F|  |TAMS 0x0000000080b00000, 0x0000000080b00000| Untracked 
|  12|0x0000000080c00000, 0x0000000080d00000, 0x0000000080d00000|100%| O|  |TAMS 0x0000000080c00000, 0x0000000080d00000| Untracked 
|  13|0x0000000080d00000, 0x0000000080d5ae00, 0x0000000080e00000| 35%| O|  |TAMS 0x0000000080d00000, 0x0000000080d5ae00| Untracked 
|  14|0x0000000080e00000, 0x0000000080e00000, 0x0000000080f00000|  0%| F|  |TAMS 0x0000000080e00000, 0x0000000080e00000| Untracked 
|  15|0x0000000080f00000, 0x0000000080f00000, 0x0000000081000000|  0%| F|  |TAMS 0x0000000080f00000, 0x0000000080f00000| Untracked 
|  16|0x0000000081000000, 0x0000000081000000, 0x0000000081100000|  0%| F|  |TAMS 0x0000000081000000, 0x0000000081000000| Untracked 
|  17|0x0000000081100000, 0x0000000081100000, 0x0000000081200000|  0%| F|  |TAMS 0x0000000081100000, 0x0000000081100000| Untracked 
|  18|0x0000000081200000, 0x0000000081200000, 0x0000000081300000|  0%| F|  |TAMS 0x0000000081200000, 0x0000000081200000| Untracked 
|  19|0x0000000081300000, 0x0000000081300000, 0x0000000081400000|  0%| F|  |TAMS 0x0000000081300000, 0x0000000081300000| Untracked 
|  20|0x0000000081400000, 0x0000000081400000, 0x0000000081500000|  0%| F|  |TAMS 0x0000000081400000, 0x0000000081400000| Untracked 
|  21|0x0000000081500000, 0x0000000081500000, 0x0000000081600000|  0%| F|  |TAMS 0x0000000081500000, 0x0000000081500000| Untracked 
|  22|0x0000000081600000, 0x0000000081600000, 0x0000000081700000|  0%| F|  |TAMS 0x0000000081600000, 0x0000000081600000| Untracked 
|  23|0x0000000081700000, 0x0000000081700000, 0x0000000081800000|  0%| F|  |TAMS 0x0000000081700000, 0x0000000081700000| Untracked 
|  24|0x0000000081800000, 0x0000000081800000, 0x0000000081900000|  0%| F|  |TAMS 0x0000000081800000, 0x0000000081800000| Untracked 
|  25|0x0000000081900000, 0x0000000081900000, 0x0000000081a00000|  0%| F|  |TAMS 0x0000000081900000, 0x0000000081900000| Untracked 
|  26|0x0000000081a00000, 0x0000000081a00000, 0x0000000081b00000|  0%| F|  |TAMS 0x0000000081a00000, 0x0000000081a00000| Untracked 
|  27|0x0000000081b00000, 0x0000000081b00000, 0x0000000081c00000|  0%| F|  |TAMS 0x0000000081b00000, 0x0000000081b00000| Untracked 
|  28|0x0000000081c00000, 0x0000000081c00000, 0x0000000081d00000|  0%| F|  |TAMS 0x0000000081c00000, 0x0000000081c00000| Untracked 
|  29|0x0000000081d00000, 0x0000000081d00000, 0x0000000081e00000|  0%| F|  |TAMS 0x0000000081d00000, 0x0000000081d00000| Untracked 
|  30|0x0000000081e00000, 0x0000000081e00000, 0x0000000081f00000|  0%| F|  |TAMS 0x0000000081e00000, 0x0000000081e00000| Untracked 
|  31|0x0000000081f00000, 0x0000000081f00000, 0x0000000082000000|  0%| F|  |TAMS 0x0000000081f00000, 0x0000000081f00000| Untracked 
|  32|0x0000000082000000, 0x0000000082000000, 0x0000000082100000|  0%| F|  |TAMS 0x0000000082000000, 0x0000000082000000| Untracked 
|  33|0x0000000082100000, 0x0000000082100000, 0x0000000082200000|  0%| F|  |TAMS 0x0000000082100000, 0x0000000082100000| Untracked 
|  34|0x0000000082200000, 0x0000000082200000, 0x0000000082300000|  0%| F|  |TAMS 0x0000000082200000, 0x0000000082200000| Untracked 
|  35|0x0000000082300000, 0x0000000082300000, 0x0000000082400000|  0%| F|  |TAMS 0x0000000082300000, 0x0000000082300000| Untracked 
|  36|0x0000000082400000, 0x0000000082400000, 0x0000000082500000|  0%| F|  |TAMS 0x0000000082400000, 0x0000000082400000| Untracked 
|  37|0x0000000082500000, 0x0000000082500000, 0x0000000082600000|  0%| F|  |TAMS 0x0000000082500000, 0x0000000082500000| Untracked 
|  38|0x0000000082600000, 0x0000000082600000, 0x0000000082700000|  0%| F|  |TAMS 0x0000000082600000, 0x0000000082600000| Untracked 
|  39|0x0000000082700000, 0x0000000082700000, 0x0000000082800000|  0%| F|  |TAMS 0x0000000082700000, 0x0000000082700000| Untracked 
|  40|0x0000000082800000, 0x0000000082800000, 0x0000000082900000|  0%| F|  |TAMS 0x0000000082800000, 0x0000000082800000| Untracked 
|  41|0x0000000082900000, 0x0000000082900000, 0x0000000082a00000|  0%| F|  |TAMS 0x0000000082900000, 0x0000000082900000| Untracked 
|  42|0x0000000082a00000, 0x0000000082a00000, 0x0000000082b00000|  0%| F|  |TAMS 0x0000000082a00000, 0x0000000082a00000| Untracked 
|  43|0x0000000082b00000, 0x0000000082b00000, 0x0000000082c00000|  0%| F|  |TAMS 0x0000000082b00000, 0x0000000082b00000| Untracked 
|  44|0x0000000082c00000, 0x0000000082c00000, 0x0000000082d00000|  0%| F|  |TAMS 0x0000000082c00000, 0x0000000082c00000| Untracked 
|  45|0x0000000082d00000, 0x0000000082d00000, 0x0000000082e00000|  0%| F|  |TAMS 0x0000000082d00000, 0x0000000082d00000| Untracked 
|  46|0x0000000082e00000, 0x0000000082e00000, 0x0000000082f00000|  0%| F|  |TAMS 0x0000000082e00000, 0x0000000082e00000| Untracked 
|  47|0x0000000082f00000, 0x0000000082f00000, 0x0000000083000000|  0%| F|  |TAMS 0x0000000082f00000, 0x0000000082f00000| Untracked 
|  48|0x0000000083000000, 0x0000000083000000, 0x0000000083100000|  0%| F|  |TAMS 0x0000000083000000, 0x0000000083000000| Untracked 
|  49|0x0000000083100000, 0x0000000083100000, 0x0000000083200000|  0%| F|  |TAMS 0x0000000083100000, 0x0000000083100000| Untracked 
|  50|0x0000000083200000, 0x0000000083200000, 0x0000000083300000|  0%| F|  |TAMS 0x0000000083200000, 0x0000000083200000| Untracked 
|  51|0x0000000083300000, 0x0000000083300000, 0x0000000083400000|  0%| F|  |TAMS 0x0000000083300000, 0x0000000083300000| Untracked 
|  52|0x0000000083400000, 0x0000000083400000, 0x0000000083500000|  0%| F|  |TAMS 0x0000000083400000, 0x0000000083400000| Untracked 
|  53|0x0000000083500000, 0x0000000083500000, 0x0000000083600000|  0%| F|  |TAMS 0x0000000083500000, 0x0000000083500000| Untracked 
|  54|0x0000000083600000, 0x0000000083600000, 0x0000000083700000|  0%| F|  |TAMS 0x0000000083600000, 0x0000000083600000| Untracked 
|  55|0x0000000083700000, 0x0000000083700000, 0x0000000083800000|  0%| F|  |TAMS 0x0000000083700000, 0x0000000083700000| Untracked 
|  56|0x0000000083800000, 0x0000000083800000, 0x0000000083900000|  0%| F|  |TAMS 0x0000000083800000, 0x0000000083800000| Untracked 
|  57|0x0000000083900000, 0x0000000083a00000, 0x0000000083a00000|100%| S|CS|TAMS 0x0000000083900000, 0x0000000083900000| Complete 
|  58|0x0000000083a00000, 0x0000000083b00000, 0x0000000083b00000|100%| S|CS|TAMS 0x0000000083a00000, 0x0000000083a00000| Complete 
|  59|0x0000000083b00000, 0x0000000083c00000, 0x0000000083c00000|100%| S|CS|TAMS 0x0000000083b00000, 0x0000000083b00000| Complete 
|  60|0x0000000083c00000, 0x0000000083d00000, 0x0000000083d00000|100%| S|CS|TAMS 0x0000000083c00000, 0x0000000083c00000| Complete 
|  61|0x0000000083d00000, 0x0000000083e00000, 0x0000000083e00000|100%| S|CS|TAMS 0x0000000083d00000, 0x0000000083d00000| Complete 
|  62|0x0000000083e00000, 0x0000000083f00000, 0x0000000083f00000|100%| S|CS|TAMS 0x0000000083e00000, 0x0000000083e00000| Complete 
|  63|0x0000000083f00000, 0x0000000084000000, 0x0000000084000000|100%| S|CS|TAMS 0x0000000083f00000, 0x0000000083f00000| Complete 
|  64|0x0000000084000000, 0x0000000084100000, 0x0000000084100000|100%| S|CS|TAMS 0x0000000084000000, 0x0000000084000000| Complete 
|  65|0x0000000084100000, 0x0000000084200000, 0x0000000084200000|100%| S|CS|TAMS 0x0000000084100000, 0x0000000084100000| Complete 
|  66|0x0000000084200000, 0x0000000084300000, 0x0000000084300000|100%| S|CS|TAMS 0x0000000084200000, 0x0000000084200000| Complete 
|  67|0x0000000084300000, 0x0000000084400000, 0x0000000084400000|100%| S|CS|TAMS 0x0000000084300000, 0x0000000084300000| Complete 
|  68|0x0000000084400000, 0x0000000084400000, 0x0000000084500000|  0%| F|  |TAMS 0x0000000084400000, 0x0000000084400000| Untracked 
|  69|0x0000000084500000, 0x0000000084500000, 0x0000000084600000|  0%| F|  |TAMS 0x0000000084500000, 0x0000000084500000| Untracked 
|  70|0x0000000084600000, 0x0000000084600000, 0x0000000084700000|  0%| F|  |TAMS 0x0000000084600000, 0x0000000084600000| Untracked 
|  71|0x0000000084700000, 0x0000000084700000, 0x0000000084800000|  0%| F|  |TAMS 0x0000000084700000, 0x0000000084700000| Untracked 
|  72|0x0000000084800000, 0x0000000084800000, 0x0000000084900000|  0%| F|  |TAMS 0x0000000084800000, 0x0000000084800000| Untracked 
|  73|0x0000000084900000, 0x0000000084900000, 0x0000000084a00000|  0%| F|  |TAMS 0x0000000084900000, 0x0000000084900000| Untracked 
|  74|0x0000000084a00000, 0x0000000084a00000, 0x0000000084b00000|  0%| F|  |TAMS 0x0000000084a00000, 0x0000000084a00000| Untracked 
|  75|0x0000000084b00000, 0x0000000084b00000, 0x0000000084c00000|  0%| F|  |TAMS 0x0000000084b00000, 0x0000000084b00000| Untracked 
|  76|0x0000000084c00000, 0x0000000084c00000, 0x0000000084d00000|  0%| F|  |TAMS 0x0000000084c00000, 0x0000000084c00000| Untracked 
|  77|0x0000000084d00000, 0x0000000084d00000, 0x0000000084e00000|  0%| F|  |TAMS 0x0000000084d00000, 0x0000000084d00000| Untracked 
|  78|0x0000000084e00000, 0x0000000084e00000, 0x0000000084f00000|  0%| F|  |TAMS 0x0000000084e00000, 0x0000000084e00000| Untracked 
|  79|0x0000000084f00000, 0x0000000084f00000, 0x0000000085000000|  0%| F|  |TAMS 0x0000000084f00000, 0x0000000084f00000| Untracked 
|  80|0x0000000085000000, 0x0000000085000000, 0x0000000085100000|  0%| F|  |TAMS 0x0000000085000000, 0x0000000085000000| Untracked 
|  81|0x0000000085100000, 0x0000000085100000, 0x0000000085200000|  0%| F|  |TAMS 0x0000000085100000, 0x0000000085100000| Untracked 
|  82|0x0000000085200000, 0x0000000085200000, 0x0000000085300000|  0%| F|  |TAMS 0x0000000085200000, 0x0000000085200000| Untracked 
|  83|0x0000000085300000, 0x0000000085300000, 0x0000000085400000|  0%| F|  |TAMS 0x0000000085300000, 0x0000000085300000| Untracked 
|  84|0x0000000085400000, 0x0000000085400000, 0x0000000085500000|  0%| F|  |TAMS 0x0000000085400000, 0x0000000085400000| Untracked 
|  85|0x0000000085500000, 0x0000000085500000, 0x0000000085600000|  0%| F|  |TAMS 0x0000000085500000, 0x0000000085500000| Untracked 
|  86|0x0000000085600000, 0x0000000085600000, 0x0000000085700000|  0%| F|  |TAMS 0x0000000085600000, 0x0000000085600000| Untracked 
|  87|0x0000000085700000, 0x0000000085700000, 0x0000000085800000|  0%| F|  |TAMS 0x0000000085700000, 0x0000000085700000| Untracked 
|  88|0x0000000085800000, 0x0000000085800000, 0x0000000085900000|  0%| F|  |TAMS 0x0000000085800000, 0x0000000085800000| Untracked 
|  89|0x0000000085900000, 0x0000000085900000, 0x0000000085a00000|  0%| F|  |TAMS 0x0000000085900000, 0x0000000085900000| Untracked 
|  90|0x0000000085a00000, 0x0000000085a00000, 0x0000000085b00000|  0%| F|  |TAMS 0x0000000085a00000, 0x0000000085a00000| Untracked 
|  91|0x0000000085b00000, 0x0000000085b00000, 0x0000000085c00000|  0%| F|  |TAMS 0x0000000085b00000, 0x0000000085b00000| Untracked 
|  92|0x0000000085c00000, 0x0000000085c00000, 0x0000000085d00000|  0%| F|  |TAMS 0x0000000085c00000, 0x0000000085c00000| Untracked 
|  93|0x0000000085d00000, 0x0000000085d00000, 0x0000000085e00000|  0%| F|  |TAMS 0x0000000085d00000, 0x0000000085d00000| Untracked 
|  94|0x0000000085e00000, 0x0000000085e00000, 0x0000000085f00000|  0%| F|  |TAMS 0x0000000085e00000, 0x0000000085e00000| Untracked 
|  95|0x0000000085f00000, 0x0000000085f00000, 0x0000000086000000|  0%| F|  |TAMS 0x0000000085f00000, 0x0000000085f00000| Untracked 
|  96|0x0000000086000000, 0x0000000086000000, 0x0000000086100000|  0%| F|  |TAMS 0x0000000086000000, 0x0000000086000000| Untracked 
|  97|0x0000000086100000, 0x0000000086100000, 0x0000000086200000|  0%| F|  |TAMS 0x0000000086100000, 0x0000000086100000| Untracked 
|  98|0x0000000086200000, 0x0000000086200000, 0x0000000086300000|  0%| F|  |TAMS 0x0000000086200000, 0x0000000086200000| Untracked 
|  99|0x0000000086300000, 0x0000000086300000, 0x0000000086400000|  0%| F|  |TAMS 0x0000000086300000, 0x0000000086300000| Untracked 
| 100|0x0000000086400000, 0x0000000086400000, 0x0000000086500000|  0%| F|  |TAMS 0x0000000086400000, 0x0000000086400000| Untracked 
| 101|0x0000000086500000, 0x0000000086500000, 0x0000000086600000|  0%| F|  |TAMS 0x0000000086500000, 0x0000000086500000| Untracked 
| 102|0x0000000086600000, 0x0000000086600000, 0x0000000086700000|  0%| F|  |TAMS 0x0000000086600000, 0x0000000086600000| Untracked 
| 103|0x0000000086700000, 0x0000000086700000, 0x0000000086800000|  0%| F|  |TAMS 0x0000000086700000, 0x0000000086700000| Untracked 
| 104|0x0000000086800000, 0x0000000086800000, 0x0000000086900000|  0%| F|  |TAMS 0x0000000086800000, 0x0000000086800000| Untracked 
| 105|0x0000000086900000, 0x0000000086900000, 0x0000000086a00000|  0%| F|  |TAMS 0x0000000086900000, 0x0000000086900000| Untracked 
| 106|0x0000000086a00000, 0x0000000086a00000, 0x0000000086b00000|  0%| F|  |TAMS 0x0000000086a00000, 0x0000000086a00000| Untracked 
| 107|0x0000000086b00000, 0x0000000086b00000, 0x0000000086c00000|  0%| F|  |TAMS 0x0000000086b00000, 0x0000000086b00000| Untracked 
| 108|0x0000000086c00000, 0x0000000086c00000, 0x0000000086d00000|  0%| F|  |TAMS 0x0000000086c00000, 0x0000000086c00000| Untracked 
| 109|0x0000000086d00000, 0x0000000086d00000, 0x0000000086e00000|  0%| F|  |TAMS 0x0000000086d00000, 0x0000000086d00000| Untracked 
| 110|0x0000000086e00000, 0x0000000086e00000, 0x0000000086f00000|  0%| F|  |TAMS 0x0000000086e00000, 0x0000000086e00000| Untracked 
| 111|0x0000000086f00000, 0x0000000086f00000, 0x0000000087000000|  0%| F|  |TAMS 0x0000000086f00000, 0x0000000086f00000| Untracked 
| 112|0x0000000087000000, 0x0000000087000000, 0x0000000087100000|  0%| F|  |TAMS 0x0000000087000000, 0x0000000087000000| Untracked 
| 113|0x0000000087100000, 0x0000000087100000, 0x0000000087200000|  0%| F|  |TAMS 0x0000000087100000, 0x0000000087100000| Untracked 
| 114|0x0000000087200000, 0x0000000087200000, 0x0000000087300000|  0%| F|  |TAMS 0x0000000087200000, 0x0000000087200000| Untracked 
| 115|0x0000000087300000, 0x0000000087300000, 0x0000000087400000|  0%| F|  |TAMS 0x0000000087300000, 0x0000000087300000| Untracked 
| 116|0x0000000087400000, 0x0000000087400000, 0x0000000087500000|  0%| F|  |TAMS 0x0000000087400000, 0x0000000087400000| Untracked 
| 117|0x0000000087500000, 0x0000000087500000, 0x0000000087600000|  0%| F|  |TAMS 0x0000000087500000, 0x0000000087500000| Untracked 
| 118|0x0000000087600000, 0x0000000087600000, 0x0000000087700000|  0%| F|  |TAMS 0x0000000087600000, 0x0000000087600000| Untracked 
| 119|0x0000000087700000, 0x0000000087700000, 0x0000000087800000|  0%| F|  |TAMS 0x0000000087700000, 0x0000000087700000| Untracked 
| 120|0x0000000087800000, 0x0000000087800000, 0x0000000087900000|  0%| F|  |TAMS 0x0000000087800000, 0x0000000087800000| Untracked 
| 121|0x0000000087900000, 0x0000000087900000, 0x0000000087a00000|  0%| F|  |TAMS 0x0000000087900000, 0x0000000087900000| Untracked 
| 122|0x0000000087a00000, 0x0000000087a00000, 0x0000000087b00000|  0%| F|  |TAMS 0x0000000087a00000, 0x0000000087a00000| Untracked 
| 123|0x0000000087b00000, 0x0000000087b00000, 0x0000000087c00000|  0%| F|  |TAMS 0x0000000087b00000, 0x0000000087b00000| Untracked 
| 124|0x0000000087c00000, 0x0000000087c00000, 0x0000000087d00000|  0%| F|  |TAMS 0x0000000087c00000, 0x0000000087c00000| Untracked 
| 125|0x0000000087d00000, 0x0000000087d00000, 0x0000000087e00000|  0%| F|  |TAMS 0x0000000087d00000, 0x0000000087d00000| Untracked 
| 126|0x0000000087e00000, 0x0000000087e00000, 0x0000000087f00000|  0%| F|  |TAMS 0x0000000087e00000, 0x0000000087e00000| Untracked 
| 127|0x0000000087f00000, 0x0000000087f00000, 0x0000000088000000|  0%| F|  |TAMS 0x0000000087f00000, 0x0000000087f00000| Untracked 
| 128|0x0000000088000000, 0x0000000088000000, 0x0000000088100000|  0%| F|  |TAMS 0x0000000088000000, 0x0000000088000000| Untracked 
| 129|0x0000000088100000, 0x0000000088100000, 0x0000000088200000|  0%| F|  |TAMS 0x0000000088100000, 0x0000000088100000| Untracked 
| 130|0x0000000088200000, 0x0000000088200000, 0x0000000088300000|  0%| F|  |TAMS 0x0000000088200000, 0x0000000088200000| Untracked 
| 131|0x0000000088300000, 0x0000000088300000, 0x0000000088400000|  0%| F|  |TAMS 0x0000000088300000, 0x0000000088300000| Untracked 
| 132|0x0000000088400000, 0x0000000088400000, 0x0000000088500000|  0%| F|  |TAMS 0x0000000088400000, 0x0000000088400000| Untracked 
| 133|0x0000000088500000, 0x0000000088500000, 0x0000000088600000|  0%| F|  |TAMS 0x0000000088500000, 0x0000000088500000| Untracked 
| 134|0x0000000088600000, 0x0000000088600000, 0x0000000088700000|  0%| F|  |TAMS 0x0000000088600000, 0x0000000088600000| Untracked 
| 135|0x0000000088700000, 0x0000000088700000, 0x0000000088800000|  0%| F|  |TAMS 0x0000000088700000, 0x0000000088700000| Untracked 
| 136|0x0000000088800000, 0x0000000088800000, 0x0000000088900000|  0%| F|  |TAMS 0x0000000088800000, 0x0000000088800000| Untracked 
| 137|0x0000000088900000, 0x0000000088900000, 0x0000000088a00000|  0%| F|  |TAMS 0x0000000088900000, 0x0000000088900000| Untracked 
| 138|0x0000000088a00000, 0x0000000088a00000, 0x0000000088b00000|  0%| F|  |TAMS 0x0000000088a00000, 0x0000000088a00000| Untracked 
| 139|0x0000000088b00000, 0x0000000088b00000, 0x0000000088c00000|  0%| F|  |TAMS 0x0000000088b00000, 0x0000000088b00000| Untracked 
| 140|0x0000000088c00000, 0x0000000088c00000, 0x0000000088d00000|  0%| F|  |TAMS 0x0000000088c00000, 0x0000000088c00000| Untracked 
| 141|0x0000000088d00000, 0x0000000088d00000, 0x0000000088e00000|  0%| F|  |TAMS 0x0000000088d00000, 0x0000000088d00000| Untracked 
| 142|0x0000000088e00000, 0x0000000088e00000, 0x0000000088f00000|  0%| F|  |TAMS 0x0000000088e00000, 0x0000000088e00000| Untracked 
| 143|0x0000000088f00000, 0x0000000088f00000, 0x0000000089000000|  0%| F|  |TAMS 0x0000000088f00000, 0x0000000088f00000| Untracked 
| 144|0x0000000089000000, 0x0000000089000000, 0x0000000089100000|  0%| F|  |TAMS 0x0000000089000000, 0x0000000089000000| Untracked 
| 145|0x0000000089100000, 0x0000000089100000, 0x0000000089200000|  0%| F|  |TAMS 0x0000000089100000, 0x0000000089100000| Untracked 
| 146|0x0000000089200000, 0x0000000089200000, 0x0000000089300000|  0%| F|  |TAMS 0x0000000089200000, 0x0000000089200000| Untracked 
| 147|0x0000000089300000, 0x0000000089300000, 0x0000000089400000|  0%| F|  |TAMS 0x0000000089300000, 0x0000000089300000| Untracked 
| 148|0x0000000089400000, 0x0000000089400000, 0x0000000089500000|  0%| F|  |TAMS 0x0000000089400000, 0x0000000089400000| Untracked 
| 149|0x0000000089500000, 0x0000000089500000, 0x0000000089600000|  0%| F|  |TAMS 0x0000000089500000, 0x0000000089500000| Untracked 
| 150|0x0000000089600000, 0x0000000089600000, 0x0000000089700000|  0%| F|  |TAMS 0x0000000089600000, 0x0000000089600000| Untracked 
| 151|0x0000000089700000, 0x0000000089700000, 0x0000000089800000|  0%| F|  |TAMS 0x0000000089700000, 0x0000000089700000| Untracked 
| 152|0x0000000089800000, 0x0000000089800000, 0x0000000089900000|  0%| F|  |TAMS 0x0000000089800000, 0x0000000089800000| Untracked 
| 153|0x0000000089900000, 0x0000000089900000, 0x0000000089a00000|  0%| F|  |TAMS 0x0000000089900000, 0x0000000089900000| Untracked 
| 154|0x0000000089a00000, 0x0000000089a00000, 0x0000000089b00000|  0%| F|  |TAMS 0x0000000089a00000, 0x0000000089a00000| Untracked 
| 155|0x0000000089b00000, 0x0000000089b00000, 0x0000000089c00000|  0%| F|  |TAMS 0x0000000089b00000, 0x0000000089b00000| Untracked 

Card table byte_map: [0x00000272b6dd0000,0x00000272b71d0000] _byte_map_base: 0x00000272b69d0000

Marking Bits (Prev, Next): (CMBitMap*) 0x00000272a075ffe0, (CMBitMap*) 0x00000272a075ffa8
 Prev Bits: [0x00000272b95d0000, 0x00000272bb5d0000)
 Next Bits: [0x00000272b75d0000, 0x00000272b95d0000)

Polling page: 0x000002729e510000

Metaspace:

Usage:
  Non-class:     30.16 MB capacity,    29.46 MB ( 98%) used,   580.97 KB (  2%) free+waste,   137.94 KB ( <1%) overhead. 
      Class:      4.78 MB capacity,     4.29 MB ( 90%) used,   430.32 KB (  9%) free+waste,    71.75 KB (  1%) overhead. 
       Both:     34.93 MB capacity,    33.74 MB ( 97%) used,  1011.29 KB (  3%) free+waste,   209.69 KB ( <1%) overhead. 

Virtual space:
  Non-class space:       32.00 MB reserved,      30.17 MB ( 94%) committed 
      Class space:        1.00 GB reserved,       4.88 MB ( <1%) committed 
             Both:        1.03 GB reserved,      35.05 MB (  3%) committed 

Chunk freelists:
   Non-Class:  1.88 KB
       Class:  640 bytes
        Both:  2.50 KB

CodeHeap 'non-profiled nmethods': size=239488Kb used=6136Kb max_used=6136Kb free=233351Kb
 bounds [0x00000272a83f0000, 0x00000272a89f0000, 0x00000272b6dd0000]
CodeHeap 'non-nmethods': size=6272Kb used=1162Kb max_used=1162Kb free=5109Kb
 bounds [0x00000272a7dd0000, 0x00000272a8040000, 0x00000272a83f0000]
 total_blobs=4380 nmethods=3897 adapters=409
 compilation: enabled
              stopped_count=0, restarted_count=0
 full_count=0

Compilation events (10 events):
Event: 4.697 Thread 0x00000272bd9cf800 3893       1       org.springframework.beans.factory.annotation.InjectionMetadata::needsRefresh (14 bytes)
Event: 4.697 Thread 0x00000272bd9cf800 nmethod 3893 0x00000272a89ec910 code [0x00000272a89ecaa0, 0x00000272a89ecb78]
Event: 4.697 Thread 0x00000272bd9cf800 3894       1       org.springframework.beans.factory.annotation.InitDestroyAnnotationBeanPostProcessor$1::hasDestroyMethods (2 bytes)
Event: 4.697 Thread 0x00000272bd9cf800 nmethod 3894 0x00000272a89ecc10 code [0x00000272a89ecda0, 0x00000272a89ece58]
Event: 4.703 Thread 0x00000272bd9cf800 3895       1       org.springframework.aop.framework.autoproxy.AbstractAutoProxyCreator::getCacheKey (42 bytes)
Event: 4.703 Thread 0x00000272bd9cf800 nmethod 3895 0x00000272a89ecf10 code [0x00000272a89ed100, 0x00000272a89ed4b8]
Event: 4.703 Thread 0x00000272bd9cf800 3896       1       org.springframework.aop.framework.autoproxy.AbstractAutoProxyCreator::isInfrastructureClass (96 bytes)
Event: 4.704 Thread 0x00000272bd9cf800 nmethod 3896 0x00000272a89ed690 code [0x00000272a89ed8e0, 0x00000272a89edda8]
Event: 4.704 Thread 0x00000272bd9cf800 3897       1       org.springframework.aop.framework.autoproxy.AbstractAutoProxyCreator::shouldSkip (6 bytes)
Event: 4.704 Thread 0x00000272bd9cf800 nmethod 3897 0x00000272a89ee010 code [0x00000272a89ee1a0, 0x00000272a89ee268]

GC Heap History (10 events):
Event: 1.008 GC heap after
{Heap after GC invocations=4 (full 0):
 garbage-first heap   total 131072K, used 7340K [0x0000000080000000, 0x0000000100000000)
  region size 1024K, 2 young (2048K), 2 survivors (2048K)
 Metaspace       used 13545K, capacity 13817K, committed 13952K, reserved 1060864K
  class space    used 1447K, capacity 1583K, committed 1664K, reserved 1048576K
}
Event: 1.559 GC heap before
{Heap before GC invocations=4 (full 0):
 garbage-first heap   total 131072K, used 29868K [0x0000000080000000, 0x0000000100000000)
  region size 1024K, 24 young (24576K), 2 survivors (2048K)
 Metaspace       used 18165K, capacity 18668K, committed 18688K, reserved 1064960K
  class space    used 2095K, capacity 2297K, committed 2304K, reserved 1048576K
}
Event: 1.568 GC heap after
{Heap after GC invocations=5 (full 0):
 garbage-first heap   total 159744K, used 8372K [0x0000000080000000, 0x0000000100000000)
  region size 1024K, 3 young (3072K), 3 survivors (3072K)
 Metaspace       used 18165K, capacity 18668K, committed 18688K, reserved 1064960K
  class space    used 2095K, capacity 2297K, committed 2304K, reserved 1048576K
}
Event: 1.743 GC heap before
{Heap before GC invocations=5 (full 0):
 garbage-first heap   total 159744K, used 22708K [0x0000000080000000, 0x0000000100000000)
  region size 1024K, 18 young (18432K), 3 survivors (3072K)
 Metaspace       used 20574K, capacity 21163K, committed 21296K, reserved 1069056K
  class space    used 2418K, capacity 2648K, committed 2688K, reserved 1048576K
}
Event: 1.753 GC heap after
{Heap after GC invocations=6 (full 0):
 garbage-first heap   total 159744K, used 8865K [0x0000000080000000, 0x0000000100000000)
  region size 1024K, 3 young (3072K), 3 survivors (3072K)
 Metaspace       used 20574K, capacity 21163K, committed 21296K, reserved 1069056K
  class space    used 2418K, capacity 2648K, committed 2688K, reserved 1048576K
}
Event: 2.403 GC heap before
{Heap before GC invocations=7 (full 0):
 garbage-first heap   total 159744K, used 55969K [0x0000000080000000, 0x0000000100000000)
  region size 1024K, 50 young (51200K), 3 survivors (3072K)
 Metaspace       used 23307K, capacity 24082K, committed 24240K, reserved 1071104K
  class space    used 2784K, capacity 3058K, committed 3072K, reserved 1048576K
}
Event: 2.417 GC heap after
{Heap after GC invocations=8 (full 0):
 garbage-first heap   total 159744K, used 11445K [0x0000000080000000, 0x0000000100000000)
  region size 1024K, 6 young (6144K), 6 survivors (6144K)
 Metaspace       used 23307K, capacity 24082K, committed 24240K, reserved 1071104K
  class space    used 2784K, capacity 3058K, committed 3072K, reserved 1048576K
}
Event: 3.520 GC heap before
{Heap before GC invocations=8 (full 0):
 garbage-first heap   total 159744K, used 74933K [0x0000000080000000, 0x0000000100000000)
  region size 1024K, 68 young (69632K), 6 survivors (6144K)
 Metaspace       used 28895K, capacity 29860K, committed 30128K, reserved 1075200K
  class space    used 3617K, capacity 3978K, committed 4096K, reserved 1048576K
}
Event: 3.543 GC heap after
{Heap after GC invocations=9 (full 0):
 garbage-first heap   total 159744K, used 14207K [0x0000000080000000, 0x0000000100000000)
  region size 1024K, 7 young (7168K), 7 survivors (7168K)
 Metaspace       used 28895K, capacity 29860K, committed 30128K, reserved 1075200K
  class space    used 3617K, capacity 3978K, committed 4096K, reserved 1048576K
}
Event: 4.710 GC heap before
{Heap before GC invocations=9 (full 0):
 garbage-first heap   total 159744K, used 100223K [0x0000000080000000, 0x0000000100000000)
  region size 1024K, 88 young (90112K), 7 survivors (7168K)
 Metaspace       used 34551K, capacity 35772K, committed 35888K, reserved 1081344K
  class space    used 4388K, capacity 4891K, committed 4992K, reserved 1048576K
}

Deoptimization events (0 events):
No events

Classes redefined (0 events):
No events

Internal exceptions (10 events):
Event: 4.683 Thread 0x00000272a0723800 Exception <a 'java/lang/ClassNotFoundException'{0x000000008466a710}: org/springframework/web/accept/ContentNegotiationStrategyCustomizer> (0x000000008466a710) thrown at [./open/src/hotspot/share/classfile/systemDictionary.cpp, line 226]
Event: 4.683 Thread 0x00000272a0723800 Exception <a 'java/lang/ClassNotFoundException'{0x000000008467fbe8}: org/springframework/web/accept/MediaTypeFileExtensionResolverCustomizer> (0x000000008467fbe8) thrown at [./open/src/hotspot/share/classfile/systemDictionary.cpp, line 226]
Event: 4.693 Thread 0x00000272a0723800 Exception <a 'java/lang/ClassNotFoundException'{0x0000000084502278}: java/lang/ObjectCustomizer> (0x0000000084502278) thrown at [./open/src/hotspot/share/classfile/systemDictionary.cpp, line 226]
Event: 4.694 Thread 0x00000272a0723800 Exception <a 'java/lang/ClassNotFoundException'{0x00000000845193d8}: org/springframework/data/mapping/context/PersistentEntitiesCustomizer> (0x00000000845193d8) thrown at [./open/src/hotspot/share/classfile/systemDictionary.cpp, line 226]
Event: 4.695 Thread 0x00000272a0723800 Exception <a 'java/lang/ClassNotFoundException'{0x0000000084544078}: org/springframework/data/util/StreamableCustomizer> (0x0000000084544078) thrown at [./open/src/hotspot/share/classfile/systemDictionary.cpp, line 226]
Event: 4.695 Thread 0x00000272a0723800 Exception <a 'java/lang/ClassNotFoundException'{0x000000008455e488}: java/lang/IterableCustomizer> (0x000000008455e488) thrown at [./open/src/hotspot/share/classfile/systemDictionary.cpp, line 226]
Event: 4.696 Thread 0x00000272a0723800 Exception <a 'java/lang/ClassNotFoundException'{0x0000000084562698}: java/util/function/SupplierCustomizer> (0x0000000084562698) thrown at [./open/src/hotspot/share/classfile/systemDictionary.cpp, line 226]
Event: 4.701 Thread 0x00000272a0723800 Exception <a 'java/lang/ClassNotFoundException'{0x00000000845a8310}: java/lang/ObjectCustomizer> (0x00000000845a8310) thrown at [./open/src/hotspot/share/classfile/systemDictionary.cpp, line 226]
Event: 4.701 Thread 0x00000272a0723800 Exception <a 'java/lang/ClassNotFoundException'{0x00000000845bf5e8}: org/springframework/data/repository/support/RepositoriesCustomizer> (0x00000000845bf5e8) thrown at [./open/src/hotspot/share/classfile/systemDictionary.cpp, line 226]
Event: 4.702 Thread 0x00000272a0723800 Exception <a 'java/lang/ClassNotFoundException'{0x00000000845daf90}: java/lang/IterableCustomizer> (0x00000000845daf90) thrown at [./open/src/hotspot/share/classfile/systemDictionary.cpp, line 226]

Events (10 events):
Event: 4.709 loading class org/springframework/data/rest/core/mapping/ExposureConfigurer$AggregateResourceHttpMethodsFilter done
Event: 4.710 loading class org/springframework/data/rest/core/mapping/ComposableFilter
Event: 4.710 loading class org/springframework/data/rest/core/mapping/ComposableFilter done
Event: 4.710 loading class org/springframework/data/rest/core/mapping/ResourceMetadata
Event: 4.710 loading class org/springframework/data/rest/core/mapping/ResourceMetadata done
Event: 4.710 loading class org/springframework/data/rest/core/mapping/ConfigurableHttpMethods
Event: 4.710 loading class org/springframework/data/rest/core/mapping/ConfigurableHttpMethods done
Event: 4.710 loading class org/springframework/data/rest/core/mapping/HttpMethods
Event: 4.710 loading class org/springframework/data/rest/core/mapping/HttpMethods done
Event: 4.710 Executing VM operation: CollectForMetadataAllocation


Dynamic libraries:
0x00007ff713740000 - 0x00007ff71374f000 	C:\Program Files\Java\jdk-11.0.16\bin\java.exe
0x00007ff8c9970000 - 0x00007ff8c9b68000 	C:\Windows\SYSTEM32\ntdll.dll
0x00007ff8c9870000 - 0x00007ff8c992d000 	C:\Windows\System32\KERNEL32.DLL
0x00007ff8c7630000 - 0x00007ff8c7902000 	C:\Windows\System32\KERNELBASE.dll
0x00007ff8c7480000 - 0x00007ff8c7580000 	C:\Windows\System32\ucrtbase.dll
0x00007ff8b27c0000 - 0x00007ff8b27d8000 	C:\Program Files\Java\jdk-11.0.16\bin\jli.dll
0x00007ff8c9630000 - 0x00007ff8c96de000 	C:\Windows\System32\ADVAPI32.dll
0x00007ff8c9230000 - 0x00007ff8c92ce000 	C:\Windows\System32\msvcrt.dll
0x00007ff8c8c70000 - 0x00007ff8c8d0c000 	C:\Windows\System32\sechost.dll
0x00007ff8c79d0000 - 0x00007ff8c7af5000 	C:\Windows\System32\RPCRT4.dll
0x00007ff8c8490000 - 0x00007ff8c862d000 	C:\Windows\System32\USER32.dll
0x00007ff8c79a0000 - 0x00007ff8c79c2000 	C:\Windows\System32\win32u.dll
0x00007ff8c8bd0000 - 0x00007ff8c8bfb000 	C:\Windows\System32\GDI32.dll
0x00007ff8c7370000 - 0x00007ff8c747f000 	C:\Windows\System32\gdi32full.dll
0x00007ff8c7280000 - 0x00007ff8c731d000 	C:\Windows\System32\msvcp_win.dll
0x00007ff8ace00000 - 0x00007ff8ace15000 	C:\Program Files\Java\jdk-11.0.16\bin\VCRUNTIME140.dll
0x00007ff8a6500000 - 0x00007ff8a679a000 	C:\Windows\WinSxS\amd64_microsoft.windows.common-controls_6595b64144ccf1df_6.0.19041.1110_none_60b5254171f9507e\COMCTL32.dll
0x00007ff8bf420000 - 0x00007ff8bf42a000 	C:\Windows\SYSTEM32\VERSION.dll
0x00007ff8c8320000 - 0x00007ff8c8350000 	C:\Windows\System32\IMM32.DLL
0x00007ff8acd60000 - 0x00007ff8acdfb000 	C:\Program Files\Java\jdk-11.0.16\bin\msvcp140.dll
0x00007ff8980a0000 - 0x00007ff898bb8000 	C:\Program Files\Java\jdk-11.0.16\bin\server\jvm.dll
0x00007ff8c9860000 - 0x00007ff8c9868000 	C:\Windows\System32\PSAPI.DLL
0x00007ff8b2900000 - 0x00007ff8b2909000 	C:\Windows\SYSTEM32\WSOCK32.dll
0x00007ff8c8c00000 - 0x00007ff8c8c6b000 	C:\Windows\System32\WS2_32.dll
0x00007ff8a95f0000 - 0x00007ff8a9617000 	C:\Windows\SYSTEM32\WINMM.dll
0x00007ff8c4f20000 - 0x00007ff8c4f32000 	C:\Windows\SYSTEM32\kernel.appcore.dll
0x00007ff8b27b0000 - 0x00007ff8b27c0000 	C:\Program Files\Java\jdk-11.0.16\bin\verify.dll
0x00007ff8b9050000 - 0x00007ff8b9234000 	C:\Windows\SYSTEM32\DBGHELP.DLL
0x00007ff8b93b0000 - 0x00007ff8b93dc000 	C:\Windows\SYSTEM32\dbgcore.DLL
0x00007ff8c7910000 - 0x00007ff8c7992000 	C:\Windows\System32\bcryptPrimitives.dll
0x00007ff8acd30000 - 0x00007ff8acd58000 	C:\Program Files\Java\jdk-11.0.16\bin\java.dll
0x00007ff8ad520000 - 0x00007ff8ad52a000 	C:\Program Files\Java\jdk-11.0.16\bin\jimage.dll
0x00007ff8acd10000 - 0x00007ff8acd26000 	C:\Program Files\Java\jdk-11.0.16\bin\zip.dll
0x00007ff8c7b00000 - 0x00007ff8c8243000 	C:\Windows\System32\SHELL32.dll
0x00007ff8c5120000 - 0x00007ff8c58b1000 	C:\Windows\SYSTEM32\windows.storage.dll
0x00007ff8c92d0000 - 0x00007ff8c9624000 	C:\Windows\System32\combase.dll
0x00007ff8c6920000 - 0x00007ff8c6950000 	C:\Windows\SYSTEM32\Wldp.dll
0x00007ff8c8e00000 - 0x00007ff8c8ead000 	C:\Windows\System32\SHCORE.dll
0x00007ff8c8430000 - 0x00007ff8c8485000 	C:\Windows\System32\shlwapi.dll
0x00007ff8c6fc0000 - 0x00007ff8c6fdf000 	C:\Windows\SYSTEM32\profapi.dll
0x00007ff8accf0000 - 0x00007ff8acd09000 	C:\Program Files\Java\jdk-11.0.16\bin\net.dll
0x00007ff8becd0000 - 0x00007ff8beddd000 	C:\Windows\SYSTEM32\WINHTTP.dll
0x00007ff8c6700000 - 0x00007ff8c676a000 	C:\Windows\system32\mswsock.dll
0x00007ff8accd0000 - 0x00007ff8acce2000 	C:\Program Files\Java\jdk-11.0.16\bin\nio.dll
0x00007ff8c6410000 - 0x00007ff8c644b000 	C:\Windows\SYSTEM32\IPHLPAPI.DLL
0x00007ff8c9220000 - 0x00007ff8c9228000 	C:\Windows\System32\NSI.dll
0x00007ff8bfac0000 - 0x00007ff8bfad7000 	C:\Windows\SYSTEM32\dhcpcsvc6.DLL
0x00007ff8bfaa0000 - 0x00007ff8bfabd000 	C:\Windows\SYSTEM32\dhcpcsvc.DLL
0x00007ff8c6450000 - 0x00007ff8c651a000 	C:\Windows\SYSTEM32\DNSAPI.dll
0x00007ff8be2a0000 - 0x00007ff8be2aa000 	C:\Windows\System32\rasadhlp.dll
0x00007ff8be710000 - 0x00007ff8be790000 	C:\Windows\System32\fwpuclnt.dll
0x00007ff8c7080000 - 0x00007ff8c70a7000 	C:\Windows\System32\bcrypt.dll
0x00007ff8ad0d0000 - 0x00007ff8ad0d9000 	C:\Program Files\Java\jdk-11.0.16\bin\management.dll
0x00007ff8acf90000 - 0x00007ff8acf9b000 	C:\Program Files\Java\jdk-11.0.16\bin\management_ext.dll
0x00007ff8ad500000 - 0x00007ff8ad517000 	C:\Windows\system32\napinsp.dll
0x00007ff8ad4e0000 - 0x00007ff8ad4fb000 	C:\Windows\system32\pnrpnsp.dll
0x00007ff8ad4c0000 - 0x00007ff8ad4d5000 	C:\Windows\system32\wshbth.dll
0x00007ff8c2880000 - 0x00007ff8c289d000 	C:\Windows\system32\NLAapi.dll
0x00007ff8ad4a0000 - 0x00007ff8ad4b2000 	C:\Windows\System32\winrnr.dll
0x00007ff8c6960000 - 0x00007ff8c6978000 	C:\Windows\SYSTEM32\CRYPTSP.dll
0x00007ff8c6040000 - 0x00007ff8c6074000 	C:\Windows\system32\rsaenh.dll
0x00007ff8c6f80000 - 0x00007ff8c6fae000 	C:\Windows\SYSTEM32\USERENV.dll
0x00007ff8c6890000 - 0x00007ff8c689c000 	C:\Windows\SYSTEM32\CRYPTBASE.dll
0x00007ff8aca80000 - 0x00007ff8acaa5000 	C:\Program Files\Java\jdk-11.0.16\bin\sunec.dll
0x00007ff8acef0000 - 0x00007ff8acefd000 	C:\Program Files\Java\jdk-11.0.16\bin\sunmscapi.dll
0x00007ff8c7120000 - 0x00007ff8c7276000 	C:\Windows\System32\CRYPT32.dll
0x00007ff8c6a70000 - 0x00007ff8c6a97000 	C:\Windows\SYSTEM32\ncrypt.dll
0x00007ff8c6a30000 - 0x00007ff8c6a6b000 	C:\Windows\SYSTEM32\NTASN1.dll

dbghelp: loaded successfully - version: 4.0.5 - missing functions: none
symbol engine: initialized successfully - sym options: 0x614 - pdb path: .;C:\Program Files\Java\jdk-11.0.16\bin;C:\Windows\SYSTEM32;C:\Windows\WinSxS\amd64_microsoft.windows.common-controls_6595b64144ccf1df_6.0.19041.1110_none_60b5254171f9507e;C:\Program Files\Java\jdk-11.0.16\bin\server

VM Arguments:
jvm_args: -Xverify:none -XX:TieredStopAtLevel=1 
java_command: com.eureka.app.student.StudentServiceApplication
java_class_path (initial): C:\Users\sfjbs\oct31training\SanikaDalvi\Day8\eureka-app\student-service2\target\classes;C:\Users\sfjbs\.m2\repository\org\springframework\boot\spring-boot\2.7.0\spring-boot-2.7.0.jar;C:\Users\sfjbs\.m2\repository\org\springframework\boot\spring-boot-autoconfigure\2.7.0\spring-boot-autoconfigure-2.7.0.jar;C:\Users\sfjbs\.m2\repository\ch\qos\logback\logback-classic\1.2.11\logback-classic-1.2.11.jar;C:\Users\sfjbs\.m2\repository\ch\qos\logback\logback-core\1.2.11\logback-core-1.2.11.jar;C:\Users\sfjbs\.m2\repository\org\apache\logging\log4j\log4j-to-slf4j\2.17.2\log4j-to-slf4j-2.17.2.jar;C:\Users\sfjbs\.m2\repository\org\apache\logging\log4j\log4j-api\2.17.2\log4j-api-2.17.2.jar;C:\Users\sfjbs\.m2\repository\org\slf4j\jul-to-slf4j\1.7.36\jul-to-slf4j-1.7.36.jar;C:\Users\sfjbs\.m2\repository\jakarta\annotation\jakarta.annotation-api\1.3.5\jakarta.annotation-api-1.3.5.jar;C:\Users\sfjbs\.m2\repository\org\yaml\snakeyaml\1.30\snakeyaml-1.30.jar;C:\Users\sfjbs\.m2\repository\org\springframework\boot\spring-boot-actuator-autoconfigure\2.7.0\spring-boot-actuator-autoconfigure-2.7.0.jar;C:\Users\sfjbs\.m2\repository\org\springframework\boot\spring-boot-actuator\2.7.0\spring-boot-actuator-2.7.0.jar;C:\Users\sfjbs\.m2\repository\com\fasterxml\jackson\core\jackson-databind\2.13.3\jackson-databind-2.13.3.jar;C:\Users\sfjbs\.m2\repository\com\fasterxml\jackson\datatype\jackson-datatype-jsr310\2.13.3\jackson-datatype-jsr310-2.13.3.jar;C:\Users\sfjbs\.m2\repository\io\micrometer\micrometer-core\1.9.0\micrometer-core-1.9.0.jar;C:\Users\sfjbs\.m2\repository\org\hdrhistogram\HdrHistogram\2.1.12\HdrHistogram-2.1.12.jar;C:\Users\sfjbs\.m2\repository\org\latencyutils\LatencyUtils\2.0.3\LatencyUtils-2.0.3.jar;C:\Users\sfjbs\.m2\repository\org\springframework\data\spring-data-rest-webmvc\3.7.0\spring-data-rest-webmvc-3.7.0.jar;C:\Users\sfjbs\.m2\repository\org\springframework\data\spring-data-rest-core\3.7.0\spring-data-rest-core-3.7.0.jar;C:\Users\sfjbs\.m2\r
Launcher Type: SUN_STANDARD

[Global flags]
     bool BytecodeVerificationLocal                = false                                     {product} {command line}
     bool BytecodeVerificationRemote               = false                                     {product} {command line}
     intx CICompilerCount                          = 2                                         {product} {ergonomic}
     uint ConcGCThreads                            = 1                                         {product} {ergonomic}
     uint G1ConcRefinementThreads                  = 2                                         {product} {ergonomic}
   size_t G1HeapRegionSize                         = 1048576                                   {product} {ergonomic}
    uintx GCDrainStackTargetSize                   = 64                                        {product} {ergonomic}
   size_t InitialHeapSize                          = 134217728                                 {product} {ergonomic}
   size_t MarkStackSize                            = 4194304                                   {product} {ergonomic}
   size_t MaxHeapSize                              = 2147483648                                {product} {ergonomic}
   size_t MaxNewSize                               = 1287651328                                {product} {ergonomic}
   size_t MinHeapDeltaBytes                        = 1048576                                   {product} {ergonomic}
    uintx NonNMethodCodeHeapSize                   = 6396312                                {pd product} {ergonomic}
    uintx NonProfiledCodeHeapSize                  = 245261928                              {pd product} {ergonomic}
    uintx ProfiledCodeHeapSize                     = 0                                      {pd product} {ergonomic}
    uintx ReservedCodeCacheSize                    = 251658240                              {pd product} {ergonomic}
     bool SegmentedCodeCache                       = true                                      {product} {ergonomic}
     intx TieredStopAtLevel                        = 1                                         {product} {command line}
     bool UseCompressedClassPointers               = true                                 {lp64_product} {ergonomic}
     bool UseCompressedOops                        = true                                 {lp64_product} {ergonomic}
     bool UseG1GC                                  = true                                      {product} {ergonomic}
     bool UseLargePagesIndividualAllocation        = false                                  {pd product} {ergonomic}

Logging:
Log output configuration:
 #0: stdout all=warning uptime,level,tags
 #1: stderr all=off uptime,level,tags

Environment Variables:
PATH=C:\Program Files\Common Files\Oracle\Java\javapath;C:\Windows\system32;C:\Windows;C:\Windows\System32\Wbem;C:\Windows\System32\WindowsPowerShell\v1.0\;C:\Windows\System32\OpenSSH\;C:\Users\sfjbs\Downloads\micro service-20221021T071039Z-001\micro service\apache-maven-3.8.5-bin\apache-maven-3.8.5\bin;C:\Users\sfjbs\Downloads\micro service-20221021T071039Z-001\micro service\apache-maven-3.8.5-bin\apache-maven-3.8.5\lib;C:\Program Files\Git\cmd;C:\Program Files\Docker\Docker\resources\bin;C:\Users\sfjbs\AppData\Local\Microsoft\WindowsApps;C:\Users\sfjbs\Downloads\micro service-20221021T071039Z-001\micro service\apache-maven-3.8.5-bin\apache-maven-3.8.5\bin;C:\Users\sfjbs\Downloads\micro service-20221021T071039Z-001\micro service\apache-maven-3.8.5-bin\apache-maven-3.8.5\lib;;C:\Program Files\JetBrains\IntelliJ IDEA Community Edition 2022.2.1\bin;
USERNAME=sfjbs
OS=Windows_NT
PROCESSOR_IDENTIFIER=Intel64 Family 6 Model 85 Stepping 7, GenuineIntel



---------------  S Y S T E M  ---------------

OS: Windows 10 , 64 bit Build 19041 (10.0.19041.1889)
Hyper-V role detected

CPU:total 2 (initial active 2) (1 cores per cpu, 2 threads per core) family 6 model 85 stepping 7 microcode 0xffffffff, cmov, cx8, fxsr, mmx, sse, sse2, sse3, ssse3, sse4.1, sse4.2, popcnt, avx, avx2, aes, clmul, erms, rtm, 3dnowpref, lzcnt, ht, tsc, bmi1, bmi2, adx, evex, fma

Memory: 4k page, system-wide physical 8190M (1226M free)
TotalPageFile size 10238M (AvailPageFile size 56M)
current process WorkingSet (physical memory assigned to process): 198M, peak: 198M
current process commit charge ("private bytes"): 273M, peak: 343M

vm_info: Java HotSpot(TM) 64-Bit Server VM (11.0.16+11-LTS-199) for windows-amd64 JRE (11.0.16+11-LTS-199), built on Jun 28 2022 08:23:17 by "mach5one" with MS VC++ 15.9 (VS2017)

END.
