#
# There is insufficient memory for the Java Runtime Environment to continue.
# Native memory allocation (mmap) failed to map 27262976 bytes for Failed to commit area from 0x0000000088000000 to 0x0000000089a00000 of length 27262976.
# Possible reasons:
#   The system is out of physical RAM or swap space
#   The process is running with CompressedOops enabled, and the Java Heap may be blocking the growth of the native heap
# Possible solutions:
#   Reduce memory load on the system
#   Increase physical memory or swap space
#   Check if swap backing store is full
#   Decrease Java heap size (-Xmx/-Xms)
#   Decrease number of Java threads
#   Decrease Java thread stack sizes (-Xss)
#   Set larger code cache with -XX:ReservedCodeCacheSize=
#   JVM is running with Unscaled Compressed Oops mode in which the Java heap is
#     placed in the first 4GB address space. The Java Heap base address is the
#     maximum limit for the native heap growth. Please use -XX:HeapBaseMinAddress
#     to set the Java Heap base and to place the Java Heap above 4GB virtual address.
# This output file may be truncated or incomplete.
#
#  Out of Memory Error (./open/src/hotspot/os/windows/os_windows.cpp:3287), pid=9332, tid=8912
#
# JRE version: Java(TM) SE Runtime Environment 18.9 (11.0.16+11) (build 11.0.16+11-LTS-199)
# Java VM: Java HotSpot(TM) 64-Bit Server VM 18.9 (11.0.16+11-LTS-199, mixed mode, tiered, compressed oops, g1 gc, windows-amd64)
# No core dump will be written. Minidumps are not enabled by default on client versions of Windows
#

---------------  S U M M A R Y ------------

Command Line: -Dmaven.multiModuleProjectDirectory=C:\Users\sfjbs\IdeaProjects\oct31training\Aparna\MiniProject\pension-security\demo -Dmaven.home=C:\Program Files\JetBrains\IntelliJ IDEA Community Edition 2022.2.1\plugins\maven\lib\maven3 -Dclassworlds.conf=C:\Program Files\JetBrains\IntelliJ IDEA Community Edition 2022.2.1\plugins\maven\lib\maven3\bin\m2.conf -Dmaven.ext.class.path=C:\Program Files\JetBrains\IntelliJ IDEA Community Edition 2022.2.1\plugins\maven\lib\maven-event-listener.jar -javaagent:C:\Program Files\JetBrains\IntelliJ IDEA Community Edition 2022.2.1\lib\idea_rt.jar=64087:C:\Program Files\JetBrains\IntelliJ IDEA Community Edition 2022.2.1\bin -Dfile.encoding=UTF-8 org.codehaus.classworlds.Launcher -Didea.version=2022.2.1 clean install

Host: Intel(R) Xeon(R) Platinum 8370C CPU @ 2.80GHz, 2 cores, 7G,  Windows 10 , 64 bit Build 19041 (10.0.19041.1889)
Time: Tue Nov  8 05:17:42 2022 Coordinated Universal Time elapsed time: 8.658599 seconds (0d 0h 0m 8s)

---------------  T H R E A D  ---------------

Current thread (0x000001aef039c000):  VMThread "VM Thread" [stack: 0x00000058f2d00000,0x00000058f2e00000] [id=8912]

Stack: [0x00000058f2d00000,0x00000058f2e00000]
[error occurred during error reporting (printing stack bounds), id 0xc0000005, EXCEPTION_ACCESS_VIOLATION (0xc0000005) at pc=0x000001aed9fe10e7]

Native frames: (J=compiled Java code, j=interpreted, Vv=VM code, C=native code)
V  [jvm.dll+0x62a3ea]
V  [jvm.dll+0x76418f]
V  [jvm.dll+0x765839]
V  [jvm.dll+0x765e25]
V  [jvm.dll+0x765ddb]
V  [jvm.dll+0x6298d3]
V  [jvm.dll+0x629fe8]
C  [ntdll.dll+0xa241f]
C  [ntdll.dll+0x514a4]
C  [ntdll.dll+0xa0f4e]
C  0x000001aed9fe10e7

VM_Operation (0x00000058f27fc7c0): G1CollectForAllocation, mode: safepoint, requested by thread 0x000001aed2926000


---------------  P R O C E S S  ---------------

Threads class SMR info:
_java_thread_list=0x000001aef0ef9170, length=11, elements={
0x000001aed2926000, 0x000001aef039d000, 0x000001aef039e000, 0x000001aef03ac000,
0x000001aef0d42800, 0x000001aef03bc000, 0x000001aef03c1000, 0x000001aef0d74000,
0x000001aef0d75000, 0x000001aef0345800, 0x000001aef0f8f000
}

Java Threads: ( => current thread )
  0x000001aed2926000 JavaThread "main" [_thread_blocked, id=10316, stack(0x00000058f2700000,0x00000058f2800000)]
  0x000001aef039d000 JavaThread "Reference Handler" daemon [_thread_blocked, id=4308, stack(0x00000058f2e00000,0x00000058f2f00000)]
  0x000001aef039e000 JavaThread "Finalizer" daemon [_thread_blocked, id=11260, stack(0x00000058f2f00000,0x00000058f3000000)]
  0x000001aef03ac000 JavaThread "Signal Dispatcher" daemon [_thread_blocked, id=14972, stack(0x00000058f3000000,0x00000058f3100000)]
  0x000001aef0d42800 JavaThread "Attach Listener" daemon [_thread_blocked, id=7704, stack(0x00000058f3100000,0x00000058f3200000)]
  0x000001aef03bc000 JavaThread "Service Thread" daemon [_thread_blocked, id=8940, stack(0x00000058f3200000,0x00000058f3300000)]
  0x000001aef03c1000 JavaThread "C2 CompilerThread0" daemon [_thread_blocked, id=3424, stack(0x00000058f3300000,0x00000058f3400000)]
  0x000001aef0d74000 JavaThread "C1 CompilerThread0" daemon [_thread_blocked, id=11984, stack(0x00000058f3400000,0x00000058f3500000)]
  0x000001aef0d75000 JavaThread "Sweeper thread" daemon [_thread_blocked, id=5700, stack(0x00000058f3500000,0x00000058f3600000)]
  0x000001aef0345800 JavaThread "Common-Cleaner" daemon [_thread_blocked, id=4152, stack(0x00000058f3600000,0x00000058f3700000)]
  0x000001aef0f8f000 JavaThread "Monitor Ctrl-Break" daemon [_thread_in_native, id=12020, stack(0x00000058f3700000,0x00000058f3800000)]

Other Threads:
=>0x000001aef039c000 VMThread "VM Thread" [stack: 0x00000058f2d00000,0x00000058f2e00000] [id=8912]
  0x000001aef0f90000 WatcherThread [stack: 0x00000058f3800000,0x00000058f3900000] [id=2500]
  0x000001aed293b000 GCTaskThread "GC Thread#0" [stack: 0x00000058f2800000,0x00000058f2900000] [id=6800]
  0x000001aef1335000 GCTaskThread "GC Thread#1" [stack: 0x00000058f3900000,0x00000058f3a00000] [id=11512]
  0x000001aed296a800 ConcurrentGCThread "G1 Main Marker" [stack: 0x00000058f2900000,0x00000058f2a00000] [id=8116]
  0x000001aed296c000 ConcurrentGCThread "G1 Conc#0" [stack: 0x00000058f2a00000,0x00000058f2b00000] [id=11544]
  0x000001aed29f6000 ConcurrentGCThread "G1 Refine#0" [stack: 0x00000058f2b00000,0x00000058f2c00000] [id=2436]
  0x000001aed29f8000 ConcurrentGCThread "G1 Young RemSet Sampling" [stack: 0x00000058f2c00000,0x00000058f2d00000] [id=1488]

Threads with active compile tasks:

VM state:at safepoint (normal execution)

VM Mutex/Monitor currently owned by a thread:  ([mutex/lock_event])
[0x000001aed2923290] Threads_lock - owner thread: 0x000001aef039c000
[0x000001aed2922240] Heap_lock - owner thread: 0x000001aed2926000

Heap address: 0x0000000080000000, size: 2048 MB, Compressed Oops mode: 32-bit
Narrow klass base: 0x0000000000000000, Narrow klass shift: 3
Compressed class space size: 1073741824 Address: 0x0000000100000000

Heap:
 garbage-first heap   total 157696K, used 13893K [0x0000000080000000, 0x0000000100000000)
  region size 1024K, 7 young (7168K), 7 survivors (7168K)
 Metaspace       used 25223K, capacity 25784K, committed 26032K, reserved 1073152K
  class space    used 2608K, capacity 2768K, committed 2816K, reserved 1048576K
Heap Regions: E=young(eden), S=young(survivor), O=old, HS=humongous(starts), HC=humongous(continues), CS=collection set, F=free, A=archive, TAMS=top-at-mark-start (previous, next)
|   0|0x0000000080000000, 0x0000000080100000, 0x0000000080100000|100%| O|  |TAMS 0x0000000080100000, 0x0000000080000000| Untracked 
|   1|0x0000000080100000, 0x0000000080200000, 0x0000000080200000|100%| O|  |TAMS 0x0000000080200000, 0x0000000080100000| Untracked 
|   2|0x0000000080200000, 0x0000000080300000, 0x0000000080300000|100%| O|  |TAMS 0x0000000080300000, 0x0000000080200000| Untracked 
|   3|0x0000000080300000, 0x0000000080400000, 0x0000000080400000|100%| O|  |TAMS 0x0000000080400000, 0x0000000080300000| Untracked 
|   4|0x0000000080400000, 0x0000000080500000, 0x0000000080500000|100%| O|  |TAMS 0x0000000080457600, 0x0000000080400000| Untracked 
|   5|0x0000000080500000, 0x0000000080600000, 0x0000000080600000|100%| O|  |TAMS 0x0000000080500000, 0x0000000080500000| Untracked 
|   6|0x0000000080600000, 0x0000000080700000, 0x0000000080700000|100%| O|  |TAMS 0x0000000080600000, 0x0000000080600000| Untracked 
|   7|0x0000000080700000, 0x000000008073a000, 0x0000000080800000| 22%| O|  |TAMS 0x0000000080700000, 0x0000000080700000| Untracked 
|   8|0x0000000080800000, 0x0000000080800000, 0x0000000080900000|  0%| F|  |TAMS 0x0000000080800000, 0x0000000080800000| Untracked 
|   9|0x0000000080900000, 0x0000000080900000, 0x0000000080a00000|  0%| F|  |TAMS 0x0000000080900000, 0x0000000080900000| Untracked 
|  10|0x0000000080a00000, 0x0000000080a00000, 0x0000000080b00000|  0%| F|  |TAMS 0x0000000080a00000, 0x0000000080a00000| Untracked 
|  11|0x0000000080b00000, 0x0000000080b00000, 0x0000000080c00000|  0%| F|  |TAMS 0x0000000080b00000, 0x0000000080b00000| Untracked 
|  12|0x0000000080c00000, 0x0000000080c00000, 0x0000000080d00000|  0%| F|  |TAMS 0x0000000080c00000, 0x0000000080c00000| Untracked 
|  13|0x0000000080d00000, 0x0000000080d00000, 0x0000000080e00000|  0%| F|  |TAMS 0x0000000080d00000, 0x0000000080d00000| Untracked 
|  14|0x0000000080e00000, 0x0000000080e00000, 0x0000000080f00000|  0%| F|  |TAMS 0x0000000080e00000, 0x0000000080e00000| Untracked 
|  15|0x0000000080f00000, 0x0000000080f00000, 0x0000000081000000|  0%| F|  |TAMS 0x0000000080f00000, 0x0000000080f00000| Untracked 
|  16|0x0000000081000000, 0x0000000081000000, 0x0000000081100000|  0%| F|  |TAMS 0x0000000081000000, 0x0000000081000000| Untracked 
|  17|0x0000000081100000, 0x0000000081100000, 0x0000000081200000|  0%| F|  |TAMS 0x0000000081100000, 0x0000000081100000| Untracked 
|  18|0x0000000081200000, 0x0000000081200000, 0x0000000081300000|  0%| F|  |TAMS 0x0000000081200000, 0x0000000081200000| Untracked 
|  19|0x0000000081300000, 0x0000000081300000, 0x0000000081400000|  0%| F|  |TAMS 0x0000000081300000, 0x0000000081300000| Untracked 
|  20|0x0000000081400000, 0x0000000081400000, 0x0000000081500000|  0%| F|  |TAMS 0x0000000081400000, 0x0000000081400000| Untracked 
|  21|0x0000000081500000, 0x0000000081500000, 0x0000000081600000|  0%| F|  |TAMS 0x0000000081500000, 0x0000000081500000| Untracked 
|  22|0x0000000081600000, 0x0000000081600000, 0x0000000081700000|  0%| F|  |TAMS 0x0000000081600000, 0x0000000081600000| Untracked 
|  23|0x0000000081700000, 0x0000000081700000, 0x0000000081800000|  0%| F|  |TAMS 0x0000000081700000, 0x0000000081700000| Untracked 
|  24|0x0000000081800000, 0x0000000081800000, 0x0000000081900000|  0%| F|  |TAMS 0x0000000081800000, 0x0000000081800000| Untracked 
|  25|0x0000000081900000, 0x0000000081900000, 0x0000000081a00000|  0%| F|  |TAMS 0x0000000081900000, 0x0000000081900000| Untracked 
|  26|0x0000000081a00000, 0x0000000081a00000, 0x0000000081b00000|  0%| F|  |TAMS 0x0000000081a00000, 0x0000000081a00000| Untracked 
|  27|0x0000000081b00000, 0x0000000081b00000, 0x0000000081c00000|  0%| F|  |TAMS 0x0000000081b00000, 0x0000000081b00000| Untracked 
|  28|0x0000000081c00000, 0x0000000081c00000, 0x0000000081d00000|  0%| F|  |TAMS 0x0000000081c00000, 0x0000000081c00000| Untracked 
|  29|0x0000000081d00000, 0x0000000081d00000, 0x0000000081e00000|  0%| F|  |TAMS 0x0000000081d00000, 0x0000000081d00000| Untracked 
|  30|0x0000000081e00000, 0x0000000081e00000, 0x0000000081f00000|  0%| F|  |TAMS 0x0000000081e00000, 0x0000000081e00000| Untracked 
|  31|0x0000000081f00000, 0x0000000081f00000, 0x0000000082000000|  0%| F|  |TAMS 0x0000000081f00000, 0x0000000081f00000| Untracked 
|  32|0x0000000082000000, 0x0000000082000000, 0x0000000082100000|  0%| F|  |TAMS 0x0000000082000000, 0x0000000082000000| Untracked 
|  33|0x0000000082100000, 0x0000000082100000, 0x0000000082200000|  0%| F|  |TAMS 0x0000000082100000, 0x0000000082100000| Untracked 
|  34|0x0000000082200000, 0x0000000082200000, 0x0000000082300000|  0%| F|  |TAMS 0x0000000082200000, 0x0000000082200000| Untracked 
|  35|0x0000000082300000, 0x0000000082300000, 0x0000000082400000|  0%| F|  |TAMS 0x0000000082300000, 0x0000000082300000| Untracked 
|  36|0x0000000082400000, 0x0000000082400000, 0x0000000082500000|  0%| F|  |TAMS 0x0000000082400000, 0x0000000082400000| Untracked 
|  37|0x0000000082500000, 0x0000000082500000, 0x0000000082600000|  0%| F|  |TAMS 0x0000000082500000, 0x0000000082500000| Untracked 
|  38|0x0000000082600000, 0x0000000082600000, 0x0000000082700000|  0%| F|  |TAMS 0x0000000082600000, 0x0000000082600000| Untracked 
|  39|0x0000000082700000, 0x0000000082700000, 0x0000000082800000|  0%| F|  |TAMS 0x0000000082700000, 0x0000000082700000| Untracked 
|  40|0x0000000082800000, 0x0000000082800000, 0x0000000082900000|  0%| F|  |TAMS 0x0000000082800000, 0x0000000082800000| Untracked 
|  41|0x0000000082900000, 0x0000000082900000, 0x0000000082a00000|  0%| F|  |TAMS 0x0000000082900000, 0x0000000082900000| Untracked 
|  42|0x0000000082a00000, 0x0000000082a00000, 0x0000000082b00000|  0%| F|  |TAMS 0x0000000082a00000, 0x0000000082a00000| Untracked 
|  43|0x0000000082b00000, 0x0000000082b00000, 0x0000000082c00000|  0%| F|  |TAMS 0x0000000082b00000, 0x0000000082b00000| Untracked 
|  44|0x0000000082c00000, 0x0000000082c00000, 0x0000000082d00000|  0%| F|  |TAMS 0x0000000082c00000, 0x0000000082c00000| Untracked 
|  45|0x0000000082d00000, 0x0000000082d00000, 0x0000000082e00000|  0%| F|  |TAMS 0x0000000082d00000, 0x0000000082d00000| Untracked 
|  46|0x0000000082e00000, 0x0000000082e00000, 0x0000000082f00000|  0%| F|  |TAMS 0x0000000082e00000, 0x0000000082e00000| Untracked 
|  47|0x0000000082f00000, 0x0000000082f00000, 0x0000000083000000|  0%| F|  |TAMS 0x0000000082f00000, 0x0000000082f00000| Untracked 
|  48|0x0000000083000000, 0x0000000083000000, 0x0000000083100000|  0%| F|  |TAMS 0x0000000083000000, 0x0000000083000000| Untracked 
|  49|0x0000000083100000, 0x0000000083100000, 0x0000000083200000|  0%| F|  |TAMS 0x0000000083100000, 0x0000000083100000| Untracked 
|  50|0x0000000083200000, 0x0000000083200000, 0x0000000083300000|  0%| F|  |TAMS 0x0000000083200000, 0x0000000083200000| Untracked 
|  51|0x0000000083300000, 0x0000000083300000, 0x0000000083400000|  0%| F|  |TAMS 0x0000000083300000, 0x0000000083300000| Untracked 
|  52|0x0000000083400000, 0x0000000083400000, 0x0000000083500000|  0%| F|  |TAMS 0x0000000083400000, 0x0000000083400000| Untracked 
|  53|0x0000000083500000, 0x0000000083500000, 0x0000000083600000|  0%| F|  |TAMS 0x0000000083500000, 0x0000000083500000| Untracked 
|  54|0x0000000083600000, 0x0000000083600000, 0x0000000083700000|  0%| F|  |TAMS 0x0000000083600000, 0x0000000083600000| Untracked 
|  55|0x0000000083700000, 0x0000000083700000, 0x0000000083800000|  0%| F|  |TAMS 0x0000000083700000, 0x0000000083700000| Untracked 
|  56|0x0000000083800000, 0x0000000083800000, 0x0000000083900000|  0%| F|  |TAMS 0x0000000083800000, 0x0000000083800000| Untracked 
|  57|0x0000000083900000, 0x0000000083900000, 0x0000000083a00000|  0%| F|  |TAMS 0x0000000083900000, 0x0000000083900000| Untracked 
|  58|0x0000000083a00000, 0x0000000083a00000, 0x0000000083b00000|  0%| F|  |TAMS 0x0000000083a00000, 0x0000000083a00000| Untracked 
|  59|0x0000000083b00000, 0x0000000083b575e0, 0x0000000083c00000| 34%| S|CS|TAMS 0x0000000083b00000, 0x0000000083b00000| Complete 
|  60|0x0000000083c00000, 0x0000000083d00000, 0x0000000083d00000|100%| S|CS|TAMS 0x0000000083c00000, 0x0000000083c00000| Complete 
|  61|0x0000000083d00000, 0x0000000083e00000, 0x0000000083e00000|100%| S|CS|TAMS 0x0000000083d00000, 0x0000000083d00000| Complete 
|  62|0x0000000083e00000, 0x0000000083f00000, 0x0000000083f00000|100%| S|CS|TAMS 0x0000000083e00000, 0x0000000083e00000| Complete 
|  63|0x0000000083f00000, 0x0000000084000000, 0x0000000084000000|100%| S|CS|TAMS 0x0000000083f00000, 0x0000000083f00000| Complete 
|  64|0x0000000084000000, 0x0000000084100000, 0x0000000084100000|100%| S|CS|TAMS 0x0000000084000000, 0x0000000084000000| Complete 
|  65|0x0000000084100000, 0x0000000084200000, 0x0000000084200000|100%| S|CS|TAMS 0x0000000084100000, 0x0000000084100000| Complete 
|  66|0x0000000084200000, 0x0000000084200000, 0x0000000084300000|  0%| F|  |TAMS 0x0000000084200000, 0x0000000084200000| Untracked 
|  67|0x0000000084300000, 0x0000000084300000, 0x0000000084400000|  0%| F|  |TAMS 0x0000000084300000, 0x0000000084300000| Untracked 
|  68|0x0000000084400000, 0x0000000084400000, 0x0000000084500000|  0%| F|  |TAMS 0x0000000084400000, 0x0000000084400000| Untracked 
|  69|0x0000000084500000, 0x0000000084500000, 0x0000000084600000|  0%| F|  |TAMS 0x0000000084500000, 0x0000000084500000| Untracked 
|  70|0x0000000084600000, 0x0000000084600000, 0x0000000084700000|  0%| F|  |TAMS 0x0000000084600000, 0x0000000084600000| Untracked 
|  71|0x0000000084700000, 0x0000000084700000, 0x0000000084800000|  0%| F|  |TAMS 0x0000000084700000, 0x0000000084700000| Untracked 
|  72|0x0000000084800000, 0x0000000084800000, 0x0000000084900000|  0%| F|  |TAMS 0x0000000084800000, 0x0000000084800000| Untracked 
|  73|0x0000000084900000, 0x0000000084900000, 0x0000000084a00000|  0%| F|  |TAMS 0x0000000084900000, 0x0000000084900000| Untracked 
|  74|0x0000000084a00000, 0x0000000084a00000, 0x0000000084b00000|  0%| F|  |TAMS 0x0000000084a00000, 0x0000000084a00000| Untracked 
|  75|0x0000000084b00000, 0x0000000084b00000, 0x0000000084c00000|  0%| F|  |TAMS 0x0000000084b00000, 0x0000000084b00000| Untracked 
|  76|0x0000000084c00000, 0x0000000084c00000, 0x0000000084d00000|  0%| F|  |TAMS 0x0000000084c00000, 0x0000000084c00000| Untracked 
|  77|0x0000000084d00000, 0x0000000084d00000, 0x0000000084e00000|  0%| F|  |TAMS 0x0000000084d00000, 0x0000000084d00000| Untracked 
|  78|0x0000000084e00000, 0x0000000084e00000, 0x0000000084f00000|  0%| F|  |TAMS 0x0000000084e00000, 0x0000000084e00000| Untracked 
|  79|0x0000000084f00000, 0x0000000084f00000, 0x0000000085000000|  0%| F|  |TAMS 0x0000000084f00000, 0x0000000084f00000| Untracked 
|  80|0x0000000085000000, 0x0000000085000000, 0x0000000085100000|  0%| F|  |TAMS 0x0000000085000000, 0x0000000085000000| Untracked 
|  81|0x0000000085100000, 0x0000000085100000, 0x0000000085200000|  0%| F|  |TAMS 0x0000000085100000, 0x0000000085100000| Untracked 
|  82|0x0000000085200000, 0x0000000085200000, 0x0000000085300000|  0%| F|  |TAMS 0x0000000085200000, 0x0000000085200000| Untracked 
|  83|0x0000000085300000, 0x0000000085300000, 0x0000000085400000|  0%| F|  |TAMS 0x0000000085300000, 0x0000000085300000| Untracked 
|  84|0x0000000085400000, 0x0000000085400000, 0x0000000085500000|  0%| F|  |TAMS 0x0000000085400000, 0x0000000085400000| Untracked 
|  85|0x0000000085500000, 0x0000000085500000, 0x0000000085600000|  0%| F|  |TAMS 0x0000000085500000, 0x0000000085500000| Untracked 
|  86|0x0000000085600000, 0x0000000085600000, 0x0000000085700000|  0%| F|  |TAMS 0x0000000085600000, 0x0000000085600000| Untracked 
|  87|0x0000000085700000, 0x0000000085700000, 0x0000000085800000|  0%| F|  |TAMS 0x0000000085700000, 0x0000000085700000| Untracked 
|  88|0x0000000085800000, 0x0000000085800000, 0x0000000085900000|  0%| F|  |TAMS 0x0000000085800000, 0x0000000085800000| Untracked 
|  89|0x0000000085900000, 0x0000000085900000, 0x0000000085a00000|  0%| F|  |TAMS 0x0000000085900000, 0x0000000085900000| Untracked 
|  90|0x0000000085a00000, 0x0000000085a00000, 0x0000000085b00000|  0%| F|  |TAMS 0x0000000085a00000, 0x0000000085a00000| Untracked 
|  91|0x0000000085b00000, 0x0000000085b00000, 0x0000000085c00000|  0%| F|  |TAMS 0x0000000085b00000, 0x0000000085b00000| Untracked 
|  92|0x0000000085c00000, 0x0000000085c00000, 0x0000000085d00000|  0%| F|  |TAMS 0x0000000085c00000, 0x0000000085c00000| Untracked 
|  93|0x0000000085d00000, 0x0000000085d00000, 0x0000000085e00000|  0%| F|  |TAMS 0x0000000085d00000, 0x0000000085d00000| Untracked 
|  94|0x0000000085e00000, 0x0000000085e00000, 0x0000000085f00000|  0%| F|  |TAMS 0x0000000085e00000, 0x0000000085e00000| Untracked 
|  95|0x0000000085f00000, 0x0000000085f00000, 0x0000000086000000|  0%| F|  |TAMS 0x0000000085f00000, 0x0000000085f00000| Untracked 
|  96|0x0000000086000000, 0x0000000086000000, 0x0000000086100000|  0%| F|  |TAMS 0x0000000086000000, 0x0000000086000000| Untracked 
|  97|0x0000000086100000, 0x0000000086100000, 0x0000000086200000|  0%| F|  |TAMS 0x0000000086100000, 0x0000000086100000| Untracked 
|  98|0x0000000086200000, 0x0000000086200000, 0x0000000086300000|  0%| F|  |TAMS 0x0000000086200000, 0x0000000086200000| Untracked 
|  99|0x0000000086300000, 0x0000000086300000, 0x0000000086400000|  0%| F|  |TAMS 0x0000000086300000, 0x0000000086300000| Untracked 
| 100|0x0000000086400000, 0x0000000086400000, 0x0000000086500000|  0%| F|  |TAMS 0x0000000086400000, 0x0000000086400000| Untracked 
| 101|0x0000000086500000, 0x0000000086500000, 0x0000000086600000|  0%| F|  |TAMS 0x0000000086500000, 0x0000000086500000| Untracked 
| 102|0x0000000086600000, 0x0000000086600000, 0x0000000086700000|  0%| F|  |TAMS 0x0000000086600000, 0x0000000086600000| Untracked 
| 103|0x0000000086700000, 0x0000000086700000, 0x0000000086800000|  0%| F|  |TAMS 0x0000000086700000, 0x0000000086700000| Untracked 
| 104|0x0000000086800000, 0x0000000086800000, 0x0000000086900000|  0%| F|  |TAMS 0x0000000086800000, 0x0000000086800000| Untracked 
| 105|0x0000000086900000, 0x0000000086900000, 0x0000000086a00000|  0%| F|  |TAMS 0x0000000086900000, 0x0000000086900000| Untracked 
| 106|0x0000000086a00000, 0x0000000086a00000, 0x0000000086b00000|  0%| F|  |TAMS 0x0000000086a00000, 0x0000000086a00000| Untracked 
| 107|0x0000000086b00000, 0x0000000086b00000, 0x0000000086c00000|  0%| F|  |TAMS 0x0000000086b00000, 0x0000000086b00000| Untracked 
| 108|0x0000000086c00000, 0x0000000086c00000, 0x0000000086d00000|  0%| F|  |TAMS 0x0000000086c00000, 0x0000000086c00000| Untracked 
| 109|0x0000000086d00000, 0x0000000086d00000, 0x0000000086e00000|  0%| F|  |TAMS 0x0000000086d00000, 0x0000000086d00000| Untracked 
| 110|0x0000000086e00000, 0x0000000086e00000, 0x0000000086f00000|  0%| F|  |TAMS 0x0000000086e00000, 0x0000000086e00000| Untracked 
| 111|0x0000000086f00000, 0x0000000086f00000, 0x0000000087000000|  0%| F|  |TAMS 0x0000000086f00000, 0x0000000086f00000| Untracked 
| 112|0x0000000087000000, 0x0000000087000000, 0x0000000087100000|  0%| F|  |TAMS 0x0000000087000000, 0x0000000087000000| Untracked 
| 113|0x0000000087100000, 0x0000000087100000, 0x0000000087200000|  0%| F|  |TAMS 0x0000000087100000, 0x0000000087100000| Untracked 
| 114|0x0000000087200000, 0x0000000087200000, 0x0000000087300000|  0%| F|  |TAMS 0x0000000087200000, 0x0000000087200000| Untracked 
| 115|0x0000000087300000, 0x0000000087300000, 0x0000000087400000|  0%| F|  |TAMS 0x0000000087300000, 0x0000000087300000| Untracked 
| 116|0x0000000087400000, 0x0000000087400000, 0x0000000087500000|  0%| F|  |TAMS 0x0000000087400000, 0x0000000087400000| Untracked 
| 117|0x0000000087500000, 0x0000000087500000, 0x0000000087600000|  0%| F|  |TAMS 0x0000000087500000, 0x0000000087500000| Untracked 
| 118|0x0000000087600000, 0x0000000087600000, 0x0000000087700000|  0%| F|  |TAMS 0x0000000087600000, 0x0000000087600000| Untracked 
| 119|0x0000000087700000, 0x0000000087700000, 0x0000000087800000|  0%| F|  |TAMS 0x0000000087700000, 0x0000000087700000| Untracked 
| 120|0x0000000087800000, 0x0000000087800000, 0x0000000087900000|  0%| F|  |TAMS 0x0000000087800000, 0x0000000087800000| Untracked 
| 121|0x0000000087900000, 0x0000000087900000, 0x0000000087a00000|  0%| F|  |TAMS 0x0000000087900000, 0x0000000087900000| Untracked 
| 122|0x0000000087a00000, 0x0000000087a00000, 0x0000000087b00000|  0%| F|  |TAMS 0x0000000087a00000, 0x0000000087a00000| Untracked 
| 123|0x0000000087b00000, 0x0000000087b00000, 0x0000000087c00000|  0%| F|  |TAMS 0x0000000087b00000, 0x0000000087b00000| Untracked 
| 124|0x0000000087c00000, 0x0000000087c00000, 0x0000000087d00000|  0%| F|  |TAMS 0x0000000087c00000, 0x0000000087c00000| Untracked 
| 125|0x0000000087d00000, 0x0000000087d00000, 0x0000000087e00000|  0%| F|  |TAMS 0x0000000087d00000, 0x0000000087d00000| Untracked 
| 126|0x0000000087e00000, 0x0000000087e00000, 0x0000000087f00000|  0%| F|  |TAMS 0x0000000087e00000, 0x0000000087e00000| Untracked 
| 127|0x0000000087f00000, 0x0000000087f00000, 0x0000000088000000|  0%| F|  |TAMS 0x0000000087f00000, 0x0000000087f00000| Untracked 

Card table byte_map: [0x000001aee97e0000,0x000001aee9be0000] _byte_map_base: 0x000001aee93e0000

Marking Bits (Prev, Next): (CMBitMap*) 0x000001aed2961e50, (CMBitMap*) 0x000001aed2961e18
 Prev Bits: [0x000001aeebfe0000, 0x000001aeedfe0000)
 Next Bits: [0x000001aee9fe0000, 0x000001aeebfe0000)

Polling page: 0x000001aed0f20000

Metaspace:

Usage:
  Non-class:     22.48 MB capacity,    22.09 MB ( 98%) used,   368.16 KB (  2%) free+waste,    32.63 KB ( <1%) overhead. 
      Class:      2.70 MB capacity,     2.55 MB ( 94%) used,   146.34 KB (  5%) free+waste,    13.38 KB ( <1%) overhead. 
       Both:     25.18 MB capacity,    24.63 MB ( 98%) used,   514.50 KB (  2%) free+waste,    46.00 KB ( <1%) overhead. 

Virtual space:
  Non-class space:       24.00 MB reserved,      22.67 MB ( 94%) committed 
      Class space:        1.00 GB reserved,       2.75 MB ( <1%) committed 
             Both:        1.02 GB reserved,      25.42 MB (  2%) committed 

Chunk freelists:
   Non-Class:  1.00 KB
       Class:  2.00 KB
        Both:  3.00 KB

CodeHeap 'non-profiled nmethods': size=120064Kb used=1952Kb max_used=1952Kb free=118111Kb
 bounds [0x000001aee1aa0000, 0x000001aee1d10000, 0x000001aee8fe0000]
CodeHeap 'profiled nmethods': size=120000Kb used=8861Kb max_used=8861Kb free=111138Kb
 bounds [0x000001aeda570000, 0x000001aedae20000, 0x000001aee1aa0000]
CodeHeap 'non-nmethods': size=5696Kb used=1130Kb max_used=1165Kb free=4565Kb
 bounds [0x000001aed9fe0000, 0x000001aeda250000, 0x000001aeda570000]
 total_blobs=4434 nmethods=3991 adapters=353
 compilation: enabled
              stopped_count=0, restarted_count=0
 full_count=0

Compilation events (10 events):
Event: 8.635 Thread 0x000001aef0d74000 3993       3       sun.nio.fs.WindowsPath::toWindowsPath (32 bytes)
Event: 8.636 Thread 0x000001aef0d74000 nmethod 3993 0x000001aedae14310 code [0x000001aedae144e0, 0x000001aedae14998]
Event: 8.636 Thread 0x000001aef0d74000 3994   !   3       sun.nio.fs.WindowsPath::getPathForWin32Calls (138 bytes)
Event: 8.637 Thread 0x000001aef0d74000 nmethod 3994 0x000001aedae14b10 code [0x000001aedae14e00, 0x000001aedae15fd8]
Event: 8.637 Thread 0x000001aef0d74000 3995       3       sun.nio.fs.WindowsPath::isEmpty (8 bytes)
Event: 8.637 Thread 0x000001aef0d74000 nmethod 3995 0x000001aedae16590 code [0x000001aedae16740, 0x000001aedae16918]
Event: 8.638 Thread 0x000001aef0d74000 3996       3       sun.nio.fs.WindowsPath::checkRead (17 bytes)
Event: 8.638 Thread 0x000001aef0d74000 nmethod 3996 0x000001aedae16a10 code [0x000001aedae16bc0, 0x000001aedae16ea8]
Event: 8.639 Thread 0x000001aef0d74000 3997       3       sun.nio.fs.Util::followLinks (66 bytes)
Event: 8.639 Thread 0x000001aef0d74000 nmethod 3997 0x000001aedae16f90 code [0x000001aedae17160, 0x000001aedae17538]

GC Heap History (10 events):
Event: 2.082 GC heap after
{Heap after GC invocations=3 (full 0):
 garbage-first heap   total 131072K, used 4127K [0x0000000080000000, 0x0000000100000000)
  region size 1024K, 2 young (2048K), 2 survivors (2048K)
 Metaspace       used 13417K, capacity 13665K, committed 13824K, reserved 1060864K
  class space    used 1354K, capacity 1431K, committed 1536K, reserved 1048576K
}
Event: 2.529 GC heap before
{Heap before GC invocations=3 (full 0):
 garbage-first heap   total 131072K, used 22559K [0x0000000080000000, 0x0000000100000000)
  region size 1024K, 20 young (20480K), 2 survivors (2048K)
 Metaspace       used 15115K, capacity 15393K, committed 15488K, reserved 1062912K
  class space    used 1567K, capacity 1661K, committed 1664K, reserved 1048576K
}
Event: 2.537 GC heap after
{Heap after GC invocations=4 (full 0):
 garbage-first heap   total 131072K, used 4765K [0x0000000080000000, 0x0000000100000000)
  region size 1024K, 2 young (2048K), 2 survivors (2048K)
 Metaspace       used 15115K, capacity 15393K, committed 15488K, reserved 1062912K
  class space    used 1567K, capacity 1661K, committed 1664K, reserved 1048576K
}
Event: 4.067 GC heap before
{Heap before GC invocations=4 (full 0):
 garbage-first heap   total 131072K, used 41629K [0x0000000080000000, 0x0000000100000000)
  region size 1024K, 38 young (38912K), 2 survivors (2048K)
 Metaspace       used 20688K, capacity 21013K, committed 21120K, reserved 1069056K
  class space    used 2200K, capacity 2326K, committed 2432K, reserved 1048576K
}
Event: 4.081 GC heap after
{Heap after GC invocations=5 (full 0):
 garbage-first heap   total 131072K, used 7689K [0x0000000080000000, 0x0000000100000000)
  region size 1024K, 5 young (5120K), 5 survivors (5120K)
 Metaspace       used 20688K, capacity 21013K, committed 21120K, reserved 1069056K
  class space    used 2200K, capacity 2326K, committed 2432K, reserved 1048576K
}
Event: 4.184 GC heap before
{Heap before GC invocations=5 (full 0):
 garbage-first heap   total 131072K, used 8713K [0x0000000080000000, 0x0000000100000000)
  region size 1024K, 7 young (7168K), 5 survivors (5120K)
 Metaspace       used 20756K, capacity 21080K, committed 21296K, reserved 1069056K
  class space    used 2200K, capacity 2327K, committed 2432K, reserved 1048576K
}
Event: 4.197 GC heap after
{Heap after GC invocations=6 (full 0):
 garbage-first heap   total 131072K, used 7913K [0x0000000080000000, 0x0000000100000000)
  region size 1024K, 4 young (4096K), 4 survivors (4096K)
 Metaspace       used 20756K, capacity 21080K, committed 21296K, reserved 1069056K
  class space    used 2200K, capacity 2327K, committed 2432K, reserved 1048576K
}
Event: 5.897 GC heap before
{Heap before GC invocations=7 (full 0):
 garbage-first heap   total 131072K, used 45801K [0x0000000080000000, 0x0000000100000000)
  region size 1024K, 41 young (41984K), 4 survivors (4096K)
 Metaspace       used 21438K, capacity 21832K, committed 22064K, reserved 1069056K
  class space    used 2237K, capacity 2362K, committed 2432K, reserved 1048576K
}
Event: 5.915 GC heap after
{Heap after GC invocations=8 (full 0):
 garbage-first heap   total 131072K, used 11165K [0x0000000080000000, 0x0000000100000000)
  region size 1024K, 4 young (4096K), 4 survivors (4096K)
 Metaspace       used 21438K, capacity 21832K, committed 22064K, reserved 1069056K
  class space    used 2237K, capacity 2362K, committed 2432K, reserved 1048576K
}
Event: 8.639 GC heap before
{Heap before GC invocations=8 (full 0):
 garbage-first heap   total 131072K, used 70557K [0x0000000080000000, 0x0000000100000000)
  region size 1024K, 62 young (63488K), 4 survivors (4096K)
 Metaspace       used 25223K, capacity 25784K, committed 26032K, reserved 1073152K
  class space    used 2608K, capacity 2768K, committed 2816K, reserved 1048576K
}

Deoptimization events (10 events):
Event: 7.725 Thread 0x000001aed2926000 Uncommon trap: reason=profile_predicate action=maybe_recompile pc=0x000001aee1c66564 method=java.util.regex.Pattern$CharPropertyGreedy.match(Ljava/util/regex/Matcher;ILjava/lang/CharSequence;)Z @ 12 c2
Event: 8.279 Thread 0x000001aed2926000 Uncommon trap: reason=profile_predicate action=maybe_recompile pc=0x000001aee1c7a2cc method=java.util.regex.Pattern$CharPropertyGreedy.match(Ljava/util/regex/Matcher;ILjava/lang/CharSequence;)Z @ 70 c2
Event: 8.280 Thread 0x000001aed2926000 Uncommon trap: reason=profile_predicate action=maybe_recompile pc=0x000001aee1c7a2cc method=java.util.regex.Pattern$CharPropertyGreedy.match(Ljava/util/regex/Matcher;ILjava/lang/CharSequence;)Z @ 70 c2
Event: 8.344 Thread 0x000001aed2926000 Uncommon trap: reason=unloaded action=reinterpret pc=0x000001aee1ae6488 method=java.util.jar.JarFile.checkForSpecialAttributes()V @ 99 c2
Event: 8.350 Thread 0x000001aed2926000 Uncommon trap: reason=unloaded action=reinterpret pc=0x000001aee1ae1198 method=java.util.jar.JarFile.checkForSpecialAttributes()V @ 99 c2
Event: 8.358 Thread 0x000001aed2926000 Uncommon trap: reason=unstable_if action=reinterpret pc=0x000001aee1ae9b08 method=java.util.jar.JarFile.isMultiRelease()Z @ 4 c2
Event: 8.367 Thread 0x000001aed2926000 Uncommon trap: reason=bimorphic_or_optimized_type_check action=maybe_recompile pc=0x000001aee1c5cb78 method=java.util.regex.Matcher.match(II)Z @ 121 c2
Event: 8.398 Thread 0x000001aed2926000 Uncommon trap: reason=unstable_if action=reinterpret pc=0x000001aee1b17ed8 method=java.nio.Buffer.limit(I)Ljava/nio/Buffer; @ 42 c2
Event: 8.409 Thread 0x000001aed2926000 Uncommon trap: reason=unstable_if action=reinterpret pc=0x000001aee1b06844 method=java.nio.Buffer.limit(I)Ljava/nio/Buffer; @ 42 c2
Event: 8.562 Thread 0x000001aed2926000 Uncommon trap: reason=unstable_if action=reinterpret pc=0x000001aee1c26848 method=java.util.regex.Pattern$BmpCharPropertyGreedy.match(Ljava/util/regex/Matcher;ILjava/lang/CharSequence;)Z @ 31 c2

Classes redefined (0 events):
No events

Internal exceptions (10 events):
Event: 1.065 Thread 0x000001aed2926000 Exception <a 'java/lang/NoSuchMethodError'{0x0000000087acc4c8}: java.lang.invoke.DirectMethodHandle$Holder.invokeStaticInit(Ljava/lang/Object;IIII)Ljava/lang/Object;> (0x0000000087acc4c8) thrown at [./open/src/hotspot/share/interpreter/linkResolver.cpp, l
Event: 1.346 Thread 0x000001aed2926000 Exception <a 'java/lang/NoSuchMethodError'{0x0000000087900b80}: java.lang.invoke.DirectMethodHandle$Holder.invokeStaticInit(Ljava/lang/Object;Ljava/lang/Object;IIII)Ljava/lang/Object;> (0x0000000087900b80) thrown at [./open/src/hotspot/share/interpreter/l
Event: 3.134 Thread 0x000001aed2926000 Exception <a 'java/lang/NoClassDefFoundError'{0x000000008692ae50}: com/google/inject/servlet/ServletModuleTargetVisitor> (0x000000008692ae50) thrown at [./open/src/hotspot/share/classfile/systemDictionary.cpp, line 215]
Event: 3.134 Thread 0x000001aed2926000 Exception <a 'java/lang/NoClassDefFoundError'{0x000000008692ae50}> (0x000000008692ae50) thrown at [./open/src/hotspot/share/prims/jvm.cpp, line 1309]
Event: 3.134 Thread 0x000001aed2926000 Exception <a 'java/lang/NoClassDefFoundError'{0x000000008692df78}: javax/annotation/Priority> (0x000000008692df78) thrown at [./open/src/hotspot/share/classfile/systemDictionary.cpp, line 215]
Event: 3.552 Thread 0x000001aed2926000 Implicit null exception at 0x000001aee1acaa74 to 0x000001aee1acaf80
Event: 3.552 Thread 0x000001aed2926000 Implicit null exception at 0x000001aee1acb874 to 0x000001aee1acbd60
Event: 6.349 Thread 0x000001aed2926000 Implicit null exception at 0x000001aee1b37455 to 0x000001aee1b37604
Event: 6.350 Thread 0x000001aed2926000 Implicit null exception at 0x000001aee1aad6af to 0x000001aee1aad71d
Event: 8.626 Thread 0x000001aed2926000 Exception <a 'sun/nio/fs/WindowsException'{0x00000000842d7ef0}> (0x00000000842d7ef0) thrown at [./open/src/hotspot/share/prims/jni.cpp, line 611]

Events (10 events):
Event: 8.633 loading class sun/net/www/protocol/jrt/JavaRuntimeURLConnection$1 done
Event: 8.633 loading class jdk/internal/jimage/ImageBufferCache
Event: 8.633 loading class jdk/internal/jimage/ImageBufferCache done
Event: 8.633 loading class jdk/internal/jimage/ImageBufferCache$1
Event: 8.633 loading class jdk/internal/jimage/ImageBufferCache$1 done
Event: 8.633 loading class jdk/internal/jimage/ImageBufferCache$2
Event: 8.633 loading class jdk/internal/jimage/ImageBufferCache$2 done
Event: 8.633 loading class jdk/internal/jimage/ImageBufferCache$BufferReference
Event: 8.633 loading class jdk/internal/jimage/ImageBufferCache$BufferReference done
Event: 8.639 Executing VM operation: G1CollectForAllocation


Dynamic libraries:
0x00007ff7ce9e0000 - 0x00007ff7ce9ef000 	C:\Program Files\Java\jdk-11.0.16\bin\java.exe
0x00007fff5f470000 - 0x00007fff5f668000 	C:\Windows\SYSTEM32\ntdll.dll
0x00007fff5d500000 - 0x00007fff5d5bd000 	C:\Windows\System32\KERNEL32.DLL
0x00007fff5cc00000 - 0x00007fff5ced2000 	C:\Windows\System32\KERNELBASE.dll
0x00007fff5cf70000 - 0x00007fff5d070000 	C:\Windows\System32\ucrtbase.dll
0x00007fff4dd00000 - 0x00007fff4dd18000 	C:\Program Files\Java\jdk-11.0.16\bin\jli.dll
0x00007fff5db00000 - 0x00007fff5dbae000 	C:\Windows\System32\ADVAPI32.dll
0x00007fff5e940000 - 0x00007fff5e9de000 	C:\Windows\System32\msvcrt.dll
0x00007fff5da60000 - 0x00007fff5dafc000 	C:\Windows\System32\sechost.dll
0x00007fff5e300000 - 0x00007fff5e425000 	C:\Windows\System32\RPCRT4.dll
0x00007fff5e430000 - 0x00007fff5e5cd000 	C:\Windows\System32\USER32.dll
0x00007fff5cb80000 - 0x00007fff5cba2000 	C:\Windows\System32\win32u.dll
0x00007fff5d4d0000 - 0x00007fff5d4fb000 	C:\Windows\System32\GDI32.dll
0x00007fff5d3c0000 - 0x00007fff5d4cf000 	C:\Windows\System32\gdi32full.dll
0x00007fff5d2f0000 - 0x00007fff5d38d000 	C:\Windows\System32\msvcp_win.dll
0x00007fff4db30000 - 0x00007fff4db45000 	C:\Program Files\Java\jdk-11.0.16\bin\VCRUNTIME140.dll
0x00007fff3db10000 - 0x00007fff3ddaa000 	C:\Windows\WinSxS\amd64_microsoft.windows.common-controls_6595b64144ccf1df_6.0.19041.1110_none_60b5254171f9507e\COMCTL32.dll
0x00007fff531d0000 - 0x00007fff531da000 	C:\Windows\SYSTEM32\VERSION.dll
0x00007fff5e910000 - 0x00007fff5e940000 	C:\Windows\System32\IMM32.DLL
0x00007fff37bd0000 - 0x00007fff37c6b000 	C:\Program Files\Java\jdk-11.0.16\bin\msvcp140.dll
0x00007fff20d80000 - 0x00007fff21898000 	C:\Program Files\Java\jdk-11.0.16\bin\server\jvm.dll
0x00007fff5ebb0000 - 0x00007fff5ebb8000 	C:\Windows\System32\PSAPI.DLL
0x00007fff387c0000 - 0x00007fff387c9000 	C:\Windows\SYSTEM32\WSOCK32.dll
0x00007fff5e770000 - 0x00007fff5e7db000 	C:\Windows\System32\WS2_32.dll
0x00007fff35650000 - 0x00007fff35677000 	C:\Windows\SYSTEM32\WINMM.dll
0x00007fff5aa20000 - 0x00007fff5aa32000 	C:\Windows\SYSTEM32\kernel.appcore.dll
0x00007fff4dcf0000 - 0x00007fff4dd00000 	C:\Program Files\Java\jdk-11.0.16\bin\verify.dll
0x00007fff54710000 - 0x00007fff548f4000 	C:\Windows\SYSTEM32\DBGHELP.DLL
0x00007fff546e0000 - 0x00007fff5470c000 	C:\Windows\SYSTEM32\dbgcore.DLL
0x00007fff5cee0000 - 0x00007fff5cf62000 	C:\Windows\System32\bcryptPrimitives.dll
0x00007fff4db00000 - 0x00007fff4db28000 	C:\Program Files\Java\jdk-11.0.16\bin\java.dll
0x00007fff4d3a0000 - 0x00007fff4d3aa000 	C:\Program Files\Java\jdk-11.0.16\bin\jimage.dll
0x00007fff48010000 - 0x00007fff4801e000 	C:\Program Files\Java\jdk-11.0.16\bin\instrument.dll
0x00007fff40f10000 - 0x00007fff40f26000 	C:\Program Files\Java\jdk-11.0.16\bin\zip.dll
0x00007fff5dbb0000 - 0x00007fff5e2f3000 	C:\Windows\System32\SHELL32.dll
0x00007fff5ac20000 - 0x00007fff5b3b1000 	C:\Windows\SYSTEM32\windows.storage.dll
0x00007fff5d700000 - 0x00007fff5da54000 	C:\Windows\System32\combase.dll
0x00007fff5c420000 - 0x00007fff5c450000 	C:\Windows\SYSTEM32\Wldp.dll
0x00007fff5eb00000 - 0x00007fff5ebad000 	C:\Windows\System32\SHCORE.dll
0x00007fff5e5e0000 - 0x00007fff5e635000 	C:\Windows\System32\shlwapi.dll
0x00007fff5cac0000 - 0x00007fff5cadf000 	C:\Windows\SYSTEM32\profapi.dll
0x00007fff40ef0000 - 0x00007fff40f09000 	C:\Program Files\Java\jdk-11.0.16\bin\net.dll
0x00007fff52ef0000 - 0x00007fff52ffd000 	C:\Windows\SYSTEM32\WINHTTP.dll
0x00007fff5c200000 - 0x00007fff5c26a000 	C:\Windows\system32\mswsock.dll
0x00007fff40e90000 - 0x00007fff40ea2000 	C:\Program Files\Java\jdk-11.0.16\bin\nio.dll
0x00007fff3eee0000 - 0x00007fff3eefa000 	C:\Program Files\JetBrains\IntelliJ IDEA Community Edition 2022.2.1\bin\breakgen64.dll
0x00007fff5c460000 - 0x00007fff5c478000 	C:\Windows\SYSTEM32\CRYPTSP.dll
0x00007fff5bb40000 - 0x00007fff5bb74000 	C:\Windows\system32\rsaenh.dll
0x00007fff5d390000 - 0x00007fff5d3b7000 	C:\Windows\System32\bcrypt.dll
0x00007fff5ca40000 - 0x00007fff5ca6e000 	C:\Windows\SYSTEM32\USERENV.dll
0x00007fff5c390000 - 0x00007fff5c39c000 	C:\Windows\SYSTEM32\CRYPTBASE.dll
0x00007fff5bf10000 - 0x00007fff5bf4b000 	C:\Windows\SYSTEM32\IPHLPAPI.DLL
0x00007fff5d5c0000 - 0x00007fff5d5c8000 	C:\Windows\System32\NSI.dll
0x00007fff55ae0000 - 0x00007fff55af7000 	C:\Windows\SYSTEM32\dhcpcsvc6.DLL
0x00007fff55ac0000 - 0x00007fff55add000 	C:\Windows\SYSTEM32\dhcpcsvc.DLL
0x00007fff5bf50000 - 0x00007fff5c01a000 	C:\Windows\SYSTEM32\DNSAPI.dll
0x00007fff524d0000 - 0x00007fff524da000 	C:\Users\sfjbs\AppData\Local\Temp\jansi-1.17.1-3854935097453271354.dll
0x00007fff51250000 - 0x00007fff5125a000 	C:\Users\sfjbs\AppData\Local\Temp\jansi-1.17.1-16620348388425900303.dll

dbghelp: loaded successfully - version: 4.0.5 - missing functions: none
symbol engine: initialized successfully - sym options: 0x614 - pdb path: .;C:\Program Files\Java\jdk-11.0.16\bin;C:\Windows\SYSTEM32;C:\Windows\WinSxS\amd64_microsoft.windows.common-controls_6595b64144ccf1df_6.0.19041.1110_none_60b5254171f9507e;C:\Program Files\Java\jdk-11.0.16\bin\server;C:\Program Files\JetBrains\IntelliJ IDEA Community Edition 2022.2.1\bin;C:\Users\sfjbs\AppData\Local\Temp

VM Arguments:
jvm_args: -Dmaven.multiModuleProjectDirectory=C:\Users\sfjbs\IdeaProjects\oct31training\Aparna\MiniProject\pension-security\demo -Dmaven.home=C:\Program Files\JetBrains\IntelliJ IDEA Community Edition 2022.2.1\plugins\maven\lib\maven3 -Dclassworlds.conf=C:\Program Files\JetBrains\IntelliJ IDEA Community Edition 2022.2.1\plugins\maven\lib\maven3\bin\m2.conf -Dmaven.ext.class.path=C:\Program Files\JetBrains\IntelliJ IDEA Community Edition 2022.2.1\plugins\maven\lib\maven-event-listener.jar -javaagent:C:\Program Files\JetBrains\IntelliJ IDEA Community Edition 2022.2.1\lib\idea_rt.jar=64087:C:\Program Files\JetBrains\IntelliJ IDEA Community Edition 2022.2.1\bin -Dfile.encoding=UTF-8 
java_command: org.codehaus.classworlds.Launcher -Didea.version=2022.2.1 clean install
java_class_path (initial): C:\Program Files\JetBrains\IntelliJ IDEA Community Edition 2022.2.1\plugins\maven\lib\maven3\boot\plexus-classworlds-2.6.0.jar;C:\Program Files\JetBrains\IntelliJ IDEA Community Edition 2022.2.1\plugins\maven\lib\maven3\boot\plexus-classworlds.license
Launcher Type: SUN_STANDARD

[Global flags]
     intx CICompilerCount                          = 2                                         {product} {ergonomic}
     uint ConcGCThreads                            = 1                                         {product} {ergonomic}
     uint G1ConcRefinementThreads                  = 2                                         {product} {ergonomic}
   size_t G1HeapRegionSize                         = 1048576                                   {product} {ergonomic}
    uintx GCDrainStackTargetSize                   = 64                                        {product} {ergonomic}
   size_t InitialHeapSize                          = 134217728                                 {product} {ergonomic}
   size_t MarkStackSize                            = 4194304                                   {product} {ergonomic}
   size_t MaxHeapSize                              = 2147483648                                {product} {ergonomic}
   size_t MaxNewSize                               = 1287651328                                {product} {ergonomic}
   size_t MinHeapDeltaBytes                        = 1048576                                   {product} {ergonomic}
    uintx NonNMethodCodeHeapSize                   = 5825164                                {pd product} {ergonomic}
    uintx NonProfiledCodeHeapSize                  = 122916538                              {pd product} {ergonomic}
    uintx ProfiledCodeHeapSize                     = 122916538                              {pd product} {ergonomic}
    uintx ReservedCodeCacheSize                    = 251658240                              {pd product} {ergonomic}
     bool SegmentedCodeCache                       = true                                      {product} {ergonomic}
     bool UseCompressedClassPointers               = true                                 {lp64_product} {ergonomic}
     bool UseCompressedOops                        = true                                 {lp64_product} {ergonomic}
     bool UseG1GC                                  = true                                      {product} {ergonomic}
     bool UseLargePagesIndividualAllocation        = false                                  {pd product} {ergonomic}

Logging:
Log output configuration:
 #0: stdout all=warning uptime,level,tags
 #1: stderr all=off uptime,level,tags

Environment Variables:
PATH=C:\Program Files\Common Files\Oracle\Java\javapath;C:\Windows\system32;C:\Windows;C:\Windows\System32\Wbem;C:\Windows\System32\WindowsPowerShell\v1.0\;C:\Windows\System32\OpenSSH\;C:\Users\sfjbs\Downloads\micro service-20221021T071039Z-001\micro service\apache-maven-3.8.5-bin\apache-maven-3.8.5\bin;C:\Users\sfjbs\Downloads\micro service-20221021T071039Z-001\micro service\apache-maven-3.8.5-bin\apache-maven-3.8.5\lib;C:\Program Files\Git\cmd;C:\Program Files\Docker\Docker\resources\bin;C:\Users\sfjbs\AppData\Local\Microsoft\WindowsApps;C:\Users\sfjbs\Downloads\micro service-20221021T071039Z-001\micro service\apache-maven-3.8.5-bin\apache-maven-3.8.5\bin;C:\Users\sfjbs\Downloads\micro service-20221021T071039Z-001\micro service\apache-maven-3.8.5-bin\apache-maven-3.8.5\lib;;C:\Program Files\JetBrains\IntelliJ IDEA Community Edition 2022.2.1\bin;
USERNAME=sfjbs
OS=Windows_NT
PROCESSOR_IDENTIFIER=Intel64 Family 6 Model 106 Stepping 6, GenuineIntel



---------------  S Y S T E M  ---------------

OS: Windows 10 , 64 bit Build 19041 (10.0.19041.1889)
Hyper-V role detected

CPU:total 2 (initial active 2) (1 cores per cpu, 2 threads per core) family 6 model 106 stepping 6 microcode 0xffffffff, cmov, cx8, fxsr, mmx, sse, sse2, sse3, ssse3, sse4.1, sse4.2, popcnt, avx, avx2, aes, clmul, erms, rtm, 3dnowpref, lzcnt, ht, tsc, bmi1, bmi2, adx, evex, fma

Memory: 4k page, system-wide physical 8190M (1453M free)
TotalPageFile size 10238M (AvailPageFile size 15M)
current process WorkingSet (physical memory assigned to process): 172M, peak: 172M
current process commit charge ("private bytes"): 251M, peak: 277M

vm_info: Java HotSpot(TM) 64-Bit Server VM (11.0.16+11-LTS-199) for windows-amd64 JRE (11.0.16+11-LTS-199), built on Jun 28 2022 08:23:17 by "mach5one" with MS VC++ 15.9 (VS2017)

END.
