#
# There is insufficient memory for the Java Runtime Environment to continue.
# Native memory allocation (malloc) failed to allocate 1895696 bytes for Chunk::new
# Possible reasons:
#   The system is out of physical RAM or swap space
#   The process is running with CompressedOops enabled, and the Java Heap may be blocking the growth of the native heap
# Possible solutions:
#   Reduce memory load on the system
#   Increase physical memory or swap space
#   Check if swap backing store is full
#   Decrease Java heap size (-Xmx/-Xms)
#   Decrease number of Java threads
#   Decrease Java thread stack sizes (-Xss)
#   Set larger code cache with -XX:ReservedCodeCacheSize=
#   JVM is running with Unscaled Compressed Oops mode in which the Java heap is
#     placed in the first 4GB address space. The Java Heap base address is the
#     maximum limit for the native heap growth. Please use -XX:HeapBaseMinAddress
#     to set the Java Heap base and to place the Java Heap above 4GB virtual address.
# This output file may be truncated or incomplete.
#
#  Out of Memory Error (./open/src/hotspot/share/memory/arena.cpp:197), pid=9288, tid=8940
#
# JRE version: Java(TM) SE Runtime Environment 18.9 (11.0.16+11) (build 11.0.16+11-LTS-199)
# Java VM: Java HotSpot(TM) 64-Bit Server VM 18.9 (11.0.16+11-LTS-199, mixed mode, tiered, compressed oops, g1 gc, windows-amd64)
# No core dump will be written. Minidumps are not enabled by default on client versions of Windows
#

---------------  S U M M A R Y ------------

Command Line: -Dclassworlds.conf=C:\Users\sfjbs\Downloads\micro service-20221021T071039Z-001\micro service\apache-maven-3.8.5-bin\apache-maven-3.8.5\bin\m2.conf -Dmaven.home=C:\Users\sfjbs\Downloads\micro service-20221021T071039Z-001\micro service\apache-maven-3.8.5-bin\apache-maven-3.8.5 -Dlibrary.jansi.path=C:\Users\sfjbs\Downloads\micro service-20221021T071039Z-001\micro service\apache-maven-3.8.5-bin\apache-maven-3.8.5\lib\jansi-native -Dmaven.multiModuleProjectDirectory=C:\Users\sfjbs\IdeaProjects\oct31training\k4j\Day8\eureka-app\eureka-server org.codehaus.plexus.classworlds.launcher.Launcher clean install -DskipTests

Host: Intel(R) Xeon(R) Platinum 8370C CPU @ 2.80GHz, 2 cores, 7G,  Windows 10 , 64 bit Build 19041 (10.0.19041.1889)
Time: Thu Nov 10 07:15:50 2022 Coordinated Universal Time elapsed time: 6.863397 seconds (0d 0h 0m 6s)

---------------  T H R E A D  ---------------

Current thread (0x000001cdbd302000):  JavaThread "C2 CompilerThread0" daemon [_thread_in_native, id=8940, stack(0x0000008a70f00000,0x0000008a71000000)]


Current CompileTask:
C2:   6863 3828       4       org.apache.maven.repository.internal.ArtifactDescriptorReaderDelegate::convert (205 bytes)

Stack: [0x0000008a70f00000,0x0000008a71000000]
Native frames: (J=compiled Java code, j=interpreted, Vv=VM code, C=native code)
V  [jvm.dll+0x62a3ea]
V  [jvm.dll+0x76418f]
V  [jvm.dll+0x765839]
V  [jvm.dll+0x765ec3]
V  [jvm.dll+0x23da98]
V  [jvm.dll+0xb2a1c]
V  [jvm.dll+0xb2fdc]
V  [jvm.dll+0x341442]
V  [jvm.dll+0x30ec83]
V  [jvm.dll+0x30dfca]
V  [jvm.dll+0x1f84a5]
V  [jvm.dll+0x1f768d]
V  [jvm.dll+0x177c81]
V  [jvm.dll+0x207006]
V  [jvm.dll+0x20519b]
V  [jvm.dll+0x729fa0]
V  [jvm.dll+0x722b74]
V  [jvm.dll+0x629286]
C  [ucrtbase.dll+0x21bb2]
C  [KERNEL32.DLL+0x17034]
C  [ntdll.dll+0x526a1]


---------------  P R O C E S S  ---------------

Threads class SMR info:
_java_thread_list=0x000001cdbdda61d0, length=10, elements={
0x000001cd9f817000, 0x000001cdbd2de000, 0x000001cdbd2e8000, 0x000001cdbd2f9000,
0x000001cdbd2fd000, 0x000001cdbd2fe800, 0x000001cdbd302000, 0x000001cdbd304000,
0x000001cdbd30c800, 0x000001cdbddd9800
}

Java Threads: ( => current thread )
  0x000001cd9f817000 JavaThread "main" [_thread_in_Java, id=9352, stack(0x0000008a70300000,0x0000008a70400000)]
  0x000001cdbd2de000 JavaThread "Reference Handler" daemon [_thread_blocked, id=12276, stack(0x0000008a70a00000,0x0000008a70b00000)]
  0x000001cdbd2e8000 JavaThread "Finalizer" daemon [_thread_blocked, id=4300, stack(0x0000008a70b00000,0x0000008a70c00000)]
  0x000001cdbd2f9000 JavaThread "Signal Dispatcher" daemon [_thread_blocked, id=11092, stack(0x0000008a70c00000,0x0000008a70d00000)]
  0x000001cdbd2fd000 JavaThread "Attach Listener" daemon [_thread_blocked, id=4020, stack(0x0000008a70d00000,0x0000008a70e00000)]
  0x000001cdbd2fe800 JavaThread "Service Thread" daemon [_thread_blocked, id=11500, stack(0x0000008a70e00000,0x0000008a70f00000)]
=>0x000001cdbd302000 JavaThread "C2 CompilerThread0" daemon [_thread_in_native, id=8940, stack(0x0000008a70f00000,0x0000008a71000000)]
  0x000001cdbd304000 JavaThread "C1 CompilerThread0" daemon [_thread_in_native, id=4548, stack(0x0000008a71000000,0x0000008a71100000)]
  0x000001cdbd30c800 JavaThread "Sweeper thread" daemon [_thread_blocked, id=5372, stack(0x0000008a71100000,0x0000008a71200000)]
  0x000001cdbddd9800 JavaThread "Common-Cleaner" daemon [_thread_blocked, id=6636, stack(0x0000008a71300000,0x0000008a71400000)]

Other Threads:
  0x000001cdbd2da000 VMThread "VM Thread" [stack: 0x0000008a70900000,0x0000008a70a00000] [id=11964]
  0x000001cdbddcf000 WatcherThread [stack: 0x0000008a71200000,0x0000008a71300000] [id=10104]
  0x000001cd9f82c000 GCTaskThread "GC Thread#0" [stack: 0x0000008a70400000,0x0000008a70500000] [id=8408]
  0x000001cdbe03e000 GCTaskThread "GC Thread#1" [stack: 0x0000008a71400000,0x0000008a71500000] [id=5108]
  0x000001cd9f85b800 ConcurrentGCThread "G1 Main Marker" [stack: 0x0000008a70500000,0x0000008a70600000] [id=9832]
  0x000001cd9f85e000 ConcurrentGCThread "G1 Conc#0" [stack: 0x0000008a70600000,0x0000008a70700000] [id=7020]
  0x000001cd9f8e5800 ConcurrentGCThread "G1 Refine#0" [stack: 0x0000008a70700000,0x0000008a70800000] [id=8748]
  0x000001cd9f8e7800 ConcurrentGCThread "G1 Young RemSet Sampling" [stack: 0x0000008a70800000,0x0000008a70900000] [id=6728]

Threads with active compile tasks:
C2 CompilerThread0     6895 3828       4       org.apache.maven.repository.internal.ArtifactDescriptorReaderDelegate::convert (205 bytes)
C1 CompilerThread0     6895 3910       2       java.util.zip.ZipFile$Source::initCEN (693 bytes)

VM state:not at safepoint (normal execution)

VM Mutex/Monitor currently owned by a thread: None

Heap address: 0x0000000080000000, size: 2048 MB, Compressed Oops mode: 32-bit
Narrow klass base: 0x0000000000000000, Narrow klass shift: 3
Compressed class space size: 1073741824 Address: 0x0000000100000000

Heap:
 garbage-first heap   total 157696K, used 79955K [0x0000000080000000, 0x0000000100000000)
  region size 1024K, 77 young (78848K), 12 survivors (12288K)
 Metaspace       used 22080K, capacity 22458K, committed 22656K, reserved 1069056K
  class space    used 2249K, capacity 2398K, committed 2432K, reserved 1048576K
Heap Regions: E=young(eden), S=young(survivor), O=old, HS=humongous(starts), HC=humongous(continues), CS=collection set, F=free, A=archive, TAMS=top-at-mark-start (previous, next)
|   0|0x0000000080000000, 0x0000000080100000, 0x0000000080100000|100%| O|  |TAMS 0x0000000080100000, 0x0000000080000000| Untracked 
|   1|0x0000000080100000, 0x0000000080200000, 0x0000000080200000|100%| O|  |TAMS 0x0000000080200000, 0x0000000080100000| Untracked 
|   2|0x0000000080200000, 0x0000000080214e00, 0x0000000080300000|  8%| O|  |TAMS 0x0000000080214e00, 0x0000000080200000| Untracked 
|   3|0x0000000080300000, 0x0000000080300000, 0x0000000080400000|  0%| F|  |TAMS 0x0000000080300000, 0x0000000080300000| Untracked 
|   4|0x0000000080400000, 0x0000000080400000, 0x0000000080500000|  0%| F|  |TAMS 0x0000000080400000, 0x0000000080400000| Untracked 
|   5|0x0000000080500000, 0x0000000080500000, 0x0000000080600000|  0%| F|  |TAMS 0x0000000080500000, 0x0000000080500000| Untracked 
|   6|0x0000000080600000, 0x0000000080600000, 0x0000000080700000|  0%| F|  |TAMS 0x0000000080600000, 0x0000000080600000| Untracked 
|   7|0x0000000080700000, 0x0000000080700000, 0x0000000080800000|  0%| F|  |TAMS 0x0000000080700000, 0x0000000080700000| Untracked 
|   8|0x0000000080800000, 0x0000000080800000, 0x0000000080900000|  0%| F|  |TAMS 0x0000000080800000, 0x0000000080800000| Untracked 
|   9|0x0000000080900000, 0x0000000080900000, 0x0000000080a00000|  0%| F|  |TAMS 0x0000000080900000, 0x0000000080900000| Untracked 
|  10|0x0000000080a00000, 0x0000000080a00000, 0x0000000080b00000|  0%| F|  |TAMS 0x0000000080a00000, 0x0000000080a00000| Untracked 
|  11|0x0000000080b00000, 0x0000000080b00000, 0x0000000080c00000|  0%| F|  |TAMS 0x0000000080b00000, 0x0000000080b00000| Untracked 
|  12|0x0000000080c00000, 0x0000000080c00000, 0x0000000080d00000|  0%| F|  |TAMS 0x0000000080c00000, 0x0000000080c00000| Untracked 
|  13|0x0000000080d00000, 0x0000000080d00000, 0x0000000080e00000|  0%| F|  |TAMS 0x0000000080d00000, 0x0000000080d00000| Untracked 
|  14|0x0000000080e00000, 0x0000000080e00000, 0x0000000080f00000|  0%| F|  |TAMS 0x0000000080e00000, 0x0000000080e00000| Untracked 
|  15|0x0000000080f00000, 0x0000000080f00000, 0x0000000081000000|  0%| F|  |TAMS 0x0000000080f00000, 0x0000000080f00000| Untracked 
|  16|0x0000000081000000, 0x0000000081000000, 0x0000000081100000|  0%| F|  |TAMS 0x0000000081000000, 0x0000000081000000| Untracked 
|  17|0x0000000081100000, 0x0000000081100000, 0x0000000081200000|  0%| F|  |TAMS 0x0000000081100000, 0x0000000081100000| Untracked 
|  18|0x0000000081200000, 0x0000000081200000, 0x0000000081300000|  0%| F|  |TAMS 0x0000000081200000, 0x0000000081200000| Untracked 
|  19|0x0000000081300000, 0x0000000081300000, 0x0000000081400000|  0%| F|  |TAMS 0x0000000081300000, 0x0000000081300000| Untracked 
|  20|0x0000000081400000, 0x0000000081400000, 0x0000000081500000|  0%| F|  |TAMS 0x0000000081400000, 0x0000000081400000| Untracked 
|  21|0x0000000081500000, 0x0000000081500000, 0x0000000081600000|  0%| F|  |TAMS 0x0000000081500000, 0x0000000081500000| Untracked 
|  22|0x0000000081600000, 0x0000000081600000, 0x0000000081700000|  0%| F|  |TAMS 0x0000000081600000, 0x0000000081600000| Untracked 
|  23|0x0000000081700000, 0x0000000081700000, 0x0000000081800000|  0%| F|  |TAMS 0x0000000081700000, 0x0000000081700000| Untracked 
|  24|0x0000000081800000, 0x0000000081800000, 0x0000000081900000|  0%| F|  |TAMS 0x0000000081800000, 0x0000000081800000| Untracked 
|  25|0x0000000081900000, 0x0000000081900000, 0x0000000081a00000|  0%| F|  |TAMS 0x0000000081900000, 0x0000000081900000| Untracked 
|  26|0x0000000081a00000, 0x0000000081a00000, 0x0000000081b00000|  0%| F|  |TAMS 0x0000000081a00000, 0x0000000081a00000| Untracked 
|  27|0x0000000081b00000, 0x0000000081b00000, 0x0000000081c00000|  0%| F|  |TAMS 0x0000000081b00000, 0x0000000081b00000| Untracked 
|  28|0x0000000081c00000, 0x0000000081c00000, 0x0000000081d00000|  0%| F|  |TAMS 0x0000000081c00000, 0x0000000081c00000| Untracked 
|  29|0x0000000081d00000, 0x0000000081d00000, 0x0000000081e00000|  0%| F|  |TAMS 0x0000000081d00000, 0x0000000081d00000| Untracked 
|  30|0x0000000081e00000, 0x0000000081e00000, 0x0000000081f00000|  0%| F|  |TAMS 0x0000000081e00000, 0x0000000081e00000| Untracked 
|  31|0x0000000081f00000, 0x0000000081f00000, 0x0000000082000000|  0%| F|  |TAMS 0x0000000081f00000, 0x0000000081f00000| Untracked 
|  32|0x0000000082000000, 0x0000000082000000, 0x0000000082100000|  0%| F|  |TAMS 0x0000000082000000, 0x0000000082000000| Untracked 
|  33|0x0000000082100000, 0x0000000082100000, 0x0000000082200000|  0%| F|  |TAMS 0x0000000082100000, 0x0000000082100000| Untracked 
|  34|0x0000000082200000, 0x0000000082200000, 0x0000000082300000|  0%| F|  |TAMS 0x0000000082200000, 0x0000000082200000| Untracked 
|  35|0x0000000082300000, 0x0000000082300000, 0x0000000082400000|  0%| F|  |TAMS 0x0000000082300000, 0x0000000082300000| Untracked 
|  36|0x0000000082400000, 0x0000000082400000, 0x0000000082500000|  0%| F|  |TAMS 0x0000000082400000, 0x0000000082400000| Untracked 
|  37|0x0000000082500000, 0x0000000082500000, 0x0000000082600000|  0%| F|  |TAMS 0x0000000082500000, 0x0000000082500000| Untracked 
|  38|0x0000000082600000, 0x0000000082600000, 0x0000000082700000|  0%| F|  |TAMS 0x0000000082600000, 0x0000000082600000| Untracked 
|  39|0x0000000082700000, 0x0000000082700000, 0x0000000082800000|  0%| F|  |TAMS 0x0000000082700000, 0x0000000082700000| Untracked 
|  40|0x0000000082800000, 0x0000000082800000, 0x0000000082900000|  0%| F|  |TAMS 0x0000000082800000, 0x0000000082800000| Untracked 
|  41|0x0000000082900000, 0x0000000082900000, 0x0000000082a00000|  0%| F|  |TAMS 0x0000000082900000, 0x0000000082900000| Untracked 
|  42|0x0000000082a00000, 0x0000000082a00000, 0x0000000082b00000|  0%| F|  |TAMS 0x0000000082a00000, 0x0000000082a00000| Untracked 
|  43|0x0000000082b00000, 0x0000000082b00000, 0x0000000082c00000|  0%| F|  |TAMS 0x0000000082b00000, 0x0000000082b00000| Untracked 
|  44|0x0000000082c00000, 0x0000000082c00000, 0x0000000082d00000|  0%| F|  |TAMS 0x0000000082c00000, 0x0000000082c00000| Untracked 
|  45|0x0000000082d00000, 0x0000000082d00000, 0x0000000082e00000|  0%| F|  |TAMS 0x0000000082d00000, 0x0000000082d00000| Untracked 
|  46|0x0000000082e00000, 0x0000000082e00000, 0x0000000082f00000|  0%| F|  |TAMS 0x0000000082e00000, 0x0000000082e00000| Untracked 
|  47|0x0000000082f00000, 0x0000000082f00000, 0x0000000083000000|  0%| F|  |TAMS 0x0000000082f00000, 0x0000000082f00000| Untracked 
|  48|0x0000000083000000, 0x0000000083000000, 0x0000000083100000|  0%| F|  |TAMS 0x0000000083000000, 0x0000000083000000| Untracked 
|  49|0x0000000083100000, 0x0000000083100000, 0x0000000083200000|  0%| F|  |TAMS 0x0000000083100000, 0x0000000083100000| Untracked 
|  50|0x0000000083200000, 0x0000000083200000, 0x0000000083300000|  0%| F|  |TAMS 0x0000000083200000, 0x0000000083200000| Untracked 
|  51|0x0000000083300000, 0x0000000083300000, 0x0000000083400000|  0%| F|  |TAMS 0x0000000083300000, 0x0000000083300000| Untracked 
|  52|0x0000000083400000, 0x0000000083400000, 0x0000000083500000|  0%| F|  |TAMS 0x0000000083400000, 0x0000000083400000| Untracked 
|  53|0x0000000083500000, 0x0000000083500000, 0x0000000083600000|  0%| F|  |TAMS 0x0000000083500000, 0x0000000083500000| Untracked 
|  54|0x0000000083600000, 0x0000000083600000, 0x0000000083700000|  0%| F|  |TAMS 0x0000000083600000, 0x0000000083600000| Untracked 
|  55|0x0000000083700000, 0x0000000083700000, 0x0000000083800000|  0%| F|  |TAMS 0x0000000083700000, 0x0000000083700000| Untracked 
|  56|0x0000000083800000, 0x0000000083800000, 0x0000000083900000|  0%| F|  |TAMS 0x0000000083800000, 0x0000000083800000| Untracked 
|  57|0x0000000083900000, 0x0000000083900000, 0x0000000083a00000|  0%| F|  |TAMS 0x0000000083900000, 0x0000000083900000| Untracked 
|  58|0x0000000083a00000, 0x0000000083a00000, 0x0000000083b00000|  0%| F|  |TAMS 0x0000000083a00000, 0x0000000083a00000| Untracked 
|  59|0x0000000083b00000, 0x0000000083b00000, 0x0000000083c00000|  0%| F|  |TAMS 0x0000000083b00000, 0x0000000083b00000| Untracked 
|  60|0x0000000083c00000, 0x0000000083c00000, 0x0000000083d00000|  0%| F|  |TAMS 0x0000000083c00000, 0x0000000083c00000| Untracked 
|  61|0x0000000083d00000, 0x0000000083d00000, 0x0000000083e00000|  0%| F|  |TAMS 0x0000000083d00000, 0x0000000083d00000| Untracked 
|  62|0x0000000083e00000, 0x0000000083e00000, 0x0000000083f00000|  0%| F|  |TAMS 0x0000000083e00000, 0x0000000083e00000| Untracked 
|  63|0x0000000083f00000, 0x0000000083f00000, 0x0000000084000000|  0%| F|  |TAMS 0x0000000083f00000, 0x0000000083f00000| Untracked 
|  64|0x0000000084000000, 0x0000000084000000, 0x0000000084100000|  0%| F|  |TAMS 0x0000000084000000, 0x0000000084000000| Untracked 
|  65|0x0000000084100000, 0x0000000084100000, 0x0000000084200000|  0%| F|  |TAMS 0x0000000084100000, 0x0000000084100000| Untracked 
|  66|0x0000000084200000, 0x0000000084200000, 0x0000000084300000|  0%| F|  |TAMS 0x0000000084200000, 0x0000000084200000| Untracked 
|  67|0x0000000084300000, 0x0000000084300000, 0x0000000084400000|  0%| F|  |TAMS 0x0000000084300000, 0x0000000084300000| Untracked 
|  68|0x0000000084400000, 0x0000000084400000, 0x0000000084500000|  0%| F|  |TAMS 0x0000000084400000, 0x0000000084400000| Untracked 
|  69|0x0000000084500000, 0x0000000084500000, 0x0000000084600000|  0%| F|  |TAMS 0x0000000084500000, 0x0000000084500000| Untracked 
|  70|0x0000000084600000, 0x0000000084600000, 0x0000000084700000|  0%| F|  |TAMS 0x0000000084600000, 0x0000000084600000| Untracked 
|  71|0x0000000084700000, 0x0000000084700000, 0x0000000084800000|  0%| F|  |TAMS 0x0000000084700000, 0x0000000084700000| Untracked 
|  72|0x0000000084800000, 0x0000000084800000, 0x0000000084900000|  0%| F|  |TAMS 0x0000000084800000, 0x0000000084800000| Untracked 
|  73|0x0000000084900000, 0x0000000084900000, 0x0000000084a00000|  0%| F|  |TAMS 0x0000000084900000, 0x0000000084900000| Untracked 
|  74|0x0000000084a00000, 0x0000000084a00000, 0x0000000084b00000|  0%| F|  |TAMS 0x0000000084a00000, 0x0000000084a00000| Untracked 
|  75|0x0000000084b00000, 0x0000000084c00000, 0x0000000084c00000|100%| S|CS|TAMS 0x0000000084b00000, 0x0000000084b00000| Complete 
|  76|0x0000000084c00000, 0x0000000084d00000, 0x0000000084d00000|100%| S|CS|TAMS 0x0000000084c00000, 0x0000000084c00000| Complete 
|  77|0x0000000084d00000, 0x0000000084e00000, 0x0000000084e00000|100%| S|CS|TAMS 0x0000000084d00000, 0x0000000084d00000| Complete 
|  78|0x0000000084e00000, 0x0000000084f00000, 0x0000000084f00000|100%| S|CS|TAMS 0x0000000084e00000, 0x0000000084e00000| Complete 
|  79|0x0000000084f00000, 0x0000000085000000, 0x0000000085000000|100%| S|CS|TAMS 0x0000000084f00000, 0x0000000084f00000| Complete 
|  80|0x0000000085000000, 0x0000000085100000, 0x0000000085100000|100%| S|CS|TAMS 0x0000000085000000, 0x0000000085000000| Complete 
|  81|0x0000000085100000, 0x0000000085200000, 0x0000000085200000|100%| S|CS|TAMS 0x0000000085100000, 0x0000000085100000| Complete 
|  82|0x0000000085200000, 0x0000000085300000, 0x0000000085300000|100%| S|CS|TAMS 0x0000000085200000, 0x0000000085200000| Complete 
|  83|0x0000000085300000, 0x0000000085400000, 0x0000000085400000|100%| S|CS|TAMS 0x0000000085300000, 0x0000000085300000| Complete 
|  84|0x0000000085400000, 0x0000000085500000, 0x0000000085500000|100%| S|CS|TAMS 0x0000000085400000, 0x0000000085400000| Complete 
|  85|0x0000000085500000, 0x0000000085600000, 0x0000000085600000|100%| S|CS|TAMS 0x0000000085500000, 0x0000000085500000| Complete 
|  86|0x0000000085600000, 0x0000000085700000, 0x0000000085700000|100%| S|CS|TAMS 0x0000000085600000, 0x0000000085600000| Complete 
|  87|0x0000000085700000, 0x0000000085700000, 0x0000000085800000|  0%| F|  |TAMS 0x0000000085700000, 0x0000000085700000| Untracked 
|  88|0x0000000085800000, 0x0000000085800000, 0x0000000085900000|  0%| F|  |TAMS 0x0000000085800000, 0x0000000085800000| Untracked 
|  89|0x0000000085900000, 0x0000000085984010, 0x0000000085a00000| 51%| E|  |TAMS 0x0000000085900000, 0x0000000085900000| Complete 
|  90|0x0000000085a00000, 0x0000000085b00000, 0x0000000085b00000|100%| E|CS|TAMS 0x0000000085a00000, 0x0000000085a00000| Complete 
|  91|0x0000000085b00000, 0x0000000085c00000, 0x0000000085c00000|100%| E|CS|TAMS 0x0000000085b00000, 0x0000000085b00000| Complete 
|  92|0x0000000085c00000, 0x0000000085d00000, 0x0000000085d00000|100%| E|CS|TAMS 0x0000000085c00000, 0x0000000085c00000| Complete 
|  93|0x0000000085d00000, 0x0000000085e00000, 0x0000000085e00000|100%| E|CS|TAMS 0x0000000085d00000, 0x0000000085d00000| Complete 
|  94|0x0000000085e00000, 0x0000000085f00000, 0x0000000085f00000|100%| E|CS|TAMS 0x0000000085e00000, 0x0000000085e00000| Complete 
|  95|0x0000000085f00000, 0x0000000086000000, 0x0000000086000000|100%| E|CS|TAMS 0x0000000085f00000, 0x0000000085f00000| Complete 
|  96|0x0000000086000000, 0x0000000086100000, 0x0000000086100000|100%| E|CS|TAMS 0x0000000086000000, 0x0000000086000000| Complete 
|  97|0x0000000086100000, 0x0000000086200000, 0x0000000086200000|100%| E|CS|TAMS 0x0000000086100000, 0x0000000086100000| Complete 
|  98|0x0000000086200000, 0x0000000086300000, 0x0000000086300000|100%| E|CS|TAMS 0x0000000086200000, 0x0000000086200000| Complete 
|  99|0x0000000086300000, 0x0000000086400000, 0x0000000086400000|100%| E|CS|TAMS 0x0000000086300000, 0x0000000086300000| Complete 
| 100|0x0000000086400000, 0x0000000086500000, 0x0000000086500000|100%| E|CS|TAMS 0x0000000086400000, 0x0000000086400000| Complete 
| 101|0x0000000086500000, 0x0000000086600000, 0x0000000086600000|100%| E|CS|TAMS 0x0000000086500000, 0x0000000086500000| Complete 
| 102|0x0000000086600000, 0x0000000086700000, 0x0000000086700000|100%| E|CS|TAMS 0x0000000086600000, 0x0000000086600000| Complete 
| 103|0x0000000086700000, 0x0000000086800000, 0x0000000086800000|100%| E|CS|TAMS 0x0000000086700000, 0x0000000086700000| Complete 
| 104|0x0000000086800000, 0x0000000086900000, 0x0000000086900000|100%| E|CS|TAMS 0x0000000086800000, 0x0000000086800000| Complete 
| 105|0x0000000086900000, 0x0000000086a00000, 0x0000000086a00000|100%| E|CS|TAMS 0x0000000086900000, 0x0000000086900000| Complete 
| 106|0x0000000086a00000, 0x0000000086b00000, 0x0000000086b00000|100%| E|CS|TAMS 0x0000000086a00000, 0x0000000086a00000| Complete 
| 107|0x0000000086b00000, 0x0000000086c00000, 0x0000000086c00000|100%| E|CS|TAMS 0x0000000086b00000, 0x0000000086b00000| Complete 
| 108|0x0000000086c00000, 0x0000000086d00000, 0x0000000086d00000|100%| E|CS|TAMS 0x0000000086c00000, 0x0000000086c00000| Complete 
| 109|0x0000000086d00000, 0x0000000086e00000, 0x0000000086e00000|100%| E|CS|TAMS 0x0000000086d00000, 0x0000000086d00000| Complete 
| 110|0x0000000086e00000, 0x0000000086f00000, 0x0000000086f00000|100%| E|CS|TAMS 0x0000000086e00000, 0x0000000086e00000| Complete 
| 111|0x0000000086f00000, 0x0000000087000000, 0x0000000087000000|100%| E|CS|TAMS 0x0000000086f00000, 0x0000000086f00000| Complete 
| 112|0x0000000087000000, 0x0000000087100000, 0x0000000087100000|100%| E|CS|TAMS 0x0000000087000000, 0x0000000087000000| Complete 
| 113|0x0000000087100000, 0x0000000087200000, 0x0000000087200000|100%| E|CS|TAMS 0x0000000087100000, 0x0000000087100000| Complete 
| 114|0x0000000087200000, 0x0000000087300000, 0x0000000087300000|100%| E|CS|TAMS 0x0000000087200000, 0x0000000087200000| Complete 
| 115|0x0000000087300000, 0x0000000087400000, 0x0000000087400000|100%| E|CS|TAMS 0x0000000087300000, 0x0000000087300000| Complete 
| 116|0x0000000087400000, 0x0000000087500000, 0x0000000087500000|100%| E|CS|TAMS 0x0000000087400000, 0x0000000087400000| Complete 
| 117|0x0000000087500000, 0x0000000087600000, 0x0000000087600000|100%| E|CS|TAMS 0x0000000087500000, 0x0000000087500000| Complete 
| 118|0x0000000087600000, 0x0000000087700000, 0x0000000087700000|100%| E|CS|TAMS 0x0000000087600000, 0x0000000087600000| Complete 
| 119|0x0000000087700000, 0x0000000087800000, 0x0000000087800000|100%| E|CS|TAMS 0x0000000087700000, 0x0000000087700000| Complete 
| 120|0x0000000087800000, 0x0000000087900000, 0x0000000087900000|100%| E|CS|TAMS 0x0000000087800000, 0x0000000087800000| Complete 
| 121|0x0000000087900000, 0x0000000087a00000, 0x0000000087a00000|100%| E|CS|TAMS 0x0000000087900000, 0x0000000087900000| Complete 
| 122|0x0000000087a00000, 0x0000000087b00000, 0x0000000087b00000|100%| E|CS|TAMS 0x0000000087a00000, 0x0000000087a00000| Complete 
| 123|0x0000000087b00000, 0x0000000087c00000, 0x0000000087c00000|100%| E|CS|TAMS 0x0000000087b00000, 0x0000000087b00000| Complete 
| 124|0x0000000087c00000, 0x0000000087d00000, 0x0000000087d00000|100%| E|CS|TAMS 0x0000000087c00000, 0x0000000087c00000| Complete 
| 125|0x0000000087d00000, 0x0000000087e00000, 0x0000000087e00000|100%| E|CS|TAMS 0x0000000087d00000, 0x0000000087d00000| Complete 
| 126|0x0000000087e00000, 0x0000000087f00000, 0x0000000087f00000|100%| E|CS|TAMS 0x0000000087e00000, 0x0000000087e00000| Complete 
| 127|0x0000000087f00000, 0x0000000088000000, 0x0000000088000000|100%| E|CS|TAMS 0x0000000087f00000, 0x0000000087f00000| Complete 
| 128|0x0000000088000000, 0x0000000088100000, 0x0000000088100000|100%| E|CS|TAMS 0x0000000088000000, 0x0000000088000000| Complete 
| 129|0x0000000088100000, 0x0000000088200000, 0x0000000088200000|100%| E|CS|TAMS 0x0000000088100000, 0x0000000088100000| Complete 
| 130|0x0000000088200000, 0x0000000088300000, 0x0000000088300000|100%| E|CS|TAMS 0x0000000088200000, 0x0000000088200000| Complete 
| 131|0x0000000088300000, 0x0000000088400000, 0x0000000088400000|100%| E|CS|TAMS 0x0000000088300000, 0x0000000088300000| Complete 
| 132|0x0000000088400000, 0x0000000088500000, 0x0000000088500000|100%| E|CS|TAMS 0x0000000088400000, 0x0000000088400000| Complete 
| 133|0x0000000088500000, 0x0000000088600000, 0x0000000088600000|100%| E|CS|TAMS 0x0000000088500000, 0x0000000088500000| Complete 
| 134|0x0000000088600000, 0x0000000088700000, 0x0000000088700000|100%| E|CS|TAMS 0x0000000088600000, 0x0000000088600000| Complete 
| 135|0x0000000088700000, 0x0000000088800000, 0x0000000088800000|100%| E|CS|TAMS 0x0000000088700000, 0x0000000088700000| Complete 
| 136|0x0000000088800000, 0x0000000088900000, 0x0000000088900000|100%| E|CS|TAMS 0x0000000088800000, 0x0000000088800000| Complete 
| 137|0x0000000088900000, 0x0000000088a00000, 0x0000000088a00000|100%| E|CS|TAMS 0x0000000088900000, 0x0000000088900000| Complete 
| 138|0x0000000088a00000, 0x0000000088b00000, 0x0000000088b00000|100%| E|CS|TAMS 0x0000000088a00000, 0x0000000088a00000| Complete 
| 139|0x0000000088b00000, 0x0000000088c00000, 0x0000000088c00000|100%| E|CS|TAMS 0x0000000088b00000, 0x0000000088b00000| Complete 
| 140|0x0000000088c00000, 0x0000000088d00000, 0x0000000088d00000|100%| E|CS|TAMS 0x0000000088c00000, 0x0000000088c00000| Complete 
| 141|0x0000000088d00000, 0x0000000088e00000, 0x0000000088e00000|100%| E|CS|TAMS 0x0000000088d00000, 0x0000000088d00000| Complete 
| 142|0x0000000088e00000, 0x0000000088f00000, 0x0000000088f00000|100%| E|CS|TAMS 0x0000000088e00000, 0x0000000088e00000| Complete 
| 143|0x0000000088f00000, 0x0000000089000000, 0x0000000089000000|100%| E|CS|TAMS 0x0000000088f00000, 0x0000000088f00000| Complete 
| 144|0x0000000089000000, 0x0000000089100000, 0x0000000089100000|100%| E|CS|TAMS 0x0000000089000000, 0x0000000089000000| Complete 
| 145|0x0000000089100000, 0x0000000089200000, 0x0000000089200000|100%| E|CS|TAMS 0x0000000089100000, 0x0000000089100000| Complete 
| 146|0x0000000089200000, 0x0000000089300000, 0x0000000089300000|100%| E|CS|TAMS 0x0000000089200000, 0x0000000089200000| Complete 
| 147|0x0000000089300000, 0x0000000089400000, 0x0000000089400000|100%| E|CS|TAMS 0x0000000089300000, 0x0000000089300000| Complete 
| 148|0x0000000089400000, 0x0000000089500000, 0x0000000089500000|100%| E|CS|TAMS 0x0000000089400000, 0x0000000089400000| Complete 
| 149|0x0000000089500000, 0x0000000089600000, 0x0000000089600000|100%| E|CS|TAMS 0x0000000089500000, 0x0000000089500000| Complete 
| 150|0x0000000089600000, 0x0000000089700000, 0x0000000089700000|100%| E|CS|TAMS 0x0000000089600000, 0x0000000089600000| Complete 
| 151|0x0000000089700000, 0x0000000089800000, 0x0000000089800000|100%| E|CS|TAMS 0x0000000089700000, 0x0000000089700000| Complete 
| 152|0x0000000089800000, 0x0000000089900000, 0x0000000089900000|100%| E|CS|TAMS 0x0000000089800000, 0x0000000089800000| Complete 
| 153|0x0000000089900000, 0x0000000089a00000, 0x0000000089a00000|100%| E|CS|TAMS 0x0000000089900000, 0x0000000089900000| Complete 

Card table byte_map: [0x000001cdb66d0000,0x000001cdb6ad0000] _byte_map_base: 0x000001cdb62d0000

Marking Bits (Prev, Next): (CMBitMap*) 0x000001cd9f852ab0, (CMBitMap*) 0x000001cd9f852a78
 Prev Bits: [0x000001cdb8ed0000, 0x000001cdbaed0000)
 Next Bits: [0x000001cdb6ed0000, 0x000001cdb8ed0000)

Polling page: 0x000001cd9de10000

Metaspace:

Usage:
  Non-class:     19.59 MB capacity,    19.37 MB ( 99%) used,   202.84 KB (  1%) free+waste,    26.19 KB ( <1%) overhead. 
      Class:      2.34 MB capacity,     2.20 MB ( 94%) used,   138.09 KB (  6%) free+waste,    10.19 KB ( <1%) overhead. 
       Both:     21.93 MB capacity,    21.56 MB ( 98%) used,   340.92 KB (  2%) free+waste,    36.38 KB ( <1%) overhead. 

Virtual space:
  Non-class space:       20.00 MB reserved,      19.75 MB ( 99%) committed 
      Class space:        1.00 GB reserved,       2.38 MB ( <1%) committed 
             Both:        1.02 GB reserved,      22.13 MB (  2%) committed 

Chunk freelists:
   Non-Class:  4.50 KB
       Class:  256 bytes
        Both:  4.75 KB

CodeHeap 'non-profiled nmethods': size=120064Kb used=1790Kb max_used=1790Kb free=118273Kb
 bounds [0x000001cdae990000, 0x000001cdaec00000, 0x000001cdb5ed0000]
CodeHeap 'profiled nmethods': size=120000Kb used=9071Kb max_used=9071Kb free=110928Kb
 bounds [0x000001cda7460000, 0x000001cda7d40000, 0x000001cdae990000]
CodeHeap 'non-nmethods': size=5696Kb used=1117Kb max_used=1163Kb free=4578Kb
 bounds [0x000001cda6ed0000, 0x000001cda7140000, 0x000001cda7460000]
 total_blobs=4315 nmethods=3893 adapters=332
 compilation: enabled
              stopped_count=0, restarted_count=0
 full_count=0

Compilation events (10 events):
Event: 6.832 Thread 0x000001cdbd304000 3891       2       java.io.ByteArrayOutputStream::<init> (7 bytes)
Event: 6.832 Thread 0x000001cdbd304000 nmethod 3891 0x000001cda7d31310 code [0x000001cda7d314a0, 0x000001cda7d315a8]
Event: 6.840 Thread 0x000001cdbd304000 3892       2       java.util.jar.Attributes$Name::hash (148 bytes)
Event: 6.840 Thread 0x000001cdbd304000 nmethod 3892 0x000001cda7d31690 code [0x000001cda7d318a0, 0x000001cda7d31ec8]
Event: 6.842 Thread 0x000001cdbd304000 3893       2       java.util.concurrent.TimeUnit::toMillis (69 bytes)
Event: 6.842 Thread 0x000001cdbd304000 nmethod 3893 0x000001cda7d32290 code [0x000001cda7d32420, 0x000001cda7d325f8]
Event: 6.843 Thread 0x000001cdbd304000 3894       2       sun.nio.fs.NativeBuffers::releaseNativeBuffer (97 bytes)
Event: 6.843 Thread 0x000001cdbd304000 nmethod 3894 0x000001cda7d32690 code [0x000001cda7d328a0, 0x000001cda7d32f18]
Event: 6.849 Thread 0x000001cdbd304000 3895       2       java.nio.file.attribute.FileTime::toMillis (98 bytes)
Event: 6.850 Thread 0x000001cdbd304000 nmethod 3895 0x000001cda7d33290 code [0x000001cda7d33460, 0x000001cda7d33748]

GC Heap History (10 events):
Event: 0.859 GC heap before
{Heap before GC invocations=1 (full 0):
 garbage-first heap   total 131072K, used 7200K [0x0000000080000000, 0x0000000100000000)
  region size 1024K, 6 young (6144K), 1 survivors (1024K)
 Metaspace       used 10144K, capacity 10280K, committed 10496K, reserved 1058816K
  class space    used 947K, capacity 1024K, committed 1024K, reserved 1048576K
}
Event: 0.865 GC heap after
{Heap after GC invocations=2 (full 0):
 garbage-first heap   total 131072K, used 3119K [0x0000000080000000, 0x0000000100000000)
  region size 1024K, 1 young (1024K), 1 survivors (1024K)
 Metaspace       used 10144K, capacity 10280K, committed 10496K, reserved 1058816K
  class space    used 947K, capacity 1024K, committed 1024K, reserved 1048576K
}
Event: 1.212 GC heap before
{Heap before GC invocations=2 (full 0):
 garbage-first heap   total 131072K, used 16431K [0x0000000080000000, 0x0000000100000000)
  region size 1024K, 14 young (14336K), 1 survivors (1024K)
 Metaspace       used 12371K, capacity 12532K, committed 12672K, reserved 1060864K
  class space    used 1251K, capacity 1348K, committed 1408K, reserved 1048576K
}
Event: 1.216 GC heap after
{Heap after GC invocations=3 (full 0):
 garbage-first heap   total 131072K, used 3621K [0x0000000080000000, 0x0000000100000000)
  region size 1024K, 2 young (2048K), 2 survivors (2048K)
 Metaspace       used 12371K, capacity 12532K, committed 12672K, reserved 1060864K
  class space    used 1251K, capacity 1348K, committed 1408K, reserved 1048576K
}
Event: 1.766 GC heap before
{Heap before GC invocations=3 (full 0):
 garbage-first heap   total 131072K, used 22053K [0x0000000080000000, 0x0000000100000000)
  region size 1024K, 20 young (20480K), 2 survivors (2048K)
 Metaspace       used 14389K, capacity 14583K, committed 14720K, reserved 1062912K
  class space    used 1501K, capacity 1581K, committed 1664K, reserved 1048576K
}
Event: 1.772 GC heap after
{Heap after GC invocations=4 (full 0):
 garbage-first heap   total 131072K, used 4280K [0x0000000080000000, 0x0000000100000000)
  region size 1024K, 3 young (3072K), 3 survivors (3072K)
 Metaspace       used 14389K, capacity 14583K, committed 14720K, reserved 1062912K
  class space    used 1501K, capacity 1581K, committed 1664K, reserved 1048576K
}
Event: 3.103 GC heap before
{Heap before GC invocations=4 (full 0):
 garbage-first heap   total 131072K, used 36024K [0x0000000080000000, 0x0000000100000000)
  region size 1024K, 34 young (34816K), 3 survivors (3072K)
 Metaspace       used 19780K, capacity 20069K, committed 20224K, reserved 1067008K
  class space    used 2125K, capacity 2246K, committed 2304K, reserved 1048576K
}
Event: 3.118 GC heap after
{Heap after GC invocations=5 (full 0):
 garbage-first heap   total 157696K, used 6943K [0x0000000080000000, 0x0000000100000000)
  region size 1024K, 5 young (5120K), 5 survivors (5120K)
 Metaspace       used 19780K, capacity 20069K, committed 20224K, reserved 1067008K
  class space    used 2125K, capacity 2246K, committed 2304K, reserved 1048576K
}
Event: 5.063 GC heap before
{Heap before GC invocations=5 (full 0):
 garbage-first heap   total 157696K, used 69407K [0x0000000080000000, 0x0000000100000000)
  region size 1024K, 67 young (68608K), 5 survivors (5120K)
 Metaspace       used 20895K, capacity 21203K, committed 21248K, reserved 1069056K
  class space    used 2170K, capacity 2282K, committed 2304K, reserved 1048576K
}
Event: 5.105 GC heap after
{Heap after GC invocations=6 (full 0):
 garbage-first heap   total 157696K, used 14419K [0x0000000080000000, 0x0000000100000000)
  region size 1024K, 12 young (12288K), 12 survivors (12288K)
 Metaspace       used 20895K, capacity 21203K, committed 21248K, reserved 1069056K
  class space    used 2170K, capacity 2282K, committed 2304K, reserved 1048576K
}

Deoptimization events (10 events):
Event: 6.259 Thread 0x000001cd9f817000 Uncommon trap: reason=class_check action=maybe_recompile pc=0x000001cdaea63184 method=java.util.LinkedHashMap.afterNodeInsertion(Z)V @ 15 c2
Event: 6.261 Thread 0x000001cd9f817000 Uncommon trap: reason=class_check action=maybe_recompile pc=0x000001cdaea63184 method=java.util.LinkedHashMap.afterNodeInsertion(Z)V @ 15 c2
Event: 6.262 Thread 0x000001cd9f817000 Uncommon trap: reason=class_check action=maybe_recompile pc=0x000001cdaea63184 method=java.util.LinkedHashMap.afterNodeInsertion(Z)V @ 15 c2
Event: 6.263 Thread 0x000001cd9f817000 Uncommon trap: reason=class_check action=maybe_recompile pc=0x000001cdaea63184 method=java.util.LinkedHashMap.afterNodeInsertion(Z)V @ 15 c2
Event: 6.458 Thread 0x000001cd9f817000 Uncommon trap: reason=unstable_if action=reinterpret pc=0x000001cdaeb18af4 method=org.codehaus.plexus.interpolation.StringSearchInterpolator.interpolate(Ljava/lang/String;Lorg/codehaus/plexus/interpolation/RecursionInterceptor;Ljava/util/Set;)Ljava/lang/S
Event: 6.619 Thread 0x000001cd9f817000 Uncommon trap: reason=profile_predicate action=maybe_recompile pc=0x000001cdaeb477ec method=java.util.concurrent.ConcurrentHashMap.putAll(Ljava/util/Map;)V @ 28 c2
Event: 6.619 Thread 0x000001cd9f817000 Uncommon trap: reason=profile_predicate action=maybe_recompile pc=0x000001cdaeb477ec method=java.util.concurrent.ConcurrentHashMap.putAll(Ljava/util/Map;)V @ 28 c2
Event: 6.619 Thread 0x000001cd9f817000 Uncommon trap: reason=profile_predicate action=maybe_recompile pc=0x000001cdaeb477ec method=java.util.concurrent.ConcurrentHashMap.putAll(Ljava/util/Map;)V @ 28 c2
Event: 6.619 Thread 0x000001cd9f817000 Uncommon trap: reason=profile_predicate action=maybe_recompile pc=0x000001cdaeb477ec method=java.util.concurrent.ConcurrentHashMap.putAll(Ljava/util/Map;)V @ 28 c2
Event: 6.786 Thread 0x000001cd9f817000 Uncommon trap: reason=unstable_if action=reinterpret pc=0x000001cdaeb2c91c method=java.util.IdentityHashMap.remove(Ljava/lang/Object;)Ljava/lang/Object; @ 31 c2

Classes redefined (0 events):
No events

Internal exceptions (10 events):
Event: 0.402 Thread 0x000001cd9f817000 Exception <a 'java/lang/NullPointerException'{0x0000000087b24180}> (0x0000000087b24180) thrown at [./open/src/hotspot/share/interpreter/linkResolver.cpp, line 1354]
Event: 1.081 Thread 0x000001cd9f817000 Exception <a 'java/lang/NoClassDefFoundError'{0x000000008789d3a8}: javax/enterprise/inject/Typed> (0x000000008789d3a8) thrown at [./open/src/hotspot/share/classfile/systemDictionary.cpp, line 215]
Event: 2.328 Thread 0x000001cd9f817000 Exception <a 'java/lang/NoClassDefFoundError'{0x0000000086eae110}: com/google/inject/servlet/ServletModuleTargetVisitor> (0x0000000086eae110) thrown at [./open/src/hotspot/share/classfile/systemDictionary.cpp, line 215]
Event: 2.328 Thread 0x000001cd9f817000 Exception <a 'java/lang/NoClassDefFoundError'{0x0000000086eae110}> (0x0000000086eae110) thrown at [./open/src/hotspot/share/prims/jvm.cpp, line 1309]
Event: 2.480 Thread 0x000001cd9f817000 Exception <a 'java/lang/NoSuchMethodError'{0x0000000086dfbc18}: java.lang.invoke.DirectMethodHandle$Holder.invokeStaticInit(Ljava/lang/Object;IIII)Ljava/lang/Object;> (0x0000000086dfbc18) thrown at [./open/src/hotspot/share/interpreter/linkResolver.cpp, l
Event: 2.795 Thread 0x000001cd9f817000 Implicit null exception at 0x000001cdae9bf974 to 0x000001cdae9bfe80
Event: 2.795 Thread 0x000001cd9f817000 Implicit null exception at 0x000001cdae9b8af4 to 0x000001cdae9b8fe0
Event: 2.957 Thread 0x000001cd9f817000 Implicit null exception at 0x000001cdaea4fecf to 0x000001cdaea51290
Event: 2.975 Thread 0x000001cd9f817000 Implicit null exception at 0x000001cdaea01755 to 0x000001cdaea0191c
Event: 6.216 Thread 0x000001cd9f817000 Implicit null exception at 0x000001cdaeaf3818 to 0x000001cdaeaf4160

Events (10 events):
Event: 6.827 loading class org/apache/maven/plugin/Mojo
Event: 6.827 loading class org/apache/maven/plugin/Mojo done
Event: 6.827 loading class org/apache/maven/plugins/resources/TestResourcesMojo
Event: 6.827 loading class org/apache/maven/plugins/resources/TestResourcesMojo done
Event: 6.827 loading class org/apache/maven/plugins/resources/TestResourcesMojo
Event: 6.827 loading class org/apache/maven/plugins/resources/TestResourcesMojo done
Event: 6.853 loading class org/sonatype/plexus/components/sec/dispatcher/SecDispatcher
Event: 6.853 loading class org/sonatype/plexus/components/sec/dispatcher/SecDispatcher done
Event: 6.853 loading class org/sonatype/plexus/components/sec/dispatcher/SecDispatcher
Event: 6.853 loading class org/sonatype/plexus/components/sec/dispatcher/SecDispatcher done


Dynamic libraries:
0x00007ff661020000 - 0x00007ff66102f000 	C:\Program Files\Java\jdk-11.0.16\bin\java.exe
0x00007ffa56e90000 - 0x00007ffa57088000 	C:\Windows\SYSTEM32\ntdll.dll
0x00007ffa55000000 - 0x00007ffa550bd000 	C:\Windows\System32\KERNEL32.DLL
0x00007ffa548d0000 - 0x00007ffa54ba2000 	C:\Windows\System32\KERNELBASE.dll
0x00007ffa54bb0000 - 0x00007ffa54cb0000 	C:\Windows\System32\ucrtbase.dll
0x00007ffa42e10000 - 0x00007ffa42e25000 	C:\Program Files\Java\jdk-11.0.16\bin\VCRUNTIME140.dll
0x00007ffa41ca0000 - 0x00007ffa41cb8000 	C:\Program Files\Java\jdk-11.0.16\bin\jli.dll
0x00007ffa55fd0000 - 0x00007ffa5607e000 	C:\Windows\System32\ADVAPI32.dll
0x00007ffa567f0000 - 0x00007ffa5688e000 	C:\Windows\System32\msvcrt.dll
0x00007ffa562d0000 - 0x00007ffa5636c000 	C:\Windows\System32\sechost.dll
0x00007ffa56120000 - 0x00007ffa56245000 	C:\Windows\System32\RPCRT4.dll
0x00007ffa55dc0000 - 0x00007ffa55f5d000 	C:\Windows\System32\USER32.dll
0x00007ffa54e50000 - 0x00007ffa54e72000 	C:\Windows\System32\win32u.dll
0x00007ffa567c0000 - 0x00007ffa567eb000 	C:\Windows\System32\GDI32.dll
0x00007ffa54d40000 - 0x00007ffa54e4f000 	C:\Windows\System32\gdi32full.dll
0x00007ffa54830000 - 0x00007ffa548cd000 	C:\Windows\System32\msvcp_win.dll
0x00007ffa36410000 - 0x00007ffa366aa000 	C:\Windows\WinSxS\amd64_microsoft.windows.common-controls_6595b64144ccf1df_6.0.19041.1110_none_60b5254171f9507e\COMCTL32.dll
0x00007ffa4c960000 - 0x00007ffa4c96a000 	C:\Windows\SYSTEM32\VERSION.dll
0x00007ffa566d0000 - 0x00007ffa56700000 	C:\Windows\System32\IMM32.DLL
0x00007ffa39ab0000 - 0x00007ffa39b4b000 	C:\Program Files\Java\jdk-11.0.16\bin\msvcp140.dll
0x00007ff9f3660000 - 0x00007ff9f4178000 	C:\Program Files\Java\jdk-11.0.16\bin\server\jvm.dll
0x00007ffa56110000 - 0x00007ffa56118000 	C:\Windows\System32\PSAPI.DLL
0x00007ffa4fe20000 - 0x00007ffa4fe29000 	C:\Windows\SYSTEM32\WSOCK32.dll
0x00007ffa55f60000 - 0x00007ffa55fcb000 	C:\Windows\System32\WS2_32.dll
0x00007ffa34180000 - 0x00007ffa341a7000 	C:\Windows\SYSTEM32\WINMM.dll
0x00007ffa52440000 - 0x00007ffa52452000 	C:\Windows\SYSTEM32\kernel.appcore.dll
0x00007ffa44a70000 - 0x00007ffa44a80000 	C:\Program Files\Java\jdk-11.0.16\bin\verify.dll
0x00007ffa44d10000 - 0x00007ffa44ef4000 	C:\Windows\SYSTEM32\DBGHELP.DLL
0x00007ffa45220000 - 0x00007ffa4524c000 	C:\Windows\SYSTEM32\dbgcore.DLL
0x00007ffa54cb0000 - 0x00007ffa54d32000 	C:\Windows\System32\bcryptPrimitives.dll
0x00007ffa41c20000 - 0x00007ffa41c48000 	C:\Program Files\Java\jdk-11.0.16\bin\java.dll
0x00007ffa423f0000 - 0x00007ffa423fa000 	C:\Program Files\Java\jdk-11.0.16\bin\jimage.dll
0x00007ffa41b70000 - 0x00007ffa41b86000 	C:\Program Files\Java\jdk-11.0.16\bin\zip.dll
0x00007ffa550c0000 - 0x00007ffa55803000 	C:\Windows\System32\SHELL32.dll
0x00007ffa52640000 - 0x00007ffa52dd1000 	C:\Windows\SYSTEM32\windows.storage.dll
0x00007ffa55890000 - 0x00007ffa55be4000 	C:\Windows\System32\combase.dll
0x00007ffa53e40000 - 0x00007ffa53e70000 	C:\Windows\SYSTEM32\Wldp.dll
0x00007ffa54f50000 - 0x00007ffa54ffd000 	C:\Windows\System32\SHCORE.dll
0x00007ffa56270000 - 0x00007ffa562c5000 	C:\Windows\System32\shlwapi.dll
0x00007ffa544e0000 - 0x00007ffa544ff000 	C:\Windows\SYSTEM32\profapi.dll
0x00007ffa3cc10000 - 0x00007ffa3cc29000 	C:\Program Files\Java\jdk-11.0.16\bin\net.dll
0x00007ffa4bfd0000 - 0x00007ffa4c0dd000 	C:\Windows\SYSTEM32\WINHTTP.dll
0x00007ffa53c20000 - 0x00007ffa53c8a000 	C:\Windows\system32\mswsock.dll
0x00007ffa3ae40000 - 0x00007ffa3ae52000 	C:\Program Files\Java\jdk-11.0.16\bin\nio.dll
0x0000000069ac0000 - 0x0000000069ae4000 	C:\Users\sfjbs\Downloads\micro service-20221021T071039Z-001\micro service\apache-maven-3.8.5-bin\apache-maven-3.8.5\lib\jansi-native\Windows\x86_64\jansi.dll

dbghelp: loaded successfully - version: 4.0.5 - missing functions: none
symbol engine: initialized successfully - sym options: 0x614 - pdb path: .;C:\Program Files\Java\jdk-11.0.16\bin;C:\Windows\SYSTEM32;C:\Windows\WinSxS\amd64_microsoft.windows.common-controls_6595b64144ccf1df_6.0.19041.1110_none_60b5254171f9507e;C:\Program Files\Java\jdk-11.0.16\bin\server;C:\Users\sfjbs\Downloads\micro service-20221021T071039Z-001\micro service\apache-maven-3.8.5-bin\apache-maven-3.8.5\lib\jansi-native\Windows\x86_64

VM Arguments:
jvm_args: -Dclassworlds.conf=C:\Users\sfjbs\Downloads\micro service-20221021T071039Z-001\micro service\apache-maven-3.8.5-bin\apache-maven-3.8.5\bin\m2.conf -Dmaven.home=C:\Users\sfjbs\Downloads\micro service-20221021T071039Z-001\micro service\apache-maven-3.8.5-bin\apache-maven-3.8.5 -Dlibrary.jansi.path=C:\Users\sfjbs\Downloads\micro service-20221021T071039Z-001\micro service\apache-maven-3.8.5-bin\apache-maven-3.8.5\lib\jansi-native -Dmaven.multiModuleProjectDirectory=C:\Users\sfjbs\IdeaProjects\oct31training\k4j\Day8\eureka-app\eureka-server 
java_command: org.codehaus.plexus.classworlds.launcher.Launcher clean install -DskipTests
java_class_path (initial): C:\Users\sfjbs\Downloads\micro service-20221021T071039Z-001\micro service\apache-maven-3.8.5-bin\apache-maven-3.8.5\boot\plexus-classworlds-2.6.0.jar
Launcher Type: SUN_STANDARD

[Global flags]
     intx CICompilerCount                          = 2                                         {product} {ergonomic}
     uint ConcGCThreads                            = 1                                         {product} {ergonomic}
     uint G1ConcRefinementThreads                  = 2                                         {product} {ergonomic}
   size_t G1HeapRegionSize                         = 1048576                                   {product} {ergonomic}
    uintx GCDrainStackTargetSize                   = 64                                        {product} {ergonomic}
   size_t InitialHeapSize                          = 134217728                                 {product} {ergonomic}
   size_t MarkStackSize                            = 4194304                                   {product} {ergonomic}
   size_t MaxHeapSize                              = 2147483648                                {product} {ergonomic}
   size_t MaxNewSize                               = 1287651328                                {product} {ergonomic}
   size_t MinHeapDeltaBytes                        = 1048576                                   {product} {ergonomic}
    uintx NonNMethodCodeHeapSize                   = 5825164                                {pd product} {ergonomic}
    uintx NonProfiledCodeHeapSize                  = 122916538                              {pd product} {ergonomic}
    uintx ProfiledCodeHeapSize                     = 122916538                              {pd product} {ergonomic}
    uintx ReservedCodeCacheSize                    = 251658240                              {pd product} {ergonomic}
     bool SegmentedCodeCache                       = true                                      {product} {ergonomic}
     bool UseCompressedClassPointers               = true                                 {lp64_product} {ergonomic}
     bool UseCompressedOops                        = true                                 {lp64_product} {ergonomic}
     bool UseG1GC                                  = true                                      {product} {ergonomic}
     bool UseLargePagesIndividualAllocation        = false                                  {pd product} {ergonomic}

Logging:
Log output configuration:
 #0: stdout all=warning uptime,level,tags
 #1: stderr all=off uptime,level,tags

Environment Variables:
PATH=C:\Program Files\Common Files\Oracle\Java\javapath;C:\Windows\system32;C:\Windows;C:\Windows\System32\Wbem;C:\Windows\System32\WindowsPowerShell\v1.0\;C:\Windows\System32\OpenSSH\;C:\Users\sfjbs\Downloads\micro service-20221021T071039Z-001\micro service\apache-maven-3.8.5-bin\apache-maven-3.8.5\bin;C:\Users\sfjbs\Downloads\micro service-20221021T071039Z-001\micro service\apache-maven-3.8.5-bin\apache-maven-3.8.5\lib;C:\Program Files\Git\cmd;C:\Program Files\Docker\Docker\resources\bin;C:\Users\sfjbs\AppData\Local\Microsoft\WindowsApps;C:\Users\sfjbs\Downloads\micro service-20221021T071039Z-001\micro service\apache-maven-3.8.5-bin\apache-maven-3.8.5\bin;C:\Users\sfjbs\Downloads\micro service-20221021T071039Z-001\micro service\apache-maven-3.8.5-bin\apache-maven-3.8.5\lib;;C:\Program Files\JetBrains\IntelliJ IDEA Community Edition 2022.2.1\bin;
USERNAME=sfjbs
OS=Windows_NT
PROCESSOR_IDENTIFIER=Intel64 Family 6 Model 106 Stepping 6, GenuineIntel



---------------  S Y S T E M  ---------------

OS: Windows 10 , 64 bit Build 19041 (10.0.19041.1889)
Hyper-V role detected

CPU:total 2 (initial active 2) (1 cores per cpu, 2 threads per core) family 6 model 106 stepping 6 microcode 0xffffffff, cmov, cx8, fxsr, mmx, sse, sse2, sse3, ssse3, sse4.1, sse4.2, popcnt, avx, avx2, aes, clmul, erms, rtm, 3dnowpref, lzcnt, ht, tsc, bmi1, bmi2, adx, evex, fma

Memory: 4k page, system-wide physical 8190M (500M free)
TotalPageFile size 10238M (AvailPageFile size 5M)
current process WorkingSet (physical memory assigned to process): 173M, peak: 175M
current process commit charge ("private bytes"): 276M, peak: 278M

vm_info: Java HotSpot(TM) 64-Bit Server VM (11.0.16+11-LTS-199) for windows-amd64 JRE (11.0.16+11-LTS-199), built on Jun 28 2022 08:23:17 by "mach5one" with MS VC++ 15.9 (VS2017)

END.
