#
# There is insufficient memory for the Java Runtime Environment to continue.
# Native memory allocation (malloc) failed to allocate 32784 bytes for Chunk::new
# Possible reasons:
#   The system is out of physical RAM or swap space
#   The process is running with CompressedOops enabled, and the Java Heap may be blocking the growth of the native heap
# Possible solutions:
#   Reduce memory load on the system
#   Increase physical memory or swap space
#   Check if swap backing store is full
#   Decrease Java heap size (-Xmx/-Xms)
#   Decrease number of Java threads
#
#  
]
V  [jvm.dll+0x76418f]
V  [jvm.dll+0x765839]
V  [jvm.dll+0x765ec3]
V  [jvm.dll+0x23da98]
V  [jvm.dll+0xb2a1c]
V  [jvm.dll+0xb2fdc]
V  [jvm.dll+0xb2b2b]
V  [jvm.dll+0x60a6ef]
V  [jvm.dll+0x5bbf3a]
V  [jvm.dll+0x5c0478]
V  [jvm.dll+0x5c0b45]
V  [jvm.dll+0x5bf87e]
V  [jvm.dll+0x1f8347]
V  [jvm.dll+0x1f768d]
V  [jvm.dll+0x177c81]
V  [jvm.dll+0x207006]
V  [jvm.dll+0x20519b]
V  [jvm.dll+0x729fa0]
V  [jvm.dll+0x722b74]
V  [jvm.dll+0x629286]
C  [ucrtbase.dll+0x21bb2]
C  [KERNEL32.DLL+0x17034]
C  [ntdll.dll+0x526a1]


---------------  P R O C E S S  ---------------

Threads class SMR info:
_java_thread_list=0x0000024151271e80, length=10, elements={
0x0000024132d36000, 0x00000241507e4000, 0x00000241507ee000, 0x0000024150801800,
0x0000024150805800, 0x0000024150806800, 0x0000024150808800, 0x000002415080e000,
0x0000024150813800, 0x00000241512d9000
}

Java Threads: ( => current thread )
  0x0000024132d36000 JavaThread "main" [_thread_blocked, id=4364, stack(0x000000eba1100000,0x000000eba1200000)]
  0x00000241507e4000 JavaThread "Reference Handler" daemon [_thread_blocked, id=9704, stack(0x000000eba1800000,0x000000eba1900000)]
  0x00000241507ee000 JavaThread "Finalizer" daemon [_thread_blocked, id=9036, stack(0x000000eba1900000,0x000000eba1a00000)]
  0x0000024150801800 JavaThread "Signal Dispatcher" daemon [_thread_blocked, id=11180, stack(0x000000eba1a00000,0x000000eba1b00000)]
  0x0000024150805800 JavaThread "Attach Listener" daemon [_thread_blocked, id=4500, stack(0x000000eba1b00000,0x000000eba1c00000)]
  0x0000024150806800 JavaThread "Service Thread" daemon [_thread_blocked, id=11972, stack(0x000000eba1c00000,0x000000eba1d00000)]
=>0x0000024150808800 JavaThread "C2 CompilerThread0" daemon [_thread_in_native, id=3700, stack(0x000000eba1d00000,0x000000eba1e00000)]
  0x000002415080e000 JavaThread "C1 CompilerThread0" daemon [_thread_blocked, id=5080, stack(0x000000eba1e00000,0x000000eba1f00000)]
  0x0000024150813800 JavaThread "Sweeper thread" daemon [_thread_blocked, id=11140, stack(0x000000eba1f00000,0x000000eba2000000)]
  0x00000241512d9000 JavaThread "Common-Cleaner" daemon [_thread_blocked, id=12268, stack(0x000000eba2100000,0x000000eba2200000)]

Other Threads:
  0x00000241507e1800 VMThread "VM Thread" [stack: 0x000000eba1700000,0x000000eba1800000] [id=2152]
  0x00000241512d6000 WatcherThread [stack: 0x000000eba2000000,0x000000eba2100000] [id=8732]
  0x0000024132d4b000 GCTaskThread "GC Thread#0" [stack: 0x000000eba1200000,0x000000eba1300000] [id=2288]
  0x0000024151af9000 GCTaskThread "GC Thread#1" [stack: 0x000000eba2200000,0x000000eba2300000] [id=10272]
  0x0000024132d7c000 ConcurrentGCThread "G1 Main Marker" [stack: 0x000000eba1300000,0x000000eba1400000] [id=11944]
  0x0000024132d7e800 ConcurrentGCThread "G1 Conc#0" [stack: 0x000000eba1400000,0x000000eba1500000] [id=6344]
  0x0000024132e06000 ConcurrentGCThread "G1 Refine#0" [stack: 0x000000eba1500000,0x000000eba1600000] [id=2672]
  0x0000024132e08000 ConcurrentGCThread "G1 Young RemSet Sampling" [stack: 0x000000eba1600000,0x000000eba1700000] [id=8724]

Threads with active compile tasks:
C2 CompilerThread0     2863 1525       4       java.io.DataOutputStream::writeShort (35 bytes)

VM state:at safepoint (normal execution)

VM Mutex/Monitor currently owned by a thread:  ([mutex/lock_event])
[0x0000024132d31e60] Threads_lock - owner thread: 0x00000241507e1800
[0x0000024132d32ac0] Heap_lock - owner thread: 0x0000024132d36000

Heap address: 0x0000000080000000, size: 2048 MB, Compressed Oops mode: 32-bit
Narrow klass base: 0x0000000000000000, Narrow klass shift: 3
Compressed class space size: 1073741824 Address: 0x0000000100000000

Heap:
 garbage-first heap   total 157696K, used 5120K [0x0000000080000000, 0x0000000100000000)
  region size 1024K, 3 young (3072K), 3 survivors (3072K)
 Metaspace       used 16811K, capacity 16976K, committed 17024K, reserved 1064960K
  class space    used 1822K, capacity 1907K, committed 1920K, reserved 1048576K
Heap Regions: E=young(eden), S=young(survivor), O=old, HS=humongous(starts), HC=humongous(continues), CS=collection set, F=free, A=archive, TAMS=top-at-mark-start (previous, next)
|   0|0x0000000080000000, 0x0000000080100000, 0x0000000080100000|100%| O|  |TAMS 0x0000000080000000, 0x0000000080100000| Untracked 
|   1|0x0000000080100000, 0x0000000080200000, 0x0000000080200000|100%| O|  |TAMS 0x0000000080100000, 0x0000000080200000| Untracked 
|   2|0x0000000080200000, 0x0000000080200000, 0x0000000080300000|  0%| F|  |TAMS 0x0000000080200000, 0x0000000080200000| Untracked 
|   3|0x0000000080300000, 0x0000000080300000, 0x0000000080400000|  0%| F|  |TAMS 0x0000000080300000, 0x0000000080300000| Untracked 
|   4|0x0000000080400000, 0x0000000080400000, 0x0000000080500000|  0%| F|  |TAMS 0x0000000080400000, 0x0000000080400000| Untracked 
|   5|0x0000000080500000, 0x0000000080500000, 0x0000000080600000|  0%| F|  |TAMS 0x0000000080500000, 0x0000000080500000| Untracked 
|   6|0x0000000080600000, 0x0000000080600000, 0x0000000080700000|  0%| F|  |TAMS 0x0000000080600000, 0x0000000080600000| Untracked 
|   7|0x0000000080700000, 0x0000000080700000, 0x0000000080800000|  0%| F|  |TAMS 0x0000000080700000, 0x0000000080700000| Untracked 
|   8|0x0000000080800000, 0x0000000080800000, 0x0000000080900000|  0%| F|  |TAMS 0x0000000080800000, 0x0000000080800000| Untracked 
|   9|0x0000000080900000, 0x0000000080900000, 0x0000000080a00000|  0%| F|  |TAMS 0x0000000080900000, 0x0000000080900000| Untracked 
|  10|0x0000000080a00000, 0x0000000080a00000, 0x0000000080b00000|  0%| F|  |TAMS 0x0000000080a00000, 0x0000000080a00000| Untracked 
|  11|0x0000000080b00000, 0x0000000080b00000, 0x0000000080c00000|  0%| F|  |TAMS 0x0000000080b00000, 0x0000000080b00000| Untracked 
|  12|0x0000000080c00000, 0x0000000080c00000, 0x0000000080d00000|  0%| F|  |TAMS 0x0000000080c00000, 0x0000000080c00000| Untracked 
|  13|0x0000000080d00000, 0x0000000080d00000, 0x0000000080e00000|  0%| F|  |TAMS 0x0000000080d00000, 0x0000000080d00000| Untracked 
|  14|0x0000000080e00000, 0x0000000080e00000, 0x0000000080f00000|  0%| F|  |TAMS 0x0000000080e00000, 0x0000000080e00000| Untracked 
|  15|0x0000000080f00000, 0x0000000080f00000, 0x0000000081000000|  0%| F|  |TAMS 0x0000000080f00000, 0x0000000080f00000| Untracked 
|  16|0x0000000081000000, 0x0000000081000000, 0x0000000081100000|  0%| F|  |TAMS 0x0000000081000000, 0x0000000081000000| Untracked 
|  17|0x0000000081100000, 0x0000000081100000, 0x0000000081200000|  0%| F|  |TAMS 0x0000000081100000, 0x0000000081100000| Untracked 
|  18|0x0000000081200000, 0x0000000081200000, 0x0000000081300000|  0%| F|  |TAMS 0x0000000081200000, 0x0000000081200000| Untracked 
|  19|0x0000000081300000, 0x0000000081300000, 0x0000000081400000|  0%| F|  |TAMS 0x0000000081300000, 0x0000000081300000| Untracked 
|  20|0x0000000081400000, 0x0000000081400000, 0x0000000081500000|  0%| F|  |TAMS 0x0000000081400000, 0x0000000081400000| Untracked 
|  21|0x0000000081500000, 0x0000000081500000, 0x0000000081600000|  0%| F|  |TAMS 0x0000000081500000, 0x0000000081500000| Untracked 
|  22|0x0000000081600000, 0x0000000081600000, 0x0000000081700000|  0%| F|  |TAMS 0x0000000081600000, 0x0000000081600000| Untracked 
|  23|0x0000000081700000, 0x0000000081700000, 0x0000000081800000|  0%| F|  |TAMS 0x0000000081700000, 0x0000000081700000| Untracked 
|  24|0x0000000081800000, 0x0000000081800000, 0x0000000081900000|  0%| F|  |TAMS 0x0000000081800000, 0x0000000081800000| Untracked 
|  25|0x0000000081900000, 0x0000000081900000, 0x0000000081a00000|  0%| F|  |TAMS 0x0000000081900000, 0x0000000081900000| Untracked 
|  26|0x0000000081a00000, 0x0000000081a00000, 0x0000000081b00000|  0%| F|  |TAMS 0x0000000081a00000, 0x0000000081a00000| Untracked 
|  27|0x0000000081b00000, 0x0000000081b00000, 0x0000000081c00000|  0%| F|  |TAMS 0x0000000081b00000, 0x0000000081b00000| Untracked 
|  28|0x0000000081c00000, 0x0000000081c00000, 0x0000000081d00000|  0%| F|  |TAMS 0x0000000081c00000, 0x0000000081c00000| Untracked 
|  29|0x0000000081d00000, 0x0000000081d00000, 0x0000000081e00000|  0%| F|  |TAMS 0x0000000081d00000, 0x0000000081d00000| Untracked 
|  30|0x0000000081e00000, 0x0000000081e00000, 0x0000000081f00000|  0%| F|  |TAMS 0x0000000081e00000, 0x0000000081e00000| Untracked 
|  31|0x0000000081f00000, 0x0000000081f00000, 0x0000000082000000|  0%| F|  |TAMS 0x0000000081f00000, 0x0000000081f00000| Untracked 
|  32|0x0000000082000000, 0x0000000082000000, 0x0000000082100000|  0%| F|  |TAMS 0x0000000082000000, 0x0000000082000000| Untracked 
|  33|0x0000000082100000, 0x0000000082100000, 0x0000000082200000|  0%| F|  |TAMS 0x0000000082100000, 0x0000000082100000| Untracked 
|  34|0x0000000082200000, 0x0000000082200000, 0x0000000082300000|  0%| F|  |TAMS 0x0000000082200000, 0x0000000082200000| Untracked 
|  35|0x0000000082300000, 0x0000000082300000, 0x0000000082400000|  0%| F|  |TAMS 0x0000000082300000, 0x0000000082300000| Untracked 
|  36|0x0000000082400000, 0x0000000082400000, 0x0000000082500000|  0%| F|  |TAMS 0x0000000082400000, 0x0000000082400000| Untracked 
|  37|0x0000000082500000, 0x0000000082500000, 0x0000000082600000|  0%| F|  |TAMS 0x0000000082500000, 0x0000000082500000| Untracked 
|  38|0x0000000082600000, 0x0000000082600000, 0x0000000082700000|  0%| F|  |TAMS 0x0000000082600000, 0x0000000082600000| Untracked 
|  39|0x0000000082700000, 0x0000000082700000, 0x0000000082800000|  0%| F|  |TAMS 0x0000000082700000, 0x0000000082700000| Untracked 
|  40|0x0000000082800000, 0x0000000082800000, 0x0000000082900000|  0%| F|  |TAMS 0x0000000082800000, 0x0000000082800000| Untracked 
|  41|0x0000000082900000, 0x0000000082900000, 0x0000000082a00000|  0%| F|  |TAMS 0x0000000082900000, 0x0000000082900000| Untracked 
|  42|0x0000000082a00000, 0x0000000082a00000, 0x0000000082b00000|  0%| F|  |TAMS 0x0000000082a00000, 0x0000000082a00000| Untracked 
|  43|0x0000000082b00000, 0x0000000082b00000, 0x0000000082c00000|  0%| F|  |TAMS 0x0000000082b00000, 0x0000000082b00000| Untracked 
|  44|0x0000000082c00000, 0x0000000082c00000, 0x0000000082d00000|  0%| F|  |TAMS 0x0000000082c00000, 0x0000000082c00000| Untracked 
|  45|0x0000000082d00000, 0x0000000082d00000, 0x0000000082e00000|  0%| F|  |TAMS 0x0000000082d00000, 0x0000000082d00000| Untracked 
|  46|0x0000000082e00000, 0x0000000082e00000, 0x0000000082f00000|  0%| F|  |TAMS 0x0000000082e00000, 0x0000000082e00000| Untracked 
|  47|0x0000000082f00000, 0x0000000082f00000, 0x0000000083000000|  0%| F|  |TAMS 0x0000000082f00000, 0x0000000082f00000| Untracked 
|  48|0x0000000083000000, 0x0000000083000000, 0x0000000083100000|  0%| F|  |TAMS 0x0000000083000000, 0x0000000083000000| Untracked 
|  49|0x0000000083100000, 0x0000000083100000, 0x0000000083200000|  0%| F|  |TAMS 0x0000000083100000, 0x0000000083100000| Untracked 
|  50|0x0000000083200000, 0x0000000083200000, 0x0000000083300000|  0%| F|  |TAMS 0x0000000083200000, 0x0000000083200000| Untracked 
|  51|0x0000000083300000, 0x0000000083300000, 0x0000000083400000|  0%| F|  |TAMS 0x0000000083300000, 0x0000000083300000| Untracked 
|  52|0x0000000083400000, 0x0000000083400000, 0x0000000083500000|  0%| F|  |TAMS 0x0000000083400000, 0x0000000083400000| Untracked 
|  53|0x0000000083500000, 0x0000000083500000, 0x0000000083600000|  0%| F|  |TAMS 0x0000000083500000, 0x0000000083500000| Untracked 
|  54|0x0000000083600000, 0x0000000083600000, 0x0000000083700000|  0%| F|  |TAMS 0x0000000083600000, 0x0000000083600000| Untracked 
|  55|0x0000000083700000, 0x0000000083700000, 0x0000000083800000|  0%| F|  |TAMS 0x0000000083700000, 0x0000000083700000| Untracked 
|  56|0x0000000083800000, 0x0000000083800000, 0x0000000083900000|  0%| F|  |TAMS 0x0000000083800000, 0x0000000083800000| Untracked 
|  57|0x0000000083900000, 0x0000000083900000, 0x0000000083a00000|  0%| F|  |TAMS 0x0000000083900000, 0x0000000083900000| Untracked 
|  58|0x0000000083a00000, 0x0000000083a00000, 0x0000000083b00000|  0%| F|  |TAMS 0x0000000083a00000, 0x0000000083a00000| Untracked 
|  59|0x0000000083b00000, 0x0000000083b00000, 0x0000000083c00000|  0%| F|  |TAMS 0x0000000083b00000, 0x0000000083b00000| Untracked 
|  60|0x0000000083c00000, 0x0000000083c00000, 0x0000000083d00000|  0%| F|  |TAMS 0x0000000083c00000, 0x0000000083c00000| Untracked 
|  61|0x0000000083d00000, 0x0000000083d00000, 0x0000000083e00000|  0%| F|  |TAMS 0x0000000083d00000, 0x0000000083d00000| Untracked 
|  62|0x0000000083e00000, 0x0000000083e00000, 0x0000000083f00000|  0%| F|  |TAMS 0x0000000083e00000, 0x0000000083e00000| Untracked 
|  63|0x0000000083f00000, 0x0000000083f00000, 0x0000000084000000|  0%| F|  |TAMS 0x0000000083f00000, 0x0000000083f00000| Untracked 
|  64|0x0000000084000000, 0x0000000084000000, 0x0000000084100000|  0%| F|  |TAMS 0x0000000084000000, 0x0000000084000000| Untracked 
|  65|0x0000000084100000, 0x0000000084100000, 0x0000000084200000|  0%| F|  |TAMS 0x0000000084100000, 0x0000000084100000| Untracked 
|  66|0x0000000084200000, 0x0000000084200000, 0x0000000084300000|  0%| F|  |TAMS 0x0000000084200000, 0x0000000084200000| Untracked 
|  67|0x0000000084300000, 0x0000000084300000, 0x0000000084400000|  0%| F|  |TAMS 0x0000000084300000, 0x0000000084300000| Untracked 
|  68|0x0000000084400000, 0x0000000084400000, 0x0000000084500000|  0%| F|  |TAMS 0x0000000084400000, 0x0000000084400000| Untracked 
|  69|0x0000000084500000, 0x0000000084500000, 0x0000000084600000|  0%| F|  |TAMS 0x0000000084500000, 0x0000000084500000| Untracked 
|  70|0x0000000084600000, 0x0000000084600000, 0x0000000084700000|  0%| F|  |TAMS 0x0000000084600000, 0x0000000084600000| Untracked 
|  71|0x0000000084700000, 0x0000000084700000, 0x0000000084800000|  0%| F|  |TAMS 0x0000000084700000, 0x0000000084700000| Untracked 
|  72|0x0000000084800000, 0x0000000084800000, 0x0000000084900000|  0%| F|  |TAMS 0x0000000084800000, 0x0000000084800000| Untracked 
|  73|0x0000000084900000, 0x0000000084900000, 0x0000000084a00000|  0%| F|  |TAMS 0x0000000084900000, 0x0000000084900000| Untracked 
|  74|0x0000000084a00000, 0x0000000084a00000, 0x0000000084b00000|  0%| F|  |TAMS 0x0000000084a00000, 0x0000000084a00000| Untracked 
|  75|0x0000000084b00000, 0x0000000084b00000, 0x0000000084c00000|  0%| F|  |TAMS 0x0000000084b00000, 0x0000000084b00000| Untracked 
|  76|0x0000000084c00000, 0x0000000084c00000, 0x0000000084d00000|  0%| F|  |TAMS 0x0000000084c00000, 0x0000000084c00000| Untracked 
|  77|0x0000000084d00000, 0x0000000084d00000, 0x0000000084e00000|  0%| F|  |TAMS 0x0000000084d00000, 0x0000000084d00000| Untracked 
|  78|0x0000000084e00000, 0x0000000084e00000, 0x0000000084f00000|  0%| F|  |TAMS 0x0000000084e00000, 0x0000000084e00000| Untracked 
|  79|0x0000000084f00000, 0x0000000084f00000, 0x0000000085000000|  0%| F|  |TAMS 0x0000000084f00000, 0x0000000084f00000| Untracked 
|  80|0x0000000085000000, 0x0000000085000000, 0x0000000085100000|  0%| F|  |TAMS 0x0000000085000000, 0x0000000085000000| Untracked 
|  81|0x0000000085100000, 0x0000000085100000, 0x0000000085200000|  0%| F|  |TAMS 0x0000000085100000, 0x0000000085100000| Untracked 
|  82|0x0000000085200000, 0x0000000085200000, 0x0000000085300000|  0%| F|  |TAMS 0x0000000085200000, 0x0000000085200000| Untracked 
|  83|0x0000000085300000, 0x0000000085300000, 0x0000000085400000|  0%| F|  |TAMS 0x0000000085300000, 0x0000000085300000| Untracked 
|  84|0x0000000085400000, 0x0000000085400000, 0x0000000085500000|  0%| F|  |TAMS 0x0000000085400000, 0x0000000085400000| Untracked 
|  85|0x0000000085500000, 0x0000000085500000, 0x0000000085600000|  0%| F|  |TAMS 0x0000000085500000, 0x0000000085500000| Untracked 
|  86|0x0000000085600000, 0x0000000085600000, 0x0000000085700000|  0%| F|  |TAMS 0x0000000085600000, 0x0000000085600000| Untracked 
|  87|0x0000000085700000, 0x0000000085700000, 0x0000000085800000|  0%| F|  |TAMS 0x0000000085700000, 0x0000000085700000| Untracked 
|  88|0x0000000085800000, 0x0000000085800000, 0x0000000085900000|  0%| F|  |TAMS 0x0000000085800000, 0x0000000085800000| Untracked 
|  89|0x0000000085900000, 0x0000000085900000, 0x0000000085a00000|  0%| F|  |TAMS 0x0000000085900000, 0x0000000085900000| Untracked 
|  90|0x0000000085a00000, 0x0000000085a00000, 0x0000000085b00000|  0%| F|  |TAMS 0x0000000085a00000, 0x0000000085a00000| Untracked 
|  91|0x0000000085b00000, 0x0000000085b00000, 0x0000000085c00000|  0%| F|  |TAMS 0x0000000085b00000, 0x0000000085b00000| Untracked 
|  92|0x0000000085c00000, 0x0000000085c00000, 0x0000000085d00000|  0%| F|  |TAMS 0x0000000085c00000, 0x0000000085c00000| Untracked 
|  93|0x0000000085d00000, 0x0000000085d00000, 0x0000000085e00000|  0%| F|  |TAMS 0x0000000085d00000, 0x0000000085d00000| Untracked 
|  94|0x0000000085e00000, 0x0000000085e00000, 0x0000000085f00000|  0%| F|  |TAMS 0x0000000085e00000, 0x0000000085e00000| Untracked 
|  95|0x0000000085f00000, 0x0000000085f00000, 0x0000000086000000|  0%| F|  |TAMS 0x0000000085f00000, 0x0000000085f00000| Untracked 
|  96|0x0000000086000000, 0x0000000086000000, 0x0000000086100000|  0%| F|  |TAMS 0x0000000086000000, 0x0000000086000000| Untracked 
|  97|0x0000000086100000, 0x0000000086100000, 0x0000000086200000|  0%| F|  |TAMS 0x0000000086100000, 0x0000000086100000| Untracked 
|  98|0x0000000086200000, 0x0000000086200000, 0x0000000086300000|  0%| F|  |TAMS 0x0000000086200000, 0x0000000086200000| Untracked 
|  99|0x0000000086300000, 0x0000000086300000, 0x0000000086400000|  0%| F|  |TAMS 0x0000000086300000, 0x0000000086300000| Untracked 
| 100|0x0000000086400000, 0x0000000086400000, 0x0000000086500000|  0%| F|  |TAMS 0x0000000086400000, 0x0000000086400000| Untracked 
| 101|0x0000000086500000, 0x0000000086500000, 0x0000000086600000|  0%| F|  |TAMS 0x0000000086500000, 0x0000000086500000| Untracked 
| 102|0x0000000086600000, 0x0000000086600000, 0x0000000086700000|  0%| F|  |TAMS 0x0000000086600000, 0x0000000086600000| Untracked 
| 103|0x0000000086700000, 0x0000000086700000, 0x0000000086800000|  0%| F|  |TAMS 0x0000000086700000, 0x0000000086700000| Untracked 
| 104|0x0000000086800000, 0x0000000086800000, 0x0000000086900000|  0%| F|  |TAMS 0x0000000086800000, 0x0000000086800000| Untracked 
| 105|0x0000000086900000, 0x0000000086900000, 0x0000000086a00000|  0%| F|  |TAMS 0x0000000086900000, 0x0000000086900000| Untracked 
| 106|0x0000000086a00000, 0x0000000086a00000, 0x0000000086b00000|  0%| F|  |TAMS 0x0000000086a00000, 0x0000000086a00000| Untracked 
| 107|0x0000000086b00000, 0x0000000086b00000, 0x0000000086c00000|  0%| F|  |TAMS 0x0000000086b00000, 0x0000000086b00000| Untracked 
| 108|0x0000000086c00000, 0x0000000086c00000, 0x0000000086d00000|  0%| F|  |TAMS 0x0000000086c00000, 0x0000000086c00000| Untracked 
| 109|0x0000000086d00000, 0x0000000086d00000, 0x0000000086e00000|  0%| F|  |TAMS 0x0000000086d00000, 0x0000000086d00000| Untracked 
| 110|0x0000000086e00000, 0x0000000086f00000, 0x0000000086f00000|100%| S|CS|TAMS 0x0000000086e00000, 0x0000000086e00000| Complete 
| 111|0x0000000086f00000, 0x0000000087000000, 0x0000000087000000|100%| S|CS|TAMS 0x0000000086f00000, 0x0000000086f00000| Complete 
| 112|0x0000000087000000, 0x0000000087100000, 0x0000000087100000|100%| S|CS|TAMS 0x0000000087000000, 0x0000000087000000| Complete 
| 113|0x0000000087100000, 0x0000000087100000, 0x0000000087200000|  0%| F|  |TAMS 0x0000000087100000, 0x0000000087100000| Untracked 
| 114|0x0000000087200000, 0x0000000087200000, 0x0000000087300000|  0%| F|  |TAMS 0x0000000087200000, 0x0000000087200000| Untracked 
| 115|0x0000000087300000, 0x0000000087300000, 0x0000000087400000|  0%| F|  |TAMS 0x0000000087300000, 0x0000000087300000| Untracked 
| 116|0x0000000087400000, 0x0000000087400000, 0x0000000087500000|  0%| F|  |TAMS 0x0000000087400000, 0x0000000087400000| Untracked 
| 117|0x0000000087500000, 0x0000000087500000, 0x0000000087600000|  0%| F|  |TAMS 0x0000000087500000, 0x0000000087500000| Untracked 
| 118|0x0000000087600000, 0x0000000087600000, 0x0000000087700000|  0%| F|  |TAMS 0x0000000087600000, 0x0000000087600000| Untracked 
| 119|0x0000000087700000, 0x0000000087700000, 0x0000000087800000|  0%| F|  |TAMS 0x0000000087700000, 0x0000000087700000| Untracked 
| 120|0x0000000087800000, 0x0000000087800000, 0x0000000087900000|  0%| F|  |TAMS 0x0000000087800000, 0x0000000087800000| Untracked 
| 121|0x0000000087900000, 0x0000000087900000, 0x0000000087a00000|  0%| F|  |TAMS 0x0000000087900000, 0x0000000087900000| Untracked 
| 122|0x0000000087a00000, 0x0000000087a00000, 0x0000000087b00000|  0%| F|  |TAMS 0x0000000087a00000, 0x0000000087a00000| Untracked 
| 123|0x0000000087b00000, 0x0000000087b00000, 0x0000000087c00000|  0%| F|  |TAMS 0x0000000087b00000, 0x0000000087b00000| Untracked 
| 124|0x0000000087c00000, 0x0000000087c00000, 0x0000000087d00000|  0%| F|  |TAMS 0x0000000087c00000, 0x0000000087c00000| Untracked 
| 125|0x0000000087d00000, 0x0000000087d00000, 0x0000000087e00000|  0%| F|  |TAMS 0x0000000087d00000, 0x0000000087d00000| Untracked 
| 126|0x0000000087e00000, 0x0000000087e00000, 0x0000000087f00000|  0%| F|  |TAMS 0x0000000087e00000, 0x0000000087e00000| Untracked 
| 127|0x0000000087f00000, 0x0000000087f00000, 0x0000000088000000|  0%| F|  |TAMS 0x0000000087f00000, 0x0000000087f00000| Untracked 

Card table byte_map: [0x0000024149c00000,0x000002414a000000] _byte_map_base: 0x0000024149800000

Marking Bits (Prev, Next): (CMBitMap*) 0x0000024132d73228, (CMBitMap*) 0x0000024132d73260
 Prev Bits: [0x000002414a400000, 0x000002414c400000)
 Next Bits: [0x000002414c400000, 0x000002414e400000)

Polling page: 0x0000024131350000

Metaspace:

Usage:
  Non-class:     14.72 MB capacity,    14.64 MB (>99%) used,    62.91 KB ( <1%) free+waste,    16.88 KB ( <1%) overhead. 
      Class:      1.86 MB capacity,     1.78 MB ( 96%) used,    77.64 KB (  4%) free+waste,     7.00 KB ( <1%) overhead. 
       Both:     16.58 MB capacity,    16.42 MB (>99%) used,   140.55 KB ( <1%) free+waste,    23.88 KB ( <1%) overhead. 

Virtual space:
  Non-class space:       16.00 MB reserved,      14.75 MB ( 92%) committed 
      Class space:        1.00 GB reserved,       1.88 MB ( <1%) committed 
             Both:        1.02 GB reserved,      16.63 MB (  2%) committed 

Chunk freelists:
   Non-Class:  4.38 KB
       Class:  1.63 KB
        Both:  6.00 KB

CodeHeap 'non-profiled nmethods': size=120064Kb used=585Kb max_used=585Kb free=119478Kb
 bounds [0x0000024141eb0000, 0x0000024142120000, 0x00000241493f0000]
CodeHeap 'profiled nmethods': size=120000Kb used=3219Kb max_used=3219Kb free=116780Kb
 bounds [0x000002413a980000, 0x000002413acb0000, 0x0000024141eb0000]
CodeHeap 'non-nmethods': size=5696Kb used=1100Kb max_used=1119Kb free=4595Kb
 bounds [0x000002413a3f0000, 0x000002413a660000, 0x000002413a980000]
 total_blobs=1988 nmethods=1589 adapters=311
 compilation: enabled
              stopped_count=0, restarted_count=0
 full_count=0

Compilation events (10 events):
Event: 2.800 Thread 0x000002415080e000 nmethod 1535 0x0000024141f3ed10 code [0x0000024141f3eea0, 0x0000024141f3ef58]
Event: 2.801 Thread 0x000002415080e000 1536       3       java.util.concurrent.locks.ReentrantLock$Sync::tryRelease (45 bytes)
Event: 2.801 Thread 0x000002415080e000 nmethod 1536 0x000002413ac85e10 code [0x000002413ac85fc0, 0x000002413ac862a8]
Event: 2.802 Thread 0x000002415080e000 1537       1       com.google.common.cache.LocalCache$StrongEntry::getNext (5 bytes)
Event: 2.802 Thread 0x000002415080e000 nmethod 1537 0x0000024141f3f010 code [0x0000024141f3f1a0, 0x0000024141f3f258]
Event: 2.802 Thread 0x000002415080e000 1538       1       java.util.concurrent.atomic.AtomicInteger::set (6 bytes)
Event: 2.802 Thread 0x000002415080e000 nmethod 1538 0x0000024141f3f310 code [0x0000024141f3f4a0, 0x0000024141f3f558]
Event: 2.802 Thread 0x000002415080e000 1539       1       com.google.common.cache.LocalCache$1::get (2 bytes)
Event: 2.802 Thread 0x000002415080e000 nmethod 1539 0x0000024141f3f610 code [0x0000024141f3f7a0, 0x0000024141f3f858]
Event: 2.803 Thread 0x000002415080e000 1540       3       com.google.common.cache.LocalCache$Segment::postReadCleanup (18 bytes)

GC Heap History (8 events):
Event: 0.694 GC heap before
{Heap before GC invocations=0 (full 0):
 garbage-first heap   total 131072K, used 6144K [0x0000000080000000, 0x0000000100000000)
  region size 1024K, 7 young (7168K), 0 survivors (0K)
 Metaspace       used 7776K, capacity 7933K, committed 8064K, reserved 1056768K
  class space    used 680K, capacity 772K, committed 896K, reserved 1048576K
}
Event: 0.699 GC heap after
{Heap after GC invocations=1 (full 0):
 garbage-first heap   total 131072K, used 2092K [0x0000000080000000, 0x0000000100000000)
  region size 1024K, 1 young (1024K), 1 survivors (1024K)
 Metaspace       used 7776K, capacity 7933K, committed 8064K, reserved 1056768K
  class space    used 680K, capacity 772K, committed 896K, reserved 1048576K
}
Event: 0.978 GC heap before
{Heap before GC invocations=1 (full 0):
 garbage-first heap   total 131072K, used 7212K [0x0000000080000000, 0x0000000100000000)
  region size 1024K, 6 young (6144K), 1 survivors (1024K)
 Metaspace       used 10174K, capacity 10376K, committed 10624K, reserved 1058816K
  class space    used 956K, capacity 1056K, committed 1152K, reserved 1048576K
}
Event: 0.982 GC heap after
{Heap after GC invocations=2 (full 0):
 garbage-first heap   total 131072K, used 3016K [0x0000000080000000, 0x0000000100000000)
  region size 1024K, 1 young (1024K), 1 survivors (1024K)
 Metaspace       used 10174K, capacity 10376K, committed 10624K, reserved 1058816K
  class space    used 956K, capacity 1056K, committed 1152K, reserved 1048576K
}
Event: 1.471 GC heap before
{Heap before GC invocations=2 (full 0):
 garbage-first heap   total 131072K, used 16328K [0x0000000080000000, 0x0000000100000000)
  region size 1024K, 14 young (14336K), 1 survivors (1024K)
 Metaspace       used 12385K, capacity 12532K, committed 12672K, reserved 1060864K
  class space    used 1254K, capacity 1348K, committed 1408K, reserved 1048576K
}
Event: 1.475 GC heap after
{Heap after GC invocations=3 (full 0):
 garbage-first heap   total 131072K, used 3565K [0x0000000080000000, 0x0000000100000000)
  region size 1024K, 2 young (2048K), 2 survivors (2048K)
 Metaspace       used 12385K, capacity 12532K, committed 12672K, reserved 1060864K
  class space    used 1254K, capacity 1348K, committed 1408K, reserved 1048576K
}
Event: 2.118 GC heap before
{Heap before GC invocations=3 (full 0):
 garbage-first heap   total 131072K, used 21997K [0x0000000080000000, 0x0000000100000000)
  region size 1024K, 20 young (20480K), 2 survivors (2048K)
 Metaspace       used 14403K, capacity 14583K, committed 14720K, reserved 1062912K
  class space    used 1505K, capacity 1581K, committed 1664K, reserved 1048576K
}
Event: 2.123 GC heap after
{Heap after GC invocations=4 (full 0):
 garbage-first heap   total 131072K, used 4225K [0x0000000080000000, 0x0000000100000000)
  region size 1024K, 3 young (3072K), 3 survivors (3072K)
 Metaspace       used 14403K, capacity 14583K, committed 14720K, reserved 1062912K
  class space    used 1505K, capacity 1581K, committed 1664K, reserved 1048576K
}

Deoptimization events (10 events):
Event: 0.798 Thread 0x0000024132d36000 Uncommon trap: reason=unstable_if action=reinterpret pc=0x0000024141eb9fb4 method=java.lang.StringLatin1.canEncode(I)Z @ 4 c2
Event: 1.272 Thread 0x0000024132d36000 Uncommon trap: reason=unstable_if action=reinterpret pc=0x0000024141eeb15c method=java.util.HashMap.putVal(ILjava/lang/Object;Ljava/lang/Object;ZZ)Ljava/lang/Object; @ 181 c2
Event: 1.354 Thread 0x0000024132d36000 Uncommon trap: reason=unstable_if action=reinterpret pc=0x0000024141ef3d10 method=java.nio.charset.CoderResult.isOverflow()Z @ 5 c2
Event: 1.355 Thread 0x0000024132d36000 Uncommon trap: reason=unstable_if action=reinterpret pc=0x0000024141ef6ea8 method=java.io.Reader.read()I @ 12 c2
Event: 1.484 Thread 0x0000024132d36000 Uncommon trap: reason=unstable_if action=reinterpret pc=0x0000024141ef75fc method=java.io.Reader.read()I @ 12 c2
Event: 1.576 Thread 0x0000024132d36000 Uncommon trap: reason=bimorphic_or_optimized_type_check action=maybe_recompile pc=0x0000024141ef982c method=java.util.HashMap.getNode(ILjava/lang/Object;)Ljava/util/HashMap$Node; @ 126 c2
Event: 1.577 Thread 0x0000024132d36000 Uncommon trap: reason=bimorphic_or_optimized_type_check action=maybe_recompile pc=0x0000024141ef982c method=java.util.HashMap.getNode(ILjava/lang/Object;)Ljava/util/HashMap$Node; @ 126 c2
Event: 1.600 Thread 0x0000024132d36000 Uncommon trap: reason=unstable_if action=reinterpret pc=0x0000024141ef975c method=java.util.HashMap.getNode(ILjava/lang/Object;)Ljava/util/HashMap$Node; @ 129 c2
Event: 1.600 Thread 0x0000024132d36000 Uncommon trap: reason=unstable_if action=reinterpret pc=0x0000024141eebce8 method=java.util.HashMap.getNode(ILjava/lang/Object;)Ljava/util/HashMap$Node; @ 129 c2
Event: 1.806 Thread 0x0000024132d36000 Uncommon trap: reason=unstable_if action=reinterpret pc=0x0000024141f0dcb0 method=java.lang.String.<init>([CIILjava/lang/Void;)V @ 5 c2

Classes redefined (0 events):
No events

Internal exceptions (10 events):
Event: 0.453 Thread 0x0000024132d36000 Exception <a 'java/lang/NullPointerException'{0x0000000087cb85a8}> (0x0000000087cb85a8) thrown at [./open/src/hotspot/share/interpreter/linkResolver.cpp, line 1354]
Event: 0.484 Thread 0x0000024132d36000 Exception <a 'java/lang/NullPointerException'{0x0000000087b07950}> (0x0000000087b07950) thrown at [./open/src/hotspot/share/interpreter/linkResolver.cpp, line 1354]
Event: 0.484 Thread 0x0000024132d36000 Exception <a 'java/lang/NullPointerException'{0x0000000087b07c20}> (0x0000000087b07c20) thrown at [./open/src/hotspot/share/interpreter/linkResolver.cpp, line 1354]
Event: 0.484 Thread 0x0000024132d36000 Exception <a 'java/lang/NullPointerException'{0x0000000087b07ef0}> (0x0000000087b07ef0) thrown at [./open/src/hotspot/share/interpreter/linkResolver.cpp, line 1354]
Event: 0.487 Thread 0x0000024132d36000 Exception <a 'java/lang/NullPointerException'{0x0000000087b0f330}> (0x0000000087b0f330) thrown at [./open/src/hotspot/share/interpreter/linkResolver.cpp, line 1354]
Event: 0.494 Thread 0x0000024132d36000 Exception <a 'java/lang/NullPointerException'{0x0000000087b269d8}> (0x0000000087b269d8) thrown at [./open/src/hotspot/share/interpreter/linkResolver.cpp, line 1354]
Event: 0.494 Thread 0x0000024132d36000 Exception <a 'java/lang/NullPointerException'{0x0000000087b26ca8}> (0x0000000087b26ca8) thrown at [./open/src/hotspot/share/interpreter/linkResolver.cpp, line 1354]
Event: 0.494 Thread 0x0000024132d36000 Exception <a 'java/lang/NullPointerException'{0x0000000087b26f78}> (0x0000000087b26f78) thrown at [./open/src/hotspot/share/interpreter/linkResolver.cpp, line 1354]
Event: 0.494 Thread 0x0000024132d36000 Exception <a 'java/lang/NullPointerException'{0x0000000087b27248}> (0x0000000087b27248) thrown at [./open/src/hotspot/share/interpreter/linkResolver.cpp, line 1354]
Event: 1.268 Thread 0x0000024132d36000 Exception <a 'java/lang/NoClassDefFoundError'{0x0000000087869208}: javax/enterprise/inject/Typed> (0x0000000087869208) thrown at [./open/src/hotspot/share/classfile/systemDictionary.cpp, line 215]

Events (10 events):
Event: 2.788 loading class com/google/inject/internal/InternalFactoryToProviderAdapter
Event: 2.788 loading class com/google/inject/internal/InternalFactoryToProviderAdapter done
Event: 2.793 loading class com/google/inject/internal/FactoryProxy
Event: 2.793 loading class com/google/inject/internal/FactoryProxy done
Event: 2.793 loading class com/google/inject/internal/InternalProviderInstanceBindingImpl$Factory
Event: 2.793 loading class com/google/inject/internal/InternalProviderInstanceBindingImpl$Factory done
Event: 2.794 loading class com/google/inject/internal/InternalFactoryToInitializableAdapter
Event: 2.794 loading class com/google/inject/internal/InternalFactoryToInitializableAdapter done
Event: 2.794 loading class com/google/inject/internal/ProviderInternalFactory
Event: 2.794 loading class com/google/inject/internal/ProviderInternalFactory done


Dynamic libraries:
0x00007ff661020000 - 0x00007ff66102f000 	C:\Program Files\Java\jdk-11.0.16\bin\java.exe
0x00007ffa56e90000 - 0x00007ffa57088000 	C:\Windows\SYSTEM32\ntdll.dll
0x00007ffa55000000 - 0x00007ffa550bd000 	C:\Windows\System32\KERNEL32.DLL
0x00007ffa548d0000 - 0x00007ffa54ba2000 	C:\Windows\System32\KERNELBASE.dll
0x00007ffa54bb0000 - 0x00007ffa54cb0000 	C:\Windows\System32\ucrtbase.dll
0x00007ffa44a40000 - 0x00007ffa44a58000 	C:\Program Files\Java\jdk-11.0.16\bin\jli.dll
0x00007ffa55fd0000 - 0x00007ffa5607e000 	C:\Windows\System32\ADVAPI32.dll
0x00007ffa567f0000 - 0x00007ffa5688e000 	C:\Windows\System32\msvcrt.dll
0x00007ffa562d0000 - 0x00007ffa5636c000 	C:\Windows\System32\sechost.dll
0x00007ffa56120000 - 0x00007ffa56245000 	C:\Windows\System32\RPCRT4.dll
0x00007ffa55dc0000 - 0x00007ffa55f5d000 	C:\Windows\System32\USER32.dll
0x00007ffa54e50000 - 0x00007ffa54e72000 	C:\Windows\System32\win32u.dll
0x00007ffa567c0000 - 0x00007ffa567eb000 	C:\Windows\System32\GDI32.dll
0x00007ffa54d40000 - 0x00007ffa54e4f000 	C:\Windows\System32\gdi32full.dll
0x00007ffa54830000 - 0x00007ffa548cd000 	C:\Windows\System32\msvcp_win.dll
0x00007ffa36410000 - 0x00007ffa366aa000 	C:\Windows\WinSxS\amd64_microsoft.windows.common-controls_6595b64144ccf1df_6.0.19041.1110_none_60b5254171f9507e\COMCTL32.dll
0x00007ffa4c960000 - 0x00007ffa4c96a000 	C:\Windows\SYSTEM32\VERSION.dll
0x00007ffa42e10000 - 0x00007ffa42e25000 	C:\Program Files\Java\jdk-11.0.16\bin\VCRUNTIME140.dll
0x00007ffa566d0000 - 0x00007ffa56700000 	C:\Windows\System32\IMM32.DLL
0x00007ffa28870000 - 0x00007ffa2890b000 	C:\Program Files\Java\jdk-11.0.16\bin\msvcp140.dll
0x00007ff9e9fa0000 - 0x00007ff9eaab8000 	C:\Program Files\Java\jdk-11.0.16\bin\server\jvm.dll
0x00007ffa56110000 - 0x00007ffa56118000 	C:\Windows\System32\PSAPI.DLL
0x00007ffa423f0000 - 0x00007ffa423f9000 	C:\Windows\SYSTEM32\WSOCK32.dll
0x00007ffa55f60000 - 0x00007ffa55fcb000 	C:\Windows\System32\WS2_32.dll
0x00007ffa34180000 - 0x00007ffa341a7000 	C:\Windows\SYSTEM32\WINMM.dll
0x00007ffa52440000 - 0x00007ffa52452000 	C:\Windows\SYSTEM32\kernel.appcore.dll
0x00007ffa41cb0000 - 0x00007ffa41cc0000 	C:\Program Files\Java\jdk-11.0.16\bin\verify.dll
0x00007ffa44d10000 - 0x00007ffa44ef4000 	C:\Windows\SYSTEM32\DBGHELP.DLL
0x00007ffa45220000 - 0x00007ffa4524c000 	C:\Windows\SYSTEM32\dbgcore.DLL
0x00007ffa54cb0000 - 0x00007ffa54d32000 	C:\Windows\System32\bcryptPrimitives.dll
0x00007ffa39b90000 - 0x00007ffa39bb8000 	C:\Program Files\Java\jdk-11.0.16\bin\java.dll
0x00007ffa41ca0000 - 0x00007ffa41caa000 	C:\Program Files\Java\jdk-11.0.16\bin\jimage.dll
0x00007ffa39b70000 - 0x00007ffa39b86000 	C:\Program Files\Java\jdk-11.0.16\bin\zip.dll
0x00007ffa550c0000 - 0x00007ffa55803000 	C:\Windows\System32\SHELL32.dll
0x00007ffa52640000 - 0x00007ffa52dd1000 	C:\Windows\SYSTEM32\windows.storage.dll
0x00007ffa55890000 - 0x00007ffa55be4000 	C:\Windows\System32\combase.dll
0x00007ffa53e40000 - 0x00007ffa53e70000 	C:\Windows\SYSTEM32\Wldp.dll
0x00007ffa54f50000 - 0x00007ffa54ffd000 	C:\Windows\System32\SHCORE.dll
0x00007ffa56270000 - 0x00007ffa562c5000 	C:\Windows\System32\shlwapi.dll
0x00007ffa544e0000 - 0x00007ffa544ff000 	C:\Windows\SYSTEM32\profapi.dll
0x00007ffa39a90000 - 0x00007ffa39aa9000 	C:\Program Files\Java\jdk-11.0.16\bin\net.dll
0x00007ffa4bfd0000 - 0x00007ffa4c0dd000 	C:\Windows\SYSTEM32\WINHTTP.dll
0x00007ffa53c20000 - 0x00007ffa53c8a000 	C:\Windows\system32\mswsock.dll
0x00007ffa39930000 - 0x00007ffa39942000 	C:\Program Files\Java\jdk-11.0.16\bin\nio.dll
0x0000000069ac0000 - 0x0000000069ae4000 	C:\Users\sfjbs\Downloads\micro service-20221021T071039Z-001\micro service\apache-maven-3.8.5-bin\apache-maven-3.8.5\lib\jansi-native\Windows\x86_64\jansi.dll

dbghelp: loaded successfully - version: 4.0.5 - missing functions: none
symbol engine: initialized successfully - sym options: 0x614 - pdb path: (cannot be retrieved)

VM Arguments:
jvm_args: -Dclassworlds.conf=C:\Users\sfjbs\Downloads\micro service-20221021T071039Z-001\micro service\apache-maven-3.8.5-bin\apache-maven-3.8.5\bin\m2.conf -Dmaven.home=C:\Users\sfjbs\Downloads\micro service-20221021T071039Z-001\micro service\apache-maven-3.8.5-bin\apache-maven-3.8.5 -Dlibrary.jansi.path=C:\Users\sfjbs\Downloads\micro service-20221021T071039Z-001\micro service\apache-maven-3.8.5-bin\apache-maven-3.8.5\lib\jansi-native -Dmaven.multiModuleProjectDirectory=C:\Users\sfjbs\IdeaProjects\oct31training\k4j\Day8\eureka-app\eureka-server 
java_command: org.codehaus.plexus.classworlds.launcher.Launcher spring-boot:run
java_class_path (initial): C:\Users\sfjbs\Downloads\micro service-20221021T071039Z-001\micro service\apache-maven-3.8.5-bin\apache-maven-3.8.5\boot\plexus-classworlds-2.6.0.jar
Launcher Type: SUN_STANDARD

[Global flags]
     intx CICompilerCount                          = 2                                         {product} {ergonomic}
     uint ConcGCThreads                            = 1                                         {product} {ergonomic}
     uint G1ConcRefinementThreads                  = 2                                         {product} {ergonomic}
   size_t G1HeapRegionSize                         = 1048576                                   {product} {ergonomic}
    uintx GCDrainStackTargetSize                   = 64                                        {product} {ergonomic}
   size_t InitialHeapSize                          = 134217728                                 {product} {ergonomic}
   size_t MarkStackSize                            = 4194304                                   {product} {ergonomic}
   size_t MaxHeapSize                              = 2147483648                                {product} {ergonomic}
   size_t MaxNewSize                               = 1287651328                                {product} {ergonomic}
   size_t MinHeapDeltaBytes                        = 1048576                                   {product} {ergonomic}
    uintx NonNMethodCodeHeapSize                   = 5825164                                {pd product} {ergonomic}
    uintx NonProfiledCodeHeapSize                  = 122916538                              {pd product} {ergonomic}
    uintx ProfiledCodeHeapSize                     = 122916538                              {pd product} {ergonomic}
    uintx ReservedCodeCacheSize                    = 251658240                              {pd product} {ergonomic}
     bool SegmentedCodeCache                       = true                                      {product} {ergonomic}
     bool UseCompressedClassPointers               = true                                 {lp64_product} {ergonomic}
     bool UseCompressedOops                        = true                                 {lp64_product} {ergonomic}
     bool UseG1GC                                  = true                                      {product} {ergonomic}
     bool UseLargePagesIndividualAllocation        = false                                  {pd product} {ergonomic}

Logging:
Log output configuration:
 #0: stdout all=warning uptime,level,tags
 #1: stderr all=off uptime,level,tags

Environment Variables:
PATH=C:\Program Files\Common Files\Oracle\Java\javapath;C:\Windows\system32;C:\Windows;C:\Windows\System32\Wbem;C:\Windows\System32\WindowsPowerShell\v1.0\;C:\Windows\System32\OpenSSH\;C:\Users\sfjbs\Downloads\micro service-20221021T071039Z-001\micro service\apache-maven-3.8.5-bin\apache-maven-3.8.5\bin;C:\Users\sfjbs\Downloads\micro service-20221021T071039Z-001\micro service\apache-maven-3.8.5-bin\apache-maven-3.8.5\lib;C:\Program Files\Git\cmd;C:\Program Files\Docker\Docker\resources\bin;C:\Users\sfjbs\AppData\Local\Microsoft\WindowsApps;C:\Users\sfjbs\Downloads\micro service-20221021T071039Z-001\micro service\apache-maven-3.8.5-bin\apache-maven-3.8.5\bin;C:\Users\sfjbs\Downloads\micro service-20221021T071039Z-001\micro service\apache-maven-3.8.5-bin\apache-maven-3.8.5\lib;;C:\Program Files\JetBrains\IntelliJ IDEA Community Edition 2022.2.1\bin;
USERNAME=sfjbs
OS=Windows_NT
PROCESSOR_IDENTIFIER=Intel64 Family 6 Model 106 Stepping 6, GenuineIntel



---------------  S Y S T E M  ---------------

OS: Windows 10 , 64 bit Build 19041 (10.0.19041.1889)
Hyper-V role detected

CPU:total 2 (initial active 2) (1 cores per cpu, 2 threads per core) family 6 model 106 stepping 6 microcode 0xffffffff, cmov, cx8, fxsr, mmx, sse, sse2, sse3, ssse3, sse4.1, sse4.2, popcnt, avx, avx2, aes, clmul, erms, rtm, 3dnowpref, lzcnt, ht, tsc, bmi1, bmi2, adx, evex, fma

Memory: 4k page, system-wide physical 8190M (400M free)
TotalPageFile size 10238M (AvailPageFile size 0M)
current process WorkingSet (physical memory assigned to process): 84M, peak: 84M
current process commit charge ("private bytes"): 217M, peak: 243M

vm_info: Java HotSpot(TM) 64-Bit Server VM (11.0.16+11-LTS-199) for windows-amd64 JRE (11.0.16+11-LTS-199), built on Jun 28 2022 08:23:17 by "mach5one" with MS VC++ 15.9 (VS2017)

END.
